---------------------------------------------
Log C:\Program Files (x86)\Steam\steamapps\common\DayZServerAug2\config\crash_2023-08-11_19-19-29.log started at 11.08. 19:19:45



------------------------------------
ACBDESKTOP, 11.08 2023 19:19:45

JSON ERROR:
Reading variable: data
Expecting instance
Reading variable: Point
Expecting array
At index 2, Expecting instance
Reading variable: Spatial_MinCount
Expecting int
Cannot convert to int

Function: 'Error'
Stack trace:
scripts/1_Core/proto\endebug.c:92
scripts/3_Game/tools\jsonfileloader.c:29
dolphin/DayZ-Expansion-AI-Dynamic/Scripts/3_Game/settings\spatialsettings.c:51
dolphin/DayZ-Expansion-AI-Dynamic/Scripts/3_Game/settings\spatialsettings.c:414
dolphin/DayZ-Expansion-AI-Dynamic/Scripts/5_Mission/modules\spatialai.c:24
dolphin/DayZ-Expansion-AI-Dynamic/Scripts/5_Mission/modules\expansionrespawnhandlermodule.c:12

Runtime mode
CLI params: config serverDZ.cfg mod @CF;@CommunityOnlineTools;@DabsFramework;@DayZ-Expansion-Animations;@DayZ-Expansion-Bundle;@DayZ-Expansion-Licensed;@PvZmoD_CustomisableZombies serverMod _@DayZ-Dynamic-AI-Addon port 2302 profiles config cpuCount 4 adminlog  netlog  freezecheck  


------------------------------------
ACBDESKTOP, 11.08 2023 19:19:46

JSON ERROR:
Reading variable: data
Expecting instance
Reading variable: Point
Expecting array
At index 2, Expecting instance
Reading variable: Spatial_MinCount
Expecting int
Cannot convert to int

Function: 'Error'
Stack trace:
scripts/1_Core/proto\endebug.c:92
scripts/3_Game/tools\jsonfileloader.c:29
dolphin/DayZ-Expansion-AI-Dynamic/Scripts/3_Game/settings\spatialsettings.c:51
dolphin/DayZ-Expansion-AI-Dynamic/Scripts/3_Game/settings\spatialsettings.c:20
dolphin/DayZ-Expansion-AI-Dynamic/Scripts/5_Mission/mission\missionserver.c:15
$CurrentDir:mpmissions\Expansion.chernarusplus\init.c:99

Runtime mode
CLI params: config serverDZ.cfg mod @CF;@CommunityOnlineTools;@DabsFramework;@DayZ-Expansion-Animations;@DayZ-Expansion-Bundle;@DayZ-Expansion-Licensed;@PvZmoD_CustomisableZombies serverMod _@DayZ-Dynamic-AI-Addon port 2302 profiles config cpuCount 4 adminlog  netlog  freezecheck  
