---------------------------------------------
Log C:\Program Files (x86)\Steam\steamapps\common\DayZServerAug2\config\crash_2023-08-16_19-17-35.log started at 16.08. 19:21:10



------------------------------------
ACBDESKTOP, 16.08 2023 19:21:10

ExpansionQuest<bc3bcd50>::CreateObjectivesFromConfig - Could not create quest objective for quest with ID:9[Type:2 | ID: 31 | Index: 0]
Class:      'ExpansionQuest'
Function: 'Error'
Stack trace:
scripts/1_Core/proto\endebug.c:92
DayZExpansion/Quests/Scripts/4_World/dayzexpansion_quests\systems\quests\expansionquest.c:75
DayZExpansion/Quests/Scripts/4_World/dayzexpansion_quests\systems\quests\expansionquest.c:45
DayZExpansion/Quests/Scripts/4_World/dayzexpansion_quests\systems\quests\expansionquestmodule.c:758
DayZExpansion/Quests/Scripts/4_World/dayzexpansion_quests\systems\quests\expansionquestmodule.c:559
DayZExpansion/Quests/Scripts/4_World/dayzexpansion_quests\systems\quests\expansionquestmodule.c:504
scripts/3_Game/dayzgame.c:2806
JM/CF/Scripts/3_Game/communityframework\game\dayzgame.c:23
DayZExpansion/Core/Scripts/3_Game/dayzexpansion_core\dayzgame.c:242

Runtime mode
CLI params: config serverDZ.cfg mod @CF;@CommunityOnlineTools;@DabsFramework;@DayZ-Editor-Loader;@DayZ-Expansion-Animations;@DayZ-Expansion-Bundle;@DayZ-Expansion-Licensed;@MMG-MightysMilitaryGear;@PvZmoD_CustomisableZombies serverMod _@DayZ-Dynamic-AI-Addon port 2302 profiles config cpuCount 4 adminlog  netlog  freezecheck  


------------------------------------
ACBDESKTOP, 16.08 2023 19:22:02
NULL pointer to instance
Class:      'JMTeleportModule'
Function: 'Server_Location'
Stack trace:
JM/COT/Scripts/5_Mission/communityonlinetools\modules\teleport\jmteleportmodule.c:477
JM/COT/Scripts/5_Mission/communityonlinetools\modules\teleport\jmteleportmodule.c:497
JM/COT/Scripts/5_Mission/communityonlinetools\modules\teleport\jmteleportmodule.c:218
JM/CF/Scripts/4_World/communityframework\module\deprecated\jmmodulebase.c:84
JM/CF/Scripts/3_Game/communityframework\module\cf_modulegameevent.c:18
JM/CF/Scripts/3_Game/communityframework\module\cf_modulegamemanager.c:33
JM/CF/Scripts/3_Game/communityframework\game\dayzgame.c:87
DayZEditorLoader/scripts/3_Game/dayzeditorloader\dayzgame.c:10
DayZExpansion/Core/Scripts/3_Game/dayzexpansion_core\dayzgame.c:270

Runtime mode
CLI params: config serverDZ.cfg mod @CF;@CommunityOnlineTools;@DabsFramework;@DayZ-Editor-Loader;@DayZ-Expansion-Animations;@DayZ-Expansion-Bundle;@DayZ-Expansion-Licensed;@MMG-MightysMilitaryGear;@PvZmoD_CustomisableZombies serverMod _@DayZ-Dynamic-AI-Addon port 2302 profiles config cpuCount 4 adminlog  netlog  freezecheck  
