

=====================================================================
== C:\Program Files (x86)\Steam\steamapps\common\DayZServerAug2\DayZServer_x64.exe
== "DayZServer_x64.exe" -config=serverDZ.cfg -mod=@CF;@CommunityOnlineTools;@DabsFramework;@DayZ-Editor-Loader;@DayZ-Expansion-Animations;@DayZ-Expansion-Bundle;@DayZ-Expansion-Licensed;@MMG - Mightys Military Gear;@PvZmoD_CustomisableZombies "-serverMod=_@DayZ-Dynamic-AI-Addon" -port=2302 -profiles=config -cpuCount=4 -adminlog -netlog -freezecheck 
=====================================================================
Exe timestamp: 2023/07/27 17:06:07
Current time:  2023/08/13 13:19:22

Version 1.21.156300
13:19:22.913 [Inputs] Loading inputs default "bin/constants.xml"
13:19:22.916 [Inputs] Loading inputs default "bin/specific.xml"
13:19:22.916 [Inputs] Loading inputs default "JM/COT/Scripts/Data/Inputs.xml"
13:19:22.917 !!! [Inputs] Cannot Register "UAObjectModuleDeleteOnCursor" non-existent input - Fix Preset!
13:19:22.917 [Inputs] Loading inputs default "DayZExpansion/Groups/Scripts/Data/Inputs.xml"
13:19:22.917 [Inputs] Loading inputs default "DayZExpansion/Navigation/Scripts/Data/Inputs.xml"
13:19:22.917 !!! [Inputs] Attempt to register duplicate exclusion group "chatexpansion"
13:19:22.917 [Inputs] Loading inputs default "DayZExpansion/PlayerList/Scripts/Data/Inputs.xml"
13:19:22.917 !!! [Inputs] Attempt to register duplicate exclusion group "chatexpansion"
13:19:22.917 [Inputs] Loading inputs default "DayZExpansion/Scripts/Data/Inputs.xml"
13:19:22.917 !!! [Inputs] Attempt to register duplicate exclusion group "chatexpansion"
13:19:22.918 [Inputs] Loading inputs default "DayZExpansion/Vehicles/Scripts/Data/Inputs.xml"
13:19:22.918 [Inputs] Loading inputs default "DayZExpansion/AI/Scripts/inputs.xml"
13:19:22.918 [Inputs] Loading inputs default "DayZExpansion/BaseBuilding/Scripts/Data/Inputs.xml"
13:19:22.918 !!! [Inputs] Attempt to register duplicate exclusion group "chatexpansion"
13:19:22.919 [Inputs] Loading inputs default "DayZExpansion/Book/Scripts/Data/Inputs.xml"
13:19:22.919 !!! [Inputs] Attempt to register duplicate exclusion group "chatexpansion"
13:19:22.919 [Inputs] Loading inputs default "DayZExpansion/Chat/Scripts/Data/Inputs.xml"
13:19:22.919 !!! [Inputs] Attempt to register duplicate exclusion group "chatexpansion"
13:19:22.919 [Inputs] Loading inputs default "DayZExpansion/Quests/Scripts/Data/Inputs.xml"
13:19:22.919 [Inputs] Loading inputs cfg "config\Users\Survivor\Server.core.xml"
13:19:22.919 !!! [Inputs] Cannot read inputs cfg "config\Users\Survivor\Server.core.xml", parser error
13:19:22.919 [Inputs] Loading inputs cfg "bin/core.xml"
13:19:22.919 !!! [Inputs] Cannot load input preset "#STR_USER", file does not exist
13:19:22.921 [Inputs] Exporting inputs cfg "config\Users\Survivor\Server.core.xml"
13:19:43.399 [CE][Hive] :: Initializing OFFLINE
13:19:43.399 [StorageDirs] :: Selected storage directory: C:\Program Files (x86)\Steam\steamapps\common\DayZServerAug2\mpmissions\Expansion.chernarusplus\storage_1\
13:19:43.399 [CE][Hive] :: Loading core data ... 
13:19:43.400 [CE][CoreData] :: 7 root classes, 18 defaults, 0 updaters...
13:19:46.389 [CE] :: WARNING :: Preset map "optics" is EMPTY.
13:19:46.391 [CE][TypeSetup] :: 505 classes setuped...
13:19:46.399 [CE] :: WARNING :: Preset map "optics" is EMPTY.
13:19:46.399 [CE][TypeSetup] :: 97 classes setuped...
13:19:46.406 [CE] :: WARNING :: Preset map "optics" is EMPTY.
13:19:46.406 [CE][TypeSetup] :: 0 classes setuped...
13:19:47.353 [CE][RegisterBind] :: 0 classes binded...
13:19:47.353 [CE][RegisterConfig] :: 11251 config classes registered, 0 sub-counters...
13:19:47.353 [CE][Hive] :: Loading map data ... 
13:19:47.365 [CE][IgnoreList] "cfgignorelist.xml" :: loaded 19 types
13:19:47.421 !!! [CE] :: Unknown category: 'vehicleparts'.
13:19:47.421 !!! [CE] :: Unknown category: 'vehicleparts'.
13:19:47.421 !!! [CE] :: Unknown category: 'vehicleparts'.
13:19:47.421 !!! [CE] :: Unknown category: 'vehicleparts'.
13:19:47.421 !!! [CE] :: Unknown category: 'vehicleparts'.
13:19:47.421 !!! [CE] :: Unknown category: 'vehicleparts'.
13:19:47.421 !!! [CE] :: Unknown category: 'vehicleparts'.
13:19:47.421 !!! [CE] :: Unknown category: 'vehicleparts'.
13:19:47.421 !!! [CE] :: Unknown category: 'vehicleparts'.
13:19:47.421 !!! [CE] :: Unknown category: 'vehicleparts'.
13:19:47.421 !!! [CE] :: Unknown category: 'vehicleparts'.
13:19:47.421 !!! [CE] :: Unknown category: 'vehicleparts'.
13:19:47.421 !!! [CE] :: Unknown category: 'vehicleparts'.
13:19:47.421 !!! [CE] :: Unknown category: 'vehicleparts'.
13:19:47.421 !!! [CE] :: Unknown category: 'vehicleparts'.
13:19:47.421 !!! [CE] :: Unknown category: 'vehicleparts'.
13:19:47.421 !!! [CE] :: Unknown category: 'vehicleparts'.
13:19:47.421 !!! [CE] :: Unknown category: 'vehicleparts'.
13:19:47.421 !!! [CE] :: Unknown category: 'vehicleparts'.
13:19:47.421 !!! [CE] :: Unknown category: 'vehicleparts'.
13:19:47.421 !!! [CE] :: Unknown category: 'vehicleparts'.
13:19:47.421 !!! [CE] :: Unknown category: 'vehicleparts'.
13:19:47.421 !!! [CE] :: Unknown category: 'vehicleparts'.
13:19:47.421 !!! [CE] :: Unknown category: 'vehicleparts'.
13:19:47.422 !!! [CE] :: Unknown category: 'vehicleparts'.
13:19:47.422 !!! [CE] :: Unknown category: 'vehicleparts'.
13:19:47.422 !!! [CE] :: Unknown category: 'vehicleparts'.
13:19:47.422 !!! [CE] :: Unknown category: 'vehicleparts'.
13:19:47.422 !!! [CE] :: Unknown category: 'vehicleparts'.
13:19:47.422 !!! [CE] :: Unknown category: 'vehicleparts'.
13:19:47.422 !!! [CE] :: Unknown category: 'vehicleparts'.
13:19:47.422 !!! [CE] :: Unknown category: 'vehicleparts'.
13:19:47.422 !!! [CE] :: Unknown category: 'vehicleparts'.
13:19:47.422 !!! [CE] :: Unknown category: 'vehicleparts'.
13:19:47.422 !!! [CE] :: Unknown category: 'vehicleparts'.
13:19:47.422 !!! [CE] :: Unknown category: 'vehicleparts'.
13:19:47.422 !!! [CE] :: Unknown category: 'vehicleparts'.
13:19:47.422 !!! [CE] :: Unknown category: 'vehicleparts'.
13:19:47.422 !!! [CE] :: Unknown category: 'vehicleparts'.
13:19:47.422 !!! [CE] :: Unknown category: 'vehicleparts'.
13:19:47.422 !!! [CE] :: Unknown category: 'vehicleparts'.
13:19:47.422 !!! [CE] :: Unknown category: 'vehicleparts'.
13:19:47.422 !!! [CE] :: Unknown category: 'vehicleparts'.
13:19:47.422 !!! [CE] :: Unknown category: 'vehicleparts'.
13:19:47.422 !!! [CE] :: Unknown category: 'vehicleparts'.
13:19:47.422 !!! [CE] :: Unknown category: 'vehicleparts'.
13:19:47.422 !!! [CE] :: Unknown category: 'vehicleparts'.
13:19:47.422 !!! [CE] :: Unknown category: 'vehicleparts'.
13:19:47.422 !!! [CE] :: Unknown category: 'vehicleparts'.
13:19:47.422 !!! [CE] :: Unknown category: 'vehicleparts'.
13:19:47.422 !!! [CE] :: Unknown category: 'vehicleparts'.
13:19:47.422 !!! [CE] :: Unknown category: 'vehicleparts'.
13:19:47.422 [CE][LoadPrototype] :: loaded 413 prototypes
13:19:47.422   799 containers, 10078 points
13:19:47.422   66 dispatches, 239 proxies
13:19:47.422 !!! [CE][LoadPrototype] 5 groups have no points...
13:19:47.422 [CE][LoadPrototype] :: last group name: Land_Wreck_sed02_aban2_red_DE...
13:19:47.429 [CE][LoadPrototype] :: loaded 0 prototypes
13:19:47.429   55 containers, 232 points
13:19:47.429   0 dispatches, 0 proxies
13:19:47.429 [CE][LoadPrototype] :: last group name: Rail9...
13:19:48.143 [CE][LoadMap] "Group" :: loaded 11709 groups, groups failed: 0, largest group range: 34.2
13:19:48.148 [CE][LoadMap] "Dirt" :: loaded 0 groups, groups failed: 0, largest group range: 34.2
13:19:48.407 [CE][Links] found 1908 total links between groups, of 11709
13:19:48.407 [CE][LoadClusters] "Cluster" :: Loading files...
13:19:48.590 [CE][LoadClusters] :: file: "mapgroupcluster.xml", 9 types, 50000 instances
13:19:48.758 [CE][LoadClusters] :: file: "mapgroupcluster01", 9 types, 50000 instances
13:19:48.929 [CE][LoadClusters] :: file: "mapgroupcluster02", 9 types, 50000 instances
13:19:49.99 [CE][LoadClusters] :: file: "mapgroupcluster03", 9 types, 50000 instances
13:19:49.163 [CE][LoadClusters] :: file: "mapgroupcluster04", 9 types, 17347 instances
13:19:49.169 [CE][Storage] ver:21 stamp:135, valid:yes, name:"C:\Program Files (x86)\Steam\steamapps\common\DayZServerAug2\mpmissions\Expansion.chernarusplus\storage_1\data\types.bin"
13:19:49.172 [CE][Storage] ver:21 stamp:132, valid:yes, name:"C:\Program Files (x86)\Steam\steamapps\common\DayZServerAug2\mpmissions\Expansion.chernarusplus\storage_1\data\types.001"
13:19:49.175 [CE][Storage] ver:21 stamp:133, valid:yes, name:"C:\Program Files (x86)\Steam\steamapps\common\DayZServerAug2\mpmissions\Expansion.chernarusplus\storage_1\data\types.002"
13:19:49.175 [CE][Storage] Restoring file "C:\Program Files (x86)\Steam\steamapps\common\DayZServerAug2\mpmissions\Expansion.chernarusplus\storage_1\data\types.bin".
13:19:49.273 !!! [CE][offlineDB] :: No Shutdown message present.
13:19:49.280 [CE][offlineDB] :: Loaded 47 dynamic events 225 total types.
13:19:49.283 !!! [CE][DE] (VehicleTruck01) :: Unable to create child (Truck_01_Covered_Grey) as the type does not exist.
13:19:49.283 [CE][offlineDB] :: Loaded 58 dynamic events 289 total types.
13:19:49.311 !!! [CE][offlineDB] :: Type 'ChristmasTree' will be ignored. (Not spawnable. (Scope is not public?))
13:19:49.324 !!! [CE][offlineDB] :: Type 'Expansion_M79' will be ignored. (Not spawnable. (Scope is not public?))
13:19:49.324 !!! [CE][offlineDB] :: Type 'ExpansionFlaregun' will be ignored. (Not spawnable. (Scope is not public?))
13:19:49.324 !!! [CE][offlineDB] :: Type 'Expansion_Longhorn' will be ignored. (Not spawnable. (Scope is not public?))
13:19:49.327 !!! [CE][offlineDB] :: Type 'MMG_tt_vest_admin' will be ignored. (Type does not exist. (Typo?))
13:19:49.328 !!! [CE][offlineDB] :: Type 'MMG_striker_helmet_admin' will be ignored. (Type does not exist. (Typo?))
13:19:49.328 !!! [CE][offlineDB] :: Type 'MMG_combatpants_admin' will be ignored. (Type does not exist. (Typo?))
13:19:49.328 !!! [CE][offlineDB] :: Type 'MMG_combatshirt_admin' will be ignored. (Type does not exist. (Typo?))
13:19:49.328 !!! [CE][offlineDB] :: Type 'MMG_balaclava_admin' will be ignored. (Type does not exist. (Typo?))
13:19:49.332 !!! [CE][offlineDB] :: Type 'MMG_JPC_Vest_alpine' will be ignored. (Type does not exist. (Typo?))
13:19:49.332 !!! [CE][offlineDB] :: Type 'MMG_tt_Vest_alpine' will be ignored. (Type does not exist. (Typo?))
13:19:49.332 !!! [CE][offlineDB] :: Type 'MMG_chestrig_alpine' will be ignored. (Type does not exist. (Typo?))
13:19:49.332 !!! [CE][offlineDB] :: Type 'MMG_MK_III_Armor_alpine' will be ignored. (Type does not exist. (Typo?))
13:19:49.332 !!! [CE][offlineDB] :: Type 'MMG_MK_V_Armor_alpine' will be ignored. (Type does not exist. (Typo?))
13:19:49.332 !!! [CE][offlineDB] :: Type 'MMG_Mag_Pouch_alpine' will be ignored. (Type does not exist. (Typo?))
13:19:49.332 !!! [CE][offlineDB] :: Type 'MMG_triple_magpouch_alpine' will be ignored. (Type does not exist. (Typo?))
13:19:49.332 !!! [CE][offlineDB] :: Type 'MMG_double_magpouch_alpine' will be ignored. (Type does not exist. (Typo?))
13:19:49.332 !!! [CE][offlineDB] :: Type 'MMG_Med_Pouch_alpine' will be ignored. (Type does not exist. (Typo?))
13:19:49.332 !!! [CE][offlineDB] :: Type 'MMG_ammo_pouch_alpine' will be ignored. (Type does not exist. (Typo?))
13:19:49.332 !!! [CE][offlineDB] :: Type 'MMG_tactical_pouch_alpine' will be ignored. (Type does not exist. (Typo?))
13:19:49.332 !!! [CE][offlineDB] :: Type 'MMG_mk5_utility_pouch_alpine' will be ignored. (Type does not exist. (Typo?))
13:19:49.333 !!! [CE][offlineDB] :: Type 'MMG_mk5_grenade_pouch_alpine' will be ignored. (Type does not exist. (Typo?))
13:19:49.333 !!! [CE][offlineDB] :: Type 'MMG_carrier_backpack_alpine' will be ignored. (Type does not exist. (Typo?))
13:19:49.333 !!! [CE][offlineDB] :: Type 'MMG_supplybag_alpine' will be ignored. (Type does not exist. (Typo?))
13:19:49.333 !!! [CE][offlineDB] :: Type 'MMG_assault_pack_alpine' will be ignored. (Type does not exist. (Typo?))
13:19:49.333 !!! [CE][offlineDB] :: Type 'MMG_camelback_alpine' will be ignored. (Type does not exist. (Typo?))
13:19:49.333 !!! [CE][offlineDB] :: Type 'MMG_mmps_bag_alpine' will be ignored. (Type does not exist. (Typo?))
13:19:49.333 !!! [CE][offlineDB] :: Type 'MMG_falcon_b1_belt_alpine' will be ignored. (Type does not exist. (Typo?))
13:19:49.333 !!! [CE][offlineDB] :: Type 'MMG_tactical_helmet_alpine' will be ignored. (Type does not exist. (Typo?))
13:19:49.333 !!! [CE][offlineDB] :: Type 'MMG_striker_helmet_alpine' will be ignored. (Type does not exist. (Typo?))
13:19:49.333 !!! [CE][offlineDB] :: Type 'MMG_sheath_alpine' will be ignored. (Type does not exist. (Typo?))
13:19:49.334 !!! [CE][offlineDB] :: Type 'MMG_bottle_alpine' will be ignored. (Type does not exist. (Typo?))
13:19:49.334 !!! [CE][offlineDB] :: Type 'MMG_Holster_alpine' will be ignored. (Type does not exist. (Typo?))
13:19:49.334 !!! [CE][offlineDB] :: Type 'MMG_operatorshirt_alpine' will be ignored. (Type does not exist. (Typo?))
13:19:49.334 !!! [CE][offlineDB] :: Type 'MMG_tactical_shirt_alpine' will be ignored. (Type does not exist. (Typo?))
13:19:49.334 !!! [CE][offlineDB] :: Type 'MMG_combatshirt_alpine' will be ignored. (Type does not exist. (Typo?))
13:19:49.334 !!! [CE][offlineDB] :: Type 'MMG_combatpants_alpine' will be ignored. (Type does not exist. (Typo?))
13:19:49.334 !!! [CE][offlineDB] :: Type 'mmg_tactical_pants_alpine' will be ignored. (Type does not exist. (Typo?))
13:19:49.334 !!! [CE][offlineDB] :: Type 'mmg_tactical_gloves_alpine' will be ignored. (Type does not exist. (Typo?))
13:19:49.334 !!! [CE][offlineDB] :: Type 'MMG_boots_alpine' will be ignored. (Type does not exist. (Typo?))
13:19:49.334 !!! [CE][offlineDB] :: Type 'MMG_facemask_alpine' will be ignored. (Type does not exist. (Typo?))
13:19:49.334 !!! [CE][offlineDB] :: Type 'MMG_balaclava_alpine' will be ignored. (Type does not exist. (Typo?))
13:19:49.334 !!! [CE][offlineDB] :: Type 'mmg_boonie_alpine' will be ignored. (Type does not exist. (Typo?))
13:19:49.334 !!! [CE][offlineDB] :: Type 'MMG_JPC_Vest_atacs' will be ignored. (Type does not exist. (Typo?))
13:19:49.334 !!! [CE][offlineDB] :: Type 'MMG_tt_Vest_atacs' will be ignored. (Type does not exist. (Typo?))
13:19:49.335 !!! [CE][offlineDB] :: Type 'MMG_chestrig_atacs' will be ignored. (Type does not exist. (Typo?))
13:19:49.335 !!! [CE][offlineDB] :: Type 'MMG_MK_III_Armor_atacs' will be ignored. (Type does not exist. (Typo?))
13:19:49.335 !!! [CE][offlineDB] :: Type 'MMG_MK_V_Armor_atacs' will be ignored. (Type does not exist. (Typo?))
13:19:49.335 !!! [CE][offlineDB] :: Type 'MMG_Mag_Pouch_atacs' will be ignored. (Type does not exist. (Typo?))
13:19:49.336 !!! [CE][offlineDB] :: Type 'MMG_triple_magpouch_atacs' will be ignored. (Type does not exist. (Typo?))
13:19:49.336 !!! [CE][offlineDB] :: Type 'MMG_double_magpouch_atacs' will be ignored. (Type does not exist. (Typo?))
13:19:49.336 !!! [CE][offlineDB] :: Type 'MMG_Med_Pouch_atacs' will be ignored. (Type does not exist. (Typo?))
13:19:49.336 !!! [CE][offlineDB] :: Type 'MMG_ammo_pouch_atacs' will be ignored. (Type does not exist. (Typo?))
13:19:49.336 !!! [CE][offlineDB] :: Type 'MMG_tactical_pouch_atacs' will be ignored. (Type does not exist. (Typo?))
13:19:49.336 !!! [CE][offlineDB] :: Type 'MMG_mk5_utility_pouch_atacs' will be ignored. (Type does not exist. (Typo?))
13:19:49.336 !!! [CE][offlineDB] :: Type 'MMG_mk5_grenade_pouch_atacs' will be ignored. (Type does not exist. (Typo?))
13:19:49.336 !!! [CE][offlineDB] :: Type 'MMG_carrier_backpack_atacs' will be ignored. (Type does not exist. (Typo?))
13:19:49.336 !!! [CE][offlineDB] :: Type 'MMG_supplybag_atacs' will be ignored. (Type does not exist. (Typo?))
13:19:49.336 !!! [CE][offlineDB] :: Type 'MMG_assault_pack_atacs' will be ignored. (Type does not exist. (Typo?))
13:19:49.336 !!! [CE][offlineDB] :: Type 'MMG_camelback_atacs' will be ignored. (Type does not exist. (Typo?))
13:19:49.336 !!! [CE][offlineDB] :: Type 'MMG_mmps_bag_atacs' will be ignored. (Type does not exist. (Typo?))
13:19:49.336 !!! [CE][offlineDB] :: Type 'MMG_falcon_b1_belt_atacs' will be ignored. (Type does not exist. (Typo?))
13:19:49.336 !!! [CE][offlineDB] :: Type 'MMG_tactical_helmet_atacs' will be ignored. (Type does not exist. (Typo?))
13:19:49.336 !!! [CE][offlineDB] :: Type 'MMG_striker_helmet_atacs' will be ignored. (Type does not exist. (Typo?))
13:19:49.336 !!! [CE][offlineDB] :: Type 'MMG_sheath_atacs' will be ignored. (Type does not exist. (Typo?))
13:19:49.336 !!! [CE][offlineDB] :: Type 'MMG_bottle_atacs' will be ignored. (Type does not exist. (Typo?))
13:19:49.336 !!! [CE][offlineDB] :: Type 'MMG_Holster_atacs' will be ignored. (Type does not exist. (Typo?))
13:19:49.337 !!! [CE][offlineDB] :: Type 'MMG_operatorshirt_atacs' will be ignored. (Type does not exist. (Typo?))
13:19:49.337 !!! [CE][offlineDB] :: Type 'MMG_tactical_shirt_atacs' will be ignored. (Type does not exist. (Typo?))
13:19:49.337 !!! [CE][offlineDB] :: Type 'MMG_combatshirt_atacs' will be ignored. (Type does not exist. (Typo?))
13:19:49.337 !!! [CE][offlineDB] :: Type 'MMG_combatpants_atacs' will be ignored. (Type does not exist. (Typo?))
13:19:49.337 !!! [CE][offlineDB] :: Type 'MMG_tactical_pants_atacs' will be ignored. (Type does not exist. (Typo?))
13:19:49.337 !!! [CE][offlineDB] :: Type 'mmg_tactical_gloves_atacs' will be ignored. (Type does not exist. (Typo?))
13:19:49.337 !!! [CE][offlineDB] :: Type 'MMG_boots_atacs' will be ignored. (Type does not exist. (Typo?))
13:19:49.337 !!! [CE][offlineDB] :: Type 'MMG_facemask_atacs' will be ignored. (Type does not exist. (Typo?))
13:19:49.337 !!! [CE][offlineDB] :: Type 'MMG_balaclava_atacs' will be ignored. (Type does not exist. (Typo?))
13:19:49.337 !!! [CE][offlineDB] :: Type 'mmg_boonie_atacs' will be ignored. (Type does not exist. (Typo?))
13:19:49.341 !!! [CE][offlineDB] :: Type 'MMG_JPC_Vest_black' will be ignored. (Type does not exist. (Typo?))
13:19:49.341 !!! [CE][offlineDB] :: Type 'MMG_tt_Vest_black' will be ignored. (Type does not exist. (Typo?))
13:19:49.341 !!! [CE][offlineDB] :: Type 'MMG_chestrig_black' will be ignored. (Type does not exist. (Typo?))
13:19:49.341 !!! [CE][offlineDB] :: Type 'MMG_MK_III_Armor_black' will be ignored. (Type does not exist. (Typo?))
13:19:49.341 !!! [CE][offlineDB] :: Type 'MMG_MK_V_Armor_black' will be ignored. (Type does not exist. (Typo?))
13:19:49.341 !!! [CE][offlineDB] :: Type 'MMG_Mag_Pouch_Black' will be ignored. (Type does not exist. (Typo?))
13:19:49.341 !!! [CE][offlineDB] :: Type 'MMG_triple_magpouch_black' will be ignored. (Type does not exist. (Typo?))
13:19:49.341 !!! [CE][offlineDB] :: Type 'MMG_multiple_magpouch_black' will be ignored. (Type does not exist. (Typo?))
13:19:49.341 !!! [CE][offlineDB] :: Type 'MMG_double_magpouch_black' will be ignored. (Type does not exist. (Typo?))
13:19:49.341 !!! [CE][offlineDB] :: Type 'MMG_Med_Pouch_black' will be ignored. (Type does not exist. (Typo?))
13:19:49.341 !!! [CE][offlineDB] :: Type 'MMG_ammo_pouch_black' will be ignored. (Type does not exist. (Typo?))
13:19:49.341 !!! [CE][offlineDB] :: Type 'MMG_tactical_pouch_black' will be ignored. (Type does not exist. (Typo?))
13:19:49.341 !!! [CE][offlineDB] :: Type 'MMG_holster_pouch_black' will be ignored. (Type does not exist. (Typo?))
13:19:49.341 !!! [CE][offlineDB] :: Type 'MMG_mk5_utility_pouch_black' will be ignored. (Type does not exist. (Typo?))
13:19:49.341 !!! [CE][offlineDB] :: Type 'MMG_mk5_grenade_pouch_black' will be ignored. (Type does not exist. (Typo?))
13:19:49.341 !!! [CE][offlineDB] :: Type 'MMG_carrier_backpack_black' will be ignored. (Type does not exist. (Typo?))
13:19:49.341 !!! [CE][offlineDB] :: Type 'MMG_supplybag_black' will be ignored. (Type does not exist. (Typo?))
13:19:49.341 !!! [CE][offlineDB] :: Type 'MMG_assault_pack_black' will be ignored. (Type does not exist. (Typo?))
13:19:49.341 !!! [CE][offlineDB] :: Type 'MMG_camelback_black' will be ignored. (Type does not exist. (Typo?))
13:19:49.341 !!! [CE][offlineDB] :: Type 'MMG_mmps_bag_black' will be ignored. (Type does not exist. (Typo?))
13:19:49.341 !!! [CE][offlineDB] :: Type 'MMG_falcon_b1_belt_black' will be ignored. (Type does not exist. (Typo?))
13:19:49.341 !!! [CE][offlineDB] :: Type 'MMG_tactical_helmet_black' will be ignored. (Type does not exist. (Typo?))
13:19:49.341 !!! [CE][offlineDB] :: Type 'MMG_striker_helmet_black' will be ignored. (Type does not exist. (Typo?))
13:19:49.341 !!! [CE][offlineDB] :: Type 'mmg_armored_helmet_black' will be ignored. (Type does not exist. (Typo?))
13:19:49.341 !!! [CE][offlineDB] :: Type 'mmg_armored_helmet_visor_black' will be ignored. (Type does not exist. (Typo?))
13:19:49.341 !!! [CE][offlineDB] :: Type 'MMG_headphones_black' will be ignored. (Type does not exist. (Typo?))
13:19:49.341 !!! [CE][offlineDB] :: Type 'MMG_sheath_black' will be ignored. (Type does not exist. (Typo?))
13:19:49.341 !!! [CE][offlineDB] :: Type 'MMG_bottle_black' will be ignored. (Type does not exist. (Typo?))
13:19:49.341 !!! [CE][offlineDB] :: Type 'MMG_Holster_black' will be ignored. (Type does not exist. (Typo?))
13:19:49.342 !!! [CE][offlineDB] :: Type 'mmg_tac_goggles_red_black' will be ignored. (Type does not exist. (Typo?))
13:19:49.342 !!! [CE][offlineDB] :: Type 'MMG_operatorshirt_black' will be ignored. (Type does not exist. (Typo?))
13:19:49.342 !!! [CE][offlineDB] :: Type 'MMG_tactical_shirt_black' will be ignored. (Type does not exist. (Typo?))
13:19:49.342 !!! [CE][offlineDB] :: Type 'MMG_combatshirt_black' will be ignored. (Type does not exist. (Typo?))
13:19:49.342 !!! [CE][offlineDB] :: Type 'MMG_combatpants_black' will be ignored. (Type does not exist. (Typo?))
13:19:49.342 !!! [CE][offlineDB] :: Type 'mmg_tactical_pants_black' will be ignored. (Type does not exist. (Typo?))
13:19:49.343 !!! [CE][offlineDB] :: Type 'mmg_tactical_gloves_black' will be ignored. (Type does not exist. (Typo?))
13:19:49.343 !!! [CE][offlineDB] :: Type 'MMG_boots_black' will be ignored. (Type does not exist. (Typo?))
13:19:49.343 !!! [CE][offlineDB] :: Type 'MMG_facemask_black' will be ignored. (Type does not exist. (Typo?))
13:19:49.343 !!! [CE][offlineDB] :: Type 'MMG_facemask_skull' will be ignored. (Type does not exist. (Typo?))
13:19:49.343 !!! [CE][offlineDB] :: Type 'MMG_facemask_joker' will be ignored. (Type does not exist. (Typo?))
13:19:49.343 !!! [CE][offlineDB] :: Type 'MMG_balaclava_black' will be ignored. (Type does not exist. (Typo?))
13:19:49.347 !!! [CE][offlineDB] :: Type 'MMG_carbine_red' will be ignored. (Type does not exist. (Typo?))
13:19:49.347 !!! [CE][offlineDB] :: Type 'MMG_carbine_green' will be ignored. (Type does not exist. (Typo?))
13:19:49.347 !!! [CE][offlineDB] :: Type 'MMG_carbine_orange' will be ignored. (Type does not exist. (Typo?))
13:19:49.348 !!! [CE][offlineDB] :: Type 'MMG_carbine_blue' will be ignored. (Type does not exist. (Typo?))
13:19:49.348 !!! [CE][offlineDB] :: Type 'MMG_carbine_black' will be ignored. (Type does not exist. (Typo?))
13:19:49.348 !!! [CE][offlineDB] :: Type 'MMG_carbine_grey' will be ignored. (Type does not exist. (Typo?))
13:19:49.352 !!! [CE][offlineDB] :: Type 'MMG_JPC_Vest_dark_woodland' will be ignored. (Type does not exist. (Typo?))
13:19:49.352 !!! [CE][offlineDB] :: Type 'MMG_tt_Vest_dark_woodland' will be ignored. (Type does not exist. (Typo?))
13:19:49.352 !!! [CE][offlineDB] :: Type 'MMG_chestrig_dark_woodland' will be ignored. (Type does not exist. (Typo?))
13:19:49.352 !!! [CE][offlineDB] :: Type 'MMG_MK_III_Armor_dark_woodland' will be ignored. (Type does not exist. (Typo?))
13:19:49.352 !!! [CE][offlineDB] :: Type 'MMG_MK_V_Armor_dark_woodland' will be ignored. (Type does not exist. (Typo?))
13:19:49.352 !!! [CE][offlineDB] :: Type 'MMG_Mag_Pouch_dark_woodland' will be ignored. (Type does not exist. (Typo?))
13:19:49.352 !!! [CE][offlineDB] :: Type 'MMG_triple_magpouch_dark_woodland' will be ignored. (Type does not exist. (Typo?))
13:19:49.352 !!! [CE][offlineDB] :: Type 'MMG_double_magpouch_dark_woodland' will be ignored. (Type does not exist. (Typo?))
13:19:49.352 !!! [CE][offlineDB] :: Type 'MMG_Med_Pouch_dark_woodland' will be ignored. (Type does not exist. (Typo?))
13:19:49.353 !!! [CE][offlineDB] :: Type 'MMG_ammo_pouch_dark_woodland' will be ignored. (Type does not exist. (Typo?))
13:19:49.353 !!! [CE][offlineDB] :: Type 'MMG_tactical_pouch_dark_woodland' will be ignored. (Type does not exist. (Typo?))
13:19:49.353 !!! [CE][offlineDB] :: Type 'MMG_mk5_utility_pouch_dark_woodland' will be ignored. (Type does not exist. (Typo?))
13:19:49.353 !!! [CE][offlineDB] :: Type 'MMG_mk5_grenade_pouch_dark_woodland' will be ignored. (Type does not exist. (Typo?))
13:19:49.353 !!! [CE][offlineDB] :: Type 'MMG_carrier_backpack_dark_woodland' will be ignored. (Type does not exist. (Typo?))
13:19:49.353 !!! [CE][offlineDB] :: Type 'MMG_supplybag_dark_woodland' will be ignored. (Type does not exist. (Typo?))
13:19:49.353 !!! [CE][offlineDB] :: Type 'MMG_assault_pack_dark_woodland' will be ignored. (Type does not exist. (Typo?))
13:19:49.353 !!! [CE][offlineDB] :: Type 'MMG_camelback_dark_woodland' will be ignored. (Type does not exist. (Typo?))
13:19:49.353 !!! [CE][offlineDB] :: Type 'MMG_mmps_bag_dark_woodland' will be ignored. (Type does not exist. (Typo?))
13:19:49.353 !!! [CE][offlineDB] :: Type 'MMG_falcon_b1_belt_dark_woodland' will be ignored. (Type does not exist. (Typo?))
13:19:49.353 !!! [CE][offlineDB] :: Type 'MMG_tactical_helmet_dark_woodland' will be ignored. (Type does not exist. (Typo?))
13:19:49.353 !!! [CE][offlineDB] :: Type 'MMG_striker_helmet_dark_woodland' will be ignored. (Type does not exist. (Typo?))
13:19:49.353 !!! [CE][offlineDB] :: Type 'MMG_sheath_dark_woodland' will be ignored. (Type does not exist. (Typo?))
13:19:49.353 !!! [CE][offlineDB] :: Type 'MMG_bottle_dark_woodland' will be ignored. (Type does not exist. (Typo?))
13:19:49.353 !!! [CE][offlineDB] :: Type 'MMG_Holster_dark_woodland' will be ignored. (Type does not exist. (Typo?))
13:19:49.353 !!! [CE][offlineDB] :: Type 'MMG_operatorshirt_dark_woodland' will be ignored. (Type does not exist. (Typo?))
13:19:49.353 !!! [CE][offlineDB] :: Type 'MMG_tactical_shirt_dark_woodland' will be ignored. (Type does not exist. (Typo?))
13:19:49.353 !!! [CE][offlineDB] :: Type 'MMG_combatshirt_dark_woodland' will be ignored. (Type does not exist. (Typo?))
13:19:49.353 !!! [CE][offlineDB] :: Type 'MMG_combatpants_dark_woodland' will be ignored. (Type does not exist. (Typo?))
13:19:49.353 !!! [CE][offlineDB] :: Type 'mmg_tactical_pants_dark_woodland' will be ignored. (Type does not exist. (Typo?))
13:19:49.353 !!! [CE][offlineDB] :: Type 'mmg_tactical_gloves_dark_woodland' will be ignored. (Type does not exist. (Typo?))
13:19:49.353 !!! [CE][offlineDB] :: Type 'MMG_boots_dark_woodland' will be ignored. (Type does not exist. (Typo?))
13:19:49.353 !!! [CE][offlineDB] :: Type 'MMG_facemask_dark_woodland' will be ignored. (Type does not exist. (Typo?))
13:19:49.353 !!! [CE][offlineDB] :: Type 'MMG_balaclava_dark_woodland' will be ignored. (Type does not exist. (Typo?))
13:19:49.353 !!! [CE][offlineDB] :: Type 'mmg_boonie_dark_woodland' will be ignored. (Type does not exist. (Typo?))
13:19:49.357 !!! [CE][offlineDB] :: Type 'MMG_JPC_Vest_erdl' will be ignored. (Type does not exist. (Typo?))
13:19:49.357 !!! [CE][offlineDB] :: Type 'MMG_tt_Vest_erdl' will be ignored. (Type does not exist. (Typo?))
13:19:49.357 !!! [CE][offlineDB] :: Type 'MMG_chestrig_erdl' will be ignored. (Type does not exist. (Typo?))
13:19:49.357 !!! [CE][offlineDB] :: Type 'MMG_MK_III_Armor_erdl' will be ignored. (Type does not exist. (Typo?))
13:19:49.357 !!! [CE][offlineDB] :: Type 'MMG_MK_V_Armor_erdl' will be ignored. (Type does not exist. (Typo?))
13:19:49.357 !!! [CE][offlineDB] :: Type 'MMG_Mag_Pouch_erdl' will be ignored. (Type does not exist. (Typo?))
13:19:49.357 !!! [CE][offlineDB] :: Type 'MMG_triple_magpouch_erdl' will be ignored. (Type does not exist. (Typo?))
13:19:49.358 !!! [CE][offlineDB] :: Type 'MMG_double_magpouch_erdl' will be ignored. (Type does not exist. (Typo?))
13:19:49.358 !!! [CE][offlineDB] :: Type 'MMG_Med_Pouch_erdl' will be ignored. (Type does not exist. (Typo?))
13:19:49.358 !!! [CE][offlineDB] :: Type 'MMG_ammo_pouch_erdl' will be ignored. (Type does not exist. (Typo?))
13:19:49.358 !!! [CE][offlineDB] :: Type 'MMG_tactical_pouch_erdl' will be ignored. (Type does not exist. (Typo?))
13:19:49.359 !!! [CE][offlineDB] :: Type 'MMG_mk5_utility_pouch_erdl' will be ignored. (Type does not exist. (Typo?))
13:19:49.359 !!! [CE][offlineDB] :: Type 'MMG_mk5_grenade_pouch_erdl' will be ignored. (Type does not exist. (Typo?))
13:19:49.359 !!! [CE][offlineDB] :: Type 'MMG_carrier_backpack_erdl' will be ignored. (Type does not exist. (Typo?))
13:19:49.359 !!! [CE][offlineDB] :: Type 'MMG_supplybag_erdl' will be ignored. (Type does not exist. (Typo?))
13:19:49.359 !!! [CE][offlineDB] :: Type 'MMG_assault_pack_erdl' will be ignored. (Type does not exist. (Typo?))
13:19:49.359 !!! [CE][offlineDB] :: Type 'MMG_camelback_erdl' will be ignored. (Type does not exist. (Typo?))
13:19:49.359 !!! [CE][offlineDB] :: Type 'MMG_mmps_bag_erdl' will be ignored. (Type does not exist. (Typo?))
13:19:49.359 !!! [CE][offlineDB] :: Type 'MMG_falcon_b1_belt_erdl' will be ignored. (Type does not exist. (Typo?))
13:19:49.359 !!! [CE][offlineDB] :: Type 'MMG_tactical_helmet_erdl' will be ignored. (Type does not exist. (Typo?))
13:19:49.359 !!! [CE][offlineDB] :: Type 'MMG_striker_helmet_erdl' will be ignored. (Type does not exist. (Typo?))
13:19:49.359 !!! [CE][offlineDB] :: Type 'MMG_sheath_erdl' will be ignored. (Type does not exist. (Typo?))
13:19:49.359 !!! [CE][offlineDB] :: Type 'MMG_bottle_erdl' will be ignored. (Type does not exist. (Typo?))
13:19:49.359 !!! [CE][offlineDB] :: Type 'MMG_Holster_erdl' will be ignored. (Type does not exist. (Typo?))
13:19:49.359 !!! [CE][offlineDB] :: Type 'MMG_operatorshirt_erdl' will be ignored. (Type does not exist. (Typo?))
13:19:49.359 !!! [CE][offlineDB] :: Type 'MMG_tactical_shirt_erdl' will be ignored. (Type does not exist. (Typo?))
13:19:49.359 !!! [CE][offlineDB] :: Type 'MMG_combatshirt_erdl' will be ignored. (Type does not exist. (Typo?))
13:19:49.359 !!! [CE][offlineDB] :: Type 'MMG_combatpants_erdl' will be ignored. (Type does not exist. (Typo?))
13:19:49.359 !!! [CE][offlineDB] :: Type 'mmg_tactical_pants_erdl' will be ignored. (Type does not exist. (Typo?))
13:19:49.359 !!! [CE][offlineDB] :: Type 'mmg_tactical_gloves_erdl' will be ignored. (Type does not exist. (Typo?))
13:19:49.359 !!! [CE][offlineDB] :: Type 'MMG_boots_erdl' will be ignored. (Type does not exist. (Typo?))
13:19:49.360 !!! [CE][offlineDB] :: Type 'MMG_facemask_erdl' will be ignored. (Type does not exist. (Typo?))
13:19:49.360 !!! [CE][offlineDB] :: Type 'MMG_balaclava_erdl' will be ignored. (Type does not exist. (Typo?))
13:19:49.360 !!! [CE][offlineDB] :: Type 'mmg_boonie_erdl' will be ignored. (Type does not exist. (Typo?))
13:19:49.363 !!! [CE][offlineDB] :: Type 'MMG_JPC_Vest_olive' will be ignored. (Type does not exist. (Typo?))
13:19:49.363 !!! [CE][offlineDB] :: Type 'MMG_MK_III_Armor_green' will be ignored. (Type does not exist. (Typo?))
13:19:49.363 !!! [CE][offlineDB] :: Type 'MMG_chestrig_green' will be ignored. (Type does not exist. (Typo?))
13:19:49.363 !!! [CE][offlineDB] :: Type 'MMG_tt_Vest_green' will be ignored. (Type does not exist. (Typo?))
13:19:49.363 !!! [CE][offlineDB] :: Type 'MMG_MK_V_Armor_green' will be ignored. (Type does not exist. (Typo?))
13:19:49.364 !!! [CE][offlineDB] :: Type 'MMG_Mag_Pouch_olive' will be ignored. (Type does not exist. (Typo?))
13:19:49.364 !!! [CE][offlineDB] :: Type 'MMG_triple_magpouch_green' will be ignored. (Type does not exist. (Typo?))
13:19:49.364 !!! [CE][offlineDB] :: Type 'MMG_multiple_magpouch_green' will be ignored. (Type does not exist. (Typo?))
13:19:49.364 !!! [CE][offlineDB] :: Type 'MMG_double_magpouch_green' will be ignored. (Type does not exist. (Typo?))
13:19:49.364 !!! [CE][offlineDB] :: Type 'MMG_Med_Pouch_Olive' will be ignored. (Type does not exist. (Typo?))
13:19:49.364 !!! [CE][offlineDB] :: Type 'MMG_ammo_pouch_olive' will be ignored. (Type does not exist. (Typo?))
13:19:49.364 !!! [CE][offlineDB] :: Type 'MMG_tactical_pouch_green' will be ignored. (Type does not exist. (Typo?))
13:19:49.364 !!! [CE][offlineDB] :: Type 'MMG_holster_pouch_green' will be ignored. (Type does not exist. (Typo?))
13:19:49.364 !!! [CE][offlineDB] :: Type 'MMG_mk5_utility_pouch_green' will be ignored. (Type does not exist. (Typo?))
13:19:49.364 !!! [CE][offlineDB] :: Type 'MMG_mk5_grenade_pouch_green' will be ignored. (Type does not exist. (Typo?))
13:19:49.364 !!! [CE][offlineDB] :: Type 'MMG_carrier_backpack_olive' will be ignored. (Type does not exist. (Typo?))
13:19:49.364 !!! [CE][offlineDB] :: Type 'MMG_supplybag_green' will be ignored. (Type does not exist. (Typo?))
13:19:49.364 !!! [CE][offlineDB] :: Type 'MMG_assault_pack_olive' will be ignored. (Type does not exist. (Typo?))
13:19:49.364 !!! [CE][offlineDB] :: Type 'MMG_camelback_green' will be ignored. (Type does not exist. (Typo?))
13:19:49.364 !!! [CE][offlineDB] :: Type 'MMG_mmps_bag_green' will be ignored. (Type does not exist. (Typo?))
13:19:49.364 !!! [CE][offlineDB] :: Type 'MMG_falcon_b1_belt_olive' will be ignored. (Type does not exist. (Typo?))
13:19:49.364 !!! [CE][offlineDB] :: Type 'MMG_tactical_helmet_green' will be ignored. (Type does not exist. (Typo?))
13:19:49.364 !!! [CE][offlineDB] :: Type 'MMG_striker_helmet_green' will be ignored. (Type does not exist. (Typo?))
13:19:49.364 !!! [CE][offlineDB] :: Type 'mmg_armored_helmet_green' will be ignored. (Type does not exist. (Typo?))
13:19:49.364 !!! [CE][offlineDB] :: Type 'mmg_armored_helmet_visor_green' will be ignored. (Type does not exist. (Typo?))
13:19:49.364 !!! [CE][offlineDB] :: Type 'MMG_headphones_green' will be ignored. (Type does not exist. (Typo?))
13:19:49.364 !!! [CE][offlineDB] :: Type 'MMG_sheath_olive' will be ignored. (Type does not exist. (Typo?))
13:19:49.364 !!! [CE][offlineDB] :: Type 'MMG_bottle_olive' will be ignored. (Type does not exist. (Typo?))
13:19:49.364 !!! [CE][offlineDB] :: Type 'MMG_Holster_green' will be ignored. (Type does not exist. (Typo?))
13:19:49.364 !!! [CE][offlineDB] :: Type 'mmg_tac_goggles_red_green' will be ignored. (Type does not exist. (Typo?))
13:19:49.364 !!! [CE][offlineDB] :: Type 'MMG_operatorshirt_green' will be ignored. (Type does not exist. (Typo?))
13:19:49.364 !!! [CE][offlineDB] :: Type 'MMG_tactical_shirt_green' will be ignored. (Type does not exist. (Typo?))
13:19:49.364 !!! [CE][offlineDB] :: Type 'MMG_combatshirt_green' will be ignored. (Type does not exist. (Typo?))
13:19:49.364 !!! [CE][offlineDB] :: Type 'MMG_combatpants_olive' will be ignored. (Type does not exist. (Typo?))
13:19:49.365 !!! [CE][offlineDB] :: Type 'mmg_tactical_pants_green' will be ignored. (Type does not exist. (Typo?))
13:19:49.365 !!! [CE][offlineDB] :: Type 'mmg_tactical_gloves_green' will be ignored. (Type does not exist. (Typo?))
13:19:49.365 !!! [CE][offlineDB] :: Type 'MMG_boots_green' will be ignored. (Type does not exist. (Typo?))
13:19:49.366 !!! [CE][offlineDB] :: Type 'MMG_facemask_green' will be ignored. (Type does not exist. (Typo?))
13:19:49.366 !!! [CE][offlineDB] :: Type 'MMG_balaclava_olive' will be ignored. (Type does not exist. (Typo?))
13:19:49.366 !!! [CE][offlineDB] :: Type 'mmg_boonie_green' will be ignored. (Type does not exist. (Typo?))
13:19:49.370 !!! [CE][offlineDB] :: Type 'MMG_JPC_Vest_multicam' will be ignored. (Type does not exist. (Typo?))
13:19:49.370 !!! [CE][offlineDB] :: Type 'MMG_tt_Vest_multicam' will be ignored. (Type does not exist. (Typo?))
13:19:49.370 !!! [CE][offlineDB] :: Type 'MMG_chestrig_multicam' will be ignored. (Type does not exist. (Typo?))
13:19:49.370 !!! [CE][offlineDB] :: Type 'MMG_MK_III_Armor_multicam' will be ignored. (Type does not exist. (Typo?))
13:19:49.370 !!! [CE][offlineDB] :: Type 'MMG_MK_V_Armor_multicam' will be ignored. (Type does not exist. (Typo?))
13:19:49.370 !!! [CE][offlineDB] :: Type 'MMG_Mag_Pouch_multicam' will be ignored. (Type does not exist. (Typo?))
13:19:49.370 !!! [CE][offlineDB] :: Type 'MMG_triple_magpouch_multicam' will be ignored. (Type does not exist. (Typo?))
13:19:49.371 !!! [CE][offlineDB] :: Type 'MMG_double_magpouch_multicam' will be ignored. (Type does not exist. (Typo?))
13:19:49.371 !!! [CE][offlineDB] :: Type 'MMG_Med_Pouch_multicam' will be ignored. (Type does not exist. (Typo?))
13:19:49.371 !!! [CE][offlineDB] :: Type 'MMG_ammo_pouch_multicam' will be ignored. (Type does not exist. (Typo?))
13:19:49.371 !!! [CE][offlineDB] :: Type 'MMG_tactical_pouch_multicam' will be ignored. (Type does not exist. (Typo?))
13:19:49.371 !!! [CE][offlineDB] :: Type 'MMG_mk5_utility_pouch_multicam' will be ignored. (Type does not exist. (Typo?))
13:19:49.371 !!! [CE][offlineDB] :: Type 'MMG_mk5_grenade_pouch_multicam' will be ignored. (Type does not exist. (Typo?))
13:19:49.371 !!! [CE][offlineDB] :: Type 'MMG_carrier_backpack_multicam' will be ignored. (Type does not exist. (Typo?))
13:19:49.371 !!! [CE][offlineDB] :: Type 'MMG_supplybag_multicam' will be ignored. (Type does not exist. (Typo?))
13:19:49.371 !!! [CE][offlineDB] :: Type 'MMG_assault_pack_multicam' will be ignored. (Type does not exist. (Typo?))
13:19:49.371 !!! [CE][offlineDB] :: Type 'MMG_camelback_multicam' will be ignored. (Type does not exist. (Typo?))
13:19:49.371 !!! [CE][offlineDB] :: Type 'MMG_mmps_bag_multicam' will be ignored. (Type does not exist. (Typo?))
13:19:49.371 !!! [CE][offlineDB] :: Type 'MMG_falcon_b1_belt_multicam' will be ignored. (Type does not exist. (Typo?))
13:19:49.371 !!! [CE][offlineDB] :: Type 'MMG_tactical_helmet_multicam' will be ignored. (Type does not exist. (Typo?))
13:19:49.371 !!! [CE][offlineDB] :: Type 'MMG_striker_helmet_multicam' will be ignored. (Type does not exist. (Typo?))
13:19:49.371 !!! [CE][offlineDB] :: Type 'MMG_sheath_multicam' will be ignored. (Type does not exist. (Typo?))
13:19:49.371 !!! [CE][offlineDB] :: Type 'MMG_bottle_multicam' will be ignored. (Type does not exist. (Typo?))
13:19:49.371 !!! [CE][offlineDB] :: Type 'MMG_Holster_multicam' will be ignored. (Type does not exist. (Typo?))
13:19:49.371 !!! [CE][offlineDB] :: Type 'MMG_operatorshirt_multicam' will be ignored. (Type does not exist. (Typo?))
13:19:49.371 !!! [CE][offlineDB] :: Type 'MMG_tactical_shirt_multicam' will be ignored. (Type does not exist. (Typo?))
13:19:49.371 !!! [CE][offlineDB] :: Type 'MMG_combatshirt_multicam' will be ignored. (Type does not exist. (Typo?))
13:19:49.371 !!! [CE][offlineDB] :: Type 'MMG_combatpants_multicam' will be ignored. (Type does not exist. (Typo?))
13:19:49.371 !!! [CE][offlineDB] :: Type 'mmg_tactical_pants_multicam' will be ignored. (Type does not exist. (Typo?))
13:19:49.371 !!! [CE][offlineDB] :: Type 'mmg_tactical_gloves_multicam' will be ignored. (Type does not exist. (Typo?))
13:19:49.371 !!! [CE][offlineDB] :: Type 'MMG_boots_multicam' will be ignored. (Type does not exist. (Typo?))
13:19:49.371 !!! [CE][offlineDB] :: Type 'MMG_facemask_multicam' will be ignored. (Type does not exist. (Typo?))
13:19:49.371 !!! [CE][offlineDB] :: Type 'MMG_balaclava_multicam' will be ignored. (Type does not exist. (Typo?))
13:19:49.371 !!! [CE][offlineDB] :: Type 'mmg_boonie_multicam' will be ignored. (Type does not exist. (Typo?))
13:19:49.375 !!! [CE][offlineDB] :: Type 'MMG_JPC_Vest_multicamblack' will be ignored. (Type does not exist. (Typo?))
13:19:49.376 !!! [CE][offlineDB] :: Type 'MMG_tt_Vest_multicamblack' will be ignored. (Type does not exist. (Typo?))
13:19:49.376 !!! [CE][offlineDB] :: Type 'MMG_chestrig_multicamblack' will be ignored. (Type does not exist. (Typo?))
13:19:49.376 !!! [CE][offlineDB] :: Type 'MMG_MK_III_Armor_multicamblack' will be ignored. (Type does not exist. (Typo?))
13:19:49.376 !!! [CE][offlineDB] :: Type 'MMG_MK_V_Armor_multicamblack' will be ignored. (Type does not exist. (Typo?))
13:19:49.376 !!! [CE][offlineDB] :: Type 'MMG_Mag_Pouch_multicamblack' will be ignored. (Type does not exist. (Typo?))
13:19:49.376 !!! [CE][offlineDB] :: Type 'MMG_triple_magpouch_multicamblack' will be ignored. (Type does not exist. (Typo?))
13:19:49.376 !!! [CE][offlineDB] :: Type 'MMG_double_magpouch_multicamblack' will be ignored. (Type does not exist. (Typo?))
13:19:49.376 !!! [CE][offlineDB] :: Type 'MMG_Med_Pouch_multicamblack' will be ignored. (Type does not exist. (Typo?))
13:19:49.377 !!! [CE][offlineDB] :: Type 'MMG_ammo_pouch_multicamblack' will be ignored. (Type does not exist. (Typo?))
13:19:49.377 !!! [CE][offlineDB] :: Type 'MMG_tactical_pouch_multicamblack' will be ignored. (Type does not exist. (Typo?))
13:19:49.377 !!! [CE][offlineDB] :: Type 'MMG_mk5_utility_pouch_multicamblack' will be ignored. (Type does not exist. (Typo?))
13:19:49.377 !!! [CE][offlineDB] :: Type 'MMG_mk5_grenade_pouch_multicamblack' will be ignored. (Type does not exist. (Typo?))
13:19:49.377 !!! [CE][offlineDB] :: Type 'MMG_carrier_backpack_multicamblack' will be ignored. (Type does not exist. (Typo?))
13:19:49.377 !!! [CE][offlineDB] :: Type 'MMG_supplybag_multicamblack' will be ignored. (Type does not exist. (Typo?))
13:19:49.377 !!! [CE][offlineDB] :: Type 'MMG_assault_pack_multicamblack' will be ignored. (Type does not exist. (Typo?))
13:19:49.377 !!! [CE][offlineDB] :: Type 'MMG_camelback_multicamblack' will be ignored. (Type does not exist. (Typo?))
13:19:49.377 !!! [CE][offlineDB] :: Type 'MMG_mmps_nag_multicamblack' will be ignored. (Type does not exist. (Typo?))
13:19:49.377 !!! [CE][offlineDB] :: Type 'MMG_falcon_b1_belt_multicamblack' will be ignored. (Type does not exist. (Typo?))
13:19:49.377 !!! [CE][offlineDB] :: Type 'MMG_tactical_helmet_multicamblack' will be ignored. (Type does not exist. (Typo?))
13:19:49.377 !!! [CE][offlineDB] :: Type 'MMG_striker_helmet_multicamblack' will be ignored. (Type does not exist. (Typo?))
13:19:49.377 !!! [CE][offlineDB] :: Type 'MMG_sheath_multicamblack' will be ignored. (Type does not exist. (Typo?))
13:19:49.377 !!! [CE][offlineDB] :: Type 'MMG_bottle_multicamblack' will be ignored. (Type does not exist. (Typo?))
13:19:49.377 !!! [CE][offlineDB] :: Type 'MMG_Holster_multicamblack' will be ignored. (Type does not exist. (Typo?))
13:19:49.377 !!! [CE][offlineDB] :: Type 'MMG_operatorshirt_multicamblack' will be ignored. (Type does not exist. (Typo?))
13:19:49.377 !!! [CE][offlineDB] :: Type 'MMG_tactical_shirt_multicamblack' will be ignored. (Type does not exist. (Typo?))
13:19:49.377 !!! [CE][offlineDB] :: Type 'MMG_combatshirt_multicamblack' will be ignored. (Type does not exist. (Typo?))
13:19:49.377 !!! [CE][offlineDB] :: Type 'MMG_combatpants_multicamblack' will be ignored. (Type does not exist. (Typo?))
13:19:49.377 !!! [CE][offlineDB] :: Type 'mmg_tactical_pants_multicamblack' will be ignored. (Type does not exist. (Typo?))
13:19:49.377 !!! [CE][offlineDB] :: Type 'mmg_tactical_gloves_multicamblack' will be ignored. (Type does not exist. (Typo?))
13:19:49.377 !!! [CE][offlineDB] :: Type 'MMG_boots_multicamblack' will be ignored. (Type does not exist. (Typo?))
13:19:49.377 !!! [CE][offlineDB] :: Type 'MMG_facemask_multicamblack' will be ignored. (Type does not exist. (Typo?))
13:19:49.377 !!! [CE][offlineDB] :: Type 'MMG_balaclava_multicamblack' will be ignored. (Type does not exist. (Typo?))
13:19:49.377 !!! [CE][offlineDB] :: Type 'mmg_boonie_multicamblack' will be ignored. (Type does not exist. (Typo?))
13:19:49.380 !!! [CE][offlineDB] :: Type 'MMG_JPC_Vest_multicam_tropic' will be ignored. (Type does not exist. (Typo?))
13:19:49.381 !!! [CE][offlineDB] :: Type 'MMG_tt_Vest_multicam_tropic' will be ignored. (Type does not exist. (Typo?))
13:19:49.381 !!! [CE][offlineDB] :: Type 'MMG_chestrig_multicam_tropic' will be ignored. (Type does not exist. (Typo?))
13:19:49.381 !!! [CE][offlineDB] :: Type 'MMG_MK_III_Armor_multicam_tropic' will be ignored. (Type does not exist. (Typo?))
13:19:49.381 !!! [CE][offlineDB] :: Type 'MMG_MK_V_Armor_multicam_tropic' will be ignored. (Type does not exist. (Typo?))
13:19:49.381 !!! [CE][offlineDB] :: Type 'MMG_Mag_Pouch_multicam_tropic' will be ignored. (Type does not exist. (Typo?))
13:19:49.381 !!! [CE][offlineDB] :: Type 'MMG_triple_magpouch_multicam_tropic' will be ignored. (Type does not exist. (Typo?))
13:19:49.381 !!! [CE][offlineDB] :: Type 'MMG_double_magpouch_multicam_tropic' will be ignored. (Type does not exist. (Typo?))
13:19:49.381 !!! [CE][offlineDB] :: Type 'MMG_Med_Pouch_multicam_tropic' will be ignored. (Type does not exist. (Typo?))
13:19:49.381 !!! [CE][offlineDB] :: Type 'MMG_ammo_pouch_multicam_tropic' will be ignored. (Type does not exist. (Typo?))
13:19:49.381 !!! [CE][offlineDB] :: Type 'MMG_tactical_pouch_multicam_tropic' will be ignored. (Type does not exist. (Typo?))
13:19:49.381 !!! [CE][offlineDB] :: Type 'MMG_mk5_utility_pouch_multicam_tropic' will be ignored. (Type does not exist. (Typo?))
13:19:49.381 !!! [CE][offlineDB] :: Type 'MMG_mk5_grenade_pouch_multicam_tropic' will be ignored. (Type does not exist. (Typo?))
13:19:49.381 !!! [CE][offlineDB] :: Type 'MMG_carrier_backpack_multicam_tropic' will be ignored. (Type does not exist. (Typo?))
13:19:49.381 !!! [CE][offlineDB] :: Type 'MMG_supplybag_multicam_tropic' will be ignored. (Type does not exist. (Typo?))
13:19:49.381 !!! [CE][offlineDB] :: Type 'MMG_assault_pack_multicam_tropic' will be ignored. (Type does not exist. (Typo?))
13:19:49.381 !!! [CE][offlineDB] :: Type 'MMG_camelback_multicam_tropic' will be ignored. (Type does not exist. (Typo?))
13:19:49.381 !!! [CE][offlineDB] :: Type 'MMG_mmps_bag_multicam_tropic' will be ignored. (Type does not exist. (Typo?))
13:19:49.381 !!! [CE][offlineDB] :: Type 'MMG_falcon_b1_belt_multicam_tropic' will be ignored. (Type does not exist. (Typo?))
13:19:49.381 !!! [CE][offlineDB] :: Type 'MMG_tactical_helmet_multicam_tropic' will be ignored. (Type does not exist. (Typo?))
13:19:49.381 !!! [CE][offlineDB] :: Type 'MMG_striker_helmet_multicam_tropic' will be ignored. (Type does not exist. (Typo?))
13:19:49.381 !!! [CE][offlineDB] :: Type 'MMG_sheath_multicam_tropic' will be ignored. (Type does not exist. (Typo?))
13:19:49.381 !!! [CE][offlineDB] :: Type 'MMG_bottle_multicam_tropic' will be ignored. (Type does not exist. (Typo?))
13:19:49.381 !!! [CE][offlineDB] :: Type 'MMG_Holster_multicam_tropic' will be ignored. (Type does not exist. (Typo?))
13:19:49.381 !!! [CE][offlineDB] :: Type 'MMG_operatorshirt_multicam_tropic' will be ignored. (Type does not exist. (Typo?))
13:19:49.381 !!! [CE][offlineDB] :: Type 'MMG_tactical_shirt_multicam_tropic' will be ignored. (Type does not exist. (Typo?))
13:19:49.381 !!! [CE][offlineDB] :: Type 'MMG_combatshirt_multicam_tropic' will be ignored. (Type does not exist. (Typo?))
13:19:49.381 !!! [CE][offlineDB] :: Type 'MMG_combatpants_multicam_tropic' will be ignored. (Type does not exist. (Typo?))
13:19:49.381 !!! [CE][offlineDB] :: Type 'mmg_tactical_pants_multicam_tropic' will be ignored. (Type does not exist. (Typo?))
13:19:49.382 !!! [CE][offlineDB] :: Type 'mmg_tactical_gloves_multicam_tropic' will be ignored. (Type does not exist. (Typo?))
13:19:49.382 !!! [CE][offlineDB] :: Type 'MMG_boots_multicam_tropic' will be ignored. (Type does not exist. (Typo?))
13:19:49.382 !!! [CE][offlineDB] :: Type 'MMG_facemask_multicam_tropic' will be ignored. (Type does not exist. (Typo?))
13:19:49.382 !!! [CE][offlineDB] :: Type 'mmg_boonie_multicam_tropic' will be ignored. (Type does not exist. (Typo?))
13:19:49.386 !!! [CE][offlineDB] :: Type 'MMG_nbc_pouch' will be ignored. (Type does not exist. (Typo?))
13:19:49.386 !!! [CE][offlineDB] :: Type 'mmg_gp_nvg_black' will be ignored. (Type does not exist. (Typo?))
13:19:49.386 !!! [CE][offlineDB] :: Type 'mmg_gp_nvg_tan' will be ignored. (Type does not exist. (Typo?))
13:19:49.387 !!! [CE][offlineDB] :: Type 'mmg_gp_nvg_green' will be ignored. (Type does not exist. (Typo?))
13:19:49.387 !!! [CE][offlineDB] :: Type 'mmg_gp_nvg_grey' will be ignored. (Type does not exist. (Typo?))
13:19:49.391 !!! [CE][offlineDB] :: Type 'MMG_JPC_Vest_tan' will be ignored. (Type does not exist. (Typo?))
13:19:49.391 !!! [CE][offlineDB] :: Type 'MMG_tt_Vest_tan' will be ignored. (Type does not exist. (Typo?))
13:19:49.391 !!! [CE][offlineDB] :: Type 'MMG_chestrig_tan' will be ignored. (Type does not exist. (Typo?))
13:19:49.391 !!! [CE][offlineDB] :: Type 'MMG_MK_III_Armor_tan' will be ignored. (Type does not exist. (Typo?))
13:19:49.391 !!! [CE][offlineDB] :: Type 'MMG_MK_V_Armor_tan' will be ignored. (Type does not exist. (Typo?))
13:19:49.391 !!! [CE][offlineDB] :: Type 'MMG_Mag_Pouch_tan' will be ignored. (Type does not exist. (Typo?))
13:19:49.391 !!! [CE][offlineDB] :: Type 'MMG_triple_magpouch_tan' will be ignored. (Type does not exist. (Typo?))
13:19:49.391 !!! [CE][offlineDB] :: Type 'MMG_multiple_magpouch_tan' will be ignored. (Type does not exist. (Typo?))
13:19:49.391 !!! [CE][offlineDB] :: Type 'MMG_double_magpouch_tan' will be ignored. (Type does not exist. (Typo?))
13:19:49.391 !!! [CE][offlineDB] :: Type 'MMG_Med_Pouch_tan' will be ignored. (Type does not exist. (Typo?))
13:19:49.391 !!! [CE][offlineDB] :: Type 'MMG_ammo_pouch_tan' will be ignored. (Type does not exist. (Typo?))
13:19:49.391 !!! [CE][offlineDB] :: Type 'MMG_tactical_pouch_tan' will be ignored. (Type does not exist. (Typo?))
13:19:49.392 !!! [CE][offlineDB] :: Type 'MMG_holster_pouch_tan' will be ignored. (Type does not exist. (Typo?))
13:19:49.392 !!! [CE][offlineDB] :: Type 'MMG_mk5_utility_pouch_tan' will be ignored. (Type does not exist. (Typo?))
13:19:49.392 !!! [CE][offlineDB] :: Type 'MMG_mk5_grenade_pouch_tan' will be ignored. (Type does not exist. (Typo?))
13:19:49.392 !!! [CE][offlineDB] :: Type 'MMG_carrier_backpack_tan' will be ignored. (Type does not exist. (Typo?))
13:19:49.392 !!! [CE][offlineDB] :: Type 'MMG_supplybag_tan' will be ignored. (Type does not exist. (Typo?))
13:19:49.392 !!! [CE][offlineDB] :: Type 'MMG_assault_pack_tan' will be ignored. (Type does not exist. (Typo?))
13:19:49.392 !!! [CE][offlineDB] :: Type 'MMG_camelback_tan' will be ignored. (Type does not exist. (Typo?))
13:19:49.392 !!! [CE][offlineDB] :: Type 'MMG_mmps_bag_tan' will be ignored. (Type does not exist. (Typo?))
13:19:49.392 !!! [CE][offlineDB] :: Type 'MMG_falcon_b1_belt_tan' will be ignored. (Type does not exist. (Typo?))
13:19:49.392 !!! [CE][offlineDB] :: Type 'MMG_tactical_helmet_tan' will be ignored. (Type does not exist. (Typo?))
13:19:49.392 !!! [CE][offlineDB] :: Type 'MMG_striker_helmet_tan' will be ignored. (Type does not exist. (Typo?))
13:19:49.392 !!! [CE][offlineDB] :: Type 'mmg_armored_helmet_tan' will be ignored. (Type does not exist. (Typo?))
13:19:49.392 !!! [CE][offlineDB] :: Type 'mmg_armored_helmet_visor_tan' will be ignored. (Type does not exist. (Typo?))
13:19:49.392 !!! [CE][offlineDB] :: Type 'MMG_headphones_tan' will be ignored. (Type does not exist. (Typo?))
13:19:49.392 !!! [CE][offlineDB] :: Type 'MMG_sheath_tan' will be ignored. (Type does not exist. (Typo?))
13:19:49.392 !!! [CE][offlineDB] :: Type 'MMG_bottle_tan' will be ignored. (Type does not exist. (Typo?))
13:19:49.392 !!! [CE][offlineDB] :: Type 'MMG_Holster_tan' will be ignored. (Type does not exist. (Typo?))
13:19:49.392 !!! [CE][offlineDB] :: Type 'mmg_tac_goggles_red_tan' will be ignored. (Type does not exist. (Typo?))
13:19:49.392 !!! [CE][offlineDB] :: Type 'MMG_operatorshirt_tan' will be ignored. (Type does not exist. (Typo?))
13:19:49.392 !!! [CE][offlineDB] :: Type 'MMG_tactical_shirt_tan' will be ignored. (Type does not exist. (Typo?))
13:19:49.392 !!! [CE][offlineDB] :: Type 'MMG_combatshirt_tan' will be ignored. (Type does not exist. (Typo?))
13:19:49.392 !!! [CE][offlineDB] :: Type 'MMG_combatpants_tan' will be ignored. (Type does not exist. (Typo?))
13:19:49.392 !!! [CE][offlineDB] :: Type 'mmg_tactical_pants_tan' will be ignored. (Type does not exist. (Typo?))
13:19:49.392 !!! [CE][offlineDB] :: Type 'mmg_tactical_gloves_tan' will be ignored. (Type does not exist. (Typo?))
13:19:49.392 !!! [CE][offlineDB] :: Type 'MMG_boots_tan' will be ignored. (Type does not exist. (Typo?))
13:19:49.392 !!! [CE][offlineDB] :: Type 'MMG_facemask_tan' will be ignored. (Type does not exist. (Typo?))
13:19:49.393 !!! [CE][offlineDB] :: Type 'MMG_balaclava_tan' will be ignored. (Type does not exist. (Typo?))
13:19:49.393 !!! [CE][offlineDB] :: Type 'mmg_boonie_tan' will be ignored. (Type does not exist. (Typo?))
13:19:49.397 !!! [CE][offlineDB] :: Type 'MMG_JPC_Vest_ucp' will be ignored. (Type does not exist. (Typo?))
13:19:49.398 !!! [CE][offlineDB] :: Type 'MMG_tt_Vest_ucp' will be ignored. (Type does not exist. (Typo?))
13:19:49.398 !!! [CE][offlineDB] :: Type 'MMG_chestrig_ucp' will be ignored. (Type does not exist. (Typo?))
13:19:49.398 !!! [CE][offlineDB] :: Type 'MMG_MK_III_Armor_ucp' will be ignored. (Type does not exist. (Typo?))
13:19:49.398 !!! [CE][offlineDB] :: Type 'MMG_MK_V_Armor_ucp' will be ignored. (Type does not exist. (Typo?))
13:19:49.398 !!! [CE][offlineDB] :: Type 'MMG_Mag_Pouch_ucp' will be ignored. (Type does not exist. (Typo?))
13:19:49.398 !!! [CE][offlineDB] :: Type 'MMG_triple_magpouch_ucp' will be ignored. (Type does not exist. (Typo?))
13:19:49.398 !!! [CE][offlineDB] :: Type 'MMG_double_magpouch_ucp' will be ignored. (Type does not exist. (Typo?))
13:19:49.398 !!! [CE][offlineDB] :: Type 'MMG_Med_Pouch_ucp' will be ignored. (Type does not exist. (Typo?))
13:19:49.398 !!! [CE][offlineDB] :: Type 'MMG_ammo_pouch_ucp' will be ignored. (Type does not exist. (Typo?))
13:19:49.398 !!! [CE][offlineDB] :: Type 'MMG_tactical_pouch_ucp' will be ignored. (Type does not exist. (Typo?))
13:19:49.398 !!! [CE][offlineDB] :: Type 'MMG_mk5_utility_pouch_ucp' will be ignored. (Type does not exist. (Typo?))
13:19:49.398 !!! [CE][offlineDB] :: Type 'MMG_mk5_grenade_pouch_ucp' will be ignored. (Type does not exist. (Typo?))
13:19:49.398 !!! [CE][offlineDB] :: Type 'MMG_carrier_backpack_ucp' will be ignored. (Type does not exist. (Typo?))
13:19:49.398 !!! [CE][offlineDB] :: Type 'MMG_supplybag_ucp' will be ignored. (Type does not exist. (Typo?))
13:19:49.399 !!! [CE][offlineDB] :: Type 'MMG_assault_pack_ucp' will be ignored. (Type does not exist. (Typo?))
13:19:49.399 !!! [CE][offlineDB] :: Type 'MMG_camelback_ucp' will be ignored. (Type does not exist. (Typo?))
13:19:49.399 !!! [CE][offlineDB] :: Type 'MMG_mmps_bag_ucp' will be ignored. (Type does not exist. (Typo?))
13:19:49.399 !!! [CE][offlineDB] :: Type 'MMG_falcon_b1_belt_ucp' will be ignored. (Type does not exist. (Typo?))
13:19:49.399 !!! [CE][offlineDB] :: Type 'MMG_tactical_helmet_ucp' will be ignored. (Type does not exist. (Typo?))
13:19:49.399 !!! [CE][offlineDB] :: Type 'MMG_striker_helmet_ucp' will be ignored. (Type does not exist. (Typo?))
13:19:49.399 !!! [CE][offlineDB] :: Type 'MMG_headphones_ucp' will be ignored. (Type does not exist. (Typo?))
13:19:49.399 !!! [CE][offlineDB] :: Type 'MMG_sheath_ucp' will be ignored. (Type does not exist. (Typo?))
13:19:49.399 !!! [CE][offlineDB] :: Type 'MMG_bottle_ucp' will be ignored. (Type does not exist. (Typo?))
13:19:49.399 !!! [CE][offlineDB] :: Type 'MMG_Holster_ucp' will be ignored. (Type does not exist. (Typo?))
13:19:49.399 !!! [CE][offlineDB] :: Type 'MMG_operatorshirt_ucp' will be ignored. (Type does not exist. (Typo?))
13:19:49.399 !!! [CE][offlineDB] :: Type 'MMG_tactical_shirt_ucp' will be ignored. (Type does not exist. (Typo?))
13:19:49.399 !!! [CE][offlineDB] :: Type 'MMG_combatshirt_ucp' will be ignored. (Type does not exist. (Typo?))
13:19:49.399 !!! [CE][offlineDB] :: Type 'MMG_combatpants_ucp' will be ignored. (Type does not exist. (Typo?))
13:19:49.399 !!! [CE][offlineDB] :: Type 'mmg_tactical_pants_ucp' will be ignored. (Type does not exist. (Typo?))
13:19:49.399 !!! [CE][offlineDB] :: Type 'mmg_tactical_gloves_ucp' will be ignored. (Type does not exist. (Typo?))
13:19:49.399 !!! [CE][offlineDB] :: Type 'MMG_boots_ucp' will be ignored. (Type does not exist. (Typo?))
13:19:49.399 !!! [CE][offlineDB] :: Type 'MMG_facemask_ucp' will be ignored. (Type does not exist. (Typo?))
13:19:49.399 !!! [CE][offlineDB] :: Type 'MMG_balaclava_ucp' will be ignored. (Type does not exist. (Typo?))
13:19:49.399 !!! [CE][offlineDB] :: Type 'mmg_boonie_ucp' will be ignored. (Type does not exist. (Typo?))
13:19:49.511 !!! [CE][DE][SPAWNS] :: [WARNING] :: Skipping entry for non-existing event 'VehicleTransitBus'.
13:19:49.512 [CE][DE][SPAWNS] :: Total positions: 987
13:19:49.512 [CE][DE][GROUPS] :: Total eventgroups defined: 83, Eventgroups in use: 83
13:19:49.515 [CE][Storage] ver:21 stamp:135, valid:yes, name:"C:\Program Files (x86)\Steam\steamapps\common\DayZServerAug2\mpmissions\Expansion.chernarusplus\storage_1\data\events.bin"
13:19:49.518 [CE][Storage] ver:21 stamp:132, valid:yes, name:"C:\Program Files (x86)\Steam\steamapps\common\DayZServerAug2\mpmissions\Expansion.chernarusplus\storage_1\data\events.001"
13:19:49.521 [CE][Storage] ver:21 stamp:133, valid:yes, name:"C:\Program Files (x86)\Steam\steamapps\common\DayZServerAug2\mpmissions\Expansion.chernarusplus\storage_1\data\events.002"
13:19:49.522 [CE][Storage] Restoring file "C:\Program Files (x86)\Steam\steamapps\common\DayZServerAug2\mpmissions\Expansion.chernarusplus\storage_1\data\events.bin".
13:19:49.522 [CE][DynamicEvent] Load  Events:[58] Primary spawners: 58 Secondary spawners: 4
13:19:49.526 [CE][Storage] ver:25 stamp:135, valid:yes, name:"C:\Program Files (x86)\Steam\steamapps\common\DayZServerAug2\mpmissions\Expansion.chernarusplus\storage_1\data\dynamic_000.bin"
13:19:49.530 [CE][Storage] ver:25 stamp:132, valid:yes, name:"C:\Program Files (x86)\Steam\steamapps\common\DayZServerAug2\mpmissions\Expansion.chernarusplus\storage_1\data\dynamic_000.001"
13:19:49.533 [CE][Storage] ver:25 stamp:133, valid:yes, name:"C:\Program Files (x86)\Steam\steamapps\common\DayZServerAug2\mpmissions\Expansion.chernarusplus\storage_1\data\dynamic_000.002"
13:19:49.534 [CE][Storage] Restoring file "C:\Program Files (x86)\Steam\steamapps\common\DayZServerAug2\mpmissions\Expansion.chernarusplus\storage_1\data\dynamic_000.bin" 1022 items.
13:19:50.13   1022 items loaded. (0 failed)
13:19:50.18 [CE][Storage] ver:25 stamp:135, valid:yes, name:"C:\Program Files (x86)\Steam\steamapps\common\DayZServerAug2\mpmissions\Expansion.chernarusplus\storage_1\data\dynamic_001.bin"
13:19:50.22 [CE][Storage] ver:25 stamp:132, valid:yes, name:"C:\Program Files (x86)\Steam\steamapps\common\DayZServerAug2\mpmissions\Expansion.chernarusplus\storage_1\data\dynamic_001.001"
13:19:50.26 [CE][Storage] ver:25 stamp:133, valid:yes, name:"C:\Program Files (x86)\Steam\steamapps\common\DayZServerAug2\mpmissions\Expansion.chernarusplus\storage_1\data\dynamic_001.002"
13:19:50.26 [CE][Storage] Restoring file "C:\Program Files (x86)\Steam\steamapps\common\DayZServerAug2\mpmissions\Expansion.chernarusplus\storage_1\data\dynamic_001.bin" 1954 items.
13:19:50.826   1954 items loaded. (0 failed)
13:19:50.830 [CE][Storage] ver:25 stamp:135, valid:yes, name:"C:\Program Files (x86)\Steam\steamapps\common\DayZServerAug2\mpmissions\Expansion.chernarusplus\storage_1\data\dynamic_002.bin"
13:19:50.834 [CE][Storage] ver:25 stamp:132, valid:yes, name:"C:\Program Files (x86)\Steam\steamapps\common\DayZServerAug2\mpmissions\Expansion.chernarusplus\storage_1\data\dynamic_002.001"
13:19:50.838 [CE][Storage] ver:25 stamp:133, valid:yes, name:"C:\Program Files (x86)\Steam\steamapps\common\DayZServerAug2\mpmissions\Expansion.chernarusplus\storage_1\data\dynamic_002.002"
13:19:50.838 [CE][Storage] Restoring file "C:\Program Files (x86)\Steam\steamapps\common\DayZServerAug2\mpmissions\Expansion.chernarusplus\storage_1\data\dynamic_002.bin" 2846 items.
13:19:51.827   2846 items loaded. (0 failed)
13:19:51.832 [CE][Storage] ver:25 stamp:135, valid:yes, name:"C:\Program Files (x86)\Steam\steamapps\common\DayZServerAug2\mpmissions\Expansion.chernarusplus\storage_1\data\dynamic_003.bin"
13:19:51.835 [CE][Storage] ver:25 stamp:132, valid:yes, name:"C:\Program Files (x86)\Steam\steamapps\common\DayZServerAug2\mpmissions\Expansion.chernarusplus\storage_1\data\dynamic_003.001"
13:19:51.839 [CE][Storage] ver:25 stamp:133, valid:yes, name:"C:\Program Files (x86)\Steam\steamapps\common\DayZServerAug2\mpmissions\Expansion.chernarusplus\storage_1\data\dynamic_003.002"
13:19:51.839 [CE][Storage] Restoring file "C:\Program Files (x86)\Steam\steamapps\common\DayZServerAug2\mpmissions\Expansion.chernarusplus\storage_1\data\dynamic_003.bin" 2567 items.
13:19:52.804   2567 items loaded. (0 failed)
13:19:52.809 [CE][Storage] ver:25 stamp:135, valid:yes, name:"C:\Program Files (x86)\Steam\steamapps\common\DayZServerAug2\mpmissions\Expansion.chernarusplus\storage_1\data\dynamic_004.bin"
13:19:52.812 [CE][Storage] ver:25 stamp:132, valid:yes, name:"C:\Program Files (x86)\Steam\steamapps\common\DayZServerAug2\mpmissions\Expansion.chernarusplus\storage_1\data\dynamic_004.001"
13:19:52.816 [CE][Storage] ver:25 stamp:133, valid:yes, name:"C:\Program Files (x86)\Steam\steamapps\common\DayZServerAug2\mpmissions\Expansion.chernarusplus\storage_1\data\dynamic_004.002"
13:19:52.816 [CE][Storage] Restoring file "C:\Program Files (x86)\Steam\steamapps\common\DayZServerAug2\mpmissions\Expansion.chernarusplus\storage_1\data\dynamic_004.bin" 2142 items.
13:19:53.615   2142 items loaded. (0 failed)
13:19:53.620 [CE][Storage] ver:25 stamp:135, valid:yes, name:"C:\Program Files (x86)\Steam\steamapps\common\DayZServerAug2\mpmissions\Expansion.chernarusplus\storage_1\data\dynamic_005.bin"
13:19:53.624 [CE][Storage] ver:25 stamp:132, valid:yes, name:"C:\Program Files (x86)\Steam\steamapps\common\DayZServerAug2\mpmissions\Expansion.chernarusplus\storage_1\data\dynamic_005.001"
13:19:53.628 [CE][Storage] ver:25 stamp:133, valid:yes, name:"C:\Program Files (x86)\Steam\steamapps\common\DayZServerAug2\mpmissions\Expansion.chernarusplus\storage_1\data\dynamic_005.002"
13:19:53.628 [CE][Storage] Restoring file "C:\Program Files (x86)\Steam\steamapps\common\DayZServerAug2\mpmissions\Expansion.chernarusplus\storage_1\data\dynamic_005.bin" 2400 items.
13:19:54.466   2400 items loaded. (0 failed)
13:19:54.472 [CE][Storage] ver:25 stamp:135, valid:yes, name:"C:\Program Files (x86)\Steam\steamapps\common\DayZServerAug2\mpmissions\Expansion.chernarusplus\storage_1\data\dynamic_006.bin"
13:19:54.476 [CE][Storage] ver:25 stamp:132, valid:yes, name:"C:\Program Files (x86)\Steam\steamapps\common\DayZServerAug2\mpmissions\Expansion.chernarusplus\storage_1\data\dynamic_006.001"
13:19:54.480 [CE][Storage] ver:25 stamp:133, valid:yes, name:"C:\Program Files (x86)\Steam\steamapps\common\DayZServerAug2\mpmissions\Expansion.chernarusplus\storage_1\data\dynamic_006.002"
13:19:54.480 [CE][Storage] Restoring file "C:\Program Files (x86)\Steam\steamapps\common\DayZServerAug2\mpmissions\Expansion.chernarusplus\storage_1\data\dynamic_006.bin" 1717 items.
13:19:55.109   1717 items loaded. (0 failed)
13:19:55.115 [CE][Storage] ver:25 stamp:135, valid:yes, name:"C:\Program Files (x86)\Steam\steamapps\common\DayZServerAug2\mpmissions\Expansion.chernarusplus\storage_1\data\dynamic_007.bin"
13:19:55.118 [CE][Storage] ver:25 stamp:132, valid:yes, name:"C:\Program Files (x86)\Steam\steamapps\common\DayZServerAug2\mpmissions\Expansion.chernarusplus\storage_1\data\dynamic_007.001"
13:19:55.123 [CE][Storage] ver:25 stamp:133, valid:yes, name:"C:\Program Files (x86)\Steam\steamapps\common\DayZServerAug2\mpmissions\Expansion.chernarusplus\storage_1\data\dynamic_007.002"
13:19:55.123 [CE][Storage] Restoring file "C:\Program Files (x86)\Steam\steamapps\common\DayZServerAug2\mpmissions\Expansion.chernarusplus\storage_1\data\dynamic_007.bin" 1679 items.
13:19:55.749   1679 items loaded. (0 failed)
13:19:55.755 [CE][Storage] ver:25 stamp:135, valid:yes, name:"C:\Program Files (x86)\Steam\steamapps\common\DayZServerAug2\mpmissions\Expansion.chernarusplus\storage_1\data\dynamic_008.bin"
13:19:55.759 [CE][Storage] ver:25 stamp:132, valid:yes, name:"C:\Program Files (x86)\Steam\steamapps\common\DayZServerAug2\mpmissions\Expansion.chernarusplus\storage_1\data\dynamic_008.001"
13:19:55.763 [CE][Storage] ver:25 stamp:133, valid:yes, name:"C:\Program Files (x86)\Steam\steamapps\common\DayZServerAug2\mpmissions\Expansion.chernarusplus\storage_1\data\dynamic_008.002"
13:19:55.763 [CE][Storage] Restoring file "C:\Program Files (x86)\Steam\steamapps\common\DayZServerAug2\mpmissions\Expansion.chernarusplus\storage_1\data\dynamic_008.bin" 2386 items.
13:19:56.664   2386 items loaded. (0 failed)
13:19:56.669 [CE][Storage] ver:25 stamp:135, valid:yes, name:"C:\Program Files (x86)\Steam\steamapps\common\DayZServerAug2\mpmissions\Expansion.chernarusplus\storage_1\data\dynamic_009.bin"
13:19:56.673 [CE][Storage] ver:25 stamp:132, valid:yes, name:"C:\Program Files (x86)\Steam\steamapps\common\DayZServerAug2\mpmissions\Expansion.chernarusplus\storage_1\data\dynamic_009.001"
13:19:56.677 [CE][Storage] ver:25 stamp:133, valid:yes, name:"C:\Program Files (x86)\Steam\steamapps\common\DayZServerAug2\mpmissions\Expansion.chernarusplus\storage_1\data\dynamic_009.002"
13:19:56.677 [CE][Storage] Restoring file "C:\Program Files (x86)\Steam\steamapps\common\DayZServerAug2\mpmissions\Expansion.chernarusplus\storage_1\data\dynamic_009.bin" 3041 items.
13:19:57.816   3041 items loaded. (0 failed)
13:19:57.821 [CE][Storage] ver:25 stamp:135, valid:yes, name:"C:\Program Files (x86)\Steam\steamapps\common\DayZServerAug2\mpmissions\Expansion.chernarusplus\storage_1\data\dynamic_010.bin"
13:19:57.825 [CE][Storage] ver:25 stamp:132, valid:yes, name:"C:\Program Files (x86)\Steam\steamapps\common\DayZServerAug2\mpmissions\Expansion.chernarusplus\storage_1\data\dynamic_010.001"
13:19:57.828 [CE][Storage] ver:25 stamp:133, valid:yes, name:"C:\Program Files (x86)\Steam\steamapps\common\DayZServerAug2\mpmissions\Expansion.chernarusplus\storage_1\data\dynamic_010.002"
13:19:57.828 [CE][Storage] Restoring file "C:\Program Files (x86)\Steam\steamapps\common\DayZServerAug2\mpmissions\Expansion.chernarusplus\storage_1\data\dynamic_010.bin" 2029 items.
13:19:58.608   2029 items loaded. (0 failed)
13:19:58.612 [CE][Storage] ver:25 stamp:135, valid:yes, name:"C:\Program Files (x86)\Steam\steamapps\common\DayZServerAug2\mpmissions\Expansion.chernarusplus\storage_1\data\dynamic_011.bin"
13:19:58.616 [CE][Storage] ver:25 stamp:132, valid:yes, name:"C:\Program Files (x86)\Steam\steamapps\common\DayZServerAug2\mpmissions\Expansion.chernarusplus\storage_1\data\dynamic_011.001"
13:19:58.619 [CE][Storage] ver:25 stamp:133, valid:yes, name:"C:\Program Files (x86)\Steam\steamapps\common\DayZServerAug2\mpmissions\Expansion.chernarusplus\storage_1\data\dynamic_011.002"
13:19:58.619 [CE][Storage] Restoring file "C:\Program Files (x86)\Steam\steamapps\common\DayZServerAug2\mpmissions\Expansion.chernarusplus\storage_1\data\dynamic_011.bin" 195 items.
13:19:58.694   195 items loaded. (0 failed)
13:19:58.697 [CE][Storage] ver:26 stamp:135, valid:yes, name:"C:\Program Files (x86)\Steam\steamapps\common\DayZServerAug2\mpmissions\Expansion.chernarusplus\storage_1\data\building.bin"
13:19:58.700 [CE][Storage] ver:26 stamp:132, valid:yes, name:"C:\Program Files (x86)\Steam\steamapps\common\DayZServerAug2\mpmissions\Expansion.chernarusplus\storage_1\data\building.001"
13:19:58.702 [CE][Storage] ver:26 stamp:133, valid:yes, name:"C:\Program Files (x86)\Steam\steamapps\common\DayZServerAug2\mpmissions\Expansion.chernarusplus\storage_1\data\building.002"
13:19:58.702 [CE][Storage] Restoring file "C:\Program Files (x86)\Steam\steamapps\common\DayZServerAug2\mpmissions\Expansion.chernarusplus\storage_1\data\building.bin" 0 items.
13:19:58.702   0 items loaded. (0 failed)
13:19:58.706 [CE][Storage] ver:25 stamp:135, valid:yes, name:"C:\Program Files (x86)\Steam\steamapps\common\DayZServerAug2\mpmissions\Expansion.chernarusplus\storage_1\data\vehicles.bin"
13:19:58.711 [CE][Storage] ver:25 stamp:132, valid:yes, name:"C:\Program Files (x86)\Steam\steamapps\common\DayZServerAug2\mpmissions\Expansion.chernarusplus\storage_1\data\vehicles.001"
13:19:58.715 [CE][Storage] ver:25 stamp:133, valid:yes, name:"C:\Program Files (x86)\Steam\steamapps\common\DayZServerAug2\mpmissions\Expansion.chernarusplus\storage_1\data\vehicles.002"
13:19:58.715 [CE][Storage] Restoring file "C:\Program Files (x86)\Steam\steamapps\common\DayZServerAug2\mpmissions\Expansion.chernarusplus\storage_1\data\vehicles.bin" 292 items.
13:19:59.557   292 items loaded. (0 failed)
13:19:59.592 [CE][Hive] :: Storage load took:10.08 seconds, recovery stamp:135
13:19:59.592   entity: 26087, building: 0
13:19:59.592   no lifetime: 75
13:19:59.592   pathgraph's: 623
13:19:59.593 [CE][Hive] :: Initializing ... 
13:19:59.637 [CE][InitializeMap] :: initialized: 0
13:19:59.637 [CE][Hive] :: Initializing spawners ... 
13:20:00.612 [CE][LootRespawner] (PRIDummy) :: Initially (re)spawned:0, Nominal:28374, Total in Map: 24208 at 0 (sec)
13:20:00.612   tests:0, repeats:0 fails:0, overtime:0
13:20:00.614 [CE][DynEvent] :: 58 types
13:20:00.614 [00] AmbientHen
13:20:00.614   Primary Spawner: "Ambient", active: yes, repeat: 1
13:20:00.614 [01] AnimalBear
13:20:00.614   Primary Spawner: "Animal", active: yes, repeat: 1
13:20:00.614 [02] AnimalCow
13:20:00.614   Primary Spawner: "Animal", active: yes, repeat: 1
13:20:00.614 [03] AnimalDeer
13:20:00.614   Primary Spawner: "Animal", active: yes, repeat: 1
13:20:00.614 [04] AnimalGoat
13:20:00.614   Primary Spawner: "Animal", active: yes, repeat: 1
13:20:00.614 [05] AnimalPig
13:20:00.614   Primary Spawner: "Animal", active: yes, repeat: 1
13:20:00.614 [06] AnimalRoeDeer
13:20:00.614   Primary Spawner: "Animal", active: yes, repeat: 1
13:20:00.614 [07] AnimalSheep
13:20:00.614   Primary Spawner: "Animal", active: yes, repeat: 1
13:20:00.614 [08] AnimalWildBoar
13:20:00.614   Primary Spawner: "Animal", active: yes, repeat: 1
13:20:00.614 [09] AnimalWolf
13:20:00.614   Primary Spawner: "Animal", active: yes, repeat: 1
13:20:00.614 [10] InfectedArmy
13:20:00.614   Primary Spawner: "Infected", active: yes, repeat: 1
13:20:00.614 [11] InfectedArmyHard
13:20:00.614   Primary Spawner: "Infected", active: yes, repeat: 1
13:20:00.614 [12] InfectedCity
13:20:00.614   Primary Spawner: "Infected", active: yes, repeat: 1
13:20:00.614 [13] InfectedCityTier1
13:20:00.614   Primary Spawner: "Infected", active: yes, repeat: 1
13:20:00.614 [14] InfectedFirefighter
13:20:00.614   Primary Spawner: "Infected", active: yes, repeat: 1
13:20:00.614 [15] InfectedIndustrial
13:20:00.614   Primary Spawner: "Infected", active: yes, repeat: 1
13:20:00.614 [16] InfectedMedic
13:20:00.614   Primary Spawner: "Infected", active: yes, repeat: 1
13:20:00.614 [17] InfectedNBC
13:20:00.614   Primary Spawner: "Infected", active: yes, repeat: 1
13:20:00.614 [18] InfectedNBCYellow
13:20:00.614   Primary Spawner: "Infected", active: yes, repeat: 1
13:20:00.614 [19] InfectedPolice
13:20:00.614   Primary Spawner: "Infected", active: yes, repeat: 1
13:20:00.614 [20] InfectedPoliceHard
13:20:00.614   Primary Spawner: "Infected", active: yes, repeat: 1
13:20:00.614 [21] InfectedPrisoner
13:20:00.614   Primary Spawner: "Infected", active: yes, repeat: 1
13:20:00.615 [22] InfectedReligious
13:20:00.615   Primary Spawner: "Infected", active: yes, repeat: 1
13:20:00.615 [23] InfectedSanta
13:20:00.615   Primary Spawner: "Infected", active: yes, repeat: 1
13:20:00.615 [24] InfectedSolitude
13:20:00.615   Primary Spawner: "Infected", active: yes, repeat: 1
13:20:00.615 [25] InfectedVillage
13:20:00.615   Primary Spawner: "Infected", active: yes, repeat: 1
13:20:00.615 [26] InfectedVillageTier1
13:20:00.615   Primary Spawner: "Infected", active: yes, repeat: 1
13:20:00.615 [27] ItemPlanks
13:20:00.615   Primary Spawner: "Item", active: yes, repeat: 1
13:20:00.615 [28] Loot
13:20:00.615   Primary Spawner: "Loot", active: yes, repeat: 2
13:20:00.615 [29] StaticContaminatedArea
13:20:00.615   Primary Spawner: "Static", active: yes, repeat: 1
13:20:00.615 [30] StaticHeliCrash
13:20:00.615   Primary Spawner: "Static", active: yes, repeat: 1
13:20:00.615   Secondary Spawner: "Infected", active: yes, repeat: 1
13:20:00.615 [31] StaticMilitaryConvoy
13:20:00.615   Primary Spawner: "Static", active: yes, repeat: 1
13:20:00.615   Secondary Spawner: "Infected", active: yes, repeat: 1
13:20:00.615 [32] StaticPoliceSituation
13:20:00.615   Primary Spawner: "Static", active: yes, repeat: 1
13:20:00.615   Secondary Spawner: "Infected", active: yes, repeat: 1
13:20:00.615 [33] StaticTrain
13:20:00.615   Primary Spawner: "Static", active: yes, repeat: 1
13:20:00.615   Secondary Spawner: "Infected", active: yes, repeat: 1
13:20:00.615 [34] TrajectoryApple
13:20:00.616   Primary Spawner: "Trajectory", active: yes, repeat: 1
13:20:00.616 [35] TrajectoryConiferous
13:20:00.616   Primary Spawner: "Trajectory", active: yes, repeat: 1
13:20:00.616 [36] TrajectoryDeciduous
13:20:00.616   Primary Spawner: "Trajectory", active: yes, repeat: 1
13:20:00.616 [37] TrajectoryHumus
13:20:00.616   Primary Spawner: "Trajectory", active: yes, repeat: 1
13:20:00.616 [38] TrajectoryPear
13:20:00.616   Primary Spawner: "Trajectory", active: yes, repeat: 1
13:20:00.616 [39] TrajectoryPlum
13:20:00.616   Primary Spawner: "Trajectory", active: yes, repeat: 1
13:20:00.616 [40] TrajectoryStones
13:20:00.616   Primary Spawner: "Trajectory", active: yes, repeat: 1
13:20:00.616 [41] VehicleCivilianSedan
13:20:00.616   Primary Spawner: "Vehicle", active: yes, repeat: 1
13:20:00.616 [42] VehicleHatchback02
