

=====================================================================
== C:\Program Files (x86)\Steam\steamapps\common\DayZServerAug2\DayZServer_x64.exe
== "DayZServer_x64.exe" -config=serverDZ.cfg -mod=@CF;@CommunityOnlineTools;@DabsFramework;@DayZ-Editor-Loader;@DayZ-Expansion-Animations;@DayZ-Expansion-Bundle;@DayZ-Expansion-Licensed;@MMG-MightysMilitaryGear;@PvZmoD_CustomisableZombies "-serverMod=_@DayZ-Dynamic-AI-Addon" -port=2302 -profiles=config -cpuCount=4 -adminlog -netlog -freezecheck 
=====================================================================
Exe timestamp: 2023/07/27 17:06:07
Current time:  2023/08/13 14:52:18

Version 1.21.156300
14:52:18.403 [Inputs] Loading inputs default "bin/constants.xml"
14:52:18.405 [Inputs] Loading inputs default "bin/specific.xml"
14:52:18.405 [Inputs] Loading inputs default "JM/COT/Scripts/Data/Inputs.xml"
14:52:18.406 !!! [Inputs] Cannot Register "UAObjectModuleDeleteOnCursor" non-existent input - Fix Preset!
14:52:18.406 [Inputs] Loading inputs default "LIVEN/PvZmoD_CustomisableZombies/inputs.xml"
14:52:18.406 [Inputs] Loading inputs default "DayZExpansion/Groups/Scripts/Data/Inputs.xml"
14:52:18.406 [Inputs] Loading inputs default "DayZExpansion/Navigation/Scripts/Data/Inputs.xml"
14:52:18.406 !!! [Inputs] Attempt to register duplicate exclusion group "chatexpansion"
14:52:18.407 [Inputs] Loading inputs default "DayZExpansion/PlayerList/Scripts/Data/Inputs.xml"
14:52:18.407 !!! [Inputs] Attempt to register duplicate exclusion group "chatexpansion"
14:52:18.407 [Inputs] Loading inputs default "DayZExpansion/Scripts/Data/Inputs.xml"
14:52:18.407 !!! [Inputs] Attempt to register duplicate exclusion group "chatexpansion"
14:52:18.407 [Inputs] Loading inputs default "DayZExpansion/Vehicles/Scripts/Data/Inputs.xml"
14:52:18.408 [Inputs] Loading inputs default "DayZExpansion/AI/Scripts/inputs.xml"
14:52:18.408 [Inputs] Loading inputs default "DayZExpansion/BaseBuilding/Scripts/Data/Inputs.xml"
14:52:18.408 !!! [Inputs] Attempt to register duplicate exclusion group "chatexpansion"
14:52:18.408 [Inputs] Loading inputs default "DayZExpansion/Book/Scripts/Data/Inputs.xml"
14:52:18.408 !!! [Inputs] Attempt to register duplicate exclusion group "chatexpansion"
14:52:18.408 [Inputs] Loading inputs default "DayZExpansion/Chat/Scripts/Data/Inputs.xml"
14:52:18.408 !!! [Inputs] Attempt to register duplicate exclusion group "chatexpansion"
14:52:18.408 [Inputs] Loading inputs default "DayZExpansion/Quests/Scripts/Data/Inputs.xml"
14:52:18.409 [Inputs] Loading inputs cfg "config\Users\Survivor\Server.core.xml"
14:52:18.409 !!! [Inputs] Cannot read inputs cfg "config\Users\Survivor\Server.core.xml", parser error
14:52:18.409 [Inputs] Loading inputs cfg "bin/core.xml"
14:52:18.409 !!! [Inputs] Cannot load input preset "#STR_USER", file does not exist
14:52:18.410 [Inputs] Exporting inputs cfg "config\Users\Survivor\Server.core.xml"
14:52:38.133 [CE][Hive] :: Initializing OFFLINE
14:52:38.133 [StorageDirs] :: Selected storage directory: C:\Program Files (x86)\Steam\steamapps\common\DayZServerAug2\mpmissions\Expansion.chernarusplus\storage_1\
14:52:38.133 [CE][Hive] :: Loading core data ... 
14:52:38.133 [CE][CoreData] :: 7 root classes, 18 defaults, 0 updaters...
14:52:40.808 [CE] :: WARNING :: Preset map "optics" is EMPTY.
14:52:40.810 [CE][TypeSetup] :: 505 classes setuped...
14:52:40.812 [CE] :: WARNING :: Preset map "optics" is EMPTY.
14:52:40.813 [CE][TypeSetup] :: 97 classes setuped...
14:52:40.815 [CE] :: WARNING :: Preset map "optics" is EMPTY.
14:52:40.816 [CE][TypeSetup] :: 206 classes setuped...
14:52:41.895 [CE][RegisterBind] :: 0 classes binded...
14:52:41.895 [CE][RegisterConfig] :: 11818 config classes registered, 0 sub-counters...
14:52:41.895 [CE][Hive] :: Loading map data ... 
14:52:41.904 [CE][IgnoreList] "cfgignorelist.xml" :: loaded 19 types
14:52:41.932 !!! [CE] :: Unknown category: 'vehicleparts'.
14:52:41.932 !!! [CE] :: Unknown category: 'vehicleparts'.
14:52:41.933 !!! [CE] :: Unknown category: 'vehicleparts'.
14:52:41.933 !!! [CE] :: Unknown category: 'vehicleparts'.
14:52:41.934 !!! [CE] :: Unknown category: 'vehicleparts'.
14:52:41.935 !!! [CE] :: Unknown category: 'vehicleparts'.
14:52:41.935 !!! [CE] :: Unknown category: 'vehicleparts'.
14:52:41.936 !!! [CE] :: Unknown category: 'vehicleparts'.
14:52:41.936 !!! [CE] :: Unknown category: 'vehicleparts'.
14:52:41.937 !!! [CE] :: Unknown category: 'vehicleparts'.
14:52:41.937 !!! [CE] :: Unknown category: 'vehicleparts'.
14:52:41.938 !!! [CE] :: Unknown category: 'vehicleparts'.
14:52:41.938 !!! [CE] :: Unknown category: 'vehicleparts'.
14:52:41.939 !!! [CE] :: Unknown category: 'vehicleparts'.
14:52:41.939 !!! [CE] :: Unknown category: 'vehicleparts'.
14:52:41.940 !!! [CE] :: Unknown category: 'vehicleparts'.
14:52:41.940 !!! [CE] :: Unknown category: 'vehicleparts'.
14:52:41.942 !!! [CE] :: Unknown category: 'vehicleparts'.
14:52:41.942 !!! [CE] :: Unknown category: 'vehicleparts'.
14:52:41.943 !!! [CE] :: Unknown category: 'vehicleparts'.
14:52:41.943 !!! [CE] :: Unknown category: 'vehicleparts'.
14:52:41.944 !!! [CE] :: Unknown category: 'vehicleparts'.
14:52:41.944 !!! [CE] :: Unknown category: 'vehicleparts'.
14:52:41.945 !!! [CE] :: Unknown category: 'vehicleparts'.
14:52:41.946 !!! [CE] :: Unknown category: 'vehicleparts'.
14:52:41.946 !!! [CE] :: Unknown category: 'vehicleparts'.
14:52:41.947 !!! [CE] :: Unknown category: 'vehicleparts'.
14:52:41.947 !!! [CE] :: Unknown category: 'vehicleparts'.
14:52:41.948 !!! [CE] :: Unknown category: 'vehicleparts'.
14:52:41.948 !!! [CE] :: Unknown category: 'vehicleparts'.
14:52:41.949 !!! [CE] :: Unknown category: 'vehicleparts'.
14:52:41.950 !!! [CE] :: Unknown category: 'vehicleparts'.
14:52:41.951 !!! [CE] :: Unknown category: 'vehicleparts'.
14:52:41.952 !!! [CE] :: Unknown category: 'vehicleparts'.
14:52:41.952 !!! [CE] :: Unknown category: 'vehicleparts'.
14:52:41.953 !!! [CE] :: Unknown category: 'vehicleparts'.
14:52:41.953 !!! [CE] :: Unknown category: 'vehicleparts'.
14:52:41.954 !!! [CE] :: Unknown category: 'vehicleparts'.
14:52:41.955 !!! [CE] :: Unknown category: 'vehicleparts'.
14:52:41.955 !!! [CE] :: Unknown category: 'vehicleparts'.
14:52:41.956 !!! [CE] :: Unknown category: 'vehicleparts'.
14:52:41.956 !!! [CE] :: Unknown category: 'vehicleparts'.
14:52:41.957 !!! [CE] :: Unknown category: 'vehicleparts'.
14:52:41.957 !!! [CE] :: Unknown category: 'vehicleparts'.
14:52:41.958 !!! [CE] :: Unknown category: 'vehicleparts'.
14:52:41.959 !!! [CE] :: Unknown category: 'vehicleparts'.
14:52:41.959 !!! [CE] :: Unknown category: 'vehicleparts'.
14:52:41.960 !!! [CE] :: Unknown category: 'vehicleparts'.
14:52:41.960 !!! [CE] :: Unknown category: 'vehicleparts'.
14:52:41.961 !!! [CE] :: Unknown category: 'vehicleparts'.
14:52:41.961 !!! [CE] :: Unknown category: 'vehicleparts'.
14:52:41.962 !!! [CE] :: Unknown category: 'vehicleparts'.
14:52:41.962 [CE][LoadPrototype] :: loaded 413 prototypes
14:52:41.963   799 containers, 10078 points
14:52:41.963   66 dispatches, 239 proxies
14:52:41.964 !!! [CE][LoadPrototype] 5 groups have no points...
14:52:41.965 [CE][LoadPrototype] :: last group name: Land_Wreck_sed02_aban2_red_DE...
14:52:41.969 [CE][LoadPrototype] :: loaded 0 prototypes
14:52:41.969   55 containers, 232 points
14:52:41.970   0 dispatches, 0 proxies
14:52:41.970 [CE][LoadPrototype] :: last group name: Rail9...
14:52:42.595 [CE][LoadMap] "Group" :: loaded 11709 groups, groups failed: 0, largest group range: 34.2
14:52:42.597 [CE][LoadMap] "Dirt" :: loaded 0 groups, groups failed: 0, largest group range: 34.2
14:52:42.855 [CE][Links] found 1908 total links between groups, of 11709
14:52:42.855 [CE][LoadClusters] "Cluster" :: Loading files...
14:52:42.978 [CE][LoadClusters] :: file: "mapgroupcluster.xml", 9 types, 50000 instances
14:52:43.97 [CE][LoadClusters] :: file: "mapgroupcluster01", 9 types, 50000 instances
14:52:43.217 [CE][LoadClusters] :: file: "mapgroupcluster02", 9 types, 50000 instances
14:52:43.338 [CE][LoadClusters] :: file: "mapgroupcluster03", 9 types, 50000 instances
14:52:43.388 [CE][LoadClusters] :: file: "mapgroupcluster04", 9 types, 17347 instances
14:52:43.393 [CE][Storage] ver:21 stamp:149, valid:yes, name:"C:\Program Files (x86)\Steam\steamapps\common\DayZServerAug2\mpmissions\Expansion.chernarusplus\storage_1\data\types.bin"
14:52:43.394 [CE][Storage] ver:21 stamp:150, valid:yes, name:"C:\Program Files (x86)\Steam\steamapps\common\DayZServerAug2\mpmissions\Expansion.chernarusplus\storage_1\data\types.001"
14:52:43.394 [CE][Storage] ver:21 stamp:148, valid:yes, name:"C:\Program Files (x86)\Steam\steamapps\common\DayZServerAug2\mpmissions\Expansion.chernarusplus\storage_1\data\types.002"
14:52:43.394 [CE][Storage] Restoring file "C:\Program Files (x86)\Steam\steamapps\common\DayZServerAug2\mpmissions\Expansion.chernarusplus\storage_1\data\types.001".
14:52:43.510 !!! [CE][offlineDB] :: No Shutdown message present.
14:52:43.511 [CE][offlineDB] :: Loaded 47 dynamic events 225 total types.
14:52:43.512 !!! [CE][DE] (VehicleTruck01) :: Unable to create child (Truck_01_Covered_Grey) as the type does not exist.
14:52:43.512 [CE][offlineDB] :: Loaded 58 dynamic events 289 total types.
14:52:43.526 !!! [CE][offlineDB] :: Type 'ChristmasTree' will be ignored. (Not spawnable. (Scope is not public?))
14:52:43.532 !!! [CE][offlineDB] :: Type 'Expansion_M79' will be ignored. (Not spawnable. (Scope is not public?))
14:52:43.532 !!! [CE][offlineDB] :: Type 'ExpansionFlaregun' will be ignored. (Not spawnable. (Scope is not public?))
14:52:43.532 !!! [CE][offlineDB] :: Type 'Expansion_Longhorn' will be ignored. (Not spawnable. (Scope is not public?))
14:52:43.536 !!! [CE][offlineDB] :: Type 'MMG_tactical_shirt_dark_woodland' will be ignored. (Type does not exist. (Typo?))
14:52:43.538 !!! [CE][offlineDB] :: Type 'MMG_mmps_nag_multicamblack' will be ignored. (Type does not exist. (Typo?))
14:52:43.538 !!! [CE][offlineDB] :: Type 'MMG_assault_pack_multicam_tropic' will be ignored. (Type does not exist. (Typo?))
14:52:43.667 !!! [CE][DE][SPAWNS] :: [WARNING] :: Skipping entry for non-existing event 'VehicleTransitBus'.
14:52:43.668 [CE][DE][SPAWNS] :: Total positions: 987
14:52:43.668 [CE][DE][GROUPS] :: Total eventgroups defined: 83, Eventgroups in use: 83
14:52:43.671 [CE][Storage] ver:21 stamp:149, valid:yes, name:"C:\Program Files (x86)\Steam\steamapps\common\DayZServerAug2\mpmissions\Expansion.chernarusplus\storage_1\data\events.bin"
14:52:43.672 [CE][Storage] ver:21 stamp:150, valid:yes, name:"C:\Program Files (x86)\Steam\steamapps\common\DayZServerAug2\mpmissions\Expansion.chernarusplus\storage_1\data\events.001"
14:52:43.672 [CE][Storage] ver:21 stamp:148, valid:yes, name:"C:\Program Files (x86)\Steam\steamapps\common\DayZServerAug2\mpmissions\Expansion.chernarusplus\storage_1\data\events.002"
14:52:43.672 [CE][Storage] Restoring file "C:\Program Files (x86)\Steam\steamapps\common\DayZServerAug2\mpmissions\Expansion.chernarusplus\storage_1\data\events.001".
14:52:43.672 [CE][DynamicEvent] Load  Events:[58] Primary spawners: 58 Secondary spawners: 4
14:52:43.676 [CE][Storage] ver:25 stamp:149, valid:yes, name:"C:\Program Files (x86)\Steam\steamapps\common\DayZServerAug2\mpmissions\Expansion.chernarusplus\storage_1\data\dynamic_000.bin"
14:52:43.676 [CE][Storage] ver:25 stamp:150, valid:yes, name:"C:\Program Files (x86)\Steam\steamapps\common\DayZServerAug2\mpmissions\Expansion.chernarusplus\storage_1\data\dynamic_000.001"
14:52:43.677 [CE][Storage] ver:25 stamp:148, valid:yes, name:"C:\Program Files (x86)\Steam\steamapps\common\DayZServerAug2\mpmissions\Expansion.chernarusplus\storage_1\data\dynamic_000.002"
14:52:43.677 [CE][Storage] Restoring file "C:\Program Files (x86)\Steam\steamapps\common\DayZServerAug2\mpmissions\Expansion.chernarusplus\storage_1\data\dynamic_000.001" 1021 items.
14:52:44.140   1021 items loaded. (0 failed)
14:52:44.144 [CE][Storage] ver:25 stamp:149, valid:yes, name:"C:\Program Files (x86)\Steam\steamapps\common\DayZServerAug2\mpmissions\Expansion.chernarusplus\storage_1\data\dynamic_001.bin"
14:52:44.145 [CE][Storage] ver:25 stamp:150, valid:yes, name:"C:\Program Files (x86)\Steam\steamapps\common\DayZServerAug2\mpmissions\Expansion.chernarusplus\storage_1\data\dynamic_001.001"
14:52:44.145 [CE][Storage] ver:25 stamp:148, valid:yes, name:"C:\Program Files (x86)\Steam\steamapps\common\DayZServerAug2\mpmissions\Expansion.chernarusplus\storage_1\data\dynamic_001.002"
14:52:44.145 [CE][Storage] Restoring file "C:\Program Files (x86)\Steam\steamapps\common\DayZServerAug2\mpmissions\Expansion.chernarusplus\storage_1\data\dynamic_001.001" 1961 items.
14:52:44.877   1961 items loaded. (0 failed)
14:52:44.881 [CE][Storage] ver:25 stamp:149, valid:yes, name:"C:\Program Files (x86)\Steam\steamapps\common\DayZServerAug2\mpmissions\Expansion.chernarusplus\storage_1\data\dynamic_002.bin"
14:52:44.882 [CE][Storage] ver:25 stamp:150, valid:yes, name:"C:\Program Files (x86)\Steam\steamapps\common\DayZServerAug2\mpmissions\Expansion.chernarusplus\storage_1\data\dynamic_002.001"
14:52:44.882 [CE][Storage] ver:25 stamp:148, valid:yes, name:"C:\Program Files (x86)\Steam\steamapps\common\DayZServerAug2\mpmissions\Expansion.chernarusplus\storage_1\data\dynamic_002.002"
14:52:44.882 [CE][Storage] Restoring file "C:\Program Files (x86)\Steam\steamapps\common\DayZServerAug2\mpmissions\Expansion.chernarusplus\storage_1\data\dynamic_002.001" 2836 items.
14:52:45.822   2836 items loaded. (0 failed)
14:52:45.827 [CE][Storage] ver:25 stamp:149, valid:yes, name:"C:\Program Files (x86)\Steam\steamapps\common\DayZServerAug2\mpmissions\Expansion.chernarusplus\storage_1\data\dynamic_003.bin"
14:52:45.827 [CE][Storage] ver:25 stamp:150, valid:yes, name:"C:\Program Files (x86)\Steam\steamapps\common\DayZServerAug2\mpmissions\Expansion.chernarusplus\storage_1\data\dynamic_003.001"
14:52:45.827 [CE][Storage] ver:25 stamp:148, valid:yes, name:"C:\Program Files (x86)\Steam\steamapps\common\DayZServerAug2\mpmissions\Expansion.chernarusplus\storage_1\data\dynamic_003.002"
14:52:45.827 [CE][Storage] Restoring file "C:\Program Files (x86)\Steam\steamapps\common\DayZServerAug2\mpmissions\Expansion.chernarusplus\storage_1\data\dynamic_003.001" 2577 items.
14:52:46.731   2577 items loaded. (0 failed)
14:52:46.736 [CE][Storage] ver:25 stamp:149, valid:yes, name:"C:\Program Files (x86)\Steam\steamapps\common\DayZServerAug2\mpmissions\Expansion.chernarusplus\storage_1\data\dynamic_004.bin"
14:52:46.736 [CE][Storage] ver:25 stamp:150, valid:yes, name:"C:\Program Files (x86)\Steam\steamapps\common\DayZServerAug2\mpmissions\Expansion.chernarusplus\storage_1\data\dynamic_004.001"
14:52:46.736 [CE][Storage] ver:25 stamp:148, valid:yes, name:"C:\Program Files (x86)\Steam\steamapps\common\DayZServerAug2\mpmissions\Expansion.chernarusplus\storage_1\data\dynamic_004.002"
14:52:46.736 [CE][Storage] Restoring file "C:\Program Files (x86)\Steam\steamapps\common\DayZServerAug2\mpmissions\Expansion.chernarusplus\storage_1\data\dynamic_004.001" 2144 items.
14:52:47.469   2144 items loaded. (0 failed)
14:52:47.474 [CE][Storage] ver:25 stamp:149, valid:yes, name:"C:\Program Files (x86)\Steam\steamapps\common\DayZServerAug2\mpmissions\Expansion.chernarusplus\storage_1\data\dynamic_005.bin"
14:52:47.474 [CE][Storage] ver:25 stamp:150, valid:yes, name:"C:\Program Files (x86)\Steam\steamapps\common\DayZServerAug2\mpmissions\Expansion.chernarusplus\storage_1\data\dynamic_005.001"
14:52:47.474 [CE][Storage] ver:25 stamp:148, valid:yes, name:"C:\Program Files (x86)\Steam\steamapps\common\DayZServerAug2\mpmissions\Expansion.chernarusplus\storage_1\data\dynamic_005.002"
14:52:47.474 [CE][Storage] Restoring file "C:\Program Files (x86)\Steam\steamapps\common\DayZServerAug2\mpmissions\Expansion.chernarusplus\storage_1\data\dynamic_005.001" 2400 items.
14:52:48.284   2400 items loaded. (0 failed)
14:52:48.289 [CE][Storage] ver:25 stamp:149, valid:yes, name:"C:\Program Files (x86)\Steam\steamapps\common\DayZServerAug2\mpmissions\Expansion.chernarusplus\storage_1\data\dynamic_006.bin"
14:52:48.290 [CE][Storage] ver:25 stamp:150, valid:yes, name:"C:\Program Files (x86)\Steam\steamapps\common\DayZServerAug2\mpmissions\Expansion.chernarusplus\storage_1\data\dynamic_006.001"
14:52:48.290 [CE][Storage] ver:25 stamp:148, valid:yes, name:"C:\Program Files (x86)\Steam\steamapps\common\DayZServerAug2\mpmissions\Expansion.chernarusplus\storage_1\data\dynamic_006.002"
14:52:48.290 [CE][Storage] Restoring file "C:\Program Files (x86)\Steam\steamapps\common\DayZServerAug2\mpmissions\Expansion.chernarusplus\storage_1\data\dynamic_006.001" 1716 items.
14:52:48.931   1716 items loaded. (0 failed)
14:52:48.935 [CE][Storage] ver:25 stamp:149, valid:yes, name:"C:\Program Files (x86)\Steam\steamapps\common\DayZServerAug2\mpmissions\Expansion.chernarusplus\storage_1\data\dynamic_007.bin"
14:52:48.936 [CE][Storage] ver:25 stamp:150, valid:yes, name:"C:\Program Files (x86)\Steam\steamapps\common\DayZServerAug2\mpmissions\Expansion.chernarusplus\storage_1\data\dynamic_007.001"
14:52:48.936 [CE][Storage] ver:25 stamp:148, valid:yes, name:"C:\Program Files (x86)\Steam\steamapps\common\DayZServerAug2\mpmissions\Expansion.chernarusplus\storage_1\data\dynamic_007.002"
14:52:48.936 [CE][Storage] Restoring file "C:\Program Files (x86)\Steam\steamapps\common\DayZServerAug2\mpmissions\Expansion.chernarusplus\storage_1\data\dynamic_007.001" 1678 items.
14:52:49.550   1678 items loaded. (0 failed)
14:52:49.554 [CE][Storage] ver:25 stamp:149, valid:yes, name:"C:\Program Files (x86)\Steam\steamapps\common\DayZServerAug2\mpmissions\Expansion.chernarusplus\storage_1\data\dynamic_008.bin"
14:52:49.555 [CE][Storage] ver:25 stamp:150, valid:yes, name:"C:\Program Files (x86)\Steam\steamapps\common\DayZServerAug2\mpmissions\Expansion.chernarusplus\storage_1\data\dynamic_008.001"
14:52:49.555 [CE][Storage] ver:25 stamp:148, valid:yes, name:"C:\Program Files (x86)\Steam\steamapps\common\DayZServerAug2\mpmissions\Expansion.chernarusplus\storage_1\data\dynamic_008.002"
14:52:49.555 [CE][Storage] Restoring file "C:\Program Files (x86)\Steam\steamapps\common\DayZServerAug2\mpmissions\Expansion.chernarusplus\storage_1\data\dynamic_008.001" 2386 items.
14:52:50.440   2386 items loaded. (0 failed)
14:52:50.445 [CE][Storage] ver:25 stamp:149, valid:yes, name:"C:\Program Files (x86)\Steam\steamapps\common\DayZServerAug2\mpmissions\Expansion.chernarusplus\storage_1\data\dynamic_009.bin"
14:52:50.445 [CE][Storage] ver:25 stamp:150, valid:yes, name:"C:\Program Files (x86)\Steam\steamapps\common\DayZServerAug2\mpmissions\Expansion.chernarusplus\storage_1\data\dynamic_009.001"
14:52:50.446 [CE][Storage] ver:25 stamp:148, valid:yes, name:"C:\Program Files (x86)\Steam\steamapps\common\DayZServerAug2\mpmissions\Expansion.chernarusplus\storage_1\data\dynamic_009.002"
14:52:50.446 [CE][Storage] Restoring file "C:\Program Files (x86)\Steam\steamapps\common\DayZServerAug2\mpmissions\Expansion.chernarusplus\storage_1\data\dynamic_009.001" 3043 items.
14:52:51.576   3043 items loaded. (0 failed)
14:52:51.581 [CE][Storage] ver:25 stamp:149, valid:yes, name:"C:\Program Files (x86)\Steam\steamapps\common\DayZServerAug2\mpmissions\Expansion.chernarusplus\storage_1\data\dynamic_010.bin"
14:52:51.581 [CE][Storage] ver:25 stamp:150, valid:yes, name:"C:\Program Files (x86)\Steam\steamapps\common\DayZServerAug2\mpmissions\Expansion.chernarusplus\storage_1\data\dynamic_010.001"
14:52:51.582 [CE][Storage] ver:25 stamp:148, valid:yes, name:"C:\Program Files (x86)\Steam\steamapps\common\DayZServerAug2\mpmissions\Expansion.chernarusplus\storage_1\data\dynamic_010.002"
14:52:51.582 [CE][Storage] Restoring file "C:\Program Files (x86)\Steam\steamapps\common\DayZServerAug2\mpmissions\Expansion.chernarusplus\storage_1\data\dynamic_010.001" 2029 items.
14:52:52.368   2029 items loaded. (0 failed)
14:52:52.374 [CE][Storage] ver:25 stamp:149, valid:yes, name:"C:\Program Files (x86)\Steam\steamapps\common\DayZServerAug2\mpmissions\Expansion.chernarusplus\storage_1\data\dynamic_011.bin"
14:52:52.374 [CE][Storage] ver:25 stamp:150, valid:yes, name:"C:\Program Files (x86)\Steam\steamapps\common\DayZServerAug2\mpmissions\Expansion.chernarusplus\storage_1\data\dynamic_011.001"
14:52:52.374 [CE][Storage] ver:25 stamp:148, valid:yes, name:"C:\Program Files (x86)\Steam\steamapps\common\DayZServerAug2\mpmissions\Expansion.chernarusplus\storage_1\data\dynamic_011.002"
14:52:52.374 [CE][Storage] Restoring file "C:\Program Files (x86)\Steam\steamapps\common\DayZServerAug2\mpmissions\Expansion.chernarusplus\storage_1\data\dynamic_011.001" 195 items.
14:52:52.451   195 items loaded. (0 failed)
14:52:52.454 [CE][Storage] ver:26 stamp:149, valid:yes, name:"C:\Program Files (x86)\Steam\steamapps\common\DayZServerAug2\mpmissions\Expansion.chernarusplus\storage_1\data\building.bin"
14:52:52.454 [CE][Storage] ver:26 stamp:150, valid:yes, name:"C:\Program Files (x86)\Steam\steamapps\common\DayZServerAug2\mpmissions\Expansion.chernarusplus\storage_1\data\building.001"
14:52:52.454 [CE][Storage] ver:26 stamp:148, valid:yes, name:"C:\Program Files (x86)\Steam\steamapps\common\DayZServerAug2\mpmissions\Expansion.chernarusplus\storage_1\data\building.002"
14:52:52.454 [CE][Storage] Restoring file "C:\Program Files (x86)\Steam\steamapps\common\DayZServerAug2\mpmissions\Expansion.chernarusplus\storage_1\data\building.001" 0 items.
14:52:52.454   0 items loaded. (0 failed)
14:52:52.458 [CE][Storage] ver:25 stamp:149, valid:yes, name:"C:\Program Files (x86)\Steam\steamapps\common\DayZServerAug2\mpmissions\Expansion.chernarusplus\storage_1\data\vehicles.bin"
14:52:52.459 [CE][Storage] ver:25 stamp:150, valid:yes, name:"C:\Program Files (x86)\Steam\steamapps\common\DayZServerAug2\mpmissions\Expansion.chernarusplus\storage_1\data\vehicles.001"
14:52:52.459 [CE][Storage] ver:25 stamp:148, valid:yes, name:"C:\Program Files (x86)\Steam\steamapps\common\DayZServerAug2\mpmissions\Expansion.chernarusplus\storage_1\data\vehicles.002"
14:52:52.459 [CE][Storage] Restoring file "C:\Program Files (x86)\Steam\steamapps\common\DayZServerAug2\mpmissions\Expansion.chernarusplus\storage_1\data\vehicles.001" 292 items.
14:52:53.306   292 items loaded. (0 failed)
14:52:53.342 [CE][Hive] :: Storage load took:9.67 seconds, recovery stamp:150
14:52:53.342   entity: 26098, building: 0
14:52:53.342   no lifetime: 75
14:52:53.342   pathgraph's: 623
14:52:53.342 [CE][Hive] :: Initializing ... 
14:52:53.386 [CE][InitializeMap] :: initialized: 0
14:52:53.386 [CE][Hive] :: Initializing spawners ... 
14:52:54.359 [CE][LootRespawner] (PRIDummy) :: Initially (re)spawned:0, Nominal:30379, Total in Map: 24216 at 0 (sec)
14:52:54.359   tests:0, repeats:0 fails:0, overtime:0
14:52:54.362 [CE][DynEvent] :: 58 types
14:52:54.362 [00] AmbientHen
14:52:54.362   Primary Spawner: "Ambient", active: yes, repeat: 1
14:52:54.362 [01] AnimalBear
14:52:54.362   Primary Spawner: "Animal", active: yes, repeat: 1
14:52:54.362 [02] AnimalCow
14:52:54.362   Primary Spawner: "Animal", active: yes, repeat: 1
14:52:54.362 [03] AnimalDeer
14:52:54.362   Primary Spawner: "Animal", active: yes, repeat: 1
14:52:54.362 [04] AnimalGoat
14:52:54.362   Primary Spawner: "Animal", active: yes, repeat: 1
14:52:54.362 [05] AnimalPig
14:52:54.362   Primary Spawner: "Animal", active: yes, repeat: 1
14:52:54.362 [06] AnimalRoeDeer
14:52:54.362   Primary Spawner: "Animal", active: yes, repeat: 1
14:52:54.362 [07] AnimalSheep
14:52:54.362   Primary Spawner: "Animal", active: yes, repeat: 1
14:52:54.362 [08] AnimalWildBoar
14:52:54.362   Primary Spawner: "Animal", active: yes, repeat: 1
14:52:54.362 [09] AnimalWolf
14:52:54.362   Primary Spawner: "Animal", active: yes, repeat: 1
14:52:54.362 [10] InfectedArmy
14:52:54.362   Primary Spawner: "Infected", active: yes, repeat: 1
14:52:54.362 [11] InfectedArmyHard
14:52:54.362   Primary Spawner: "Infected", active: yes, repeat: 1
14:52:54.362 [12] InfectedCity
14:52:54.362   Primary Spawner: "Infected", active: yes, repeat: 1
14:52:54.362 [13] InfectedCityTier1
14:52:54.362   Primary Spawner: "Infected", active: yes, repeat: 1
14:52:54.363 [14] InfectedFirefighter
14:52:54.363   Primary Spawner: "Infected", active: yes, repeat: 1
14:52:54.363 [15] InfectedIndustrial
14:52:54.363   Primary Spawner: "Infected", active: yes, repeat: 1
14:52:54.363 [16] InfectedMedic
14:52:54.363   Primary Spawner: "Infected", active: yes, repeat: 1
14:52:54.363 [17] InfectedNBC
14:52:54.363   Primary Spawner: "Infected", active: yes, repeat: 1
14:52:54.363 [18] InfectedNBCYellow
14:52:54.363   Primary Spawner: "Infected", active: yes, repeat: 1
14:52:54.363 [19] InfectedPolice
14:52:54.363   Primary Spawner: "Infected", active: yes, repeat: 1
14:52:54.363 [20] InfectedPoliceHard
14:52:54.363   Primary Spawner: "Infected", active: yes, repeat: 1
14:52:54.363 [21] InfectedPrisoner
14:52:54.363   Primary Spawner: "Infected", active: yes, repeat: 1
14:52:54.363 [22] InfectedReligious
14:52:54.363   Primary Spawner: "Infected", active: yes, repeat: 1
14:52:54.363 [23] InfectedSanta
14:52:54.363   Primary Spawner: "Infected", active: yes, repeat: 1
14:52:54.363 [24] InfectedSolitude
14:52:54.363   Primary Spawner: "Infected", active: yes, repeat: 1
14:52:54.363 [25] InfectedVillage
14:52:54.363   Primary Spawner: "Infected", active: yes, repeat: 1
14:52:54.363 [26] InfectedVillageTier1
14:52:54.363   Primary Spawner: "Infected", active: yes, repeat: 1
14:52:54.363 [27] ItemPlanks
14:52:54.363   Primary Spawner: "Item", active: yes, repeat: 1
14:52:54.363 [28] Loot
14:52:54.363   Primary Spawner: "Loot", active: yes, repeat: 2
14:52:54.363 [29] StaticContaminatedArea
14:52:54.363   Primary Spawner: "Static", active: yes, repeat: 1
14:52:54.363 [30] StaticHeliCrash
14:52:54.363   Primary Spawner: "Static", active: yes, repeat: 1
14:52:54.363   Secondary Spawner: "Infected", active: yes, repeat: 1
14:52:54.363 [31] StaticMilitaryConvoy
14:52:54.363   Primary Spawner: "Static", active: yes, repeat: 1
14:52:54.363   Secondary Spawner: "Infected", active: yes, repeat: 1
14:52:54.363 [32] StaticPoliceSituation
14:52:54.363   Primary Spawner: "Static", active: yes, repeat: 1
14:52:54.363   Secondary Spawner: "Infected", active: yes, repeat: 1
14:52:54.363 [33] StaticTrain
14:52:54.363   Primary Spawner: "Static", active: yes, repeat: 1
14:52:54.363   Secondary Spawner: "Infected", active: yes, repeat: 1
14:52:54.363 [34] TrajectoryApple
14:52:54.363   Primary Spawner: "Trajectory", active: yes, repeat: 1
14:52:54.363 [35] TrajectoryConiferous
14:52:54.363   Primary Spawner: "Trajectory", active: yes, repeat: 1
14:52:54.363 [36] TrajectoryDeciduous
14:52:54.363   Primary Spawner: "Trajectory", active: yes, repeat: 1
14:52:54.363 [37] TrajectoryHumus
14:52:54.363   Primary Spawner: "Trajectory", active: yes, repeat: 1
14:52:54.363 [38] TrajectoryPear
14:52:54.363   Primary Spawner: "Trajectory", active: yes, repeat: 1
14:52:54.363 [39] TrajectoryPlum
14:52:54.363   Primary Spawner: "Trajectory", active: yes, repeat: 1
14:52:54.363 [40] TrajectoryStones
14:52:54.363   Primary Spawner: "Trajectory", active: yes, repeat: 1
14:52:54.363 [41] VehicleCivilianSedan
14:52:54.363   Primary Spawner: "Vehicle", active: yes, repeat: 1
14:52:54.363 [42] VehicleHatchback02
14:52:54.363   Primary Spawner: "Vehicle", active: yes, repeat: 1
