

=====================================================================
== C:\Program Files (x86)\Steam\steamapps\common\DayZServerAug2\DayZServer_x64.exe
== "DayZServer_x64.exe" -config=serverDZ.cfg -mod=@CF;@CommunityOnlineTools;@DabsFramework;@DayZ-Editor-Loader;@DayZ-Expansion-Animations;@DayZ-Expansion-Bundle;@DayZ-Expansion-Licensed;@MMG-MightysMilitaryGear;@PvZmoD_CustomisableZombies "-serverMod=_@DayZ-Dynamic-AI-Addon" -port=2302 -profiles=config -cpuCount=4 -adminlog -netlog -freezecheck 
=====================================================================
Exe timestamp: 2023/07/27 17:06:07
Current time:  2023/08/17 14:29:37

Version 1.21.156300
14:29:37.252 [Inputs] Loading inputs default "bin/constants.xml"
14:29:37.254 [Inputs] Loading inputs default "bin/specific.xml"
14:29:37.255 [Inputs] Loading inputs default "JM/COT/Scripts/Data/Inputs.xml"
14:29:37.255 !!! [Inputs] Cannot Register "UAObjectModuleDeleteOnCursor" non-existent input - Fix Preset!
14:29:37.255 [Inputs] Loading inputs default "LIVEN/PvZmoD_CustomisableZombies/inputs.xml"
14:29:37.255 [Inputs] Loading inputs default "DayZExpansion/Groups/Scripts/Data/Inputs.xml"
14:29:37.256 [Inputs] Loading inputs default "DayZExpansion/Navigation/Scripts/Data/Inputs.xml"
14:29:37.256 !!! [Inputs] Attempt to register duplicate exclusion group "chatexpansion"
14:29:37.256 [Inputs] Loading inputs default "DayZExpansion/PlayerList/Scripts/Data/Inputs.xml"
14:29:37.256 !!! [Inputs] Attempt to register duplicate exclusion group "chatexpansion"
14:29:37.256 [Inputs] Loading inputs default "DayZExpansion/Scripts/Data/Inputs.xml"
14:29:37.256 !!! [Inputs] Attempt to register duplicate exclusion group "chatexpansion"
14:29:37.256 [Inputs] Loading inputs default "DayZExpansion/Vehicles/Scripts/Data/Inputs.xml"
14:29:37.257 [Inputs] Loading inputs default "DayZExpansion/AI/Scripts/inputs.xml"
14:29:37.258 [Inputs] Loading inputs default "DayZExpansion/BaseBuilding/Scripts/Data/Inputs.xml"
14:29:37.258 !!! [Inputs] Attempt to register duplicate exclusion group "chatexpansion"
14:29:37.258 [Inputs] Loading inputs default "DayZExpansion/Book/Scripts/Data/Inputs.xml"
14:29:37.258 !!! [Inputs] Attempt to register duplicate exclusion group "chatexpansion"
14:29:37.259 [Inputs] Loading inputs default "DayZExpansion/Chat/Scripts/Data/Inputs.xml"
14:29:37.260 !!! [Inputs] Attempt to register duplicate exclusion group "chatexpansion"
14:29:37.261 [Inputs] Loading inputs default "DayZExpansion/Quests/Scripts/Data/Inputs.xml"
14:29:37.263 [Inputs] Loading inputs cfg "config\Users\Survivor\Server.core.xml"
14:29:37.263 !!! [Inputs] Cannot read inputs cfg "config\Users\Survivor\Server.core.xml", parser error
14:29:37.263 [Inputs] Loading inputs cfg "bin/core.xml"
14:29:37.264 !!! [Inputs] Cannot load input preset "#STR_USER", file does not exist
14:29:37.267 [Inputs] Exporting inputs cfg "config\Users\Survivor\Server.core.xml"
14:29:56.979 [CE][Hive] :: Initializing OFFLINE
14:29:56.979 [StorageDirs] :: Selected storage directory: C:\Program Files (x86)\Steam\steamapps\common\DayZServerAug2\mpmissions\Expansion.chernarusplus\storage_1\
14:29:56.979 [CE][Hive] :: Loading core data ... 
14:29:56.980 [CE][CoreData] :: 7 root classes, 18 defaults, 0 updaters...
14:29:59.679 [CE] :: WARNING :: Preset map "optics" is EMPTY.
14:29:59.680 [CE][TypeSetup] :: 505 classes setuped...
14:29:59.682 [CE] :: WARNING :: Preset map "optics" is EMPTY.
14:29:59.683 [CE][TypeSetup] :: 97 classes setuped...
14:29:59.685 [CE] :: WARNING :: Preset map "optics" is EMPTY.
14:29:59.686 [CE][TypeSetup] :: 206 classes setuped...
14:30:00.813 [CE][RegisterBind] :: 0 classes binded...
14:30:00.813 [CE][RegisterConfig] :: 11818 config classes registered, 0 sub-counters...
14:30:00.813 [CE][Hive] :: Loading map data ... 
14:30:00.823 [CE][IgnoreList] "cfgignorelist.xml" :: loaded 19 types
14:30:00.850 !!! [CE] :: Unknown category: 'vehicleparts'.
14:30:00.850 !!! [CE] :: Unknown category: 'vehicleparts'.
14:30:00.850 !!! [CE] :: Unknown category: 'vehicleparts'.
14:30:00.850 !!! [CE] :: Unknown category: 'vehicleparts'.
14:30:00.850 !!! [CE] :: Unknown category: 'vehicleparts'.
14:30:00.850 !!! [CE] :: Unknown category: 'vehicleparts'.
14:30:00.850 !!! [CE] :: Unknown category: 'vehicleparts'.
14:30:00.850 !!! [CE] :: Unknown category: 'vehicleparts'.
14:30:00.850 !!! [CE] :: Unknown category: 'vehicleparts'.
14:30:00.850 !!! [CE] :: Unknown category: 'vehicleparts'.
14:30:00.850 !!! [CE] :: Unknown category: 'vehicleparts'.
14:30:00.850 !!! [CE] :: Unknown category: 'vehicleparts'.
14:30:00.850 !!! [CE] :: Unknown category: 'vehicleparts'.
14:30:00.850 !!! [CE] :: Unknown category: 'vehicleparts'.
14:30:00.850 !!! [CE] :: Unknown category: 'vehicleparts'.
14:30:00.850 !!! [CE] :: Unknown category: 'vehicleparts'.
14:30:00.850 !!! [CE] :: Unknown category: 'vehicleparts'.
14:30:00.850 !!! [CE] :: Unknown category: 'vehicleparts'.
14:30:00.850 !!! [CE] :: Unknown category: 'vehicleparts'.
14:30:00.850 !!! [CE] :: Unknown category: 'vehicleparts'.
14:30:00.850 !!! [CE] :: Unknown category: 'vehicleparts'.
14:30:00.850 !!! [CE] :: Unknown category: 'vehicleparts'.
14:30:00.850 !!! [CE] :: Unknown category: 'vehicleparts'.
14:30:00.850 !!! [CE] :: Unknown category: 'vehicleparts'.
14:30:00.851 !!! [CE] :: Unknown category: 'vehicleparts'.
14:30:00.851 !!! [CE] :: Unknown category: 'vehicleparts'.
14:30:00.851 !!! [CE] :: Unknown category: 'vehicleparts'.
14:30:00.851 !!! [CE] :: Unknown category: 'vehicleparts'.
14:30:00.851 !!! [CE] :: Unknown category: 'vehicleparts'.
14:30:00.851 !!! [CE] :: Unknown category: 'vehicleparts'.
14:30:00.851 !!! [CE] :: Unknown category: 'vehicleparts'.
14:30:00.851 !!! [CE] :: Unknown category: 'vehicleparts'.
14:30:00.851 !!! [CE] :: Unknown category: 'vehicleparts'.
14:30:00.851 !!! [CE] :: Unknown category: 'vehicleparts'.
14:30:00.851 !!! [CE] :: Unknown category: 'vehicleparts'.
14:30:00.851 !!! [CE] :: Unknown category: 'vehicleparts'.
14:30:00.851 !!! [CE] :: Unknown category: 'vehicleparts'.
14:30:00.851 !!! [CE] :: Unknown category: 'vehicleparts'.
14:30:00.851 !!! [CE] :: Unknown category: 'vehicleparts'.
14:30:00.851 !!! [CE] :: Unknown category: 'vehicleparts'.
14:30:00.851 !!! [CE] :: Unknown category: 'vehicleparts'.
14:30:00.851 !!! [CE] :: Unknown category: 'vehicleparts'.
14:30:00.851 !!! [CE] :: Unknown category: 'vehicleparts'.
14:30:00.851 !!! [CE] :: Unknown category: 'vehicleparts'.
14:30:00.851 !!! [CE] :: Unknown category: 'vehicleparts'.
14:30:00.851 !!! [CE] :: Unknown category: 'vehicleparts'.
14:30:00.851 !!! [CE] :: Unknown category: 'vehicleparts'.
14:30:00.851 !!! [CE] :: Unknown category: 'vehicleparts'.
14:30:00.851 !!! [CE] :: Unknown category: 'vehicleparts'.
14:30:00.851 !!! [CE] :: Unknown category: 'vehicleparts'.
14:30:00.851 !!! [CE] :: Unknown category: 'vehicleparts'.
14:30:00.851 !!! [CE] :: Unknown category: 'vehicleparts'.
14:30:00.851 [CE][LoadPrototype] :: loaded 413 prototypes
14:30:00.851   799 containers, 10078 points
14:30:00.851   66 dispatches, 239 proxies
14:30:00.852 !!! [CE][LoadPrototype] 5 groups have no points...
14:30:00.852 [CE][LoadPrototype] :: last group name: Land_Wreck_sed02_aban2_red_DE...
14:30:00.855 [CE][LoadPrototype] :: loaded 0 prototypes
14:30:00.855   55 containers, 232 points
14:30:00.855   0 dispatches, 0 proxies
14:30:00.855 [CE][LoadPrototype] :: last group name: Rail9...
14:30:01.453 [CE][LoadMap] "Group" :: loaded 11709 groups, groups failed: 0, largest group range: 34.2
14:30:01.455 [CE][LoadMap] "Dirt" :: loaded 0 groups, groups failed: 0, largest group range: 34.2
14:30:01.717 [CE][Links] found 1908 total links between groups, of 11709
14:30:01.717 [CE][LoadClusters] "Cluster" :: Loading files...
14:30:01.842 [CE][LoadClusters] :: file: "mapgroupcluster.xml", 9 types, 50000 instances
14:30:01.959 [CE][LoadClusters] :: file: "mapgroupcluster01", 9 types, 50000 instances
14:30:02.76 [CE][LoadClusters] :: file: "mapgroupcluster02", 9 types, 50000 instances
14:30:02.195 [CE][LoadClusters] :: file: "mapgroupcluster03", 9 types, 50000 instances
14:30:02.240 [CE][LoadClusters] :: file: "mapgroupcluster04", 9 types, 17347 instances
14:30:02.247 [CE][Storage] ver:21 stamp:118, valid:yes, name:"C:\Program Files (x86)\Steam\steamapps\common\DayZServerAug2\mpmissions\Expansion.chernarusplus\storage_1\data\types.bin"
14:30:02.248 [CE][Storage] ver:21 stamp:74, valid:yes, name:"C:\Program Files (x86)\Steam\steamapps\common\DayZServerAug2\mpmissions\Expansion.chernarusplus\storage_1\data\types.001"
14:30:02.248 [CE][Storage] ver:21 stamp:75, valid:yes, name:"C:\Program Files (x86)\Steam\steamapps\common\DayZServerAug2\mpmissions\Expansion.chernarusplus\storage_1\data\types.002"
14:30:02.248 [CE][Storage] Restoring file "C:\Program Files (x86)\Steam\steamapps\common\DayZServerAug2\mpmissions\Expansion.chernarusplus\storage_1\data\types.bin".
14:30:02.362 !!! [CE][offlineDB] :: No Shutdown message present.
14:30:02.363 [CE][offlineDB] :: Loaded 47 dynamic events 225 total types.
14:30:02.364 !!! [CE][DE] (VehicleTruck01) :: Unable to create child (Truck_01_Covered_Grey) as the type does not exist.
14:30:02.364 [CE][offlineDB] :: Loaded 58 dynamic events 289 total types.
14:30:02.376 !!! [CE][offlineDB] :: Type 'ChristmasTree' will be ignored. (Not spawnable. (Scope is not public?))
14:30:02.381 !!! [CE][offlineDB] :: Type 'Expansion_M79' will be ignored. (Not spawnable. (Scope is not public?))
14:30:02.381 !!! [CE][offlineDB] :: Type 'ExpansionFlaregun' will be ignored. (Not spawnable. (Scope is not public?))
14:30:02.381 !!! [CE][offlineDB] :: Type 'Expansion_Longhorn' will be ignored. (Not spawnable. (Scope is not public?))
14:30:02.385 !!! [CE][offlineDB] :: Type 'MMG_tactical_shirt_dark_woodland' will be ignored. (Type does not exist. (Typo?))
14:30:02.387 !!! [CE][offlineDB] :: Type 'MMG_mmps_nag_multicamblack' will be ignored. (Type does not exist. (Typo?))
14:30:02.388 !!! [CE][offlineDB] :: Type 'MMG_assault_pack_multicam_tropic' will be ignored. (Type does not exist. (Typo?))
14:30:02.515 !!! [CE][DE][SPAWNS] :: [WARNING] :: Skipping entry for non-existing event 'VehicleTransitBus'.
14:30:02.516 [CE][DE][SPAWNS] :: Total positions: 987
14:30:02.516 [CE][DE][GROUPS] :: Total eventgroups defined: 83, Eventgroups in use: 83
14:30:02.520 [CE][Storage] ver:21 stamp:118, valid:yes, name:"C:\Program Files (x86)\Steam\steamapps\common\DayZServerAug2\mpmissions\Expansion.chernarusplus\storage_1\data\events.bin"
14:30:02.520 [CE][Storage] ver:21 stamp:74, valid:yes, name:"C:\Program Files (x86)\Steam\steamapps\common\DayZServerAug2\mpmissions\Expansion.chernarusplus\storage_1\data\events.001"
14:30:02.520 [CE][Storage] ver:21 stamp:75, valid:yes, name:"C:\Program Files (x86)\Steam\steamapps\common\DayZServerAug2\mpmissions\Expansion.chernarusplus\storage_1\data\events.002"
14:30:02.520 [CE][Storage] Restoring file "C:\Program Files (x86)\Steam\steamapps\common\DayZServerAug2\mpmissions\Expansion.chernarusplus\storage_1\data\events.bin".
14:30:02.520 [CE][DynamicEvent] Load  Events:[58] Primary spawners: 58 Secondary spawners: 4
14:30:02.524 [CE][Storage] ver:25 stamp:118, valid:yes, name:"C:\Program Files (x86)\Steam\steamapps\common\DayZServerAug2\mpmissions\Expansion.chernarusplus\storage_1\data\dynamic_000.bin"
14:30:02.525 [CE][Storage] ver:25 stamp:74, valid:yes, name:"C:\Program Files (x86)\Steam\steamapps\common\DayZServerAug2\mpmissions\Expansion.chernarusplus\storage_1\data\dynamic_000.001"
14:30:02.525 [CE][Storage] ver:25 stamp:75, valid:yes, name:"C:\Program Files (x86)\Steam\steamapps\common\DayZServerAug2\mpmissions\Expansion.chernarusplus\storage_1\data\dynamic_000.002"
14:30:02.525 [CE][Storage] Restoring file "C:\Program Files (x86)\Steam\steamapps\common\DayZServerAug2\mpmissions\Expansion.chernarusplus\storage_1\data\dynamic_000.bin" 1193 items.
14:30:03.83   1193 items loaded. (0 failed)
14:30:03.87 [CE][Storage] ver:25 stamp:118, valid:yes, name:"C:\Program Files (x86)\Steam\steamapps\common\DayZServerAug2\mpmissions\Expansion.chernarusplus\storage_1\data\dynamic_001.bin"
14:30:03.88 [CE][Storage] ver:25 stamp:74, valid:yes, name:"C:\Program Files (x86)\Steam\steamapps\common\DayZServerAug2\mpmissions\Expansion.chernarusplus\storage_1\data\dynamic_001.001"
14:30:03.88 [CE][Storage] ver:25 stamp:75, valid:yes, name:"C:\Program Files (x86)\Steam\steamapps\common\DayZServerAug2\mpmissions\Expansion.chernarusplus\storage_1\data\dynamic_001.002"
14:30:03.88 [CE][Storage] Restoring file "C:\Program Files (x86)\Steam\steamapps\common\DayZServerAug2\mpmissions\Expansion.chernarusplus\storage_1\data\dynamic_001.bin" 2127 items.
14:30:03.851   2127 items loaded. (0 failed)
14:30:03.856 [CE][Storage] ver:25 stamp:118, valid:yes, name:"C:\Program Files (x86)\Steam\steamapps\common\DayZServerAug2\mpmissions\Expansion.chernarusplus\storage_1\data\dynamic_002.bin"
14:30:03.856 [CE][Storage] ver:25 stamp:74, valid:yes, name:"C:\Program Files (x86)\Steam\steamapps\common\DayZServerAug2\mpmissions\Expansion.chernarusplus\storage_1\data\dynamic_002.001"
14:30:03.856 [CE][Storage] ver:25 stamp:75, valid:yes, name:"C:\Program Files (x86)\Steam\steamapps\common\DayZServerAug2\mpmissions\Expansion.chernarusplus\storage_1\data\dynamic_002.002"
14:30:03.856 [CE][Storage] Restoring file "C:\Program Files (x86)\Steam\steamapps\common\DayZServerAug2\mpmissions\Expansion.chernarusplus\storage_1\data\dynamic_002.bin" 3237 items.
14:30:04.917   3237 items loaded. (0 failed)
14:30:04.921 [CE][Storage] ver:25 stamp:118, valid:yes, name:"C:\Program Files (x86)\Steam\steamapps\common\DayZServerAug2\mpmissions\Expansion.chernarusplus\storage_1\data\dynamic_003.bin"
14:30:04.922 [CE][Storage] ver:25 stamp:74, valid:yes, name:"C:\Program Files (x86)\Steam\steamapps\common\DayZServerAug2\mpmissions\Expansion.chernarusplus\storage_1\data\dynamic_003.001"
14:30:04.923 [CE][Storage] ver:25 stamp:75, valid:yes, name:"C:\Program Files (x86)\Steam\steamapps\common\DayZServerAug2\mpmissions\Expansion.chernarusplus\storage_1\data\dynamic_003.002"
14:30:04.923 [CE][Storage] Restoring file "C:\Program Files (x86)\Steam\steamapps\common\DayZServerAug2\mpmissions\Expansion.chernarusplus\storage_1\data\dynamic_003.bin" 2806 items.
14:30:05.880   2806 items loaded. (0 failed)
14:30:05.884 [CE][Storage] ver:25 stamp:118, valid:yes, name:"C:\Program Files (x86)\Steam\steamapps\common\DayZServerAug2\mpmissions\Expansion.chernarusplus\storage_1\data\dynamic_004.bin"
14:30:05.885 [CE][Storage] ver:25 stamp:74, valid:yes, name:"C:\Program Files (x86)\Steam\steamapps\common\DayZServerAug2\mpmissions\Expansion.chernarusplus\storage_1\data\dynamic_004.001"
14:30:05.885 [CE][Storage] ver:25 stamp:75, valid:yes, name:"C:\Program Files (x86)\Steam\steamapps\common\DayZServerAug2\mpmissions\Expansion.chernarusplus\storage_1\data\dynamic_004.002"
14:30:05.885 [CE][Storage] Restoring file "C:\Program Files (x86)\Steam\steamapps\common\DayZServerAug2\mpmissions\Expansion.chernarusplus\storage_1\data\dynamic_004.bin" 2515 items.
14:30:06.733   2515 items loaded. (0 failed)
14:30:06.737 [CE][Storage] ver:25 stamp:118, valid:yes, name:"C:\Program Files (x86)\Steam\steamapps\common\DayZServerAug2\mpmissions\Expansion.chernarusplus\storage_1\data\dynamic_005.bin"
14:30:06.738 [CE][Storage] ver:25 stamp:74, valid:yes, name:"C:\Program Files (x86)\Steam\steamapps\common\DayZServerAug2\mpmissions\Expansion.chernarusplus\storage_1\data\dynamic_005.001"
14:30:06.738 [CE][Storage] ver:25 stamp:75, valid:yes, name:"C:\Program Files (x86)\Steam\steamapps\common\DayZServerAug2\mpmissions\Expansion.chernarusplus\storage_1\data\dynamic_005.002"
14:30:06.738 [CE][Storage] Restoring file "C:\Program Files (x86)\Steam\steamapps\common\DayZServerAug2\mpmissions\Expansion.chernarusplus\storage_1\data\dynamic_005.bin" 2865 items.
14:30:07.730   2865 items loaded. (0 failed)
14:30:07.735 [CE][Storage] ver:25 stamp:118, valid:yes, name:"C:\Program Files (x86)\Steam\steamapps\common\DayZServerAug2\mpmissions\Expansion.chernarusplus\storage_1\data\dynamic_006.bin"
14:30:07.736 [CE][Storage] ver:25 stamp:74, valid:yes, name:"C:\Program Files (x86)\Steam\steamapps\common\DayZServerAug2\mpmissions\Expansion.chernarusplus\storage_1\data\dynamic_006.001"
14:30:07.736 [CE][Storage] ver:25 stamp:75, valid:yes, name:"C:\Program Files (x86)\Steam\steamapps\common\DayZServerAug2\mpmissions\Expansion.chernarusplus\storage_1\data\dynamic_006.002"
14:30:07.736 [CE][Storage] Restoring file "C:\Program Files (x86)\Steam\steamapps\common\DayZServerAug2\mpmissions\Expansion.chernarusplus\storage_1\data\dynamic_006.bin" 1982 items.
14:30:08.417   1982 items loaded. (0 failed)
14:30:08.422 [CE][Storage] ver:25 stamp:118, valid:yes, name:"C:\Program Files (x86)\Steam\steamapps\common\DayZServerAug2\mpmissions\Expansion.chernarusplus\storage_1\data\dynamic_007.bin"
14:30:08.422 [CE][Storage] ver:25 stamp:74, valid:yes, name:"C:\Program Files (x86)\Steam\steamapps\common\DayZServerAug2\mpmissions\Expansion.chernarusplus\storage_1\data\dynamic_007.001"
14:30:08.423 [CE][Storage] ver:25 stamp:75, valid:yes, name:"C:\Program Files (x86)\Steam\steamapps\common\DayZServerAug2\mpmissions\Expansion.chernarusplus\storage_1\data\dynamic_007.002"
14:30:08.423 [CE][Storage] Restoring file "C:\Program Files (x86)\Steam\steamapps\common\DayZServerAug2\mpmissions\Expansion.chernarusplus\storage_1\data\dynamic_007.bin" 1981 items.
14:30:09.110   1981 items loaded. (0 failed)
14:30:09.115 [CE][Storage] ver:25 stamp:118, valid:yes, name:"C:\Program Files (x86)\Steam\steamapps\common\DayZServerAug2\mpmissions\Expansion.chernarusplus\storage_1\data\dynamic_008.bin"
14:30:09.115 [CE][Storage] ver:25 stamp:74, valid:yes, name:"C:\Program Files (x86)\Steam\steamapps\common\DayZServerAug2\mpmissions\Expansion.chernarusplus\storage_1\data\dynamic_008.001"
14:30:09.116 [CE][Storage] ver:25 stamp:75, valid:yes, name:"C:\Program Files (x86)\Steam\steamapps\common\DayZServerAug2\mpmissions\Expansion.chernarusplus\storage_1\data\dynamic_008.002"
14:30:09.116 [CE][Storage] Restoring file "C:\Program Files (x86)\Steam\steamapps\common\DayZServerAug2\mpmissions\Expansion.chernarusplus\storage_1\data\dynamic_008.bin" 2841 items.
14:30:10.120   2841 items loaded. (0 failed)
14:30:10.125 [CE][Storage] ver:25 stamp:118, valid:yes, name:"C:\Program Files (x86)\Steam\steamapps\common\DayZServerAug2\mpmissions\Expansion.chernarusplus\storage_1\data\dynamic_009.bin"
14:30:10.125 [CE][Storage] ver:25 stamp:74, valid:yes, name:"C:\Program Files (x86)\Steam\steamapps\common\DayZServerAug2\mpmissions\Expansion.chernarusplus\storage_1\data\dynamic_009.001"
14:30:10.126 [CE][Storage] ver:25 stamp:75, valid:yes, name:"C:\Program Files (x86)\Steam\steamapps\common\DayZServerAug2\mpmissions\Expansion.chernarusplus\storage_1\data\dynamic_009.002"
14:30:10.126 [CE][Storage] Restoring file "C:\Program Files (x86)\Steam\steamapps\common\DayZServerAug2\mpmissions\Expansion.chernarusplus\storage_1\data\dynamic_009.bin" 3692 items.
14:30:11.439   3692 items loaded. (0 failed)
14:30:11.443 [CE][Storage] ver:25 stamp:118, valid:yes, name:"C:\Program Files (x86)\Steam\steamapps\common\DayZServerAug2\mpmissions\Expansion.chernarusplus\storage_1\data\dynamic_010.bin"
14:30:11.444 [CE][Storage] ver:25 stamp:74, valid:yes, name:"C:\Program Files (x86)\Steam\steamapps\common\DayZServerAug2\mpmissions\Expansion.chernarusplus\storage_1\data\dynamic_010.001"
14:30:11.444 [CE][Storage] ver:25 stamp:75, valid:yes, name:"C:\Program Files (x86)\Steam\steamapps\common\DayZServerAug2\mpmissions\Expansion.chernarusplus\storage_1\data\dynamic_010.002"
14:30:11.444 [CE][Storage] Restoring file "C:\Program Files (x86)\Steam\steamapps\common\DayZServerAug2\mpmissions\Expansion.chernarusplus\storage_1\data\dynamic_010.bin" 2394 items.
14:30:12.316   2394 items loaded. (0 failed)
14:30:12.321 [CE][Storage] ver:25 stamp:118, valid:yes, name:"C:\Program Files (x86)\Steam\steamapps\common\DayZServerAug2\mpmissions\Expansion.chernarusplus\storage_1\data\dynamic_011.bin"
14:30:12.321 [CE][Storage] ver:25 stamp:74, valid:yes, name:"C:\Program Files (x86)\Steam\steamapps\common\DayZServerAug2\mpmissions\Expansion.chernarusplus\storage_1\data\dynamic_011.001"
14:30:12.322 [CE][Storage] ver:25 stamp:75, valid:yes, name:"C:\Program Files (x86)\Steam\steamapps\common\DayZServerAug2\mpmissions\Expansion.chernarusplus\storage_1\data\dynamic_011.002"
14:30:12.322 [CE][Storage] Restoring file "C:\Program Files (x86)\Steam\steamapps\common\DayZServerAug2\mpmissions\Expansion.chernarusplus\storage_1\data\dynamic_011.bin" 239 items.
14:30:12.410   239 items loaded. (0 failed)
14:30:12.414 [CE][Storage] ver:26 stamp:118, valid:yes, name:"C:\Program Files (x86)\Steam\steamapps\common\DayZServerAug2\mpmissions\Expansion.chernarusplus\storage_1\data\building.bin"
14:30:12.414 [CE][Storage] ver:26 stamp:74, valid:yes, name:"C:\Program Files (x86)\Steam\steamapps\common\DayZServerAug2\mpmissions\Expansion.chernarusplus\storage_1\data\building.001"
14:30:12.414 [CE][Storage] ver:26 stamp:75, valid:yes, name:"C:\Program Files (x86)\Steam\steamapps\common\DayZServerAug2\mpmissions\Expansion.chernarusplus\storage_1\data\building.002"
14:30:12.414 [CE][Storage] Restoring file "C:\Program Files (x86)\Steam\steamapps\common\DayZServerAug2\mpmissions\Expansion.chernarusplus\storage_1\data\building.bin" 0 items.
14:30:12.414   0 items loaded. (0 failed)
14:30:12.419 [CE][Storage] ver:25 stamp:118, valid:yes, name:"C:\Program Files (x86)\Steam\steamapps\common\DayZServerAug2\mpmissions\Expansion.chernarusplus\storage_1\data\vehicles.bin"
14:30:12.419 [CE][Storage] ver:25 stamp:74, valid:yes, name:"C:\Program Files (x86)\Steam\steamapps\common\DayZServerAug2\mpmissions\Expansion.chernarusplus\storage_1\data\vehicles.001"
14:30:12.420 [CE][Storage] ver:25 stamp:75, valid:yes, name:"C:\Program Files (x86)\Steam\steamapps\common\DayZServerAug2\mpmissions\Expansion.chernarusplus\storage_1\data\vehicles.002"
14:30:12.420 [CE][Storage] Restoring file "C:\Program Files (x86)\Steam\steamapps\common\DayZServerAug2\mpmissions\Expansion.chernarusplus\storage_1\data\vehicles.bin" 299 items.
14:30:13.300   299 items loaded. (0 failed)
14:30:13.340 [CE][Hive] :: Storage load took:10.83 seconds, recovery stamp:118
14:30:13.340   entity: 30479, building: 0
14:30:13.340   no lifetime: 73
14:30:13.340   pathgraph's: 662
14:30:13.340 [CE][Hive] :: Initializing ... 
14:30:13.391 [CE][InitializeMap] :: initialized: 0
14:30:13.391 [CE][Hive] :: Initializing spawners ... 
14:30:14.250 [CE][LootRespawner] (PRIDummy) :: Initially (re)spawned:0, Nominal:30379, Total in Map: 28133 at 0 (sec)
14:30:14.250   tests:0, repeats:0 fails:0, overtime:0
14:30:14.253 [CE][DynEvent] :: 58 types
14:30:14.253 [00] AmbientHen
14:30:14.253   Primary Spawner: "Ambient", active: yes, repeat: 1
14:30:14.253 [01] AnimalBear
14:30:14.253   Primary Spawner: "Animal", active: yes, repeat: 1
14:30:14.253 [02] AnimalCow
14:30:14.253   Primary Spawner: "Animal", active: yes, repeat: 1
14:30:14.253 [03] AnimalDeer
14:30:14.253   Primary Spawner: "Animal", active: yes, repeat: 1
14:30:14.253 [04] AnimalGoat
14:30:14.253   Primary Spawner: "Animal", active: yes, repeat: 1
14:30:14.254 [05] AnimalPig
14:30:14.254   Primary Spawner: "Animal", active: yes, repeat: 1
14:30:14.254 [06] AnimalRoeDeer
14:30:14.254   Primary Spawner: "Animal", active: yes, repeat: 1
14:30:14.254 [07] AnimalSheep
14:30:14.254   Primary Spawner: "Animal", active: yes, repeat: 1
14:30:14.254 [08] AnimalWildBoar
14:30:14.254   Primary Spawner: "Animal", active: yes, repeat: 1
14:30:14.254 [09] AnimalWolf
14:30:14.254   Primary Spawner: "Animal", active: yes, repeat: 1
14:30:14.254 [10] InfectedArmy
14:30:14.254   Primary Spawner: "Infected", active: yes, repeat: 1
14:30:14.254 [11] InfectedArmyHard
14:30:14.254   Primary Spawner: "Infected", active: yes, repeat: 1
14:30:14.254 [12] InfectedCity
14:30:14.254   Primary Spawner: "Infected", active: yes, repeat: 1
14:30:14.254 [13] InfectedCityTier1
14:30:14.254   Primary Spawner: "Infected", active: yes, repeat: 1
14:30:14.254 [14] InfectedFirefighter
14:30:14.254   Primary Spawner: "Infected", active: yes, repeat: 1
14:30:14.254 [15] InfectedIndustrial
14:30:14.254   Primary Spawner: "Infected", active: yes, repeat: 1
14:30:14.254 [16] InfectedMedic
14:30:14.254   Primary Spawner: "Infected", active: yes, repeat: 1
14:30:14.254 [17] InfectedNBC
14:30:14.254   Primary Spawner: "Infected", active: yes, repeat: 1
14:30:14.254 [18] InfectedNBCYellow
14:30:14.254   Primary Spawner: "Infected", active: yes, repeat: 1
14:30:14.254 [19] InfectedPolice
14:30:14.254   Primary Spawner: "Infected", active: yes, repeat: 1
14:30:14.254 [20] InfectedPoliceHard
14:30:14.254   Primary Spawner: "Infected", active: yes, repeat: 1
14:30:14.254 [21] InfectedPrisoner
14:30:14.254   Primary Spawner: "Infected", active: yes, repeat: 1
14:30:14.254 [22] InfectedReligious
14:30:14.254   Primary Spawner: "Infected", active: yes, repeat: 1
14:30:14.254 [23] InfectedSanta
14:30:14.254   Primary Spawner: "Infected", active: yes, repeat: 1
14:30:14.254 [24] InfectedSolitude
14:30:14.254   Primary Spawner: "Infected", active: yes, repeat: 1
14:30:14.254 [25] InfectedVillage
14:30:14.254   Primary Spawner: "Infected", active: yes, repeat: 1
14:30:14.254 [26] InfectedVillageTier1
14:30:14.254   Primary Spawner: "Infected", active: yes, repeat: 1
14:30:14.254 [27] ItemPlanks
14:30:14.254   Primary Spawner: "Item", active: yes, repeat: 1
14:30:14.254 [28] Loot
14:30:14.254   Primary Spawner: "Loot", active: yes, repeat: 2
14:30:14.254 [29] StaticContaminatedArea
14:30:14.254   Primary Spawner: "Static", active: yes, repeat: 1
14:30:14.254 [30] StaticHeliCrash
14:30:14.254   Primary Spawner: "Static", active: yes, repeat: 1
14:30:14.254   Secondary Spawner: "Infected", active: yes, repeat: 1
14:30:14.254 [31] StaticMilitaryConvoy
14:30:14.254   Primary Spawner: "Static", active: yes, repeat: 1
14:30:14.254   Secondary Spawner: "Infected", active: yes, repeat: 1
14:30:14.254 [32] StaticPoliceSituation
14:30:14.254   Primary Spawner: "Static", active: yes, repeat: 1
14:30:14.254   Secondary Spawner: "Infected", active: yes, repeat: 1
14:30:14.254 [33] StaticTrain
14:30:14.254   Primary Spawner: "Static", active: yes, repeat: 1
14:30:14.254   Secondary Spawner: "Infected", active: yes, repeat: 1
14:30:14.254 [34] TrajectoryApple
14:30:14.254   Primary Spawner: "Trajectory", active: yes, repeat: 1
14:30:14.254 [35] TrajectoryConiferous
14:30:14.254   Primary Spawner: "Trajectory", active: yes, repeat: 1
14:30:14.254 [36] TrajectoryDeciduous
14:30:14.254   Primary Spawner: "Trajectory", active: yes, repeat: 1
14:30:14.254 [37] TrajectoryHumus
14:30:14.254   Primary Spawner: "Trajectory", active: yes, repeat: 1
14:30:14.254 [38] TrajectoryPear
14:30:14.254   Primary Spawner: "Trajectory", active: yes, repeat: 1
14:30:14.254 [39] TrajectoryPlum
14:30:14.254   Primary Spawner: "Trajectory", active: yes, repeat: 1
14:30:14.254 [40] TrajectoryStones
14:30:14.254   Primary Spawner: "Trajectory", active: yes, repeat: 1
14:30:14.254 [41] VehicleCivilianSedan
14:30:14.254   Primary Spawner: "Vehicle", active: yes, repeat: 1
14:30:14.254 [42] VehicleHatchback02
14:30:14.254   Primary Spawner: "Vehicle", active: yes, repeat: 1
14:30:14.254 [43] VehicleOffroad02
14:30:14.254   Primary Spawner: "Vehicle", active: yes, repeat: 1
14:30:14.254 [44] VehicleOffroadHatchback
14:30:14.254   Primary Spawner: "Vehicle", active: yes, repeat: 1
14:30:14.254 [45] VehicleSedan02
14:30:14.254   Primary Spawner: "Vehicle", active: yes, repeat: 1
14:30:14.254 [46] VehicleTruck01
14:30:14.254   Primary Spawner: "Vehicle", active: yes, repeat: 1
14:30:14.254 [47] VehicleUAZ
14:30:14.254   Primary Spawner: "Vehicle", active: yes, repeat: 1
14:30:14.254 [48] VehicleVodnik
14:30:14.254   Primary Spawner: "Vehicle", active: yes, repeat: 1
14:30:14.254 [49] VehicleBus
14:30:14.254   Primary Spawner: "Vehicle", active: yes, repeat: 1
14:30:14.254 [50] VehicleTractor
14:30:14.254   Primary Spawner: "Vehicle", active: yes, repeat: 1
14:30:14.254 [51] VehicleLandRover
14:30:14.254   Primary Spawner: "Vehicle", active: yes, repeat: 1
14:30:14.254 [52] VehicleMH6Helicopter
14:30:14.255   Primary Spawner: "Vehicle", active: yes, repeat: 1
14:30:14.255 [53] VehicleMerlinHelicopter
14:30:14.255   Primary Spawner: "Vehicle", active: yes, repeat: 1
14:30:14.255 [54] VehicleUh1hHelicopter
14:30:14.255   Primary Spawner: "Vehicle", active: yes, repeat: 1
14:30:14.255 [55] VehicleUtilityBoat
14:30:14.255   Primary Spawner: "Vehicle", active: yes, repeat: 1
14:30:14.255 [56] VehicleZodiacBoat
14:30:14.255   Primary Spawner: "Vehicle", active: yes, repeat: 1
14:30:14.255 [57] VehicleGyroHelicopter
14:30:14.255   Primary Spawner: "Vehicle", active: yes, repeat: 1
14:30:14.255 [CE][Hive] :: Initializing of spawners done.
14:30:14.265 [CE][Hive] :: Init sequence finished.
14:30:14.265 Player connect enabled
14:30:16.221 [IdleMode] Entering IN - save processed
14:30:46.857 [Login]: Adding player Blorpus9000 (20857207) to login queue at position 0
14:30:46.857 [LoginMachine]: Add player Blorpus9000 (20857207 192.168.1.133:2316)
14:30:46.857 [StateMachine]: Player Blorpus9000 (dpnid 20857207 uid ) Entering AuthPlayerLoginState
14:30:47.315 [IdleMode] Leaving OUT
14:30:49.175 [StateMachine]: Player Blorpus9000 (dpnid 20857207 uid ) Entering WaitAuthPlayerLoginState
14:30:59.175 Player Blorpus9000 (20857207) kicked from server: 49 (Login timed out. (WaitAuthPlayerLoginState))
14:30:59.175 [StateMachine]: Kick player Blorpus9000 (dpnid 20857207 uid ) State WaitAuthPlayerLoginState
14:30:59.186 [Disconnect]: Client 20857207 early disconnect
14:30:59.186 [Disconnect]: No player -> remove player info 20857207 
14:30:59.186 [Disconnect]: DisconnectPlayerFinish 20857207
14:30:59.186 [Disconnect]: Remove player info 20857207
14:30:59.186 [Disconnect]: Player destroy 20857207 
14:31:09.377 [CE][LootRespawner] (PRIDummy) :: Item [0] causing search overtime: "Ammo_45ACP"
14:31:09.477 [CE][LootRespawner] (PRIDummy) :: Item [1] causing search overtime: "CamoNet"
14:31:09.578 [CE][LootRespawner] (PRIDummy) :: Item [2] causing search overtime: "AmmoBox_9x19_25rnd"
14:31:09.678 [CE][LootRespawner] (PRIDummy) :: Item [3] causing search overtime: "Glock19"
14:31:09.778 [CE][LootRespawner] (PRIDummy) :: Item [4] causing search overtime: "Mag_Expansion_Taser"