

=====================================================================
== C:\Program Files (x86)\Steam\steamapps\common\DayZServerAug2\DayZServer_x64.exe
== "DayZServer_x64.exe" -config=serverDZ.cfg -mod=@CF;@CommunityOnlineTools;@DabsFramework;@DayZ-Editor-Loader;@DayZ-Expansion-Animations;@DayZ-Expansion-Bundle;@DayZ-Expansion-Licensed;@MMG-MightysMilitaryGear;@PvZmoD_CustomisableZombies "-serverMod=_@DayZ-Dynamic-AI-Addon" -port=2302 -profiles=config -cpuCount=4 -adminlog -netlog -freezecheck 
=====================================================================
Exe timestamp: 2023/07/27 17:06:07
Current time:  2023/08/14 16:45:07

Version 1.21.156300
16:45:07.310 [Inputs] Loading inputs default "bin/constants.xml"
16:45:07.313 [Inputs] Loading inputs default "bin/specific.xml"
16:45:07.313 [Inputs] Loading inputs default "JM/COT/Scripts/Data/Inputs.xml"
16:45:07.314 !!! [Inputs] Cannot Register "UAObjectModuleDeleteOnCursor" non-existent input - Fix Preset!
16:45:07.314 [Inputs] Loading inputs default "LIVEN/PvZmoD_CustomisableZombies/inputs.xml"
16:45:07.314 [Inputs] Loading inputs default "DayZExpansion/Groups/Scripts/Data/Inputs.xml"
16:45:07.314 [Inputs] Loading inputs default "DayZExpansion/Navigation/Scripts/Data/Inputs.xml"
16:45:07.314 !!! [Inputs] Attempt to register duplicate exclusion group "chatexpansion"
16:45:07.314 [Inputs] Loading inputs default "DayZExpansion/PlayerList/Scripts/Data/Inputs.xml"
16:45:07.314 !!! [Inputs] Attempt to register duplicate exclusion group "chatexpansion"
16:45:07.315 [Inputs] Loading inputs default "DayZExpansion/Scripts/Data/Inputs.xml"
16:45:07.315 !!! [Inputs] Attempt to register duplicate exclusion group "chatexpansion"
16:45:07.315 [Inputs] Loading inputs default "DayZExpansion/Vehicles/Scripts/Data/Inputs.xml"
16:45:07.316 [Inputs] Loading inputs default "DayZExpansion/AI/Scripts/inputs.xml"
16:45:07.316 [Inputs] Loading inputs default "DayZExpansion/BaseBuilding/Scripts/Data/Inputs.xml"
16:45:07.316 !!! [Inputs] Attempt to register duplicate exclusion group "chatexpansion"
16:45:07.316 [Inputs] Loading inputs default "DayZExpansion/Book/Scripts/Data/Inputs.xml"
16:45:07.316 !!! [Inputs] Attempt to register duplicate exclusion group "chatexpansion"
16:45:07.317 [Inputs] Loading inputs default "DayZExpansion/Chat/Scripts/Data/Inputs.xml"
16:45:07.317 !!! [Inputs] Attempt to register duplicate exclusion group "chatexpansion"
16:45:07.317 [Inputs] Loading inputs default "DayZExpansion/Quests/Scripts/Data/Inputs.xml"
16:45:07.317 [Inputs] Loading inputs cfg "config\Users\Survivor\Server.core.xml"
16:45:07.317 !!! [Inputs] Cannot read inputs cfg "config\Users\Survivor\Server.core.xml", parser error
16:45:07.317 [Inputs] Loading inputs cfg "bin/core.xml"
16:45:07.317 !!! [Inputs] Cannot load input preset "#STR_USER", file does not exist
16:45:07.318 [Inputs] Exporting inputs cfg "config\Users\Survivor\Server.core.xml"
16:45:26.920 [CE][Hive] :: Initializing OFFLINE
16:45:26.920 [StorageDirs] :: Selected storage directory: C:\Program Files (x86)\Steam\steamapps\common\DayZServerAug2\mpmissions\Expansion.chernarusplus\storage_1\
16:45:26.921 [CE][Hive] :: Loading core data ... 
16:45:26.921 [CE][CoreData] :: 7 root classes, 18 defaults, 0 updaters...
16:45:29.641 [CE] :: WARNING :: Preset map "optics" is EMPTY.
16:45:29.642 [CE][TypeSetup] :: 505 classes setuped...
16:45:29.644 [CE] :: WARNING :: Preset map "optics" is EMPTY.
16:45:29.645 [CE][TypeSetup] :: 97 classes setuped...
16:45:29.647 [CE] :: WARNING :: Preset map "optics" is EMPTY.
16:45:29.648 [CE][TypeSetup] :: 206 classes setuped...
16:45:30.747 [CE][RegisterBind] :: 0 classes binded...
16:45:30.747 [CE][RegisterConfig] :: 11818 config classes registered, 0 sub-counters...
16:45:30.747 [CE][Hive] :: Loading map data ... 
16:45:30.757 [CE][IgnoreList] "cfgignorelist.xml" :: loaded 19 types
16:45:30.784 !!! [CE] :: Unknown category: 'vehicleparts'.
16:45:30.784 !!! [CE] :: Unknown category: 'vehicleparts'.
16:45:30.784 !!! [CE] :: Unknown category: 'vehicleparts'.
16:45:30.784 !!! [CE] :: Unknown category: 'vehicleparts'.
16:45:30.784 !!! [CE] :: Unknown category: 'vehicleparts'.
16:45:30.784 !!! [CE] :: Unknown category: 'vehicleparts'.
16:45:30.784 !!! [CE] :: Unknown category: 'vehicleparts'.
16:45:30.784 !!! [CE] :: Unknown category: 'vehicleparts'.
16:45:30.784 !!! [CE] :: Unknown category: 'vehicleparts'.
16:45:30.784 !!! [CE] :: Unknown category: 'vehicleparts'.
16:45:30.784 !!! [CE] :: Unknown category: 'vehicleparts'.
16:45:30.784 !!! [CE] :: Unknown category: 'vehicleparts'.
16:45:30.784 !!! [CE] :: Unknown category: 'vehicleparts'.
16:45:30.784 !!! [CE] :: Unknown category: 'vehicleparts'.
16:45:30.784 !!! [CE] :: Unknown category: 'vehicleparts'.
16:45:30.784 !!! [CE] :: Unknown category: 'vehicleparts'.
16:45:30.784 !!! [CE] :: Unknown category: 'vehicleparts'.
16:45:30.784 !!! [CE] :: Unknown category: 'vehicleparts'.
16:45:30.785 !!! [CE] :: Unknown category: 'vehicleparts'.
16:45:30.785 !!! [CE] :: Unknown category: 'vehicleparts'.
16:45:30.785 !!! [CE] :: Unknown category: 'vehicleparts'.
16:45:30.785 !!! [CE] :: Unknown category: 'vehicleparts'.
16:45:30.785 !!! [CE] :: Unknown category: 'vehicleparts'.
16:45:30.785 !!! [CE] :: Unknown category: 'vehicleparts'.
16:45:30.786 !!! [CE] :: Unknown category: 'vehicleparts'.
16:45:30.786 !!! [CE] :: Unknown category: 'vehicleparts'.
16:45:30.786 !!! [CE] :: Unknown category: 'vehicleparts'.
16:45:30.786 !!! [CE] :: Unknown category: 'vehicleparts'.
16:45:30.786 !!! [CE] :: Unknown category: 'vehicleparts'.
16:45:30.786 !!! [CE] :: Unknown category: 'vehicleparts'.
16:45:30.786 !!! [CE] :: Unknown category: 'vehicleparts'.
16:45:30.786 !!! [CE] :: Unknown category: 'vehicleparts'.
16:45:30.786 !!! [CE] :: Unknown category: 'vehicleparts'.
16:45:30.786 !!! [CE] :: Unknown category: 'vehicleparts'.
16:45:30.786 !!! [CE] :: Unknown category: 'vehicleparts'.
16:45:30.786 !!! [CE] :: Unknown category: 'vehicleparts'.
16:45:30.786 !!! [CE] :: Unknown category: 'vehicleparts'.
16:45:30.786 !!! [CE] :: Unknown category: 'vehicleparts'.
16:45:30.787 !!! [CE] :: Unknown category: 'vehicleparts'.
16:45:30.787 !!! [CE] :: Unknown category: 'vehicleparts'.
16:45:30.787 !!! [CE] :: Unknown category: 'vehicleparts'.
16:45:30.787 !!! [CE] :: Unknown category: 'vehicleparts'.
16:45:30.787 !!! [CE] :: Unknown category: 'vehicleparts'.
16:45:30.787 !!! [CE] :: Unknown category: 'vehicleparts'.
16:45:30.787 !!! [CE] :: Unknown category: 'vehicleparts'.
16:45:30.787 !!! [CE] :: Unknown category: 'vehicleparts'.
16:45:30.788 !!! [CE] :: Unknown category: 'vehicleparts'.
16:45:30.788 !!! [CE] :: Unknown category: 'vehicleparts'.
16:45:30.788 !!! [CE] :: Unknown category: 'vehicleparts'.
16:45:30.788 !!! [CE] :: Unknown category: 'vehicleparts'.
16:45:30.788 !!! [CE] :: Unknown category: 'vehicleparts'.
16:45:30.788 !!! [CE] :: Unknown category: 'vehicleparts'.
16:45:30.788 [CE][LoadPrototype] :: loaded 413 prototypes
16:45:30.788   799 containers, 10078 points
16:45:30.788   66 dispatches, 239 proxies
16:45:30.788 !!! [CE][LoadPrototype] 5 groups have no points...
16:45:30.788 [CE][LoadPrototype] :: last group name: Land_Wreck_sed02_aban2_red_DE...
16:45:30.791 [CE][LoadPrototype] :: loaded 0 prototypes
16:45:30.791   55 containers, 232 points
16:45:30.791   0 dispatches, 0 proxies
16:45:30.791 [CE][LoadPrototype] :: last group name: Rail9...
16:45:31.414 [CE][LoadMap] "Group" :: loaded 11709 groups, groups failed: 0, largest group range: 34.2
16:45:31.416 [CE][LoadMap] "Dirt" :: loaded 0 groups, groups failed: 0, largest group range: 34.2
16:45:31.675 [CE][Links] found 1908 total links between groups, of 11709
16:45:31.675 [CE][LoadClusters] "Cluster" :: Loading files...
16:45:31.789 [CE][LoadClusters] :: file: "mapgroupcluster.xml", 9 types, 50000 instances
16:45:31.913 [CE][LoadClusters] :: file: "mapgroupcluster01", 9 types, 50000 instances
16:45:32.33 [CE][LoadClusters] :: file: "mapgroupcluster02", 9 types, 50000 instances
16:45:32.152 [CE][LoadClusters] :: file: "mapgroupcluster03", 9 types, 50000 instances
16:45:32.197 [CE][LoadClusters] :: file: "mapgroupcluster04", 9 types, 17347 instances
16:45:32.204 [CE][Storage] ver:21 stamp:436, valid:yes, name:"C:\Program Files (x86)\Steam\steamapps\common\DayZServerAug2\mpmissions\Expansion.chernarusplus\storage_1\data\types.bin"
16:45:32.207 [CE][Storage] ver:21 stamp:434, valid:yes, name:"C:\Program Files (x86)\Steam\steamapps\common\DayZServerAug2\mpmissions\Expansion.chernarusplus\storage_1\data\types.001"
16:45:32.210 [CE][Storage] ver:21 stamp:435, valid:yes, name:"C:\Program Files (x86)\Steam\steamapps\common\DayZServerAug2\mpmissions\Expansion.chernarusplus\storage_1\data\types.002"
16:45:32.211 [CE][Storage] Restoring file "C:\Program Files (x86)\Steam\steamapps\common\DayZServerAug2\mpmissions\Expansion.chernarusplus\storage_1\data\types.bin".
16:45:32.325 !!! [CE][offlineDB] :: No Shutdown message present.
16:45:32.325 [CE][offlineDB] :: Loaded 47 dynamic events 225 total types.
16:45:32.326 !!! [CE][DE] (VehicleTruck01) :: Unable to create child (Truck_01_Covered_Grey) as the type does not exist.
16:45:32.326 [CE][offlineDB] :: Loaded 58 dynamic events 289 total types.
16:45:32.338 !!! [CE][offlineDB] :: Type 'ChristmasTree' will be ignored. (Not spawnable. (Scope is not public?))
16:45:32.343 !!! [CE][offlineDB] :: Type 'Expansion_M79' will be ignored. (Not spawnable. (Scope is not public?))
16:45:32.343 !!! [CE][offlineDB] :: Type 'ExpansionFlaregun' will be ignored. (Not spawnable. (Scope is not public?))
16:45:32.343 !!! [CE][offlineDB] :: Type 'Expansion_Longhorn' will be ignored. (Not spawnable. (Scope is not public?))
16:45:32.347 !!! [CE][offlineDB] :: Type 'MMG_tactical_shirt_dark_woodland' will be ignored. (Type does not exist. (Typo?))
16:45:32.349 !!! [CE][offlineDB] :: Type 'MMG_mmps_nag_multicamblack' will be ignored. (Type does not exist. (Typo?))
16:45:32.350 !!! [CE][offlineDB] :: Type 'MMG_assault_pack_multicam_tropic' will be ignored. (Type does not exist. (Typo?))
16:45:32.476 !!! [CE][DE][SPAWNS] :: [WARNING] :: Skipping entry for non-existing event 'VehicleTransitBus'.
16:45:32.476 [CE][DE][SPAWNS] :: Total positions: 987
16:45:32.476 [CE][DE][GROUPS] :: Total eventgroups defined: 83, Eventgroups in use: 83
16:45:32.480 [CE][Storage] ver:21 stamp:436, valid:yes, name:"C:\Program Files (x86)\Steam\steamapps\common\DayZServerAug2\mpmissions\Expansion.chernarusplus\storage_1\data\events.bin"
16:45:32.483 [CE][Storage] ver:21 stamp:434, valid:yes, name:"C:\Program Files (x86)\Steam\steamapps\common\DayZServerAug2\mpmissions\Expansion.chernarusplus\storage_1\data\events.001"
16:45:32.486 [CE][Storage] ver:21 stamp:435, valid:yes, name:"C:\Program Files (x86)\Steam\steamapps\common\DayZServerAug2\mpmissions\Expansion.chernarusplus\storage_1\data\events.002"
16:45:32.486 [CE][Storage] Restoring file "C:\Program Files (x86)\Steam\steamapps\common\DayZServerAug2\mpmissions\Expansion.chernarusplus\storage_1\data\events.bin".
16:45:32.486 [CE][DynamicEvent] Load  Events:[58] Primary spawners: 58 Secondary spawners: 4
16:45:32.490 [CE][Storage] ver:25 stamp:436, valid:yes, name:"C:\Program Files (x86)\Steam\steamapps\common\DayZServerAug2\mpmissions\Expansion.chernarusplus\storage_1\data\dynamic_000.bin"
16:45:32.494 [CE][Storage] ver:25 stamp:434, valid:yes, name:"C:\Program Files (x86)\Steam\steamapps\common\DayZServerAug2\mpmissions\Expansion.chernarusplus\storage_1\data\dynamic_000.001"
16:45:32.497 [CE][Storage] ver:25 stamp:435, valid:yes, name:"C:\Program Files (x86)\Steam\steamapps\common\DayZServerAug2\mpmissions\Expansion.chernarusplus\storage_1\data\dynamic_000.002"
16:45:32.497 [CE][Storage] Restoring file "C:\Program Files (x86)\Steam\steamapps\common\DayZServerAug2\mpmissions\Expansion.chernarusplus\storage_1\data\dynamic_000.bin" 974 items.
16:45:32.966   974 items loaded. (0 failed)
16:45:32.971 [CE][Storage] ver:25 stamp:436, valid:yes, name:"C:\Program Files (x86)\Steam\steamapps\common\DayZServerAug2\mpmissions\Expansion.chernarusplus\storage_1\data\dynamic_001.bin"
16:45:32.974 [CE][Storage] ver:25 stamp:434, valid:yes, name:"C:\Program Files (x86)\Steam\steamapps\common\DayZServerAug2\mpmissions\Expansion.chernarusplus\storage_1\data\dynamic_001.001"
16:45:32.977 [CE][Storage] ver:25 stamp:435, valid:yes, name:"C:\Program Files (x86)\Steam\steamapps\common\DayZServerAug2\mpmissions\Expansion.chernarusplus\storage_1\data\dynamic_001.002"
16:45:32.977 [CE][Storage] Restoring file "C:\Program Files (x86)\Steam\steamapps\common\DayZServerAug2\mpmissions\Expansion.chernarusplus\storage_1\data\dynamic_001.bin" 1905 items.
16:45:33.687   1905 items loaded. (0 failed)
16:45:33.691 [CE][Storage] ver:25 stamp:436, valid:yes, name:"C:\Program Files (x86)\Steam\steamapps\common\DayZServerAug2\mpmissions\Expansion.chernarusplus\storage_1\data\dynamic_002.bin"
16:45:33.694 [CE][Storage] ver:25 stamp:434, valid:yes, name:"C:\Program Files (x86)\Steam\steamapps\common\DayZServerAug2\mpmissions\Expansion.chernarusplus\storage_1\data\dynamic_002.001"
16:45:33.698 [CE][Storage] ver:25 stamp:435, valid:yes, name:"C:\Program Files (x86)\Steam\steamapps\common\DayZServerAug2\mpmissions\Expansion.chernarusplus\storage_1\data\dynamic_002.002"
16:45:33.698 [CE][Storage] Restoring file "C:\Program Files (x86)\Steam\steamapps\common\DayZServerAug2\mpmissions\Expansion.chernarusplus\storage_1\data\dynamic_002.bin" 2827 items.
16:45:34.647   2827 items loaded. (0 failed)
16:45:34.652 [CE][Storage] ver:25 stamp:436, valid:yes, name:"C:\Program Files (x86)\Steam\steamapps\common\DayZServerAug2\mpmissions\Expansion.chernarusplus\storage_1\data\dynamic_003.bin"
16:45:34.655 [CE][Storage] ver:25 stamp:434, valid:yes, name:"C:\Program Files (x86)\Steam\steamapps\common\DayZServerAug2\mpmissions\Expansion.chernarusplus\storage_1\data\dynamic_003.001"
16:45:34.658 [CE][Storage] ver:25 stamp:435, valid:yes, name:"C:\Program Files (x86)\Steam\steamapps\common\DayZServerAug2\mpmissions\Expansion.chernarusplus\storage_1\data\dynamic_003.002"
16:45:34.659 [CE][Storage] Restoring file "C:\Program Files (x86)\Steam\steamapps\common\DayZServerAug2\mpmissions\Expansion.chernarusplus\storage_1\data\dynamic_003.bin" 2592 items.
16:45:35.586   2592 items loaded. (0 failed)
16:45:35.590 [CE][Storage] ver:25 stamp:436, valid:yes, name:"C:\Program Files (x86)\Steam\steamapps\common\DayZServerAug2\mpmissions\Expansion.chernarusplus\storage_1\data\dynamic_004.bin"
16:45:35.594 [CE][Storage] ver:25 stamp:434, valid:yes, name:"C:\Program Files (x86)\Steam\steamapps\common\DayZServerAug2\mpmissions\Expansion.chernarusplus\storage_1\data\dynamic_004.001"
16:45:35.597 [CE][Storage] ver:25 stamp:435, valid:yes, name:"C:\Program Files (x86)\Steam\steamapps\common\DayZServerAug2\mpmissions\Expansion.chernarusplus\storage_1\data\dynamic_004.002"
16:45:35.597 [CE][Storage] Restoring file "C:\Program Files (x86)\Steam\steamapps\common\DayZServerAug2\mpmissions\Expansion.chernarusplus\storage_1\data\dynamic_004.bin" 2158 items.
16:45:36.342   2158 items loaded. (0 failed)
16:45:36.346 [CE][Storage] ver:25 stamp:436, valid:yes, name:"C:\Program Files (x86)\Steam\steamapps\common\DayZServerAug2\mpmissions\Expansion.chernarusplus\storage_1\data\dynamic_005.bin"
16:45:36.349 [CE][Storage] ver:25 stamp:434, valid:yes, name:"C:\Program Files (x86)\Steam\steamapps\common\DayZServerAug2\mpmissions\Expansion.chernarusplus\storage_1\data\dynamic_005.001"
16:45:36.353 [CE][Storage] ver:25 stamp:435, valid:yes, name:"C:\Program Files (x86)\Steam\steamapps\common\DayZServerAug2\mpmissions\Expansion.chernarusplus\storage_1\data\dynamic_005.002"
16:45:36.353 [CE][Storage] Restoring file "C:\Program Files (x86)\Steam\steamapps\common\DayZServerAug2\mpmissions\Expansion.chernarusplus\storage_1\data\dynamic_005.bin" 2431 items.
16:45:37.175   2431 items loaded. (0 failed)
16:45:37.181 [CE][Storage] ver:25 stamp:436, valid:yes, name:"C:\Program Files (x86)\Steam\steamapps\common\DayZServerAug2\mpmissions\Expansion.chernarusplus\storage_1\data\dynamic_006.bin"
16:45:37.184 !!! [CE][Storage] Failed to read [Storage] data file "C:\Program Files (x86)\Steam\steamapps\common\DayZServerAug2\mpmissions\Expansion.chernarusplus\storage_1\data\dynamic_006.001".
16:45:37.184   File not closed...
16:45:37.184 [CE][Storage] ver:25 stamp:437, valid:NO, name:"C:\Program Files (x86)\Steam\steamapps\common\DayZServerAug2\mpmissions\Expansion.chernarusplus\storage_1\data\dynamic_006.001"
16:45:37.188 [CE][Storage] ver:25 stamp:435, valid:yes, name:"C:\Program Files (x86)\Steam\steamapps\common\DayZServerAug2\mpmissions\Expansion.chernarusplus\storage_1\data\dynamic_006.002"
16:45:37.188 [CE][Storage] Restoring file "C:\Program Files (x86)\Steam\steamapps\common\DayZServerAug2\mpmissions\Expansion.chernarusplus\storage_1\data\dynamic_006.bin" 1712 items.
16:45:37.793   1712 items loaded. (0 failed)
16:45:37.798 [CE][Storage] ver:25 stamp:436, valid:yes, name:"C:\Program Files (x86)\Steam\steamapps\common\DayZServerAug2\mpmissions\Expansion.chernarusplus\storage_1\data\dynamic_007.bin"
16:45:37.802 [CE][Storage] ver:25 stamp:437, valid:yes, name:"C:\Program Files (x86)\Steam\steamapps\common\DayZServerAug2\mpmissions\Expansion.chernarusplus\storage_1\data\dynamic_007.001"
16:45:37.806 [CE][Storage] ver:25 stamp:435, valid:yes, name:"C:\Program Files (x86)\Steam\steamapps\common\DayZServerAug2\mpmissions\Expansion.chernarusplus\storage_1\data\dynamic_007.002"
16:45:37.806 [CE][Storage] Restoring file "C:\Program Files (x86)\Steam\steamapps\common\DayZServerAug2\mpmissions\Expansion.chernarusplus\storage_1\data\dynamic_007.001" 1662 items.
16:45:38.381   1662 items loaded. (0 failed)
16:45:38.385 [CE][Storage] ver:25 stamp:436, valid:yes, name:"C:\Program Files (x86)\Steam\steamapps\common\DayZServerAug2\mpmissions\Expansion.chernarusplus\storage_1\data\dynamic_008.bin"
16:45:38.389 [CE][Storage] ver:25 stamp:437, valid:yes, name:"C:\Program Files (x86)\Steam\steamapps\common\DayZServerAug2\mpmissions\Expansion.chernarusplus\storage_1\data\dynamic_008.001"
16:45:38.392 [CE][Storage] ver:25 stamp:435, valid:yes, name:"C:\Program Files (x86)\Steam\steamapps\common\DayZServerAug2\mpmissions\Expansion.chernarusplus\storage_1\data\dynamic_008.002"
16:45:38.392 [CE][Storage] Restoring file "C:\Program Files (x86)\Steam\steamapps\common\DayZServerAug2\mpmissions\Expansion.chernarusplus\storage_1\data\dynamic_008.001" 2413 items.
16:45:39.239   2413 items loaded. (0 failed)
16:45:39.244 [CE][Storage] ver:25 stamp:436, valid:yes, name:"C:\Program Files (x86)\Steam\steamapps\common\DayZServerAug2\mpmissions\Expansion.chernarusplus\storage_1\data\dynamic_009.bin"
16:45:39.247 [CE][Storage] ver:25 stamp:437, valid:yes, name:"C:\Program Files (x86)\Steam\steamapps\common\DayZServerAug2\mpmissions\Expansion.chernarusplus\storage_1\data\dynamic_009.001"
16:45:39.250 [CE][Storage] ver:25 stamp:435, valid:yes, name:"C:\Program Files (x86)\Steam\steamapps\common\DayZServerAug2\mpmissions\Expansion.chernarusplus\storage_1\data\dynamic_009.002"
16:45:39.250 [CE][Storage] Restoring file "C:\Program Files (x86)\Steam\steamapps\common\DayZServerAug2\mpmissions\Expansion.chernarusplus\storage_1\data\dynamic_009.001" 2989 items.
16:45:40.303   2989 items loaded. (0 failed)
16:45:40.307 [CE][Storage] ver:25 stamp:436, valid:yes, name:"C:\Program Files (x86)\Steam\steamapps\common\DayZServerAug2\mpmissions\Expansion.chernarusplus\storage_1\data\dynamic_010.bin"
16:45:40.310 [CE][Storage] ver:25 stamp:437, valid:yes, name:"C:\Program Files (x86)\Steam\steamapps\common\DayZServerAug2\mpmissions\Expansion.chernarusplus\storage_1\data\dynamic_010.001"
16:45:40.314 [CE][Storage] ver:25 stamp:435, valid:yes, name:"C:\Program Files (x86)\Steam\steamapps\common\DayZServerAug2\mpmissions\Expansion.chernarusplus\storage_1\data\dynamic_010.002"
16:45:40.314 [CE][Storage] Restoring file "C:\Program Files (x86)\Steam\steamapps\common\DayZServerAug2\mpmissions\Expansion.chernarusplus\storage_1\data\dynamic_010.001" 1973 items.
16:45:41.40   1973 items loaded. (0 failed)
16:45:41.44 [CE][Storage] ver:25 stamp:436, valid:yes, name:"C:\Program Files (x86)\Steam\steamapps\common\DayZServerAug2\mpmissions\Expansion.chernarusplus\storage_1\data\dynamic_011.bin"
16:45:41.48 [CE][Storage] ver:25 stamp:437, valid:yes, name:"C:\Program Files (x86)\Steam\steamapps\common\DayZServerAug2\mpmissions\Expansion.chernarusplus\storage_1\data\dynamic_011.001"
16:45:41.51 [CE][Storage] ver:25 stamp:435, valid:yes, name:"C:\Program Files (x86)\Steam\steamapps\common\DayZServerAug2\mpmissions\Expansion.chernarusplus\storage_1\data\dynamic_011.002"
16:45:41.51 [CE][Storage] Restoring file "C:\Program Files (x86)\Steam\steamapps\common\DayZServerAug2\mpmissions\Expansion.chernarusplus\storage_1\data\dynamic_011.001" 200 items.
16:45:41.127   200 items loaded. (0 failed)
16:45:41.130 [CE][Storage] ver:26 stamp:436, valid:yes, name:"C:\Program Files (x86)\Steam\steamapps\common\DayZServerAug2\mpmissions\Expansion.chernarusplus\storage_1\data\building.bin"
16:45:41.133 [CE][Storage] ver:26 stamp:434, valid:yes, name:"C:\Program Files (x86)\Steam\steamapps\common\DayZServerAug2\mpmissions\Expansion.chernarusplus\storage_1\data\building.001"
16:45:41.135 [CE][Storage] ver:26 stamp:435, valid:yes, name:"C:\Program Files (x86)\Steam\steamapps\common\DayZServerAug2\mpmissions\Expansion.chernarusplus\storage_1\data\building.002"
16:45:41.135 [CE][Storage] Restoring file "C:\Program Files (x86)\Steam\steamapps\common\DayZServerAug2\mpmissions\Expansion.chernarusplus\storage_1\data\building.bin" 0 items.
16:45:41.135   0 items loaded. (0 failed)
16:45:41.140 [CE][Storage] ver:25 stamp:436, valid:yes, name:"C:\Program Files (x86)\Steam\steamapps\common\DayZServerAug2\mpmissions\Expansion.chernarusplus\storage_1\data\vehicles.bin"
16:45:41.144 [CE][Storage] ver:25 stamp:434, valid:yes, name:"C:\Program Files (x86)\Steam\steamapps\common\DayZServerAug2\mpmissions\Expansion.chernarusplus\storage_1\data\vehicles.001"
16:45:41.148 [CE][Storage] ver:25 stamp:435, valid:yes, name:"C:\Program Files (x86)\Steam\steamapps\common\DayZServerAug2\mpmissions\Expansion.chernarusplus\storage_1\data\vehicles.002"
16:45:41.148 [CE][Storage] Restoring file "C:\Program Files (x86)\Steam\steamapps\common\DayZServerAug2\mpmissions\Expansion.chernarusplus\storage_1\data\vehicles.bin" 289 items.
16:45:41.895   289 items loaded. (0 failed)
16:45:41.929 [CE][Hive] :: Storage load took:9.45 seconds, recovery stamp:437
16:45:41.929   entity: 26004, building: 0
16:45:41.929   no lifetime: 75
16:45:41.929   pathgraph's: 613
16:45:41.930 [CE][Hive] :: Initializing ... 
16:45:41.974 [CE][InitializeMap] :: initialized: 0
16:45:41.974 [CE][Hive] :: Initializing spawners ... 
16:45:42.756 [CE][LootRespawner] (PRIDummy) :: Initially (re)spawned:0, Nominal:30379, Total in Map: 24071 at 0 (sec)
16:45:42.756   tests:0, repeats:0 fails:0, overtime:0
16:45:42.758 [CE][DynEvent] :: 58 types
16:45:42.758 [00] AmbientHen
16:45:42.758   Primary Spawner: "Ambient", active: yes, repeat: 1
16:45:42.758 [01] AnimalBear
16:45:42.758   Primary Spawner: "Animal", active: yes, repeat: 1
16:45:42.758 [02] AnimalCow
16:45:42.758   Primary Spawner: "Animal", active: yes, repeat: 1
16:45:42.758 [03] AnimalDeer
16:45:42.758   Primary Spawner: "Animal", active: yes, repeat: 1
16:45:42.758 [04] AnimalGoat
16:45:42.758   Primary Spawner: "Animal", active: yes, repeat: 1
16:45:42.758 [05] AnimalPig
16:45:42.758   Primary Spawner: "Animal", active: yes, repeat: 1
16:45:42.758 [06] AnimalRoeDeer
16:45:42.758   Primary Spawner: "Animal", active: yes, repeat: 1
16:45:42.758 [07] AnimalSheep
16:45:42.758   Primary Spawner: "Animal", active: yes, repeat: 1
16:45:42.758 [08] AnimalWildBoar
16:45:42.758   Primary Spawner: "Animal", active: yes, repeat: 1
16:45:42.758 [09] AnimalWolf
16:45:42.758   Primary Spawner: "Animal", active: yes, repeat: 1
16:45:42.758 [10] InfectedArmy
16:45:42.758   Primary Spawner: "Infected", active: yes, repeat: 1
16:45:42.758 [11] InfectedArmyHard
16:45:42.758   Primary Spawner: "Infected", active: yes, repeat: 1
16:45:42.758 [12] InfectedCity
16:45:42.758   Primary Spawner: "Infected", active: yes, repeat: 1
16:45:42.758 [13] InfectedCityTier1
16:45:42.758   Primary Spawner: "Infected", active: yes, repeat: 1
16:45:42.758 [14] InfectedFirefighter
16:45:42.758   Primary Spawner: "Infected", active: yes, repeat: 1
16:45:42.758 [15] InfectedIndustrial
16:45:42.758   Primary Spawner: "Infected", active: yes, repeat: 1
16:45:42.758 [16] InfectedMedic
16:45:42.758   Primary Spawner: "Infected", active: yes, repeat: 1
16:45:42.758 [17] InfectedNBC
16:45:42.758   Primary Spawner: "Infected", active: yes, repeat: 1
16:45:42.758 [18] InfectedNBCYellow
16:45:42.758   Primary Spawner: "Infected", active: yes, repeat: 1
16:45:42.758 [19] InfectedPolice
16:45:42.758   Primary Spawner: "Infected", active: yes, repeat: 1
16:45:42.758 [20] InfectedPoliceHard
16:45:42.758   Primary Spawner: "Infected", active: yes, repeat: 1
16:45:42.758 [21] InfectedPrisoner
16:45:42.758   Primary Spawner: "Infected", active: yes, repeat: 1
16:45:42.758 [22] InfectedReligious
16:45:42.758   Primary Spawner: "Infected", active: yes, repeat: 1
16:45:42.758 [23] InfectedSanta
16:45:42.758   Primary Spawner: "Infected", active: yes, repeat: 1
16:45:42.758 [24] InfectedSolitude
16:45:42.758   Primary Spawner: "Infected", active: yes, repeat: 1
16:45:42.758 [25] InfectedVillage
16:45:42.758   Primary Spawner: "Infected", active: yes, repeat: 1
16:45:42.758 [26] InfectedVillageTier1
16:45:42.758   Primary Spawner: "Infected", active: yes, repeat: 1
16:45:42.758 [27] ItemPlanks
16:45:42.758   Primary Spawner: "Item", active: yes, repeat: 1
16:45:42.758 [28] Loot
16:45:42.758   Primary Spawner: "Loot", active: yes, repeat: 2
16:45:42.758 [29] StaticContaminatedArea
16:45:42.758   Primary Spawner: "Static", active: yes, repeat: 1
16:45:42.758 [30] StaticHeliCrash
16:45:42.758   Primary Spawner: "Static", active: yes, repeat: 1
16:45:42.758   Secondary Spawner: "Infected", active: yes, repeat: 1
16:45:42.758 [31] StaticMilitaryConvoy
16:45:42.758   Primary Spawner: "Static", active: yes, repeat: 1
16:45:42.758   Secondary Spawner: "Infected", active: yes, repeat: 1
16:45:42.758 [32] StaticPoliceSituation
16:45:42.758   Primary Spawner: "Static", active: yes, repeat: 1
16:45:42.758   Secondary Spawner: "Infected", active: yes, repeat: 1
16:45:42.758 [33] StaticTrain
16:45:42.758   Primary Spawner: "Static", active: yes, repeat: 1
16:45:42.758   Secondary Spawner: "Infected", active: yes, repeat: 1
16:45:42.758 [34] TrajectoryApple
16:45:42.758   Primary Spawner: "Trajectory", active: yes, repeat: 1
16:45:42.758 [35] TrajectoryConiferous
16:45:42.758   Primary Spawner: "Trajectory", active: yes, repeat: 1
16:45:42.758 [36] TrajectoryDeciduous
16:45:42.758   Primary Spawner: "Trajectory", active: yes, repeat: 1
16:45:42.758 [37] TrajectoryHumus
16:45:42.758   Primary Spawner: "Trajectory", active: yes, repeat: 1
16:45:42.759 [38] TrajectoryPear
16:45:42.759   Primary Spawner: "Trajectory", active: yes, repeat: 1
16:45:42.759 [39] TrajectoryPlum
16:45:42.759   Primary Spawner: "Trajectory", active: yes, repeat: 1
16:45:42.759 [40] TrajectoryStones
16:45:42.759   Primary Spawner: "Trajectory", active: yes, repeat: 1
16:45:42.759 [41] VehicleCivilianSedan
16:45:42.759   Primary Spawner: "Vehicle", active: yes, repeat: 1
16:45:42.759 [42] VehicleHatchback02
16:45:42.759   Primary Spawner: "Vehicle", active: yes, repeat: 1
16:45:42.759 [43] VehicleOffroad02
16:45:42.759   Primary Spawner: "Vehicle", active: yes, repeat: 1
16:45:42.759 [44] VehicleOffroadHatchback
16:45:42.759   Primary Spawner: "Vehicle", active: yes, repeat: 1
16:45:42.759 [45] VehicleSedan02
16:45:42.759   Primary Spawner: "Vehicle", active: yes, repeat: 1
16:45:42.759 [46] VehicleTruck01
16:45:42.759   Primary Spawner: "Vehicle", active: yes, repeat: 1
16:45:42.759 [47] VehicleUAZ
16:45:42.759   Primary Spawner: "Vehicle", active: yes, repeat: 1
16:45:42.759 [48] VehicleVodnik
16:45:42.759   Primary Spawner: "Vehicle", active: yes, repeat: 1
16:45:42.759 [49] VehicleBus
16:45:42.759   Primary Spawner: "Vehicle", active: yes, repeat: 1
16:45:42.759 [50] VehicleTractor
16:45:42.759   Primary Spawner: "Vehicle", active: yes, repeat: 1
16:45:42.759 [51] VehicleLandRover
16:45:42.759   Primary Spawner: "Vehicle", active: yes, repeat: 1
16:45:42.759 [52] VehicleMH6Helicopter
16:45:42.759   Primary Spawner: "Vehicle", active: yes, repeat: 1
16:45:42.759 [53] VehicleMerlinHelicopter
16:45:42.759   Primary Spawner: "Vehicle", active: yes, repeat: 1
16:45:42.759 [54] VehicleUh1hHelicopter
16:45:42.759   Primary Spawner: "Vehicle", active: yes, repeat: 1
16:45:42.759 [55] VehicleUtilityBoat
16:45:42.759   Primary Spawner: "Vehicle", active: yes, repeat: 1
16:45:42.759 [56] VehicleZodiacBoat
16:45:42.759   Primary Spawner: "Vehicle", active: yes, repeat: 1
16:45:42.759 [57] VehicleGyroHelicopter
16:45:42.759   Primary Spawner: "Vehicle", active: yes, repeat: 1
16:45:42.759 [CE][Hive] :: Initializing of spawners done.
16:45:42.768 [CE][Hive] :: Init sequence finished.
16:45:42.768 Player connect enabled
16:45:44.340 [IdleMode] Entering IN - save processed
16:46:12.778 [Login]: Adding player Blorpus9000 (20108057) to login queue at position 0
16:46:12.778 [LoginMachine]: Add player Blorpus9000 (20108057 192.168.1.133:2316)
16:46:12.778 [StateMachine]: Player Blorpus9000 (dpnid 20108057 uid ) Entering AuthPlayerLoginState
16:46:15.39 [StateMachine]: Player Blorpus9000 (dpnid 20108057 uid ) Entering WaitAuthPlayerLoginState
16:46:15.377 [IdleMode] Leaving OUT
16:46:17.478 Player Blorpus9000 connected (id=3I2KPiMwtNrbRzLe964-q3OrI2Ligr9LBcsFxmVIl3Q=).
16:46:17.478 Player "Blorpus9000" is connected (steamID=76561198081075225)
16:46:17.479 [StateMachine]: Player Blorpus9000 (dpnid 20108057 uid ) Entering WaitPlayerAssignedLoginState
16:46:17.956 [StateMachine]: Player Blorpus9000 (dpnid 20108057 uid 3I2KPiMwtNrbRzLe964-q3OrI2Ligr9LBcsFxmVIl3Q=) Entering DBGetLoginTimeLoginState
16:46:17.957 [StateMachine]: Player Blorpus9000 (dpnid 20108057 uid 3I2KPiMwtNrbRzLe964-q3OrI2Ligr9LBcsFxmVIl3Q=) Entering DBWaitLoginTimeLoginState
16:46:20.957 [StateMachine]: Player Blorpus9000 (dpnid 20108057 uid 3I2KPiMwtNrbRzLe964-q3OrI2Ligr9LBcsFxmVIl3Q=) Entering DBGetCharacterLoginState
16:46:20.958 [StateMachine]: Player Blorpus9000 (dpnid 20108057 uid 3I2KPiMwtNrbRzLe964-q3OrI2Ligr9LBcsFxmVIl3Q=) Entering CreateNetObjectsLoginState
16:46:20.962 [StateMachine]: Player Blorpus9000 (dpnid 20108057 uid 3I2KPiMwtNrbRzLe964-q3OrI2Ligr9LBcsFxmVIl3Q=) Entering PreloadCamLoginState
16:46:20.962 [StateMachine]: Player Blorpus9000 (dpnid 20108057 uid 3I2KPiMwtNrbRzLe964-q3OrI2Ligr9LBcsFxmVIl3Q=) Entering WaitPreloadCamLoginState
16:46:32.193 [StateMachine]: Player Blorpus9000 (dpnid 20108057 uid 3I2KPiMwtNrbRzLe964-q3OrI2Ligr9LBcsFxmVIl3Q=) Entering GetLoadedCharLoginState