

=====================================================================
== C:\Program Files (x86)\Steam\steamapps\common\DayZServerAug2\DayZServer_x64.exe
== "DayZServer_x64.exe" -config=serverDZ.cfg -mod=@CF;@CommunityOnlineTools;@DabsFramework;@DayZ-Editor-Loader;@DayZ-Expansion-Animations;@DayZ-Expansion-Bundle;@DayZ-Expansion-Licensed;@MMG-MightysMilitaryGear;@PvZmoD_CustomisableZombies "-serverMod=_@DayZ-Dynamic-AI-Addon" -port=2302 -profiles=config -cpuCount=4 -adminlog -netlog -freezecheck 
=====================================================================
Exe timestamp: 2023/07/27 17:06:07
Current time:  2023/08/17 20:32:52

Version 1.21.156300
20:32:52.237 [Inputs] Loading inputs default "bin/constants.xml"
20:32:52.239 [Inputs] Loading inputs default "bin/specific.xml"
20:32:52.239 [Inputs] Loading inputs default "JM/COT/Scripts/Data/Inputs.xml"
20:32:52.240 !!! [Inputs] Cannot Register "UAObjectModuleDeleteOnCursor" non-existent input - Fix Preset!
20:32:52.240 [Inputs] Loading inputs default "LIVEN/PvZmoD_CustomisableZombies/inputs.xml"
20:32:52.240 [Inputs] Loading inputs default "DayZExpansion/Groups/Scripts/Data/Inputs.xml"
20:32:52.240 [Inputs] Loading inputs default "DayZExpansion/Navigation/Scripts/Data/Inputs.xml"
20:32:52.240 !!! [Inputs] Attempt to register duplicate exclusion group "chatexpansion"
20:32:52.241 [Inputs] Loading inputs default "DayZExpansion/PlayerList/Scripts/Data/Inputs.xml"
20:32:52.241 !!! [Inputs] Attempt to register duplicate exclusion group "chatexpansion"
20:32:52.241 [Inputs] Loading inputs default "DayZExpansion/Scripts/Data/Inputs.xml"
20:32:52.241 !!! [Inputs] Attempt to register duplicate exclusion group "chatexpansion"
20:32:52.241 [Inputs] Loading inputs default "DayZExpansion/Vehicles/Scripts/Data/Inputs.xml"
20:32:52.242 [Inputs] Loading inputs default "DayZExpansion/AI/Scripts/inputs.xml"
20:32:52.242 [Inputs] Loading inputs default "DayZExpansion/BaseBuilding/Scripts/Data/Inputs.xml"
20:32:52.242 !!! [Inputs] Attempt to register duplicate exclusion group "chatexpansion"
20:32:52.242 [Inputs] Loading inputs default "DayZExpansion/Book/Scripts/Data/Inputs.xml"
20:32:52.242 !!! [Inputs] Attempt to register duplicate exclusion group "chatexpansion"
20:32:52.242 [Inputs] Loading inputs default "DayZExpansion/Chat/Scripts/Data/Inputs.xml"
20:32:52.242 !!! [Inputs] Attempt to register duplicate exclusion group "chatexpansion"
20:32:52.243 [Inputs] Loading inputs default "DayZExpansion/Quests/Scripts/Data/Inputs.xml"
20:32:52.243 [Inputs] Loading inputs cfg "config\Users\Survivor\Server.core.xml"
20:32:52.243 !!! [Inputs] Cannot read inputs cfg "config\Users\Survivor\Server.core.xml", parser error
20:32:52.243 [Inputs] Loading inputs cfg "bin/core.xml"
20:32:52.243 !!! [Inputs] Cannot load input preset "#STR_USER", file does not exist
20:32:52.244 [Inputs] Exporting inputs cfg "config\Users\Survivor\Server.core.xml"
20:33:13.266 [CE][Hive] :: Initializing OFFLINE
20:33:13.267 [StorageDirs] :: Selected storage directory: C:\Program Files (x86)\Steam\steamapps\common\DayZServerAug2\mpmissions\Expansion.chernarusplus\storage_1\
20:33:13.267 [CE][Hive] :: Loading core data ... 
20:33:13.271 [CE][CoreData] :: 7 root classes, 18 defaults, 0 updaters...
20:33:15.990 [CE] :: WARNING :: Preset map "optics" is EMPTY.
20:33:15.992 [CE][TypeSetup] :: 505 classes setuped...
20:33:15.999 [CE] :: WARNING :: Preset map "optics" is EMPTY.
20:33:16.00 [CE][TypeSetup] :: 97 classes setuped...
20:33:16.07 [CE] :: WARNING :: Preset map "optics" is EMPTY.
20:33:16.08 [CE][TypeSetup] :: 206 classes setuped...
20:33:17.91 [CE][RegisterBind] :: 0 classes binded...
20:33:17.92 [CE][RegisterConfig] :: 11818 config classes registered, 0 sub-counters...
20:33:17.92 [CE][Hive] :: Loading map data ... 
20:33:17.98 [CE][IgnoreList] "cfgignorelist.xml" :: loaded 19 types
20:33:17.148 !!! [CE] :: Unknown category: 'vehicleparts'.
20:33:17.148 !!! [CE] :: Unknown category: 'vehicleparts'.
20:33:17.148 !!! [CE] :: Unknown category: 'vehicleparts'.
20:33:17.148 !!! [CE] :: Unknown category: 'vehicleparts'.
20:33:17.148 !!! [CE] :: Unknown category: 'vehicleparts'.
20:33:17.148 !!! [CE] :: Unknown category: 'vehicleparts'.
20:33:17.148 !!! [CE] :: Unknown category: 'vehicleparts'.
20:33:17.148 !!! [CE] :: Unknown category: 'vehicleparts'.
20:33:17.148 !!! [CE] :: Unknown category: 'vehicleparts'.
20:33:17.148 !!! [CE] :: Unknown category: 'vehicleparts'.
20:33:17.148 !!! [CE] :: Unknown category: 'vehicleparts'.
20:33:17.148 !!! [CE] :: Unknown category: 'vehicleparts'.
20:33:17.148 !!! [CE] :: Unknown category: 'vehicleparts'.
20:33:17.148 !!! [CE] :: Unknown category: 'vehicleparts'.
20:33:17.148 !!! [CE] :: Unknown category: 'vehicleparts'.
20:33:17.148 !!! [CE] :: Unknown category: 'vehicleparts'.
20:33:17.148 !!! [CE] :: Unknown category: 'vehicleparts'.
20:33:17.148 !!! [CE] :: Unknown category: 'vehicleparts'.
20:33:17.148 !!! [CE] :: Unknown category: 'vehicleparts'.
20:33:17.148 !!! [CE] :: Unknown category: 'vehicleparts'.
20:33:17.148 !!! [CE] :: Unknown category: 'vehicleparts'.
20:33:17.148 !!! [CE] :: Unknown category: 'vehicleparts'.
20:33:17.148 !!! [CE] :: Unknown category: 'vehicleparts'.
20:33:17.148 !!! [CE] :: Unknown category: 'vehicleparts'.
20:33:17.149 !!! [CE] :: Unknown category: 'vehicleparts'.
20:33:17.149 !!! [CE] :: Unknown category: 'vehicleparts'.
20:33:17.149 !!! [CE] :: Unknown category: 'vehicleparts'.
20:33:17.149 !!! [CE] :: Unknown category: 'vehicleparts'.
20:33:17.149 !!! [CE] :: Unknown category: 'vehicleparts'.
20:33:17.149 !!! [CE] :: Unknown category: 'vehicleparts'.
20:33:17.149 !!! [CE] :: Unknown category: 'vehicleparts'.
20:33:17.149 !!! [CE] :: Unknown category: 'vehicleparts'.
20:33:17.149 !!! [CE] :: Unknown category: 'vehicleparts'.
20:33:17.149 !!! [CE] :: Unknown category: 'vehicleparts'.
20:33:17.149 !!! [CE] :: Unknown category: 'vehicleparts'.
20:33:17.149 !!! [CE] :: Unknown category: 'vehicleparts'.
20:33:17.149 !!! [CE] :: Unknown category: 'vehicleparts'.
20:33:17.149 !!! [CE] :: Unknown category: 'vehicleparts'.
20:33:17.149 !!! [CE] :: Unknown category: 'vehicleparts'.
20:33:17.149 !!! [CE] :: Unknown category: 'vehicleparts'.
20:33:17.149 !!! [CE] :: Unknown category: 'vehicleparts'.
20:33:17.149 !!! [CE] :: Unknown category: 'vehicleparts'.
20:33:17.149 !!! [CE] :: Unknown category: 'vehicleparts'.
20:33:17.149 !!! [CE] :: Unknown category: 'vehicleparts'.
20:33:17.149 !!! [CE] :: Unknown category: 'vehicleparts'.
20:33:17.149 !!! [CE] :: Unknown category: 'vehicleparts'.
20:33:17.149 !!! [CE] :: Unknown category: 'vehicleparts'.
20:33:17.149 !!! [CE] :: Unknown category: 'vehicleparts'.
20:33:17.149 !!! [CE] :: Unknown category: 'vehicleparts'.
20:33:17.149 !!! [CE] :: Unknown category: 'vehicleparts'.
20:33:17.149 !!! [CE] :: Unknown category: 'vehicleparts'.
20:33:17.149 !!! [CE] :: Unknown category: 'vehicleparts'.
20:33:17.149 [CE][LoadPrototype] :: loaded 413 prototypes
20:33:17.149   799 containers, 10078 points
20:33:17.149   66 dispatches, 239 proxies
20:33:17.149 !!! [CE][LoadPrototype] 5 groups have no points...
20:33:17.149 [CE][LoadPrototype] :: last group name: Land_Wreck_sed02_aban2_red_DE...
20:33:17.156 [CE][LoadPrototype] :: loaded 0 prototypes
20:33:17.156   55 containers, 232 points
20:33:17.156   0 dispatches, 0 proxies
20:33:17.156 [CE][LoadPrototype] :: last group name: Rail9...
20:33:17.779 [CE][LoadMap] "Group" :: loaded 11709 groups, groups failed: 0, largest group range: 34.2
20:33:17.784 [CE][LoadMap] "Dirt" :: loaded 0 groups, groups failed: 0, largest group range: 34.2
20:33:18.52 [CE][Links] found 1908 total links between groups, of 11709
20:33:18.52 [CE][LoadClusters] "Cluster" :: Loading files...
20:33:18.222 [CE][LoadClusters] :: file: "mapgroupcluster.xml", 9 types, 50000 instances
20:33:18.388 [CE][LoadClusters] :: file: "mapgroupcluster01", 9 types, 50000 instances
20:33:18.559 [CE][LoadClusters] :: file: "mapgroupcluster02", 9 types, 50000 instances
20:33:18.728 [CE][LoadClusters] :: file: "mapgroupcluster03", 9 types, 50000 instances
20:33:18.793 [CE][LoadClusters] :: file: "mapgroupcluster04", 9 types, 17347 instances
20:33:18.800 [CE][Storage] ver:21 stamp:29, valid:yes, name:"C:\Program Files (x86)\Steam\steamapps\common\DayZServerAug2\mpmissions\Expansion.chernarusplus\storage_1\data\types.bin"
20:33:18.803 [CE][Storage] ver:21 stamp:26, valid:yes, name:"C:\Program Files (x86)\Steam\steamapps\common\DayZServerAug2\mpmissions\Expansion.chernarusplus\storage_1\data\types.001"
20:33:18.806 [CE][Storage] ver:21 stamp:27, valid:yes, name:"C:\Program Files (x86)\Steam\steamapps\common\DayZServerAug2\mpmissions\Expansion.chernarusplus\storage_1\data\types.002"
20:33:18.806 [CE][Storage] Restoring file "C:\Program Files (x86)\Steam\steamapps\common\DayZServerAug2\mpmissions\Expansion.chernarusplus\storage_1\data\types.bin".
20:33:18.930 !!! [CE][offlineDB] :: No Shutdown message present.
20:33:18.937 [CE][offlineDB] :: Loaded 47 dynamic events 225 total types.
20:33:18.941 !!! [CE][DE] (VehicleTruck01) :: Unable to create child (Truck_01_Covered_Grey) as the type does not exist.
20:33:18.941 [CE][offlineDB] :: Loaded 58 dynamic events 289 total types.
20:33:18.970 !!! [CE][offlineDB] :: Type 'ChristmasTree' will be ignored. (Not spawnable. (Scope is not public?))
20:33:18.983 !!! [CE][offlineDB] :: Type 'Expansion_M79' will be ignored. (Not spawnable. (Scope is not public?))
20:33:18.983 !!! [CE][offlineDB] :: Type 'ExpansionFlaregun' will be ignored. (Not spawnable. (Scope is not public?))
20:33:18.983 !!! [CE][offlineDB] :: Type 'Expansion_Longhorn' will be ignored. (Not spawnable. (Scope is not public?))
20:33:19.07 !!! [CE][offlineDB] :: Type 'MMG_tactical_shirt_dark_woodland' will be ignored. (Type does not exist. (Typo?))
20:33:19.21 !!! [CE][offlineDB] :: Type 'MMG_mmps_nag_multicamblack' will be ignored. (Type does not exist. (Typo?))
20:33:19.25 !!! [CE][offlineDB] :: Type 'MMG_assault_pack_multicam_tropic' will be ignored. (Type does not exist. (Typo?))
20:33:19.177 !!! [CE][DE][SPAWNS] :: [WARNING] :: Skipping entry for non-existing event 'VehicleTransitBus'.
20:33:19.177 [CE][DE][SPAWNS] :: Total positions: 987
20:33:19.177 [CE][DE][GROUPS] :: Total eventgroups defined: 83, Eventgroups in use: 83
20:33:19.181 [CE][Storage] ver:21 stamp:29, valid:yes, name:"C:\Program Files (x86)\Steam\steamapps\common\DayZServerAug2\mpmissions\Expansion.chernarusplus\storage_1\data\events.bin"
20:33:19.184 [CE][Storage] ver:21 stamp:26, valid:yes, name:"C:\Program Files (x86)\Steam\steamapps\common\DayZServerAug2\mpmissions\Expansion.chernarusplus\storage_1\data\events.001"
20:33:19.188 [CE][Storage] ver:21 stamp:27, valid:yes, name:"C:\Program Files (x86)\Steam\steamapps\common\DayZServerAug2\mpmissions\Expansion.chernarusplus\storage_1\data\events.002"
20:33:19.188 [CE][Storage] Restoring file "C:\Program Files (x86)\Steam\steamapps\common\DayZServerAug2\mpmissions\Expansion.chernarusplus\storage_1\data\events.bin".
20:33:19.188 [CE][DynamicEvent] Load  Events:[58] Primary spawners: 58 Secondary spawners: 4
20:33:19.193 [CE][Storage] ver:25 stamp:29, valid:yes, name:"C:\Program Files (x86)\Steam\steamapps\common\DayZServerAug2\mpmissions\Expansion.chernarusplus\storage_1\data\dynamic_000.bin"
20:33:19.196 [CE][Storage] ver:25 stamp:26, valid:yes, name:"C:\Program Files (x86)\Steam\steamapps\common\DayZServerAug2\mpmissions\Expansion.chernarusplus\storage_1\data\dynamic_000.001"
20:33:19.200 [CE][Storage] ver:25 stamp:27, valid:yes, name:"C:\Program Files (x86)\Steam\steamapps\common\DayZServerAug2\mpmissions\Expansion.chernarusplus\storage_1\data\dynamic_000.002"
20:33:19.201 [CE][Storage] Restoring file "C:\Program Files (x86)\Steam\steamapps\common\DayZServerAug2\mpmissions\Expansion.chernarusplus\storage_1\data\dynamic_000.bin" 1205 items.
20:33:19.753   1205 items loaded. (0 failed)
20:33:19.757 [CE][Storage] ver:25 stamp:29, valid:yes, name:"C:\Program Files (x86)\Steam\steamapps\common\DayZServerAug2\mpmissions\Expansion.chernarusplus\storage_1\data\dynamic_001.bin"
20:33:19.761 [CE][Storage] ver:25 stamp:26, valid:yes, name:"C:\Program Files (x86)\Steam\steamapps\common\DayZServerAug2\mpmissions\Expansion.chernarusplus\storage_1\data\dynamic_001.001"
20:33:19.764 [CE][Storage] ver:25 stamp:27, valid:yes, name:"C:\Program Files (x86)\Steam\steamapps\common\DayZServerAug2\mpmissions\Expansion.chernarusplus\storage_1\data\dynamic_001.002"
20:33:19.764 [CE][Storage] Restoring file "C:\Program Files (x86)\Steam\steamapps\common\DayZServerAug2\mpmissions\Expansion.chernarusplus\storage_1\data\dynamic_001.bin" 2129 items.
20:33:20.548   2129 items loaded. (0 failed)
20:33:20.553 [CE][Storage] ver:25 stamp:29, valid:yes, name:"C:\Program Files (x86)\Steam\steamapps\common\DayZServerAug2\mpmissions\Expansion.chernarusplus\storage_1\data\dynamic_002.bin"
20:33:20.557 [CE][Storage] ver:25 stamp:26, valid:yes, name:"C:\Program Files (x86)\Steam\steamapps\common\DayZServerAug2\mpmissions\Expansion.chernarusplus\storage_1\data\dynamic_002.001"
20:33:20.560 [CE][Storage] ver:25 stamp:27, valid:yes, name:"C:\Program Files (x86)\Steam\steamapps\common\DayZServerAug2\mpmissions\Expansion.chernarusplus\storage_1\data\dynamic_002.002"
20:33:20.561 [CE][Storage] Restoring file "C:\Program Files (x86)\Steam\steamapps\common\DayZServerAug2\mpmissions\Expansion.chernarusplus\storage_1\data\dynamic_002.bin" 3281 items.
20:33:21.640   3281 items loaded. (0 failed)
20:33:21.645 [CE][Storage] ver:25 stamp:29, valid:yes, name:"C:\Program Files (x86)\Steam\steamapps\common\DayZServerAug2\mpmissions\Expansion.chernarusplus\storage_1\data\dynamic_003.bin"
20:33:21.650 [CE][Storage] ver:25 stamp:26, valid:yes, name:"C:\Program Files (x86)\Steam\steamapps\common\DayZServerAug2\mpmissions\Expansion.chernarusplus\storage_1\data\dynamic_003.001"
20:33:21.652 [CE][Storage] ver:25 stamp:27, valid:yes, name:"C:\Program Files (x86)\Steam\steamapps\common\DayZServerAug2\mpmissions\Expansion.chernarusplus\storage_1\data\dynamic_003.002"
20:33:21.652 [CE][Storage] Restoring file "C:\Program Files (x86)\Steam\steamapps\common\DayZServerAug2\mpmissions\Expansion.chernarusplus\storage_1\data\dynamic_003.bin" 2782 items.
20:33:22.615   2782 items loaded. (0 failed)
20:33:22.620 [CE][Storage] ver:25 stamp:29, valid:yes, name:"C:\Program Files (x86)\Steam\steamapps\common\DayZServerAug2\mpmissions\Expansion.chernarusplus\storage_1\data\dynamic_004.bin"
20:33:22.623 [CE][Storage] ver:25 stamp:26, valid:yes, name:"C:\Program Files (x86)\Steam\steamapps\common\DayZServerAug2\mpmissions\Expansion.chernarusplus\storage_1\data\dynamic_004.001"
20:33:22.627 [CE][Storage] ver:25 stamp:27, valid:yes, name:"C:\Program Files (x86)\Steam\steamapps\common\DayZServerAug2\mpmissions\Expansion.chernarusplus\storage_1\data\dynamic_004.002"
20:33:22.627 [CE][Storage] Restoring file "C:\Program Files (x86)\Steam\steamapps\common\DayZServerAug2\mpmissions\Expansion.chernarusplus\storage_1\data\dynamic_004.bin" 2492 items.
20:33:23.547   2492 items loaded. (0 failed)
20:33:23.552 [CE][Storage] ver:25 stamp:29, valid:yes, name:"C:\Program Files (x86)\Steam\steamapps\common\DayZServerAug2\mpmissions\Expansion.chernarusplus\storage_1\data\dynamic_005.bin"
20:33:23.555 [CE][Storage] ver:25 stamp:26, valid:yes, name:"C:\Program Files (x86)\Steam\steamapps\common\DayZServerAug2\mpmissions\Expansion.chernarusplus\storage_1\data\dynamic_005.001"
20:33:23.558 [CE][Storage] ver:25 stamp:27, valid:yes, name:"C:\Program Files (x86)\Steam\steamapps\common\DayZServerAug2\mpmissions\Expansion.chernarusplus\storage_1\data\dynamic_005.002"
20:33:23.559 [CE][Storage] Restoring file "C:\Program Files (x86)\Steam\steamapps\common\DayZServerAug2\mpmissions\Expansion.chernarusplus\storage_1\data\dynamic_005.bin" 2865 items.
20:33:24.547   2865 items loaded. (0 failed)
20:33:24.552 [CE][Storage] ver:25 stamp:29, valid:yes, name:"C:\Program Files (x86)\Steam\steamapps\common\DayZServerAug2\mpmissions\Expansion.chernarusplus\storage_1\data\dynamic_006.bin"
20:33:24.555 [CE][Storage] ver:25 stamp:26, valid:yes, name:"C:\Program Files (x86)\Steam\steamapps\common\DayZServerAug2\mpmissions\Expansion.chernarusplus\storage_1\data\dynamic_006.001"
20:33:24.559 [CE][Storage] ver:25 stamp:27, valid:yes, name:"C:\Program Files (x86)\Steam\steamapps\common\DayZServerAug2\mpmissions\Expansion.chernarusplus\storage_1\data\dynamic_006.002"
20:33:24.559 [CE][Storage] Restoring file "C:\Program Files (x86)\Steam\steamapps\common\DayZServerAug2\mpmissions\Expansion.chernarusplus\storage_1\data\dynamic_006.bin" 2005 items.
20:33:25.232   2005 items loaded. (0 failed)
20:33:25.238 [CE][Storage] ver:25 stamp:29, valid:yes, name:"C:\Program Files (x86)\Steam\steamapps\common\DayZServerAug2\mpmissions\Expansion.chernarusplus\storage_1\data\dynamic_007.bin"
20:33:25.242 [CE][Storage] ver:25 stamp:26, valid:yes, name:"C:\Program Files (x86)\Steam\steamapps\common\DayZServerAug2\mpmissions\Expansion.chernarusplus\storage_1\data\dynamic_007.001"
20:33:25.245 [CE][Storage] ver:25 stamp:27, valid:yes, name:"C:\Program Files (x86)\Steam\steamapps\common\DayZServerAug2\mpmissions\Expansion.chernarusplus\storage_1\data\dynamic_007.002"
20:33:25.245 [CE][Storage] Restoring file "C:\Program Files (x86)\Steam\steamapps\common\DayZServerAug2\mpmissions\Expansion.chernarusplus\storage_1\data\dynamic_007.bin" 1951 items.
20:33:25.955   1951 items loaded. (0 failed)
20:33:25.960 [CE][Storage] ver:25 stamp:29, valid:yes, name:"C:\Program Files (x86)\Steam\steamapps\common\DayZServerAug2\mpmissions\Expansion.chernarusplus\storage_1\data\dynamic_008.bin"
20:33:25.963 [CE][Storage] ver:25 stamp:26, valid:yes, name:"C:\Program Files (x86)\Steam\steamapps\common\DayZServerAug2\mpmissions\Expansion.chernarusplus\storage_1\data\dynamic_008.001"
20:33:25.967 [CE][Storage] ver:25 stamp:27, valid:yes, name:"C:\Program Files (x86)\Steam\steamapps\common\DayZServerAug2\mpmissions\Expansion.chernarusplus\storage_1\data\dynamic_008.002"
20:33:25.967 [CE][Storage] Restoring file "C:\Program Files (x86)\Steam\steamapps\common\DayZServerAug2\mpmissions\Expansion.chernarusplus\storage_1\data\dynamic_008.bin" 2844 items.
20:33:27.25   2844 items loaded. (0 failed)
20:33:27.30 [CE][Storage] ver:25 stamp:29, valid:yes, name:"C:\Program Files (x86)\Steam\steamapps\common\DayZServerAug2\mpmissions\Expansion.chernarusplus\storage_1\data\dynamic_009.bin"
20:33:27.34 [CE][Storage] ver:25 stamp:26, valid:yes, name:"C:\Program Files (x86)\Steam\steamapps\common\DayZServerAug2\mpmissions\Expansion.chernarusplus\storage_1\data\dynamic_009.001"
20:33:27.37 [CE][Storage] ver:25 stamp:27, valid:yes, name:"C:\Program Files (x86)\Steam\steamapps\common\DayZServerAug2\mpmissions\Expansion.chernarusplus\storage_1\data\dynamic_009.002"
20:33:27.38 [CE][Storage] Restoring file "C:\Program Files (x86)\Steam\steamapps\common\DayZServerAug2\mpmissions\Expansion.chernarusplus\storage_1\data\dynamic_009.bin" 3630 items.
20:33:28.423   3630 items loaded. (0 failed)
20:33:28.427 [CE][Storage] ver:25 stamp:29, valid:yes, name:"C:\Program Files (x86)\Steam\steamapps\common\DayZServerAug2\mpmissions\Expansion.chernarusplus\storage_1\data\dynamic_010.bin"
20:33:28.431 [CE][Storage] ver:25 stamp:26, valid:yes, name:"C:\Program Files (x86)\Steam\steamapps\common\DayZServerAug2\mpmissions\Expansion.chernarusplus\storage_1\data\dynamic_010.001"
20:33:28.434 [CE][Storage] ver:25 stamp:27, valid:yes, name:"C:\Program Files (x86)\Steam\steamapps\common\DayZServerAug2\mpmissions\Expansion.chernarusplus\storage_1\data\dynamic_010.002"
20:33:28.434 [CE][Storage] Restoring file "C:\Program Files (x86)\Steam\steamapps\common\DayZServerAug2\mpmissions\Expansion.chernarusplus\storage_1\data\dynamic_010.bin" 2389 items.
20:33:29.362   2389 items loaded. (0 failed)
20:33:29.367 [CE][Storage] ver:25 stamp:29, valid:yes, name:"C:\Program Files (x86)\Steam\steamapps\common\DayZServerAug2\mpmissions\Expansion.chernarusplus\storage_1\data\dynamic_011.bin"
20:33:29.370 [CE][Storage] ver:25 stamp:26, valid:yes, name:"C:\Program Files (x86)\Steam\steamapps\common\DayZServerAug2\mpmissions\Expansion.chernarusplus\storage_1\data\dynamic_011.001"
20:33:29.373 [CE][Storage] ver:25 stamp:27, valid:yes, name:"C:\Program Files (x86)\Steam\steamapps\common\DayZServerAug2\mpmissions\Expansion.chernarusplus\storage_1\data\dynamic_011.002"
20:33:29.373 [CE][Storage] Restoring file "C:\Program Files (x86)\Steam\steamapps\common\DayZServerAug2\mpmissions\Expansion.chernarusplus\storage_1\data\dynamic_011.bin" 225 items.
20:33:29.452   225 items loaded. (0 failed)
20:33:29.456 [CE][Storage] ver:26 stamp:29, valid:yes, name:"C:\Program Files (x86)\Steam\steamapps\common\DayZServerAug2\mpmissions\Expansion.chernarusplus\storage_1\data\building.bin"
20:33:29.458 [CE][Storage] ver:26 stamp:26, valid:yes, name:"C:\Program Files (x86)\Steam\steamapps\common\DayZServerAug2\mpmissions\Expansion.chernarusplus\storage_1\data\building.001"
20:33:29.461 [CE][Storage] ver:26 stamp:27, valid:yes, name:"C:\Program Files (x86)\Steam\steamapps\common\DayZServerAug2\mpmissions\Expansion.chernarusplus\storage_1\data\building.002"
20:33:29.461 [CE][Storage] Restoring file "C:\Program Files (x86)\Steam\steamapps\common\DayZServerAug2\mpmissions\Expansion.chernarusplus\storage_1\data\building.bin" 0 items.
20:33:29.461   0 items loaded. (0 failed)
20:33:29.465 [CE][Storage] ver:25 stamp:29, valid:yes, name:"C:\Program Files (x86)\Steam\steamapps\common\DayZServerAug2\mpmissions\Expansion.chernarusplus\storage_1\data\vehicles.bin"
20:33:29.469 [CE][Storage] ver:25 stamp:26, valid:yes, name:"C:\Program Files (x86)\Steam\steamapps\common\DayZServerAug2\mpmissions\Expansion.chernarusplus\storage_1\data\vehicles.001"
20:33:29.472 [CE][Storage] ver:25 stamp:27, valid:yes, name:"C:\Program Files (x86)\Steam\steamapps\common\DayZServerAug2\mpmissions\Expansion.chernarusplus\storage_1\data\vehicles.002"
20:33:29.472 [CE][Storage] Restoring file "C:\Program Files (x86)\Steam\steamapps\common\DayZServerAug2\mpmissions\Expansion.chernarusplus\storage_1\data\vehicles.bin" 278 items.
20:33:30.240   278 items loaded. (0 failed)
20:33:30.280 [CE][Hive] :: Storage load took:11.09 seconds, recovery stamp:29
20:33:30.280   entity: 30402, building: 0
20:33:30.280   no lifetime: 73
20:33:30.280   pathgraph's: 643
20:33:30.282 [CE][Hive] :: Initializing ... 
20:33:30.336 [CE][InitializeMap] :: initialized: 0
20:33:30.336 [CE][Hive] :: Initializing spawners ... 
20:33:31.130 [CE][LootRespawner] (PRIDummy) :: Initially (re)spawned:0, Nominal:30379, Total in Map: 28057 at 0 (sec)
20:33:31.130   tests:0, repeats:0 fails:0, overtime:0
20:33:31.133 [CE][DynEvent] :: 58 types
20:33:31.133 [00] AmbientHen
20:33:31.133   Primary Spawner: "Ambient", active: yes, repeat: 1
20:33:31.133 [01] AnimalBear
20:33:31.133   Primary Spawner: "Animal", active: yes, repeat: 1
20:33:31.133 [02] AnimalCow
20:33:31.133   Primary Spawner: "Animal", active: yes, repeat: 1
20:33:31.133 [03] AnimalDeer
20:33:31.133   Primary Spawner: "Animal", active: yes, repeat: 1
20:33:31.133 [04] AnimalGoat
20:33:31.133   Primary Spawner: "Animal", active: yes, repeat: 1
20:33:31.133 [05] AnimalPig
20:33:31.133   Primary Spawner: "Animal", active: yes, repeat: 1
20:33:31.133 [06] AnimalRoeDeer
20:33:31.133   Primary Spawner: "Animal", active: yes, repeat: 1
20:33:31.133 [07] AnimalSheep
20:33:31.133   Primary Spawner: "Animal", active: yes, repeat: 1
20:33:31.133 [08] AnimalWildBoar
20:33:31.133   Primary Spawner: "Animal", active: yes, repeat: 1
20:33:31.133 [09] AnimalWolf
20:33:31.133   Primary Spawner: "Animal", active: yes, repeat: 1
20:33:31.133 [10] InfectedArmy
20:33:31.133   Primary Spawner: "Infected", active: yes, repeat: 1
20:33:31.133 [11] InfectedArmyHard
20:33:31.133   Primary Spawner: "Infected", active: yes, repeat: 1
20:33:31.133 [12] InfectedCity
20:33:31.133   Primary Spawner: "Infected", active: yes, repeat: 1
20:33:31.133 [13] InfectedCityTier1
20:33:31.133   Primary Spawner: "Infected", active: yes, repeat: 1
20:33:31.133 [14] InfectedFirefighter
20:33:31.133   Primary Spawner: "Infected", active: yes, repeat: 1
20:33:31.133 [15] InfectedIndustrial
20:33:31.133   Primary Spawner: "Infected", active: yes, repeat: 1
20:33:31.133 [16] InfectedMedic
20:33:31.133   Primary Spawner: "Infected", active: yes, repeat: 1
20:33:31.133 [17] InfectedNBC
20:33:31.133   Primary Spawner: "Infected", active: yes, repeat: 1
20:33:31.133 [18] InfectedNBCYellow
20:33:31.133   Primary Spawner: "Infected", active: yes, repeat: 1
20:33:31.133 [19] InfectedPolice
20:33:31.133   Primary Spawner: "Infected", active: yes, repeat: 1
20:33:31.133 [20] InfectedPoliceHard
20:33:31.133   Primary Spawner: "Infected", active: yes, repeat: 1
20:33:31.133 [21] InfectedPrisoner
20:33:31.133   Primary Spawner: "Infected", active: yes, repeat: 1
20:33:31.133 [22] InfectedReligious
20:33:31.133   Primary Spawner: "Infected", active: yes, repeat: 1
20:33:31.133 [23] InfectedSanta
20:33:31.133   Primary Spawner: "Infected", active: yes, repeat: 1
20:33:31.133 [24] InfectedSolitude
20:33:31.133   Primary Spawner: "Infected", active: yes, repeat: 1
20:33:31.133 [25] InfectedVillage
20:33:31.133   Primary Spawner: "Infected", active: yes, repeat: 1
20:33:31.133 [26] InfectedVillageTier1
20:33:31.133   Primary Spawner: "Infected", active: yes, repeat: 1
20:33:31.133 [27] ItemPlanks
20:33:31.133   Primary Spawner: "Item", active: yes, repeat: 1
20:33:31.133 [28] Loot
20:33:31.133   Primary Spawner: "Loot", active: yes, repeat: 2
20:33:31.133 [29] StaticContaminatedArea
20:33:31.133   Primary Spawner: "Static", active: yes, repeat: 1
20:33:31.133 [30] StaticHeliCrash
20:33:31.133   Primary Spawner: "Static", active: yes, repeat: 1
20:33:31.133   Secondary Spawner: "Infected", active: yes, repeat: 1
20:33:31.133 [31] StaticMilitaryConvoy
20:33:31.133   Primary Spawner: "Static", active: yes, repeat: 1
20:33:31.133   Secondary Spawner: "Infected", active: yes, repeat: 1
20:33:31.133 [32] StaticPoliceSituation
20:33:31.133   Primary Spawner: "Static", active: yes, repeat: 1
20:33:31.133   Secondary Spawner: "Infected", active: yes, repeat: 1
20:33:31.134 [33] StaticTrain
20:33:31.134   Primary Spawner: "Static", active: yes, repeat: 1
20:33:31.134   Secondary Spawner: "Infected", active: yes, repeat: 1
20:33:31.134 [34] TrajectoryApple
20:33:31.134   Primary Spawner: "Trajectory", active: yes, repeat: 1
20:33:31.134 [35] TrajectoryConiferous
20:33:31.134   Primary Spawner: "Trajectory", active: yes, repeat: 1
20:33:31.134 [36] TrajectoryDeciduous
20:33:31.134   Primary Spawner: "Trajectory", active: yes, repeat: 1
20:33:31.134 [37] TrajectoryHumus
20:33:31.134   Primary Spawner: "Trajectory", active: yes, repeat: 1
20:33:31.134 [38] TrajectoryPear
20:33:31.134   Primary Spawner: "Trajectory", active: yes, repeat: 1
20:33:31.134 [39] TrajectoryPlum
20:33:31.134   Primary Spawner: "Trajectory", active: yes, repeat: 1
20:33:31.134 [40] TrajectoryStones
20:33:31.134   Primary Spawner: "Trajectory", active: yes, repeat: 1
20:33:31.134 [41] VehicleCivilianSedan
20:33:31.134   Primary Spawner: "Vehicle", active: yes, repeat: 1
20:33:31.134 [42] VehicleHatchback02
20:33:31.134   Primary Spawner: "Vehicle", active: yes, repeat: 1
20:33:31.134 [43] VehicleOffroad02
20:33:31.134   Primary Spawner: "Vehicle", active: yes, repeat: 1
20:33:31.134 [44] VehicleOffroadHatchback
20:33:31.134   Primary Spawner: "Vehicle", active: yes, repeat: 1
20:33:31.134 [45] VehicleSedan02
20:33:31.134   Primary Spawner: "Vehicle", active: yes, repeat: 1
20:33:31.134 [46] VehicleTruck01
20:33:31.134   Primary Spawner: "Vehicle", active: yes, repeat: 1
20:33:31.134 [47] VehicleUAZ
20:33:31.134   Primary Spawner: "Vehicle", active: yes, repeat: 1
20:33:31.134 [48] VehicleVodnik
20:33:31.134   Primary Spawner: "Vehicle", active: yes, repeat: 1
20:33:31.134 [49] VehicleBus
20:33:31.134   Primary Spawner: "Vehicle", active: yes, repeat: 1
20:33:31.134 [50] VehicleTractor
20:33:31.134   Primary Spawner: "Vehicle", active: yes, repeat: 1
20:33:31.134 [51] VehicleLandRover
20:33:31.134   Primary Spawner: "Vehicle", active: yes, repeat: 1
20:33:31.134 [52] VehicleMH6Helicopter
20:33:31.134   Primary Spawner: "Vehicle", active: yes, repeat: 1
20:33:31.134 [53] VehicleMerlinHelicopter
20:33:31.134   Primary Spawner: "Vehicle", active: yes, repeat: 1
20:33:31.134 [54] VehicleUh1hHelicopter
20:33:31.134   Primary Spawner: "Vehicle", active: yes, repeat: 1
20:33:31.134 [55] VehicleUtilityBoat
20:33:31.134   Primary Spawner: "Vehicle", active: yes, repeat: 1
20:33:31.134 [56] VehicleZodiacBoat
20:33:31.134   Primary Spawner: "Vehicle", active: yes, repeat: 1
20:33:31.134 [57] VehicleGyroHelicopter
20:33:31.134   Primary Spawner: "Vehicle", active: yes, repeat: 1
20:33:31.134 [CE][Hive] :: Initializing of spawners done.
20:33:31.146 [CE][Hive] :: Init sequence finished.
20:33:31.146 Player connect enabled
20:33:33.173 [IdleMode] Entering IN - save processed
20:34:08.75 [Login]: Adding player Blorpus9000 (20314846) to login queue at position 0
20:34:08.75 [LoginMachine]: Add player Blorpus9000 (20314846 192.168.1.133:2316)
20:34:08.75 [StateMachine]: Player Blorpus9000 (dpnid 20314846 uid ) Entering AuthPlayerLoginState
20:34:09.150 [IdleMode] Leaving OUT
20:34:10.341 [StateMachine]: Player Blorpus9000 (dpnid 20314846 uid ) Entering WaitAuthPlayerLoginState
20:34:12.739 Player Blorpus9000 connected (id=3I2KPiMwtNrbRzLe964-q3OrI2Ligr9LBcsFxmVIl3Q=).
20:34:12.739 Player "Blorpus9000" is connected (steamID=76561198081075225)
20:34:12.739 [StateMachine]: Player Blorpus9000 (dpnid 20314846 uid ) Entering WaitPlayerAssignedLoginState
20:34:13.159 [StateMachine]: Player Blorpus9000 (dpnid 20314846 uid 3I2KPiMwtNrbRzLe964-q3OrI2Ligr9LBcsFxmVIl3Q=) Entering DBGetLoginTimeLoginState
20:34:13.167 [StateMachine]: Player Blorpus9000 (dpnid 20314846 uid 3I2KPiMwtNrbRzLe964-q3OrI2Ligr9LBcsFxmVIl3Q=) Entering DBWaitLoginTimeLoginState
20:34:16.167 [StateMachine]: Player Blorpus9000 (dpnid 20314846 uid 3I2KPiMwtNrbRzLe964-q3OrI2Ligr9LBcsFxmVIl3Q=) Entering DBGetCharacterLoginState
20:34:16.169 [StateMachine]: Player Blorpus9000 (dpnid 20314846 uid 3I2KPiMwtNrbRzLe964-q3OrI2Ligr9LBcsFxmVIl3Q=) Entering CreateNetObjectsLoginState
20:34:16.174 [StateMachine]: Player Blorpus9000 (dpnid 20314846 uid 3I2KPiMwtNrbRzLe964-q3OrI2Ligr9LBcsFxmVIl3Q=) Entering PreloadCamLoginState
20:34:16.177 [StateMachine]: Player Blorpus9000 (dpnid 20314846 uid 3I2KPiMwtNrbRzLe964-q3OrI2Ligr9LBcsFxmVIl3Q=) Entering WaitPreloadCamLoginState
20:34:24.285 [StateMachine]: Player Blorpus9000 (dpnid 20314846 uid 3I2KPiMwtNrbRzLe964-q3OrI2Ligr9LBcsFxmVIl3Q=) Entering GetNewCharLoginState
20:34:24.308 <CREATE NEW CHAR>:
    charID 1
    playerID 1
    dpnid 20314846
    uid 3I2KPiMwtNrbRzLe964-q3OrI2Ligr9LBcsFxmVIl3Q=
20:34:31.262 [CE][LootRespawner] (PRIDummy) :: Item [0] causing search overtime: "Ammo_45ACP"