

=====================================================================
== C:\Program Files (x86)\Steam\steamapps\common\DayZServerAug2\DayZServer_x64.exe
== "DayZServer_x64.exe" -config=serverDZ.cfg -mod=@CF;@CommunityOnlineTools;@DabsFramework;@DayZ-Expansion-Animations;@DayZ-Expansion-Bundle;@DayZ-Expansion-Licensed;@PvZmoD_CustomisableZombies "-serverMod=_@DayZ-Dynamic-AI-Addon" -port=2302 -profiles=config -cpuCount=4 -adminlog -netlog -freezecheck 
=====================================================================
Exe timestamp: 2023/07/27 17:06:07
Current time:  2023/08/10 15:52:30

Version 1.21.156300
15:52:30.646 [Inputs] Loading inputs default "bin/constants.xml"
15:52:30.648 [Inputs] Loading inputs default "bin/specific.xml"
15:52:30.649 [Inputs] Loading inputs default "JM/COT/Scripts/Data/Inputs.xml"
15:52:30.649 !!! [Inputs] Cannot Register "UAObjectModuleDeleteOnCursor" non-existent input - Fix Preset!
15:52:30.649 [Inputs] Loading inputs default "LIVEN/PvZmoD_CustomisableZombies/inputs.xml"
15:52:30.650 [Inputs] Loading inputs default "DayZExpansion/Groups/Scripts/Data/Inputs.xml"
15:52:30.650 [Inputs] Loading inputs default "DayZExpansion/Navigation/Scripts/Data/Inputs.xml"
15:52:30.650 !!! [Inputs] Attempt to register duplicate exclusion group "chatexpansion"
15:52:30.650 [Inputs] Loading inputs default "DayZExpansion/PlayerList/Scripts/Data/Inputs.xml"
15:52:30.650 !!! [Inputs] Attempt to register duplicate exclusion group "chatexpansion"
15:52:30.650 [Inputs] Loading inputs default "DayZExpansion/Scripts/Data/Inputs.xml"
15:52:30.650 !!! [Inputs] Attempt to register duplicate exclusion group "chatexpansion"
15:52:30.651 [Inputs] Loading inputs default "DayZExpansion/Vehicles/Scripts/Data/Inputs.xml"
15:52:30.651 [Inputs] Loading inputs default "DayZExpansion/AI/Scripts/inputs.xml"
15:52:30.652 [Inputs] Loading inputs default "DayZExpansion/BaseBuilding/Scripts/Data/Inputs.xml"
15:52:30.652 !!! [Inputs] Attempt to register duplicate exclusion group "chatexpansion"
15:52:30.652 [Inputs] Loading inputs default "DayZExpansion/Book/Scripts/Data/Inputs.xml"
15:52:30.652 !!! [Inputs] Attempt to register duplicate exclusion group "chatexpansion"
15:52:30.652 [Inputs] Loading inputs default "DayZExpansion/Chat/Scripts/Data/Inputs.xml"
15:52:30.652 !!! [Inputs] Attempt to register duplicate exclusion group "chatexpansion"
15:52:30.652 [Inputs] Loading inputs default "DayZExpansion/Quests/Scripts/Data/Inputs.xml"
15:52:30.652 [Inputs] Loading inputs cfg "config\Users\Survivor\Server.core.xml"
15:52:30.652 !!! [Inputs] Cannot read inputs cfg "config\Users\Survivor\Server.core.xml", parser error
15:52:30.652 [Inputs] Loading inputs cfg "bin/core.xml"
15:52:30.652 !!! [Inputs] Cannot load input preset "#STR_USER", file does not exist
15:52:30.654 [Inputs] Exporting inputs cfg "config\Users\Survivor\Server.core.xml"
15:52:49.785 [CE][Hive] :: Initializing OFFLINE
15:52:49.785 [StorageDirs] :: Selected storage directory: C:\Program Files (x86)\Steam\steamapps\common\DayZServerAug2\mpmissions\Expansion.chernarusplus\storage_1\
15:52:49.786 [CE][Hive] :: Loading core data ... 
15:52:49.786 [CE][CoreData] :: 7 root classes, 18 defaults, 0 updaters...
15:52:52.377 [CE] :: WARNING :: Preset map "optics" is EMPTY.
15:52:52.378 [CE][TypeSetup] :: 505 classes setuped...
15:52:52.380 [CE] :: WARNING :: Preset map "optics" is EMPTY.
15:52:52.381 [CE][TypeSetup] :: 97 classes setuped...
15:52:53.356 [CE][RegisterBind] :: 0 classes binded...
15:52:53.356 [CE][RegisterConfig] :: 11252 config classes registered, 0 sub-counters...
15:52:53.356 [CE][Hive] :: Loading map data ... 
15:52:53.365 [CE][IgnoreList] "cfgignorelist.xml" :: loaded 19 types
15:52:53.391 !!! [CE] :: Unknown category: 'vehicleparts'.
15:52:53.391 !!! [CE] :: Unknown category: 'vehicleparts'.
15:52:53.391 !!! [CE] :: Unknown category: 'vehicleparts'.
15:52:53.391 !!! [CE] :: Unknown category: 'vehicleparts'.
15:52:53.391 !!! [CE] :: Unknown category: 'vehicleparts'.
15:52:53.391 !!! [CE] :: Unknown category: 'vehicleparts'.
15:52:53.391 !!! [CE] :: Unknown category: 'vehicleparts'.
15:52:53.391 !!! [CE] :: Unknown category: 'vehicleparts'.
15:52:53.391 !!! [CE] :: Unknown category: 'vehicleparts'.
15:52:53.391 !!! [CE] :: Unknown category: 'vehicleparts'.
15:52:53.391 !!! [CE] :: Unknown category: 'vehicleparts'.
15:52:53.391 !!! [CE] :: Unknown category: 'vehicleparts'.
15:52:53.391 !!! [CE] :: Unknown category: 'vehicleparts'.
15:52:53.391 !!! [CE] :: Unknown category: 'vehicleparts'.
15:52:53.391 !!! [CE] :: Unknown category: 'vehicleparts'.
15:52:53.391 !!! [CE] :: Unknown category: 'vehicleparts'.
15:52:53.391 !!! [CE] :: Unknown category: 'vehicleparts'.
15:52:53.391 !!! [CE] :: Unknown category: 'vehicleparts'.
15:52:53.391 !!! [CE] :: Unknown category: 'vehicleparts'.
15:52:53.391 !!! [CE] :: Unknown category: 'vehicleparts'.
15:52:53.391 !!! [CE] :: Unknown category: 'vehicleparts'.
15:52:53.391 !!! [CE] :: Unknown category: 'vehicleparts'.
15:52:53.391 !!! [CE] :: Unknown category: 'vehicleparts'.
15:52:53.391 !!! [CE] :: Unknown category: 'vehicleparts'.
15:52:53.392 !!! [CE] :: Unknown category: 'vehicleparts'.
15:52:53.392 !!! [CE] :: Unknown category: 'vehicleparts'.
15:52:53.392 !!! [CE] :: Unknown category: 'vehicleparts'.
15:52:53.392 !!! [CE] :: Unknown category: 'vehicleparts'.
15:52:53.392 !!! [CE] :: Unknown category: 'vehicleparts'.
15:52:53.392 !!! [CE] :: Unknown category: 'vehicleparts'.
15:52:53.392 !!! [CE] :: Unknown category: 'vehicleparts'.
15:52:53.392 !!! [CE] :: Unknown category: 'vehicleparts'.
15:52:53.392 !!! [CE] :: Unknown category: 'vehicleparts'.
15:52:53.392 !!! [CE] :: Unknown category: 'vehicleparts'.
15:52:53.392 !!! [CE] :: Unknown category: 'vehicleparts'.
15:52:53.392 !!! [CE] :: Unknown category: 'vehicleparts'.
15:52:53.392 !!! [CE] :: Unknown category: 'vehicleparts'.
15:52:53.392 !!! [CE] :: Unknown category: 'vehicleparts'.
15:52:53.392 !!! [CE] :: Unknown category: 'vehicleparts'.
15:52:53.392 !!! [CE] :: Unknown category: 'vehicleparts'.
15:52:53.392 !!! [CE] :: Unknown category: 'vehicleparts'.
15:52:53.392 !!! [CE] :: Unknown category: 'vehicleparts'.
15:52:53.392 !!! [CE] :: Unknown category: 'vehicleparts'.
15:52:53.392 !!! [CE] :: Unknown category: 'vehicleparts'.
15:52:53.392 !!! [CE] :: Unknown category: 'vehicleparts'.
15:52:53.392 !!! [CE] :: Unknown category: 'vehicleparts'.
15:52:53.392 !!! [CE] :: Unknown category: 'vehicleparts'.
15:52:53.392 !!! [CE] :: Unknown category: 'vehicleparts'.
15:52:53.392 !!! [CE] :: Unknown category: 'vehicleparts'.
15:52:53.392 !!! [CE] :: Unknown category: 'vehicleparts'.
15:52:53.392 !!! [CE] :: Unknown category: 'vehicleparts'.
15:52:53.392 !!! [CE] :: Unknown category: 'vehicleparts'.
15:52:53.392 [CE][LoadPrototype] :: loaded 413 prototypes
15:52:53.392   799 containers, 10078 points
15:52:53.392   66 dispatches, 239 proxies
15:52:53.392 !!! [CE][LoadPrototype] 5 groups have no points...
15:52:53.392 [CE][LoadPrototype] :: last group name: Land_Wreck_sed02_aban2_red_DE...
15:52:53.395 [CE][LoadPrototype] :: loaded 0 prototypes
15:52:53.395   55 containers, 232 points
15:52:53.395   0 dispatches, 0 proxies
15:52:53.395 [CE][LoadPrototype] :: last group name: Rail9...
15:52:53.997 [CE][LoadMap] "Group" :: loaded 11709 groups, groups failed: 0, largest group range: 34.2
15:52:53.998 [CE][LoadMap] "Dirt" :: loaded 0 groups, groups failed: 0, largest group range: 34.2
15:52:54.252 [CE][Links] found 1908 total links between groups, of 11709
15:52:54.252 [CE][LoadClusters] "Cluster" :: Loading files...
15:52:54.364 [CE][LoadClusters] :: file: "mapgroupcluster.xml", 9 types, 50000 instances
15:52:54.479 [CE][LoadClusters] :: file: "mapgroupcluster01", 9 types, 50000 instances
15:52:54.594 [CE][LoadClusters] :: file: "mapgroupcluster02", 9 types, 50000 instances
15:52:54.708 [CE][LoadClusters] :: file: "mapgroupcluster03", 9 types, 50000 instances
15:52:54.751 [CE][LoadClusters] :: file: "mapgroupcluster04", 9 types, 17347 instances
15:52:54.758 [CE][Storage] ver:21 stamp:9, valid:yes, name:"C:\Program Files (x86)\Steam\steamapps\common\DayZServerAug2\mpmissions\Expansion.chernarusplus\storage_1\data\types.bin"
15:52:54.758 [CE][Storage] ver:0 stamp:0, valid:NO, name:"C:\Program Files (x86)\Steam\steamapps\common\DayZServerAug2\mpmissions\Expansion.chernarusplus\storage_1\data\types.001"
15:52:54.761 [CE][Storage] ver:21 stamp:8, valid:yes, name:"C:\Program Files (x86)\Steam\steamapps\common\DayZServerAug2\mpmissions\Expansion.chernarusplus\storage_1\data\types.002"
15:52:54.761 [CE][Storage] Restoring file "C:\Program Files (x86)\Steam\steamapps\common\DayZServerAug2\mpmissions\Expansion.chernarusplus\storage_1\data\types.bin".
15:52:54.857 !!! [CE][offlineDB] :: No Shutdown message present.
15:52:54.857 [CE][offlineDB] :: Loaded 47 dynamic events 225 total types.
15:52:54.858 !!! [CE][DE] (VehicleTruck01) :: Unable to create child (Truck_01_Covered_Grey) as the type does not exist.
15:52:54.858 [CE][offlineDB] :: Loaded 58 dynamic events 289 total types.
15:52:54.869 !!! [CE][offlineDB] :: Type 'ChristmasTree' will be ignored. (Not spawnable. (Scope is not public?))
15:52:54.874 !!! [CE][offlineDB] :: Type 'Expansion_M79' will be ignored. (Not spawnable. (Scope is not public?))
15:52:54.874 !!! [CE][offlineDB] :: Type 'ExpansionFlaregun' will be ignored. (Not spawnable. (Scope is not public?))
15:52:54.874 !!! [CE][offlineDB] :: Type 'Expansion_Longhorn' will be ignored. (Not spawnable. (Scope is not public?))
15:52:54.977 !!! [CE][DE][SPAWNS] :: [WARNING] :: Skipping entry for non-existing event 'VehicleTransitBus'.
15:52:54.977 [CE][DE][SPAWNS] :: Total positions: 987
15:52:54.977 [CE][DE][GROUPS] :: Total eventgroups defined: 83, Eventgroups in use: 83
15:52:54.981 [CE][Storage] ver:21 stamp:9, valid:yes, name:"C:\Program Files (x86)\Steam\steamapps\common\DayZServerAug2\mpmissions\Expansion.chernarusplus\storage_1\data\events.bin"
15:52:54.981 [CE][Storage] ver:0 stamp:0, valid:NO, name:"C:\Program Files (x86)\Steam\steamapps\common\DayZServerAug2\mpmissions\Expansion.chernarusplus\storage_1\data\events.001"
15:52:54.984 [CE][Storage] ver:21 stamp:8, valid:yes, name:"C:\Program Files (x86)\Steam\steamapps\common\DayZServerAug2\mpmissions\Expansion.chernarusplus\storage_1\data\events.002"
15:52:54.984 [CE][Storage] Restoring file "C:\Program Files (x86)\Steam\steamapps\common\DayZServerAug2\mpmissions\Expansion.chernarusplus\storage_1\data\events.bin".
15:52:54.984 [CE][DynamicEvent] Load  Events:[58] Primary spawners: 58 Secondary spawners: 4
15:52:54.987 [CE][Storage] ver:25 stamp:9, valid:yes, name:"C:\Program Files (x86)\Steam\steamapps\common\DayZServerAug2\mpmissions\Expansion.chernarusplus\storage_1\data\dynamic_000.bin"
15:52:54.988 [CE][Storage] ver:0 stamp:0, valid:NO, name:"C:\Program Files (x86)\Steam\steamapps\common\DayZServerAug2\mpmissions\Expansion.chernarusplus\storage_1\data\dynamic_000.001"
15:52:54.991 [CE][Storage] ver:25 stamp:8, valid:yes, name:"C:\Program Files (x86)\Steam\steamapps\common\DayZServerAug2\mpmissions\Expansion.chernarusplus\storage_1\data\dynamic_000.002"
15:52:54.991 [CE][Storage] Restoring file "C:\Program Files (x86)\Steam\steamapps\common\DayZServerAug2\mpmissions\Expansion.chernarusplus\storage_1\data\dynamic_000.bin" 994 items.
15:52:55.413   994 items loaded. (0 failed)
15:52:55.418 [CE][Storage] ver:25 stamp:9, valid:yes, name:"C:\Program Files (x86)\Steam\steamapps\common\DayZServerAug2\mpmissions\Expansion.chernarusplus\storage_1\data\dynamic_001.bin"
15:52:55.418 [CE][Storage] ver:0 stamp:0, valid:NO, name:"C:\Program Files (x86)\Steam\steamapps\common\DayZServerAug2\mpmissions\Expansion.chernarusplus\storage_1\data\dynamic_001.001"
15:52:55.421 [CE][Storage] ver:25 stamp:8, valid:yes, name:"C:\Program Files (x86)\Steam\steamapps\common\DayZServerAug2\mpmissions\Expansion.chernarusplus\storage_1\data\dynamic_001.002"
15:52:55.421 [CE][Storage] Restoring file "C:\Program Files (x86)\Steam\steamapps\common\DayZServerAug2\mpmissions\Expansion.chernarusplus\storage_1\data\dynamic_001.bin" 1938 items.
15:52:56.107   1938 items loaded. (0 failed)
15:52:56.111 [CE][Storage] ver:25 stamp:9, valid:yes, name:"C:\Program Files (x86)\Steam\steamapps\common\DayZServerAug2\mpmissions\Expansion.chernarusplus\storage_1\data\dynamic_002.bin"
15:52:56.111 [CE][Storage] ver:0 stamp:0, valid:NO, name:"C:\Program Files (x86)\Steam\steamapps\common\DayZServerAug2\mpmissions\Expansion.chernarusplus\storage_1\data\dynamic_002.001"
15:52:56.114 [CE][Storage] ver:25 stamp:8, valid:yes, name:"C:\Program Files (x86)\Steam\steamapps\common\DayZServerAug2\mpmissions\Expansion.chernarusplus\storage_1\data\dynamic_002.002"
15:52:56.114 [CE][Storage] Restoring file "C:\Program Files (x86)\Steam\steamapps\common\DayZServerAug2\mpmissions\Expansion.chernarusplus\storage_1\data\dynamic_002.bin" 2758 items.
15:52:57.03   2758 items loaded. (0 failed)
15:52:57.08 [CE][Storage] ver:25 stamp:9, valid:yes, name:"C:\Program Files (x86)\Steam\steamapps\common\DayZServerAug2\mpmissions\Expansion.chernarusplus\storage_1\data\dynamic_003.bin"
15:52:57.08 [CE][Storage] ver:0 stamp:0, valid:NO, name:"C:\Program Files (x86)\Steam\steamapps\common\DayZServerAug2\mpmissions\Expansion.chernarusplus\storage_1\data\dynamic_003.001"
15:52:57.11 [CE][Storage] ver:25 stamp:8, valid:yes, name:"C:\Program Files (x86)\Steam\steamapps\common\DayZServerAug2\mpmissions\Expansion.chernarusplus\storage_1\data\dynamic_003.002"
15:52:57.11 [CE][Storage] Restoring file "C:\Program Files (x86)\Steam\steamapps\common\DayZServerAug2\mpmissions\Expansion.chernarusplus\storage_1\data\dynamic_003.bin" 2538 items.
15:52:57.885   2538 items loaded. (0 failed)
15:52:57.890 [CE][Storage] ver:25 stamp:9, valid:yes, name:"C:\Program Files (x86)\Steam\steamapps\common\DayZServerAug2\mpmissions\Expansion.chernarusplus\storage_1\data\dynamic_004.bin"
15:52:57.890 [CE][Storage] ver:0 stamp:0, valid:NO, name:"C:\Program Files (x86)\Steam\steamapps\common\DayZServerAug2\mpmissions\Expansion.chernarusplus\storage_1\data\dynamic_004.001"
15:52:57.893 [CE][Storage] ver:25 stamp:8, valid:yes, name:"C:\Program Files (x86)\Steam\steamapps\common\DayZServerAug2\mpmissions\Expansion.chernarusplus\storage_1\data\dynamic_004.002"
15:52:57.893 [CE][Storage] Restoring file "C:\Program Files (x86)\Steam\steamapps\common\DayZServerAug2\mpmissions\Expansion.chernarusplus\storage_1\data\dynamic_004.bin" 2115 items.
15:52:58.596   2115 items loaded. (0 failed)
15:52:58.600 [CE][Storage] ver:25 stamp:9, valid:yes, name:"C:\Program Files (x86)\Steam\steamapps\common\DayZServerAug2\mpmissions\Expansion.chernarusplus\storage_1\data\dynamic_005.bin"
15:52:58.600 [CE][Storage] ver:0 stamp:0, valid:NO, name:"C:\Program Files (x86)\Steam\steamapps\common\DayZServerAug2\mpmissions\Expansion.chernarusplus\storage_1\data\dynamic_005.001"
15:52:58.604 [CE][Storage] ver:25 stamp:8, valid:yes, name:"C:\Program Files (x86)\Steam\steamapps\common\DayZServerAug2\mpmissions\Expansion.chernarusplus\storage_1\data\dynamic_005.002"
15:52:58.604 [CE][Storage] Restoring file "C:\Program Files (x86)\Steam\steamapps\common\DayZServerAug2\mpmissions\Expansion.chernarusplus\storage_1\data\dynamic_005.bin" 2386 items.
15:52:59.386   2386 items loaded. (0 failed)
15:52:59.390 [CE][Storage] ver:25 stamp:9, valid:yes, name:"C:\Program Files (x86)\Steam\steamapps\common\DayZServerAug2\mpmissions\Expansion.chernarusplus\storage_1\data\dynamic_006.bin"
15:52:59.390 [CE][Storage] ver:0 stamp:0, valid:NO, name:"C:\Program Files (x86)\Steam\steamapps\common\DayZServerAug2\mpmissions\Expansion.chernarusplus\storage_1\data\dynamic_006.001"
15:52:59.394 [CE][Storage] ver:25 stamp:8, valid:yes, name:"C:\Program Files (x86)\Steam\steamapps\common\DayZServerAug2\mpmissions\Expansion.chernarusplus\storage_1\data\dynamic_006.002"
15:52:59.394 [CE][Storage] Restoring file "C:\Program Files (x86)\Steam\steamapps\common\DayZServerAug2\mpmissions\Expansion.chernarusplus\storage_1\data\dynamic_006.bin" 1703 items.
15:52:59.965   1703 items loaded. (0 failed)
15:52:59.971 [CE][Storage] ver:25 stamp:9, valid:yes, name:"C:\Program Files (x86)\Steam\steamapps\common\DayZServerAug2\mpmissions\Expansion.chernarusplus\storage_1\data\dynamic_007.bin"
15:52:59.971 [CE][Storage] ver:0 stamp:0, valid:NO, name:"C:\Program Files (x86)\Steam\steamapps\common\DayZServerAug2\mpmissions\Expansion.chernarusplus\storage_1\data\dynamic_007.001"
15:52:59.974 [CE][Storage] ver:25 stamp:8, valid:yes, name:"C:\Program Files (x86)\Steam\steamapps\common\DayZServerAug2\mpmissions\Expansion.chernarusplus\storage_1\data\dynamic_007.002"
15:52:59.974 [CE][Storage] Restoring file "C:\Program Files (x86)\Steam\steamapps\common\DayZServerAug2\mpmissions\Expansion.chernarusplus\storage_1\data\dynamic_007.bin" 1624 items.
15:53:00.519   1624 items loaded. (0 failed)
15:53:00.523 [CE][Storage] ver:25 stamp:9, valid:yes, name:"C:\Program Files (x86)\Steam\steamapps\common\DayZServerAug2\mpmissions\Expansion.chernarusplus\storage_1\data\dynamic_008.bin"
15:53:00.523 [CE][Storage] ver:0 stamp:0, valid:NO, name:"C:\Program Files (x86)\Steam\steamapps\common\DayZServerAug2\mpmissions\Expansion.chernarusplus\storage_1\data\dynamic_008.001"
15:53:00.526 [CE][Storage] ver:25 stamp:8, valid:yes, name:"C:\Program Files (x86)\Steam\steamapps\common\DayZServerAug2\mpmissions\Expansion.chernarusplus\storage_1\data\dynamic_008.002"
15:53:00.526 [CE][Storage] Restoring file "C:\Program Files (x86)\Steam\steamapps\common\DayZServerAug2\mpmissions\Expansion.chernarusplus\storage_1\data\dynamic_008.bin" 2366 items.
15:53:01.330   2366 items loaded. (0 failed)
15:53:01.334 [CE][Storage] ver:25 stamp:9, valid:yes, name:"C:\Program Files (x86)\Steam\steamapps\common\DayZServerAug2\mpmissions\Expansion.chernarusplus\storage_1\data\dynamic_009.bin"
15:53:01.337 [CE][Storage] ver:25 stamp:10, valid:yes, name:"C:\Program Files (x86)\Steam\steamapps\common\DayZServerAug2\mpmissions\Expansion.chernarusplus\storage_1\data\dynamic_009.001"
15:53:01.341 [CE][Storage] ver:25 stamp:8, valid:yes, name:"C:\Program Files (x86)\Steam\steamapps\common\DayZServerAug2\mpmissions\Expansion.chernarusplus\storage_1\data\dynamic_009.002"
15:53:01.341 [CE][Storage] Restoring file "C:\Program Files (x86)\Steam\steamapps\common\DayZServerAug2\mpmissions\Expansion.chernarusplus\storage_1\data\dynamic_009.001" 2964 items.
15:53:02.359   2964 items loaded. (0 failed)
15:53:02.363 [CE][Storage] ver:25 stamp:9, valid:yes, name:"C:\Program Files (x86)\Steam\steamapps\common\DayZServerAug2\mpmissions\Expansion.chernarusplus\storage_1\data\dynamic_010.bin"
15:53:02.367 [CE][Storage] ver:25 stamp:10, valid:yes, name:"C:\Program Files (x86)\Steam\steamapps\common\DayZServerAug2\mpmissions\Expansion.chernarusplus\storage_1\data\dynamic_010.001"
15:53:02.370 [CE][Storage] ver:25 stamp:8, valid:yes, name:"C:\Program Files (x86)\Steam\steamapps\common\DayZServerAug2\mpmissions\Expansion.chernarusplus\storage_1\data\dynamic_010.002"
15:53:02.370 [CE][Storage] Restoring file "C:\Program Files (x86)\Steam\steamapps\common\DayZServerAug2\mpmissions\Expansion.chernarusplus\storage_1\data\dynamic_010.001" 1975 items.
15:53:03.72   1975 items loaded. (0 failed)
15:53:03.76 [CE][Storage] ver:25 stamp:9, valid:yes, name:"C:\Program Files (x86)\Steam\steamapps\common\DayZServerAug2\mpmissions\Expansion.chernarusplus\storage_1\data\dynamic_011.bin"
15:53:03.80 [CE][Storage] ver:25 stamp:10, valid:yes, name:"C:\Program Files (x86)\Steam\steamapps\common\DayZServerAug2\mpmissions\Expansion.chernarusplus\storage_1\data\dynamic_011.001"
15:53:03.83 [CE][Storage] ver:25 stamp:8, valid:yes, name:"C:\Program Files (x86)\Steam\steamapps\common\DayZServerAug2\mpmissions\Expansion.chernarusplus\storage_1\data\dynamic_011.002"
15:53:03.83 [CE][Storage] Restoring file "C:\Program Files (x86)\Steam\steamapps\common\DayZServerAug2\mpmissions\Expansion.chernarusplus\storage_1\data\dynamic_011.001" 183 items.
15:53:03.145   183 items loaded. (0 failed)
15:53:03.148 [CE][Storage] ver:26 stamp:9, valid:yes, name:"C:\Program Files (x86)\Steam\steamapps\common\DayZServerAug2\mpmissions\Expansion.chernarusplus\storage_1\data\building.bin"
15:53:03.148 [CE][Storage] ver:0 stamp:0, valid:NO, name:"C:\Program Files (x86)\Steam\steamapps\common\DayZServerAug2\mpmissions\Expansion.chernarusplus\storage_1\data\building.001"
15:53:03.151 [CE][Storage] ver:26 stamp:8, valid:yes, name:"C:\Program Files (x86)\Steam\steamapps\common\DayZServerAug2\mpmissions\Expansion.chernarusplus\storage_1\data\building.002"
15:53:03.151 [CE][Storage] Restoring file "C:\Program Files (x86)\Steam\steamapps\common\DayZServerAug2\mpmissions\Expansion.chernarusplus\storage_1\data\building.bin" 0 items.
15:53:03.151   0 items loaded. (0 failed)
15:53:03.155 [CE][Storage] ver:25 stamp:9, valid:yes, name:"C:\Program Files (x86)\Steam\steamapps\common\DayZServerAug2\mpmissions\Expansion.chernarusplus\storage_1\data\vehicles.bin"
15:53:03.155 [CE][Storage] ver:0 stamp:0, valid:NO, name:"C:\Program Files (x86)\Steam\steamapps\common\DayZServerAug2\mpmissions\Expansion.chernarusplus\storage_1\data\vehicles.001"
15:53:03.159 [CE][Storage] ver:25 stamp:8, valid:yes, name:"C:\Program Files (x86)\Steam\steamapps\common\DayZServerAug2\mpmissions\Expansion.chernarusplus\storage_1\data\vehicles.002"
15:53:03.159 [CE][Storage] Restoring file "C:\Program Files (x86)\Steam\steamapps\common\DayZServerAug2\mpmissions\Expansion.chernarusplus\storage_1\data\vehicles.bin" 272 items.
15:53:03.924   272 items loaded. (0 failed)
15:53:03.971 [CE][Hive] :: Storage load took:8.99 seconds, recovery stamp:10
15:53:03.971   entity: 25531, building: 0
15:53:03.971   no lifetime: 110
15:53:03.971   pathgraph's: 589
15:53:03.972 [CE][Hive] :: Initializing ... 
15:53:04.19 [CE][InitializeMap] :: initialized: 0
15:53:04.19 [CE][Hive] :: Initializing spawners ... 
15:53:04.795 [CE][LootRespawner] (PRIDummy) :: Initially (re)spawned:0, Nominal:23636, Total in Map: 23769 at 0 (sec)
15:53:04.795   tests:0, repeats:0 fails:0, overtime:0
15:53:04.797 [CE][DynEvent] :: 58 types
15:53:04.797 [00] AmbientHen
15:53:04.797   Primary Spawner: "Ambient", active: yes, repeat: 1
15:53:04.797 [01] AnimalBear
15:53:04.797   Primary Spawner: "Animal", active: yes, repeat: 1
15:53:04.797 [02] AnimalCow
15:53:04.797   Primary Spawner: "Animal", active: yes, repeat: 1
15:53:04.797 [03] AnimalDeer
15:53:04.797   Primary Spawner: "Animal", active: yes, repeat: 1
15:53:04.797 [04] AnimalGoat
15:53:04.797   Primary Spawner: "Animal", active: yes, repeat: 1
15:53:04.797 [05] AnimalPig
15:53:04.797   Primary Spawner: "Animal", active: yes, repeat: 1
15:53:04.797 [06] AnimalRoeDeer
15:53:04.797   Primary Spawner: "Animal", active: yes, repeat: 1
15:53:04.797 [07] AnimalSheep
15:53:04.797   Primary Spawner: "Animal", active: yes, repeat: 1
15:53:04.798 [08] AnimalWildBoar
15:53:04.798   Primary Spawner: "Animal", active: yes, repeat: 1
15:53:04.798 [09] AnimalWolf
15:53:04.798   Primary Spawner: "Animal", active: yes, repeat: 1
15:53:04.798 [10] InfectedArmy
15:53:04.799   Primary Spawner: "Infected", active: yes, repeat: 1
15:53:04.799 [11] InfectedArmyHard
15:53:04.799   Primary Spawner: "Infected", active: yes, repeat: 1
15:53:04.799 [12] InfectedCity
15:53:04.799   Primary Spawner: "Infected", active: yes, repeat: 1
15:53:04.799 [13] InfectedCityTier1
15:53:04.799   Primary Spawner: "Infected", active: yes, repeat: 1
15:53:04.799 [14] InfectedFirefighter
15:53:04.799   Primary Spawner: "Infected", active: yes, repeat: 1
15:53:04.799 [15] InfectedIndustrial
15:53:04.799   Primary Spawner: "Infected", active: yes, repeat: 1
15:53:04.799 [16] InfectedMedic
15:53:04.799   Primary Spawner: "Infected", active: yes, repeat: 1
15:53:04.799 [17] InfectedNBC
15:53:04.799   Primary Spawner: "Infected", active: yes, repeat: 1
15:53:04.799 [18] InfectedNBCYellow
15:53:04.799   Primary Spawner: "Infected", active: yes, repeat: 1
15:53:04.799 [19] InfectedPolice
15:53:04.799   Primary Spawner: "Infected", active: yes, repeat: 1
15:53:04.799 [20] InfectedPoliceHard
15:53:04.799   Primary Spawner: "Infected", active: yes, repeat: 1
15:53:04.799 [21] InfectedPrisoner
15:53:04.799   Primary Spawner: "Infected", active: yes, repeat: 1
15:53:04.799 [22] InfectedReligious
15:53:04.799   Primary Spawner: "Infected", active: yes, repeat: 1
15:53:04.799 [23] InfectedSanta
15:53:04.799   Primary Spawner: "Infected", active: yes, repeat: 1
15:53:04.799 [24] InfectedSolitude
15:53:04.799   Primary Spawner: "Infected", active: yes, repeat: 1
15:53:04.799 [25] InfectedVillage
15:53:04.799   Primary Spawner: "Infected", active: yes, repeat: 1
15:53:04.799 [26] InfectedVillageTier1
15:53:04.799   Primary Spawner: "Infected", active: yes, repeat: 1
15:53:04.799 [27] ItemPlanks
15:53:04.799   Primary Spawner: "Item", active: yes, repeat: 1
15:53:04.799 [28] Loot
15:53:04.799   Primary Spawner: "Loot", active: yes, repeat: 2
15:53:04.799 [29] StaticContaminatedArea
15:53:04.799   Primary Spawner: "Static", active: yes, repeat: 1
15:53:04.799 [30] StaticHeliCrash
15:53:04.799   Primary Spawner: "Static", active: yes, repeat: 1
15:53:04.799   Secondary Spawner: "Infected", active: yes, repeat: 1
15:53:04.799 [31] StaticMilitaryConvoy
15:53:04.799   Primary Spawner: "Static", active: yes, repeat: 1
15:53:04.799   Secondary Spawner: "Infected", active: yes, repeat: 1
15:53:04.799 [32] StaticPoliceSituation
15:53:04.799   Primary Spawner: "Static", active: yes, repeat: 1
15:53:04.799   Secondary Spawner: "Infected", active: yes, repeat: 1
15:53:04.799 [33] StaticTrain
15:53:04.799   Primary Spawner: "Static", active: yes, repeat: 1
15:53:04.799   Secondary Spawner: "Infected", active: yes, repeat: 1
15:53:04.799 [34] TrajectoryApple
15:53:04.799   Primary Spawner: "Trajectory", active: yes, repeat: 1
15:53:04.799 [35] TrajectoryConiferous
15:53:04.799   Primary Spawner: "Trajectory", active: yes, repeat: 1
15:53:04.799 [36] TrajectoryDeciduous
15:53:04.799   Primary Spawner: "Trajectory", active: yes, repeat: 1
15:53:04.799 [37] TrajectoryHumus
15:53:04.799   Primary Spawner: "Trajectory", active: yes, repeat: 1
15:53:04.799 [38] TrajectoryPear
15:53:04.799   Primary Spawner: "Trajectory", active: yes, repeat: 1
15:53:04.799 [39] TrajectoryPlum
15:53:04.799   Primary Spawner: "Trajectory", active: yes, repeat: 1
15:53:04.799 [40] TrajectoryStones
15:53:04.799   Primary Spawner: "Trajectory", active: yes, repeat: 1
15:53:04.799 [41] VehicleCivilianSedan
15:53:04.799   Primary Spawner: "Vehicle", active: yes, repeat: 1
15:53:04.799 [42] VehicleHatchback02
15:53:04.799   Primary Spawner: "Vehicle", active: yes, repeat: 1
15:53:04.799 [43] VehicleOffroad02
15:53:04.799   Primary Spawner: "Vehicle", active: yes, repeat: 1
15:53:04.799 [44] VehicleOffroadHatchback
15:53:04.799   Primary Spawner: "Vehicle", active: yes, repeat: 1
15:53:04.799 [45] VehicleSedan02
15:53:04.799   Primary Spawner: "Vehicle", active: yes, repeat: 1
15:53:04.799 [46] VehicleTruck01
15:53:04.799   Primary Spawner: "Vehicle", active: yes, repeat: 1
15:53:04.799 [47] VehicleUAZ
15:53:04.799   Primary Spawner: "Vehicle", active: yes, repeat: 1
15:53:04.799 [48] VehicleVodnik
15:53:04.799   Primary Spawner: "Vehicle", active: yes, repeat: 1
15:53:04.799 [49] VehicleBus
15:53:04.799   Primary Spawner: "Vehicle", active: yes, repeat: 1
15:53:04.799 [50] VehicleTractor
15:53:04.799   Primary Spawner: "Vehicle", active: yes, repeat: 1
15:53:04.800 [51] VehicleLandRover
15:53:04.800   Primary Spawner: "Vehicle", active: yes, repeat: 1
15:53:04.800 [52] VehicleMH6Helicopter
15:53:04.800   Primary Spawner: "Vehicle", active: yes, repeat: 1
15:53:04.800 [53] VehicleMerlinHelicopter
15:53:04.800   Primary Spawner: "Vehicle", active: yes, repeat: 1
15:53:04.800 [54] VehicleUh1hHelicopter
15:53:04.800   Primary Spawner: "Vehicle", active: yes, repeat: 1
15:53:04.800 [55] VehicleUtilityBoat
15:53:04.800   Primary Spawner: "Vehicle", active: yes, repeat: 1
15:53:04.800 [56] VehicleZodiacBoat
15:53:04.800   Primary Spawner: "Vehicle", active: yes, repeat: 1
15:53:04.800 [57] VehicleGyroHelicopter
15:53:04.800   Primary Spawner: "Vehicle", active: yes, repeat: 1
15:53:04.800 [CE][Hive] :: Initializing of spawners done.
15:53:04.808 [CE][Hive] :: Init sequence finished.
15:53:04.808 Player connect enabled
15:53:06.373 [IdleMode] Entering IN - save processed
15:53:42.839 [Login]: Adding player Blorpus9000 (19746132) to login queue at position 0
15:53:42.839 [LoginMachine]: Add player Blorpus9000 (19746132 192.168.1.133:2316)
15:53:42.839 [StateMachine]: Player Blorpus9000 (dpnid 19746132 uid ) Entering AuthPlayerLoginState
15:53:45.105 [StateMachine]: Player Blorpus9000 (dpnid 19746132 uid ) Entering WaitAuthPlayerLoginState
15:53:47.219 Player Blorpus9000 connected (id=3I2KPiMwtNrbRzLe964-q3OrI2Ligr9LBcsFxmVIl3Q=).
15:53:47.219 Player "Blorpus9000" is connected (steamID=76561198081075225)
15:53:47.219 [StateMachine]: Player Blorpus9000 (dpnid 19746132 uid ) Entering WaitPlayerAssignedLoginState
15:53:47.266 [IdleMode] Leaving OUT
15:53:47.662 [StateMachine]: Player Blorpus9000 (dpnid 19746132 uid 3I2KPiMwtNrbRzLe964-q3OrI2Ligr9LBcsFxmVIl3Q=) Entering DBGetLoginTimeLoginState
15:53:47.663 [StateMachine]: Player Blorpus9000 (dpnid 19746132 uid 3I2KPiMwtNrbRzLe964-q3OrI2Ligr9LBcsFxmVIl3Q=) Entering DBWaitLoginTimeLoginState
15:53:50.662 [StateMachine]: Player Blorpus9000 (dpnid 19746132 uid 3I2KPiMwtNrbRzLe964-q3OrI2Ligr9LBcsFxmVIl3Q=) Entering DBGetCharacterLoginState
15:53:50.663 [StateMachine]: Player Blorpus9000 (dpnid 19746132 uid 3I2KPiMwtNrbRzLe964-q3OrI2Ligr9LBcsFxmVIl3Q=) Entering CreateNetObjectsLoginState
15:53:50.667 [StateMachine]: Player Blorpus9000 (dpnid 19746132 uid 3I2KPiMwtNrbRzLe964-q3OrI2Ligr9LBcsFxmVIl3Q=) Entering PreloadCamLoginState
15:53:50.667 [StateMachine]: Player Blorpus9000 (dpnid 19746132 uid 3I2KPiMwtNrbRzLe964-q3OrI2Ligr9LBcsFxmVIl3Q=) Entering WaitPreloadCamLoginState
15:53:58.236 [StateMachine]: Player Blorpus9000 (dpnid 19746132 uid 3I2KPiMwtNrbRzLe964-q3OrI2Ligr9LBcsFxmVIl3Q=) Entering GetLoadedCharLoginState
15:53:58.253 <LOAD EXISTING CHAR>:
    charID 1
    playerID 1
    dpnid 19746132
    uid 3I2KPiMwtNrbRzLe964-q3OrI2Ligr9LBcsFxmVIl3Q=
15:54:09.286 [CE][LootRespawner] (PRIDummy) :: Item [0] causing search overtime: "Glock19"
15:54:09.386 [CE][LootRespawner] (PRIDummy) :: Item [1] causing search overtime: "AmmoBox_9x19_25rnd"
15:54:09.486 [CE][LootRespawner] (PRIDummy) :: Item [2] causing search overtime: "AmmoBox_Expansion_46x30_25rnd"
15:54:09.587 [CE][LootRespawner] (PRIDummy) :: Item [3] causing search overtime: "Expansion_Taser_Yellow"
15:54:09.686 [CE][LootRespawner] (PRIDummy) :: Item [4] causing search overtime: "SSG82"
15:54:09.786 [CE][LootRespawner] (PRIDummy) :: Item [5] causing search overtime: "Expansion_G36"