

=====================================================================
== C:\Program Files (x86)\Steam\steamapps\common\DayZServerAug2\DayZServer_x64.exe
== "DayZServer_x64.exe" -config=serverDZ.cfg -mod=@CF;@CommunityOnlineTools;@DabsFramework;@DayZ-Editor-Loader;@DayZ-Expansion-Animations;@DayZ-Expansion-Bundle;@DayZ-Expansion-Licensed;@MMG-MightysMilitaryGear;@PvZmoD_CustomisableZombies "-serverMod=_@DayZ-Dynamic-AI-Addon" -port=2302 -profiles=config -cpuCount=4 -adminlog -netlog -freezecheck 
=====================================================================
Exe timestamp: 2023/07/27 17:06:07
Current time:  2023/08/17 14:36:41

Version 1.21.156300
14:36:41.235 [Inputs] Loading inputs default "bin/constants.xml"
14:36:41.238 [Inputs] Loading inputs default "bin/specific.xml"
14:36:41.238 [Inputs] Loading inputs default "JM/COT/Scripts/Data/Inputs.xml"
14:36:41.239 !!! [Inputs] Cannot Register "UAObjectModuleDeleteOnCursor" non-existent input - Fix Preset!
14:36:41.239 [Inputs] Loading inputs default "LIVEN/PvZmoD_CustomisableZombies/inputs.xml"
14:36:41.239 [Inputs] Loading inputs default "DayZExpansion/Groups/Scripts/Data/Inputs.xml"
14:36:41.239 [Inputs] Loading inputs default "DayZExpansion/Navigation/Scripts/Data/Inputs.xml"
14:36:41.239 !!! [Inputs] Attempt to register duplicate exclusion group "chatexpansion"
14:36:41.239 [Inputs] Loading inputs default "DayZExpansion/PlayerList/Scripts/Data/Inputs.xml"
14:36:41.239 !!! [Inputs] Attempt to register duplicate exclusion group "chatexpansion"
14:36:41.240 [Inputs] Loading inputs default "DayZExpansion/Scripts/Data/Inputs.xml"
14:36:41.240 !!! [Inputs] Attempt to register duplicate exclusion group "chatexpansion"
14:36:41.240 [Inputs] Loading inputs default "DayZExpansion/Vehicles/Scripts/Data/Inputs.xml"
14:36:41.240 [Inputs] Loading inputs default "DayZExpansion/AI/Scripts/inputs.xml"
14:36:41.241 [Inputs] Loading inputs default "DayZExpansion/BaseBuilding/Scripts/Data/Inputs.xml"
14:36:41.241 !!! [Inputs] Attempt to register duplicate exclusion group "chatexpansion"
14:36:41.241 [Inputs] Loading inputs default "DayZExpansion/Book/Scripts/Data/Inputs.xml"
14:36:41.241 !!! [Inputs] Attempt to register duplicate exclusion group "chatexpansion"
14:36:41.241 [Inputs] Loading inputs default "DayZExpansion/Chat/Scripts/Data/Inputs.xml"
14:36:41.241 !!! [Inputs] Attempt to register duplicate exclusion group "chatexpansion"
14:36:41.241 [Inputs] Loading inputs default "DayZExpansion/Quests/Scripts/Data/Inputs.xml"
14:36:41.241 [Inputs] Loading inputs cfg "config\Users\Survivor\Server.core.xml"
14:36:41.241 !!! [Inputs] Cannot read inputs cfg "config\Users\Survivor\Server.core.xml", parser error
14:36:41.241 [Inputs] Loading inputs cfg "bin/core.xml"
14:36:41.242 !!! [Inputs] Cannot load input preset "#STR_USER", file does not exist
14:36:41.243 [Inputs] Exporting inputs cfg "config\Users\Survivor\Server.core.xml"
14:37:00.483 [CE][Hive] :: Initializing OFFLINE
14:37:00.483 [StorageDirs] :: Selected storage directory: C:\Program Files (x86)\Steam\steamapps\common\DayZServerAug2\mpmissions\Expansion.chernarusplus\storage_1\
14:37:00.484 [CE][Hive] :: Loading core data ... 
14:37:00.484 [CE][CoreData] :: 7 root classes, 18 defaults, 0 updaters...
14:37:03.237 [CE] :: WARNING :: Preset map "optics" is EMPTY.
14:37:03.238 [CE][TypeSetup] :: 505 classes setuped...
14:37:03.241 [CE] :: WARNING :: Preset map "optics" is EMPTY.
14:37:03.242 [CE][TypeSetup] :: 97 classes setuped...
14:37:03.245 [CE] :: WARNING :: Preset map "optics" is EMPTY.
14:37:03.246 [CE][TypeSetup] :: 206 classes setuped...
14:37:04.316 [CE][RegisterBind] :: 0 classes binded...
14:37:04.316 [CE][RegisterConfig] :: 11818 config classes registered, 0 sub-counters...
14:37:04.316 [CE][Hive] :: Loading map data ... 
14:37:04.326 [CE][IgnoreList] "cfgignorelist.xml" :: loaded 19 types
14:37:04.352 !!! [CE] :: Unknown category: 'vehicleparts'.
14:37:04.352 !!! [CE] :: Unknown category: 'vehicleparts'.
14:37:04.352 !!! [CE] :: Unknown category: 'vehicleparts'.
14:37:04.353 !!! [CE] :: Unknown category: 'vehicleparts'.
14:37:04.353 !!! [CE] :: Unknown category: 'vehicleparts'.
14:37:04.353 !!! [CE] :: Unknown category: 'vehicleparts'.
14:37:04.353 !!! [CE] :: Unknown category: 'vehicleparts'.
14:37:04.354 !!! [CE] :: Unknown category: 'vehicleparts'.
14:37:04.355 !!! [CE] :: Unknown category: 'vehicleparts'.
14:37:04.355 !!! [CE] :: Unknown category: 'vehicleparts'.
14:37:04.355 !!! [CE] :: Unknown category: 'vehicleparts'.
14:37:04.355 !!! [CE] :: Unknown category: 'vehicleparts'.
14:37:04.355 !!! [CE] :: Unknown category: 'vehicleparts'.
14:37:04.356 !!! [CE] :: Unknown category: 'vehicleparts'.
14:37:04.356 !!! [CE] :: Unknown category: 'vehicleparts'.
14:37:04.356 !!! [CE] :: Unknown category: 'vehicleparts'.
14:37:04.356 !!! [CE] :: Unknown category: 'vehicleparts'.
14:37:04.356 !!! [CE] :: Unknown category: 'vehicleparts'.
14:37:04.356 !!! [CE] :: Unknown category: 'vehicleparts'.
14:37:04.356 !!! [CE] :: Unknown category: 'vehicleparts'.
14:37:04.356 !!! [CE] :: Unknown category: 'vehicleparts'.
14:37:04.356 !!! [CE] :: Unknown category: 'vehicleparts'.
14:37:04.356 !!! [CE] :: Unknown category: 'vehicleparts'.
14:37:04.357 !!! [CE] :: Unknown category: 'vehicleparts'.
14:37:04.357 !!! [CE] :: Unknown category: 'vehicleparts'.
14:37:04.358 !!! [CE] :: Unknown category: 'vehicleparts'.
14:37:04.358 !!! [CE] :: Unknown category: 'vehicleparts'.
14:37:04.358 !!! [CE] :: Unknown category: 'vehicleparts'.
14:37:04.358 !!! [CE] :: Unknown category: 'vehicleparts'.
14:37:04.358 !!! [CE] :: Unknown category: 'vehicleparts'.
14:37:04.358 !!! [CE] :: Unknown category: 'vehicleparts'.
14:37:04.358 !!! [CE] :: Unknown category: 'vehicleparts'.
14:37:04.359 !!! [CE] :: Unknown category: 'vehicleparts'.
14:37:04.359 !!! [CE] :: Unknown category: 'vehicleparts'.
14:37:04.359 !!! [CE] :: Unknown category: 'vehicleparts'.
14:37:04.359 !!! [CE] :: Unknown category: 'vehicleparts'.
14:37:04.359 !!! [CE] :: Unknown category: 'vehicleparts'.
14:37:04.359 !!! [CE] :: Unknown category: 'vehicleparts'.
14:37:04.359 !!! [CE] :: Unknown category: 'vehicleparts'.
14:37:04.359 !!! [CE] :: Unknown category: 'vehicleparts'.
14:37:04.359 !!! [CE] :: Unknown category: 'vehicleparts'.
14:37:04.359 !!! [CE] :: Unknown category: 'vehicleparts'.
14:37:04.359 !!! [CE] :: Unknown category: 'vehicleparts'.
14:37:04.359 !!! [CE] :: Unknown category: 'vehicleparts'.
14:37:04.359 !!! [CE] :: Unknown category: 'vehicleparts'.
14:37:04.360 !!! [CE] :: Unknown category: 'vehicleparts'.
14:37:04.360 !!! [CE] :: Unknown category: 'vehicleparts'.
14:37:04.360 !!! [CE] :: Unknown category: 'vehicleparts'.
14:37:04.360 !!! [CE] :: Unknown category: 'vehicleparts'.
14:37:04.360 !!! [CE] :: Unknown category: 'vehicleparts'.
14:37:04.360 !!! [CE] :: Unknown category: 'vehicleparts'.
14:37:04.361 !!! [CE] :: Unknown category: 'vehicleparts'.
14:37:04.361 [CE][LoadPrototype] :: loaded 413 prototypes
14:37:04.361   799 containers, 10078 points
14:37:04.362   66 dispatches, 239 proxies
14:37:04.362 !!! [CE][LoadPrototype] 5 groups have no points...
14:37:04.362 [CE][LoadPrototype] :: last group name: Land_Wreck_sed02_aban2_red_DE...
14:37:04.365 [CE][LoadPrototype] :: loaded 0 prototypes
14:37:04.365   55 containers, 232 points
14:37:04.365   0 dispatches, 0 proxies
14:37:04.365 [CE][LoadPrototype] :: last group name: Rail9...
14:37:04.964 [CE][LoadMap] "Group" :: loaded 11709 groups, groups failed: 0, largest group range: 34.2
14:37:04.966 [CE][LoadMap] "Dirt" :: loaded 0 groups, groups failed: 0, largest group range: 34.2
14:37:05.226 [CE][Links] found 1908 total links between groups, of 11709
14:37:05.226 [CE][LoadClusters] "Cluster" :: Loading files...
14:37:05.337 [CE][LoadClusters] :: file: "mapgroupcluster.xml", 9 types, 50000 instances
14:37:05.453 [CE][LoadClusters] :: file: "mapgroupcluster01", 9 types, 50000 instances
14:37:05.571 [CE][LoadClusters] :: file: "mapgroupcluster02", 9 types, 50000 instances
14:37:05.690 [CE][LoadClusters] :: file: "mapgroupcluster03", 9 types, 50000 instances
14:37:05.735 [CE][LoadClusters] :: file: "mapgroupcluster04", 9 types, 17347 instances
14:37:05.742 [CE][Storage] ver:21 stamp:157, valid:yes, name:"C:\Program Files (x86)\Steam\steamapps\common\DayZServerAug2\mpmissions\Expansion.chernarusplus\storage_1\data\types.bin"
14:37:05.745 [CE][Storage] ver:21 stamp:158, valid:yes, name:"C:\Program Files (x86)\Steam\steamapps\common\DayZServerAug2\mpmissions\Expansion.chernarusplus\storage_1\data\types.001"
14:37:05.749 [CE][Storage] ver:21 stamp:159, valid:yes, name:"C:\Program Files (x86)\Steam\steamapps\common\DayZServerAug2\mpmissions\Expansion.chernarusplus\storage_1\data\types.002"
14:37:05.749 [CE][Storage] Restoring file "C:\Program Files (x86)\Steam\steamapps\common\DayZServerAug2\mpmissions\Expansion.chernarusplus\storage_1\data\types.002".
14:37:05.862 !!! [CE][offlineDB] :: No Shutdown message present.
14:37:05.863 [CE][offlineDB] :: Loaded 47 dynamic events 225 total types.
14:37:05.864 !!! [CE][DE] (VehicleTruck01) :: Unable to create child (Truck_01_Covered_Grey) as the type does not exist.
14:37:05.864 [CE][offlineDB] :: Loaded 58 dynamic events 289 total types.
14:37:05.876 !!! [CE][offlineDB] :: Type 'ChristmasTree' will be ignored. (Not spawnable. (Scope is not public?))
14:37:05.881 !!! [CE][offlineDB] :: Type 'Expansion_M79' will be ignored. (Not spawnable. (Scope is not public?))
14:37:05.881 !!! [CE][offlineDB] :: Type 'ExpansionFlaregun' will be ignored. (Not spawnable. (Scope is not public?))
14:37:05.881 !!! [CE][offlineDB] :: Type 'Expansion_Longhorn' will be ignored. (Not spawnable. (Scope is not public?))
14:37:05.884 !!! [CE][offlineDB] :: Type 'MMG_tactical_shirt_dark_woodland' will be ignored. (Type does not exist. (Typo?))
14:37:05.886 !!! [CE][offlineDB] :: Type 'MMG_mmps_nag_multicamblack' will be ignored. (Type does not exist. (Typo?))
14:37:05.886 !!! [CE][offlineDB] :: Type 'MMG_assault_pack_multicam_tropic' will be ignored. (Type does not exist. (Typo?))
14:37:06.15 !!! [CE][DE][SPAWNS] :: [WARNING] :: Skipping entry for non-existing event 'VehicleTransitBus'.
14:37:06.15 [CE][DE][SPAWNS] :: Total positions: 987
14:37:06.15 [CE][DE][GROUPS] :: Total eventgroups defined: 83, Eventgroups in use: 83
14:37:06.19 [CE][Storage] ver:21 stamp:157, valid:yes, name:"C:\Program Files (x86)\Steam\steamapps\common\DayZServerAug2\mpmissions\Expansion.chernarusplus\storage_1\data\events.bin"
14:37:06.22 [CE][Storage] ver:21 stamp:158, valid:yes, name:"C:\Program Files (x86)\Steam\steamapps\common\DayZServerAug2\mpmissions\Expansion.chernarusplus\storage_1\data\events.001"
14:37:06.25 [CE][Storage] ver:21 stamp:159, valid:yes, name:"C:\Program Files (x86)\Steam\steamapps\common\DayZServerAug2\mpmissions\Expansion.chernarusplus\storage_1\data\events.002"
14:37:06.26 [CE][Storage] Restoring file "C:\Program Files (x86)\Steam\steamapps\common\DayZServerAug2\mpmissions\Expansion.chernarusplus\storage_1\data\events.002".
14:37:06.26 [CE][DynamicEvent] Load  Events:[58] Primary spawners: 58 Secondary spawners: 4
14:37:06.31 [CE][Storage] ver:25 stamp:157, valid:yes, name:"C:\Program Files (x86)\Steam\steamapps\common\DayZServerAug2\mpmissions\Expansion.chernarusplus\storage_1\data\dynamic_000.bin"
14:37:06.34 [CE][Storage] ver:25 stamp:158, valid:yes, name:"C:\Program Files (x86)\Steam\steamapps\common\DayZServerAug2\mpmissions\Expansion.chernarusplus\storage_1\data\dynamic_000.001"
14:37:06.38 [CE][Storage] ver:25 stamp:159, valid:yes, name:"C:\Program Files (x86)\Steam\steamapps\common\DayZServerAug2\mpmissions\Expansion.chernarusplus\storage_1\data\dynamic_000.002"
14:37:06.38 [CE][Storage] Restoring file "C:\Program Files (x86)\Steam\steamapps\common\DayZServerAug2\mpmissions\Expansion.chernarusplus\storage_1\data\dynamic_000.002" 1192 items.
14:37:06.615   1192 items loaded. (0 failed)
14:37:06.619 [CE][Storage] ver:25 stamp:157, valid:yes, name:"C:\Program Files (x86)\Steam\steamapps\common\DayZServerAug2\mpmissions\Expansion.chernarusplus\storage_1\data\dynamic_001.bin"
14:37:06.623 [CE][Storage] ver:25 stamp:158, valid:yes, name:"C:\Program Files (x86)\Steam\steamapps\common\DayZServerAug2\mpmissions\Expansion.chernarusplus\storage_1\data\dynamic_001.001"
14:37:06.626 [CE][Storage] ver:25 stamp:159, valid:yes, name:"C:\Program Files (x86)\Steam\steamapps\common\DayZServerAug2\mpmissions\Expansion.chernarusplus\storage_1\data\dynamic_001.002"
14:37:06.626 [CE][Storage] Restoring file "C:\Program Files (x86)\Steam\steamapps\common\DayZServerAug2\mpmissions\Expansion.chernarusplus\storage_1\data\dynamic_001.002" 2127 items.
14:37:07.386   2127 items loaded. (0 failed)
14:37:07.391 [CE][Storage] ver:25 stamp:157, valid:yes, name:"C:\Program Files (x86)\Steam\steamapps\common\DayZServerAug2\mpmissions\Expansion.chernarusplus\storage_1\data\dynamic_002.bin"
14:37:07.394 [CE][Storage] ver:25 stamp:158, valid:yes, name:"C:\Program Files (x86)\Steam\steamapps\common\DayZServerAug2\mpmissions\Expansion.chernarusplus\storage_1\data\dynamic_002.001"
14:37:07.397 [CE][Storage] ver:25 stamp:159, valid:yes, name:"C:\Program Files (x86)\Steam\steamapps\common\DayZServerAug2\mpmissions\Expansion.chernarusplus\storage_1\data\dynamic_002.002"
14:37:07.397 [CE][Storage] Restoring file "C:\Program Files (x86)\Steam\steamapps\common\DayZServerAug2\mpmissions\Expansion.chernarusplus\storage_1\data\dynamic_002.002" 3236 items.
14:37:08.460   3236 items loaded. (0 failed)
14:37:08.465 [CE][Storage] ver:25 stamp:157, valid:yes, name:"C:\Program Files (x86)\Steam\steamapps\common\DayZServerAug2\mpmissions\Expansion.chernarusplus\storage_1\data\dynamic_003.bin"
14:37:08.469 [CE][Storage] ver:25 stamp:158, valid:yes, name:"C:\Program Files (x86)\Steam\steamapps\common\DayZServerAug2\mpmissions\Expansion.chernarusplus\storage_1\data\dynamic_003.001"
14:37:08.472 [CE][Storage] ver:25 stamp:159, valid:yes, name:"C:\Program Files (x86)\Steam\steamapps\common\DayZServerAug2\mpmissions\Expansion.chernarusplus\storage_1\data\dynamic_003.002"
14:37:08.472 [CE][Storage] Restoring file "C:\Program Files (x86)\Steam\steamapps\common\DayZServerAug2\mpmissions\Expansion.chernarusplus\storage_1\data\dynamic_003.002" 2809 items.
14:37:09.430   2809 items loaded. (0 failed)
14:37:09.435 [CE][Storage] ver:25 stamp:157, valid:yes, name:"C:\Program Files (x86)\Steam\steamapps\common\DayZServerAug2\mpmissions\Expansion.chernarusplus\storage_1\data\dynamic_004.bin"
14:37:09.439 [CE][Storage] ver:25 stamp:158, valid:yes, name:"C:\Program Files (x86)\Steam\steamapps\common\DayZServerAug2\mpmissions\Expansion.chernarusplus\storage_1\data\dynamic_004.001"
14:37:09.442 [CE][Storage] ver:25 stamp:159, valid:yes, name:"C:\Program Files (x86)\Steam\steamapps\common\DayZServerAug2\mpmissions\Expansion.chernarusplus\storage_1\data\dynamic_004.002"
14:37:09.442 [CE][Storage] Restoring file "C:\Program Files (x86)\Steam\steamapps\common\DayZServerAug2\mpmissions\Expansion.chernarusplus\storage_1\data\dynamic_004.002" 2515 items.
14:37:10.301   2515 items loaded. (0 failed)
14:37:10.305 [CE][Storage] ver:25 stamp:157, valid:yes, name:"C:\Program Files (x86)\Steam\steamapps\common\DayZServerAug2\mpmissions\Expansion.chernarusplus\storage_1\data\dynamic_005.bin"
14:37:10.309 [CE][Storage] ver:25 stamp:158, valid:yes, name:"C:\Program Files (x86)\Steam\steamapps\common\DayZServerAug2\mpmissions\Expansion.chernarusplus\storage_1\data\dynamic_005.001"
14:37:10.313 [CE][Storage] ver:25 stamp:159, valid:yes, name:"C:\Program Files (x86)\Steam\steamapps\common\DayZServerAug2\mpmissions\Expansion.chernarusplus\storage_1\data\dynamic_005.002"
14:37:10.313 [CE][Storage] Restoring file "C:\Program Files (x86)\Steam\steamapps\common\DayZServerAug2\mpmissions\Expansion.chernarusplus\storage_1\data\dynamic_005.002" 2864 items.
14:37:11.296   2864 items loaded. (0 failed)
14:37:11.300 [CE][Storage] ver:25 stamp:157, valid:yes, name:"C:\Program Files (x86)\Steam\steamapps\common\DayZServerAug2\mpmissions\Expansion.chernarusplus\storage_1\data\dynamic_006.bin"
14:37:11.304 [CE][Storage] ver:25 stamp:158, valid:yes, name:"C:\Program Files (x86)\Steam\steamapps\common\DayZServerAug2\mpmissions\Expansion.chernarusplus\storage_1\data\dynamic_006.001"
14:37:11.306 [CE][Storage] ver:25 stamp:159, valid:yes, name:"C:\Program Files (x86)\Steam\steamapps\common\DayZServerAug2\mpmissions\Expansion.chernarusplus\storage_1\data\dynamic_006.002"
14:37:11.307 [CE][Storage] Restoring file "C:\Program Files (x86)\Steam\steamapps\common\DayZServerAug2\mpmissions\Expansion.chernarusplus\storage_1\data\dynamic_006.002" 1982 items.
14:37:11.978   1982 items loaded. (0 failed)
14:37:11.982 [CE][Storage] ver:25 stamp:157, valid:yes, name:"C:\Program Files (x86)\Steam\steamapps\common\DayZServerAug2\mpmissions\Expansion.chernarusplus\storage_1\data\dynamic_007.bin"
14:37:11.986 [CE][Storage] ver:25 stamp:158, valid:yes, name:"C:\Program Files (x86)\Steam\steamapps\common\DayZServerAug2\mpmissions\Expansion.chernarusplus\storage_1\data\dynamic_007.001"
14:37:11.989 [CE][Storage] ver:25 stamp:159, valid:yes, name:"C:\Program Files (x86)\Steam\steamapps\common\DayZServerAug2\mpmissions\Expansion.chernarusplus\storage_1\data\dynamic_007.002"
14:37:11.989 [CE][Storage] Restoring file "C:\Program Files (x86)\Steam\steamapps\common\DayZServerAug2\mpmissions\Expansion.chernarusplus\storage_1\data\dynamic_007.002" 1981 items.
14:37:12.675   1981 items loaded. (0 failed)
14:37:12.680 [CE][Storage] ver:25 stamp:157, valid:yes, name:"C:\Program Files (x86)\Steam\steamapps\common\DayZServerAug2\mpmissions\Expansion.chernarusplus\storage_1\data\dynamic_008.bin"
14:37:12.684 [CE][Storage] ver:25 stamp:158, valid:yes, name:"C:\Program Files (x86)\Steam\steamapps\common\DayZServerAug2\mpmissions\Expansion.chernarusplus\storage_1\data\dynamic_008.001"
14:37:12.687 [CE][Storage] ver:25 stamp:159, valid:yes, name:"C:\Program Files (x86)\Steam\steamapps\common\DayZServerAug2\mpmissions\Expansion.chernarusplus\storage_1\data\dynamic_008.002"
14:37:12.687 [CE][Storage] Restoring file "C:\Program Files (x86)\Steam\steamapps\common\DayZServerAug2\mpmissions\Expansion.chernarusplus\storage_1\data\dynamic_008.002" 2844 items.
14:37:13.693   2844 items loaded. (0 failed)
14:37:13.698 [CE][Storage] ver:25 stamp:157, valid:yes, name:"C:\Program Files (x86)\Steam\steamapps\common\DayZServerAug2\mpmissions\Expansion.chernarusplus\storage_1\data\dynamic_009.bin"
14:37:13.701 [CE][Storage] ver:25 stamp:158, valid:yes, name:"C:\Program Files (x86)\Steam\steamapps\common\DayZServerAug2\mpmissions\Expansion.chernarusplus\storage_1\data\dynamic_009.001"
14:37:13.704 [CE][Storage] ver:25 stamp:159, valid:yes, name:"C:\Program Files (x86)\Steam\steamapps\common\DayZServerAug2\mpmissions\Expansion.chernarusplus\storage_1\data\dynamic_009.002"
14:37:13.704 [CE][Storage] Restoring file "C:\Program Files (x86)\Steam\steamapps\common\DayZServerAug2\mpmissions\Expansion.chernarusplus\storage_1\data\dynamic_009.002" 3691 items.
14:37:15.14   3691 items loaded. (0 failed)
14:37:15.19 [CE][Storage] ver:25 stamp:157, valid:yes, name:"C:\Program Files (x86)\Steam\steamapps\common\DayZServerAug2\mpmissions\Expansion.chernarusplus\storage_1\data\dynamic_010.bin"
14:37:15.22 [CE][Storage] ver:25 stamp:158, valid:yes, name:"C:\Program Files (x86)\Steam\steamapps\common\DayZServerAug2\mpmissions\Expansion.chernarusplus\storage_1\data\dynamic_010.001"
14:37:15.26 [CE][Storage] ver:25 stamp:159, valid:yes, name:"C:\Program Files (x86)\Steam\steamapps\common\DayZServerAug2\mpmissions\Expansion.chernarusplus\storage_1\data\dynamic_010.002"
14:37:15.26 [CE][Storage] Restoring file "C:\Program Files (x86)\Steam\steamapps\common\DayZServerAug2\mpmissions\Expansion.chernarusplus\storage_1\data\dynamic_010.002" 2393 items.
14:37:15.898   2393 items loaded. (0 failed)
14:37:15.903 [CE][Storage] ver:25 stamp:157, valid:yes, name:"C:\Program Files (x86)\Steam\steamapps\common\DayZServerAug2\mpmissions\Expansion.chernarusplus\storage_1\data\dynamic_011.bin"
14:37:15.906 [CE][Storage] ver:25 stamp:158, valid:yes, name:"C:\Program Files (x86)\Steam\steamapps\common\DayZServerAug2\mpmissions\Expansion.chernarusplus\storage_1\data\dynamic_011.001"
14:37:15.909 [CE][Storage] ver:25 stamp:159, valid:yes, name:"C:\Program Files (x86)\Steam\steamapps\common\DayZServerAug2\mpmissions\Expansion.chernarusplus\storage_1\data\dynamic_011.002"
14:37:15.909 [CE][Storage] Restoring file "C:\Program Files (x86)\Steam\steamapps\common\DayZServerAug2\mpmissions\Expansion.chernarusplus\storage_1\data\dynamic_011.002" 239 items.
14:37:15.997   239 items loaded. (0 failed)
14:37:16.00 [CE][Storage] ver:26 stamp:157, valid:yes, name:"C:\Program Files (x86)\Steam\steamapps\common\DayZServerAug2\mpmissions\Expansion.chernarusplus\storage_1\data\building.bin"
14:37:16.02 [CE][Storage] ver:26 stamp:158, valid:yes, name:"C:\Program Files (x86)\Steam\steamapps\common\DayZServerAug2\mpmissions\Expansion.chernarusplus\storage_1\data\building.001"
14:37:16.05 [CE][Storage] ver:26 stamp:159, valid:yes, name:"C:\Program Files (x86)\Steam\steamapps\common\DayZServerAug2\mpmissions\Expansion.chernarusplus\storage_1\data\building.002"
14:37:16.05 [CE][Storage] Restoring file "C:\Program Files (x86)\Steam\steamapps\common\DayZServerAug2\mpmissions\Expansion.chernarusplus\storage_1\data\building.002" 0 items.
14:37:16.05   0 items loaded. (0 failed)
14:37:16.09 [CE][Storage] ver:25 stamp:157, valid:yes, name:"C:\Program Files (x86)\Steam\steamapps\common\DayZServerAug2\mpmissions\Expansion.chernarusplus\storage_1\data\vehicles.bin"
14:37:16.12 [CE][Storage] ver:25 stamp:158, valid:yes, name:"C:\Program Files (x86)\Steam\steamapps\common\DayZServerAug2\mpmissions\Expansion.chernarusplus\storage_1\data\vehicles.001"
14:37:16.16 [CE][Storage] ver:25 stamp:159, valid:yes, name:"C:\Program Files (x86)\Steam\steamapps\common\DayZServerAug2\mpmissions\Expansion.chernarusplus\storage_1\data\vehicles.002"
14:37:16.16 [CE][Storage] Restoring file "C:\Program Files (x86)\Steam\steamapps\common\DayZServerAug2\mpmissions\Expansion.chernarusplus\storage_1\data\vehicles.002" 299 items.
14:37:16.891   299 items loaded. (0 failed)
14:37:16.929 [CE][Hive] :: Storage load took:10.91 seconds, recovery stamp:159
14:37:16.929   entity: 30480, building: 0
14:37:16.929   no lifetime: 73
14:37:16.929   pathgraph's: 662
14:37:16.930 [CE][Hive] :: Initializing ... 
14:37:16.979 [CE][InitializeMap] :: initialized: 0
14:37:16.979 [CE][Hive] :: Initializing spawners ... 
14:37:17.767 [CE][LootRespawner] (PRIDummy) :: Initially (re)spawned:0, Nominal:30379, Total in Map: 28134 at 0 (sec)
14:37:17.767   tests:0, repeats:0 fails:0, overtime:0
14:37:17.770 [CE][DynEvent] :: 58 types
14:37:17.770 [00] AmbientHen
14:37:17.770   Primary Spawner: "Ambient", active: yes, repeat: 1
14:37:17.770 [01] AnimalBear
14:37:17.770   Primary Spawner: "Animal", active: yes, repeat: 1
14:37:17.770 [02] AnimalCow
14:37:17.770   Primary Spawner: "Animal", active: yes, repeat: 1
14:37:17.770 [03] AnimalDeer
14:37:17.770   Primary Spawner: "Animal", active: yes, repeat: 1
14:37:17.770 [04] AnimalGoat
14:37:17.770   Primary Spawner: "Animal", active: yes, repeat: 1
14:37:17.770 [05] AnimalPig
14:37:17.770   Primary Spawner: "Animal", active: yes, repeat: 1
14:37:17.770 [06] AnimalRoeDeer
14:37:17.770   Primary Spawner: "Animal", active: yes, repeat: 1
14:37:17.770 [07] AnimalSheep
14:37:17.770   Primary Spawner: "Animal", active: yes, repeat: 1
14:37:17.770 [08] AnimalWildBoar
14:37:17.770   Primary Spawner: "Animal", active: yes, repeat: 1
14:37:17.770 [09] AnimalWolf
14:37:17.770   Primary Spawner: "Animal", active: yes, repeat: 1
14:37:17.770 [10] InfectedArmy
14:37:17.770   Primary Spawner: "Infected", active: yes, repeat: 1
14:37:17.770 [11] InfectedArmyHard
14:37:17.770   Primary Spawner: "Infected", active: yes, repeat: 1
14:37:17.770 [12] InfectedCity
14:37:17.770   Primary Spawner: "Infected", active: yes, repeat: 1
14:37:17.770 [13] InfectedCityTier1
14:37:17.770   Primary Spawner: "Infected", active: yes, repeat: 1
14:37:17.770 [14] InfectedFirefighter
14:37:17.771   Primary Spawner: "Infected", active: yes, repeat: 1
14:37:17.771 [15] InfectedIndustrial
14:37:17.771   Primary Spawner: "Infected", active: yes, repeat: 1
14:37:17.771 [16] InfectedMedic
14:37:17.771   Primary Spawner: "Infected", active: yes, repeat: 1
14:37:17.771 [17] InfectedNBC
14:37:17.771   Primary Spawner: "Infected", active: yes, repeat: 1
14:37:17.771 [18] InfectedNBCYellow
14:37:17.771   Primary Spawner: "Infected", active: yes, repeat: 1
14:37:17.771 [19] InfectedPolice
14:37:17.771   Primary Spawner: "Infected", active: yes, repeat: 1
14:37:17.771 [20] InfectedPoliceHard
14:37:17.771   Primary Spawner: "Infected", active: yes, repeat: 1
14:37:17.771 [21] InfectedPrisoner
14:37:17.771   Primary Spawner: "Infected", active: yes, repeat: 1
14:37:17.771 [22] InfectedReligious
14:37:17.771   Primary Spawner: "Infected", active: yes, repeat: 1
14:37:17.771 [23] InfectedSanta
14:37:17.771   Primary Spawner: "Infected", active: yes, repeat: 1
14:37:17.771 [24] InfectedSolitude
14:37:17.771   Primary Spawner: "Infected", active: yes, repeat: 1
14:37:17.771 [25] InfectedVillage
14:37:17.771   Primary Spawner: "Infected", active: yes, repeat: 1
14:37:17.771 [26] InfectedVillageTier1
14:37:17.771   Primary Spawner: "Infected", active: yes, repeat: 1
14:37:17.771 [27] ItemPlanks
14:37:17.771   Primary Spawner: "Item", active: yes, repeat: 1
14:37:17.771 [28] Loot
14:37:17.771   Primary Spawner: "Loot", active: yes, repeat: 2
14:37:17.771 [29] StaticContaminatedArea
14:37:17.771   Primary Spawner: "Static", active: yes, repeat: 1
14:37:17.771 [30] StaticHeliCrash
14:37:17.771   Primary Spawner: "Static", active: yes, repeat: 1
14:37:17.771   Secondary Spawner: "Infected", active: yes, repeat: 1
14:37:17.771 [31] StaticMilitaryConvoy
14:37:17.771   Primary Spawner: "Static", active: yes, repeat: 1
14:37:17.771   Secondary Spawner: "Infected", active: yes, repeat: 1
14:37:17.771 [32] StaticPoliceSituation
14:37:17.771   Primary Spawner: "Static", active: yes, repeat: 1
14:37:17.771   Secondary Spawner: "Infected", active: yes, repeat: 1
14:37:17.771 [33] StaticTrain
14:37:17.771   Primary Spawner: "Static", active: yes, repeat: 1
14:37:17.771   Secondary Spawner: "Infected", active: yes, repeat: 1
14:37:17.771 [34] TrajectoryApple
14:37:17.771   Primary Spawner: "Trajectory", active: yes, repeat: 1
14:37:17.771 [35] TrajectoryConiferous
14:37:17.771   Primary Spawner: "Trajectory", active: yes, repeat: 1
14:37:17.771 [36] TrajectoryDeciduous
14:37:17.771   Primary Spawner: "Trajectory", active: yes, repeat: 1
14:37:17.771 [37] TrajectoryHumus
14:37:17.771   Primary Spawner: "Trajectory", active: yes, repeat: 1
14:37:17.771 [38] TrajectoryPear
14:37:17.771   Primary Spawner: "Trajectory", active: yes, repeat: 1
14:37:17.771 [39] TrajectoryPlum
14:37:17.771   Primary Spawner: "Trajectory", active: yes, repeat: 1
14:37:17.771 [40] TrajectoryStones
14:37:17.771   Primary Spawner: "Trajectory", active: yes, repeat: 1
14:37:17.771 [41] VehicleCivilianSedan
14:37:17.771   Primary Spawner: "Vehicle", active: yes, repeat: 1
14:37:17.771 [42] VehicleHatchback02
14:37:17.771   Primary Spawner: "Vehicle", active: yes, repeat: 1
14:37:17.771 [43] VehicleOffroad02
14:37:17.771   Primary Spawner: "Vehicle", active: yes, repeat: 1
14:37:17.771 [44] VehicleOffroadHatchback
14:37:17.771   Primary Spawner: "Vehicle", active: yes, repeat: 1
14:37:17.771 [45] VehicleSedan02
14:37:17.771   Primary Spawner: "Vehicle", active: yes, repeat: 1
14:37:17.771 [46] VehicleTruck01
14:37:17.771   Primary Spawner: "Vehicle", active: yes, repeat: 1
14:37:17.771 [47] VehicleUAZ
14:37:17.771   Primary Spawner: "Vehicle", active: yes, repeat: 1
14:37:17.771 [48] VehicleVodnik
14:37:17.771   Primary Spawner: "Vehicle", active: yes, repeat: 1
14:37:17.771 [49] VehicleBus
14:37:17.771   Primary Spawner: "Vehicle", active: yes, repeat: 1
14:37:17.771 [50] VehicleTractor
14:37:17.771   Primary Spawner: "Vehicle", active: yes, repeat: 1
14:37:17.771 [51] VehicleLandRover
14:37:17.771   Primary Spawner: "Vehicle", active: yes, repeat: 1
14:37:17.771 [52] VehicleMH6Helicopter
14:37:17.771   Primary Spawner: "Vehicle", active: yes, repeat: 1
14:37:17.771 [53] VehicleMerlinHelicopter
14:37:17.771   Primary Spawner: "Vehicle", active: yes, repeat: 1
14:37:17.771 [54] VehicleUh1hHelicopter
14:37:17.771   Primary Spawner: "Vehicle", active: yes, repeat: 1
14:37:17.771 [55] VehicleUtilityBoat
14:37:17.771   Primary Spawner: "Vehicle", active: yes, repeat: 1
14:37:17.771 [56] VehicleZodiacBoat
14:37:17.771   Primary Spawner: "Vehicle", active: yes, repeat: 1
14:37:17.771 [57] VehicleGyroHelicopter
14:37:17.771   Primary Spawner: "Vehicle", active: yes, repeat: 1
14:37:17.771 [CE][Hive] :: Initializing of spawners done.
14:37:17.782 [CE][Hive] :: Init sequence finished.
14:37:17.782 Player connect enabled
14:37:19.643 [IdleMode] Entering IN - save processed
14:37:50.688 [Login]: Adding player Blorpus9000 (20249752) to login queue at position 0
14:37:50.688 [LoginMachine]: Add player Blorpus9000 (20249752 192.168.1.133:2316)
14:37:50.688 [StateMachine]: Player Blorpus9000 (dpnid 20249752 uid ) Entering AuthPlayerLoginState
14:37:50.733 [IdleMode] Leaving OUT
14:37:52.967 [StateMachine]: Player Blorpus9000 (dpnid 20249752 uid ) Entering WaitAuthPlayerLoginState
14:38:02.967 Player Blorpus9000 (20249752) kicked from server: 49 (Login timed out. (WaitAuthPlayerLoginState))
14:38:02.967 [StateMachine]: Kick player Blorpus9000 (dpnid 20249752 uid ) State WaitAuthPlayerLoginState
14:38:02.982 [Disconnect]: Client 20249752 early disconnect
14:38:02.982 [Disconnect]: No player -> remove player info 20249752 
14:38:02.982 [Disconnect]: DisconnectPlayerFinish 20249752
14:38:02.982 [Disconnect]: Remove player info 20249752
14:38:02.982 [Disconnect]: Player destroy 20249752 
14:38:12.771 [CE][LootRespawner] (PRIDummy) :: Item [0] causing search overtime: "Ammo_45ACP"
14:38:12.871 [CE][LootRespawner] (PRIDummy) :: Item [1] causing search overtime: "CamoNet"
14:38:12.971 [CE][LootRespawner] (PRIDummy) :: Item [2] causing search overtime: "AmmoBox_9x19_25rnd"
14:38:13.71 [CE][LootRespawner] (PRIDummy) :: Item [3] causing search overtime: "Glock19"
14:38:13.172 [CE][LootRespawner] (PRIDummy) :: Item [4] causing search overtime: "Mag_Expansion_Taser"