

=====================================================================
== C:\Program Files (x86)\Steam\steamapps\common\DayZServerAug2\DayZServer_x64.exe
== "DayZServer_x64.exe" -config=serverDZ.cfg -mod=@CF;@CommunityOnlineTools;@DabsFramework;@DayZ-Editor-Loader;@DayZ-Expansion-Animations;@DayZ-Expansion-Bundle;@DayZ-Expansion-Licensed;@MMG-MightysMilitaryGear;@PvZmoD_CustomisableZombies "-serverMod=_@DayZ-Dynamic-AI-Addon" -port=2302 -profiles=config -cpuCount=4 -adminlog -netlog -freezecheck 
=====================================================================
Exe timestamp: 2023/07/27 17:06:07
Current time:  2023/08/14 16:37:34

Version 1.21.156300
16:37:34.569 [Inputs] Loading inputs default "bin/constants.xml"
16:37:34.571 [Inputs] Loading inputs default "bin/specific.xml"
16:37:34.571 [Inputs] Loading inputs default "JM/COT/Scripts/Data/Inputs.xml"
16:37:34.572 !!! [Inputs] Cannot Register "UAObjectModuleDeleteOnCursor" non-existent input - Fix Preset!
16:37:34.572 [Inputs] Loading inputs default "LIVEN/PvZmoD_CustomisableZombies/inputs.xml"
16:37:34.572 [Inputs] Loading inputs default "DayZExpansion/Groups/Scripts/Data/Inputs.xml"
16:37:34.572 [Inputs] Loading inputs default "DayZExpansion/Navigation/Scripts/Data/Inputs.xml"
16:37:34.572 !!! [Inputs] Attempt to register duplicate exclusion group "chatexpansion"
16:37:34.572 [Inputs] Loading inputs default "DayZExpansion/PlayerList/Scripts/Data/Inputs.xml"
16:37:34.572 !!! [Inputs] Attempt to register duplicate exclusion group "chatexpansion"
16:37:34.572 [Inputs] Loading inputs default "DayZExpansion/Scripts/Data/Inputs.xml"
16:37:34.573 !!! [Inputs] Attempt to register duplicate exclusion group "chatexpansion"
16:37:34.573 [Inputs] Loading inputs default "DayZExpansion/Vehicles/Scripts/Data/Inputs.xml"
16:37:34.573 [Inputs] Loading inputs default "DayZExpansion/AI/Scripts/inputs.xml"
16:37:34.574 [Inputs] Loading inputs default "DayZExpansion/BaseBuilding/Scripts/Data/Inputs.xml"
16:37:34.574 !!! [Inputs] Attempt to register duplicate exclusion group "chatexpansion"
16:37:34.574 [Inputs] Loading inputs default "DayZExpansion/Book/Scripts/Data/Inputs.xml"
16:37:34.574 !!! [Inputs] Attempt to register duplicate exclusion group "chatexpansion"
16:37:34.574 [Inputs] Loading inputs default "DayZExpansion/Chat/Scripts/Data/Inputs.xml"
16:37:34.574 !!! [Inputs] Attempt to register duplicate exclusion group "chatexpansion"
16:37:34.574 [Inputs] Loading inputs default "DayZExpansion/Quests/Scripts/Data/Inputs.xml"
16:37:34.574 [Inputs] Loading inputs cfg "config\Users\Survivor\Server.core.xml"
16:37:34.574 !!! [Inputs] Cannot read inputs cfg "config\Users\Survivor\Server.core.xml", parser error
16:37:34.574 [Inputs] Loading inputs cfg "bin/core.xml"
16:37:34.574 !!! [Inputs] Cannot load input preset "#STR_USER", file does not exist
16:37:34.576 [Inputs] Exporting inputs cfg "config\Users\Survivor\Server.core.xml"
16:37:54.485 [CE][Hive] :: Initializing OFFLINE
16:37:54.485 [StorageDirs] :: Selected storage directory: C:\Program Files (x86)\Steam\steamapps\common\DayZServerAug2\mpmissions\Expansion.chernarusplus\storage_1\
16:37:54.485 [CE][Hive] :: Loading core data ... 
16:37:54.489 [CE][CoreData] :: 7 root classes, 18 defaults, 0 updaters...
16:37:57.119 [CE] :: WARNING :: Preset map "optics" is EMPTY.
16:37:57.120 [CE][TypeSetup] :: 505 classes setuped...
16:37:57.127 [CE] :: WARNING :: Preset map "optics" is EMPTY.
16:37:57.128 [CE][TypeSetup] :: 97 classes setuped...
16:37:57.135 [CE] :: WARNING :: Preset map "optics" is EMPTY.
16:37:57.135 [CE][TypeSetup] :: 206 classes setuped...
16:37:58.224 [CE][RegisterBind] :: 0 classes binded...
16:37:58.224 [CE][RegisterConfig] :: 11818 config classes registered, 0 sub-counters...
16:37:58.224 [CE][Hive] :: Loading map data ... 
16:37:58.238 [CE][IgnoreList] "cfgignorelist.xml" :: loaded 19 types
16:37:58.286 !!! [CE] :: Unknown category: 'vehicleparts'.
16:37:58.286 !!! [CE] :: Unknown category: 'vehicleparts'.
16:37:58.286 !!! [CE] :: Unknown category: 'vehicleparts'.
16:37:58.286 !!! [CE] :: Unknown category: 'vehicleparts'.
16:37:58.286 !!! [CE] :: Unknown category: 'vehicleparts'.
16:37:58.286 !!! [CE] :: Unknown category: 'vehicleparts'.
16:37:58.286 !!! [CE] :: Unknown category: 'vehicleparts'.
16:37:58.286 !!! [CE] :: Unknown category: 'vehicleparts'.
16:37:58.286 !!! [CE] :: Unknown category: 'vehicleparts'.
16:37:58.286 !!! [CE] :: Unknown category: 'vehicleparts'.
16:37:58.287 !!! [CE] :: Unknown category: 'vehicleparts'.
16:37:58.287 !!! [CE] :: Unknown category: 'vehicleparts'.
16:37:58.287 !!! [CE] :: Unknown category: 'vehicleparts'.
16:37:58.287 !!! [CE] :: Unknown category: 'vehicleparts'.
16:37:58.287 !!! [CE] :: Unknown category: 'vehicleparts'.
16:37:58.287 !!! [CE] :: Unknown category: 'vehicleparts'.
16:37:58.287 !!! [CE] :: Unknown category: 'vehicleparts'.
16:37:58.287 !!! [CE] :: Unknown category: 'vehicleparts'.
16:37:58.287 !!! [CE] :: Unknown category: 'vehicleparts'.
16:37:58.287 !!! [CE] :: Unknown category: 'vehicleparts'.
16:37:58.287 !!! [CE] :: Unknown category: 'vehicleparts'.
16:37:58.287 !!! [CE] :: Unknown category: 'vehicleparts'.
16:37:58.287 !!! [CE] :: Unknown category: 'vehicleparts'.
16:37:58.287 !!! [CE] :: Unknown category: 'vehicleparts'.
16:37:58.287 !!! [CE] :: Unknown category: 'vehicleparts'.
16:37:58.287 !!! [CE] :: Unknown category: 'vehicleparts'.
16:37:58.287 !!! [CE] :: Unknown category: 'vehicleparts'.
16:37:58.287 !!! [CE] :: Unknown category: 'vehicleparts'.
16:37:58.287 !!! [CE] :: Unknown category: 'vehicleparts'.
16:37:58.287 !!! [CE] :: Unknown category: 'vehicleparts'.
16:37:58.287 !!! [CE] :: Unknown category: 'vehicleparts'.
16:37:58.287 !!! [CE] :: Unknown category: 'vehicleparts'.
16:37:58.287 !!! [CE] :: Unknown category: 'vehicleparts'.
16:37:58.288 !!! [CE] :: Unknown category: 'vehicleparts'.
16:37:58.288 !!! [CE] :: Unknown category: 'vehicleparts'.
16:37:58.288 !!! [CE] :: Unknown category: 'vehicleparts'.
16:37:58.288 !!! [CE] :: Unknown category: 'vehicleparts'.
16:37:58.288 !!! [CE] :: Unknown category: 'vehicleparts'.
16:37:58.288 !!! [CE] :: Unknown category: 'vehicleparts'.
16:37:58.288 !!! [CE] :: Unknown category: 'vehicleparts'.
16:37:58.288 !!! [CE] :: Unknown category: 'vehicleparts'.
16:37:58.288 !!! [CE] :: Unknown category: 'vehicleparts'.
16:37:58.288 !!! [CE] :: Unknown category: 'vehicleparts'.
16:37:58.288 !!! [CE] :: Unknown category: 'vehicleparts'.
16:37:58.288 !!! [CE] :: Unknown category: 'vehicleparts'.
16:37:58.288 !!! [CE] :: Unknown category: 'vehicleparts'.
16:37:58.288 !!! [CE] :: Unknown category: 'vehicleparts'.
16:37:58.288 !!! [CE] :: Unknown category: 'vehicleparts'.
16:37:58.288 !!! [CE] :: Unknown category: 'vehicleparts'.
16:37:58.288 !!! [CE] :: Unknown category: 'vehicleparts'.
16:37:58.288 !!! [CE] :: Unknown category: 'vehicleparts'.
16:37:58.288 !!! [CE] :: Unknown category: 'vehicleparts'.
16:37:58.288 [CE][LoadPrototype] :: loaded 413 prototypes
16:37:58.288   799 containers, 10078 points
16:37:58.288   66 dispatches, 239 proxies
16:37:58.288 !!! [CE][LoadPrototype] 5 groups have no points...
16:37:58.288 [CE][LoadPrototype] :: last group name: Land_Wreck_sed02_aban2_red_DE...
16:37:58.295 [CE][LoadPrototype] :: loaded 0 prototypes
16:37:58.295   55 containers, 232 points
16:37:58.295   0 dispatches, 0 proxies
16:37:58.295 [CE][LoadPrototype] :: last group name: Rail9...
16:37:58.886 [CE][LoadMap] "Group" :: loaded 11709 groups, groups failed: 0, largest group range: 34.2
16:37:58.891 [CE][LoadMap] "Dirt" :: loaded 0 groups, groups failed: 0, largest group range: 34.2
16:37:59.152 [CE][Links] found 1908 total links between groups, of 11709
16:37:59.152 [CE][LoadClusters] "Cluster" :: Loading files...
16:37:59.323 [CE][LoadClusters] :: file: "mapgroupcluster.xml", 9 types, 50000 instances
16:37:59.489 [CE][LoadClusters] :: file: "mapgroupcluster01", 9 types, 50000 instances
16:37:59.655 [CE][LoadClusters] :: file: "mapgroupcluster02", 9 types, 50000 instances
16:37:59.822 [CE][LoadClusters] :: file: "mapgroupcluster03", 9 types, 50000 instances
16:37:59.888 [CE][LoadClusters] :: file: "mapgroupcluster04", 9 types, 17347 instances
16:37:59.893 [CE][Storage] ver:21 stamp:417, valid:yes, name:"C:\Program Files (x86)\Steam\steamapps\common\DayZServerAug2\mpmissions\Expansion.chernarusplus\storage_1\data\types.bin"
16:37:59.897 [CE][Storage] ver:21 stamp:415, valid:yes, name:"C:\Program Files (x86)\Steam\steamapps\common\DayZServerAug2\mpmissions\Expansion.chernarusplus\storage_1\data\types.001"
16:37:59.900 [CE][Storage] ver:21 stamp:416, valid:yes, name:"C:\Program Files (x86)\Steam\steamapps\common\DayZServerAug2\mpmissions\Expansion.chernarusplus\storage_1\data\types.002"
16:37:59.900 [CE][Storage] Restoring file "C:\Program Files (x86)\Steam\steamapps\common\DayZServerAug2\mpmissions\Expansion.chernarusplus\storage_1\data\types.bin".
16:38:00.17 !!! [CE][offlineDB] :: No Shutdown message present.
16:38:00.25 [CE][offlineDB] :: Loaded 47 dynamic events 225 total types.
16:38:00.29 !!! [CE][DE] (VehicleTruck01) :: Unable to create child (Truck_01_Covered_Grey) as the type does not exist.
16:38:00.29 [CE][offlineDB] :: Loaded 58 dynamic events 289 total types.
16:38:00.44 !!! [CE][offlineDB] :: Type 'ChristmasTree' will be ignored. (Not spawnable. (Scope is not public?))
16:38:00.57 !!! [CE][offlineDB] :: Type 'Expansion_M79' will be ignored. (Not spawnable. (Scope is not public?))
16:38:00.57 !!! [CE][offlineDB] :: Type 'ExpansionFlaregun' will be ignored. (Not spawnable. (Scope is not public?))
16:38:00.57 !!! [CE][offlineDB] :: Type 'Expansion_Longhorn' will be ignored. (Not spawnable. (Scope is not public?))
16:38:00.76 !!! [CE][offlineDB] :: Type 'MMG_tactical_shirt_dark_woodland' will be ignored. (Type does not exist. (Typo?))
16:38:00.90 !!! [CE][offlineDB] :: Type 'MMG_mmps_nag_multicamblack' will be ignored. (Type does not exist. (Typo?))
16:38:00.94 !!! [CE][offlineDB] :: Type 'MMG_assault_pack_multicam_tropic' will be ignored. (Type does not exist. (Typo?))
16:38:00.245 !!! [CE][DE][SPAWNS] :: [WARNING] :: Skipping entry for non-existing event 'VehicleTransitBus'.
16:38:00.246 [CE][DE][SPAWNS] :: Total positions: 987
16:38:00.246 [CE][DE][GROUPS] :: Total eventgroups defined: 83, Eventgroups in use: 83
16:38:00.249 [CE][Storage] ver:21 stamp:417, valid:yes, name:"C:\Program Files (x86)\Steam\steamapps\common\DayZServerAug2\mpmissions\Expansion.chernarusplus\storage_1\data\events.bin"
16:38:00.252 [CE][Storage] ver:21 stamp:415, valid:yes, name:"C:\Program Files (x86)\Steam\steamapps\common\DayZServerAug2\mpmissions\Expansion.chernarusplus\storage_1\data\events.001"
16:38:00.255 [CE][Storage] ver:21 stamp:416, valid:yes, name:"C:\Program Files (x86)\Steam\steamapps\common\DayZServerAug2\mpmissions\Expansion.chernarusplus\storage_1\data\events.002"
16:38:00.255 [CE][Storage] Restoring file "C:\Program Files (x86)\Steam\steamapps\common\DayZServerAug2\mpmissions\Expansion.chernarusplus\storage_1\data\events.bin".
16:38:00.255 [CE][DynamicEvent] Load  Events:[58] Primary spawners: 58 Secondary spawners: 4
16:38:00.259 [CE][Storage] ver:25 stamp:417, valid:yes, name:"C:\Program Files (x86)\Steam\steamapps\common\DayZServerAug2\mpmissions\Expansion.chernarusplus\storage_1\data\dynamic_000.bin"
16:38:00.262 [CE][Storage] ver:25 stamp:415, valid:yes, name:"C:\Program Files (x86)\Steam\steamapps\common\DayZServerAug2\mpmissions\Expansion.chernarusplus\storage_1\data\dynamic_000.001"
16:38:00.265 [CE][Storage] ver:25 stamp:416, valid:yes, name:"C:\Program Files (x86)\Steam\steamapps\common\DayZServerAug2\mpmissions\Expansion.chernarusplus\storage_1\data\dynamic_000.002"
16:38:00.266 [CE][Storage] Restoring file "C:\Program Files (x86)\Steam\steamapps\common\DayZServerAug2\mpmissions\Expansion.chernarusplus\storage_1\data\dynamic_000.bin" 970 items.
16:38:00.725   970 items loaded. (0 failed)
16:38:00.730 [CE][Storage] ver:25 stamp:417, valid:yes, name:"C:\Program Files (x86)\Steam\steamapps\common\DayZServerAug2\mpmissions\Expansion.chernarusplus\storage_1\data\dynamic_001.bin"
16:38:00.733 [CE][Storage] ver:25 stamp:415, valid:yes, name:"C:\Program Files (x86)\Steam\steamapps\common\DayZServerAug2\mpmissions\Expansion.chernarusplus\storage_1\data\dynamic_001.001"
16:38:00.736 [CE][Storage] ver:25 stamp:416, valid:yes, name:"C:\Program Files (x86)\Steam\steamapps\common\DayZServerAug2\mpmissions\Expansion.chernarusplus\storage_1\data\dynamic_001.002"
16:38:00.736 [CE][Storage] Restoring file "C:\Program Files (x86)\Steam\steamapps\common\DayZServerAug2\mpmissions\Expansion.chernarusplus\storage_1\data\dynamic_001.bin" 1905 items.
16:38:01.431   1905 items loaded. (0 failed)
16:38:01.435 [CE][Storage] ver:25 stamp:417, valid:yes, name:"C:\Program Files (x86)\Steam\steamapps\common\DayZServerAug2\mpmissions\Expansion.chernarusplus\storage_1\data\dynamic_002.bin"
16:38:01.439 !!! [CE][Storage] Failed to read [Storage] data file "C:\Program Files (x86)\Steam\steamapps\common\DayZServerAug2\mpmissions\Expansion.chernarusplus\storage_1\data\dynamic_002.001".
16:38:01.439   File not closed...
16:38:01.439 [CE][Storage] ver:25 stamp:418, valid:NO, name:"C:\Program Files (x86)\Steam\steamapps\common\DayZServerAug2\mpmissions\Expansion.chernarusplus\storage_1\data\dynamic_002.001"
16:38:01.442 [CE][Storage] ver:25 stamp:416, valid:yes, name:"C:\Program Files (x86)\Steam\steamapps\common\DayZServerAug2\mpmissions\Expansion.chernarusplus\storage_1\data\dynamic_002.002"
16:38:01.443 [CE][Storage] Restoring file "C:\Program Files (x86)\Steam\steamapps\common\DayZServerAug2\mpmissions\Expansion.chernarusplus\storage_1\data\dynamic_002.bin" 2826 items.
16:38:02.359   2826 items loaded. (0 failed)
16:38:02.364 [CE][Storage] ver:25 stamp:417, valid:yes, name:"C:\Program Files (x86)\Steam\steamapps\common\DayZServerAug2\mpmissions\Expansion.chernarusplus\storage_1\data\dynamic_003.bin"
16:38:02.368 [CE][Storage] ver:25 stamp:418, valid:yes, name:"C:\Program Files (x86)\Steam\steamapps\common\DayZServerAug2\mpmissions\Expansion.chernarusplus\storage_1\data\dynamic_003.001"
16:38:02.371 [CE][Storage] ver:25 stamp:416, valid:yes, name:"C:\Program Files (x86)\Steam\steamapps\common\DayZServerAug2\mpmissions\Expansion.chernarusplus\storage_1\data\dynamic_003.002"
16:38:02.371 [CE][Storage] Restoring file "C:\Program Files (x86)\Steam\steamapps\common\DayZServerAug2\mpmissions\Expansion.chernarusplus\storage_1\data\dynamic_003.001" 2591 items.
16:38:03.271   2591 items loaded. (0 failed)
16:38:03.274 [CE][Storage] ver:25 stamp:417, valid:yes, name:"C:\Program Files (x86)\Steam\steamapps\common\DayZServerAug2\mpmissions\Expansion.chernarusplus\storage_1\data\dynamic_004.bin"
16:38:03.278 [CE][Storage] ver:25 stamp:418, valid:yes, name:"C:\Program Files (x86)\Steam\steamapps\common\DayZServerAug2\mpmissions\Expansion.chernarusplus\storage_1\data\dynamic_004.001"
16:38:03.281 [CE][Storage] ver:25 stamp:416, valid:yes, name:"C:\Program Files (x86)\Steam\steamapps\common\DayZServerAug2\mpmissions\Expansion.chernarusplus\storage_1\data\dynamic_004.002"
16:38:03.281 [CE][Storage] Restoring file "C:\Program Files (x86)\Steam\steamapps\common\DayZServerAug2\mpmissions\Expansion.chernarusplus\storage_1\data\dynamic_004.001" 2160 items.
16:38:04.12   2160 items loaded. (0 failed)
16:38:04.17 [CE][Storage] ver:25 stamp:417, valid:yes, name:"C:\Program Files (x86)\Steam\steamapps\common\DayZServerAug2\mpmissions\Expansion.chernarusplus\storage_1\data\dynamic_005.bin"
16:38:04.21 [CE][Storage] ver:25 stamp:418, valid:yes, name:"C:\Program Files (x86)\Steam\steamapps\common\DayZServerAug2\mpmissions\Expansion.chernarusplus\storage_1\data\dynamic_005.001"
16:38:04.24 [CE][Storage] ver:25 stamp:416, valid:yes, name:"C:\Program Files (x86)\Steam\steamapps\common\DayZServerAug2\mpmissions\Expansion.chernarusplus\storage_1\data\dynamic_005.002"
16:38:04.24 [CE][Storage] Restoring file "C:\Program Files (x86)\Steam\steamapps\common\DayZServerAug2\mpmissions\Expansion.chernarusplus\storage_1\data\dynamic_005.001" 2433 items.
16:38:04.822   2433 items loaded. (0 failed)
16:38:04.827 [CE][Storage] ver:25 stamp:417, valid:yes, name:"C:\Program Files (x86)\Steam\steamapps\common\DayZServerAug2\mpmissions\Expansion.chernarusplus\storage_1\data\dynamic_006.bin"
16:38:04.831 [CE][Storage] ver:25 stamp:418, valid:yes, name:"C:\Program Files (x86)\Steam\steamapps\common\DayZServerAug2\mpmissions\Expansion.chernarusplus\storage_1\data\dynamic_006.001"
16:38:04.834 [CE][Storage] ver:25 stamp:416, valid:yes, name:"C:\Program Files (x86)\Steam\steamapps\common\DayZServerAug2\mpmissions\Expansion.chernarusplus\storage_1\data\dynamic_006.002"
16:38:04.835 [CE][Storage] Restoring file "C:\Program Files (x86)\Steam\steamapps\common\DayZServerAug2\mpmissions\Expansion.chernarusplus\storage_1\data\dynamic_006.001" 1711 items.
16:38:05.419   1711 items loaded. (0 failed)
16:38:05.424 [CE][Storage] ver:25 stamp:417, valid:yes, name:"C:\Program Files (x86)\Steam\steamapps\common\DayZServerAug2\mpmissions\Expansion.chernarusplus\storage_1\data\dynamic_007.bin"
16:38:05.428 [CE][Storage] ver:25 stamp:418, valid:yes, name:"C:\Program Files (x86)\Steam\steamapps\common\DayZServerAug2\mpmissions\Expansion.chernarusplus\storage_1\data\dynamic_007.001"
16:38:05.431 [CE][Storage] ver:25 stamp:416, valid:yes, name:"C:\Program Files (x86)\Steam\steamapps\common\DayZServerAug2\mpmissions\Expansion.chernarusplus\storage_1\data\dynamic_007.002"
16:38:05.431 [CE][Storage] Restoring file "C:\Program Files (x86)\Steam\steamapps\common\DayZServerAug2\mpmissions\Expansion.chernarusplus\storage_1\data\dynamic_007.001" 1665 items.
16:38:05.995   1665 items loaded. (0 failed)
16:38:06.00 [CE][Storage] ver:25 stamp:417, valid:yes, name:"C:\Program Files (x86)\Steam\steamapps\common\DayZServerAug2\mpmissions\Expansion.chernarusplus\storage_1\data\dynamic_008.bin"
16:38:06.03 [CE][Storage] ver:25 stamp:418, valid:yes, name:"C:\Program Files (x86)\Steam\steamapps\common\DayZServerAug2\mpmissions\Expansion.chernarusplus\storage_1\data\dynamic_008.001"
16:38:06.06 [CE][Storage] ver:25 stamp:416, valid:yes, name:"C:\Program Files (x86)\Steam\steamapps\common\DayZServerAug2\mpmissions\Expansion.chernarusplus\storage_1\data\dynamic_008.002"
16:38:06.07 [CE][Storage] Restoring file "C:\Program Files (x86)\Steam\steamapps\common\DayZServerAug2\mpmissions\Expansion.chernarusplus\storage_1\data\dynamic_008.001" 2415 items.
16:38:06.865   2415 items loaded. (0 failed)
16:38:06.870 [CE][Storage] ver:25 stamp:417, valid:yes, name:"C:\Program Files (x86)\Steam\steamapps\common\DayZServerAug2\mpmissions\Expansion.chernarusplus\storage_1\data\dynamic_009.bin"
16:38:06.873 [CE][Storage] ver:25 stamp:418, valid:yes, name:"C:\Program Files (x86)\Steam\steamapps\common\DayZServerAug2\mpmissions\Expansion.chernarusplus\storage_1\data\dynamic_009.001"
16:38:06.877 [CE][Storage] ver:25 stamp:416, valid:yes, name:"C:\Program Files (x86)\Steam\steamapps\common\DayZServerAug2\mpmissions\Expansion.chernarusplus\storage_1\data\dynamic_009.002"
16:38:06.877 [CE][Storage] Restoring file "C:\Program Files (x86)\Steam\steamapps\common\DayZServerAug2\mpmissions\Expansion.chernarusplus\storage_1\data\dynamic_009.001" 2989 items.
16:38:07.927   2989 items loaded. (0 failed)
16:38:07.932 [CE][Storage] ver:25 stamp:417, valid:yes, name:"C:\Program Files (x86)\Steam\steamapps\common\DayZServerAug2\mpmissions\Expansion.chernarusplus\storage_1\data\dynamic_010.bin"
16:38:07.936 [CE][Storage] ver:25 stamp:418, valid:yes, name:"C:\Program Files (x86)\Steam\steamapps\common\DayZServerAug2\mpmissions\Expansion.chernarusplus\storage_1\data\dynamic_010.001"
16:38:07.940 [CE][Storage] ver:25 stamp:416, valid:yes, name:"C:\Program Files (x86)\Steam\steamapps\common\DayZServerAug2\mpmissions\Expansion.chernarusplus\storage_1\data\dynamic_010.002"
16:38:07.940 [CE][Storage] Restoring file "C:\Program Files (x86)\Steam\steamapps\common\DayZServerAug2\mpmissions\Expansion.chernarusplus\storage_1\data\dynamic_010.001" 1973 items.
16:38:08.673   1973 items loaded. (0 failed)
16:38:08.678 [CE][Storage] ver:25 stamp:417, valid:yes, name:"C:\Program Files (x86)\Steam\steamapps\common\DayZServerAug2\mpmissions\Expansion.chernarusplus\storage_1\data\dynamic_011.bin"
16:38:08.681 [CE][Storage] ver:25 stamp:418, valid:yes, name:"C:\Program Files (x86)\Steam\steamapps\common\DayZServerAug2\mpmissions\Expansion.chernarusplus\storage_1\data\dynamic_011.001"
16:38:08.684 [CE][Storage] ver:25 stamp:416, valid:yes, name:"C:\Program Files (x86)\Steam\steamapps\common\DayZServerAug2\mpmissions\Expansion.chernarusplus\storage_1\data\dynamic_011.002"
16:38:08.685 [CE][Storage] Restoring file "C:\Program Files (x86)\Steam\steamapps\common\DayZServerAug2\mpmissions\Expansion.chernarusplus\storage_1\data\dynamic_011.001" 200 items.
16:38:08.762   200 items loaded. (0 failed)
16:38:08.766 [CE][Storage] ver:26 stamp:417, valid:yes, name:"C:\Program Files (x86)\Steam\steamapps\common\DayZServerAug2\mpmissions\Expansion.chernarusplus\storage_1\data\building.bin"
16:38:08.768 [CE][Storage] ver:26 stamp:415, valid:yes, name:"C:\Program Files (x86)\Steam\steamapps\common\DayZServerAug2\mpmissions\Expansion.chernarusplus\storage_1\data\building.001"
16:38:08.772 [CE][Storage] ver:26 stamp:416, valid:yes, name:"C:\Program Files (x86)\Steam\steamapps\common\DayZServerAug2\mpmissions\Expansion.chernarusplus\storage_1\data\building.002"
16:38:08.772 [CE][Storage] Restoring file "C:\Program Files (x86)\Steam\steamapps\common\DayZServerAug2\mpmissions\Expansion.chernarusplus\storage_1\data\building.bin" 0 items.
16:38:08.772   0 items loaded. (0 failed)
16:38:08.776 [CE][Storage] ver:25 stamp:417, valid:yes, name:"C:\Program Files (x86)\Steam\steamapps\common\DayZServerAug2\mpmissions\Expansion.chernarusplus\storage_1\data\vehicles.bin"
16:38:08.779 [CE][Storage] ver:25 stamp:415, valid:yes, name:"C:\Program Files (x86)\Steam\steamapps\common\DayZServerAug2\mpmissions\Expansion.chernarusplus\storage_1\data\vehicles.001"
16:38:08.782 [CE][Storage] ver:25 stamp:416, valid:yes, name:"C:\Program Files (x86)\Steam\steamapps\common\DayZServerAug2\mpmissions\Expansion.chernarusplus\storage_1\data\vehicles.002"
16:38:08.783 [CE][Storage] Restoring file "C:\Program Files (x86)\Steam\steamapps\common\DayZServerAug2\mpmissions\Expansion.chernarusplus\storage_1\data\vehicles.bin" 289 items.
16:38:09.524   289 items loaded. (0 failed)
16:38:09.558 [CE][Hive] :: Storage load took:9.31 seconds, recovery stamp:418
16:38:09.558   entity: 26006, building: 0
16:38:09.558   no lifetime: 75
16:38:09.558   pathgraph's: 613
16:38:09.558 [CE][Hive] :: Initializing ... 
16:38:09.603 [CE][InitializeMap] :: initialized: 0
16:38:09.603 [CE][Hive] :: Initializing spawners ... 
16:38:10.364 [CE][LootRespawner] (PRIDummy) :: Initially (re)spawned:0, Nominal:30379, Total in Map: 24073 at 0 (sec)
16:38:10.364   tests:0, repeats:0 fails:0, overtime:0
16:38:10.366 [CE][DynEvent] :: 58 types
16:38:10.366 [00] AmbientHen
16:38:10.366   Primary Spawner: "Ambient", active: yes, repeat: 1
16:38:10.366 [01] AnimalBear
16:38:10.366   Primary Spawner: "Animal", active: yes, repeat: 1
16:38:10.366 [02] AnimalCow
16:38:10.366   Primary Spawner: "Animal", active: yes, repeat: 1
16:38:10.366 [03] AnimalDeer
16:38:10.366   Primary Spawner: "Animal", active: yes, repeat: 1
16:38:10.366 [04] AnimalGoat
16:38:10.366   Primary Spawner: "Animal", active: yes, repeat: 1
16:38:10.366 [05] AnimalPig
16:38:10.366   Primary Spawner: "Animal", active: yes, repeat: 1
16:38:10.366 [06] AnimalRoeDeer
16:38:10.366   Primary Spawner: "Animal", active: yes, repeat: 1
16:38:10.366 [07] AnimalSheep
16:38:10.366   Primary Spawner: "Animal", active: yes, repeat: 1
16:38:10.366 [08] AnimalWildBoar
16:38:10.366   Primary Spawner: "Animal", active: yes, repeat: 1
16:38:10.366 [09] AnimalWolf
16:38:10.366   Primary Spawner: "Animal", active: yes, repeat: 1
16:38:10.366 [10] InfectedArmy
16:38:10.366   Primary Spawner: "Infected", active: yes, repeat: 1
16:38:10.366 [11] InfectedArmyHard
16:38:10.366   Primary Spawner: "Infected", active: yes, repeat: 1
16:38:10.366 [12] InfectedCity
16:38:10.366   Primary Spawner: "Infected", active: yes, repeat: 1
16:38:10.366 [13] InfectedCityTier1
16:38:10.367   Primary Spawner: "Infected", active: yes, repeat: 1
16:38:10.367 [14] InfectedFirefighter
16:38:10.367   Primary Spawner: "Infected", active: yes, repeat: 1
16:38:10.367 [15] InfectedIndustrial
16:38:10.367   Primary Spawner: "Infected", active: yes, repeat: 1
16:38:10.367 [16] InfectedMedic
16:38:10.367   Primary Spawner: "Infected", active: yes, repeat: 1
16:38:10.367 [17] InfectedNBC
16:38:10.367   Primary Spawner: "Infected", active: yes, repeat: 1
16:38:10.367 [18] InfectedNBCYellow
16:38:10.367   Primary Spawner: "Infected", active: yes, repeat: 1
16:38:10.367 [19] InfectedPolice
16:38:10.367   Primary Spawner: "Infected", active: yes, repeat: 1
16:38:10.367 [20] InfectedPoliceHard
16:38:10.367   Primary Spawner: "Infected", active: yes, repeat: 1
16:38:10.367 [21] InfectedPrisoner
16:38:10.367   Primary Spawner: "Infected", active: yes, repeat: 1
16:38:10.367 [22] InfectedReligious
16:38:10.367   Primary Spawner: "Infected", active: yes, repeat: 1
16:38:10.367 [23] InfectedSanta
16:38:10.367   Primary Spawner: "Infected", active: yes, repeat: 1
16:38:10.367 [24] InfectedSolitude
16:38:10.367   Primary Spawner: "Infected", active: yes, repeat: 1
16:38:10.367 [25] InfectedVillage
16:38:10.367   Primary Spawner: "Infected", active: yes, repeat: 1
16:38:10.367 [26] InfectedVillageTier1
16:38:10.367   Primary Spawner: "Infected", active: yes, repeat: 1
16:38:10.368 [27] ItemPlanks
16:38:10.368   Primary Spawner: "Item", active: yes, repeat: 1
16:38:10.368 [28] Loot
16:38:10.368   Primary Spawner: "Loot", active: yes, repeat: 2
16:38:10.368 [29] StaticContaminatedArea
16:38:10.368   Primary Spawner: "Static", active: yes, repeat: 1
16:38:10.368 [30] StaticHeliCrash
16:38:10.368   Primary Spawner: "Static", active: yes, repeat: 1
16:38:10.368   Secondary Spawner: "Infected", active: yes, repeat: 1
16:38:10.368 [31] StaticMilitaryConvoy
16:38:10.368   Primary Spawner: "Static", active: yes, repeat: 1
16:38:10.368   Secondary Spawner: "Infected", active: yes, repeat: 1
16:38:10.368 [32] StaticPoliceSituation
16:38:10.368   Primary Spawner: "Static", active: yes, repeat: 1
16:38:10.368   Secondary Spawner: "Infected", active: yes, repeat: 1
16:38:10.368 [33] StaticTrain
16:38:10.368   Primary Spawner: "Static", active: yes, repeat: 1
16:38:10.368   Secondary Spawner: "Infected", active: yes, repeat: 1
16:38:10.368 [34] TrajectoryApple
16:38:10.368   Primary Spawner: "Trajectory", active: yes, repeat: 1
16:38:10.368 [35] TrajectoryConiferous
16:38:10.368   Primary Spawner: "Trajectory", active: yes, repeat: 1
16:38:10.368 [36] TrajectoryDeciduous
16:38:10.368   Primary Spawner: "Trajectory", active: yes, repeat: 1
16:38:10.368 [37] TrajectoryHumus
16:38:10.368   Primary Spawner: "Trajectory", active: yes, repeat: 1
16:38:10.368 [38] TrajectoryPear
16:38:10.368   Primary Spawner: "Trajectory", active: yes, repeat: 1
16:38:10.368 [39] TrajectoryPlum
16:38:10.368   Primary Spawner: "Trajectory", active: yes, repeat: 1
16:38:10.368 [40] TrajectoryStones
16:38:10.368   Primary Spawner: "Trajectory", active: yes, repeat: 1
16:38:10.368 [41] VehicleCivilianSedan
16:38:10.368   Primary Spawner: "Vehicle", active: yes, repeat: 1
16:38:10.368 [42] VehicleHatchback02
16:38:10.368   Primary Spawner: "Vehicle", active: yes, repeat: 1
16:38:10.368 [43] VehicleOffroad02
16:38:10.368   Primary Spawner: "Vehicle", active: yes, repeat: 1
16:38:10.368 [44] VehicleOffroadHatchback
16:38:10.368   Primary Spawner: "Vehicle", active: yes, repeat: 1
16:38:10.368 [45] VehicleSedan02
16:38:10.368   Primary Spawner: "Vehicle", active: yes, repeat: 1
16:38:10.368 [46] VehicleTruck01
16:38:10.369   Primary Spawner: "Vehicle", active: yes, repeat: 1
16:38:10.369 [47] VehicleUAZ
16:38:10.369   Primary Spawner: "Vehicle", active: yes, repeat: 1
16:38:10.369 [48] VehicleVodnik
16:38:10.369   Primary Spawner: "Vehicle", active: yes, repeat: 1
16:38:10.369 [49] VehicleBus
16:38:10.369   Primary Spawner: "Vehicle", active: yes, repeat: 1
16:38:10.369 [50] VehicleTractor
16:38:10.369   Primary Spawner: "Vehicle", active: yes, repeat: 1
16:38:10.369 [51] VehicleLandRover
16:38:10.369   Primary Spawner: "Vehicle", active: yes, repeat: 1
16:38:10.369 [52] VehicleMH6Helicopter
16:38:10.369   Primary Spawner: "Vehicle", active: yes, repeat: 1
16:38:10.369 [53] VehicleMerlinHelicopter
16:38:10.369   Primary Spawner: "Vehicle", active: yes, repeat: 1
16:38:10.369 [54] VehicleUh1hHelicopter
16:38:10.369   Primary Spawner: "Vehicle", active: yes, repeat: 1
16:38:10.369 [55] VehicleUtilityBoat
16:38:10.369   Primary Spawner: "Vehicle", active: yes, repeat: 1
16:38:10.369 [56] VehicleZodiacBoat
16:38:10.369   Primary Spawner: "Vehicle", active: yes, repeat: 1
16:38:10.369 [57] VehicleGyroHelicopter
16:38:10.369   Primary Spawner: "Vehicle", active: yes, repeat: 1
16:38:10.369 [CE][Hive] :: Initializing of spawners done.
16:38:10.378 [CE][Hive] :: Init sequence finished.
16:38:10.378 Player connect enabled
16:38:12.96 [IdleMode] Entering IN - save processed
16:39:15.936 [Login]: Adding player Blorpus9000 (22670615) to login queue at position 0
16:39:15.936 [LoginMachine]: Add player Blorpus9000 (22670615 192.168.1.133:2316)
16:39:15.936 [StateMachine]: Player Blorpus9000 (dpnid 22670615 uid ) Entering AuthPlayerLoginState
16:39:17.510 [IdleMode] Leaving OUT
16:39:18.171 [StateMachine]: Player Blorpus9000 (dpnid 22670615 uid ) Entering WaitAuthPlayerLoginState
16:39:20.616 Player Blorpus9000 connected (id=3I2KPiMwtNrbRzLe964-q3OrI2Ligr9LBcsFxmVIl3Q=).
16:39:20.616 Player "Blorpus9000" is connected (steamID=76561198081075225)
16:39:20.616 [StateMachine]: Player Blorpus9000 (dpnid 22670615 uid ) Entering WaitPlayerAssignedLoginState
16:39:21.54 [StateMachine]: Player Blorpus9000 (dpnid 22670615 uid 3I2KPiMwtNrbRzLe964-q3OrI2Ligr9LBcsFxmVIl3Q=) Entering DBGetLoginTimeLoginState
16:39:21.55 [StateMachine]: Player Blorpus9000 (dpnid 22670615 uid 3I2KPiMwtNrbRzLe964-q3OrI2Ligr9LBcsFxmVIl3Q=) Entering DBWaitLoginTimeLoginState
16:39:24.54 [StateMachine]: Player Blorpus9000 (dpnid 22670615 uid 3I2KPiMwtNrbRzLe964-q3OrI2Ligr9LBcsFxmVIl3Q=) Entering DBGetCharacterLoginState
16:39:24.55 [StateMachine]: Player Blorpus9000 (dpnid 22670615 uid 3I2KPiMwtNrbRzLe964-q3OrI2Ligr9LBcsFxmVIl3Q=) Entering CreateNetObjectsLoginState
16:39:24.58 [StateMachine]: Player Blorpus9000 (dpnid 22670615 uid 3I2KPiMwtNrbRzLe964-q3OrI2Ligr9LBcsFxmVIl3Q=) Entering PreloadCamLoginState
16:39:24.58 [StateMachine]: Player Blorpus9000 (dpnid 22670615 uid 3I2KPiMwtNrbRzLe964-q3OrI2Ligr9LBcsFxmVIl3Q=) Entering WaitPreloadCamLoginState
16:39:35.257 [StateMachine]: Player Blorpus9000 (dpnid 22670615 uid 3I2KPiMwtNrbRzLe964-q3OrI2Ligr9LBcsFxmVIl3Q=) Entering GetLoadedCharLoginState