

=====================================================================
== C:\Program Files (x86)\Steam\steamapps\common\DayZServerAug2\DayZServer_x64.exe
== "DayZServer_x64.exe" -config=serverDZ.cfg -mod=@CF;@CommunityOnlineTools;@DabsFramework;@DayZ-Editor-Loader;@DayZ-Expansion-Animations;@DayZ-Expansion-Bundle;@DayZ-Expansion-Licensed;@MMG-MightysMilitaryGear;@PvZmoD_CustomisableZombies "-serverMod=_@DayZ-Dynamic-AI-Addon" -port=2302 -profiles=config -cpuCount=4 -adminlog -netlog -freezecheck 
=====================================================================
Exe timestamp: 2023/07/27 17:06:07
Current time:  2023/08/16 19:26:07

Version 1.21.156300
19:26:07.223 [Inputs] Loading inputs default "bin/constants.xml"
19:26:07.225 [Inputs] Loading inputs default "bin/specific.xml"
19:26:07.226 [Inputs] Loading inputs default "JM/COT/Scripts/Data/Inputs.xml"
19:26:07.226 !!! [Inputs] Cannot Register "UAObjectModuleDeleteOnCursor" non-existent input - Fix Preset!
19:26:07.226 [Inputs] Loading inputs default "LIVEN/PvZmoD_CustomisableZombies/inputs.xml"
19:26:07.226 [Inputs] Loading inputs default "DayZExpansion/Groups/Scripts/Data/Inputs.xml"
19:26:07.226 [Inputs] Loading inputs default "DayZExpansion/Navigation/Scripts/Data/Inputs.xml"
19:26:07.227 !!! [Inputs] Attempt to register duplicate exclusion group "chatexpansion"
19:26:07.227 [Inputs] Loading inputs default "DayZExpansion/PlayerList/Scripts/Data/Inputs.xml"
19:26:07.227 !!! [Inputs] Attempt to register duplicate exclusion group "chatexpansion"
19:26:07.227 [Inputs] Loading inputs default "DayZExpansion/Scripts/Data/Inputs.xml"
19:26:07.227 !!! [Inputs] Attempt to register duplicate exclusion group "chatexpansion"
19:26:07.227 [Inputs] Loading inputs default "DayZExpansion/Vehicles/Scripts/Data/Inputs.xml"
19:26:07.228 [Inputs] Loading inputs default "DayZExpansion/AI/Scripts/inputs.xml"
19:26:07.228 [Inputs] Loading inputs default "DayZExpansion/BaseBuilding/Scripts/Data/Inputs.xml"
19:26:07.228 !!! [Inputs] Attempt to register duplicate exclusion group "chatexpansion"
19:26:07.228 [Inputs] Loading inputs default "DayZExpansion/Book/Scripts/Data/Inputs.xml"
19:26:07.228 !!! [Inputs] Attempt to register duplicate exclusion group "chatexpansion"
19:26:07.228 [Inputs] Loading inputs default "DayZExpansion/Chat/Scripts/Data/Inputs.xml"
19:26:07.228 !!! [Inputs] Attempt to register duplicate exclusion group "chatexpansion"
19:26:07.229 [Inputs] Loading inputs default "DayZExpansion/Quests/Scripts/Data/Inputs.xml"
19:26:07.229 [Inputs] Loading inputs cfg "config\Users\Survivor\Server.core.xml"
19:26:07.229 !!! [Inputs] Cannot read inputs cfg "config\Users\Survivor\Server.core.xml", parser error
19:26:07.229 [Inputs] Loading inputs cfg "bin/core.xml"
19:26:07.229 !!! [Inputs] Cannot load input preset "#STR_USER", file does not exist
19:26:07.230 [Inputs] Exporting inputs cfg "config\Users\Survivor\Server.core.xml"
19:26:26.727 [CE][Hive] :: Initializing OFFLINE
19:26:26.727 [StorageDirs] :: Selected storage directory: C:\Program Files (x86)\Steam\steamapps\common\DayZServerAug2\mpmissions\Expansion.chernarusplus\storage_1\
19:26:26.727 [CE][Hive] :: Loading core data ... 
19:26:26.728 [CE][CoreData] :: 7 root classes, 18 defaults, 0 updaters...
19:26:29.387 [CE] :: WARNING :: Preset map "optics" is EMPTY.
19:26:29.389 [CE][TypeSetup] :: 505 classes setuped...
19:26:29.391 [CE] :: WARNING :: Preset map "optics" is EMPTY.
19:26:29.392 [CE][TypeSetup] :: 97 classes setuped...
19:26:29.394 [CE] :: WARNING :: Preset map "optics" is EMPTY.
19:26:29.395 [CE][TypeSetup] :: 206 classes setuped...
19:26:30.498 [CE][RegisterBind] :: 0 classes binded...
19:26:30.499 [CE][RegisterConfig] :: 11818 config classes registered, 0 sub-counters...
19:26:30.499 [CE][Hive] :: Loading map data ... 
19:26:30.509 [CE][IgnoreList] "cfgignorelist.xml" :: loaded 19 types
19:26:30.544 !!! [CE] :: Unknown category: 'vehicleparts'.
19:26:30.544 !!! [CE] :: Unknown category: 'vehicleparts'.
19:26:30.544 !!! [CE] :: Unknown category: 'vehicleparts'.
19:26:30.544 !!! [CE] :: Unknown category: 'vehicleparts'.
19:26:30.544 !!! [CE] :: Unknown category: 'vehicleparts'.
19:26:30.544 !!! [CE] :: Unknown category: 'vehicleparts'.
19:26:30.544 !!! [CE] :: Unknown category: 'vehicleparts'.
19:26:30.544 !!! [CE] :: Unknown category: 'vehicleparts'.
19:26:30.544 !!! [CE] :: Unknown category: 'vehicleparts'.
19:26:30.544 !!! [CE] :: Unknown category: 'vehicleparts'.
19:26:30.544 !!! [CE] :: Unknown category: 'vehicleparts'.
19:26:30.544 !!! [CE] :: Unknown category: 'vehicleparts'.
19:26:30.544 !!! [CE] :: Unknown category: 'vehicleparts'.
19:26:30.544 !!! [CE] :: Unknown category: 'vehicleparts'.
19:26:30.544 !!! [CE] :: Unknown category: 'vehicleparts'.
19:26:30.544 !!! [CE] :: Unknown category: 'vehicleparts'.
19:26:30.544 !!! [CE] :: Unknown category: 'vehicleparts'.
19:26:30.544 !!! [CE] :: Unknown category: 'vehicleparts'.
19:26:30.544 !!! [CE] :: Unknown category: 'vehicleparts'.
19:26:30.544 !!! [CE] :: Unknown category: 'vehicleparts'.
19:26:30.544 !!! [CE] :: Unknown category: 'vehicleparts'.
19:26:30.544 !!! [CE] :: Unknown category: 'vehicleparts'.
19:26:30.544 !!! [CE] :: Unknown category: 'vehicleparts'.
19:26:30.544 !!! [CE] :: Unknown category: 'vehicleparts'.
19:26:30.545 !!! [CE] :: Unknown category: 'vehicleparts'.
19:26:30.545 !!! [CE] :: Unknown category: 'vehicleparts'.
19:26:30.545 !!! [CE] :: Unknown category: 'vehicleparts'.
19:26:30.545 !!! [CE] :: Unknown category: 'vehicleparts'.
19:26:30.545 !!! [CE] :: Unknown category: 'vehicleparts'.
19:26:30.545 !!! [CE] :: Unknown category: 'vehicleparts'.
19:26:30.545 !!! [CE] :: Unknown category: 'vehicleparts'.
19:26:30.545 !!! [CE] :: Unknown category: 'vehicleparts'.
19:26:30.545 !!! [CE] :: Unknown category: 'vehicleparts'.
19:26:30.545 !!! [CE] :: Unknown category: 'vehicleparts'.
19:26:30.545 !!! [CE] :: Unknown category: 'vehicleparts'.
19:26:30.545 !!! [CE] :: Unknown category: 'vehicleparts'.
19:26:30.545 !!! [CE] :: Unknown category: 'vehicleparts'.
19:26:30.545 !!! [CE] :: Unknown category: 'vehicleparts'.
19:26:30.545 !!! [CE] :: Unknown category: 'vehicleparts'.
19:26:30.545 !!! [CE] :: Unknown category: 'vehicleparts'.
19:26:30.545 !!! [CE] :: Unknown category: 'vehicleparts'.
19:26:30.545 !!! [CE] :: Unknown category: 'vehicleparts'.
19:26:30.545 !!! [CE] :: Unknown category: 'vehicleparts'.
19:26:30.545 !!! [CE] :: Unknown category: 'vehicleparts'.
19:26:30.545 !!! [CE] :: Unknown category: 'vehicleparts'.
19:26:30.545 !!! [CE] :: Unknown category: 'vehicleparts'.
19:26:30.545 !!! [CE] :: Unknown category: 'vehicleparts'.
19:26:30.545 !!! [CE] :: Unknown category: 'vehicleparts'.
19:26:30.545 !!! [CE] :: Unknown category: 'vehicleparts'.
19:26:30.545 !!! [CE] :: Unknown category: 'vehicleparts'.
19:26:30.545 !!! [CE] :: Unknown category: 'vehicleparts'.
19:26:30.545 !!! [CE] :: Unknown category: 'vehicleparts'.
19:26:30.545 [CE][LoadPrototype] :: loaded 413 prototypes
19:26:30.545   799 containers, 10078 points
19:26:30.545   66 dispatches, 239 proxies
19:26:30.546 !!! [CE][LoadPrototype] 5 groups have no points...
19:26:30.546 [CE][LoadPrototype] :: last group name: Land_Wreck_sed02_aban2_red_DE...
19:26:30.549 [CE][LoadPrototype] :: loaded 0 prototypes
19:26:30.549   55 containers, 232 points
19:26:30.549   0 dispatches, 0 proxies
19:26:30.549 [CE][LoadPrototype] :: last group name: Rail9...
19:26:31.308 [CE][LoadMap] "Group" :: loaded 11709 groups, groups failed: 0, largest group range: 34.2
19:26:31.312 [CE][LoadMap] "Dirt" :: loaded 0 groups, groups failed: 0, largest group range: 34.2
19:26:31.612 [CE][Links] found 1908 total links between groups, of 11709
19:26:31.612 [CE][LoadClusters] "Cluster" :: Loading files...
19:26:31.768 [CE][LoadClusters] :: file: "mapgroupcluster.xml", 9 types, 50000 instances
19:26:31.889 [CE][LoadClusters] :: file: "mapgroupcluster01", 9 types, 50000 instances
19:26:32.08 [CE][LoadClusters] :: file: "mapgroupcluster02", 9 types, 50000 instances
19:26:32.132 [CE][LoadClusters] :: file: "mapgroupcluster03", 9 types, 50000 instances
19:26:32.177 [CE][LoadClusters] :: file: "mapgroupcluster04", 9 types, 17347 instances
19:26:32.185 [CE][Storage] ver:21 stamp:42, valid:yes, name:"C:\Program Files (x86)\Steam\steamapps\common\DayZServerAug2\mpmissions\Expansion.chernarusplus\storage_1\data\types.bin"
19:26:32.188 [CE][Storage] ver:21 stamp:40, valid:yes, name:"C:\Program Files (x86)\Steam\steamapps\common\DayZServerAug2\mpmissions\Expansion.chernarusplus\storage_1\data\types.001"
19:26:32.191 [CE][Storage] ver:21 stamp:41, valid:yes, name:"C:\Program Files (x86)\Steam\steamapps\common\DayZServerAug2\mpmissions\Expansion.chernarusplus\storage_1\data\types.002"
19:26:32.191 [CE][Storage] Restoring file "C:\Program Files (x86)\Steam\steamapps\common\DayZServerAug2\mpmissions\Expansion.chernarusplus\storage_1\data\types.bin".
19:26:32.306 !!! [CE][offlineDB] :: No Shutdown message present.
19:26:32.307 [CE][offlineDB] :: Loaded 47 dynamic events 225 total types.
19:26:32.308 !!! [CE][DE] (VehicleTruck01) :: Unable to create child (Truck_01_Covered_Grey) as the type does not exist.
19:26:32.308 [CE][offlineDB] :: Loaded 58 dynamic events 289 total types.
19:26:32.319 !!! [CE][offlineDB] :: Type 'ChristmasTree' will be ignored. (Not spawnable. (Scope is not public?))
19:26:32.326 !!! [CE][offlineDB] :: Type 'Expansion_M79' will be ignored. (Not spawnable. (Scope is not public?))
19:26:32.326 !!! [CE][offlineDB] :: Type 'ExpansionFlaregun' will be ignored. (Not spawnable. (Scope is not public?))
19:26:32.326 !!! [CE][offlineDB] :: Type 'Expansion_Longhorn' will be ignored. (Not spawnable. (Scope is not public?))
19:26:32.329 !!! [CE][offlineDB] :: Type 'MMG_tactical_shirt_dark_woodland' will be ignored. (Type does not exist. (Typo?))
19:26:32.331 !!! [CE][offlineDB] :: Type 'MMG_mmps_nag_multicamblack' will be ignored. (Type does not exist. (Typo?))
19:26:32.331 !!! [CE][offlineDB] :: Type 'MMG_assault_pack_multicam_tropic' will be ignored. (Type does not exist. (Typo?))
19:26:32.461 !!! [CE][DE][SPAWNS] :: [WARNING] :: Skipping entry for non-existing event 'VehicleTransitBus'.
19:26:32.462 [CE][DE][SPAWNS] :: Total positions: 987
19:26:32.462 [CE][DE][GROUPS] :: Total eventgroups defined: 83, Eventgroups in use: 83
19:26:32.466 [CE][Storage] ver:21 stamp:42, valid:yes, name:"C:\Program Files (x86)\Steam\steamapps\common\DayZServerAug2\mpmissions\Expansion.chernarusplus\storage_1\data\events.bin"
19:26:32.469 [CE][Storage] ver:21 stamp:40, valid:yes, name:"C:\Program Files (x86)\Steam\steamapps\common\DayZServerAug2\mpmissions\Expansion.chernarusplus\storage_1\data\events.001"
19:26:32.472 [CE][Storage] ver:21 stamp:41, valid:yes, name:"C:\Program Files (x86)\Steam\steamapps\common\DayZServerAug2\mpmissions\Expansion.chernarusplus\storage_1\data\events.002"
19:26:32.472 [CE][Storage] Restoring file "C:\Program Files (x86)\Steam\steamapps\common\DayZServerAug2\mpmissions\Expansion.chernarusplus\storage_1\data\events.bin".
19:26:32.472 [CE][DynamicEvent] Load  Events:[58] Primary spawners: 58 Secondary spawners: 4
19:26:32.477 [CE][Storage] ver:25 stamp:42, valid:yes, name:"C:\Program Files (x86)\Steam\steamapps\common\DayZServerAug2\mpmissions\Expansion.chernarusplus\storage_1\data\dynamic_000.bin"
19:26:32.480 [CE][Storage] ver:25 stamp:40, valid:yes, name:"C:\Program Files (x86)\Steam\steamapps\common\DayZServerAug2\mpmissions\Expansion.chernarusplus\storage_1\data\dynamic_000.001"
19:26:32.483 [CE][Storage] ver:25 stamp:41, valid:yes, name:"C:\Program Files (x86)\Steam\steamapps\common\DayZServerAug2\mpmissions\Expansion.chernarusplus\storage_1\data\dynamic_000.002"
19:26:32.483 [CE][Storage] Restoring file "C:\Program Files (x86)\Steam\steamapps\common\DayZServerAug2\mpmissions\Expansion.chernarusplus\storage_1\data\dynamic_000.bin" 1193 items.
19:26:33.40   1193 items loaded. (0 failed)
19:26:33.44 [CE][Storage] ver:25 stamp:42, valid:yes, name:"C:\Program Files (x86)\Steam\steamapps\common\DayZServerAug2\mpmissions\Expansion.chernarusplus\storage_1\data\dynamic_001.bin"
19:26:33.47 [CE][Storage] ver:25 stamp:40, valid:yes, name:"C:\Program Files (x86)\Steam\steamapps\common\DayZServerAug2\mpmissions\Expansion.chernarusplus\storage_1\data\dynamic_001.001"
19:26:33.51 [CE][Storage] ver:25 stamp:41, valid:yes, name:"C:\Program Files (x86)\Steam\steamapps\common\DayZServerAug2\mpmissions\Expansion.chernarusplus\storage_1\data\dynamic_001.002"
19:26:33.51 [CE][Storage] Restoring file "C:\Program Files (x86)\Steam\steamapps\common\DayZServerAug2\mpmissions\Expansion.chernarusplus\storage_1\data\dynamic_001.bin" 2123 items.
19:26:33.803   2123 items loaded. (0 failed)
19:26:33.807 [CE][Storage] ver:25 stamp:42, valid:yes, name:"C:\Program Files (x86)\Steam\steamapps\common\DayZServerAug2\mpmissions\Expansion.chernarusplus\storage_1\data\dynamic_002.bin"
19:26:33.810 [CE][Storage] ver:25 stamp:40, valid:yes, name:"C:\Program Files (x86)\Steam\steamapps\common\DayZServerAug2\mpmissions\Expansion.chernarusplus\storage_1\data\dynamic_002.001"
19:26:33.813 [CE][Storage] ver:25 stamp:41, valid:yes, name:"C:\Program Files (x86)\Steam\steamapps\common\DayZServerAug2\mpmissions\Expansion.chernarusplus\storage_1\data\dynamic_002.002"
19:26:33.813 [CE][Storage] Restoring file "C:\Program Files (x86)\Steam\steamapps\common\DayZServerAug2\mpmissions\Expansion.chernarusplus\storage_1\data\dynamic_002.bin" 3231 items.
19:26:34.843   3231 items loaded. (0 failed)
19:26:34.848 [CE][Storage] ver:25 stamp:42, valid:yes, name:"C:\Program Files (x86)\Steam\steamapps\common\DayZServerAug2\mpmissions\Expansion.chernarusplus\storage_1\data\dynamic_003.bin"
19:26:34.851 [CE][Storage] ver:25 stamp:40, valid:yes, name:"C:\Program Files (x86)\Steam\steamapps\common\DayZServerAug2\mpmissions\Expansion.chernarusplus\storage_1\data\dynamic_003.001"
19:26:34.855 [CE][Storage] ver:25 stamp:41, valid:yes, name:"C:\Program Files (x86)\Steam\steamapps\common\DayZServerAug2\mpmissions\Expansion.chernarusplus\storage_1\data\dynamic_003.002"
19:26:34.855 [CE][Storage] Restoring file "C:\Program Files (x86)\Steam\steamapps\common\DayZServerAug2\mpmissions\Expansion.chernarusplus\storage_1\data\dynamic_003.bin" 2806 items.
19:26:35.773   2806 items loaded. (0 failed)
19:26:35.778 [CE][Storage] ver:25 stamp:42, valid:yes, name:"C:\Program Files (x86)\Steam\steamapps\common\DayZServerAug2\mpmissions\Expansion.chernarusplus\storage_1\data\dynamic_004.bin"
19:26:35.781 [CE][Storage] ver:25 stamp:40, valid:yes, name:"C:\Program Files (x86)\Steam\steamapps\common\DayZServerAug2\mpmissions\Expansion.chernarusplus\storage_1\data\dynamic_004.001"
19:26:35.785 [CE][Storage] ver:25 stamp:41, valid:yes, name:"C:\Program Files (x86)\Steam\steamapps\common\DayZServerAug2\mpmissions\Expansion.chernarusplus\storage_1\data\dynamic_004.002"
19:26:35.785 [CE][Storage] Restoring file "C:\Program Files (x86)\Steam\steamapps\common\DayZServerAug2\mpmissions\Expansion.chernarusplus\storage_1\data\dynamic_004.bin" 2515 items.
19:26:36.611   2515 items loaded. (0 failed)
19:26:36.616 [CE][Storage] ver:25 stamp:42, valid:yes, name:"C:\Program Files (x86)\Steam\steamapps\common\DayZServerAug2\mpmissions\Expansion.chernarusplus\storage_1\data\dynamic_005.bin"
19:26:36.619 [CE][Storage] ver:25 stamp:40, valid:yes, name:"C:\Program Files (x86)\Steam\steamapps\common\DayZServerAug2\mpmissions\Expansion.chernarusplus\storage_1\data\dynamic_005.001"
19:26:36.624 [CE][Storage] ver:25 stamp:41, valid:yes, name:"C:\Program Files (x86)\Steam\steamapps\common\DayZServerAug2\mpmissions\Expansion.chernarusplus\storage_1\data\dynamic_005.002"
19:26:36.624 [CE][Storage] Restoring file "C:\Program Files (x86)\Steam\steamapps\common\DayZServerAug2\mpmissions\Expansion.chernarusplus\storage_1\data\dynamic_005.bin" 2867 items.
19:26:37.577   2867 items loaded. (0 failed)
19:26:37.582 [CE][Storage] ver:25 stamp:42, valid:yes, name:"C:\Program Files (x86)\Steam\steamapps\common\DayZServerAug2\mpmissions\Expansion.chernarusplus\storage_1\data\dynamic_006.bin"
19:26:37.586 [CE][Storage] ver:25 stamp:40, valid:yes, name:"C:\Program Files (x86)\Steam\steamapps\common\DayZServerAug2\mpmissions\Expansion.chernarusplus\storage_1\data\dynamic_006.001"
19:26:37.589 [CE][Storage] ver:25 stamp:41, valid:yes, name:"C:\Program Files (x86)\Steam\steamapps\common\DayZServerAug2\mpmissions\Expansion.chernarusplus\storage_1\data\dynamic_006.002"
19:26:37.589 [CE][Storage] Restoring file "C:\Program Files (x86)\Steam\steamapps\common\DayZServerAug2\mpmissions\Expansion.chernarusplus\storage_1\data\dynamic_006.bin" 1983 items.
19:26:38.280   1983 items loaded. (0 failed)
19:26:38.284 [CE][Storage] ver:25 stamp:42, valid:yes, name:"C:\Program Files (x86)\Steam\steamapps\common\DayZServerAug2\mpmissions\Expansion.chernarusplus\storage_1\data\dynamic_007.bin"
19:26:38.287 [CE][Storage] ver:25 stamp:40, valid:yes, name:"C:\Program Files (x86)\Steam\steamapps\common\DayZServerAug2\mpmissions\Expansion.chernarusplus\storage_1\data\dynamic_007.001"
19:26:38.291 [CE][Storage] ver:25 stamp:41, valid:yes, name:"C:\Program Files (x86)\Steam\steamapps\common\DayZServerAug2\mpmissions\Expansion.chernarusplus\storage_1\data\dynamic_007.002"
19:26:38.291 [CE][Storage] Restoring file "C:\Program Files (x86)\Steam\steamapps\common\DayZServerAug2\mpmissions\Expansion.chernarusplus\storage_1\data\dynamic_007.bin" 1981 items.
19:26:38.971   1981 items loaded. (0 failed)
19:26:38.976 [CE][Storage] ver:25 stamp:42, valid:yes, name:"C:\Program Files (x86)\Steam\steamapps\common\DayZServerAug2\mpmissions\Expansion.chernarusplus\storage_1\data\dynamic_008.bin"
19:26:38.980 [CE][Storage] ver:25 stamp:40, valid:yes, name:"C:\Program Files (x86)\Steam\steamapps\common\DayZServerAug2\mpmissions\Expansion.chernarusplus\storage_1\data\dynamic_008.001"
19:26:38.982 [CE][Storage] ver:25 stamp:41, valid:yes, name:"C:\Program Files (x86)\Steam\steamapps\common\DayZServerAug2\mpmissions\Expansion.chernarusplus\storage_1\data\dynamic_008.002"
19:26:38.983 [CE][Storage] Restoring file "C:\Program Files (x86)\Steam\steamapps\common\DayZServerAug2\mpmissions\Expansion.chernarusplus\storage_1\data\dynamic_008.bin" 2842 items.
19:26:39.995   2842 items loaded. (0 failed)
19:26:40.00 [CE][Storage] ver:25 stamp:42, valid:yes, name:"C:\Program Files (x86)\Steam\steamapps\common\DayZServerAug2\mpmissions\Expansion.chernarusplus\storage_1\data\dynamic_009.bin"
19:26:40.02 [CE][Storage] ver:25 stamp:40, valid:yes, name:"C:\Program Files (x86)\Steam\steamapps\common\DayZServerAug2\mpmissions\Expansion.chernarusplus\storage_1\data\dynamic_009.001"
19:26:40.06 [CE][Storage] ver:25 stamp:41, valid:yes, name:"C:\Program Files (x86)\Steam\steamapps\common\DayZServerAug2\mpmissions\Expansion.chernarusplus\storage_1\data\dynamic_009.002"
19:26:40.06 [CE][Storage] Restoring file "C:\Program Files (x86)\Steam\steamapps\common\DayZServerAug2\mpmissions\Expansion.chernarusplus\storage_1\data\dynamic_009.bin" 3692 items.
19:26:41.297   3692 items loaded. (0 failed)
19:26:41.301 [CE][Storage] ver:25 stamp:42, valid:yes, name:"C:\Program Files (x86)\Steam\steamapps\common\DayZServerAug2\mpmissions\Expansion.chernarusplus\storage_1\data\dynamic_010.bin"
19:26:41.305 [CE][Storage] ver:25 stamp:40, valid:yes, name:"C:\Program Files (x86)\Steam\steamapps\common\DayZServerAug2\mpmissions\Expansion.chernarusplus\storage_1\data\dynamic_010.001"
19:26:41.309 [CE][Storage] ver:25 stamp:41, valid:yes, name:"C:\Program Files (x86)\Steam\steamapps\common\DayZServerAug2\mpmissions\Expansion.chernarusplus\storage_1\data\dynamic_010.002"
19:26:41.309 [CE][Storage] Restoring file "C:\Program Files (x86)\Steam\steamapps\common\DayZServerAug2\mpmissions\Expansion.chernarusplus\storage_1\data\dynamic_010.bin" 2395 items.
19:26:42.173   2395 items loaded. (0 failed)
19:26:42.178 [CE][Storage] ver:25 stamp:42, valid:yes, name:"C:\Program Files (x86)\Steam\steamapps\common\DayZServerAug2\mpmissions\Expansion.chernarusplus\storage_1\data\dynamic_011.bin"
19:26:42.181 [CE][Storage] ver:25 stamp:40, valid:yes, name:"C:\Program Files (x86)\Steam\steamapps\common\DayZServerAug2\mpmissions\Expansion.chernarusplus\storage_1\data\dynamic_011.001"
19:26:42.184 [CE][Storage] ver:25 stamp:41, valid:yes, name:"C:\Program Files (x86)\Steam\steamapps\common\DayZServerAug2\mpmissions\Expansion.chernarusplus\storage_1\data\dynamic_011.002"
19:26:42.184 [CE][Storage] Restoring file "C:\Program Files (x86)\Steam\steamapps\common\DayZServerAug2\mpmissions\Expansion.chernarusplus\storage_1\data\dynamic_011.bin" 239 items.
19:26:42.277   239 items loaded. (0 failed)
19:26:42.280 [CE][Storage] ver:26 stamp:42, valid:yes, name:"C:\Program Files (x86)\Steam\steamapps\common\DayZServerAug2\mpmissions\Expansion.chernarusplus\storage_1\data\building.bin"
19:26:42.283 [CE][Storage] ver:26 stamp:40, valid:yes, name:"C:\Program Files (x86)\Steam\steamapps\common\DayZServerAug2\mpmissions\Expansion.chernarusplus\storage_1\data\building.001"
19:26:42.285 [CE][Storage] ver:26 stamp:41, valid:yes, name:"C:\Program Files (x86)\Steam\steamapps\common\DayZServerAug2\mpmissions\Expansion.chernarusplus\storage_1\data\building.002"
19:26:42.285 [CE][Storage] Restoring file "C:\Program Files (x86)\Steam\steamapps\common\DayZServerAug2\mpmissions\Expansion.chernarusplus\storage_1\data\building.bin" 0 items.
19:26:42.285   0 items loaded. (0 failed)
19:26:42.289 [CE][Storage] ver:25 stamp:42, valid:yes, name:"C:\Program Files (x86)\Steam\steamapps\common\DayZServerAug2\mpmissions\Expansion.chernarusplus\storage_1\data\vehicles.bin"
19:26:42.292 [CE][Storage] ver:25 stamp:40, valid:yes, name:"C:\Program Files (x86)\Steam\steamapps\common\DayZServerAug2\mpmissions\Expansion.chernarusplus\storage_1\data\vehicles.001"
19:26:42.296 [CE][Storage] ver:25 stamp:41, valid:yes, name:"C:\Program Files (x86)\Steam\steamapps\common\DayZServerAug2\mpmissions\Expansion.chernarusplus\storage_1\data\vehicles.002"
19:26:42.296 [CE][Storage] Restoring file "C:\Program Files (x86)\Steam\steamapps\common\DayZServerAug2\mpmissions\Expansion.chernarusplus\storage_1\data\vehicles.bin" 299 items.
19:26:43.228   299 items loaded. (0 failed)
19:26:43.272 [CE][Hive] :: Storage load took:10.81 seconds, recovery stamp:42
19:26:43.272   entity: 30474, building: 0
19:26:43.272   no lifetime: 112
19:26:43.272   pathgraph's: 662
19:26:43.272 [CE][Hive] :: Initializing ... 
19:26:43.325 [CE][InitializeMap] :: initialized: 0
19:26:43.325 [CE][Hive] :: Initializing spawners ... 
19:26:44.135 [CE][LootRespawner] (PRIDummy) :: Initially (re)spawned:0, Nominal:30379, Total in Map: 28128 at 0 (sec)
19:26:44.135   tests:0, repeats:0 fails:0, overtime:0
19:26:44.137 [CE][DynEvent] :: 58 types
19:26:44.137 [00] AmbientHen
19:26:44.137   Primary Spawner: "Ambient", active: yes, repeat: 1
19:26:44.137 [01] AnimalBear
19:26:44.137   Primary Spawner: "Animal", active: yes, repeat: 1
19:26:44.137 [02] AnimalCow
19:26:44.137   Primary Spawner: "Animal", active: yes, repeat: 1
19:26:44.137 [03] AnimalDeer
19:26:44.137   Primary Spawner: "Animal", active: yes, repeat: 1
19:26:44.137 [04] AnimalGoat
19:26:44.137   Primary Spawner: "Animal", active: yes, repeat: 1
19:26:44.137 [05] AnimalPig
19:26:44.137   Primary Spawner: "Animal", active: yes, repeat: 1
19:26:44.137 [06] AnimalRoeDeer
19:26:44.137   Primary Spawner: "Animal", active: yes, repeat: 1
19:26:44.137 [07] AnimalSheep
19:26:44.137   Primary Spawner: "Animal", active: yes, repeat: 1
19:26:44.137 [08] AnimalWildBoar
19:26:44.137   Primary Spawner: "Animal", active: yes, repeat: 1
19:26:44.137 [09] AnimalWolf
19:26:44.137   Primary Spawner: "Animal", active: yes, repeat: 1
19:26:44.137 [10] InfectedArmy
19:26:44.137   Primary Spawner: "Infected", active: yes, repeat: 1
19:26:44.137 [11] InfectedArmyHard
19:26:44.137   Primary Spawner: "Infected", active: yes, repeat: 1
19:26:44.137 [12] InfectedCity
19:26:44.137   Primary Spawner: "Infected", active: yes, repeat: 1
19:26:44.137 [13] InfectedCityTier1
19:26:44.137   Primary Spawner: "Infected", active: yes, repeat: 1
19:26:44.137 [14] InfectedFirefighter
19:26:44.137   Primary Spawner: "Infected", active: yes, repeat: 1
19:26:44.137 [15] InfectedIndustrial
19:26:44.137   Primary Spawner: "Infected", active: yes, repeat: 1
19:26:44.137 [16] InfectedMedic
19:26:44.137   Primary Spawner: "Infected", active: yes, repeat: 1
19:26:44.137 [17] InfectedNBC
19:26:44.137   Primary Spawner: "Infected", active: yes, repeat: 1
19:26:44.137 [18] InfectedNBCYellow
19:26:44.137   Primary Spawner: "Infected", active: yes, repeat: 1
19:26:44.137 [19] InfectedPolice
19:26:44.137   Primary Spawner: "Infected", active: yes, repeat: 1
19:26:44.137 [20] InfectedPoliceHard
19:26:44.137   Primary Spawner: "Infected", active: yes, repeat: 1
19:26:44.137 [21] InfectedPrisoner
19:26:44.137   Primary Spawner: "Infected", active: yes, repeat: 1
19:26:44.137 [22] InfectedReligious
19:26:44.137   Primary Spawner: "Infected", active: yes, repeat: 1
19:26:44.137 [23] InfectedSanta
19:26:44.137   Primary Spawner: "Infected", active: yes, repeat: 1
19:26:44.137 [24] InfectedSolitude
19:26:44.137   Primary Spawner: "Infected", active: yes, repeat: 1
19:26:44.137 [25] InfectedVillage
19:26:44.137   Primary Spawner: "Infected", active: yes, repeat: 1
19:26:44.137 [26] InfectedVillageTier1
19:26:44.137   Primary Spawner: "Infected", active: yes, repeat: 1
19:26:44.137 [27] ItemPlanks
19:26:44.137   Primary Spawner: "Item", active: yes, repeat: 1
19:26:44.137 [28] Loot
19:26:44.137   Primary Spawner: "Loot", active: yes, repeat: 2
19:26:44.137 [29] StaticContaminatedArea
19:26:44.137   Primary Spawner: "Static", active: yes, repeat: 1
19:26:44.137 [30] StaticHeliCrash
19:26:44.137   Primary Spawner: "Static", active: yes, repeat: 1
19:26:44.137   Secondary Spawner: "Infected", active: yes, repeat: 1
19:26:44.137 [31] StaticMilitaryConvoy
19:26:44.138   Primary Spawner: "Static", active: yes, repeat: 1
19:26:44.138   Secondary Spawner: "Infected", active: yes, repeat: 1
19:26:44.138 [32] StaticPoliceSituation
19:26:44.138   Primary Spawner: "Static", active: yes, repeat: 1
19:26:44.138   Secondary Spawner: "Infected", active: yes, repeat: 1
19:26:44.138 [33] StaticTrain
19:26:44.138   Primary Spawner: "Static", active: yes, repeat: 1
19:26:44.138   Secondary Spawner: "Infected", active: yes, repeat: 1
19:26:44.138 [34] TrajectoryApple
19:26:44.138   Primary Spawner: "Trajectory", active: yes, repeat: 1
19:26:44.138 [35] TrajectoryConiferous
19:26:44.138   Primary Spawner: "Trajectory", active: yes, repeat: 1
19:26:44.138 [36] TrajectoryDeciduous
19:26:44.138   Primary Spawner: "Trajectory", active: yes, repeat: 1
19:26:44.138 [37] TrajectoryHumus
19:26:44.138   Primary Spawner: "Trajectory", active: yes, repeat: 1
19:26:44.138 [38] TrajectoryPear
19:26:44.138   Primary Spawner: "Trajectory", active: yes, repeat: 1
19:26:44.138 [39] TrajectoryPlum
19:26:44.138   Primary Spawner: "Trajectory", active: yes, repeat: 1
19:26:44.138 [40] TrajectoryStones
19:26:44.138   Primary Spawner: "Trajectory", active: yes, repeat: 1
19:26:44.138 [41] VehicleCivilianSedan
19:26:44.138   Primary Spawner: "Vehicle", active: yes, repeat: 1
19:26:44.138 [42] VehicleHatchback02
19:26:44.138   Primary Spawner: "Vehicle", active: yes, repeat: 1
19:26:44.138 [43] VehicleOffroad02
19:26:44.138   Primary Spawner: "Vehicle", active: yes, repeat: 1
19:26:44.138 [44] VehicleOffroadHatchback
19:26:44.138   Primary Spawner: "Vehicle", active: yes, repeat: 1
19:26:44.138 [45] VehicleSedan02
19:26:44.138   Primary Spawner: "Vehicle", active: yes, repeat: 1
19:26:44.138 [46] VehicleTruck01
19:26:44.138   Primary Spawner: "Vehicle", active: yes, repeat: 1
19:26:44.138 [47] VehicleUAZ
19:26:44.138   Primary Spawner: "Vehicle", active: yes, repeat: 1
19:26:44.138 [48] VehicleVodnik
19:26:44.138   Primary Spawner: "Vehicle", active: yes, repeat: 1
19:26:44.138 [49] VehicleBus
19:26:44.138   Primary Spawner: "Vehicle", active: yes, repeat: 1
19:26:44.138 [50] VehicleTractor
19:26:44.138   Primary Spawner: "Vehicle", active: yes, repeat: 1
19:26:44.138 [51] VehicleLandRover
19:26:44.138   Primary Spawner: "Vehicle", active: yes, repeat: 1
19:26:44.138 [52] VehicleMH6Helicopter
19:26:44.138   Primary Spawner: "Vehicle", active: yes, repeat: 1
19:26:44.138 [53] VehicleMerlinHelicopter
19:26:44.138   Primary Spawner: "Vehicle", active: yes, repeat: 1
19:26:44.138 [54] VehicleUh1hHelicopter
19:26:44.138   Primary Spawner: "Vehicle", active: yes, repeat: 1
19:26:44.138 [55] VehicleUtilityBoat
19:26:44.138   Primary Spawner: "Vehicle", active: yes, repeat: 1
19:26:44.138 [56] VehicleZodiacBoat
19:26:44.138   Primary Spawner: "Vehicle", active: yes, repeat: 1
19:26:44.138 [57] VehicleGyroHelicopter
19:26:44.138   Primary Spawner: "Vehicle", active: yes, repeat: 1
19:26:44.138 [CE][Hive] :: Initializing of spawners done.
19:26:44.148 [CE][Hive] :: Init sequence finished.
19:26:44.148 Player connect enabled
19:26:46.36 [IdleMode] Entering IN - save processed
19:27:18.165 [Login]: Adding player Blorpus9000 (20822028) to login queue at position 0
19:27:18.165 [LoginMachine]: Add player Blorpus9000 (20822028 192.168.1.133:2316)
19:27:18.165 [StateMachine]: Player Blorpus9000 (dpnid 20822028 uid ) Entering AuthPlayerLoginState
19:27:20.435 [StateMachine]: Player Blorpus9000 (dpnid 20822028 uid ) Entering WaitAuthPlayerLoginState
19:27:21.998 [IdleMode] Leaving OUT
19:27:22.759 Player Blorpus9000 connected (id=3I2KPiMwtNrbRzLe964-q3OrI2Ligr9LBcsFxmVIl3Q=).
19:27:22.759 Player "Blorpus9000" is connected (steamID=76561198081075225)
19:27:22.759 [StateMachine]: Player Blorpus9000 (dpnid 20822028 uid ) Entering WaitPlayerAssignedLoginState
19:27:23.170 [StateMachine]: Player Blorpus9000 (dpnid 20822028 uid 3I2KPiMwtNrbRzLe964-q3OrI2Ligr9LBcsFxmVIl3Q=) Entering DBGetLoginTimeLoginState
19:27:23.172 [StateMachine]: Player Blorpus9000 (dpnid 20822028 uid 3I2KPiMwtNrbRzLe964-q3OrI2Ligr9LBcsFxmVIl3Q=) Entering DBWaitLoginTimeLoginState
19:27:26.172 [StateMachine]: Player Blorpus9000 (dpnid 20822028 uid 3I2KPiMwtNrbRzLe964-q3OrI2Ligr9LBcsFxmVIl3Q=) Entering DBGetCharacterLoginState
19:27:26.173 [StateMachine]: Player Blorpus9000 (dpnid 20822028 uid 3I2KPiMwtNrbRzLe964-q3OrI2Ligr9LBcsFxmVIl3Q=) Entering CreateNetObjectsLoginState
19:27:26.178 [StateMachine]: Player Blorpus9000 (dpnid 20822028 uid 3I2KPiMwtNrbRzLe964-q3OrI2Ligr9LBcsFxmVIl3Q=) Entering PreloadCamLoginState
19:27:26.178 [StateMachine]: Player Blorpus9000 (dpnid 20822028 uid 3I2KPiMwtNrbRzLe964-q3OrI2Ligr9LBcsFxmVIl3Q=) Entering WaitPreloadCamLoginState
19:27:37.502 [StateMachine]: Player Blorpus9000 (dpnid 20822028 uid 3I2KPiMwtNrbRzLe964-q3OrI2Ligr9LBcsFxmVIl3Q=) Entering GetLoadedCharLoginState
19:27:37.523 <LOAD EXISTING CHAR>:
    charID 1
    playerID 1
    dpnid 20822028
    uid 3I2KPiMwtNrbRzLe964-q3OrI2Ligr9LBcsFxmVIl3Q=
19:27:44.81 [CE][LootRespawner] (PRIDummy) :: Item [0] causing search overtime: "Ammo_45ACP"