

=====================================================================
== C:\Program Files (x86)\Steam\steamapps\common\DayZServerAug2\DayZServer_x64.exe
== "DayZServer_x64.exe" -config=serverDZ.cfg -mod=@CF;@CommunityOnlineTools;@DabsFramework;@DayZ-Expansion-Animations;@DayZ-Expansion-Bundle;@DayZ-Expansion-Licensed;@PvZmoD_CustomisableZombies "-serverMod=_@DayZ-Dynamic-AI-Addon" -port=2302 -profiles=config -cpuCount=4 -adminlog -netlog -freezecheck 
=====================================================================
Exe timestamp: 2023/07/27 17:06:07
Current time:  2023/08/09 16:07:28

Version 1.21.156300
16:07:28.430 [Inputs] Loading inputs default "bin/constants.xml"
16:07:28.432 [Inputs] Loading inputs default "bin/specific.xml"
16:07:28.432 [Inputs] Loading inputs default "JM/COT/Scripts/Data/Inputs.xml"
16:07:28.433 !!! [Inputs] Cannot Register "UAObjectModuleDeleteOnCursor" non-existent input - Fix Preset!
16:07:28.433 [Inputs] Loading inputs default "LIVEN/PvZmoD_CustomisableZombies/inputs.xml"
16:07:28.433 [Inputs] Loading inputs default "DayZExpansion/Groups/Scripts/Data/Inputs.xml"
16:07:28.433 [Inputs] Loading inputs default "DayZExpansion/Navigation/Scripts/Data/Inputs.xml"
16:07:28.433 !!! [Inputs] Attempt to register duplicate exclusion group "chatexpansion"
16:07:28.433 [Inputs] Loading inputs default "DayZExpansion/PlayerList/Scripts/Data/Inputs.xml"
16:07:28.433 !!! [Inputs] Attempt to register duplicate exclusion group "chatexpansion"
16:07:28.434 [Inputs] Loading inputs default "DayZExpansion/Scripts/Data/Inputs.xml"
16:07:28.434 !!! [Inputs] Attempt to register duplicate exclusion group "chatexpansion"
16:07:28.434 [Inputs] Loading inputs default "DayZExpansion/Vehicles/Scripts/Data/Inputs.xml"
16:07:28.435 [Inputs] Loading inputs default "DayZExpansion/AI/Scripts/inputs.xml"
16:07:28.435 [Inputs] Loading inputs default "DayZExpansion/BaseBuilding/Scripts/Data/Inputs.xml"
16:07:28.435 !!! [Inputs] Attempt to register duplicate exclusion group "chatexpansion"
16:07:28.435 [Inputs] Loading inputs default "DayZExpansion/Book/Scripts/Data/Inputs.xml"
16:07:28.435 !!! [Inputs] Attempt to register duplicate exclusion group "chatexpansion"
16:07:28.435 [Inputs] Loading inputs default "DayZExpansion/Chat/Scripts/Data/Inputs.xml"
16:07:28.435 !!! [Inputs] Attempt to register duplicate exclusion group "chatexpansion"
16:07:28.435 [Inputs] Loading inputs default "DayZExpansion/Quests/Scripts/Data/Inputs.xml"
16:07:28.436 [Inputs] Loading inputs cfg "config\Users\Survivor\Server.core.xml"
16:07:28.436 !!! [Inputs] Cannot read inputs cfg "config\Users\Survivor\Server.core.xml", parser error
16:07:28.436 [Inputs] Loading inputs cfg "bin/core.xml"
16:07:28.436 !!! [Inputs] Cannot load input preset "#STR_USER", file does not exist
16:07:28.437 [Inputs] Exporting inputs cfg "config\Users\Survivor\Server.core.xml"
16:07:49.407 [CE][Hive] :: Initializing OFFLINE
16:07:49.407 [StorageDirs] :: Selected storage directory: C:\Program Files (x86)\Steam\steamapps\common\DayZServerAug2\mpmissions\Expansion.chernarusplus\storage_1\
16:07:49.407 [CE][Hive] :: Loading core data ... 
16:07:49.407 [CE][CoreData] :: 7 root classes, 18 defaults, 0 updaters...
16:07:52.629 [CE] :: WARNING :: Preset map "optics" is EMPTY.
16:07:52.631 [CE][TypeSetup] :: 505 classes setuped...
16:07:52.633 [CE] :: WARNING :: Preset map "optics" is EMPTY.
16:07:52.634 [CE][TypeSetup] :: 97 classes setuped...
16:07:53.600 [CE][RegisterBind] :: 0 classes binded...
16:07:53.600 [CE][RegisterConfig] :: 11252 config classes registered, 0 sub-counters...
16:07:53.601 [CE][Hive] :: Loading map data ... 
16:07:53.601 [CE][IgnoreList] "cfgignorelist.xml" :: loaded 19 types
16:07:53.633 !!! [CE] :: Unknown category: 'vehicleparts'.
16:07:53.633 !!! [CE] :: Unknown category: 'vehicleparts'.
16:07:53.633 !!! [CE] :: Unknown category: 'vehicleparts'.
16:07:53.633 !!! [CE] :: Unknown category: 'vehicleparts'.
16:07:53.633 !!! [CE] :: Unknown category: 'vehicleparts'.
16:07:53.633 !!! [CE] :: Unknown category: 'vehicleparts'.
16:07:53.633 !!! [CE] :: Unknown category: 'vehicleparts'.
16:07:53.633 !!! [CE] :: Unknown category: 'vehicleparts'.
16:07:53.633 !!! [CE] :: Unknown category: 'vehicleparts'.
16:07:53.633 !!! [CE] :: Unknown category: 'vehicleparts'.
16:07:53.633 !!! [CE] :: Unknown category: 'vehicleparts'.
16:07:53.633 !!! [CE] :: Unknown category: 'vehicleparts'.
16:07:53.633 !!! [CE] :: Unknown category: 'vehicleparts'.
16:07:53.633 !!! [CE] :: Unknown category: 'vehicleparts'.
16:07:53.633 !!! [CE] :: Unknown category: 'vehicleparts'.
16:07:53.633 !!! [CE] :: Unknown category: 'vehicleparts'.
16:07:53.633 !!! [CE] :: Unknown category: 'vehicleparts'.
16:07:53.633 !!! [CE] :: Unknown category: 'vehicleparts'.
16:07:53.633 !!! [CE] :: Unknown category: 'vehicleparts'.
16:07:53.633 !!! [CE] :: Unknown category: 'vehicleparts'.
16:07:53.633 !!! [CE] :: Unknown category: 'vehicleparts'.
16:07:53.633 !!! [CE] :: Unknown category: 'vehicleparts'.
16:07:53.633 !!! [CE] :: Unknown category: 'vehicleparts'.
16:07:53.633 !!! [CE] :: Unknown category: 'vehicleparts'.
16:07:53.634 !!! [CE] :: Unknown category: 'vehicleparts'.
16:07:53.634 !!! [CE] :: Unknown category: 'vehicleparts'.
16:07:53.634 !!! [CE] :: Unknown category: 'vehicleparts'.
16:07:53.634 !!! [CE] :: Unknown category: 'vehicleparts'.
16:07:53.634 !!! [CE] :: Unknown category: 'vehicleparts'.
16:07:53.634 !!! [CE] :: Unknown category: 'vehicleparts'.
16:07:53.635 !!! [CE] :: Unknown category: 'vehicleparts'.
16:07:53.635 !!! [CE] :: Unknown category: 'vehicleparts'.
16:07:53.635 !!! [CE] :: Unknown category: 'vehicleparts'.
16:07:53.635 !!! [CE] :: Unknown category: 'vehicleparts'.
16:07:53.635 !!! [CE] :: Unknown category: 'vehicleparts'.
16:07:53.635 !!! [CE] :: Unknown category: 'vehicleparts'.
16:07:53.635 !!! [CE] :: Unknown category: 'vehicleparts'.
16:07:53.635 !!! [CE] :: Unknown category: 'vehicleparts'.
16:07:53.635 !!! [CE] :: Unknown category: 'vehicleparts'.
16:07:53.635 !!! [CE] :: Unknown category: 'vehicleparts'.
16:07:53.635 !!! [CE] :: Unknown category: 'vehicleparts'.
16:07:53.635 !!! [CE] :: Unknown category: 'vehicleparts'.
16:07:53.635 !!! [CE] :: Unknown category: 'vehicleparts'.
16:07:53.635 !!! [CE] :: Unknown category: 'vehicleparts'.
16:07:53.635 !!! [CE] :: Unknown category: 'vehicleparts'.
16:07:53.635 !!! [CE] :: Unknown category: 'vehicleparts'.
16:07:53.635 !!! [CE] :: Unknown category: 'vehicleparts'.
16:07:53.635 !!! [CE] :: Unknown category: 'vehicleparts'.
16:07:53.635 !!! [CE] :: Unknown category: 'vehicleparts'.
16:07:53.635 !!! [CE] :: Unknown category: 'vehicleparts'.
16:07:53.635 !!! [CE] :: Unknown category: 'vehicleparts'.
16:07:53.635 !!! [CE] :: Unknown category: 'vehicleparts'.
16:07:53.635 [CE][LoadPrototype] :: loaded 413 prototypes
16:07:53.636   799 containers, 10078 points
16:07:53.636   66 dispatches, 239 proxies
16:07:53.636 !!! [CE][LoadPrototype] 5 groups have no points...
16:07:53.636 [CE][LoadPrototype] :: last group name: Land_Wreck_sed02_aban2_red_DE...
16:07:53.638 [CE][LoadPrototype] :: loaded 0 prototypes
16:07:53.638   55 containers, 232 points
16:07:53.638   0 dispatches, 0 proxies
16:07:53.639 [CE][LoadPrototype] :: last group name: Rail9...
16:07:54.309 [CE][LoadMap] "Group" :: loaded 11709 groups, groups failed: 0, largest group range: 34.2
16:07:54.311 [CE][LoadMap] "Dirt" :: loaded 0 groups, groups failed: 0, largest group range: 34.2
16:07:54.576 [CE][Links] found 1908 total links between groups, of 11709
16:07:54.576 [CE][LoadClusters] "Cluster" :: Loading files...
16:07:54.720 [CE][LoadClusters] :: file: "mapgroupcluster.xml", 9 types, 50000 instances
16:07:54.843 [CE][LoadClusters] :: file: "mapgroupcluster01", 9 types, 50000 instances
16:07:54.971 [CE][LoadClusters] :: file: "mapgroupcluster02", 9 types, 50000 instances
16:07:55.96 [CE][LoadClusters] :: file: "mapgroupcluster03", 9 types, 50000 instances
16:07:55.140 [CE][LoadClusters] :: file: "mapgroupcluster04", 9 types, 17347 instances
16:07:55.143 [CE][Storage] ver:21 stamp:9, valid:yes, name:"C:\Program Files (x86)\Steam\steamapps\common\DayZServerAug2\mpmissions\Expansion.chernarusplus\storage_1\data\types.bin"
16:07:55.143 [CE][Storage] ver:0 stamp:0, valid:NO, name:"C:\Program Files (x86)\Steam\steamapps\common\DayZServerAug2\mpmissions\Expansion.chernarusplus\storage_1\data\types.001"
16:07:55.143 [CE][Storage] ver:0 stamp:0, valid:NO, name:"C:\Program Files (x86)\Steam\steamapps\common\DayZServerAug2\mpmissions\Expansion.chernarusplus\storage_1\data\types.002"
16:07:55.143 [CE][Storage] Restoring file "C:\Program Files (x86)\Steam\steamapps\common\DayZServerAug2\mpmissions\Expansion.chernarusplus\storage_1\data\types.bin".
16:07:55.239 !!! [CE][offlineDB] :: No Shutdown message present.
16:07:55.240 [CE][offlineDB] :: Loaded 47 dynamic events 225 total types.
16:07:55.241 !!! [CE][DE] (VehicleTruck01) :: Unable to create child (Truck_01_Covered_Grey) as the type does not exist.
16:07:55.241 [CE][offlineDB] :: Loaded 58 dynamic events 289 total types.
16:07:55.253 !!! [CE][offlineDB] :: Type 'ChristmasTree' will be ignored. (Not spawnable. (Scope is not public?))
16:07:55.259 !!! [CE][offlineDB] :: Type 'Expansion_M79' will be ignored. (Not spawnable. (Scope is not public?))
16:07:55.259 !!! [CE][offlineDB] :: Type 'ExpansionFlaregun' will be ignored. (Not spawnable. (Scope is not public?))
16:07:55.259 !!! [CE][offlineDB] :: Type 'Expansion_Longhorn' will be ignored. (Not spawnable. (Scope is not public?))
16:07:55.365 !!! [CE][DE][SPAWNS] :: [WARNING] :: Skipping entry for non-existing event 'VehicleTransitBus'.
16:07:55.365 [CE][DE][SPAWNS] :: Total positions: 987
16:07:55.365 [CE][DE][GROUPS] :: Total eventgroups defined: 83, Eventgroups in use: 83
16:07:55.366 [CE][Storage] ver:21 stamp:9, valid:yes, name:"C:\Program Files (x86)\Steam\steamapps\common\DayZServerAug2\mpmissions\Expansion.chernarusplus\storage_1\data\events.bin"
16:07:55.366 [CE][Storage] ver:0 stamp:0, valid:NO, name:"C:\Program Files (x86)\Steam\steamapps\common\DayZServerAug2\mpmissions\Expansion.chernarusplus\storage_1\data\events.001"
16:07:55.366 [CE][Storage] ver:0 stamp:0, valid:NO, name:"C:\Program Files (x86)\Steam\steamapps\common\DayZServerAug2\mpmissions\Expansion.chernarusplus\storage_1\data\events.002"
16:07:55.366 [CE][Storage] Restoring file "C:\Program Files (x86)\Steam\steamapps\common\DayZServerAug2\mpmissions\Expansion.chernarusplus\storage_1\data\events.bin".
16:07:55.366 [CE][DynamicEvent] Load  Events:[58] Primary spawners: 58 Secondary spawners: 4
16:07:55.367 [CE][Storage] ver:25 stamp:9, valid:yes, name:"C:\Program Files (x86)\Steam\steamapps\common\DayZServerAug2\mpmissions\Expansion.chernarusplus\storage_1\data\dynamic_000.bin"
16:07:55.367 [CE][Storage] ver:0 stamp:0, valid:NO, name:"C:\Program Files (x86)\Steam\steamapps\common\DayZServerAug2\mpmissions\Expansion.chernarusplus\storage_1\data\dynamic_000.001"
16:07:55.367 [CE][Storage] ver:0 stamp:0, valid:NO, name:"C:\Program Files (x86)\Steam\steamapps\common\DayZServerAug2\mpmissions\Expansion.chernarusplus\storage_1\data\dynamic_000.002"
16:07:55.367 [CE][Storage] Restoring file "C:\Program Files (x86)\Steam\steamapps\common\DayZServerAug2\mpmissions\Expansion.chernarusplus\storage_1\data\dynamic_000.bin" 1014 items.
16:07:55.818   1014 items loaded. (0 failed)
16:07:55.819 [CE][Storage] ver:25 stamp:9, valid:yes, name:"C:\Program Files (x86)\Steam\steamapps\common\DayZServerAug2\mpmissions\Expansion.chernarusplus\storage_1\data\dynamic_001.bin"
16:07:55.819 [CE][Storage] ver:0 stamp:0, valid:NO, name:"C:\Program Files (x86)\Steam\steamapps\common\DayZServerAug2\mpmissions\Expansion.chernarusplus\storage_1\data\dynamic_001.001"
16:07:55.819 [CE][Storage] ver:0 stamp:0, valid:NO, name:"C:\Program Files (x86)\Steam\steamapps\common\DayZServerAug2\mpmissions\Expansion.chernarusplus\storage_1\data\dynamic_001.002"
16:07:55.819 [CE][Storage] Restoring file "C:\Program Files (x86)\Steam\steamapps\common\DayZServerAug2\mpmissions\Expansion.chernarusplus\storage_1\data\dynamic_001.bin" 1904 items.
16:07:56.577   1904 items loaded. (0 failed)
16:07:56.578 [CE][Storage] ver:25 stamp:9, valid:yes, name:"C:\Program Files (x86)\Steam\steamapps\common\DayZServerAug2\mpmissions\Expansion.chernarusplus\storage_1\data\dynamic_002.bin"
16:07:56.578 !!! [CE][Storage] Failed to read [Storage] data file "C:\Program Files (x86)\Steam\steamapps\common\DayZServerAug2\mpmissions\Expansion.chernarusplus\storage_1\data\dynamic_002.001".
16:07:56.578   File not closed...
16:07:56.578 [CE][Storage] ver:25 stamp:10, valid:NO, name:"C:\Program Files (x86)\Steam\steamapps\common\DayZServerAug2\mpmissions\Expansion.chernarusplus\storage_1\data\dynamic_002.001"
16:07:56.578 [CE][Storage] ver:0 stamp:0, valid:NO, name:"C:\Program Files (x86)\Steam\steamapps\common\DayZServerAug2\mpmissions\Expansion.chernarusplus\storage_1\data\dynamic_002.002"
16:07:56.578 [CE][Storage] Restoring file "C:\Program Files (x86)\Steam\steamapps\common\DayZServerAug2\mpmissions\Expansion.chernarusplus\storage_1\data\dynamic_002.bin" 2786 items.
16:07:57.526   2786 items loaded. (0 failed)
16:07:57.526 [CE][Storage] ver:25 stamp:9, valid:yes, name:"C:\Program Files (x86)\Steam\steamapps\common\DayZServerAug2\mpmissions\Expansion.chernarusplus\storage_1\data\dynamic_003.bin"
16:07:57.527 [CE][Storage] ver:25 stamp:10, valid:yes, name:"C:\Program Files (x86)\Steam\steamapps\common\DayZServerAug2\mpmissions\Expansion.chernarusplus\storage_1\data\dynamic_003.001"
16:07:57.527 [CE][Storage] ver:0 stamp:0, valid:NO, name:"C:\Program Files (x86)\Steam\steamapps\common\DayZServerAug2\mpmissions\Expansion.chernarusplus\storage_1\data\dynamic_003.002"
16:07:57.527 [CE][Storage] Restoring file "C:\Program Files (x86)\Steam\steamapps\common\DayZServerAug2\mpmissions\Expansion.chernarusplus\storage_1\data\dynamic_003.001" 2552 items.
16:07:58.468   2552 items loaded. (0 failed)
16:07:58.468 [CE][Storage] ver:25 stamp:9, valid:yes, name:"C:\Program Files (x86)\Steam\steamapps\common\DayZServerAug2\mpmissions\Expansion.chernarusplus\storage_1\data\dynamic_004.bin"
16:07:58.469 [CE][Storage] ver:25 stamp:10, valid:yes, name:"C:\Program Files (x86)\Steam\steamapps\common\DayZServerAug2\mpmissions\Expansion.chernarusplus\storage_1\data\dynamic_004.001"
16:07:58.469 [CE][Storage] ver:0 stamp:0, valid:NO, name:"C:\Program Files (x86)\Steam\steamapps\common\DayZServerAug2\mpmissions\Expansion.chernarusplus\storage_1\data\dynamic_004.002"
16:07:58.469 [CE][Storage] Restoring file "C:\Program Files (x86)\Steam\steamapps\common\DayZServerAug2\mpmissions\Expansion.chernarusplus\storage_1\data\dynamic_004.001" 2090 items.
16:07:59.187   2090 items loaded. (0 failed)
16:07:59.187 [CE][Storage] ver:25 stamp:9, valid:yes, name:"C:\Program Files (x86)\Steam\steamapps\common\DayZServerAug2\mpmissions\Expansion.chernarusplus\storage_1\data\dynamic_005.bin"
16:07:59.187 [CE][Storage] ver:25 stamp:10, valid:yes, name:"C:\Program Files (x86)\Steam\steamapps\common\DayZServerAug2\mpmissions\Expansion.chernarusplus\storage_1\data\dynamic_005.001"
16:07:59.187 [CE][Storage] ver:0 stamp:0, valid:NO, name:"C:\Program Files (x86)\Steam\steamapps\common\DayZServerAug2\mpmissions\Expansion.chernarusplus\storage_1\data\dynamic_005.002"
16:07:59.187 [CE][Storage] Restoring file "C:\Program Files (x86)\Steam\steamapps\common\DayZServerAug2\mpmissions\Expansion.chernarusplus\storage_1\data\dynamic_005.001" 2331 items.
16:08:00.14   2331 items loaded. (0 failed)
16:08:00.14 [CE][Storage] ver:25 stamp:9, valid:yes, name:"C:\Program Files (x86)\Steam\steamapps\common\DayZServerAug2\mpmissions\Expansion.chernarusplus\storage_1\data\dynamic_006.bin"
16:08:00.14 [CE][Storage] ver:25 stamp:10, valid:yes, name:"C:\Program Files (x86)\Steam\steamapps\common\DayZServerAug2\mpmissions\Expansion.chernarusplus\storage_1\data\dynamic_006.001"
16:08:00.15 [CE][Storage] ver:0 stamp:0, valid:NO, name:"C:\Program Files (x86)\Steam\steamapps\common\DayZServerAug2\mpmissions\Expansion.chernarusplus\storage_1\data\dynamic_006.002"
16:08:00.15 [CE][Storage] Restoring file "C:\Program Files (x86)\Steam\steamapps\common\DayZServerAug2\mpmissions\Expansion.chernarusplus\storage_1\data\dynamic_006.001" 1653 items.
16:08:00.616   1653 items loaded. (0 failed)
16:08:00.618 [CE][Storage] ver:25 stamp:9, valid:yes, name:"C:\Program Files (x86)\Steam\steamapps\common\DayZServerAug2\mpmissions\Expansion.chernarusplus\storage_1\data\dynamic_007.bin"
16:08:00.618 [CE][Storage] ver:25 stamp:10, valid:yes, name:"C:\Program Files (x86)\Steam\steamapps\common\DayZServerAug2\mpmissions\Expansion.chernarusplus\storage_1\data\dynamic_007.001"
16:08:00.618 [CE][Storage] ver:0 stamp:0, valid:NO, name:"C:\Program Files (x86)\Steam\steamapps\common\DayZServerAug2\mpmissions\Expansion.chernarusplus\storage_1\data\dynamic_007.002"
16:08:00.618 [CE][Storage] Restoring file "C:\Program Files (x86)\Steam\steamapps\common\DayZServerAug2\mpmissions\Expansion.chernarusplus\storage_1\data\dynamic_007.001" 1655 items.
16:08:01.203   1655 items loaded. (0 failed)
16:08:01.203 [CE][Storage] ver:25 stamp:9, valid:yes, name:"C:\Program Files (x86)\Steam\steamapps\common\DayZServerAug2\mpmissions\Expansion.chernarusplus\storage_1\data\dynamic_008.bin"
16:08:01.204 [CE][Storage] ver:25 stamp:10, valid:yes, name:"C:\Program Files (x86)\Steam\steamapps\common\DayZServerAug2\mpmissions\Expansion.chernarusplus\storage_1\data\dynamic_008.001"
16:08:01.204 [CE][Storage] ver:0 stamp:0, valid:NO, name:"C:\Program Files (x86)\Steam\steamapps\common\DayZServerAug2\mpmissions\Expansion.chernarusplus\storage_1\data\dynamic_008.002"
16:08:01.204 [CE][Storage] Restoring file "C:\Program Files (x86)\Steam\steamapps\common\DayZServerAug2\mpmissions\Expansion.chernarusplus\storage_1\data\dynamic_008.001" 2333 items.
16:08:02.54   2333 items loaded. (0 failed)
16:08:02.55 [CE][Storage] ver:25 stamp:9, valid:yes, name:"C:\Program Files (x86)\Steam\steamapps\common\DayZServerAug2\mpmissions\Expansion.chernarusplus\storage_1\data\dynamic_009.bin"
16:08:02.56 [CE][Storage] ver:25 stamp:10, valid:yes, name:"C:\Program Files (x86)\Steam\steamapps\common\DayZServerAug2\mpmissions\Expansion.chernarusplus\storage_1\data\dynamic_009.001"
16:08:02.56 [CE][Storage] ver:0 stamp:0, valid:NO, name:"C:\Program Files (x86)\Steam\steamapps\common\DayZServerAug2\mpmissions\Expansion.chernarusplus\storage_1\data\dynamic_009.002"
16:08:02.56 [CE][Storage] Restoring file "C:\Program Files (x86)\Steam\steamapps\common\DayZServerAug2\mpmissions\Expansion.chernarusplus\storage_1\data\dynamic_009.001" 3006 items.
16:08:03.129   3006 items loaded. (0 failed)
16:08:03.130 [CE][Storage] ver:25 stamp:9, valid:yes, name:"C:\Program Files (x86)\Steam\steamapps\common\DayZServerAug2\mpmissions\Expansion.chernarusplus\storage_1\data\dynamic_010.bin"
16:08:03.130 [CE][Storage] ver:25 stamp:10, valid:yes, name:"C:\Program Files (x86)\Steam\steamapps\common\DayZServerAug2\mpmissions\Expansion.chernarusplus\storage_1\data\dynamic_010.001"
16:08:03.130 [CE][Storage] ver:0 stamp:0, valid:NO, name:"C:\Program Files (x86)\Steam\steamapps\common\DayZServerAug2\mpmissions\Expansion.chernarusplus\storage_1\data\dynamic_010.002"
16:08:03.131 [CE][Storage] Restoring file "C:\Program Files (x86)\Steam\steamapps\common\DayZServerAug2\mpmissions\Expansion.chernarusplus\storage_1\data\dynamic_010.001" 1989 items.
16:08:03.887   1989 items loaded. (0 failed)
16:08:03.888 [CE][Storage] ver:25 stamp:9, valid:yes, name:"C:\Program Files (x86)\Steam\steamapps\common\DayZServerAug2\mpmissions\Expansion.chernarusplus\storage_1\data\dynamic_011.bin"
16:08:03.888 [CE][Storage] ver:25 stamp:10, valid:yes, name:"C:\Program Files (x86)\Steam\steamapps\common\DayZServerAug2\mpmissions\Expansion.chernarusplus\storage_1\data\dynamic_011.001"
16:08:03.888 [CE][Storage] ver:0 stamp:0, valid:NO, name:"C:\Program Files (x86)\Steam\steamapps\common\DayZServerAug2\mpmissions\Expansion.chernarusplus\storage_1\data\dynamic_011.002"
16:08:03.888 [CE][Storage] Restoring file "C:\Program Files (x86)\Steam\steamapps\common\DayZServerAug2\mpmissions\Expansion.chernarusplus\storage_1\data\dynamic_011.001" 183 items.
16:08:03.951   183 items loaded. (0 failed)
16:08:03.951 [CE][Storage] ver:26 stamp:9, valid:yes, name:"C:\Program Files (x86)\Steam\steamapps\common\DayZServerAug2\mpmissions\Expansion.chernarusplus\storage_1\data\building.bin"
16:08:03.951 [CE][Storage] ver:0 stamp:0, valid:NO, name:"C:\Program Files (x86)\Steam\steamapps\common\DayZServerAug2\mpmissions\Expansion.chernarusplus\storage_1\data\building.001"
16:08:03.951 [CE][Storage] ver:0 stamp:0, valid:NO, name:"C:\Program Files (x86)\Steam\steamapps\common\DayZServerAug2\mpmissions\Expansion.chernarusplus\storage_1\data\building.002"
16:08:03.951 [CE][Storage] Restoring file "C:\Program Files (x86)\Steam\steamapps\common\DayZServerAug2\mpmissions\Expansion.chernarusplus\storage_1\data\building.bin" 0 items.
16:08:03.951   0 items loaded. (0 failed)
16:08:03.952 [CE][Storage] ver:25 stamp:9, valid:yes, name:"C:\Program Files (x86)\Steam\steamapps\common\DayZServerAug2\mpmissions\Expansion.chernarusplus\storage_1\data\vehicles.bin"
16:08:03.953 [CE][Storage] ver:0 stamp:0, valid:NO, name:"C:\Program Files (x86)\Steam\steamapps\common\DayZServerAug2\mpmissions\Expansion.chernarusplus\storage_1\data\vehicles.001"
16:08:03.953 [CE][Storage] ver:0 stamp:0, valid:NO, name:"C:\Program Files (x86)\Steam\steamapps\common\DayZServerAug2\mpmissions\Expansion.chernarusplus\storage_1\data\vehicles.002"
16:08:03.953 [CE][Storage] Restoring file "C:\Program Files (x86)\Steam\steamapps\common\DayZServerAug2\mpmissions\Expansion.chernarusplus\storage_1\data\vehicles.bin" 265 items.
16:08:04.728   265 items loaded. (0 failed)
16:08:04.770 [CE][Hive] :: Storage load took:9.41 seconds, recovery stamp:10
16:08:04.770   entity: 25574, building: 0
16:08:04.770   no lifetime: 112
16:08:04.770   pathgraph's: 584
16:08:04.771 [CE][Hive] :: Initializing ... 
16:08:04.817 [CE][InitializeMap] :: initialized: 0
16:08:04.817 [CE][Hive] :: Initializing spawners ... 
16:08:05.776 [CE][LootRespawner] (PRIDummy) :: Initially (re)spawned:0, Nominal:23636, Total in Map: 23719 at 0 (sec)
16:08:05.776   tests:0, repeats:0 fails:0, overtime:0
16:08:05.779 [CE][DynEvent] :: 58 types
16:08:05.779 [00] AmbientHen
16:08:05.779   Primary Spawner: "Ambient", active: yes, repeat: 1
16:08:05.779 [01] AnimalBear
16:08:05.779   Primary Spawner: "Animal", active: yes, repeat: 1
16:08:05.779 [02] AnimalCow
16:08:05.779   Primary Spawner: "Animal", active: yes, repeat: 1
16:08:05.779 [03] AnimalDeer
16:08:05.779   Primary Spawner: "Animal", active: yes, repeat: 1
16:08:05.779 [04] AnimalGoat
16:08:05.779   Primary Spawner: "Animal", active: yes, repeat: 1
16:08:05.779 [05] AnimalPig
16:08:05.779   Primary Spawner: "Animal", active: yes, repeat: 1
16:08:05.779 [06] AnimalRoeDeer
16:08:05.779   Primary Spawner: "Animal", active: yes, repeat: 1
16:08:05.779 [07] AnimalSheep
16:08:05.779   Primary Spawner: "Animal", active: yes, repeat: 1
16:08:05.779 [08] AnimalWildBoar
16:08:05.780   Primary Spawner: "Animal", active: yes, repeat: 1
16:08:05.780 [09] AnimalWolf
16:08:05.780   Primary Spawner: "Animal", active: yes, repeat: 1
16:08:05.780 [10] InfectedArmy
16:08:05.780   Primary Spawner: "Infected", active: yes, repeat: 1
16:08:05.780 [11] InfectedArmyHard
16:08:05.780   Primary Spawner: "Infected", active: yes, repeat: 1
16:08:05.780 [12] InfectedCity
16:08:05.780   Primary Spawner: "Infected", active: yes, repeat: 1
16:08:05.780 [13] InfectedCityTier1
16:08:05.780   Primary Spawner: "Infected", active: yes, repeat: 1
16:08:05.780 [14] InfectedFirefighter
16:08:05.780   Primary Spawner: "Infected", active: yes, repeat: 1
16:08:05.780 [15] InfectedIndustrial
16:08:05.780   Primary Spawner: "Infected", active: yes, repeat: 1
16:08:05.780 [16] InfectedMedic
16:08:05.780   Primary Spawner: "Infected", active: yes, repeat: 1
16:08:05.780 [17] InfectedNBC
16:08:05.780   Primary Spawner: "Infected", active: yes, repeat: 1
16:08:05.780 [18] InfectedNBCYellow
16:08:05.780   Primary Spawner: "Infected", active: yes, repeat: 1
16:08:05.780 [19] InfectedPolice
16:08:05.780   Primary Spawner: "Infected", active: yes, repeat: 1
16:08:05.780 [20] InfectedPoliceHard
16:08:05.780   Primary Spawner: "Infected", active: yes, repeat: 1
16:08:05.780 [21] InfectedPrisoner
16:08:05.780   Primary Spawner: "Infected", active: yes, repeat: 1
16:08:05.780 [22] InfectedReligious
16:08:05.780   Primary Spawner: "Infected", active: yes, repeat: 1
16:08:05.780 [23] InfectedSanta
16:08:05.780   Primary Spawner: "Infected", active: yes, repeat: 1
16:08:05.780 [24] InfectedSolitude
16:08:05.780   Primary Spawner: "Infected", active: yes, repeat: 1
16:08:05.780 [25] InfectedVillage
16:08:05.780   Primary Spawner: "Infected", active: yes, repeat: 1
16:08:05.780 [26] InfectedVillageTier1
16:08:05.780   Primary Spawner: "Infected", active: yes, repeat: 1
16:08:05.780 [27] ItemPlanks
16:08:05.780   Primary Spawner: "Item", active: yes, repeat: 1
16:08:05.780 [28] Loot
16:08:05.780   Primary Spawner: "Loot", active: yes, repeat: 2
16:08:05.780 [29] StaticContaminatedArea
16:08:05.780   Primary Spawner: "Static", active: yes, repeat: 1
16:08:05.780 [30] StaticHeliCrash
16:08:05.780   Primary Spawner: "Static", active: yes, repeat: 1
16:08:05.780   Secondary Spawner: "Infected", active: yes, repeat: 1
16:08:05.780 [31] StaticMilitaryConvoy
16:08:05.780   Primary Spawner: "Static", active: yes, repeat: 1
16:08:05.780   Secondary Spawner: "Infected", active: yes, repeat: 1
16:08:05.780 [32] StaticPoliceSituation
16:08:05.780   Primary Spawner: "Static", active: yes, repeat: 1
16:08:05.780   Secondary Spawner: "Infected", active: yes, repeat: 1
16:08:05.780 [33] StaticTrain
16:08:05.780   Primary Spawner: "Static", active: yes, repeat: 1
16:08:05.780   Secondary Spawner: "Infected", active: yes, repeat: 1
16:08:05.780 [34] TrajectoryApple
16:08:05.780   Primary Spawner: "Trajectory", active: yes, repeat: 1
16:08:05.780 [35] TrajectoryConiferous
16:08:05.780   Primary Spawner: "Trajectory", active: yes, repeat: 1
16:08:05.780 [36] TrajectoryDeciduous
16:08:05.780   Primary Spawner: "Trajectory", active: yes, repeat: 1
16:08:05.780 [37] TrajectoryHumus
16:08:05.780   Primary Spawner: "Trajectory", active: yes, repeat: 1
16:08:05.780 [38] TrajectoryPear
16:08:05.780   Primary Spawner: "Trajectory", active: yes, repeat: 1
16:08:05.780 [39] TrajectoryPlum
16:08:05.780   Primary Spawner: "Trajectory", active: yes, repeat: 1
16:08:05.780 [40] TrajectoryStones
16:08:05.780   Primary Spawner: "Trajectory", active: yes, repeat: 1
16:08:05.780 [41] VehicleCivilianSedan
16:08:05.780   Primary Spawner: "Vehicle", active: yes, repeat: 1
16:08:05.780 [42] VehicleHatchback02
16:08:05.780   Primary Spawner: "Vehicle", active: yes, repeat: 1
16:08:05.780 [43] VehicleOffroad02
16:08:05.780   Primary Spawner: "Vehicle", active: yes, repeat: 1
16:08:05.780 [44] VehicleOffroadHatchback
16:08:05.780   Primary Spawner: "Vehicle", active: yes, repeat: 1
16:08:05.780 [45] VehicleSedan02
16:08:05.780   Primary Spawner: "Vehicle", active: yes, repeat: 1
16:08:05.780 [46] VehicleTruck01
16:08:05.780   Primary Spawner: "Vehicle", active: yes, repeat: 1
16:08:05.780 [47] VehicleUAZ
16:08:05.780   Primary Spawner: "Vehicle", active: yes, repeat: 1
16:08:05.780 [48] VehicleVodnik
16:08:05.780   Primary Spawner: "Vehicle", active: yes, repeat: 1
16:08:05.780 [49] VehicleBus
16:08:05.780   Primary Spawner: "Vehicle", active: yes, repeat: 1
16:08:05.780 [50] VehicleTractor
16:08:05.780   Primary Spawner: "Vehicle", active: yes, repeat: 1
16:08:05.780 [51] VehicleLandRover
16:08:05.780   Primary Spawner: "Vehicle", active: yes, repeat: 1
16:08:05.780 [52] VehicleMH6Helicopter
16:08:05.780   Primary Spawner: "Vehicle", active: yes, repeat: 1
16:08:05.780 [53] VehicleMerlinHelicopter
16:08:05.780   Primary Spawner: "Vehicle", active: yes, repeat: 1
16:08:05.780 [54] VehicleUh1hHelicopter
16:08:05.780   Primary Spawner: "Vehicle", active: yes, repeat: 1
16:08:05.780 [55] VehicleUtilityBoat
16:08:05.780   Primary Spawner: "Vehicle", active: yes, repeat: 1
16:08:05.780 [56] VehicleZodiacBoat
16:08:05.780   Primary Spawner: "Vehicle", active: yes, repeat: 1
16:08:05.780 [57] VehicleGyroHelicopter
16:08:05.780   Primary Spawner: "Vehicle", active: yes, repeat: 1
16:08:05.780 [CE][Hive] :: Initializing of spawners done.
16:08:05.789 [CE][Hive] :: Init sequence finished.
16:08:05.789 Player connect enabled
16:08:07.421 [IdleMode] Entering IN - save processed
16:10:00.188 [Login]: Adding player Blorpus9000 (21011250) to login queue at position 0
16:10:00.188 [LoginMachine]: Add player Blorpus9000 (21011250 192.168.1.133:2316)
16:10:00.188 [StateMachine]: Player Blorpus9000 (dpnid 21011250 uid ) Entering AuthPlayerLoginState
16:10:01.863 [IdleMode] Leaving OUT
16:10:02.550 [StateMachine]: Player Blorpus9000 (dpnid 21011250 uid ) Entering WaitAuthPlayerLoginState
16:10:04.820 Player Blorpus9000 connected (id=3I2KPiMwtNrbRzLe964-q3OrI2Ligr9LBcsFxmVIl3Q=).
16:10:04.820 Player "Blorpus9000" is connected (steamID=76561198081075225)
16:10:04.821 [StateMachine]: Player Blorpus9000 (dpnid 21011250 uid ) Entering WaitPlayerAssignedLoginState
16:10:05.280 [StateMachine]: Player Blorpus9000 (dpnid 21011250 uid 3I2KPiMwtNrbRzLe964-q3OrI2Ligr9LBcsFxmVIl3Q=) Entering DBGetLoginTimeLoginState
16:10:05.282 [StateMachine]: Player Blorpus9000 (dpnid 21011250 uid 3I2KPiMwtNrbRzLe964-q3OrI2Ligr9LBcsFxmVIl3Q=) Entering DBWaitLoginTimeLoginState
16:10:08.282 [StateMachine]: Player Blorpus9000 (dpnid 21011250 uid 3I2KPiMwtNrbRzLe964-q3OrI2Ligr9LBcsFxmVIl3Q=) Entering DBGetCharacterLoginState
16:10:08.283 [StateMachine]: Player Blorpus9000 (dpnid 21011250 uid 3I2KPiMwtNrbRzLe964-q3OrI2Ligr9LBcsFxmVIl3Q=) Entering CreateNetObjectsLoginState
16:10:08.287 [StateMachine]: Player Blorpus9000 (dpnid 21011250 uid 3I2KPiMwtNrbRzLe964-q3OrI2Ligr9LBcsFxmVIl3Q=) Entering PreloadCamLoginState
16:10:08.287 [StateMachine]: Player Blorpus9000 (dpnid 21011250 uid 3I2KPiMwtNrbRzLe964-q3OrI2Ligr9LBcsFxmVIl3Q=) Entering WaitPreloadCamLoginState
16:10:19.473 [StateMachine]: Player Blorpus9000 (dpnid 21011250 uid 3I2KPiMwtNrbRzLe964-q3OrI2Ligr9LBcsFxmVIl3Q=) Entering GetLoadedCharLoginState
16:10:19.485 <LOAD EXISTING CHAR>:
    charID 1
    playerID 1
    dpnid 21011250
    uid 3I2KPiMwtNrbRzLe964-q3OrI2Ligr9LBcsFxmVIl3Q=
16:10:23.918 [CE][LootRespawner] (PRIDummy) :: Item [0] causing search overtime: "AmmoBox_9x19_25rnd"
16:10:24.20 [CE][LootRespawner] (PRIDummy) :: Item [1] causing search overtime: "Glock19"
16:10:24.122 [CE][LootRespawner] (PRIDummy) :: Item [2] causing search overtime: "Expansion_Taser_Yellow"
16:10:24.228 [CE][LootRespawner] (PRIDummy) :: Item [3] causing search overtime: "SSG82"