

=====================================================================
== C:\Program Files (x86)\Steam\steamapps\common\DayZServerAug2\DayZServer_x64.exe
== "DayZServer_x64.exe" -config=serverDZ.cfg -mod=@CF;@CommunityOnlineTools;@DabsFramework;@DayZ-Expansion-Animations;@DayZ-Expansion-Bundle;@DayZ-Expansion-Licensed;@PvZmoD_CustomisableZombies "-serverMod=_@DayZ-Dynamic-AI-Addon" -port=2302 -profiles=config -cpuCount=4 -adminlog -netlog -freezecheck 
=====================================================================
Exe timestamp: 2023/07/27 17:06:07
Current time:  2023/08/10 16:09:27

Version 1.21.156300
16:09:27.160 [Inputs] Loading inputs default "bin/constants.xml"
16:09:27.163 [Inputs] Loading inputs default "bin/specific.xml"
16:09:27.164 [Inputs] Loading inputs default "JM/COT/Scripts/Data/Inputs.xml"
16:09:27.164 !!! [Inputs] Cannot Register "UAObjectModuleDeleteOnCursor" non-existent input - Fix Preset!
16:09:27.164 [Inputs] Loading inputs default "LIVEN/PvZmoD_CustomisableZombies/inputs.xml"
16:09:27.164 [Inputs] Loading inputs default "DayZExpansion/Groups/Scripts/Data/Inputs.xml"
16:09:27.165 [Inputs] Loading inputs default "DayZExpansion/Navigation/Scripts/Data/Inputs.xml"
16:09:27.165 !!! [Inputs] Attempt to register duplicate exclusion group "chatexpansion"
16:09:27.165 [Inputs] Loading inputs default "DayZExpansion/PlayerList/Scripts/Data/Inputs.xml"
16:09:27.165 !!! [Inputs] Attempt to register duplicate exclusion group "chatexpansion"
16:09:27.165 [Inputs] Loading inputs default "DayZExpansion/Scripts/Data/Inputs.xml"
16:09:27.165 !!! [Inputs] Attempt to register duplicate exclusion group "chatexpansion"
16:09:27.165 [Inputs] Loading inputs default "DayZExpansion/Vehicles/Scripts/Data/Inputs.xml"
16:09:27.166 [Inputs] Loading inputs default "DayZExpansion/AI/Scripts/inputs.xml"
16:09:27.166 [Inputs] Loading inputs default "DayZExpansion/BaseBuilding/Scripts/Data/Inputs.xml"
16:09:27.166 !!! [Inputs] Attempt to register duplicate exclusion group "chatexpansion"
16:09:27.166 [Inputs] Loading inputs default "DayZExpansion/Book/Scripts/Data/Inputs.xml"
16:09:27.166 !!! [Inputs] Attempt to register duplicate exclusion group "chatexpansion"
16:09:27.167 [Inputs] Loading inputs default "DayZExpansion/Chat/Scripts/Data/Inputs.xml"
16:09:27.167 !!! [Inputs] Attempt to register duplicate exclusion group "chatexpansion"
16:09:27.167 [Inputs] Loading inputs default "DayZExpansion/Quests/Scripts/Data/Inputs.xml"
16:09:27.167 [Inputs] Loading inputs cfg "config\Users\Survivor\Server.core.xml"
16:09:27.167 !!! [Inputs] Cannot read inputs cfg "config\Users\Survivor\Server.core.xml", parser error
16:09:27.167 [Inputs] Loading inputs cfg "bin/core.xml"
16:09:27.167 !!! [Inputs] Cannot load input preset "#STR_USER", file does not exist
16:09:27.168 [Inputs] Exporting inputs cfg "config\Users\Survivor\Server.core.xml"
16:09:46.345 [CE][Hive] :: Initializing OFFLINE
16:09:46.345 [StorageDirs] :: Selected storage directory: C:\Program Files (x86)\Steam\steamapps\common\DayZServerAug2\mpmissions\Expansion.chernarusplus\storage_1\
16:09:46.346 [CE][Hive] :: Loading core data ... 
16:09:46.346 [CE][CoreData] :: 7 root classes, 18 defaults, 0 updaters...
16:09:46.367 [CE][offlineDB] :: Conversion of characters started.
16:09:46.379 [CE][offlineDB] :: Processing 0 players.
16:09:46.379 [CE][offlineDB] :: Conversion of characters successfully completed.
16:09:49.128 [CE] :: WARNING :: Preset map "optics" is EMPTY.
16:09:49.129 [CE][TypeSetup] :: 505 classes setuped...
16:09:49.130 [CE] :: WARNING :: Preset map "optics" is EMPTY.
16:09:49.131 [CE][TypeSetup] :: 97 classes setuped...
16:09:50.127 [CE][RegisterBind] :: 0 classes binded...
16:09:50.128 [CE][RegisterConfig] :: 11252 config classes registered, 0 sub-counters...
16:09:50.128 [CE][Hive] :: Loading map data ... 
16:09:50.128 [CE][IgnoreList] "cfgignorelist.xml" :: loaded 19 types
16:09:50.154 !!! [CE] :: Unknown category: 'vehicleparts'.
16:09:50.154 !!! [CE] :: Unknown category: 'vehicleparts'.
16:09:50.154 !!! [CE] :: Unknown category: 'vehicleparts'.
16:09:50.154 !!! [CE] :: Unknown category: 'vehicleparts'.
16:09:50.154 !!! [CE] :: Unknown category: 'vehicleparts'.
16:09:50.154 !!! [CE] :: Unknown category: 'vehicleparts'.
16:09:50.154 !!! [CE] :: Unknown category: 'vehicleparts'.
16:09:50.154 !!! [CE] :: Unknown category: 'vehicleparts'.
16:09:50.154 !!! [CE] :: Unknown category: 'vehicleparts'.
16:09:50.155 !!! [CE] :: Unknown category: 'vehicleparts'.
16:09:50.155 !!! [CE] :: Unknown category: 'vehicleparts'.
16:09:50.155 !!! [CE] :: Unknown category: 'vehicleparts'.
16:09:50.155 !!! [CE] :: Unknown category: 'vehicleparts'.
16:09:50.155 !!! [CE] :: Unknown category: 'vehicleparts'.
16:09:50.155 !!! [CE] :: Unknown category: 'vehicleparts'.
16:09:50.155 !!! [CE] :: Unknown category: 'vehicleparts'.
16:09:50.155 !!! [CE] :: Unknown category: 'vehicleparts'.
16:09:50.155 !!! [CE] :: Unknown category: 'vehicleparts'.
16:09:50.155 !!! [CE] :: Unknown category: 'vehicleparts'.
16:09:50.155 !!! [CE] :: Unknown category: 'vehicleparts'.
16:09:50.155 !!! [CE] :: Unknown category: 'vehicleparts'.
16:09:50.155 !!! [CE] :: Unknown category: 'vehicleparts'.
16:09:50.155 !!! [CE] :: Unknown category: 'vehicleparts'.
16:09:50.155 !!! [CE] :: Unknown category: 'vehicleparts'.
16:09:50.155 !!! [CE] :: Unknown category: 'vehicleparts'.
16:09:50.155 !!! [CE] :: Unknown category: 'vehicleparts'.
16:09:50.155 !!! [CE] :: Unknown category: 'vehicleparts'.
16:09:50.155 !!! [CE] :: Unknown category: 'vehicleparts'.
16:09:50.155 !!! [CE] :: Unknown category: 'vehicleparts'.
16:09:50.155 !!! [CE] :: Unknown category: 'vehicleparts'.
16:09:50.156 !!! [CE] :: Unknown category: 'vehicleparts'.
16:09:50.156 !!! [CE] :: Unknown category: 'vehicleparts'.
16:09:50.156 !!! [CE] :: Unknown category: 'vehicleparts'.
16:09:50.156 !!! [CE] :: Unknown category: 'vehicleparts'.
16:09:50.156 !!! [CE] :: Unknown category: 'vehicleparts'.
16:09:50.156 !!! [CE] :: Unknown category: 'vehicleparts'.
16:09:50.156 !!! [CE] :: Unknown category: 'vehicleparts'.
16:09:50.156 !!! [CE] :: Unknown category: 'vehicleparts'.
16:09:50.156 !!! [CE] :: Unknown category: 'vehicleparts'.
16:09:50.156 !!! [CE] :: Unknown category: 'vehicleparts'.
16:09:50.156 !!! [CE] :: Unknown category: 'vehicleparts'.
16:09:50.156 !!! [CE] :: Unknown category: 'vehicleparts'.
16:09:50.156 !!! [CE] :: Unknown category: 'vehicleparts'.
16:09:50.156 !!! [CE] :: Unknown category: 'vehicleparts'.
16:09:50.156 !!! [CE] :: Unknown category: 'vehicleparts'.
16:09:50.156 !!! [CE] :: Unknown category: 'vehicleparts'.
16:09:50.156 !!! [CE] :: Unknown category: 'vehicleparts'.
16:09:50.156 !!! [CE] :: Unknown category: 'vehicleparts'.
16:09:50.156 !!! [CE] :: Unknown category: 'vehicleparts'.
16:09:50.156 !!! [CE] :: Unknown category: 'vehicleparts'.
16:09:50.156 !!! [CE] :: Unknown category: 'vehicleparts'.
16:09:50.156 !!! [CE] :: Unknown category: 'vehicleparts'.
16:09:50.156 [CE][LoadPrototype] :: loaded 413 prototypes
16:09:50.156   799 containers, 10078 points
16:09:50.156   66 dispatches, 239 proxies
16:09:50.156 !!! [CE][LoadPrototype] 5 groups have no points...
16:09:50.156 [CE][LoadPrototype] :: last group name: Land_Wreck_sed02_aban2_red_DE...
16:09:50.158 [CE][LoadPrototype] :: loaded 0 prototypes
16:09:50.158   55 containers, 232 points
16:09:50.158   0 dispatches, 0 proxies
16:09:50.158 [CE][LoadPrototype] :: last group name: Rail9...
16:09:50.750 [CE][LoadMap] "Group" :: loaded 11709 groups, groups failed: 0, largest group range: 34.2
16:09:50.752 [CE][LoadMap] "Dirt" :: loaded 0 groups, groups failed: 0, largest group range: 34.2
16:09:51.08 [CE][Links] found 1908 total links between groups, of 11709
16:09:51.08 [CE][LoadClusters] "Cluster" :: Loading files...
16:09:51.117 [CE][LoadClusters] :: file: "mapgroupcluster.xml", 9 types, 50000 instances
16:09:51.231 [CE][LoadClusters] :: file: "mapgroupcluster01", 9 types, 50000 instances
16:09:51.346 [CE][LoadClusters] :: file: "mapgroupcluster02", 9 types, 50000 instances
16:09:51.463 [CE][LoadClusters] :: file: "mapgroupcluster03", 9 types, 50000 instances
16:09:51.508 [CE][LoadClusters] :: file: "mapgroupcluster04", 9 types, 17347 instances
16:09:51.510 [CE][Storage] ver:0 stamp:0, valid:NO, name:"C:\Program Files (x86)\Steam\steamapps\common\DayZServerAug2\mpmissions\Expansion.chernarusplus\storage_1\data\types.bin"
16:09:51.510 [CE][Storage] ver:0 stamp:0, valid:NO, name:"C:\Program Files (x86)\Steam\steamapps\common\DayZServerAug2\mpmissions\Expansion.chernarusplus\storage_1\data\types.001"
16:09:51.511 [CE][Storage] ver:0 stamp:0, valid:NO, name:"C:\Program Files (x86)\Steam\steamapps\common\DayZServerAug2\mpmissions\Expansion.chernarusplus\storage_1\data\types.002"
16:09:51.511 !!! [CE][offlineDB] :: No Shutdown message present.
16:09:51.511 [CE][offlineDB] :: Loaded 47 dynamic events 225 total types.
16:09:51.513 !!! [CE][DE] (VehicleTruck01) :: Unable to create child (Truck_01_Covered_Grey) as the type does not exist.
16:09:51.513 [CE][offlineDB] :: Loaded 58 dynamic events 289 total types.
16:09:51.525 !!! [CE][offlineDB] :: Type 'ChristmasTree' will be ignored. (Not spawnable. (Scope is not public?))
16:09:51.531 !!! [CE][offlineDB] :: Type 'Expansion_M79' will be ignored. (Not spawnable. (Scope is not public?))
16:09:51.531 !!! [CE][offlineDB] :: Type 'ExpansionFlaregun' will be ignored. (Not spawnable. (Scope is not public?))
16:09:51.531 !!! [CE][offlineDB] :: Type 'Expansion_Longhorn' will be ignored. (Not spawnable. (Scope is not public?))
16:09:51.631 !!! [CE][DE][SPAWNS] :: [WARNING] :: Skipping entry for non-existing event 'VehicleTransitBus'.
16:09:51.632 [CE][DE][SPAWNS] :: Total positions: 987
16:09:51.632 [CE][DE][GROUPS] :: Total eventgroups defined: 83, Eventgroups in use: 83
16:09:51.632 [CE][Storage] ver:0 stamp:0, valid:NO, name:"C:\Program Files (x86)\Steam\steamapps\common\DayZServerAug2\mpmissions\Expansion.chernarusplus\storage_1\data\events.bin"
16:09:51.632 [CE][Storage] ver:0 stamp:0, valid:NO, name:"C:\Program Files (x86)\Steam\steamapps\common\DayZServerAug2\mpmissions\Expansion.chernarusplus\storage_1\data\events.001"
16:09:51.632 [CE][Storage] ver:0 stamp:0, valid:NO, name:"C:\Program Files (x86)\Steam\steamapps\common\DayZServerAug2\mpmissions\Expansion.chernarusplus\storage_1\data\events.002"
16:09:51.632 [CE][Storage] ver:0 stamp:0, valid:NO, name:"C:\Program Files (x86)\Steam\steamapps\common\DayZServerAug2\mpmissions\Expansion.chernarusplus\storage_1\data\dynamic_000.bin"
16:09:51.632 [CE][Storage] ver:0 stamp:0, valid:NO, name:"C:\Program Files (x86)\Steam\steamapps\common\DayZServerAug2\mpmissions\Expansion.chernarusplus\storage_1\data\dynamic_000.001"
16:09:51.632 [CE][Storage] ver:0 stamp:0, valid:NO, name:"C:\Program Files (x86)\Steam\steamapps\common\DayZServerAug2\mpmissions\Expansion.chernarusplus\storage_1\data\dynamic_000.002"
16:09:51.633 [CE][Storage] ver:0 stamp:0, valid:NO, name:"C:\Program Files (x86)\Steam\steamapps\common\DayZServerAug2\mpmissions\Expansion.chernarusplus\storage_1\data\dynamic_001.bin"
16:09:51.633 [CE][Storage] ver:0 stamp:0, valid:NO, name:"C:\Program Files (x86)\Steam\steamapps\common\DayZServerAug2\mpmissions\Expansion.chernarusplus\storage_1\data\dynamic_001.001"
16:09:51.633 [CE][Storage] ver:0 stamp:0, valid:NO, name:"C:\Program Files (x86)\Steam\steamapps\common\DayZServerAug2\mpmissions\Expansion.chernarusplus\storage_1\data\dynamic_001.002"
16:09:51.633 [CE][Storage] ver:0 stamp:0, valid:NO, name:"C:\Program Files (x86)\Steam\steamapps\common\DayZServerAug2\mpmissions\Expansion.chernarusplus\storage_1\data\dynamic_002.bin"
16:09:51.633 [CE][Storage] ver:0 stamp:0, valid:NO, name:"C:\Program Files (x86)\Steam\steamapps\common\DayZServerAug2\mpmissions\Expansion.chernarusplus\storage_1\data\dynamic_002.001"
16:09:51.634 [CE][Storage] ver:0 stamp:0, valid:NO, name:"C:\Program Files (x86)\Steam\steamapps\common\DayZServerAug2\mpmissions\Expansion.chernarusplus\storage_1\data\dynamic_002.002"
16:09:51.634 [CE][Storage] ver:0 stamp:0, valid:NO, name:"C:\Program Files (x86)\Steam\steamapps\common\DayZServerAug2\mpmissions\Expansion.chernarusplus\storage_1\data\dynamic_003.bin"
16:09:51.634 [CE][Storage] ver:0 stamp:0, valid:NO, name:"C:\Program Files (x86)\Steam\steamapps\common\DayZServerAug2\mpmissions\Expansion.chernarusplus\storage_1\data\dynamic_003.001"
16:09:51.634 [CE][Storage] ver:0 stamp:0, valid:NO, name:"C:\Program Files (x86)\Steam\steamapps\common\DayZServerAug2\mpmissions\Expansion.chernarusplus\storage_1\data\dynamic_003.002"
16:09:51.634 [CE][Storage] ver:0 stamp:0, valid:NO, name:"C:\Program Files (x86)\Steam\steamapps\common\DayZServerAug2\mpmissions\Expansion.chernarusplus\storage_1\data\dynamic_004.bin"
16:09:51.634 [CE][Storage] ver:0 stamp:0, valid:NO, name:"C:\Program Files (x86)\Steam\steamapps\common\DayZServerAug2\mpmissions\Expansion.chernarusplus\storage_1\data\dynamic_004.001"
16:09:51.634 [CE][Storage] ver:0 stamp:0, valid:NO, name:"C:\Program Files (x86)\Steam\steamapps\common\DayZServerAug2\mpmissions\Expansion.chernarusplus\storage_1\data\dynamic_004.002"
16:09:51.634 [CE][Storage] ver:0 stamp:0, valid:NO, name:"C:\Program Files (x86)\Steam\steamapps\common\DayZServerAug2\mpmissions\Expansion.chernarusplus\storage_1\data\dynamic_005.bin"
16:09:51.634 [CE][Storage] ver:0 stamp:0, valid:NO, name:"C:\Program Files (x86)\Steam\steamapps\common\DayZServerAug2\mpmissions\Expansion.chernarusplus\storage_1\data\dynamic_005.001"
16:09:51.635 [CE][Storage] ver:0 stamp:0, valid:NO, name:"C:\Program Files (x86)\Steam\steamapps\common\DayZServerAug2\mpmissions\Expansion.chernarusplus\storage_1\data\dynamic_005.002"
16:09:51.635 [CE][Storage] ver:0 stamp:0, valid:NO, name:"C:\Program Files (x86)\Steam\steamapps\common\DayZServerAug2\mpmissions\Expansion.chernarusplus\storage_1\data\dynamic_006.bin"
16:09:51.635 [CE][Storage] ver:0 stamp:0, valid:NO, name:"C:\Program Files (x86)\Steam\steamapps\common\DayZServerAug2\mpmissions\Expansion.chernarusplus\storage_1\data\dynamic_006.001"
16:09:51.635 [CE][Storage] ver:0 stamp:0, valid:NO, name:"C:\Program Files (x86)\Steam\steamapps\common\DayZServerAug2\mpmissions\Expansion.chernarusplus\storage_1\data\dynamic_006.002"
16:09:51.635 [CE][Storage] ver:0 stamp:0, valid:NO, name:"C:\Program Files (x86)\Steam\steamapps\common\DayZServerAug2\mpmissions\Expansion.chernarusplus\storage_1\data\dynamic_007.bin"
16:09:51.635 [CE][Storage] ver:0 stamp:0, valid:NO, name:"C:\Program Files (x86)\Steam\steamapps\common\DayZServerAug2\mpmissions\Expansion.chernarusplus\storage_1\data\dynamic_007.001"
16:09:51.635 [CE][Storage] ver:0 stamp:0, valid:NO, name:"C:\Program Files (x86)\Steam\steamapps\common\DayZServerAug2\mpmissions\Expansion.chernarusplus\storage_1\data\dynamic_007.002"
16:09:51.636 [CE][Storage] ver:0 stamp:0, valid:NO, name:"C:\Program Files (x86)\Steam\steamapps\common\DayZServerAug2\mpmissions\Expansion.chernarusplus\storage_1\data\dynamic_008.bin"
16:09:51.636 [CE][Storage] ver:0 stamp:0, valid:NO, name:"C:\Program Files (x86)\Steam\steamapps\common\DayZServerAug2\mpmissions\Expansion.chernarusplus\storage_1\data\dynamic_008.001"
16:09:51.636 [CE][Storage] ver:0 stamp:0, valid:NO, name:"C:\Program Files (x86)\Steam\steamapps\common\DayZServerAug2\mpmissions\Expansion.chernarusplus\storage_1\data\dynamic_008.002"
16:09:51.636 [CE][Storage] ver:0 stamp:0, valid:NO, name:"C:\Program Files (x86)\Steam\steamapps\common\DayZServerAug2\mpmissions\Expansion.chernarusplus\storage_1\data\dynamic_009.bin"
16:09:51.636 [CE][Storage] ver:0 stamp:0, valid:NO, name:"C:\Program Files (x86)\Steam\steamapps\common\DayZServerAug2\mpmissions\Expansion.chernarusplus\storage_1\data\dynamic_009.001"
16:09:51.636 [CE][Storage] ver:0 stamp:0, valid:NO, name:"C:\Program Files (x86)\Steam\steamapps\common\DayZServerAug2\mpmissions\Expansion.chernarusplus\storage_1\data\dynamic_009.002"
16:09:51.636 [CE][Storage] ver:0 stamp:0, valid:NO, name:"C:\Program Files (x86)\Steam\steamapps\common\DayZServerAug2\mpmissions\Expansion.chernarusplus\storage_1\data\dynamic_010.bin"
16:09:51.637 [CE][Storage] ver:0 stamp:0, valid:NO, name:"C:\Program Files (x86)\Steam\steamapps\common\DayZServerAug2\mpmissions\Expansion.chernarusplus\storage_1\data\dynamic_010.001"
16:09:51.637 [CE][Storage] ver:0 stamp:0, valid:NO, name:"C:\Program Files (x86)\Steam\steamapps\common\DayZServerAug2\mpmissions\Expansion.chernarusplus\storage_1\data\dynamic_010.002"
16:09:51.637 [CE][Storage] ver:0 stamp:0, valid:NO, name:"C:\Program Files (x86)\Steam\steamapps\common\DayZServerAug2\mpmissions\Expansion.chernarusplus\storage_1\data\dynamic_011.bin"
16:09:51.637 [CE][Storage] ver:0 stamp:0, valid:NO, name:"C:\Program Files (x86)\Steam\steamapps\common\DayZServerAug2\mpmissions\Expansion.chernarusplus\storage_1\data\dynamic_011.001"
16:09:51.637 [CE][Storage] ver:0 stamp:0, valid:NO, name:"C:\Program Files (x86)\Steam\steamapps\common\DayZServerAug2\mpmissions\Expansion.chernarusplus\storage_1\data\dynamic_011.002"
16:09:51.637 [CE][Storage] ver:0 stamp:0, valid:NO, name:"C:\Program Files (x86)\Steam\steamapps\common\DayZServerAug2\mpmissions\Expansion.chernarusplus\storage_1\data\building.bin"
16:09:51.637 [CE][Storage] ver:0 stamp:0, valid:NO, name:"C:\Program Files (x86)\Steam\steamapps\common\DayZServerAug2\mpmissions\Expansion.chernarusplus\storage_1\data\building.001"
16:09:51.637 [CE][Storage] ver:0 stamp:0, valid:NO, name:"C:\Program Files (x86)\Steam\steamapps\common\DayZServerAug2\mpmissions\Expansion.chernarusplus\storage_1\data\building.002"
16:09:51.637 [CE][Storage] ver:0 stamp:0, valid:NO, name:"C:\Program Files (x86)\Steam\steamapps\common\DayZServerAug2\mpmissions\Expansion.chernarusplus\storage_1\data\vehicles.bin"
16:09:51.637 [CE][Storage] ver:0 stamp:0, valid:NO, name:"C:\Program Files (x86)\Steam\steamapps\common\DayZServerAug2\mpmissions\Expansion.chernarusplus\storage_1\data\vehicles.001"
16:09:51.638 [CE][Storage] ver:0 stamp:0, valid:NO, name:"C:\Program Files (x86)\Steam\steamapps\common\DayZServerAug2\mpmissions\Expansion.chernarusplus\storage_1\data\vehicles.002"
16:09:51.638 [CE][Hive] :: Empty storage folder, reinitializing ... 
16:09:51.639 [CE][Hive] :: Initializing ... 
16:09:51.644 [CE][InitializeMap] :: initialized: 0
16:09:51.644 [CE][Hive] :: Initializing spawners ... 
16:09:52.589 [CE][LootRespawner] (PRIDummy) :: Item [0] causing search overtime: "Truck_01_Door_1_1_GreenRust"
16:09:52.589 [CE][LootRespawner] (PRIDummy) :: Item [1] causing search overtime: "Truck_01_Door_1_1_GreenRust"
16:09:52.590 [CE][LootRespawner] (PRIDummy) :: Item [2] causing search overtime: "Truck_01_Door_1_1_GreenRust"
16:09:52.591 [CE][LootRespawner] (PRIDummy) :: Item [3] causing search overtime: "Truck_01_Door_1_1_GreenRust"
16:09:52.591 [CE][LootRespawner] (PRIDummy) :: Item [4] causing search overtime: "Truck_01_Door_1_1_GreenRust"
16:09:52.592 [CE][LootRespawner] (PRIDummy) :: Item [5] causing search overtime: "Truck_01_Door_1_1_GreenRust"
16:09:52.592 [CE][LootRespawner] (PRIDummy) :: Item [6] causing search overtime: "Truck_01_Door_1_1_GreenRust"
16:09:52.593 [CE][LootRespawner] (PRIDummy) :: Item [7] causing search overtime: "Truck_01_Door_1_1_GreenRust"
16:09:52.593 [CE][LootRespawner] (PRIDummy) :: Item [8] causing search overtime: "Truck_01_Door_1_1_GreenRust"
16:09:52.622 [CE][LootRespawner] (PRIDummy) :: Item [9] causing search overtime: "CivSedanTrunk_WineRust"
16:09:52.623 [CE][LootRespawner] (PRIDummy) :: Item [10] causing search overtime: "CivSedanTrunk_WineRust"
16:09:52.623 [CE][LootRespawner] (PRIDummy) :: Item [11] causing search overtime: "CivSedanTrunk_WineRust"
16:09:52.624 [CE][LootRespawner] (PRIDummy) :: Item [12] causing search overtime: "CivSedanTrunk_WineRust"
16:09:52.624 [CE][LootRespawner] (PRIDummy) :: Item [13] causing search overtime: "CivSedanTrunk_WineRust"
16:09:52.625 [CE][LootRespawner] (PRIDummy) :: Item [14] causing search overtime: "CivSedanTrunk_WineRust"
16:09:52.625 [CE][LootRespawner] (PRIDummy) :: Item [15] causing search overtime: "CivSedanTrunk_WineRust"
16:09:52.626 [CE][LootRespawner] (PRIDummy) :: Item [16] causing search overtime: "CivSedanTrunk_WineRust"
16:09:52.627 [CE][LootRespawner] (PRIDummy) :: Item [17] causing search overtime: "CivSedanTrunk_WineRust"
16:09:52.709 [CE][LootRespawner] (PRIDummy) :: Item [18] causing search overtime: "Sedan_02_Door_2_1_GreyRust"
16:09:52.710 [CE][LootRespawner] (PRIDummy) :: Item [19] causing search overtime: "Sedan_02_Door_2_1_GreyRust"
16:09:52.932 [CE][LootRespawner] (PRIDummy) :: Item [0] is hard to place, performance drops: "NBCBootsYellow"
16:09:52.932 [CE][LootRespawner] (PRIDummy) :: Item [1] is hard to place, performance drops: "NBCBootsYellow"
16:09:54.423 [CE][LootRespawner] (PRIDummy) :: Item [2] is hard to place, performance drops: "GasMask_Filter"
16:09:54.883 !!! [CE][Point] Removing 10852.337891, 2330.460449 from Land_Boat_Small3
16:09:54.924 [CE][LootRespawner] (PRIDummy) :: Item [3] is hard to place, performance drops: "NurseDress_White"
16:09:54.969 [CE][LootRespawner] (PRIDummy) :: Item [4] is hard to place, performance drops: "StartKitIV"
16:09:54.969 [CE][LootRespawner] (PRIDummy) :: Item [5] is hard to place, performance drops: "StartKitIV"
16:09:55.118 [CE][LootRespawner] (PRIDummy) :: Item [6] is hard to place, performance drops: "BomberJacket_Olive"
16:09:55.363 !!! [CE][Point] Removing 4122.791016, 2218.721191 from Land_Boat_Small1
16:09:55.575 [CE][LootRespawner] (PRIDummy) :: Item [7] is hard to place, performance drops: "GorkaEJacket_Autumn"
16:09:55.928 [CE][LootRespawner] (PRIDummy) :: Item [8] is hard to place, performance drops: "HighCapacityVest_Black"
16:09:55.928 [CE][LootRespawner] (PRIDummy) :: Item [9] is hard to place, performance drops: "HighCapacityVest_Black"
16:09:55.928 [CE][LootRespawner] (PRIDummy) :: Item [10] is hard to place, performance drops: "HighCapacityVest_Black"
16:09:56.41 [CE][LootRespawner] (PRIDummy) :: Item [11] is hard to place, performance drops: "TacticalShirt_Olive"
16:09:56.55 [CE][LootRespawner] (PRIDummy) :: Item [12] is hard to place, performance drops: "Mp133Shotgun"
16:09:56.56 [CE][LootRespawner] (PRIDummy) :: Item [13] is hard to place, performance drops: "Mp133Shotgun"
16:09:56.89 [CE][LootRespawner] (PRIDummy) :: Item [14] is hard to place, performance drops: "Mosin9130"
16:09:56.194 [CE][LootRespawner] (PRIDummy) :: Item [15] is hard to place, performance drops: "GorkaEJacket_PautRev"
16:09:56.504 [CE][LootRespawner] (PRIDummy) :: Item [16] is hard to place, performance drops: "SmershVest"
16:09:56.504 [CE][LootRespawner] (PRIDummy) :: Item [17] is hard to place, performance drops: "SmershVest"
16:09:56.504 [CE][LootRespawner] (PRIDummy) :: Item [18] is hard to place, performance drops: "SmershVest"
16:09:56.504 [CE][LootRespawner] (PRIDummy) :: Item [19] is hard to place, performance drops: "SmershVest"
16:09:57.305 !!! [CE][Point] Removing 8013.708984, 12748.233398 from Land_City_Hospital
16:09:58.735 !!! [CE][Point] Removing 11162.427734, 2436.680664 from Land_Boat_Small1
16:09:59.207 [CE][LootRespawner] (PRIDummy) :: Initially (re)spawned:23342, Nominal:23636, Total in Map: 22384 at 6 (sec)
16:09:59.207   tests:23528, repeats:105 fails:81, overtime:1469
16:09:59.207 [CE][VehicleRespawner] (PRIContaminatedArea) :: Initial random enabled for "StaticContaminatedArea" - Chosen nominal: 1
16:09:59.212 [CE][Links] found 0 total links between groups, of 1
16:09:59.212 [CE][SpawnRandomLoot] (StaticHeliCrash) :: Type: Wreck_Mi8_Crashed, lootmin: 10, lootmax: 15, wanted: 11, deloot: 2, containermaxsum: 15
16:09:59.219 [CE][Links] found 0 total links between groups, of 2
16:09:59.219 [CE][SpawnRandomLoot] (StaticHeliCrash) :: Type: Wreck_Mi8_Crashed, lootmin: 10, lootmax: 15, wanted: 11, deloot: 2, containermaxsum: 15
16:09:59.228 [CE][Links] found 0 total links between groups, of 3
16:09:59.228 [CE][SpawnRandomLoot] (StaticHeliCrash) :: Type: Wreck_UH1Y, lootmin: 10, lootmax: 15, wanted: 10, deloot: 2, containermaxsum: 15
16:09:59.234 [CE][Links] found 0 total links between groups, of 4
16:09:59.234 [CE][SpawnRandomLoot] (StaticMilitaryConvoy) :: Type: Land_Wreck_offroad02_aban1_DE, lootmin: 2, lootmax: 3, wanted: 2, deloot: 1, containermaxsum: 3
16:09:59.238 [CE][Links] found 0 total links between groups, of 5
16:09:59.238 [CE][SpawnRandomLoot] (StaticMilitaryConvoy) :: Type: StaticObj_Wreck_BMP2_DE, lootmin: 2, lootmax: 3, wanted: 2, deloot: 1, containermaxsum: 3
16:09:59.240 [CE][Links] found 0 total links between groups, of 6
16:09:59.240 [CE][SpawnRandomLoot] (StaticMilitaryConvoy) :: Type: Land_Wreck_V3S_DE, lootmin: 2, lootmax: 3, wanted: 2, deloot: 1, containermaxsum: 3
16:09:59.242 [CE][Links] found 0 total links between groups, of 7
16:09:59.242 [CE][SpawnRandomLoot] (StaticMilitaryConvoy) :: Type: StaticObj_Wreck_Ural_DE, lootmin: 2, lootmax: 3, wanted: 2, deloot: 1, containermaxsum: 3
16:09:59.242 [CE][Links] found 0 total links between groups, of 8
16:09:59.242 [CE][SpawnRandomLoot] (StaticMilitaryConvoy) :: Type: StaticObj_Wreck_Uaz_DE, lootmin: 2, lootmax: 3, wanted: 2, deloot: 1, containermaxsum: 3
16:09:59.243 [CE][Links] found 0 total links between groups, of 9
16:09:59.243 [CE][SpawnRandomLoot] (StaticMilitaryConvoy) :: Type: Land_wreck_truck01_aban1_green_DE, lootmin: 2, lootmax: 3, wanted: 2, deloot: 1, containermaxsum: 3
16:09:59.247 [CE][Links] found 0 total links between groups, of 10
16:09:59.247 [CE][SpawnRandomLoot] (StaticMilitaryConvoy) :: Type: Land_wreck_truck01_aban2_green_DE, lootmin: 2, lootmax: 3, wanted: 2, deloot: 1, containermaxsum: 3
16:09:59.252 [CE][Links] found 0 total links between groups, of 11
16:09:59.252 [CE][SpawnRandomLoot] (StaticMilitaryConvoy) :: Type: Land_Wreck_offroad02_aban2_DE, lootmin: 2, lootmax: 3, wanted: 2, deloot: 1, containermaxsum: 3
16:09:59.254 [CE][Links] found 0 total links between groups, of 12
16:09:59.254 [CE][SpawnRandomLoot] (StaticMilitaryConvoy) :: Type: Land_Wreck_offroad02_aban1_DE, lootmin: 2, lootmax: 3, wanted: 2, deloot: 1, containermaxsum: 3
16:09:59.258 [CE][Links] found 0 total links between groups, of 13
16:09:59.258 [CE][SpawnRandomLoot] (StaticMilitaryConvoy) :: Type: StaticObj_Wreck_BRDM_DE, lootmin: 2, lootmax: 3, wanted: 2, deloot: 1, containermaxsum: 3
16:09:59.260 [CE][Links] found 0 total links between groups, of 14
16:09:59.260 [CE][SpawnRandomLoot] (StaticMilitaryConvoy) :: Type: StaticObj_Wreck_Uaz_DE, lootmin: 2, lootmax: 3, wanted: 2, deloot: 1, containermaxsum: 3
16:09:59.265 [CE][Links] found 0 total links between groups, of 15
16:09:59.265 [CE][SpawnRandomLoot] (StaticMilitaryConvoy) :: Type: Land_Wreck_V3S_DE, lootmin: 2, lootmax: 3, wanted: 2, deloot: 1, containermaxsum: 3
16:09:59.267 [CE][Links] found 0 total links between groups, of 16
16:09:59.267 [CE][SpawnRandomLoot] (StaticMilitaryConvoy) :: Type: Land_Wreck_offroad02_aban1_DE, lootmin: 2, lootmax: 3, wanted: 2, deloot: 1, containermaxsum: 3
16:09:59.270 [CE][Links] found 0 total links between groups, of 17
16:09:59.270 [CE][SpawnRandomLoot] (StaticMilitaryConvoy) :: Type: Land_wreck_truck01_aban2_green_DE, lootmin: 2, lootmax: 3, wanted: 2, deloot: 1, containermaxsum: 3
16:09:59.272 [CE][Links] found 2 total links between groups, of 18
16:09:59.272 [CE][SpawnRandomLoot] (StaticMilitaryConvoy) :: Type: Land_wreck_truck01_aban1_green_DE, lootmin: 2, lootmax: 3, wanted: 2, deloot: 1, containermaxsum: 3
16:09:59.272 [CE][Links] found 2 total links between groups, of 19
16:09:59.272 [CE][SpawnRandomLoot] (StaticMilitaryConvoy) :: Type: StaticObj_Wreck_BRDM_DE, lootmin: 2, lootmax: 3, wanted: 2, deloot: 1, containermaxsum: 3
16:09:59.274 [CE][Links] found 2 total links between groups, of 20
16:09:59.274 [CE][SpawnRandomLoot] (StaticMilitaryConvoy) :: Type: StaticObj_Wreck_T72_Chassis_DE, lootmin: 2, lootmax: 4, wanted: 2, deloot: 1, containermaxsum: 4
16:09:59.278 [CE][Links] found 2 total links between groups, of 21
16:09:59.278 [CE][SpawnRandomLoot] (StaticMilitaryConvoy) :: Type: Land_Wreck_V3S_DE, lootmin: 2, lootmax: 3, wanted: 2, deloot: 1, containermaxsum: 3
16:09:59.279 [CE][Links] found 2 total links between groups, of 22
16:09:59.279 [CE][SpawnRandomLoot] (StaticMilitaryConvoy) :: Type: StaticObj_Wreck_Uaz_DE, lootmin: 2, lootmax: 3, wanted: 2, deloot: 1, containermaxsum: 3
16:09:59.287 [CE][Links] found 2 total links between groups, of 23
16:09:59.287 [CE][SpawnRandomLoot] (StaticMilitaryConvoy) :: Type: StaticObj_Wreck_BMP1_NoPlacement_DE, lootmin: 2, lootmax: 3, wanted: 2, deloot: 1, containermaxsum: 3
16:09:59.288 [CE][Links] found 2 total links between groups, of 24
16:09:59.288 [CE][SpawnRandomLoot] (StaticMilitaryConvoy) :: Type: StaticObj_Wreck_BRDM_DE, lootmin: 2, lootmax: 3, wanted: 2, deloot: 1, containermaxsum: 3
16:09:59.291 [CE][Links] found 2 total links between groups, of 25
16:09:59.291 [CE][SpawnRandomLoot] (StaticMilitaryConvoy) :: Type: Land_Wreck_V3S_DE, lootmin: 2, lootmax: 3, wanted: 2, deloot: 1, containermaxsum: 3
16:09:59.291 [CE][Links] found 2 total links between groups, of 26
16:09:59.291 [CE][SpawnRandomLoot] (StaticMilitaryConvoy) :: Type: StaticObj_Wreck_Ural_DE, lootmin: 2, lootmax: 3, wanted: 2, deloot: 1, containermaxsum: 3
16:09:59.292 [CE][Links] found 2 total links between groups, of 27
16:09:59.292 [CE][SpawnRandomLoot] (StaticMilitaryConvoy) :: Type: Land_Wreck_offroad02_aban2_DE, lootmin: 2, lootmax: 3, wanted: 2, deloot: 1, containermaxsum: 3
16:09:59.295 [CE][Links] found 2 total links between groups, of 28
16:09:59.295 [CE][SpawnRandomLoot] (StaticMilitaryConvoy) :: Type: StaticObj_Wreck_Uaz_DE, lootmin: 2, lootmax: 3, wanted: 2, deloot: 1, containermaxsum: 3
16:09:59.296 [CE][Links] found 2 total links between groups, of 29
16:09:59.296 [CE][SpawnRandomLoot] (StaticMilitaryConvoy) :: Type: StaticObj_Wreck_BMP2_DE, lootmin: 2, lootmax: 3, wanted: 2, deloot: 1, containermaxsum: 3
16:09:59.300 [CE][Links] found 2 total links between groups, of 30
16:09:59.300 [CE][SpawnRandomLoot] (StaticPoliceSituation) :: Type: Land_Wreck_hb01_aban2_green_DE, lootmin: 2, lootmax: 2, wanted: 2, deloot: 1, containermaxsum: 2
16:09:59.302 [CE][Links] found 2 total links between groups, of 31
16:09:59.302 [CE][SpawnRandomLoot] (StaticPoliceSituation) :: Type: Land_Wreck_sed01_aban1_police_DE, lootmin: 2, lootmax: 4, wanted: 3, deloot: 1, containermaxsum: 4
16:09:59.307 [CE][Links] found 2 total links between groups, of 32
16:09:59.307 [CE][SpawnRandomLoot] (StaticPoliceSituation) :: Type: Land_Wreck_hb02_aban1_red_DE, lootmin: 2, lootmax: 2, wanted: 2, deloot: 1, containermaxsum: 2
16:09:59.310 [CE][Links] found 2 total links between groups, of 33
16:09:59.310 [CE][SpawnRandomLoot] (StaticPoliceSituation) :: Type: Land_Wreck_sed01_aban2_police_DE, lootmin: 2, lootmax: 4, wanted: 3, deloot: 1, containermaxsum: 4
16:09:59.313 [CE][Links] found 2 total links between groups, of 34
16:09:59.313 [CE][SpawnRandomLoot] (StaticPoliceSituation) :: Type: Land_Wreck_sed01_aban2_police_DE, lootmin: 2, lootmax: 4, wanted: 3, deloot: 1, containermaxsum: 4
16:09:59.315 [CE][Links] found 2 total links between groups, of 35
16:09:59.315 [CE][SpawnRandomLoot] (StaticPoliceSituation) :: Type: Land_Wreck_sed01_aban1_police_DE, lootmin: 2, lootmax: 4, wanted: 3, deloot: 1, containermaxsum: 4
16:09:59.317 [CE][Links] found 2 total links between groups, of 36
16:09:59.317 [CE][SpawnRandomLoot] (StaticPoliceSituation) :: Type: Land_Wreck_hb02_aban1_blue_DE, lootmin: 2, lootmax: 2, wanted: 2, deloot: 1, containermaxsum: 2
16:09:59.319 [CE][Links] found 2 total links between groups, of 37
16:09:59.319 [CE][SpawnRandomLoot] (StaticPoliceSituation) :: Type: Land_Wreck_sed02_aban2_yellow_DE, lootmin: 2, lootmax: 2, wanted: 2, deloot: 1, containermaxsum: 2
16:09:59.321 [CE][Links] found 2 total links between groups, of 38
16:09:59.321 [CE][SpawnRandomLoot] (StaticPoliceSituation) :: Type: Land_Wreck_sed01_aban2_police_DE, lootmin: 2, lootmax: 4, wanted: 2, deloot: 1, containermaxsum: 4
16:09:59.323 [CE][Links] found 2 total links between groups, of 39
16:09:59.323 [CE][SpawnRandomLoot] (StaticPoliceSituation) :: Type: Land_Wreck_sed01_aban2_police_DE, lootmin: 2, lootmax: 4, wanted: 3, deloot: 1, containermaxsum: 4
16:09:59.323 [CE][Links] found 4 total links between groups, of 40
16:09:59.323 [CE][SpawnRandomLoot] (StaticPoliceSituation) :: Type: Land_Wreck_sed01_aban1_police_DE, lootmin: 2, lootmax: 4, wanted: 2, deloot: 1, containermaxsum: 4
16:09:59.325 [CE][Links] found 4 total links between groups, of 41
16:09:59.325 [CE][SpawnRandomLoot] (StaticPoliceSituation) :: Type: Land_Wreck_Ikarus_DE, lootmin: 2, lootmax: 3, wanted: 2, deloot: 1, containermaxsum: 3
16:09:59.327 [CE][Links] found 4 total links between groups, of 42
16:09:59.327 [CE][SpawnRandomLoot] (StaticPoliceSituation) :: Type: Land_Wreck_truck01_aban1_blue_DE, lootmin: 2, lootmax: 2, wanted: 2, deloot: 1, containermaxsum: 3
16:09:59.329 [CE][Links] found 4 total links between groups, of 43
16:09:59.329 [CE][SpawnRandomLoot] (StaticPoliceSituation) :: Type: Land_Wreck_sed01_aban2_police_DE, lootmin: 2, lootmax: 4, wanted: 2, deloot: 1, containermaxsum: 4
16:09:59.329 [CE][Links] found 4 total links between groups, of 44
16:09:59.329 [CE][SpawnRandomLoot] (StaticPoliceSituation) :: Type: Land_Wreck_Ikarus_DE, lootmin: 2, lootmax: 3, wanted: 2, deloot: 1, containermaxsum: 3
16:09:59.330 [CE][Links] found 4 total links between groups, of 45
16:09:59.330 [CE][SpawnRandomLoot] (StaticPoliceSituation) :: Type: Land_Wreck_sed01_aban1_police_DE, lootmin: 2, lootmax: 4, wanted: 2, deloot: 1, containermaxsum: 4
16:09:59.332 [CE][Links] found 4 total links between groups, of 46
16:09:59.332 [CE][SpawnRandomLoot] (StaticPoliceSituation) :: Type: Land_Wreck_sed01_aban2_police_DE, lootmin: 2, lootmax: 4, wanted: 2, deloot: 1, containermaxsum: 4
16:09:59.333 [CE][Links] found 4 total links between groups, of 47
16:09:59.333 [CE][SpawnRandomLoot] (StaticPoliceSituation) :: Type: Land_Wreck_truck01_aban2_blue_DE, lootmin: 2, lootmax: 2, wanted: 2, deloot: 1, containermaxsum: 3
16:09:59.334 [CE][Links] found 4 total links between groups, of 48
16:09:59.334 [CE][SpawnRandomLoot] (StaticPoliceSituation) :: Type: Land_Wreck_Ikarus_DE, lootmin: 2, lootmax: 3, wanted: 2, deloot: 1, containermaxsum: 3
16:09:59.336 [CE][Links] found 4 total links between groups, of 49
16:09:59.336 [CE][SpawnRandomLoot] (StaticPoliceSituation) :: Type: Land_Wreck_Ikarus_DE, lootmin: 2, lootmax: 3, wanted: 2, deloot: 1, containermaxsum: 3
16:09:59.337 [CE][Links] found 4 total links between groups, of 50
16:09:59.337 [CE][SpawnRandomLoot] (StaticPoliceSituation) :: Type: Land_Wreck_sed01_aban1_police_DE, lootmin: 2, lootmax: 4, wanted: 2, deloot: 1, containermaxsum: 4
16:09:59.338 [CE][Links] found 4 total links between groups, of 51
16:09:59.339 [CE][SpawnRandomLoot] (StaticTrain) :: Type: StaticObj_Wreck_Train_742_Blue_DE, lootmin: 1, lootmax: 3, wanted: 2, deloot: 0, containermaxsum: 15
16:09:59.339 [CE][Links] found 6 total links between groups, of 52
16:09:59.339 [CE][SpawnRandomLoot] (StaticTrain) :: Type: StaticObj_Wreck_Ural_DE, lootmin: 1, lootmax: 3, wanted: 2, deloot: 0, containermaxsum: 3
16:09:59.343 [CE][Links] found 6 total links between groups, of 53
16:09:59.343 [CE][SpawnRandomLoot] (StaticTrain) :: Type: Land_Train_Wagon_Box_Mil_DE, lootmin: 1, lootmax: 3, wanted: 2, deloot: 0, containermaxsum: 15
16:09:59.344 [CE][Links] found 6 total links between groups, of 54
16:09:59.344 [CE][SpawnRandomLoot] (StaticTrain) :: Type: Land_Train_Wagon_Box_Mil_DE, lootmin: 1, lootmax: 3, wanted: 2, deloot: 0, containermaxsum: 15
16:09:59.344 [CE][Links] found 6 total links between groups, of 55
16:09:59.344 [CE][SpawnRandomLoot] (StaticTrain) :: Type: Land_Train_Wagon_Box_Mil_DE, lootmin: 1, lootmax: 3, wanted: 1, deloot: 0, containermaxsum: 15
16:09:59.345 [CE][Links] found 6 total links between groups, of 56
16:09:59.345 [CE][SpawnRandomLoot] (StaticTrain) :: Type: Land_Train_Wagon_Box_Mil_DE, lootmin: 1, lootmax: 3, wanted: 2, deloot: 0, containermaxsum: 15
16:09:59.347 [CE][Links] found 6 total links between groups, of 57
16:09:59.347 [CE][SpawnRandomLoot] (StaticTrain) :: Type: Land_Train_Wagon_Box_Mil_DE, lootmin: 1, lootmax: 3, wanted: 2, deloot: 0, containermaxsum: 15
16:09:59.347 [CE][Links] found 6 total links between groups, of 58
16:09:59.347 [CE][SpawnRandomLoot] (StaticTrain) :: Type: Land_Train_Wagon_Box_Mil_DE, lootmin: 1, lootmax: 3, wanted: 1, deloot: 0, containermaxsum: 15
16:09:59.348 [CE][Links] found 6 total links between groups, of 59
16:09:59.348 [CE][SpawnRandomLoot] (StaticTrain) :: Type: Land_Train_Wagon_Box_Mil_DE, lootmin: 1, lootmax: 3, wanted: 2, deloot: 0, containermaxsum: 15
16:09:59.350 [CE][Links] found 6 total links between groups, of 60
16:09:59.350 [CE][SpawnRandomLoot] (StaticTrain) :: Type: StaticObj_Train_Wagon_Flat_Industrial_Planks_DE, lootmin: 1, lootmax: 3, wanted: 1, deloot: 0, containermaxsum: 15
16:09:59.351 [CE][Links] found 6 total links between groups, of 61
16:09:59.351 [CE][SpawnRandomLoot] (StaticTrain) :: Type: StaticObj_Wreck_Train_Wagon_Flat_DE, lootmin: 1, lootmax: 3, wanted: 1, deloot: 0, containermaxsum: 15
16:09:59.351 [CE][Links] found 6 total links between groups, of 62
16:09:59.351 [CE][SpawnRandomLoot] (StaticTrain) :: Type: StaticObj_Wreck_Train_Wagon_Flat_DE, lootmin: 1, lootmax: 3, wanted: 1, deloot: 0, containermaxsum: 15
16:09:59.352 [CE][Links] found 8 total links between groups, of 63
16:09:59.352 [CE][SpawnRandomLoot] (StaticTrain) :: Type: Land_Container_1Bo_DE, lootmin: 2, lootmax: 4, wanted: 3, deloot: 0, containermaxsum: 15
16:09:59.353 [CE][Links] found 10 total links between groups, of 64
16:09:59.353 [CE][SpawnRandomLoot] (StaticTrain) :: Type: Land_Container_1Aoh_DE, lootmin: 3, lootmax: 5, wanted: 4, deloot: 0, containermaxsum: 15
16:09:59.356 [CE][Links] found 12 total links between groups, of 65
16:09:59.356 [CE][SpawnRandomLoot] (StaticTrain) :: Type: Land_Container_1Aoh_DE, lootmin: 3, lootmax: 5, wanted: 4, deloot: 0, containermaxsum: 15
16:09:59.358 [CE][Links] found 14 total links between groups, of 66
16:09:59.358 [CE][SpawnRandomLoot] (StaticTrain) :: Type: Land_Container_1Aoh_DE, lootmin: 3, lootmax: 5, wanted: 4, deloot: 0, containermaxsum: 15
16:09:59.359 [CE][Links] found 16 total links between groups, of 67
16:09:59.359 [CE][SpawnRandomLoot] (StaticTrain) :: Type: Land_Container_1Aoh_DE, lootmin: 3, lootmax: 5, wanted: 4, deloot: 0, containermaxsum: 15
16:09:59.362 [CE][Links] found 16 total links between groups, of 68
16:09:59.362 [CE][SpawnRandomLoot] (StaticTrain) :: Type: StaticObj_Wreck_Train_742_Red_Mil_DE, lootmin: 1, lootmax: 3, wanted: 1, deloot: 0, containermaxsum: 15
16:09:59.364 [CE][Links] found 16 total links between groups, of 69
16:09:59.364 [CE][SpawnRandomLoot] (StaticTrain) :: Type: StaticObj_Wreck_BMP2_DE, lootmin: 1, lootmax: 3, wanted: 1, deloot: 0, containermaxsum: 3
16:09:59.365 [CE][Links] found 16 total links between groups, of 70
16:09:59.365 [CE][SpawnRandomLoot] (StaticTrain) :: Type: Land_Train_Wagon_Box_Mil_DE, lootmin: 1, lootmax: 3, wanted: 2, deloot: 0, containermaxsum: 15
16:09:59.365 [CE][Links] found 16 total links between groups, of 71
16:09:59.365 [CE][SpawnRandomLoot] (StaticTrain) :: Type: Land_Train_Wagon_Box_Mil_DE, lootmin: 1, lootmax: 3, wanted: 2, deloot: 0, containermaxsum: 15
16:09:59.366 [CE][Links] found 16 total links between groups, of 72
16:09:59.366 [CE][SpawnRandomLoot] (StaticTrain) :: Type: Land_Train_Wagon_Box_Mil_DE, lootmin: 1, lootmax: 3, wanted: 1, deloot: 0, containermaxsum: 15
16:09:59.368 [CE][Links] found 18 total links between groups, of 73
16:09:59.368 [CE][SpawnRandomLoot] (StaticTrain) :: Type: Land_Train_Wagon_Box_Mil_DE, lootmin: 1, lootmax: 3, wanted: 1, deloot: 0, containermaxsum: 15
16:09:59.370 [CE][Links] found 22 total links between groups, of 74
16:09:59.370 [CE][SpawnRandomLoot] (StaticTrain) :: Type: StaticObj_Wreck_T72_Chassis_DE, lootmin: 1, lootmax: 3, wanted: 2, deloot: 0, containermaxsum: 4
16:09:59.373 [CE][Links] found 22 total links between groups, of 75
16:09:59.373 [CE][SpawnRandomLoot] (StaticTrain) :: Type: StaticObj_Wreck_Train_Wagon_Flat_Mil_DE, lootmin: 1, lootmax: 3, wanted: 2, deloot: 0, containermaxsum: 15
16:09:59.375 [CE][Links] found 22 total links between groups, of 76
16:09:59.375 [CE][SpawnRandomLoot] (StaticTrain) :: Type: StaticObj_Wreck_Train_Wagon_Flat_Mil_DE, lootmin: 1, lootmax: 3, wanted: 2, deloot: 0, containermaxsum: 15
16:09:59.376 [CE][Links] found 22 total links between groups, of 77
16:09:59.376 [CE][SpawnRandomLoot] (StaticTrain) :: Type: StaticObj_Wreck_Train_Wagon_Flat_Mil_DE, lootmin: 1, lootmax: 3, wanted: 2, deloot: 0, containermaxsum: 15
16:09:59.377 [CE][Links] found 24 total links between groups, of 78
16:09:59.377 [CE][SpawnRandomLoot] (StaticTrain) :: Type: Land_Container_1Moh_DE, lootmin: 3, lootmax: 4, wanted: 3, deloot: 0, containermaxsum: 15
16:09:59.378 [CE][Links] found 26 total links between groups, of 79
16:09:59.378 [CE][SpawnRandomLoot] (StaticTrain) :: Type: Land_Container_1Moh_DE, lootmin: 3, lootmax: 4, wanted: 3, deloot: 0, containermaxsum: 15
16:09:59.378 [CE][Links] found 28 total links between groups, of 80
16:09:59.378 [CE][SpawnRandomLoot] (StaticTrain) :: Type: Land_Container_1Moh_DE, lootmin: 3, lootmax: 4, wanted: 3, deloot: 0, containermaxsum: 15
16:09:59.379 [CE][Links] found 30 total links between groups, of 81
16:09:59.379 [CE][SpawnRandomLoot] (StaticTrain) :: Type: Land_Container_1Moh_DE, lootmin: 3, lootmax: 4, wanted: 3, deloot: 0, containermaxsum: 15
16:09:59.380 [CE][Links] found 32 total links between groups, of 82
16:09:59.380 [CE][SpawnRandomLoot] (StaticTrain) :: Type: Land_Container_1Moh_DE, lootmin: 3, lootmax: 4, wanted: 3, deloot: 0, containermaxsum: 15
16:09:59.382 [CE][Links] found 34 total links between groups, of 83
16:09:59.382 [CE][SpawnRandomLoot] (StaticTrain) :: Type: Land_Container_1Moh_DE, lootmin: 3, lootmax: 4, wanted: 3, deloot: 0, containermaxsum: 15
16:09:59.383 [CE][Links] found 34 total links between groups, of 84
16:09:59.383 [CE][SpawnRandomLoot] (StaticTrain) :: Type: Land_Train_Wagon_Box_Mil_DE, lootmin: 1, lootmax: 3, wanted: 2, deloot: 0, containermaxsum: 15
16:09:59.385 [CE][Links] found 34 total links between groups, of 85
16:09:59.385 [CE][SpawnRandomLoot] (StaticTrain) :: Type: StaticObj_Wreck_Train_Wagon_Tanker_Mil_DE, lootmin: 1, lootmax: 3, wanted: 1, deloot: 0, containermaxsum: 15
16:09:59.385 [CE][Links] found 34 total links between groups, of 86
16:09:59.385 [CE][SpawnRandomLoot] (StaticTrain) :: Type: StaticObj_Wreck_Train_Wagon_Tanker_Mil_DE, lootmin: 1, lootmax: 3, wanted: 1, deloot: 0, containermaxsum: 15
16:09:59.389 [CE][Links] found 34 total links between groups, of 87
16:09:59.389 [CE][SpawnRandomLoot] (StaticTrain) :: Type: StaticObj_Wreck_Train_742_Red_DE, lootmin: 1, lootmax: 3, wanted: 2, deloot: 0, containermaxsum: 15
16:09:59.390 [CE][Links] found 36 total links between groups, of 88
16:09:59.390 [CE][SpawnRandomLoot] (StaticTrain) :: Type: Land_Wreck_truck01_aban2_blue_DE, lootmin: 1, lootmax: 3, wanted: 1, deloot: 0, containermaxsum: 3
16:09:59.392 [CE][Links] found 36 total links between groups, of 89
16:09:59.392 [CE][SpawnRandomLoot] (StaticTrain) :: Type: Land_Train_Wagon_Box_DE, lootmin: 2, lootmax: 3, wanted: 2, deloot: 0, containermaxsum: 15
16:09:59.393 [CE][Links] found 36 total links between groups, of 90
16:09:59.393 [CE][SpawnRandomLoot] (StaticTrain) :: Type: Land_Train_Wagon_Box_DE, lootmin: 2, lootmax: 3, wanted: 2, deloot: 0, containermaxsum: 15
16:09:59.394 [CE][Links] found 36 total links between groups, of 91
16:09:59.394 [CE][SpawnRandomLoot] (StaticTrain) :: Type: Land_Train_Wagon_Box_DE, lootmin: 2, lootmax: 3, wanted: 2, deloot: 0, containermaxsum: 15
16:09:59.395 [CE][Links] found 36 total links between groups, of 92
16:09:59.395 [CE][SpawnRandomLoot] (StaticTrain) :: Type: Land_Container_1Aoh_DE, lootmin: 3, lootmax: 5, wanted: 3, deloot: 0, containermaxsum: 15
16:09:59.397 [CE][Links] found 36 total links between groups, of 93
16:09:59.397 [CE][SpawnRandomLoot] (StaticTrain) :: Type: Land_Container_1Aoh_DE, lootmin: 3, lootmax: 5, wanted: 3, deloot: 0, containermaxsum: 15
16:09:59.398 [CE][Links] found 40 total links between groups, of 94
16:09:59.398 [CE][SpawnRandomLoot] (StaticTrain) :: Type: StaticObj_Wreck_Train_Wagon_Flat_DE, lootmin: 1, lootmax: 3, wanted: 1, deloot: 0, containermaxsum: 15
16:09:59.399 [CE][Links] found 40 total links between groups, of 95
16:09:59.399 [CE][SpawnRandomLoot] (StaticTrain) :: Type: Land_Container_1Aoh_DE, lootmin: 3, lootmax: 5, wanted: 4, deloot: 0, containermaxsum: 15
16:09:59.400 [CE][Links] found 40 total links between groups, of 96
16:09:59.400 [CE][SpawnRandomLoot] (StaticTrain) :: Type: Land_Container_1Aoh_DE, lootmin: 3, lootmax: 5, wanted: 3, deloot: 0, containermaxsum: 15
16:09:59.401 [CE][Links] found 40 total links between groups, of 97
16:09:59.401 [CE][SpawnRandomLoot] (StaticTrain) :: Type: Land_Container_1Aoh_DE, lootmin: 3, lootmax: 5, wanted: 3, deloot: 0, containermaxsum: 15
16:09:59.402 [CE][Links] found 40 total links between groups, of 98
16:09:59.402 [CE][SpawnRandomLoot] (StaticTrain) :: Type: Land_Container_1Bo_DE, lootmin: 2, lootmax: 4, wanted: 3, deloot: 0, containermaxsum: 15
16:09:59.403 [CE][Links] found 42 total links between groups, of 99
16:09:59.403 [CE][SpawnRandomLoot] (StaticTrain) :: Type: StaticObj_Wreck_Train_Wagon_Flat_DE, lootmin: 1, lootmax: 3, wanted: 1, deloot: 0, containermaxsum: 15
16:09:59.404 [CE][Links] found 44 total links between groups, of 100
16:09:59.404 [CE][SpawnRandomLoot] (StaticTrain) :: Type: StaticObj_Train_Wagon_Flat_Industrial_Planks_DE, lootmin: 1, lootmax: 3, wanted: 2, deloot: 0, containermaxsum: 15
16:09:59.405 [CE][Links] found 48 total links between groups, of 101
16:09:59.405 [CE][SpawnRandomLoot] (StaticTrain) :: Type: StaticObj_Wreck_Train_Wagon_Flat_DE, lootmin: 1, lootmax: 3, wanted: 2, deloot: 0, containermaxsum: 15
16:09:59.407 [CE][Links] found 48 total links between groups, of 102
16:09:59.407 [CE][SpawnRandomLoot] (StaticTrain) :: Type: StaticObj_Train_Wagon_Flat_Industrial_Barrels_DE, lootmin: 1, lootmax: 3, wanted: 1, deloot: 0, containermaxsum: 15
16:09:59.407 [CE][Links] found 50 total links between groups, of 103
16:09:59.407 [CE][SpawnRandomLoot] (StaticTrain) :: Type: Land_Container_1Bo_DE, lootmin: 2, lootmax: 4, wanted: 2, deloot: 0, containermaxsum: 15
16:09:59.408 [CE][Links] found 52 total links between groups, of 104
16:09:59.408 [CE][SpawnRandomLoot] (StaticTrain) :: Type: Land_Container_1Aoh_DE, lootmin: 3, lootmax: 5, wanted: 3, deloot: 0, containermaxsum: 15
16:09:59.860 !!! [CE][VehicleRespawner] (PRITractor) :: Init: "VehicleTractor" - Failed to spawn the requested amount (3 < 4) within 12 attempts.
16:09:59.952 !!! [CE][VehicleRespawner] (PRIZodiacBoat) :: Init: "VehicleZodiacBoat" - Failed to spawn the requested amount (13 < 16) within 48 attempts.
16:09:59.952 !!! [CE][VehicleRespawner] (PRIGyroHelicopter) :: Init: "VehicleGyroHelicopter" - There are not enough positions in "cfgeventspawns.xml", 1 < 2
16:09:59.958 !!! [CE][VehicleRespawner] (PRIGyroHelicopter) :: Init: "VehicleGyroHelicopter" - Failed to spawn the requested amount (1 < 2) within 6 attempts.
16:09:59.958 [CE][DynEvent] :: 58 types
16:09:59.958 [00] AmbientHen
16:09:59.958   Primary Spawner: "Ambient", active: yes, repeat: 1
16:09:59.958 [01] AnimalBear
16:09:59.958   Primary Spawner: "Animal", active: yes, repeat: 1
16:09:59.958 [02] AnimalCow
16:09:59.958   Primary Spawner: "Animal", active: yes, repeat: 1
16:09:59.958 [03] AnimalDeer
16:09:59.958   Primary Spawner: "Animal", active: yes, repeat: 1
16:09:59.958 [04] AnimalGoat
16:09:59.958   Primary Spawner: "Animal", active: yes, repeat: 1
16:09:59.958 [05] AnimalPig
16:09:59.958   Primary Spawner: "Animal", active: yes, repeat: 1
16:09:59.958 [06] AnimalRoeDeer
16:09:59.958   Primary Spawner: "Animal", active: yes, repeat: 1
16:09:59.958 [07] AnimalSheep
16:09:59.958   Primary Spawner: "Animal", active: yes, repeat: 1
16:09:59.958 [08] AnimalWildBoar
16:09:59.958   Primary Spawner: "Animal", active: yes, repeat: 1
16:09:59.958 [09] AnimalWolf
16:09:59.958   Primary Spawner: "Animal", active: yes, repeat: 1
16:09:59.958 [10] InfectedArmy
16:09:59.958   Primary Spawner: "Infected", active: yes, repeat: 1
16:09:59.958 [11] InfectedArmyHard
16:09:59.958   Primary Spawner: "Infected", active: yes, repeat: 1
16:09:59.958 [12] InfectedCity
16:09:59.958   Primary Spawner: "Infected", active: yes, repeat: 1
16:09:59.958 [13] InfectedCityTier1
16:09:59.958   Primary Spawner: "Infected", active: yes, repeat: 1
16:09:59.958 [14] InfectedFirefighter
16:09:59.958   Primary Spawner: "Infected", active: yes, repeat: 1
16:09:59.958 [15] InfectedIndustrial
16:09:59.958   Primary Spawner: "Infected", active: yes, repeat: 1
16:09:59.958 [16] InfectedMedic
16:09:59.958   Primary Spawner: "Infected", active: yes, repeat: 1
16:09:59.958 [17] InfectedNBC
16:09:59.958   Primary Spawner: "Infected", active: yes, repeat: 1
16:09:59.958 [18] InfectedNBCYellow
16:09:59.958   Primary Spawner: "Infected", active: yes, repeat: 1
16:09:59.958 [19] InfectedPolice
16:09:59.958   Primary Spawner: "Infected", active: yes, repeat: 1
16:09:59.958 [20] InfectedPoliceHard
16:09:59.958   Primary Spawner: "Infected", active: yes, repeat: 1
16:09:59.958 [21] InfectedPrisoner
16:09:59.958   Primary Spawner: "Infected", active: yes, repeat: 1
16:09:59.958 [22] InfectedReligious
16:09:59.958   Primary Spawner: "Infected", active: yes, repeat: 1
16:09:59.958 [23] InfectedSanta
16:09:59.958   Primary Spawner: "Infected", active: yes, repeat: 1
16:09:59.958 [24] InfectedSolitude
16:09:59.958   Primary Spawner: "Infected", active: yes, repeat: 1
16:09:59.958 [25] InfectedVillage
16:09:59.958   Primary Spawner: "Infected", active: yes, repeat: 1
16:09:59.958 [26] InfectedVillageTier1
16:09:59.958   Primary Spawner: "Infected", active: yes, repeat: 1
16:09:59.958 [27] ItemPlanks
16:09:59.958   Primary Spawner: "Item", active: yes, repeat: 1
16:09:59.958 [28] Loot
16:09:59.958   Primary Spawner: "Loot", active: yes, repeat: 2
16:09:59.958 [29] StaticContaminatedArea
16:09:59.958   Primary Spawner: "Static", active: yes, repeat: 1
16:09:59.958 [30] StaticHeliCrash
16:09:59.958   Primary Spawner: "Static", active: yes, repeat: 1
16:09:59.958   Secondary Spawner: "Infected", active: yes, repeat: 1
16:09:59.958 [31] StaticMilitaryConvoy
16:09:59.958   Primary Spawner: "Static", active: yes, repeat: 1
16:09:59.958   Secondary Spawner: "Infected", active: yes, repeat: 1
16:09:59.958 [32] StaticPoliceSituation
16:09:59.958   Primary Spawner: "Static", active: yes, repeat: 1
16:09:59.958   Secondary Spawner: "Infected", active: yes, repeat: 1
16:09:59.958 [33] StaticTrain
16:09:59.958   Primary Spawner: "Static", active: yes, repeat: 1
16:09:59.958   Secondary Spawner: "Infected", active: yes, repeat: 1
16:09:59.958 [34] TrajectoryApple
16:09:59.958   Primary Spawner: "Trajectory", active: yes, repeat: 1
16:09:59.958 [35] TrajectoryConiferous
16:09:59.958   Primary Spawner: "Trajectory", active: yes, repeat: 1
16:09:59.958 [36] TrajectoryDeciduous
16:09:59.958   Primary Spawner: "Trajectory", active: yes, repeat: 1
16:09:59.958 [37] TrajectoryHumus
16:09:59.958   Primary Spawner: "Trajectory", active: yes, repeat: 1
16:09:59.958 [38] TrajectoryPear
16:09:59.958   Primary Spawner: "Trajectory", active: yes, repeat: 1
16:09:59.959 [39] TrajectoryPlum
16:09:59.959   Primary Spawner: "Trajectory", active: yes, repeat: 1
16:09:59.959 [40] TrajectoryStones
16:09:59.959   Primary Spawner: "Trajectory", active: yes, repeat: 1
16:09:59.959 [41] VehicleCivilianSedan
16:09:59.959   Primary Spawner: "Vehicle", active: yes, repeat: 1
16:09:59.959 [42] VehicleHatchback02
16:09:59.959   Primary Spawner: "Vehicle", active: yes, repeat: 1
16:09:59.959 [43] VehicleOffroad02
16:09:59.959   Primary Spawner: "Vehicle", active: yes, repeat: 1
16:09:59.959 [44] VehicleOffroadHatchback
16:09:59.959   Primary Spawner: "Vehicle", active: yes, repeat: 1
16:09:59.959 [45] VehicleSedan02
16:09:59.959   Primary Spawner: "Vehicle", active: yes, repeat: 1
16:09:59.959 [46] VehicleTruck01
16:09:59.959   Primary Spawner: "Vehicle", active: yes, repeat: 1
16:09:59.959 [47] VehicleUAZ
16:09:59.959   Primary Spawner: "Vehicle", active: yes, repeat: 1
16:09:59.959 [48] VehicleVodnik
16:09:59.959   Primary Spawner: "Vehicle", active: yes, repeat: 1
16:09:59.959 [49] VehicleBus
16:09:59.959   Primary Spawner: "Vehicle", active: yes, repeat: 1
16:09:59.959 [50] VehicleTractor
16:09:59.959   Primary Spawner: "Vehicle", active: yes, repeat: 1
16:09:59.959 [51] VehicleLandRover
16:09:59.959   Primary Spawner: "Vehicle", active: yes, repeat: 1
16:09:59.959 [52] VehicleMH6Helicopter
16:09:59.959   Primary Spawner: "Vehicle", active: yes, repeat: 1
16:09:59.959 [53] VehicleMerlinHelicopter
16:09:59.959   Primary Spawner: "Vehicle", active: yes, repeat: 1
16:09:59.959 [54] VehicleUh1hHelicopter
16:09:59.959   Primary Spawner: "Vehicle", active: yes, repeat: 1
16:09:59.959 [55] VehicleUtilityBoat
16:09:59.959   Primary Spawner: "Vehicle", active: yes, repeat: 1
16:09:59.959 [56] VehicleZodiacBoat
16:09:59.959   Primary Spawner: "Vehicle", active: yes, repeat: 1
16:09:59.959 [57] VehicleGyroHelicopter
16:09:59.959   Primary Spawner: "Vehicle", active: yes, repeat: 1
16:09:59.959 [CE][Hive] :: Initializing of spawners done.
16:09:59.967 [CE][Hive] :: Init sequence finished.