

=====================================================================
== C:\Program Files (x86)\Steam\steamapps\common\DayZServerAug2\DayZServer_x64.exe
== "DayZServer_x64.exe" -config=serverDZ.cfg -mod=@CF;@CommunityOnlineTools;@DabsFramework;@DayZ-Editor-Loader;@DayZ-Expansion-Animations;@DayZ-Expansion-Bundle;@DayZ-Expansion-Licensed;@MMG-MightysMilitaryGear;@PvZmoD_CustomisableZombies "-serverMod=_@DayZ-Dynamic-AI-Addon" -port=2302 -profiles=config -cpuCount=4 -adminlog -netlog -freezecheck 
=====================================================================
Exe timestamp: 2023/07/27 17:06:07
Current time:  2023/08/17 14:51:51

Version 1.21.156300
14:51:51.510 [Inputs] Loading inputs default "bin/constants.xml"
14:51:51.513 [Inputs] Loading inputs default "bin/specific.xml"
14:51:51.513 [Inputs] Loading inputs default "JM/COT/Scripts/Data/Inputs.xml"
14:51:51.513 !!! [Inputs] Cannot Register "UAObjectModuleDeleteOnCursor" non-existent input - Fix Preset!
14:51:51.514 [Inputs] Loading inputs default "LIVEN/PvZmoD_CustomisableZombies/inputs.xml"
14:51:51.514 [Inputs] Loading inputs default "DayZExpansion/Groups/Scripts/Data/Inputs.xml"
14:51:51.514 [Inputs] Loading inputs default "DayZExpansion/Navigation/Scripts/Data/Inputs.xml"
14:51:51.514 !!! [Inputs] Attempt to register duplicate exclusion group "chatexpansion"
14:51:51.514 [Inputs] Loading inputs default "DayZExpansion/PlayerList/Scripts/Data/Inputs.xml"
14:51:51.514 !!! [Inputs] Attempt to register duplicate exclusion group "chatexpansion"
14:51:51.514 [Inputs] Loading inputs default "DayZExpansion/Scripts/Data/Inputs.xml"
14:51:51.514 !!! [Inputs] Attempt to register duplicate exclusion group "chatexpansion"
14:51:51.515 [Inputs] Loading inputs default "DayZExpansion/Vehicles/Scripts/Data/Inputs.xml"
14:51:51.515 [Inputs] Loading inputs default "DayZExpansion/AI/Scripts/inputs.xml"
14:51:51.515 [Inputs] Loading inputs default "DayZExpansion/BaseBuilding/Scripts/Data/Inputs.xml"
14:51:51.515 !!! [Inputs] Attempt to register duplicate exclusion group "chatexpansion"
14:51:51.516 [Inputs] Loading inputs default "DayZExpansion/Book/Scripts/Data/Inputs.xml"
14:51:51.516 !!! [Inputs] Attempt to register duplicate exclusion group "chatexpansion"
14:51:51.516 [Inputs] Loading inputs default "DayZExpansion/Chat/Scripts/Data/Inputs.xml"
14:51:51.516 !!! [Inputs] Attempt to register duplicate exclusion group "chatexpansion"
14:51:51.516 [Inputs] Loading inputs default "DayZExpansion/Quests/Scripts/Data/Inputs.xml"
14:51:51.516 [Inputs] Loading inputs cfg "config\Users\Survivor\Server.core.xml"
14:51:51.516 !!! [Inputs] Cannot read inputs cfg "config\Users\Survivor\Server.core.xml", parser error
14:51:51.516 [Inputs] Loading inputs cfg "bin/core.xml"
14:51:51.516 !!! [Inputs] Cannot load input preset "#STR_USER", file does not exist
14:51:51.517 [Inputs] Exporting inputs cfg "config\Users\Survivor\Server.core.xml"
14:52:11.394 [CE][Hive] :: Initializing OFFLINE
14:52:11.394 [StorageDirs] :: Selected storage directory: C:\Program Files (x86)\Steam\steamapps\common\DayZServerAug2\mpmissions\Expansion.chernarusplus\storage_1\
14:52:11.394 [CE][Hive] :: Loading core data ... 
14:52:11.398 [CE][CoreData] :: 7 root classes, 18 defaults, 0 updaters...
14:52:14.24 [CE] :: WARNING :: Preset map "optics" is EMPTY.
14:52:14.25 [CE][TypeSetup] :: 505 classes setuped...
14:52:14.32 [CE] :: WARNING :: Preset map "optics" is EMPTY.
14:52:14.32 [CE][TypeSetup] :: 97 classes setuped...
14:52:14.39 [CE] :: WARNING :: Preset map "optics" is EMPTY.
14:52:14.40 [CE][TypeSetup] :: 206 classes setuped...
14:52:15.109 [CE][RegisterBind] :: 0 classes binded...
14:52:15.109 [CE][RegisterConfig] :: 11818 config classes registered, 0 sub-counters...
14:52:15.109 [CE][Hive] :: Loading map data ... 
14:52:15.122 [CE][IgnoreList] "cfgignorelist.xml" :: loaded 19 types
14:52:15.170 !!! [CE] :: Unknown category: 'vehicleparts'.
14:52:15.170 !!! [CE] :: Unknown category: 'vehicleparts'.
14:52:15.170 !!! [CE] :: Unknown category: 'vehicleparts'.
14:52:15.170 !!! [CE] :: Unknown category: 'vehicleparts'.
14:52:15.170 !!! [CE] :: Unknown category: 'vehicleparts'.
14:52:15.170 !!! [CE] :: Unknown category: 'vehicleparts'.
14:52:15.171 !!! [CE] :: Unknown category: 'vehicleparts'.
14:52:15.171 !!! [CE] :: Unknown category: 'vehicleparts'.
14:52:15.171 !!! [CE] :: Unknown category: 'vehicleparts'.
14:52:15.171 !!! [CE] :: Unknown category: 'vehicleparts'.
14:52:15.171 !!! [CE] :: Unknown category: 'vehicleparts'.
14:52:15.171 !!! [CE] :: Unknown category: 'vehicleparts'.
14:52:15.171 !!! [CE] :: Unknown category: 'vehicleparts'.
14:52:15.171 !!! [CE] :: Unknown category: 'vehicleparts'.
14:52:15.171 !!! [CE] :: Unknown category: 'vehicleparts'.
14:52:15.171 !!! [CE] :: Unknown category: 'vehicleparts'.
14:52:15.171 !!! [CE] :: Unknown category: 'vehicleparts'.
14:52:15.171 !!! [CE] :: Unknown category: 'vehicleparts'.
14:52:15.171 !!! [CE] :: Unknown category: 'vehicleparts'.
14:52:15.171 !!! [CE] :: Unknown category: 'vehicleparts'.
14:52:15.171 !!! [CE] :: Unknown category: 'vehicleparts'.
14:52:15.171 !!! [CE] :: Unknown category: 'vehicleparts'.
14:52:15.171 !!! [CE] :: Unknown category: 'vehicleparts'.
14:52:15.171 !!! [CE] :: Unknown category: 'vehicleparts'.
14:52:15.171 !!! [CE] :: Unknown category: 'vehicleparts'.
14:52:15.171 !!! [CE] :: Unknown category: 'vehicleparts'.
14:52:15.171 !!! [CE] :: Unknown category: 'vehicleparts'.
14:52:15.171 !!! [CE] :: Unknown category: 'vehicleparts'.
14:52:15.172 !!! [CE] :: Unknown category: 'vehicleparts'.
14:52:15.172 !!! [CE] :: Unknown category: 'vehicleparts'.
14:52:15.172 !!! [CE] :: Unknown category: 'vehicleparts'.
14:52:15.172 !!! [CE] :: Unknown category: 'vehicleparts'.
14:52:15.172 !!! [CE] :: Unknown category: 'vehicleparts'.
14:52:15.172 !!! [CE] :: Unknown category: 'vehicleparts'.
14:52:15.172 !!! [CE] :: Unknown category: 'vehicleparts'.
14:52:15.172 !!! [CE] :: Unknown category: 'vehicleparts'.
14:52:15.172 !!! [CE] :: Unknown category: 'vehicleparts'.
14:52:15.172 !!! [CE] :: Unknown category: 'vehicleparts'.
14:52:15.172 !!! [CE] :: Unknown category: 'vehicleparts'.
14:52:15.172 !!! [CE] :: Unknown category: 'vehicleparts'.
14:52:15.172 !!! [CE] :: Unknown category: 'vehicleparts'.
14:52:15.172 !!! [CE] :: Unknown category: 'vehicleparts'.
14:52:15.172 !!! [CE] :: Unknown category: 'vehicleparts'.
14:52:15.172 !!! [CE] :: Unknown category: 'vehicleparts'.
14:52:15.172 !!! [CE] :: Unknown category: 'vehicleparts'.
14:52:15.172 !!! [CE] :: Unknown category: 'vehicleparts'.
14:52:15.172 !!! [CE] :: Unknown category: 'vehicleparts'.
14:52:15.172 !!! [CE] :: Unknown category: 'vehicleparts'.
14:52:15.172 !!! [CE] :: Unknown category: 'vehicleparts'.
14:52:15.172 !!! [CE] :: Unknown category: 'vehicleparts'.
14:52:15.172 !!! [CE] :: Unknown category: 'vehicleparts'.
14:52:15.172 !!! [CE] :: Unknown category: 'vehicleparts'.
14:52:15.172 [CE][LoadPrototype] :: loaded 413 prototypes
14:52:15.172   799 containers, 10078 points
14:52:15.172   66 dispatches, 239 proxies
14:52:15.172 !!! [CE][LoadPrototype] 5 groups have no points...
14:52:15.172 [CE][LoadPrototype] :: last group name: Land_Wreck_sed02_aban2_red_DE...
14:52:15.178 [CE][LoadPrototype] :: loaded 0 prototypes
14:52:15.179   55 containers, 232 points
14:52:15.179   0 dispatches, 0 proxies
14:52:15.179 [CE][LoadPrototype] :: last group name: Rail9...
14:52:15.798 [CE][LoadMap] "Group" :: loaded 11709 groups, groups failed: 0, largest group range: 34.2
14:52:15.803 [CE][LoadMap] "Dirt" :: loaded 0 groups, groups failed: 0, largest group range: 34.2
14:52:16.58 [CE][Links] found 1908 total links between groups, of 11709
14:52:16.58 [CE][LoadClusters] "Cluster" :: Loading files...
14:52:16.226 [CE][LoadClusters] :: file: "mapgroupcluster.xml", 9 types, 50000 instances
14:52:16.389 [CE][LoadClusters] :: file: "mapgroupcluster01", 9 types, 50000 instances
14:52:16.552 [CE][LoadClusters] :: file: "mapgroupcluster02", 9 types, 50000 instances
14:52:16.716 [CE][LoadClusters] :: file: "mapgroupcluster03", 9 types, 50000 instances
14:52:16.780 [CE][LoadClusters] :: file: "mapgroupcluster04", 9 types, 17347 instances
14:52:16.785 [CE][Storage] ver:21 stamp:16, valid:yes, name:"C:\Program Files (x86)\Steam\steamapps\common\DayZServerAug2\mpmissions\Expansion.chernarusplus\storage_1\data\types.bin"
14:52:16.789 [CE][Storage] ver:21 stamp:13, valid:yes, name:"C:\Program Files (x86)\Steam\steamapps\common\DayZServerAug2\mpmissions\Expansion.chernarusplus\storage_1\data\types.001"
14:52:16.792 [CE][Storage] ver:21 stamp:14, valid:yes, name:"C:\Program Files (x86)\Steam\steamapps\common\DayZServerAug2\mpmissions\Expansion.chernarusplus\storage_1\data\types.002"
14:52:16.793 [CE][Storage] Restoring file "C:\Program Files (x86)\Steam\steamapps\common\DayZServerAug2\mpmissions\Expansion.chernarusplus\storage_1\data\types.bin".
14:52:16.910 !!! [CE][offlineDB] :: No Shutdown message present.
14:52:16.917 [CE][offlineDB] :: Loaded 47 dynamic events 225 total types.
14:52:16.921 !!! [CE][DE] (VehicleTruck01) :: Unable to create child (Truck_01_Covered_Grey) as the type does not exist.
14:52:16.921 [CE][offlineDB] :: Loaded 58 dynamic events 289 total types.
14:52:16.949 !!! [CE][offlineDB] :: Type 'ChristmasTree' will be ignored. (Not spawnable. (Scope is not public?))
14:52:16.962 !!! [CE][offlineDB] :: Type 'Expansion_M79' will be ignored. (Not spawnable. (Scope is not public?))
14:52:16.962 !!! [CE][offlineDB] :: Type 'ExpansionFlaregun' will be ignored. (Not spawnable. (Scope is not public?))
14:52:16.962 !!! [CE][offlineDB] :: Type 'Expansion_Longhorn' will be ignored. (Not spawnable. (Scope is not public?))
14:52:16.985 !!! [CE][offlineDB] :: Type 'MMG_tactical_shirt_dark_woodland' will be ignored. (Type does not exist. (Typo?))
14:52:17.00 !!! [CE][offlineDB] :: Type 'MMG_mmps_nag_multicamblack' will be ignored. (Type does not exist. (Typo?))
14:52:17.03 !!! [CE][offlineDB] :: Type 'MMG_assault_pack_multicam_tropic' will be ignored. (Type does not exist. (Typo?))
14:52:17.150 !!! [CE][DE][SPAWNS] :: [WARNING] :: Skipping entry for non-existing event 'VehicleTransitBus'.
14:52:17.150 [CE][DE][SPAWNS] :: Total positions: 987
14:52:17.150 [CE][DE][GROUPS] :: Total eventgroups defined: 83, Eventgroups in use: 83
14:52:17.153 [CE][Storage] ver:21 stamp:16, valid:yes, name:"C:\Program Files (x86)\Steam\steamapps\common\DayZServerAug2\mpmissions\Expansion.chernarusplus\storage_1\data\events.bin"
14:52:17.157 [CE][Storage] ver:21 stamp:13, valid:yes, name:"C:\Program Files (x86)\Steam\steamapps\common\DayZServerAug2\mpmissions\Expansion.chernarusplus\storage_1\data\events.001"
14:52:17.160 [CE][Storage] ver:21 stamp:14, valid:yes, name:"C:\Program Files (x86)\Steam\steamapps\common\DayZServerAug2\mpmissions\Expansion.chernarusplus\storage_1\data\events.002"
14:52:17.161 [CE][Storage] Restoring file "C:\Program Files (x86)\Steam\steamapps\common\DayZServerAug2\mpmissions\Expansion.chernarusplus\storage_1\data\events.bin".
14:52:17.161 [CE][DynamicEvent] Load  Events:[58] Primary spawners: 58 Secondary spawners: 4
14:52:17.165 [CE][Storage] ver:25 stamp:16, valid:yes, name:"C:\Program Files (x86)\Steam\steamapps\common\DayZServerAug2\mpmissions\Expansion.chernarusplus\storage_1\data\dynamic_000.bin"
14:52:17.169 [CE][Storage] ver:25 stamp:13, valid:yes, name:"C:\Program Files (x86)\Steam\steamapps\common\DayZServerAug2\mpmissions\Expansion.chernarusplus\storage_1\data\dynamic_000.001"
14:52:17.172 [CE][Storage] ver:25 stamp:14, valid:yes, name:"C:\Program Files (x86)\Steam\steamapps\common\DayZServerAug2\mpmissions\Expansion.chernarusplus\storage_1\data\dynamic_000.002"
14:52:17.173 [CE][Storage] Restoring file "C:\Program Files (x86)\Steam\steamapps\common\DayZServerAug2\mpmissions\Expansion.chernarusplus\storage_1\data\dynamic_000.bin" 1205 items.
14:52:17.719   1205 items loaded. (0 failed)
14:52:17.724 [CE][Storage] ver:25 stamp:16, valid:yes, name:"C:\Program Files (x86)\Steam\steamapps\common\DayZServerAug2\mpmissions\Expansion.chernarusplus\storage_1\data\dynamic_001.bin"
14:52:17.727 [CE][Storage] ver:25 stamp:13, valid:yes, name:"C:\Program Files (x86)\Steam\steamapps\common\DayZServerAug2\mpmissions\Expansion.chernarusplus\storage_1\data\dynamic_001.001"
14:52:17.730 [CE][Storage] ver:25 stamp:14, valid:yes, name:"C:\Program Files (x86)\Steam\steamapps\common\DayZServerAug2\mpmissions\Expansion.chernarusplus\storage_1\data\dynamic_001.002"
14:52:17.731 [CE][Storage] Restoring file "C:\Program Files (x86)\Steam\steamapps\common\DayZServerAug2\mpmissions\Expansion.chernarusplus\storage_1\data\dynamic_001.bin" 2127 items.
14:52:18.489   2127 items loaded. (0 failed)
14:52:18.494 [CE][Storage] ver:25 stamp:16, valid:yes, name:"C:\Program Files (x86)\Steam\steamapps\common\DayZServerAug2\mpmissions\Expansion.chernarusplus\storage_1\data\dynamic_002.bin"
14:52:18.498 [CE][Storage] ver:25 stamp:13, valid:yes, name:"C:\Program Files (x86)\Steam\steamapps\common\DayZServerAug2\mpmissions\Expansion.chernarusplus\storage_1\data\dynamic_002.001"
14:52:18.502 [CE][Storage] ver:25 stamp:14, valid:yes, name:"C:\Program Files (x86)\Steam\steamapps\common\DayZServerAug2\mpmissions\Expansion.chernarusplus\storage_1\data\dynamic_002.002"
14:52:18.502 [CE][Storage] Restoring file "C:\Program Files (x86)\Steam\steamapps\common\DayZServerAug2\mpmissions\Expansion.chernarusplus\storage_1\data\dynamic_002.bin" 3281 items.
14:52:19.573   3281 items loaded. (0 failed)
14:52:19.579 [CE][Storage] ver:25 stamp:16, valid:yes, name:"C:\Program Files (x86)\Steam\steamapps\common\DayZServerAug2\mpmissions\Expansion.chernarusplus\storage_1\data\dynamic_003.bin"
14:52:19.582 [CE][Storage] ver:25 stamp:13, valid:yes, name:"C:\Program Files (x86)\Steam\steamapps\common\DayZServerAug2\mpmissions\Expansion.chernarusplus\storage_1\data\dynamic_003.001"
14:52:19.586 [CE][Storage] ver:25 stamp:14, valid:yes, name:"C:\Program Files (x86)\Steam\steamapps\common\DayZServerAug2\mpmissions\Expansion.chernarusplus\storage_1\data\dynamic_003.002"
14:52:19.586 [CE][Storage] Restoring file "C:\Program Files (x86)\Steam\steamapps\common\DayZServerAug2\mpmissions\Expansion.chernarusplus\storage_1\data\dynamic_003.bin" 2781 items.
14:52:20.528   2781 items loaded. (0 failed)
14:52:20.532 [CE][Storage] ver:25 stamp:16, valid:yes, name:"C:\Program Files (x86)\Steam\steamapps\common\DayZServerAug2\mpmissions\Expansion.chernarusplus\storage_1\data\dynamic_004.bin"
14:52:20.536 [CE][Storage] ver:25 stamp:13, valid:yes, name:"C:\Program Files (x86)\Steam\steamapps\common\DayZServerAug2\mpmissions\Expansion.chernarusplus\storage_1\data\dynamic_004.001"
14:52:20.539 [CE][Storage] ver:25 stamp:14, valid:yes, name:"C:\Program Files (x86)\Steam\steamapps\common\DayZServerAug2\mpmissions\Expansion.chernarusplus\storage_1\data\dynamic_004.002"
14:52:20.540 [CE][Storage] Restoring file "C:\Program Files (x86)\Steam\steamapps\common\DayZServerAug2\mpmissions\Expansion.chernarusplus\storage_1\data\dynamic_004.bin" 2492 items.
14:52:21.385   2492 items loaded. (0 failed)
14:52:21.389 [CE][Storage] ver:25 stamp:16, valid:yes, name:"C:\Program Files (x86)\Steam\steamapps\common\DayZServerAug2\mpmissions\Expansion.chernarusplus\storage_1\data\dynamic_005.bin"
14:52:21.393 [CE][Storage] ver:25 stamp:13, valid:yes, name:"C:\Program Files (x86)\Steam\steamapps\common\DayZServerAug2\mpmissions\Expansion.chernarusplus\storage_1\data\dynamic_005.001"
14:52:21.397 [CE][Storage] ver:25 stamp:14, valid:yes, name:"C:\Program Files (x86)\Steam\steamapps\common\DayZServerAug2\mpmissions\Expansion.chernarusplus\storage_1\data\dynamic_005.002"
14:52:21.397 [CE][Storage] Restoring file "C:\Program Files (x86)\Steam\steamapps\common\DayZServerAug2\mpmissions\Expansion.chernarusplus\storage_1\data\dynamic_005.bin" 2865 items.
14:52:22.392   2865 items loaded. (0 failed)
14:52:22.397 [CE][Storage] ver:25 stamp:16, valid:yes, name:"C:\Program Files (x86)\Steam\steamapps\common\DayZServerAug2\mpmissions\Expansion.chernarusplus\storage_1\data\dynamic_006.bin"
14:52:22.400 [CE][Storage] ver:25 stamp:13, valid:yes, name:"C:\Program Files (x86)\Steam\steamapps\common\DayZServerAug2\mpmissions\Expansion.chernarusplus\storage_1\data\dynamic_006.001"
14:52:22.403 [CE][Storage] ver:25 stamp:14, valid:yes, name:"C:\Program Files (x86)\Steam\steamapps\common\DayZServerAug2\mpmissions\Expansion.chernarusplus\storage_1\data\dynamic_006.002"
14:52:22.403 [CE][Storage] Restoring file "C:\Program Files (x86)\Steam\steamapps\common\DayZServerAug2\mpmissions\Expansion.chernarusplus\storage_1\data\dynamic_006.bin" 2004 items.
14:52:23.53   2004 items loaded. (0 failed)
14:52:23.57 [CE][Storage] ver:25 stamp:16, valid:yes, name:"C:\Program Files (x86)\Steam\steamapps\common\DayZServerAug2\mpmissions\Expansion.chernarusplus\storage_1\data\dynamic_007.bin"
14:52:23.61 [CE][Storage] ver:25 stamp:13, valid:yes, name:"C:\Program Files (x86)\Steam\steamapps\common\DayZServerAug2\mpmissions\Expansion.chernarusplus\storage_1\data\dynamic_007.001"
14:52:23.65 [CE][Storage] ver:25 stamp:14, valid:yes, name:"C:\Program Files (x86)\Steam\steamapps\common\DayZServerAug2\mpmissions\Expansion.chernarusplus\storage_1\data\dynamic_007.002"
14:52:23.65 [CE][Storage] Restoring file "C:\Program Files (x86)\Steam\steamapps\common\DayZServerAug2\mpmissions\Expansion.chernarusplus\storage_1\data\dynamic_007.bin" 1951 items.
14:52:23.723   1951 items loaded. (0 failed)
14:52:23.728 [CE][Storage] ver:25 stamp:16, valid:yes, name:"C:\Program Files (x86)\Steam\steamapps\common\DayZServerAug2\mpmissions\Expansion.chernarusplus\storage_1\data\dynamic_008.bin"
14:52:23.731 [CE][Storage] ver:25 stamp:13, valid:yes, name:"C:\Program Files (x86)\Steam\steamapps\common\DayZServerAug2\mpmissions\Expansion.chernarusplus\storage_1\data\dynamic_008.001"
14:52:23.735 [CE][Storage] ver:25 stamp:14, valid:yes, name:"C:\Program Files (x86)\Steam\steamapps\common\DayZServerAug2\mpmissions\Expansion.chernarusplus\storage_1\data\dynamic_008.002"
14:52:23.735 [CE][Storage] Restoring file "C:\Program Files (x86)\Steam\steamapps\common\DayZServerAug2\mpmissions\Expansion.chernarusplus\storage_1\data\dynamic_008.bin" 2844 items.
14:52:24.709   2844 items loaded. (0 failed)
14:52:24.717 [CE][Storage] ver:25 stamp:16, valid:yes, name:"C:\Program Files (x86)\Steam\steamapps\common\DayZServerAug2\mpmissions\Expansion.chernarusplus\storage_1\data\dynamic_009.bin"
14:52:24.721 [CE][Storage] ver:25 stamp:13, valid:yes, name:"C:\Program Files (x86)\Steam\steamapps\common\DayZServerAug2\mpmissions\Expansion.chernarusplus\storage_1\data\dynamic_009.001"
14:52:24.725 [CE][Storage] ver:25 stamp:14, valid:yes, name:"C:\Program Files (x86)\Steam\steamapps\common\DayZServerAug2\mpmissions\Expansion.chernarusplus\storage_1\data\dynamic_009.002"
14:52:24.725 [CE][Storage] Restoring file "C:\Program Files (x86)\Steam\steamapps\common\DayZServerAug2\mpmissions\Expansion.chernarusplus\storage_1\data\dynamic_009.bin" 3630 items.
14:52:25.985   3630 items loaded. (0 failed)
14:52:25.990 [CE][Storage] ver:25 stamp:16, valid:yes, name:"C:\Program Files (x86)\Steam\steamapps\common\DayZServerAug2\mpmissions\Expansion.chernarusplus\storage_1\data\dynamic_010.bin"
14:52:25.993 [CE][Storage] ver:25 stamp:13, valid:yes, name:"C:\Program Files (x86)\Steam\steamapps\common\DayZServerAug2\mpmissions\Expansion.chernarusplus\storage_1\data\dynamic_010.001"
14:52:25.996 [CE][Storage] ver:25 stamp:14, valid:yes, name:"C:\Program Files (x86)\Steam\steamapps\common\DayZServerAug2\mpmissions\Expansion.chernarusplus\storage_1\data\dynamic_010.002"
14:52:25.996 [CE][Storage] Restoring file "C:\Program Files (x86)\Steam\steamapps\common\DayZServerAug2\mpmissions\Expansion.chernarusplus\storage_1\data\dynamic_010.bin" 2389 items.
14:52:26.825   2389 items loaded. (0 failed)
14:52:26.830 [CE][Storage] ver:25 stamp:16, valid:yes, name:"C:\Program Files (x86)\Steam\steamapps\common\DayZServerAug2\mpmissions\Expansion.chernarusplus\storage_1\data\dynamic_011.bin"
14:52:26.834 [CE][Storage] ver:25 stamp:13, valid:yes, name:"C:\Program Files (x86)\Steam\steamapps\common\DayZServerAug2\mpmissions\Expansion.chernarusplus\storage_1\data\dynamic_011.001"
14:52:26.837 [CE][Storage] ver:25 stamp:14, valid:yes, name:"C:\Program Files (x86)\Steam\steamapps\common\DayZServerAug2\mpmissions\Expansion.chernarusplus\storage_1\data\dynamic_011.002"
14:52:26.837 [CE][Storage] Restoring file "C:\Program Files (x86)\Steam\steamapps\common\DayZServerAug2\mpmissions\Expansion.chernarusplus\storage_1\data\dynamic_011.bin" 225 items.
14:52:26.915   225 items loaded. (0 failed)
14:52:26.919 [CE][Storage] ver:26 stamp:16, valid:yes, name:"C:\Program Files (x86)\Steam\steamapps\common\DayZServerAug2\mpmissions\Expansion.chernarusplus\storage_1\data\building.bin"
14:52:26.921 [CE][Storage] ver:26 stamp:13, valid:yes, name:"C:\Program Files (x86)\Steam\steamapps\common\DayZServerAug2\mpmissions\Expansion.chernarusplus\storage_1\data\building.001"
14:52:26.923 [CE][Storage] ver:26 stamp:14, valid:yes, name:"C:\Program Files (x86)\Steam\steamapps\common\DayZServerAug2\mpmissions\Expansion.chernarusplus\storage_1\data\building.002"
14:52:26.923 [CE][Storage] Restoring file "C:\Program Files (x86)\Steam\steamapps\common\DayZServerAug2\mpmissions\Expansion.chernarusplus\storage_1\data\building.bin" 0 items.
14:52:26.923   0 items loaded. (0 failed)
14:52:26.927 [CE][Storage] ver:25 stamp:16, valid:yes, name:"C:\Program Files (x86)\Steam\steamapps\common\DayZServerAug2\mpmissions\Expansion.chernarusplus\storage_1\data\vehicles.bin"
14:52:26.931 [CE][Storage] ver:25 stamp:13, valid:yes, name:"C:\Program Files (x86)\Steam\steamapps\common\DayZServerAug2\mpmissions\Expansion.chernarusplus\storage_1\data\vehicles.001"
14:52:26.934 [CE][Storage] ver:25 stamp:14, valid:yes, name:"C:\Program Files (x86)\Steam\steamapps\common\DayZServerAug2\mpmissions\Expansion.chernarusplus\storage_1\data\vehicles.002"
14:52:26.935 [CE][Storage] Restoring file "C:\Program Files (x86)\Steam\steamapps\common\DayZServerAug2\mpmissions\Expansion.chernarusplus\storage_1\data\vehicles.bin" 278 items.
14:52:27.709   278 items loaded. (0 failed)
14:52:27.747 [CE][Hive] :: Storage load took:10.59 seconds, recovery stamp:16
14:52:27.747   entity: 30395, building: 0
14:52:27.747   no lifetime: 112
14:52:27.747   pathgraph's: 643
14:52:27.747 [CE][Hive] :: Initializing ... 
14:52:27.796 [CE][InitializeMap] :: initialized: 0
14:52:27.796 [CE][Hive] :: Initializing spawners ... 
14:52:28.553 [CE][LootRespawner] (PRIDummy) :: Initially (re)spawned:0, Nominal:30379, Total in Map: 28053 at 0 (sec)
14:52:28.553   tests:0, repeats:0 fails:0, overtime:0
14:52:28.556 [CE][DynEvent] :: 58 types
14:52:28.556 [00] AmbientHen
14:52:28.556   Primary Spawner: "Ambient", active: yes, repeat: 1
14:52:28.556 [01] AnimalBear
14:52:28.556   Primary Spawner: "Animal", active: yes, repeat: 1
14:52:28.556 [02] AnimalCow
14:52:28.556   Primary Spawner: "Animal", active: yes, repeat: 1
14:52:28.556 [03] AnimalDeer
14:52:28.556   Primary Spawner: "Animal", active: yes, repeat: 1
14:52:28.556 [04] AnimalGoat
14:52:28.556   Primary Spawner: "Animal", active: yes, repeat: 1
14:52:28.556 [05] AnimalPig
14:52:28.556   Primary Spawner: "Animal", active: yes, repeat: 1
14:52:28.556 [06] AnimalRoeDeer
14:52:28.556   Primary Spawner: "Animal", active: yes, repeat: 1
14:52:28.556 [07] AnimalSheep
14:52:28.556   Primary Spawner: "Animal", active: yes, repeat: 1
14:52:28.556 [08] AnimalWildBoar
14:52:28.556   Primary Spawner: "Animal", active: yes, repeat: 1
14:52:28.556 [09] AnimalWolf
14:52:28.556   Primary Spawner: "Animal", active: yes, repeat: 1
14:52:28.556 [10] InfectedArmy
14:52:28.556   Primary Spawner: "Infected", active: yes, repeat: 1
14:52:28.556 [11] InfectedArmyHard
14:52:28.556   Primary Spawner: "Infected", active: yes, repeat: 1
14:52:28.556 [12] InfectedCity
14:52:28.556   Primary Spawner: "Infected", active: yes, repeat: 1
14:52:28.556 [13] InfectedCityTier1
14:52:28.556   Primary Spawner: "Infected", active: yes, repeat: 1
14:52:28.556 [14] InfectedFirefighter
14:52:28.556   Primary Spawner: "Infected", active: yes, repeat: 1
14:52:28.556 [15] InfectedIndustrial
14:52:28.556   Primary Spawner: "Infected", active: yes, repeat: 1
14:52:28.556 [16] InfectedMedic
14:52:28.556   Primary Spawner: "Infected", active: yes, repeat: 1
14:52:28.556 [17] InfectedNBC
14:52:28.556   Primary Spawner: "Infected", active: yes, repeat: 1
14:52:28.556 [18] InfectedNBCYellow
14:52:28.556   Primary Spawner: "Infected", active: yes, repeat: 1
14:52:28.556 [19] InfectedPolice
14:52:28.556   Primary Spawner: "Infected", active: yes, repeat: 1
14:52:28.556 [20] InfectedPoliceHard
14:52:28.556   Primary Spawner: "Infected", active: yes, repeat: 1
14:52:28.556 [21] InfectedPrisoner
14:52:28.556   Primary Spawner: "Infected", active: yes, repeat: 1
14:52:28.556 [22] InfectedReligious
14:52:28.556   Primary Spawner: "Infected", active: yes, repeat: 1
14:52:28.556 [23] InfectedSanta
14:52:28.556   Primary Spawner: "Infected", active: yes, repeat: 1
14:52:28.556 [24] InfectedSolitude
14:52:28.556   Primary Spawner: "Infected", active: yes, repeat: 1
14:52:28.556 [25] InfectedVillage
14:52:28.556   Primary Spawner: "Infected", active: yes, repeat: 1
14:52:28.556 [26] InfectedVillageTier1
14:52:28.556   Primary Spawner: "Infected", active: yes, repeat: 1
14:52:28.556 [27] ItemPlanks
14:52:28.556   Primary Spawner: "Item", active: yes, repeat: 1
14:52:28.556 [28] Loot
14:52:28.556   Primary Spawner: "Loot", active: yes, repeat: 2
14:52:28.556 [29] StaticContaminatedArea
14:52:28.556   Primary Spawner: "Static", active: yes, repeat: 1
14:52:28.556 [30] StaticHeliCrash
14:52:28.556   Primary Spawner: "Static", active: yes, repeat: 1
14:52:28.556   Secondary Spawner: "Infected", active: yes, repeat: 1
14:52:28.556 [31] StaticMilitaryConvoy
14:52:28.557   Primary Spawner: "Static", active: yes, repeat: 1
14:52:28.557   Secondary Spawner: "Infected", active: yes, repeat: 1
14:52:28.557 [32] StaticPoliceSituation
14:52:28.557   Primary Spawner: "Static", active: yes, repeat: 1
14:52:28.557   Secondary Spawner: "Infected", active: yes, repeat: 1
14:52:28.557 [33] StaticTrain
14:52:28.557   Primary Spawner: "Static", active: yes, repeat: 1
14:52:28.557   Secondary Spawner: "Infected", active: yes, repeat: 1
14:52:28.557 [34] TrajectoryApple
14:52:28.557   Primary Spawner: "Trajectory", active: yes, repeat: 1
14:52:28.557 [35] TrajectoryConiferous
14:52:28.557   Primary Spawner: "Trajectory", active: yes, repeat: 1
14:52:28.557 [36] TrajectoryDeciduous
14:52:28.557   Primary Spawner: "Trajectory", active: yes, repeat: 1
14:52:28.557 [37] TrajectoryHumus
14:52:28.557   Primary Spawner: "Trajectory", active: yes, repeat: 1
14:52:28.557 [38] TrajectoryPear
14:52:28.557   Primary Spawner: "Trajectory", active: yes, repeat: 1
14:52:28.557 [39] TrajectoryPlum
14:52:28.557   Primary Spawner: "Trajectory", active: yes, repeat: 1
14:52:28.557 [40] TrajectoryStones
14:52:28.557   Primary Spawner: "Trajectory", active: yes, repeat: 1
14:52:28.557 [41] VehicleCivilianSedan
14:52:28.557   Primary Spawner: "Vehicle", active: yes, repeat: 1
14:52:28.557 [42] VehicleHatchback02
14:52:28.557   Primary Spawner: "Vehicle", active: yes, repeat: 1
14:52:28.557 [43] VehicleOffroad02
14:52:28.557   Primary Spawner: "Vehicle", active: yes, repeat: 1
14:52:28.557 [44] VehicleOffroadHatchback
14:52:28.557   Primary Spawner: "Vehicle", active: yes, repeat: 1
14:52:28.557 [45] VehicleSedan02
14:52:28.557   Primary Spawner: "Vehicle", active: yes, repeat: 1
14:52:28.557 [46] VehicleTruck01
14:52:28.557   Primary Spawner: "Vehicle", active: yes, repeat: 1
14:52:28.557 [47] VehicleUAZ
14:52:28.557   Primary Spawner: "Vehicle", active: yes, repeat: 1
14:52:28.557 [48] VehicleVodnik
14:52:28.557   Primary Spawner: "Vehicle", active: yes, repeat: 1
14:52:28.557 [49] VehicleBus
14:52:28.557   Primary Spawner: "Vehicle", active: yes, repeat: 1
14:52:28.557 [50] VehicleTractor
14:52:28.557   Primary Spawner: "Vehicle", active: yes, repeat: 1
14:52:28.557 [51] VehicleLandRover
14:52:28.557   Primary Spawner: "Vehicle", active: yes, repeat: 1
14:52:28.557 [52] VehicleMH6Helicopter
14:52:28.557   Primary Spawner: "Vehicle", active: yes, repeat: 1
14:52:28.557 [53] VehicleMerlinHelicopter
14:52:28.557   Primary Spawner: "Vehicle", active: yes, repeat: 1
14:52:28.557 [54] VehicleUh1hHelicopter
14:52:28.557   Primary Spawner: "Vehicle", active: yes, repeat: 1
14:52:28.557 [55] VehicleUtilityBoat
14:52:28.557   Primary Spawner: "Vehicle", active: yes, repeat: 1
14:52:28.557 [56] VehicleZodiacBoat
14:52:28.557   Primary Spawner: "Vehicle", active: yes, repeat: 1
14:52:28.557 [57] VehicleGyroHelicopter
14:52:28.557   Primary Spawner: "Vehicle", active: yes, repeat: 1
14:52:28.557 [CE][Hive] :: Initializing of spawners done.
14:52:28.569 [CE][Hive] :: Init sequence finished.
14:52:28.569 Player connect enabled
14:52:30.499 [IdleMode] Entering IN - save processed
14:53:09.524 [Login]: Adding player Blorpus9000 (22111247) to login queue at position 0
14:53:09.524 [LoginMachine]: Add player Blorpus9000 (22111247 192.168.1.133:2316)
14:53:09.524 [StateMachine]: Player Blorpus9000 (dpnid 22111247 uid ) Entering AuthPlayerLoginState
14:53:11.461 [IdleMode] Leaving OUT
14:53:11.769 [StateMachine]: Player Blorpus9000 (dpnid 22111247 uid ) Entering WaitAuthPlayerLoginState
14:53:21.768 Player Blorpus9000 (22111247) kicked from server: 49 (Login timed out. (WaitAuthPlayerLoginState))
14:53:21.769 [StateMachine]: Kick player Blorpus9000 (dpnid 22111247 uid ) State WaitAuthPlayerLoginState
14:53:21.778 [Disconnect]: Client 22111247 early disconnect
14:53:21.792 [Disconnect]: No player -> remove player info 22111247 
14:53:21.792 [Disconnect]: DisconnectPlayerFinish 22111247
14:53:21.792 [Disconnect]: Remove player info 22111247
14:53:21.792 [Disconnect]: Player destroy 22111247 
14:53:33.516 [CE][LootRespawner] (PRIDummy) :: Item [0] causing search overtime: "Ammo_45ACP"
14:53:33.616 [CE][LootRespawner] (PRIDummy) :: Item [1] causing search overtime: "CamoNet"
14:53:33.716 [CE][LootRespawner] (PRIDummy) :: Item [2] causing search overtime: "Glock19"
14:53:33.816 [CE][LootRespawner] (PRIDummy) :: Item [3] causing search overtime: "AmmoBox_9x19_25rnd"
14:53:33.916 [CE][LootRespawner] (PRIDummy) :: Item [4] causing search overtime: "Mag_Expansion_Taser"