

=====================================================================
== C:\Program Files (x86)\Steam\steamapps\common\DayZServerAug2\DayZServer_x64.exe
== "DayZServer_x64.exe" -config=serverDZ.cfg -mod=@CF;@CommunityOnlineTools;@DabsFramework;@DayZ-Editor-Loader;@DayZ-Expansion-Animations;@DayZ-Expansion-Bundle;@DayZ-Expansion-Licensed;@MMG-MightysMilitaryGear;@PvZmoD_CustomisableZombies "-serverMod=_@DayZ-Dynamic-AI-Addon" -port=2302 -profiles=config -cpuCount=4 -adminlog -netlog -freezecheck 
=====================================================================
Exe timestamp: 2023/07/27 17:06:07
Current time:  2023/08/14 15:39:30

Version 1.21.156300
15:39:30.274 [Inputs] Loading inputs default "bin/constants.xml"
15:39:30.276 [Inputs] Loading inputs default "bin/specific.xml"
15:39:30.277 [Inputs] Loading inputs default "JM/COT/Scripts/Data/Inputs.xml"
15:39:30.277 !!! [Inputs] Cannot Register "UAObjectModuleDeleteOnCursor" non-existent input - Fix Preset!
15:39:30.277 [Inputs] Loading inputs default "LIVEN/PvZmoD_CustomisableZombies/inputs.xml"
15:39:30.277 [Inputs] Loading inputs default "DayZExpansion/Groups/Scripts/Data/Inputs.xml"
15:39:30.278 [Inputs] Loading inputs default "DayZExpansion/Navigation/Scripts/Data/Inputs.xml"
15:39:30.278 !!! [Inputs] Attempt to register duplicate exclusion group "chatexpansion"
15:39:30.278 [Inputs] Loading inputs default "DayZExpansion/PlayerList/Scripts/Data/Inputs.xml"
15:39:30.278 !!! [Inputs] Attempt to register duplicate exclusion group "chatexpansion"
15:39:30.278 [Inputs] Loading inputs default "DayZExpansion/Scripts/Data/Inputs.xml"
15:39:30.278 !!! [Inputs] Attempt to register duplicate exclusion group "chatexpansion"
15:39:30.278 [Inputs] Loading inputs default "DayZExpansion/Vehicles/Scripts/Data/Inputs.xml"
15:39:30.279 [Inputs] Loading inputs default "DayZExpansion/AI/Scripts/inputs.xml"
15:39:30.279 [Inputs] Loading inputs default "DayZExpansion/BaseBuilding/Scripts/Data/Inputs.xml"
15:39:30.280 !!! [Inputs] Attempt to register duplicate exclusion group "chatexpansion"
15:39:30.280 [Inputs] Loading inputs default "DayZExpansion/Book/Scripts/Data/Inputs.xml"
15:39:30.280 !!! [Inputs] Attempt to register duplicate exclusion group "chatexpansion"
15:39:30.280 [Inputs] Loading inputs default "DayZExpansion/Chat/Scripts/Data/Inputs.xml"
15:39:30.280 !!! [Inputs] Attempt to register duplicate exclusion group "chatexpansion"
15:39:30.281 [Inputs] Loading inputs default "DayZExpansion/Quests/Scripts/Data/Inputs.xml"
15:39:30.281 [Inputs] Loading inputs cfg "config\Users\Survivor\Server.core.xml"
15:39:30.281 !!! [Inputs] Cannot read inputs cfg "config\Users\Survivor\Server.core.xml", parser error
15:39:30.281 [Inputs] Loading inputs cfg "bin/core.xml"
15:39:30.282 !!! [Inputs] Cannot load input preset "#STR_USER", file does not exist
15:39:30.283 [Inputs] Exporting inputs cfg "config\Users\Survivor\Server.core.xml"
15:39:50.73 [CE][Hive] :: Initializing OFFLINE
15:39:50.73 [StorageDirs] :: Selected storage directory: C:\Program Files (x86)\Steam\steamapps\common\DayZServerAug2\mpmissions\Expansion.chernarusplus\storage_1\
15:39:50.73 [CE][Hive] :: Loading core data ... 
15:39:50.74 [CE][CoreData] :: 7 root classes, 18 defaults, 0 updaters...
15:39:52.697 [CE] :: WARNING :: Preset map "optics" is EMPTY.
15:39:52.698 [CE][TypeSetup] :: 505 classes setuped...
15:39:52.701 [CE] :: WARNING :: Preset map "optics" is EMPTY.
15:39:52.701 [CE][TypeSetup] :: 97 classes setuped...
15:39:52.704 [CE] :: WARNING :: Preset map "optics" is EMPTY.
15:39:52.704 [CE][TypeSetup] :: 206 classes setuped...
15:39:53.798 [CE][RegisterBind] :: 0 classes binded...
15:39:53.798 [CE][RegisterConfig] :: 11818 config classes registered, 0 sub-counters...
15:39:53.798 [CE][Hive] :: Loading map data ... 
15:39:53.807 [CE][IgnoreList] "cfgignorelist.xml" :: loaded 19 types
15:39:53.834 !!! [CE] :: Unknown category: 'vehicleparts'.
15:39:53.834 !!! [CE] :: Unknown category: 'vehicleparts'.
15:39:53.834 !!! [CE] :: Unknown category: 'vehicleparts'.
15:39:53.834 !!! [CE] :: Unknown category: 'vehicleparts'.
15:39:53.834 !!! [CE] :: Unknown category: 'vehicleparts'.
15:39:53.834 !!! [CE] :: Unknown category: 'vehicleparts'.
15:39:53.834 !!! [CE] :: Unknown category: 'vehicleparts'.
15:39:53.834 !!! [CE] :: Unknown category: 'vehicleparts'.
15:39:53.834 !!! [CE] :: Unknown category: 'vehicleparts'.
15:39:53.834 !!! [CE] :: Unknown category: 'vehicleparts'.
15:39:53.834 !!! [CE] :: Unknown category: 'vehicleparts'.
15:39:53.834 !!! [CE] :: Unknown category: 'vehicleparts'.
15:39:53.834 !!! [CE] :: Unknown category: 'vehicleparts'.
15:39:53.834 !!! [CE] :: Unknown category: 'vehicleparts'.
15:39:53.834 !!! [CE] :: Unknown category: 'vehicleparts'.
15:39:53.834 !!! [CE] :: Unknown category: 'vehicleparts'.
15:39:53.834 !!! [CE] :: Unknown category: 'vehicleparts'.
15:39:53.834 !!! [CE] :: Unknown category: 'vehicleparts'.
15:39:53.834 !!! [CE] :: Unknown category: 'vehicleparts'.
15:39:53.834 !!! [CE] :: Unknown category: 'vehicleparts'.
15:39:53.834 !!! [CE] :: Unknown category: 'vehicleparts'.
15:39:53.834 !!! [CE] :: Unknown category: 'vehicleparts'.
15:39:53.834 !!! [CE] :: Unknown category: 'vehicleparts'.
15:39:53.834 !!! [CE] :: Unknown category: 'vehicleparts'.
15:39:53.835 !!! [CE] :: Unknown category: 'vehicleparts'.
15:39:53.835 !!! [CE] :: Unknown category: 'vehicleparts'.
15:39:53.835 !!! [CE] :: Unknown category: 'vehicleparts'.
15:39:53.835 !!! [CE] :: Unknown category: 'vehicleparts'.
15:39:53.835 !!! [CE] :: Unknown category: 'vehicleparts'.
15:39:53.835 !!! [CE] :: Unknown category: 'vehicleparts'.
15:39:53.835 !!! [CE] :: Unknown category: 'vehicleparts'.
15:39:53.835 !!! [CE] :: Unknown category: 'vehicleparts'.
15:39:53.835 !!! [CE] :: Unknown category: 'vehicleparts'.
15:39:53.835 !!! [CE] :: Unknown category: 'vehicleparts'.
15:39:53.835 !!! [CE] :: Unknown category: 'vehicleparts'.
15:39:53.835 !!! [CE] :: Unknown category: 'vehicleparts'.
15:39:53.835 !!! [CE] :: Unknown category: 'vehicleparts'.
15:39:53.835 !!! [CE] :: Unknown category: 'vehicleparts'.
15:39:53.835 !!! [CE] :: Unknown category: 'vehicleparts'.
15:39:53.835 !!! [CE] :: Unknown category: 'vehicleparts'.
15:39:53.835 !!! [CE] :: Unknown category: 'vehicleparts'.
15:39:53.835 !!! [CE] :: Unknown category: 'vehicleparts'.
15:39:53.835 !!! [CE] :: Unknown category: 'vehicleparts'.
15:39:53.835 !!! [CE] :: Unknown category: 'vehicleparts'.
15:39:53.835 !!! [CE] :: Unknown category: 'vehicleparts'.
15:39:53.835 !!! [CE] :: Unknown category: 'vehicleparts'.
15:39:53.835 !!! [CE] :: Unknown category: 'vehicleparts'.
15:39:53.835 !!! [CE] :: Unknown category: 'vehicleparts'.
15:39:53.835 !!! [CE] :: Unknown category: 'vehicleparts'.
15:39:53.835 !!! [CE] :: Unknown category: 'vehicleparts'.
15:39:53.835 !!! [CE] :: Unknown category: 'vehicleparts'.
15:39:53.835 !!! [CE] :: Unknown category: 'vehicleparts'.
15:39:53.835 [CE][LoadPrototype] :: loaded 413 prototypes
15:39:53.835   799 containers, 10078 points
15:39:53.835   66 dispatches, 239 proxies
15:39:53.835 !!! [CE][LoadPrototype] 5 groups have no points...
15:39:53.835 [CE][LoadPrototype] :: last group name: Land_Wreck_sed02_aban2_red_DE...
15:39:53.838 [CE][LoadPrototype] :: loaded 0 prototypes
15:39:53.838   55 containers, 232 points
15:39:53.838   0 dispatches, 0 proxies
15:39:53.838 [CE][LoadPrototype] :: last group name: Rail9...
15:39:54.407 [CE][LoadMap] "Group" :: loaded 11709 groups, groups failed: 0, largest group range: 34.2
15:39:54.409 [CE][LoadMap] "Dirt" :: loaded 0 groups, groups failed: 0, largest group range: 34.2
15:39:54.675 [CE][Links] found 1908 total links between groups, of 11709
15:39:54.675 [CE][LoadClusters] "Cluster" :: Loading files...
15:39:54.795 [CE][LoadClusters] :: file: "mapgroupcluster.xml", 9 types, 50000 instances
15:39:54.913 [CE][LoadClusters] :: file: "mapgroupcluster01", 9 types, 50000 instances
15:39:55.32 [CE][LoadClusters] :: file: "mapgroupcluster02", 9 types, 50000 instances
15:39:55.149 [CE][LoadClusters] :: file: "mapgroupcluster03", 9 types, 50000 instances
15:39:55.195 [CE][LoadClusters] :: file: "mapgroupcluster04", 9 types, 17347 instances
15:39:55.203 [CE][Storage] ver:21 stamp:347, valid:yes, name:"C:\Program Files (x86)\Steam\steamapps\common\DayZServerAug2\mpmissions\Expansion.chernarusplus\storage_1\data\types.bin"
15:39:55.203 [CE][Storage] ver:21 stamp:344, valid:yes, name:"C:\Program Files (x86)\Steam\steamapps\common\DayZServerAug2\mpmissions\Expansion.chernarusplus\storage_1\data\types.001"
15:39:55.203 [CE][Storage] ver:21 stamp:345, valid:yes, name:"C:\Program Files (x86)\Steam\steamapps\common\DayZServerAug2\mpmissions\Expansion.chernarusplus\storage_1\data\types.002"
15:39:55.204 [CE][Storage] Restoring file "C:\Program Files (x86)\Steam\steamapps\common\DayZServerAug2\mpmissions\Expansion.chernarusplus\storage_1\data\types.bin".
15:39:55.315 !!! [CE][offlineDB] :: No Shutdown message present.
15:39:55.316 [CE][offlineDB] :: Loaded 47 dynamic events 225 total types.
15:39:55.317 !!! [CE][DE] (VehicleTruck01) :: Unable to create child (Truck_01_Covered_Grey) as the type does not exist.
15:39:55.317 [CE][offlineDB] :: Loaded 58 dynamic events 289 total types.
15:39:55.329 !!! [CE][offlineDB] :: Type 'ChristmasTree' will be ignored. (Not spawnable. (Scope is not public?))
15:39:55.335 !!! [CE][offlineDB] :: Type 'Expansion_M79' will be ignored. (Not spawnable. (Scope is not public?))
15:39:55.335 !!! [CE][offlineDB] :: Type 'ExpansionFlaregun' will be ignored. (Not spawnable. (Scope is not public?))
15:39:55.335 !!! [CE][offlineDB] :: Type 'Expansion_Longhorn' will be ignored. (Not spawnable. (Scope is not public?))
15:39:55.338 !!! [CE][offlineDB] :: Type 'MMG_tactical_shirt_dark_woodland' will be ignored. (Type does not exist. (Typo?))
15:39:55.340 !!! [CE][offlineDB] :: Type 'MMG_mmps_nag_multicamblack' will be ignored. (Type does not exist. (Typo?))
15:39:55.340 !!! [CE][offlineDB] :: Type 'MMG_assault_pack_multicam_tropic' will be ignored. (Type does not exist. (Typo?))
15:39:55.470 !!! [CE][DE][SPAWNS] :: [WARNING] :: Skipping entry for non-existing event 'VehicleTransitBus'.
15:39:55.470 [CE][DE][SPAWNS] :: Total positions: 987
15:39:55.470 [CE][DE][GROUPS] :: Total eventgroups defined: 83, Eventgroups in use: 83
15:39:55.475 [CE][Storage] ver:21 stamp:347, valid:yes, name:"C:\Program Files (x86)\Steam\steamapps\common\DayZServerAug2\mpmissions\Expansion.chernarusplus\storage_1\data\events.bin"
15:39:55.475 [CE][Storage] ver:21 stamp:344, valid:yes, name:"C:\Program Files (x86)\Steam\steamapps\common\DayZServerAug2\mpmissions\Expansion.chernarusplus\storage_1\data\events.001"
15:39:55.475 [CE][Storage] ver:21 stamp:345, valid:yes, name:"C:\Program Files (x86)\Steam\steamapps\common\DayZServerAug2\mpmissions\Expansion.chernarusplus\storage_1\data\events.002"
15:39:55.475 [CE][Storage] Restoring file "C:\Program Files (x86)\Steam\steamapps\common\DayZServerAug2\mpmissions\Expansion.chernarusplus\storage_1\data\events.bin".
15:39:55.475 [CE][DynamicEvent] Load  Events:[58] Primary spawners: 58 Secondary spawners: 4
15:39:55.479 [CE][Storage] ver:25 stamp:347, valid:yes, name:"C:\Program Files (x86)\Steam\steamapps\common\DayZServerAug2\mpmissions\Expansion.chernarusplus\storage_1\data\dynamic_000.bin"
15:39:55.480 [CE][Storage] ver:25 stamp:344, valid:yes, name:"C:\Program Files (x86)\Steam\steamapps\common\DayZServerAug2\mpmissions\Expansion.chernarusplus\storage_1\data\dynamic_000.001"
15:39:55.480 [CE][Storage] ver:25 stamp:345, valid:yes, name:"C:\Program Files (x86)\Steam\steamapps\common\DayZServerAug2\mpmissions\Expansion.chernarusplus\storage_1\data\dynamic_000.002"
15:39:55.480 [CE][Storage] Restoring file "C:\Program Files (x86)\Steam\steamapps\common\DayZServerAug2\mpmissions\Expansion.chernarusplus\storage_1\data\dynamic_000.bin" 1015 items.
15:39:55.955   1015 items loaded. (0 failed)
15:39:55.960 [CE][Storage] ver:25 stamp:347, valid:yes, name:"C:\Program Files (x86)\Steam\steamapps\common\DayZServerAug2\mpmissions\Expansion.chernarusplus\storage_1\data\dynamic_001.bin"
15:39:55.960 [CE][Storage] ver:25 stamp:344, valid:yes, name:"C:\Program Files (x86)\Steam\steamapps\common\DayZServerAug2\mpmissions\Expansion.chernarusplus\storage_1\data\dynamic_001.001"
15:39:55.961 [CE][Storage] ver:25 stamp:345, valid:yes, name:"C:\Program Files (x86)\Steam\steamapps\common\DayZServerAug2\mpmissions\Expansion.chernarusplus\storage_1\data\dynamic_001.002"
15:39:55.961 [CE][Storage] Restoring file "C:\Program Files (x86)\Steam\steamapps\common\DayZServerAug2\mpmissions\Expansion.chernarusplus\storage_1\data\dynamic_001.bin" 1945 items.
15:39:56.672   1945 items loaded. (0 failed)
15:39:56.676 [CE][Storage] ver:25 stamp:347, valid:yes, name:"C:\Program Files (x86)\Steam\steamapps\common\DayZServerAug2\mpmissions\Expansion.chernarusplus\storage_1\data\dynamic_002.bin"
15:39:56.677 [CE][Storage] ver:25 stamp:344, valid:yes, name:"C:\Program Files (x86)\Steam\steamapps\common\DayZServerAug2\mpmissions\Expansion.chernarusplus\storage_1\data\dynamic_002.001"
15:39:56.677 [CE][Storage] ver:25 stamp:345, valid:yes, name:"C:\Program Files (x86)\Steam\steamapps\common\DayZServerAug2\mpmissions\Expansion.chernarusplus\storage_1\data\dynamic_002.002"
15:39:56.677 [CE][Storage] Restoring file "C:\Program Files (x86)\Steam\steamapps\common\DayZServerAug2\mpmissions\Expansion.chernarusplus\storage_1\data\dynamic_002.bin" 2871 items.
15:39:57.633   2871 items loaded. (0 failed)
15:39:57.637 [CE][Storage] ver:25 stamp:347, valid:yes, name:"C:\Program Files (x86)\Steam\steamapps\common\DayZServerAug2\mpmissions\Expansion.chernarusplus\storage_1\data\dynamic_003.bin"
15:39:57.638 [CE][Storage] ver:25 stamp:344, valid:yes, name:"C:\Program Files (x86)\Steam\steamapps\common\DayZServerAug2\mpmissions\Expansion.chernarusplus\storage_1\data\dynamic_003.001"
15:39:57.638 [CE][Storage] ver:25 stamp:345, valid:yes, name:"C:\Program Files (x86)\Steam\steamapps\common\DayZServerAug2\mpmissions\Expansion.chernarusplus\storage_1\data\dynamic_003.002"
15:39:57.638 [CE][Storage] Restoring file "C:\Program Files (x86)\Steam\steamapps\common\DayZServerAug2\mpmissions\Expansion.chernarusplus\storage_1\data\dynamic_003.bin" 2599 items.
15:39:58.550   2599 items loaded. (0 failed)
15:39:58.555 [CE][Storage] ver:25 stamp:347, valid:yes, name:"C:\Program Files (x86)\Steam\steamapps\common\DayZServerAug2\mpmissions\Expansion.chernarusplus\storage_1\data\dynamic_004.bin"
15:39:58.555 [CE][Storage] ver:25 stamp:344, valid:yes, name:"C:\Program Files (x86)\Steam\steamapps\common\DayZServerAug2\mpmissions\Expansion.chernarusplus\storage_1\data\dynamic_004.001"
15:39:58.556 [CE][Storage] ver:25 stamp:345, valid:yes, name:"C:\Program Files (x86)\Steam\steamapps\common\DayZServerAug2\mpmissions\Expansion.chernarusplus\storage_1\data\dynamic_004.002"
15:39:58.556 [CE][Storage] Restoring file "C:\Program Files (x86)\Steam\steamapps\common\DayZServerAug2\mpmissions\Expansion.chernarusplus\storage_1\data\dynamic_004.bin" 2147 items.
15:39:59.285   2147 items loaded. (0 failed)
15:39:59.290 [CE][Storage] ver:25 stamp:347, valid:yes, name:"C:\Program Files (x86)\Steam\steamapps\common\DayZServerAug2\mpmissions\Expansion.chernarusplus\storage_1\data\dynamic_005.bin"
15:39:59.290 [CE][Storage] ver:25 stamp:344, valid:yes, name:"C:\Program Files (x86)\Steam\steamapps\common\DayZServerAug2\mpmissions\Expansion.chernarusplus\storage_1\data\dynamic_005.001"
15:39:59.291 [CE][Storage] ver:25 stamp:345, valid:yes, name:"C:\Program Files (x86)\Steam\steamapps\common\DayZServerAug2\mpmissions\Expansion.chernarusplus\storage_1\data\dynamic_005.002"
15:39:59.291 [CE][Storage] Restoring file "C:\Program Files (x86)\Steam\steamapps\common\DayZServerAug2\mpmissions\Expansion.chernarusplus\storage_1\data\dynamic_005.bin" 2413 items.
15:40:00.91   2413 items loaded. (0 failed)
15:40:00.97 [CE][Storage] ver:25 stamp:347, valid:yes, name:"C:\Program Files (x86)\Steam\steamapps\common\DayZServerAug2\mpmissions\Expansion.chernarusplus\storage_1\data\dynamic_006.bin"
15:40:00.97 [CE][Storage] ver:25 stamp:344, valid:yes, name:"C:\Program Files (x86)\Steam\steamapps\common\DayZServerAug2\mpmissions\Expansion.chernarusplus\storage_1\data\dynamic_006.001"
15:40:00.97 [CE][Storage] ver:25 stamp:345, valid:yes, name:"C:\Program Files (x86)\Steam\steamapps\common\DayZServerAug2\mpmissions\Expansion.chernarusplus\storage_1\data\dynamic_006.002"
15:40:00.97 [CE][Storage] Restoring file "C:\Program Files (x86)\Steam\steamapps\common\DayZServerAug2\mpmissions\Expansion.chernarusplus\storage_1\data\dynamic_006.bin" 1723 items.
15:40:00.693   1723 items loaded. (0 failed)
15:40:00.699 [CE][Storage] ver:25 stamp:347, valid:yes, name:"C:\Program Files (x86)\Steam\steamapps\common\DayZServerAug2\mpmissions\Expansion.chernarusplus\storage_1\data\dynamic_007.bin"
15:40:00.699 [CE][Storage] ver:25 stamp:344, valid:yes, name:"C:\Program Files (x86)\Steam\steamapps\common\DayZServerAug2\mpmissions\Expansion.chernarusplus\storage_1\data\dynamic_007.001"
15:40:00.700 [CE][Storage] ver:25 stamp:345, valid:yes, name:"C:\Program Files (x86)\Steam\steamapps\common\DayZServerAug2\mpmissions\Expansion.chernarusplus\storage_1\data\dynamic_007.002"
15:40:00.700 [CE][Storage] Restoring file "C:\Program Files (x86)\Steam\steamapps\common\DayZServerAug2\mpmissions\Expansion.chernarusplus\storage_1\data\dynamic_007.bin" 1705 items.
15:40:01.300   1705 items loaded. (0 failed)
15:40:01.304 [CE][Storage] ver:25 stamp:347, valid:yes, name:"C:\Program Files (x86)\Steam\steamapps\common\DayZServerAug2\mpmissions\Expansion.chernarusplus\storage_1\data\dynamic_008.bin"
15:40:01.304 [CE][Storage] ver:25 stamp:344, valid:yes, name:"C:\Program Files (x86)\Steam\steamapps\common\DayZServerAug2\mpmissions\Expansion.chernarusplus\storage_1\data\dynamic_008.001"
15:40:01.305 [CE][Storage] ver:25 stamp:345, valid:yes, name:"C:\Program Files (x86)\Steam\steamapps\common\DayZServerAug2\mpmissions\Expansion.chernarusplus\storage_1\data\dynamic_008.002"
15:40:01.305 [CE][Storage] Restoring file "C:\Program Files (x86)\Steam\steamapps\common\DayZServerAug2\mpmissions\Expansion.chernarusplus\storage_1\data\dynamic_008.bin" 2409 items.
15:40:02.143   2409 items loaded. (0 failed)
15:40:02.148 [CE][Storage] ver:25 stamp:347, valid:yes, name:"C:\Program Files (x86)\Steam\steamapps\common\DayZServerAug2\mpmissions\Expansion.chernarusplus\storage_1\data\dynamic_009.bin"
15:40:02.149 [CE][Storage] ver:25 stamp:344, valid:yes, name:"C:\Program Files (x86)\Steam\steamapps\common\DayZServerAug2\mpmissions\Expansion.chernarusplus\storage_1\data\dynamic_009.001"
15:40:02.149 [CE][Storage] ver:25 stamp:345, valid:yes, name:"C:\Program Files (x86)\Steam\steamapps\common\DayZServerAug2\mpmissions\Expansion.chernarusplus\storage_1\data\dynamic_009.002"
15:40:02.149 [CE][Storage] Restoring file "C:\Program Files (x86)\Steam\steamapps\common\DayZServerAug2\mpmissions\Expansion.chernarusplus\storage_1\data\dynamic_009.bin" 2997 items.
15:40:03.202   2997 items loaded. (0 failed)
15:40:03.207 [CE][Storage] ver:25 stamp:347, valid:yes, name:"C:\Program Files (x86)\Steam\steamapps\common\DayZServerAug2\mpmissions\Expansion.chernarusplus\storage_1\data\dynamic_010.bin"
15:40:03.207 [CE][Storage] ver:25 stamp:344, valid:yes, name:"C:\Program Files (x86)\Steam\steamapps\common\DayZServerAug2\mpmissions\Expansion.chernarusplus\storage_1\data\dynamic_010.001"
15:40:03.208 [CE][Storage] ver:25 stamp:345, valid:yes, name:"C:\Program Files (x86)\Steam\steamapps\common\DayZServerAug2\mpmissions\Expansion.chernarusplus\storage_1\data\dynamic_010.002"
15:40:03.208 [CE][Storage] Restoring file "C:\Program Files (x86)\Steam\steamapps\common\DayZServerAug2\mpmissions\Expansion.chernarusplus\storage_1\data\dynamic_010.bin" 2025 items.
15:40:04.19   2025 items loaded. (0 failed)
15:40:04.23 [CE][Storage] ver:25 stamp:347, valid:yes, name:"C:\Program Files (x86)\Steam\steamapps\common\DayZServerAug2\mpmissions\Expansion.chernarusplus\storage_1\data\dynamic_011.bin"
15:40:04.24 [CE][Storage] ver:25 stamp:344, valid:yes, name:"C:\Program Files (x86)\Steam\steamapps\common\DayZServerAug2\mpmissions\Expansion.chernarusplus\storage_1\data\dynamic_011.001"
15:40:04.24 [CE][Storage] ver:25 stamp:345, valid:yes, name:"C:\Program Files (x86)\Steam\steamapps\common\DayZServerAug2\mpmissions\Expansion.chernarusplus\storage_1\data\dynamic_011.002"
15:40:04.24 [CE][Storage] Restoring file "C:\Program Files (x86)\Steam\steamapps\common\DayZServerAug2\mpmissions\Expansion.chernarusplus\storage_1\data\dynamic_011.bin" 198 items.
15:40:04.109   198 items loaded. (0 failed)
15:40:04.113 [CE][Storage] ver:26 stamp:347, valid:yes, name:"C:\Program Files (x86)\Steam\steamapps\common\DayZServerAug2\mpmissions\Expansion.chernarusplus\storage_1\data\building.bin"
15:40:04.113 [CE][Storage] ver:26 stamp:344, valid:yes, name:"C:\Program Files (x86)\Steam\steamapps\common\DayZServerAug2\mpmissions\Expansion.chernarusplus\storage_1\data\building.001"
15:40:04.113 [CE][Storage] ver:26 stamp:345, valid:yes, name:"C:\Program Files (x86)\Steam\steamapps\common\DayZServerAug2\mpmissions\Expansion.chernarusplus\storage_1\data\building.002"
15:40:04.114 [CE][Storage] Restoring file "C:\Program Files (x86)\Steam\steamapps\common\DayZServerAug2\mpmissions\Expansion.chernarusplus\storage_1\data\building.bin" 0 items.
15:40:04.114   0 items loaded. (0 failed)
15:40:04.118 [CE][Storage] ver:25 stamp:347, valid:yes, name:"C:\Program Files (x86)\Steam\steamapps\common\DayZServerAug2\mpmissions\Expansion.chernarusplus\storage_1\data\vehicles.bin"
15:40:04.118 [CE][Storage] ver:25 stamp:344, valid:yes, name:"C:\Program Files (x86)\Steam\steamapps\common\DayZServerAug2\mpmissions\Expansion.chernarusplus\storage_1\data\vehicles.001"
15:40:04.118 [CE][Storage] ver:25 stamp:345, valid:yes, name:"C:\Program Files (x86)\Steam\steamapps\common\DayZServerAug2\mpmissions\Expansion.chernarusplus\storage_1\data\vehicles.002"
15:40:04.118 [CE][Storage] Restoring file "C:\Program Files (x86)\Steam\steamapps\common\DayZServerAug2\mpmissions\Expansion.chernarusplus\storage_1\data\vehicles.bin" 318 items.
15:40:04.980   318 items loaded. (0 failed)
15:40:05.15 [CE][Hive] :: Storage load took:9.53 seconds, recovery stamp:347
15:40:05.15   entity: 26252, building: 0
15:40:05.15   no lifetime: 75
15:40:05.15   pathgraph's: 646
15:40:05.15 [CE][Hive] :: Initializing ... 
15:40:05.61 [CE][InitializeMap] :: initialized: 0
15:40:05.61 [CE][Hive] :: Initializing spawners ... 
15:40:05.797 [CE][LootRespawner] (PRIDummy) :: Initially (re)spawned:0, Nominal:30379, Total in Map: 24276 at 0 (sec)
15:40:05.797   tests:0, repeats:0 fails:0, overtime:0
15:40:05.799 [CE][DynEvent] :: 58 types
15:40:05.799 [00] AmbientHen
15:40:05.799   Primary Spawner: "Ambient", active: yes, repeat: 1
15:40:05.799 [01] AnimalBear
15:40:05.799   Primary Spawner: "Animal", active: yes, repeat: 1
15:40:05.799 [02] AnimalCow
15:40:05.799   Primary Spawner: "Animal", active: yes, repeat: 1
15:40:05.799 [03] AnimalDeer
15:40:05.799   Primary Spawner: "Animal", active: yes, repeat: 1
15:40:05.799 [04] AnimalGoat
15:40:05.799   Primary Spawner: "Animal", active: yes, repeat: 1
15:40:05.799 [05] AnimalPig
15:40:05.799   Primary Spawner: "Animal", active: yes, repeat: 1
15:40:05.799 [06] AnimalRoeDeer
15:40:05.799   Primary Spawner: "Animal", active: yes, repeat: 1
15:40:05.799 [07] AnimalSheep
15:40:05.799   Primary Spawner: "Animal", active: yes, repeat: 1
15:40:05.799 [08] AnimalWildBoar
15:40:05.799   Primary Spawner: "Animal", active: yes, repeat: 1
15:40:05.799 [09] AnimalWolf
15:40:05.799   Primary Spawner: "Animal", active: yes, repeat: 1
15:40:05.799 [10] InfectedArmy
15:40:05.799   Primary Spawner: "Infected", active: yes, repeat: 1
15:40:05.799 [11] InfectedArmyHard
15:40:05.799   Primary Spawner: "Infected", active: yes, repeat: 1
15:40:05.799 [12] InfectedCity
15:40:05.799   Primary Spawner: "Infected", active: yes, repeat: 1
15:40:05.799 [13] InfectedCityTier1
15:40:05.799   Primary Spawner: "Infected", active: yes, repeat: 1
15:40:05.799 [14] InfectedFirefighter
15:40:05.799   Primary Spawner: "Infected", active: yes, repeat: 1
15:40:05.799 [15] InfectedIndustrial
15:40:05.799   Primary Spawner: "Infected", active: yes, repeat: 1
15:40:05.799 [16] InfectedMedic
15:40:05.799   Primary Spawner: "Infected", active: yes, repeat: 1
15:40:05.799 [17] InfectedNBC
15:40:05.799   Primary Spawner: "Infected", active: yes, repeat: 1
15:40:05.799 [18] InfectedNBCYellow
15:40:05.799   Primary Spawner: "Infected", active: yes, repeat: 1
15:40:05.799 [19] InfectedPolice
15:40:05.799   Primary Spawner: "Infected", active: yes, repeat: 1
15:40:05.799 [20] InfectedPoliceHard
15:40:05.799   Primary Spawner: "Infected", active: yes, repeat: 1
15:40:05.799 [21] InfectedPrisoner
15:40:05.799   Primary Spawner: "Infected", active: yes, repeat: 1
15:40:05.799 [22] InfectedReligious
15:40:05.799   Primary Spawner: "Infected", active: yes, repeat: 1
15:40:05.799 [23] InfectedSanta
15:40:05.799   Primary Spawner: "Infected", active: yes, repeat: 1
15:40:05.799 [24] InfectedSolitude
15:40:05.799   Primary Spawner: "Infected", active: yes, repeat: 1
15:40:05.799 [25] InfectedVillage
15:40:05.799   Primary Spawner: "Infected", active: yes, repeat: 1
15:40:05.799 [26] InfectedVillageTier1
15:40:05.799   Primary Spawner: "Infected", active: yes, repeat: 1
15:40:05.799 [27] ItemPlanks
15:40:05.799   Primary Spawner: "Item", active: yes, repeat: 1
15:40:05.799 [28] Loot
15:40:05.799   Primary Spawner: "Loot", active: yes, repeat: 2
15:40:05.799 [29] StaticContaminatedArea
15:40:05.799   Primary Spawner: "Static", active: yes, repeat: 1
15:40:05.799 [30] StaticHeliCrash
15:40:05.799   Primary Spawner: "Static", active: yes, repeat: 1
15:40:05.799   Secondary Spawner: "Infected", active: yes, repeat: 1
15:40:05.799 [31] StaticMilitaryConvoy
15:40:05.799   Primary Spawner: "Static", active: yes, repeat: 1
15:40:05.799   Secondary Spawner: "Infected", active: yes, repeat: 1
15:40:05.799 [32] StaticPoliceSituation
15:40:05.799   Primary Spawner: "Static", active: yes, repeat: 1
15:40:05.799   Secondary Spawner: "Infected", active: yes, repeat: 1
15:40:05.799 [33] StaticTrain
15:40:05.799   Primary Spawner: "Static", active: yes, repeat: 1
15:40:05.799   Secondary Spawner: "Infected", active: yes, repeat: 1
15:40:05.799 [34] TrajectoryApple
15:40:05.799   Primary Spawner: "Trajectory", active: yes, repeat: 1
15:40:05.799 [35] TrajectoryConiferous
15:40:05.799   Primary Spawner: "Trajectory", active: yes, repeat: 1
15:40:05.799 [36] TrajectoryDeciduous
15:40:05.799   Primary Spawner: "Trajectory", active: yes, repeat: 1
15:40:05.799 [37] TrajectoryHumus
15:40:05.799   Primary Spawner: "Trajectory", active: yes, repeat: 1
15:40:05.799 [38] TrajectoryPear
15:40:05.799   Primary Spawner: "Trajectory", active: yes, repeat: 1
15:40:05.799 [39] TrajectoryPlum
15:40:05.799   Primary Spawner: "Trajectory", active: yes, repeat: 1
15:40:05.799 [40] TrajectoryStones
15:40:05.799   Primary Spawner: "Trajectory", active: yes, repeat: 1
15:40:05.799 [41] VehicleCivilianSedan
15:40:05.799   Primary Spawner: "Vehicle", active: yes, repeat: 1
15:40:05.799 [42] VehicleHatchback02
15:40:05.799   Primary Spawner: "Vehicle", active: yes, repeat: 1
