

=====================================================================
== C:\Program Files (x86)\Steam\steamapps\common\DayZServerAug2\DayZServer_x64.exe
== "DayZServer_x64.exe" -config=serverDZ.cfg "-mod="@CF;@Dabs Framework"" -port=2302 -profiles=config -cpuCount=4 -dologs -adminlog -netlog -freezecheck 
=====================================================================
Exe timestamp: 2023/07/27 17:06:07
Current time:  2023/08/04 11:23:27

Version 1.21.156300
11:23:27.397 String "STR_server_shutdown" listed twice in "Global"
11:23:27.408 Localization not present: STR_DATE_FORMAT_SHORT
11:23:27.408 Localization not present: STR_TIME_FORMAT
11:23:27.408 Localization not present: STR_CONFIG_CONTROLLER_NORMAL_LOOK
11:23:27.408 Localization not present: STR_CONFIG_CONTROLLER_REVERSED_LOOK
11:23:27.408 Localization not present: STR_MP_VALIDERROR
11:23:27.408 Localization not present: STR_MP_CONNECTION_LOOSING
11:23:27.408 Localization not present: STR_MSG_MP_NO_PASSWORD
11:23:27.408 Localization not present: STR_MSG_LAUNCH_GAME
11:23:27.408 Localization not present: STR_LOAD_INIT
11:23:27.408 Localization not present: STR_LOAD_WORLD
11:23:27.408 Localization not present: STR_LOAD_GAME
11:23:27.408 Localization not present: STR_SAVE_GAME
11:23:27.408 Localization not present: STR_MP_CONNECT
11:23:27.408 Localization not present: STR_MP_DISCONNECT
11:23:27.408 Localization not present: STR_MP_CONNECTING
11:23:27.408 Localization not present: STR_MP_TIMEOUT
11:23:27.408 Localization not present: STR_DISP_CLIENT_TEXT_EDIT
11:23:27.408 Localization not present: STR_MP_LOGIN_QUEUE_FULL
11:23:27.410 Localization not present: STR_DATE_FORMAT_SHORT
11:23:27.410 Localization not present: STR_TIME_FORMAT
11:23:27.410 Localization not present: STR_CONFIG_CONTROLLER_NORMAL_LOOK
11:23:27.410 Localization not present: STR_CONFIG_CONTROLLER_REVERSED_LOOK
11:23:27.410 Localization not present: STR_MP_VALIDERROR
11:23:27.410 Localization not present: STR_MP_CONNECTION_LOOSING
11:23:27.410 Localization not present: STR_MSG_MP_NO_PASSWORD
11:23:27.410 Localization not present: STR_MSG_LAUNCH_GAME
11:23:27.410 Localization not present: STR_LOAD_INIT
11:23:27.410 Localization not present: STR_LOAD_WORLD
11:23:27.410 Localization not present: STR_LOAD_GAME
11:23:27.410 Localization not present: STR_SAVE_GAME
11:23:27.410 Localization not present: STR_MP_CONNECT
11:23:27.410 Localization not present: STR_MP_DISCONNECT
11:23:27.410 Localization not present: STR_MP_CONNECTING
11:23:27.410 Localization not present: STR_MP_TIMEOUT
11:23:27.410 Localization not present: STR_DISP_CLIENT_TEXT_EDIT
11:23:27.410 Localization not present: STR_MP_LOGIN_QUEUE_FULL
11:23:27.425 Initializing stats manager.
11:23:27.426 Stats config disabled.
11:23:28.151 Updating base class All->AllVehicles, by DZ\data\config.bin/CfgVehicles/Man/
11:23:28.151 Updating base class WeaponMode_Base->, by DZ\data\config.bin/Mode_SemiAuto/
11:23:28.179 Updating base class Name->NameIcon, by DZ\gear\navigation\config.bin/CfgLocationTypes/Hill/
11:23:28.179 Updating base class Hill->NameIcon, by DZ\gear\navigation\config.bin/CfgLocationTypes/ViewPoint/
11:23:28.179 Updating base class Hill->NameIcon, by DZ\gear\navigation\config.bin/CfgLocationTypes/RockArea/
11:23:28.179 Updating base class Hill->NameIcon, by DZ\gear\navigation\config.bin/CfgLocationTypes/BorderCrossing/
11:23:28.179 Updating base class Hill->NameIcon, by DZ\gear\navigation\config.bin/CfgLocationTypes/VegetationBroadleaf/
11:23:28.179 Updating base class Hill->NameIcon, by DZ\gear\navigation\config.bin/CfgLocationTypes/VegetationFir/
11:23:28.179 Updating base class Hill->NameIcon, by DZ\gear\navigation\config.bin/CfgLocationTypes/VegetationPalm/
11:23:28.179 Updating base class Hill->NameIcon, by DZ\gear\navigation\config.bin/CfgLocationTypes/VegetationVineyard/
11:23:28.259 Updating base class ->Rifle_Base, by DZ\weapons\firearms\m4\config.bin/cfgWeapons/M4A1_Base/
11:23:28.259 Updating base class ->M4A1_Base, by DZ\weapons\firearms\m4\config.bin/cfgWeapons/M4A1/