

=====================================================================
== C:\Program Files (x86)\Steam\steamapps\common\DayZServerAug2\DayZServer_x64.exe
== "DayZServer_x64.exe" -config=serverDZ.cfg -mod=@CF;@CommunityOnlineTools;@DabsFramework;@DayZ-Editor-Loader;@DayZ-Expansion-Animations;@DayZ-Expansion-Bundle;@DayZ-Expansion-Licensed;@MMG-Mightys Military Gear;@PvZmoD_CustomisableZombies "-serverMod=_@DayZ-Dynamic-AI-Addon" -port=2302 -profiles=config -cpuCount=4 -adminlog -netlog -freezecheck 
=====================================================================
Exe timestamp: 2023/07/27 17:06:07
Current time:  2023/08/13 13:23:38

Version 1.21.156300
13:23:38.216 [Inputs] Loading inputs default "bin/constants.xml"
13:23:38.219 [Inputs] Loading inputs default "bin/specific.xml"
13:23:38.219 [Inputs] Loading inputs default "JM/COT/Scripts/Data/Inputs.xml"
13:23:38.220 !!! [Inputs] Cannot Register "UAObjectModuleDeleteOnCursor" non-existent input - Fix Preset!
13:23:38.220 [Inputs] Loading inputs default "DayZExpansion/Groups/Scripts/Data/Inputs.xml"
13:23:38.220 [Inputs] Loading inputs default "DayZExpansion/Navigation/Scripts/Data/Inputs.xml"
13:23:38.220 !!! [Inputs] Attempt to register duplicate exclusion group "chatexpansion"
13:23:38.220 [Inputs] Loading inputs default "DayZExpansion/PlayerList/Scripts/Data/Inputs.xml"
13:23:38.220 !!! [Inputs] Attempt to register duplicate exclusion group "chatexpansion"
13:23:38.221 [Inputs] Loading inputs default "DayZExpansion/Scripts/Data/Inputs.xml"
13:23:38.221 !!! [Inputs] Attempt to register duplicate exclusion group "chatexpansion"
13:23:38.221 [Inputs] Loading inputs default "DayZExpansion/Vehicles/Scripts/Data/Inputs.xml"
13:23:38.221 [Inputs] Loading inputs default "DayZExpansion/AI/Scripts/inputs.xml"
13:23:38.222 [Inputs] Loading inputs default "DayZExpansion/BaseBuilding/Scripts/Data/Inputs.xml"
13:23:38.222 !!! [Inputs] Attempt to register duplicate exclusion group "chatexpansion"
13:23:38.222 [Inputs] Loading inputs default "DayZExpansion/Book/Scripts/Data/Inputs.xml"
13:23:38.222 !!! [Inputs] Attempt to register duplicate exclusion group "chatexpansion"
13:23:38.222 [Inputs] Loading inputs default "DayZExpansion/Chat/Scripts/Data/Inputs.xml"
13:23:38.222 !!! [Inputs] Attempt to register duplicate exclusion group "chatexpansion"
13:23:38.223 [Inputs] Loading inputs default "DayZExpansion/Quests/Scripts/Data/Inputs.xml"
13:23:38.223 [Inputs] Loading inputs cfg "config\Users\Survivor\Server.core.xml"
13:23:38.223 !!! [Inputs] Cannot read inputs cfg "config\Users\Survivor\Server.core.xml", parser error
13:23:38.223 [Inputs] Loading inputs cfg "bin/core.xml"
13:23:38.224 !!! [Inputs] Cannot load input preset "#STR_USER", file does not exist
13:23:38.225 [Inputs] Exporting inputs cfg "config\Users\Survivor\Server.core.xml"
13:23:57.297 [CE][Hive] :: Initializing OFFLINE
13:23:57.297 [StorageDirs] :: Selected storage directory: C:\Program Files (x86)\Steam\steamapps\common\DayZServerAug2\mpmissions\Expansion.chernarusplus\storage_1\
13:23:57.297 [CE][Hive] :: Loading core data ... 
13:23:57.297 [CE][CoreData] :: 7 root classes, 18 defaults, 0 updaters...
13:23:59.857 [CE] :: WARNING :: Preset map "optics" is EMPTY.
13:23:59.858 [CE][TypeSetup] :: 505 classes setuped...
13:23:59.860 [CE] :: WARNING :: Preset map "optics" is EMPTY.
13:23:59.861 [CE][TypeSetup] :: 97 classes setuped...
13:23:59.862 [CE] :: WARNING :: Preset map "optics" is EMPTY.
13:23:59.863 [CE][TypeSetup] :: 0 classes setuped...
13:24:00.817 [CE][RegisterBind] :: 0 classes binded...
13:24:00.817 [CE][RegisterConfig] :: 11251 config classes registered, 0 sub-counters...
13:24:00.817 [CE][Hive] :: Loading map data ... 
13:24:00.826 [CE][IgnoreList] "cfgignorelist.xml" :: loaded 19 types
13:24:00.853 !!! [CE] :: Unknown category: 'vehicleparts'.
13:24:00.853 !!! [CE] :: Unknown category: 'vehicleparts'.
13:24:00.853 !!! [CE] :: Unknown category: 'vehicleparts'.
13:24:00.853 !!! [CE] :: Unknown category: 'vehicleparts'.
13:24:00.853 !!! [CE] :: Unknown category: 'vehicleparts'.
13:24:00.853 !!! [CE] :: Unknown category: 'vehicleparts'.
13:24:00.853 !!! [CE] :: Unknown category: 'vehicleparts'.
13:24:00.853 !!! [CE] :: Unknown category: 'vehicleparts'.
13:24:00.853 !!! [CE] :: Unknown category: 'vehicleparts'.
13:24:00.853 !!! [CE] :: Unknown category: 'vehicleparts'.
13:24:00.853 !!! [CE] :: Unknown category: 'vehicleparts'.
13:24:00.853 !!! [CE] :: Unknown category: 'vehicleparts'.
13:24:00.853 !!! [CE] :: Unknown category: 'vehicleparts'.
13:24:00.853 !!! [CE] :: Unknown category: 'vehicleparts'.
13:24:00.853 !!! [CE] :: Unknown category: 'vehicleparts'.
13:24:00.853 !!! [CE] :: Unknown category: 'vehicleparts'.
13:24:00.853 !!! [CE] :: Unknown category: 'vehicleparts'.
13:24:00.853 !!! [CE] :: Unknown category: 'vehicleparts'.
13:24:00.853 !!! [CE] :: Unknown category: 'vehicleparts'.
13:24:00.853 !!! [CE] :: Unknown category: 'vehicleparts'.
13:24:00.853 !!! [CE] :: Unknown category: 'vehicleparts'.
13:24:00.853 !!! [CE] :: Unknown category: 'vehicleparts'.
13:24:00.853 !!! [CE] :: Unknown category: 'vehicleparts'.
13:24:00.853 !!! [CE] :: Unknown category: 'vehicleparts'.
13:24:00.854 !!! [CE] :: Unknown category: 'vehicleparts'.
13:24:00.854 !!! [CE] :: Unknown category: 'vehicleparts'.
13:24:00.854 !!! [CE] :: Unknown category: 'vehicleparts'.
13:24:00.854 !!! [CE] :: Unknown category: 'vehicleparts'.
13:24:00.854 !!! [CE] :: Unknown category: 'vehicleparts'.
13:24:00.854 !!! [CE] :: Unknown category: 'vehicleparts'.
13:24:00.854 !!! [CE] :: Unknown category: 'vehicleparts'.
13:24:00.854 !!! [CE] :: Unknown category: 'vehicleparts'.
13:24:00.854 !!! [CE] :: Unknown category: 'vehicleparts'.
13:24:00.854 !!! [CE] :: Unknown category: 'vehicleparts'.
13:24:00.854 !!! [CE] :: Unknown category: 'vehicleparts'.
13:24:00.854 !!! [CE] :: Unknown category: 'vehicleparts'.
13:24:00.854 !!! [CE] :: Unknown category: 'vehicleparts'.
13:24:00.854 !!! [CE] :: Unknown category: 'vehicleparts'.
13:24:00.854 !!! [CE] :: Unknown category: 'vehicleparts'.
13:24:00.854 !!! [CE] :: Unknown category: 'vehicleparts'.
13:24:00.854 !!! [CE] :: Unknown category: 'vehicleparts'.
13:24:00.854 !!! [CE] :: Unknown category: 'vehicleparts'.
13:24:00.854 !!! [CE] :: Unknown category: 'vehicleparts'.
13:24:00.854 !!! [CE] :: Unknown category: 'vehicleparts'.
13:24:00.854 !!! [CE] :: Unknown category: 'vehicleparts'.
13:24:00.854 !!! [CE] :: Unknown category: 'vehicleparts'.
13:24:00.854 !!! [CE] :: Unknown category: 'vehicleparts'.
13:24:00.854 !!! [CE] :: Unknown category: 'vehicleparts'.
13:24:00.855 !!! [CE] :: Unknown category: 'vehicleparts'.
13:24:00.855 !!! [CE] :: Unknown category: 'vehicleparts'.
13:24:00.855 !!! [CE] :: Unknown category: 'vehicleparts'.
13:24:00.855 !!! [CE] :: Unknown category: 'vehicleparts'.
13:24:00.855 [CE][LoadPrototype] :: loaded 413 prototypes
13:24:00.855   799 containers, 10078 points
13:24:00.855   66 dispatches, 239 proxies
13:24:00.855 !!! [CE][LoadPrototype] 5 groups have no points...
13:24:00.855 [CE][LoadPrototype] :: last group name: Land_Wreck_sed02_aban2_red_DE...
13:24:00.857 [CE][LoadPrototype] :: loaded 0 prototypes
13:24:00.857   55 containers, 232 points
13:24:00.857   0 dispatches, 0 proxies
13:24:00.857 [CE][LoadPrototype] :: last group name: Rail9...
13:24:01.426 [CE][LoadMap] "Group" :: loaded 11709 groups, groups failed: 0, largest group range: 34.2
13:24:01.428 [CE][LoadMap] "Dirt" :: loaded 0 groups, groups failed: 0, largest group range: 34.2
13:24:01.686 [CE][Links] found 1908 total links between groups, of 11709
13:24:01.686 [CE][LoadClusters] "Cluster" :: Loading files...
13:24:01.809 [CE][LoadClusters] :: file: "mapgroupcluster.xml", 9 types, 50000 instances
13:24:01.934 [CE][LoadClusters] :: file: "mapgroupcluster01", 9 types, 50000 instances
13:24:02.55 [CE][LoadClusters] :: file: "mapgroupcluster02", 9 types, 50000 instances
13:24:02.176 [CE][LoadClusters] :: file: "mapgroupcluster03", 9 types, 50000 instances
13:24:02.223 [CE][LoadClusters] :: file: "mapgroupcluster04", 9 types, 17347 instances
13:24:02.231 [CE][Storage] ver:21 stamp:136, valid:yes, name:"C:\Program Files (x86)\Steam\steamapps\common\DayZServerAug2\mpmissions\Expansion.chernarusplus\storage_1\data\types.bin"
13:24:02.232 [CE][Storage] ver:21 stamp:132, valid:yes, name:"C:\Program Files (x86)\Steam\steamapps\common\DayZServerAug2\mpmissions\Expansion.chernarusplus\storage_1\data\types.001"
13:24:02.232 [CE][Storage] ver:21 stamp:133, valid:yes, name:"C:\Program Files (x86)\Steam\steamapps\common\DayZServerAug2\mpmissions\Expansion.chernarusplus\storage_1\data\types.002"
13:24:02.232 [CE][Storage] Restoring file "C:\Program Files (x86)\Steam\steamapps\common\DayZServerAug2\mpmissions\Expansion.chernarusplus\storage_1\data\types.bin".
13:24:02.327 !!! [CE][offlineDB] :: No Shutdown message present.
13:24:02.328 [CE][offlineDB] :: Loaded 47 dynamic events 225 total types.
13:24:02.329 !!! [CE][DE] (VehicleTruck01) :: Unable to create child (Truck_01_Covered_Grey) as the type does not exist.
13:24:02.329 [CE][offlineDB] :: Loaded 58 dynamic events 289 total types.
13:24:02.340 !!! [CE][offlineDB] :: Type 'ChristmasTree' will be ignored. (Not spawnable. (Scope is not public?))
13:24:02.346 !!! [CE][offlineDB] :: Type 'Expansion_M79' will be ignored. (Not spawnable. (Scope is not public?))
13:24:02.346 !!! [CE][offlineDB] :: Type 'ExpansionFlaregun' will be ignored. (Not spawnable. (Scope is not public?))
13:24:02.346 !!! [CE][offlineDB] :: Type 'Expansion_Longhorn' will be ignored. (Not spawnable. (Scope is not public?))
13:24:02.346 !!! [CE][offlineDB] :: Type 'MMG_tt_vest_admin' will be ignored. (Type does not exist. (Typo?))
13:24:02.346 !!! [CE][offlineDB] :: Type 'MMG_striker_helmet_admin' will be ignored. (Type does not exist. (Typo?))
13:24:02.346 !!! [CE][offlineDB] :: Type 'MMG_combatpants_admin' will be ignored. (Type does not exist. (Typo?))
13:24:02.346 !!! [CE][offlineDB] :: Type 'MMG_combatshirt_admin' will be ignored. (Type does not exist. (Typo?))
13:24:02.346 !!! [CE][offlineDB] :: Type 'MMG_balaclava_admin' will be ignored. (Type does not exist. (Typo?))
13:24:02.347 !!! [CE][offlineDB] :: Type 'MMG_JPC_Vest_alpine' will be ignored. (Type does not exist. (Typo?))
13:24:02.347 !!! [CE][offlineDB] :: Type 'MMG_tt_Vest_alpine' will be ignored. (Type does not exist. (Typo?))
13:24:02.347 !!! [CE][offlineDB] :: Type 'MMG_chestrig_alpine' will be ignored. (Type does not exist. (Typo?))
13:24:02.348 !!! [CE][offlineDB] :: Type 'MMG_MK_III_Armor_alpine' will be ignored. (Type does not exist. (Typo?))
13:24:02.348 !!! [CE][offlineDB] :: Type 'MMG_MK_V_Armor_alpine' will be ignored. (Type does not exist. (Typo?))
13:24:02.348 !!! [CE][offlineDB] :: Type 'MMG_Mag_Pouch_alpine' will be ignored. (Type does not exist. (Typo?))
13:24:02.348 !!! [CE][offlineDB] :: Type 'MMG_triple_magpouch_alpine' will be ignored. (Type does not exist. (Typo?))
13:24:02.348 !!! [CE][offlineDB] :: Type 'MMG_double_magpouch_alpine' will be ignored. (Type does not exist. (Typo?))
13:24:02.348 !!! [CE][offlineDB] :: Type 'MMG_Med_Pouch_alpine' will be ignored. (Type does not exist. (Typo?))
13:24:02.348 !!! [CE][offlineDB] :: Type 'MMG_ammo_pouch_alpine' will be ignored. (Type does not exist. (Typo?))
13:24:02.348 !!! [CE][offlineDB] :: Type 'MMG_tactical_pouch_alpine' will be ignored. (Type does not exist. (Typo?))
13:24:02.348 !!! [CE][offlineDB] :: Type 'MMG_mk5_utility_pouch_alpine' will be ignored. (Type does not exist. (Typo?))
13:24:02.348 !!! [CE][offlineDB] :: Type 'MMG_mk5_grenade_pouch_alpine' will be ignored. (Type does not exist. (Typo?))
13:24:02.348 !!! [CE][offlineDB] :: Type 'MMG_carrier_backpack_alpine' will be ignored. (Type does not exist. (Typo?))
13:24:02.348 !!! [CE][offlineDB] :: Type 'MMG_supplybag_alpine' will be ignored. (Type does not exist. (Typo?))
13:24:02.348 !!! [CE][offlineDB] :: Type 'MMG_assault_pack_alpine' will be ignored. (Type does not exist. (Typo?))
13:24:02.348 !!! [CE][offlineDB] :: Type 'MMG_camelback_alpine' will be ignored. (Type does not exist. (Typo?))
13:24:02.348 !!! [CE][offlineDB] :: Type 'MMG_mmps_bag_alpine' will be ignored. (Type does not exist. (Typo?))
13:24:02.348 !!! [CE][offlineDB] :: Type 'MMG_falcon_b1_belt_alpine' will be ignored. (Type does not exist. (Typo?))
13:24:02.348 !!! [CE][offlineDB] :: Type 'MMG_tactical_helmet_alpine' will be ignored. (Type does not exist. (Typo?))
13:24:02.348 !!! [CE][offlineDB] :: Type 'MMG_striker_helmet_alpine' will be ignored. (Type does not exist. (Typo?))
13:24:02.348 !!! [CE][offlineDB] :: Type 'MMG_sheath_alpine' will be ignored. (Type does not exist. (Typo?))
13:24:02.348 !!! [CE][offlineDB] :: Type 'MMG_bottle_alpine' will be ignored. (Type does not exist. (Typo?))
13:24:02.348 !!! [CE][offlineDB] :: Type 'MMG_Holster_alpine' will be ignored. (Type does not exist. (Typo?))
13:24:02.348 !!! [CE][offlineDB] :: Type 'MMG_operatorshirt_alpine' will be ignored. (Type does not exist. (Typo?))
13:24:02.348 !!! [CE][offlineDB] :: Type 'MMG_tactical_shirt_alpine' will be ignored. (Type does not exist. (Typo?))
13:24:02.348 !!! [CE][offlineDB] :: Type 'MMG_combatshirt_alpine' will be ignored. (Type does not exist. (Typo?))
13:24:02.348 !!! [CE][offlineDB] :: Type 'MMG_combatpants_alpine' will be ignored. (Type does not exist. (Typo?))
13:24:02.348 !!! [CE][offlineDB] :: Type 'mmg_tactical_pants_alpine' will be ignored. (Type does not exist. (Typo?))
13:24:02.348 !!! [CE][offlineDB] :: Type 'mmg_tactical_gloves_alpine' will be ignored. (Type does not exist. (Typo?))
13:24:02.348 !!! [CE][offlineDB] :: Type 'MMG_boots_alpine' will be ignored. (Type does not exist. (Typo?))
13:24:02.348 !!! [CE][offlineDB] :: Type 'MMG_facemask_alpine' will be ignored. (Type does not exist. (Typo?))
13:24:02.348 !!! [CE][offlineDB] :: Type 'MMG_balaclava_alpine' will be ignored. (Type does not exist. (Typo?))
13:24:02.348 !!! [CE][offlineDB] :: Type 'mmg_boonie_alpine' will be ignored. (Type does not exist. (Typo?))
13:24:02.348 !!! [CE][offlineDB] :: Type 'MMG_JPC_Vest_atacs' will be ignored. (Type does not exist. (Typo?))
13:24:02.348 !!! [CE][offlineDB] :: Type 'MMG_tt_Vest_atacs' will be ignored. (Type does not exist. (Typo?))
13:24:02.348 !!! [CE][offlineDB] :: Type 'MMG_chestrig_atacs' will be ignored. (Type does not exist. (Typo?))
13:24:02.348 !!! [CE][offlineDB] :: Type 'MMG_MK_III_Armor_atacs' will be ignored. (Type does not exist. (Typo?))
13:24:02.348 !!! [CE][offlineDB] :: Type 'MMG_MK_V_Armor_atacs' will be ignored. (Type does not exist. (Typo?))
13:24:02.348 !!! [CE][offlineDB] :: Type 'MMG_Mag_Pouch_atacs' will be ignored. (Type does not exist. (Typo?))
13:24:02.348 !!! [CE][offlineDB] :: Type 'MMG_triple_magpouch_atacs' will be ignored. (Type does not exist. (Typo?))
13:24:02.348 !!! [CE][offlineDB] :: Type 'MMG_double_magpouch_atacs' will be ignored. (Type does not exist. (Typo?))
13:24:02.348 !!! [CE][offlineDB] :: Type 'MMG_Med_Pouch_atacs' will be ignored. (Type does not exist. (Typo?))
13:24:02.348 !!! [CE][offlineDB] :: Type 'MMG_ammo_pouch_atacs' will be ignored. (Type does not exist. (Typo?))
13:24:02.348 !!! [CE][offlineDB] :: Type 'MMG_tactical_pouch_atacs' will be ignored. (Type does not exist. (Typo?))
13:24:02.348 !!! [CE][offlineDB] :: Type 'MMG_mk5_utility_pouch_atacs' will be ignored. (Type does not exist. (Typo?))
13:24:02.348 !!! [CE][offlineDB] :: Type 'MMG_mk5_grenade_pouch_atacs' will be ignored. (Type does not exist. (Typo?))
13:24:02.348 !!! [CE][offlineDB] :: Type 'MMG_carrier_backpack_atacs' will be ignored. (Type does not exist. (Typo?))
13:24:02.348 !!! [CE][offlineDB] :: Type 'MMG_supplybag_atacs' will be ignored. (Type does not exist. (Typo?))
13:24:02.348 !!! [CE][offlineDB] :: Type 'MMG_assault_pack_atacs' will be ignored. (Type does not exist. (Typo?))
13:24:02.348 !!! [CE][offlineDB] :: Type 'MMG_camelback_atacs' will be ignored. (Type does not exist. (Typo?))
13:24:02.348 !!! [CE][offlineDB] :: Type 'MMG_mmps_bag_atacs' will be ignored. (Type does not exist. (Typo?))
13:24:02.348 !!! [CE][offlineDB] :: Type 'MMG_falcon_b1_belt_atacs' will be ignored. (Type does not exist. (Typo?))
13:24:02.348 !!! [CE][offlineDB] :: Type 'MMG_tactical_helmet_atacs' will be ignored. (Type does not exist. (Typo?))
13:24:02.348 !!! [CE][offlineDB] :: Type 'MMG_striker_helmet_atacs' will be ignored. (Type does not exist. (Typo?))
13:24:02.348 !!! [CE][offlineDB] :: Type 'MMG_sheath_atacs' will be ignored. (Type does not exist. (Typo?))
13:24:02.348 !!! [CE][offlineDB] :: Type 'MMG_bottle_atacs' will be ignored. (Type does not exist. (Typo?))
13:24:02.348 !!! [CE][offlineDB] :: Type 'MMG_Holster_atacs' will be ignored. (Type does not exist. (Typo?))
13:24:02.348 !!! [CE][offlineDB] :: Type 'MMG_operatorshirt_atacs' will be ignored. (Type does not exist. (Typo?))
13:24:02.348 !!! [CE][offlineDB] :: Type 'MMG_tactical_shirt_atacs' will be ignored. (Type does not exist. (Typo?))
13:24:02.348 !!! [CE][offlineDB] :: Type 'MMG_combatshirt_atacs' will be ignored. (Type does not exist. (Typo?))
13:24:02.348 !!! [CE][offlineDB] :: Type 'MMG_combatpants_atacs' will be ignored. (Type does not exist. (Typo?))
13:24:02.348 !!! [CE][offlineDB] :: Type 'MMG_tactical_pants_atacs' will be ignored. (Type does not exist. (Typo?))
13:24:02.348 !!! [CE][offlineDB] :: Type 'mmg_tactical_gloves_atacs' will be ignored. (Type does not exist. (Typo?))
13:24:02.348 !!! [CE][offlineDB] :: Type 'MMG_boots_atacs' will be ignored. (Type does not exist. (Typo?))
13:24:02.348 !!! [CE][offlineDB] :: Type 'MMG_facemask_atacs' will be ignored. (Type does not exist. (Typo?))
13:24:02.348 !!! [CE][offlineDB] :: Type 'MMG_balaclava_atacs' will be ignored. (Type does not exist. (Typo?))
13:24:02.348 !!! [CE][offlineDB] :: Type 'mmg_boonie_atacs' will be ignored. (Type does not exist. (Typo?))
13:24:02.349 !!! [CE][offlineDB] :: Type 'MMG_JPC_Vest_black' will be ignored. (Type does not exist. (Typo?))
13:24:02.349 !!! [CE][offlineDB] :: Type 'MMG_tt_Vest_black' will be ignored. (Type does not exist. (Typo?))
13:24:02.349 !!! [CE][offlineDB] :: Type 'MMG_chestrig_black' will be ignored. (Type does not exist. (Typo?))
13:24:02.349 !!! [CE][offlineDB] :: Type 'MMG_MK_III_Armor_black' will be ignored. (Type does not exist. (Typo?))
13:24:02.349 !!! [CE][offlineDB] :: Type 'MMG_MK_V_Armor_black' will be ignored. (Type does not exist. (Typo?))
13:24:02.349 !!! [CE][offlineDB] :: Type 'MMG_Mag_Pouch_Black' will be ignored. (Type does not exist. (Typo?))
13:24:02.349 !!! [CE][offlineDB] :: Type 'MMG_triple_magpouch_black' will be ignored. (Type does not exist. (Typo?))
13:24:02.349 !!! [CE][offlineDB] :: Type 'MMG_multiple_magpouch_black' will be ignored. (Type does not exist. (Typo?))
13:24:02.349 !!! [CE][offlineDB] :: Type 'MMG_double_magpouch_black' will be ignored. (Type does not exist. (Typo?))
13:24:02.349 !!! [CE][offlineDB] :: Type 'MMG_Med_Pouch_black' will be ignored. (Type does not exist. (Typo?))
13:24:02.349 !!! [CE][offlineDB] :: Type 'MMG_ammo_pouch_black' will be ignored. (Type does not exist. (Typo?))
13:24:02.349 !!! [CE][offlineDB] :: Type 'MMG_tactical_pouch_black' will be ignored. (Type does not exist. (Typo?))
13:24:02.349 !!! [CE][offlineDB] :: Type 'MMG_holster_pouch_black' will be ignored. (Type does not exist. (Typo?))
13:24:02.349 !!! [CE][offlineDB] :: Type 'MMG_mk5_utility_pouch_black' will be ignored. (Type does not exist. (Typo?))
13:24:02.349 !!! [CE][offlineDB] :: Type 'MMG_mk5_grenade_pouch_black' will be ignored. (Type does not exist. (Typo?))
13:24:02.349 !!! [CE][offlineDB] :: Type 'MMG_carrier_backpack_black' will be ignored. (Type does not exist. (Typo?))
13:24:02.349 !!! [CE][offlineDB] :: Type 'MMG_supplybag_black' will be ignored. (Type does not exist. (Typo?))
13:24:02.349 !!! [CE][offlineDB] :: Type 'MMG_assault_pack_black' will be ignored. (Type does not exist. (Typo?))
13:24:02.349 !!! [CE][offlineDB] :: Type 'MMG_camelback_black' will be ignored. (Type does not exist. (Typo?))
13:24:02.349 !!! [CE][offlineDB] :: Type 'MMG_mmps_bag_black' will be ignored. (Type does not exist. (Typo?))
13:24:02.349 !!! [CE][offlineDB] :: Type 'MMG_falcon_b1_belt_black' will be ignored. (Type does not exist. (Typo?))
13:24:02.349 !!! [CE][offlineDB] :: Type 'MMG_tactical_helmet_black' will be ignored. (Type does not exist. (Typo?))
13:24:02.349 !!! [CE][offlineDB] :: Type 'MMG_striker_helmet_black' will be ignored. (Type does not exist. (Typo?))
13:24:02.349 !!! [CE][offlineDB] :: Type 'mmg_armored_helmet_black' will be ignored. (Type does not exist. (Typo?))
13:24:02.349 !!! [CE][offlineDB] :: Type 'mmg_armored_helmet_visor_black' will be ignored. (Type does not exist. (Typo?))
13:24:02.349 !!! [CE][offlineDB] :: Type 'MMG_headphones_black' will be ignored. (Type does not exist. (Typo?))
13:24:02.349 !!! [CE][offlineDB] :: Type 'MMG_sheath_black' will be ignored. (Type does not exist. (Typo?))
13:24:02.349 !!! [CE][offlineDB] :: Type 'MMG_bottle_black' will be ignored. (Type does not exist. (Typo?))
13:24:02.349 !!! [CE][offlineDB] :: Type 'MMG_Holster_black' will be ignored. (Type does not exist. (Typo?))
13:24:02.349 !!! [CE][offlineDB] :: Type 'mmg_tac_goggles_red_black' will be ignored. (Type does not exist. (Typo?))
13:24:02.349 !!! [CE][offlineDB] :: Type 'MMG_operatorshirt_black' will be ignored. (Type does not exist. (Typo?))
13:24:02.349 !!! [CE][offlineDB] :: Type 'MMG_tactical_shirt_black' will be ignored. (Type does not exist. (Typo?))
13:24:02.349 !!! [CE][offlineDB] :: Type 'MMG_combatshirt_black' will be ignored. (Type does not exist. (Typo?))
13:24:02.349 !!! [CE][offlineDB] :: Type 'MMG_combatpants_black' will be ignored. (Type does not exist. (Typo?))
13:24:02.349 !!! [CE][offlineDB] :: Type 'mmg_tactical_pants_black' will be ignored. (Type does not exist. (Typo?))
13:24:02.349 !!! [CE][offlineDB] :: Type 'mmg_tactical_gloves_black' will be ignored. (Type does not exist. (Typo?))
13:24:02.349 !!! [CE][offlineDB] :: Type 'MMG_boots_black' will be ignored. (Type does not exist. (Typo?))
13:24:02.349 !!! [CE][offlineDB] :: Type 'MMG_facemask_black' will be ignored. (Type does not exist. (Typo?))
13:24:02.349 !!! [CE][offlineDB] :: Type 'MMG_facemask_skull' will be ignored. (Type does not exist. (Typo?))
13:24:02.349 !!! [CE][offlineDB] :: Type 'MMG_facemask_joker' will be ignored. (Type does not exist. (Typo?))
13:24:02.349 !!! [CE][offlineDB] :: Type 'MMG_balaclava_black' will be ignored. (Type does not exist. (Typo?))
13:24:02.349 !!! [CE][offlineDB] :: Type 'MMG_carbine_red' will be ignored. (Type does not exist. (Typo?))
13:24:02.349 !!! [CE][offlineDB] :: Type 'MMG_carbine_green' will be ignored. (Type does not exist. (Typo?))
13:24:02.349 !!! [CE][offlineDB] :: Type 'MMG_carbine_orange' will be ignored. (Type does not exist. (Typo?))
13:24:02.349 !!! [CE][offlineDB] :: Type 'MMG_carbine_blue' will be ignored. (Type does not exist. (Typo?))
13:24:02.349 !!! [CE][offlineDB] :: Type 'MMG_carbine_black' will be ignored. (Type does not exist. (Typo?))
13:24:02.349 !!! [CE][offlineDB] :: Type 'MMG_carbine_grey' will be ignored. (Type does not exist. (Typo?))
13:24:02.350 !!! [CE][offlineDB] :: Type 'MMG_JPC_Vest_dark_woodland' will be ignored. (Type does not exist. (Typo?))
13:24:02.350 !!! [CE][offlineDB] :: Type 'MMG_tt_Vest_dark_woodland' will be ignored. (Type does not exist. (Typo?))
13:24:02.350 !!! [CE][offlineDB] :: Type 'MMG_chestrig_dark_woodland' will be ignored. (Type does not exist. (Typo?))
13:24:02.350 !!! [CE][offlineDB] :: Type 'MMG_MK_III_Armor_dark_woodland' will be ignored. (Type does not exist. (Typo?))
13:24:02.350 !!! [CE][offlineDB] :: Type 'MMG_MK_V_Armor_dark_woodland' will be ignored. (Type does not exist. (Typo?))
13:24:02.350 !!! [CE][offlineDB] :: Type 'MMG_Mag_Pouch_dark_woodland' will be ignored. (Type does not exist. (Typo?))
13:24:02.350 !!! [CE][offlineDB] :: Type 'MMG_triple_magpouch_dark_woodland' will be ignored. (Type does not exist. (Typo?))
13:24:02.350 !!! [CE][offlineDB] :: Type 'MMG_double_magpouch_dark_woodland' will be ignored. (Type does not exist. (Typo?))
13:24:02.350 !!! [CE][offlineDB] :: Type 'MMG_Med_Pouch_dark_woodland' will be ignored. (Type does not exist. (Typo?))
13:24:02.350 !!! [CE][offlineDB] :: Type 'MMG_ammo_pouch_dark_woodland' will be ignored. (Type does not exist. (Typo?))
13:24:02.350 !!! [CE][offlineDB] :: Type 'MMG_tactical_pouch_dark_woodland' will be ignored. (Type does not exist. (Typo?))
13:24:02.350 !!! [CE][offlineDB] :: Type 'MMG_mk5_utility_pouch_dark_woodland' will be ignored. (Type does not exist. (Typo?))
13:24:02.350 !!! [CE][offlineDB] :: Type 'MMG_mk5_grenade_pouch_dark_woodland' will be ignored. (Type does not exist. (Typo?))
13:24:02.350 !!! [CE][offlineDB] :: Type 'MMG_carrier_backpack_dark_woodland' will be ignored. (Type does not exist. (Typo?))
13:24:02.350 !!! [CE][offlineDB] :: Type 'MMG_supplybag_dark_woodland' will be ignored. (Type does not exist. (Typo?))
13:24:02.350 !!! [CE][offlineDB] :: Type 'MMG_assault_pack_dark_woodland' will be ignored. (Type does not exist. (Typo?))
13:24:02.350 !!! [CE][offlineDB] :: Type 'MMG_camelback_dark_woodland' will be ignored. (Type does not exist. (Typo?))
13:24:02.350 !!! [CE][offlineDB] :: Type 'MMG_mmps_bag_dark_woodland' will be ignored. (Type does not exist. (Typo?))
13:24:02.350 !!! [CE][offlineDB] :: Type 'MMG_falcon_b1_belt_dark_woodland' will be ignored. (Type does not exist. (Typo?))
13:24:02.350 !!! [CE][offlineDB] :: Type 'MMG_tactical_helmet_dark_woodland' will be ignored. (Type does not exist. (Typo?))
13:24:02.350 !!! [CE][offlineDB] :: Type 'MMG_striker_helmet_dark_woodland' will be ignored. (Type does not exist. (Typo?))
13:24:02.350 !!! [CE][offlineDB] :: Type 'MMG_sheath_dark_woodland' will be ignored. (Type does not exist. (Typo?))
13:24:02.350 !!! [CE][offlineDB] :: Type 'MMG_bottle_dark_woodland' will be ignored. (Type does not exist. (Typo?))
13:24:02.350 !!! [CE][offlineDB] :: Type 'MMG_Holster_dark_woodland' will be ignored. (Type does not exist. (Typo?))
13:24:02.350 !!! [CE][offlineDB] :: Type 'MMG_operatorshirt_dark_woodland' will be ignored. (Type does not exist. (Typo?))
13:24:02.350 !!! [CE][offlineDB] :: Type 'MMG_tactical_shirt_dark_woodland' will be ignored. (Type does not exist. (Typo?))
13:24:02.350 !!! [CE][offlineDB] :: Type 'MMG_combatshirt_dark_woodland' will be ignored. (Type does not exist. (Typo?))
13:24:02.350 !!! [CE][offlineDB] :: Type 'MMG_combatpants_dark_woodland' will be ignored. (Type does not exist. (Typo?))
13:24:02.350 !!! [CE][offlineDB] :: Type 'mmg_tactical_pants_dark_woodland' will be ignored. (Type does not exist. (Typo?))
13:24:02.350 !!! [CE][offlineDB] :: Type 'mmg_tactical_gloves_dark_woodland' will be ignored. (Type does not exist. (Typo?))
13:24:02.350 !!! [CE][offlineDB] :: Type 'MMG_boots_dark_woodland' will be ignored. (Type does not exist. (Typo?))
13:24:02.350 !!! [CE][offlineDB] :: Type 'MMG_facemask_dark_woodland' will be ignored. (Type does not exist. (Typo?))
13:24:02.350 !!! [CE][offlineDB] :: Type 'MMG_balaclava_dark_woodland' will be ignored. (Type does not exist. (Typo?))
13:24:02.350 !!! [CE][offlineDB] :: Type 'mmg_boonie_dark_woodland' will be ignored. (Type does not exist. (Typo?))
13:24:02.351 !!! [CE][offlineDB] :: Type 'MMG_JPC_Vest_erdl' will be ignored. (Type does not exist. (Typo?))
13:24:02.351 !!! [CE][offlineDB] :: Type 'MMG_tt_Vest_erdl' will be ignored. (Type does not exist. (Typo?))
13:24:02.351 !!! [CE][offlineDB] :: Type 'MMG_chestrig_erdl' will be ignored. (Type does not exist. (Typo?))
13:24:02.351 !!! [CE][offlineDB] :: Type 'MMG_MK_III_Armor_erdl' will be ignored. (Type does not exist. (Typo?))
13:24:02.351 !!! [CE][offlineDB] :: Type 'MMG_MK_V_Armor_erdl' will be ignored. (Type does not exist. (Typo?))
13:24:02.351 !!! [CE][offlineDB] :: Type 'MMG_Mag_Pouch_erdl' will be ignored. (Type does not exist. (Typo?))
13:24:02.351 !!! [CE][offlineDB] :: Type 'MMG_triple_magpouch_erdl' will be ignored. (Type does not exist. (Typo?))
13:24:02.351 !!! [CE][offlineDB] :: Type 'MMG_double_magpouch_erdl' will be ignored. (Type does not exist. (Typo?))
13:24:02.351 !!! [CE][offlineDB] :: Type 'MMG_Med_Pouch_erdl' will be ignored. (Type does not exist. (Typo?))
13:24:02.351 !!! [CE][offlineDB] :: Type 'MMG_ammo_pouch_erdl' will be ignored. (Type does not exist. (Typo?))
13:24:02.351 !!! [CE][offlineDB] :: Type 'MMG_tactical_pouch_erdl' will be ignored. (Type does not exist. (Typo?))
13:24:02.351 !!! [CE][offlineDB] :: Type 'MMG_mk5_utility_pouch_erdl' will be ignored. (Type does not exist. (Typo?))
13:24:02.351 !!! [CE][offlineDB] :: Type 'MMG_mk5_grenade_pouch_erdl' will be ignored. (Type does not exist. (Typo?))
13:24:02.351 !!! [CE][offlineDB] :: Type 'MMG_carrier_backpack_erdl' will be ignored. (Type does not exist. (Typo?))
13:24:02.351 !!! [CE][offlineDB] :: Type 'MMG_supplybag_erdl' will be ignored. (Type does not exist. (Typo?))
13:24:02.351 !!! [CE][offlineDB] :: Type 'MMG_assault_pack_erdl' will be ignored. (Type does not exist. (Typo?))
13:24:02.351 !!! [CE][offlineDB] :: Type 'MMG_camelback_erdl' will be ignored. (Type does not exist. (Typo?))
13:24:02.351 !!! [CE][offlineDB] :: Type 'MMG_mmps_bag_erdl' will be ignored. (Type does not exist. (Typo?))
13:24:02.351 !!! [CE][offlineDB] :: Type 'MMG_falcon_b1_belt_erdl' will be ignored. (Type does not exist. (Typo?))
13:24:02.351 !!! [CE][offlineDB] :: Type 'MMG_tactical_helmet_erdl' will be ignored. (Type does not exist. (Typo?))
13:24:02.351 !!! [CE][offlineDB] :: Type 'MMG_striker_helmet_erdl' will be ignored. (Type does not exist. (Typo?))
13:24:02.351 !!! [CE][offlineDB] :: Type 'MMG_sheath_erdl' will be ignored. (Type does not exist. (Typo?))
13:24:02.351 !!! [CE][offlineDB] :: Type 'MMG_bottle_erdl' will be ignored. (Type does not exist. (Typo?))
13:24:02.351 !!! [CE][offlineDB] :: Type 'MMG_Holster_erdl' will be ignored. (Type does not exist. (Typo?))
13:24:02.351 !!! [CE][offlineDB] :: Type 'MMG_operatorshirt_erdl' will be ignored. (Type does not exist. (Typo?))
13:24:02.351 !!! [CE][offlineDB] :: Type 'MMG_tactical_shirt_erdl' will be ignored. (Type does not exist. (Typo?))
13:24:02.351 !!! [CE][offlineDB] :: Type 'MMG_combatshirt_erdl' will be ignored. (Type does not exist. (Typo?))
13:24:02.351 !!! [CE][offlineDB] :: Type 'MMG_combatpants_erdl' will be ignored. (Type does not exist. (Typo?))
13:24:02.351 !!! [CE][offlineDB] :: Type 'mmg_tactical_pants_erdl' will be ignored. (Type does not exist. (Typo?))
13:24:02.351 !!! [CE][offlineDB] :: Type 'mmg_tactical_gloves_erdl' will be ignored. (Type does not exist. (Typo?))
13:24:02.351 !!! [CE][offlineDB] :: Type 'MMG_boots_erdl' will be ignored. (Type does not exist. (Typo?))
13:24:02.351 !!! [CE][offlineDB] :: Type 'MMG_facemask_erdl' will be ignored. (Type does not exist. (Typo?))
13:24:02.351 !!! [CE][offlineDB] :: Type 'MMG_balaclava_erdl' will be ignored. (Type does not exist. (Typo?))
13:24:02.351 !!! [CE][offlineDB] :: Type 'mmg_boonie_erdl' will be ignored. (Type does not exist. (Typo?))
13:24:02.351 !!! [CE][offlineDB] :: Type 'MMG_JPC_Vest_olive' will be ignored. (Type does not exist. (Typo?))
13:24:02.351 !!! [CE][offlineDB] :: Type 'MMG_MK_III_Armor_green' will be ignored. (Type does not exist. (Typo?))
13:24:02.351 !!! [CE][offlineDB] :: Type 'MMG_chestrig_green' will be ignored. (Type does not exist. (Typo?))
13:24:02.351 !!! [CE][offlineDB] :: Type 'MMG_tt_Vest_green' will be ignored. (Type does not exist. (Typo?))
13:24:02.351 !!! [CE][offlineDB] :: Type 'MMG_MK_V_Armor_green' will be ignored. (Type does not exist. (Typo?))
13:24:02.351 !!! [CE][offlineDB] :: Type 'MMG_Mag_Pouch_olive' will be ignored. (Type does not exist. (Typo?))
13:24:02.351 !!! [CE][offlineDB] :: Type 'MMG_triple_magpouch_green' will be ignored. (Type does not exist. (Typo?))
13:24:02.351 !!! [CE][offlineDB] :: Type 'MMG_multiple_magpouch_green' will be ignored. (Type does not exist. (Typo?))
13:24:02.351 !!! [CE][offlineDB] :: Type 'MMG_double_magpouch_green' will be ignored. (Type does not exist. (Typo?))
13:24:02.351 !!! [CE][offlineDB] :: Type 'MMG_Med_Pouch_Olive' will be ignored. (Type does not exist. (Typo?))
13:24:02.351 !!! [CE][offlineDB] :: Type 'MMG_ammo_pouch_olive' will be ignored. (Type does not exist. (Typo?))
13:24:02.351 !!! [CE][offlineDB] :: Type 'MMG_tactical_pouch_green' will be ignored. (Type does not exist. (Typo?))
13:24:02.351 !!! [CE][offlineDB] :: Type 'MMG_holster_pouch_green' will be ignored. (Type does not exist. (Typo?))
13:24:02.351 !!! [CE][offlineDB] :: Type 'MMG_mk5_utility_pouch_green' will be ignored. (Type does not exist. (Typo?))
13:24:02.351 !!! [CE][offlineDB] :: Type 'MMG_mk5_grenade_pouch_green' will be ignored. (Type does not exist. (Typo?))
13:24:02.351 !!! [CE][offlineDB] :: Type 'MMG_carrier_backpack_olive' will be ignored. (Type does not exist. (Typo?))
13:24:02.351 !!! [CE][offlineDB] :: Type 'MMG_supplybag_green' will be ignored. (Type does not exist. (Typo?))
13:24:02.351 !!! [CE][offlineDB] :: Type 'MMG_assault_pack_olive' will be ignored. (Type does not exist. (Typo?))
13:24:02.351 !!! [CE][offlineDB] :: Type 'MMG_camelback_green' will be ignored. (Type does not exist. (Typo?))
13:24:02.351 !!! [CE][offlineDB] :: Type 'MMG_mmps_bag_green' will be ignored. (Type does not exist. (Typo?))
13:24:02.351 !!! [CE][offlineDB] :: Type 'MMG_falcon_b1_belt_olive' will be ignored. (Type does not exist. (Typo?))
13:24:02.351 !!! [CE][offlineDB] :: Type 'MMG_tactical_helmet_green' will be ignored. (Type does not exist. (Typo?))
13:24:02.351 !!! [CE][offlineDB] :: Type 'MMG_striker_helmet_green' will be ignored. (Type does not exist. (Typo?))
13:24:02.351 !!! [CE][offlineDB] :: Type 'mmg_armored_helmet_green' will be ignored. (Type does not exist. (Typo?))
13:24:02.351 !!! [CE][offlineDB] :: Type 'mmg_armored_helmet_visor_green' will be ignored. (Type does not exist. (Typo?))
13:24:02.351 !!! [CE][offlineDB] :: Type 'MMG_headphones_green' will be ignored. (Type does not exist. (Typo?))
13:24:02.351 !!! [CE][offlineDB] :: Type 'MMG_sheath_olive' will be ignored. (Type does not exist. (Typo?))
13:24:02.351 !!! [CE][offlineDB] :: Type 'MMG_bottle_olive' will be ignored. (Type does not exist. (Typo?))
13:24:02.351 !!! [CE][offlineDB] :: Type 'MMG_Holster_green' will be ignored. (Type does not exist. (Typo?))
13:24:02.351 !!! [CE][offlineDB] :: Type 'mmg_tac_goggles_red_green' will be ignored. (Type does not exist. (Typo?))
13:24:02.351 !!! [CE][offlineDB] :: Type 'MMG_operatorshirt_green' will be ignored. (Type does not exist. (Typo?))
13:24:02.351 !!! [CE][offlineDB] :: Type 'MMG_tactical_shirt_green' will be ignored. (Type does not exist. (Typo?))
13:24:02.351 !!! [CE][offlineDB] :: Type 'MMG_combatshirt_green' will be ignored. (Type does not exist. (Typo?))
13:24:02.351 !!! [CE][offlineDB] :: Type 'MMG_combatpants_olive' will be ignored. (Type does not exist. (Typo?))
13:24:02.351 !!! [CE][offlineDB] :: Type 'mmg_tactical_pants_green' will be ignored. (Type does not exist. (Typo?))
13:24:02.351 !!! [CE][offlineDB] :: Type 'mmg_tactical_gloves_green' will be ignored. (Type does not exist. (Typo?))
13:24:02.351 !!! [CE][offlineDB] :: Type 'MMG_boots_green' will be ignored. (Type does not exist. (Typo?))
13:24:02.351 !!! [CE][offlineDB] :: Type 'MMG_facemask_green' will be ignored. (Type does not exist. (Typo?))
13:24:02.351 !!! [CE][offlineDB] :: Type 'MMG_balaclava_olive' will be ignored. (Type does not exist. (Typo?))
13:24:02.351 !!! [CE][offlineDB] :: Type 'mmg_boonie_green' will be ignored. (Type does not exist. (Typo?))
13:24:02.352 !!! [CE][offlineDB] :: Type 'MMG_JPC_Vest_multicam' will be ignored. (Type does not exist. (Typo?))
13:24:02.352 !!! [CE][offlineDB] :: Type 'MMG_tt_Vest_multicam' will be ignored. (Type does not exist. (Typo?))
13:24:02.352 !!! [CE][offlineDB] :: Type 'MMG_chestrig_multicam' will be ignored. (Type does not exist. (Typo?))
13:24:02.352 !!! [CE][offlineDB] :: Type 'MMG_MK_III_Armor_multicam' will be ignored. (Type does not exist. (Typo?))
13:24:02.352 !!! [CE][offlineDB] :: Type 'MMG_MK_V_Armor_multicam' will be ignored. (Type does not exist. (Typo?))
13:24:02.352 !!! [CE][offlineDB] :: Type 'MMG_Mag_Pouch_multicam' will be ignored. (Type does not exist. (Typo?))
13:24:02.352 !!! [CE][offlineDB] :: Type 'MMG_triple_magpouch_multicam' will be ignored. (Type does not exist. (Typo?))
13:24:02.352 !!! [CE][offlineDB] :: Type 'MMG_double_magpouch_multicam' will be ignored. (Type does not exist. (Typo?))
13:24:02.352 !!! [CE][offlineDB] :: Type 'MMG_Med_Pouch_multicam' will be ignored. (Type does not exist. (Typo?))
13:24:02.352 !!! [CE][offlineDB] :: Type 'MMG_ammo_pouch_multicam' will be ignored. (Type does not exist. (Typo?))
13:24:02.352 !!! [CE][offlineDB] :: Type 'MMG_tactical_pouch_multicam' will be ignored. (Type does not exist. (Typo?))
13:24:02.352 !!! [CE][offlineDB] :: Type 'MMG_mk5_utility_pouch_multicam' will be ignored. (Type does not exist. (Typo?))
13:24:02.352 !!! [CE][offlineDB] :: Type 'MMG_mk5_grenade_pouch_multicam' will be ignored. (Type does not exist. (Typo?))
13:24:02.352 !!! [CE][offlineDB] :: Type 'MMG_carrier_backpack_multicam' will be ignored. (Type does not exist. (Typo?))
13:24:02.352 !!! [CE][offlineDB] :: Type 'MMG_supplybag_multicam' will be ignored. (Type does not exist. (Typo?))
13:24:02.352 !!! [CE][offlineDB] :: Type 'MMG_assault_pack_multicam' will be ignored. (Type does not exist. (Typo?))
13:24:02.352 !!! [CE][offlineDB] :: Type 'MMG_camelback_multicam' will be ignored. (Type does not exist. (Typo?))
13:24:02.352 !!! [CE][offlineDB] :: Type 'MMG_mmps_bag_multicam' will be ignored. (Type does not exist. (Typo?))
13:24:02.352 !!! [CE][offlineDB] :: Type 'MMG_falcon_b1_belt_multicam' will be ignored. (Type does not exist. (Typo?))
13:24:02.352 !!! [CE][offlineDB] :: Type 'MMG_tactical_helmet_multicam' will be ignored. (Type does not exist. (Typo?))
13:24:02.352 !!! [CE][offlineDB] :: Type 'MMG_striker_helmet_multicam' will be ignored. (Type does not exist. (Typo?))
13:24:02.352 !!! [CE][offlineDB] :: Type 'MMG_sheath_multicam' will be ignored. (Type does not exist. (Typo?))
13:24:02.352 !!! [CE][offlineDB] :: Type 'MMG_bottle_multicam' will be ignored. (Type does not exist. (Typo?))
13:24:02.352 !!! [CE][offlineDB] :: Type 'MMG_Holster_multicam' will be ignored. (Type does not exist. (Typo?))
13:24:02.352 !!! [CE][offlineDB] :: Type 'MMG_operatorshirt_multicam' will be ignored. (Type does not exist. (Typo?))
13:24:02.352 !!! [CE][offlineDB] :: Type 'MMG_tactical_shirt_multicam' will be ignored. (Type does not exist. (Typo?))
13:24:02.352 !!! [CE][offlineDB] :: Type 'MMG_combatshirt_multicam' will be ignored. (Type does not exist. (Typo?))
13:24:02.352 !!! [CE][offlineDB] :: Type 'MMG_combatpants_multicam' will be ignored. (Type does not exist. (Typo?))
13:24:02.352 !!! [CE][offlineDB] :: Type 'mmg_tactical_pants_multicam' will be ignored. (Type does not exist. (Typo?))
13:24:02.352 !!! [CE][offlineDB] :: Type 'mmg_tactical_gloves_multicam' will be ignored. (Type does not exist. (Typo?))
13:24:02.352 !!! [CE][offlineDB] :: Type 'MMG_boots_multicam' will be ignored. (Type does not exist. (Typo?))
13:24:02.352 !!! [CE][offlineDB] :: Type 'MMG_facemask_multicam' will be ignored. (Type does not exist. (Typo?))
13:24:02.352 !!! [CE][offlineDB] :: Type 'MMG_balaclava_multicam' will be ignored. (Type does not exist. (Typo?))
13:24:02.352 !!! [CE][offlineDB] :: Type 'mmg_boonie_multicam' will be ignored. (Type does not exist. (Typo?))
13:24:02.352 !!! [CE][offlineDB] :: Type 'MMG_JPC_Vest_multicamblack' will be ignored. (Type does not exist. (Typo?))
13:24:02.352 !!! [CE][offlineDB] :: Type 'MMG_tt_Vest_multicamblack' will be ignored. (Type does not exist. (Typo?))
13:24:02.352 !!! [CE][offlineDB] :: Type 'MMG_chestrig_multicamblack' will be ignored. (Type does not exist. (Typo?))
13:24:02.352 !!! [CE][offlineDB] :: Type 'MMG_MK_III_Armor_multicamblack' will be ignored. (Type does not exist. (Typo?))
13:24:02.352 !!! [CE][offlineDB] :: Type 'MMG_MK_V_Armor_multicamblack' will be ignored. (Type does not exist. (Typo?))
13:24:02.352 !!! [CE][offlineDB] :: Type 'MMG_Mag_Pouch_multicamblack' will be ignored. (Type does not exist. (Typo?))
13:24:02.352 !!! [CE][offlineDB] :: Type 'MMG_triple_magpouch_multicamblack' will be ignored. (Type does not exist. (Typo?))
13:24:02.352 !!! [CE][offlineDB] :: Type 'MMG_double_magpouch_multicamblack' will be ignored. (Type does not exist. (Typo?))
13:24:02.352 !!! [CE][offlineDB] :: Type 'MMG_Med_Pouch_multicamblack' will be ignored. (Type does not exist. (Typo?))
13:24:02.352 !!! [CE][offlineDB] :: Type 'MMG_ammo_pouch_multicamblack' will be ignored. (Type does not exist. (Typo?))
13:24:02.352 !!! [CE][offlineDB] :: Type 'MMG_tactical_pouch_multicamblack' will be ignored. (Type does not exist. (Typo?))
13:24:02.352 !!! [CE][offlineDB] :: Type 'MMG_mk5_utility_pouch_multicamblack' will be ignored. (Type does not exist. (Typo?))
13:24:02.352 !!! [CE][offlineDB] :: Type 'MMG_mk5_grenade_pouch_multicamblack' will be ignored. (Type does not exist. (Typo?))
13:24:02.352 !!! [CE][offlineDB] :: Type 'MMG_carrier_backpack_multicamblack' will be ignored. (Type does not exist. (Typo?))
13:24:02.352 !!! [CE][offlineDB] :: Type 'MMG_supplybag_multicamblack' will be ignored. (Type does not exist. (Typo?))
13:24:02.352 !!! [CE][offlineDB] :: Type 'MMG_assault_pack_multicamblack' will be ignored. (Type does not exist. (Typo?))
13:24:02.352 !!! [CE][offlineDB] :: Type 'MMG_camelback_multicamblack' will be ignored. (Type does not exist. (Typo?))
13:24:02.352 !!! [CE][offlineDB] :: Type 'MMG_mmps_nag_multicamblack' will be ignored. (Type does not exist. (Typo?))
13:24:02.352 !!! [CE][offlineDB] :: Type 'MMG_falcon_b1_belt_multicamblack' will be ignored. (Type does not exist. (Typo?))
13:24:02.352 !!! [CE][offlineDB] :: Type 'MMG_tactical_helmet_multicamblack' will be ignored. (Type does not exist. (Typo?))
13:24:02.352 !!! [CE][offlineDB] :: Type 'MMG_striker_helmet_multicamblack' will be ignored. (Type does not exist. (Typo?))
13:24:02.352 !!! [CE][offlineDB] :: Type 'MMG_sheath_multicamblack' will be ignored. (Type does not exist. (Typo?))
13:24:02.352 !!! [CE][offlineDB] :: Type 'MMG_bottle_multicamblack' will be ignored. (Type does not exist. (Typo?))
13:24:02.352 !!! [CE][offlineDB] :: Type 'MMG_Holster_multicamblack' will be ignored. (Type does not exist. (Typo?))
13:24:02.352 !!! [CE][offlineDB] :: Type 'MMG_operatorshirt_multicamblack' will be ignored. (Type does not exist. (Typo?))
13:24:02.352 !!! [CE][offlineDB] :: Type 'MMG_tactical_shirt_multicamblack' will be ignored. (Type does not exist. (Typo?))
13:24:02.352 !!! [CE][offlineDB] :: Type 'MMG_combatshirt_multicamblack' will be ignored. (Type does not exist. (Typo?))
13:24:02.352 !!! [CE][offlineDB] :: Type 'MMG_combatpants_multicamblack' will be ignored. (Type does not exist. (Typo?))
13:24:02.352 !!! [CE][offlineDB] :: Type 'mmg_tactical_pants_multicamblack' will be ignored. (Type does not exist. (Typo?))
13:24:02.352 !!! [CE][offlineDB] :: Type 'mmg_tactical_gloves_multicamblack' will be ignored. (Type does not exist. (Typo?))
13:24:02.352 !!! [CE][offlineDB] :: Type 'MMG_boots_multicamblack' will be ignored. (Type does not exist. (Typo?))
13:24:02.352 !!! [CE][offlineDB] :: Type 'MMG_facemask_multicamblack' will be ignored. (Type does not exist. (Typo?))
13:24:02.352 !!! [CE][offlineDB] :: Type 'MMG_balaclava_multicamblack' will be ignored. (Type does not exist. (Typo?))
13:24:02.352 !!! [CE][offlineDB] :: Type 'mmg_boonie_multicamblack' will be ignored. (Type does not exist. (Typo?))
13:24:02.353 !!! [CE][offlineDB] :: Type 'MMG_JPC_Vest_multicam_tropic' will be ignored. (Type does not exist. (Typo?))
13:24:02.353 !!! [CE][offlineDB] :: Type 'MMG_tt_Vest_multicam_tropic' will be ignored. (Type does not exist. (Typo?))
13:24:02.353 !!! [CE][offlineDB] :: Type 'MMG_chestrig_multicam_tropic' will be ignored. (Type does not exist. (Typo?))
13:24:02.353 !!! [CE][offlineDB] :: Type 'MMG_MK_III_Armor_multicam_tropic' will be ignored. (Type does not exist. (Typo?))
13:24:02.353 !!! [CE][offlineDB] :: Type 'MMG_MK_V_Armor_multicam_tropic' will be ignored. (Type does not exist. (Typo?))
13:24:02.353 !!! [CE][offlineDB] :: Type 'MMG_Mag_Pouch_multicam_tropic' will be ignored. (Type does not exist. (Typo?))
13:24:02.353 !!! [CE][offlineDB] :: Type 'MMG_triple_magpouch_multicam_tropic' will be ignored. (Type does not exist. (Typo?))
13:24:02.353 !!! [CE][offlineDB] :: Type 'MMG_double_magpouch_multicam_tropic' will be ignored. (Type does not exist. (Typo?))
13:24:02.353 !!! [CE][offlineDB] :: Type 'MMG_Med_Pouch_multicam_tropic' will be ignored. (Type does not exist. (Typo?))
13:24:02.353 !!! [CE][offlineDB] :: Type 'MMG_ammo_pouch_multicam_tropic' will be ignored. (Type does not exist. (Typo?))
13:24:02.353 !!! [CE][offlineDB] :: Type 'MMG_tactical_pouch_multicam_tropic' will be ignored. (Type does not exist. (Typo?))
13:24:02.353 !!! [CE][offlineDB] :: Type 'MMG_mk5_utility_pouch_multicam_tropic' will be ignored. (Type does not exist. (Typo?))
13:24:02.353 !!! [CE][offlineDB] :: Type 'MMG_mk5_grenade_pouch_multicam_tropic' will be ignored. (Type does not exist. (Typo?))
13:24:02.353 !!! [CE][offlineDB] :: Type 'MMG_carrier_backpack_multicam_tropic' will be ignored. (Type does not exist. (Typo?))
13:24:02.353 !!! [CE][offlineDB] :: Type 'MMG_supplybag_multicam_tropic' will be ignored. (Type does not exist. (Typo?))
13:24:02.353 !!! [CE][offlineDB] :: Type 'MMG_assault_pack_multicam_tropic' will be ignored. (Type does not exist. (Typo?))
13:24:02.353 !!! [CE][offlineDB] :: Type 'MMG_camelback_multicam_tropic' will be ignored. (Type does not exist. (Typo?))
13:24:02.353 !!! [CE][offlineDB] :: Type 'MMG_mmps_bag_multicam_tropic' will be ignored. (Type does not exist. (Typo?))
13:24:02.353 !!! [CE][offlineDB] :: Type 'MMG_falcon_b1_belt_multicam_tropic' will be ignored. (Type does not exist. (Typo?))
13:24:02.353 !!! [CE][offlineDB] :: Type 'MMG_tactical_helmet_multicam_tropic' will be ignored. (Type does not exist. (Typo?))
13:24:02.353 !!! [CE][offlineDB] :: Type 'MMG_striker_helmet_multicam_tropic' will be ignored. (Type does not exist. (Typo?))
13:24:02.353 !!! [CE][offlineDB] :: Type 'MMG_sheath_multicam_tropic' will be ignored. (Type does not exist. (Typo?))
13:24:02.353 !!! [CE][offlineDB] :: Type 'MMG_bottle_multicam_tropic' will be ignored. (Type does not exist. (Typo?))
13:24:02.353 !!! [CE][offlineDB] :: Type 'MMG_Holster_multicam_tropic' will be ignored. (Type does not exist. (Typo?))
13:24:02.353 !!! [CE][offlineDB] :: Type 'MMG_operatorshirt_multicam_tropic' will be ignored. (Type does not exist. (Typo?))
13:24:02.353 !!! [CE][offlineDB] :: Type 'MMG_tactical_shirt_multicam_tropic' will be ignored. (Type does not exist. (Typo?))
13:24:02.353 !!! [CE][offlineDB] :: Type 'MMG_combatshirt_multicam_tropic' will be ignored. (Type does not exist. (Typo?))
13:24:02.353 !!! [CE][offlineDB] :: Type 'MMG_combatpants_multicam_tropic' will be ignored. (Type does not exist. (Typo?))
13:24:02.353 !!! [CE][offlineDB] :: Type 'mmg_tactical_pants_multicam_tropic' will be ignored. (Type does not exist. (Typo?))
13:24:02.353 !!! [CE][offlineDB] :: Type 'mmg_tactical_gloves_multicam_tropic' will be ignored. (Type does not exist. (Typo?))
13:24:02.353 !!! [CE][offlineDB] :: Type 'MMG_boots_multicam_tropic' will be ignored. (Type does not exist. (Typo?))
13:24:02.353 !!! [CE][offlineDB] :: Type 'MMG_facemask_multicam_tropic' will be ignored. (Type does not exist. (Typo?))
13:24:02.353 !!! [CE][offlineDB] :: Type 'mmg_boonie_multicam_tropic' will be ignored. (Type does not exist. (Typo?))
13:24:02.353 !!! [CE][offlineDB] :: Type 'MMG_nbc_pouch' will be ignored. (Type does not exist. (Typo?))
13:24:02.353 !!! [CE][offlineDB] :: Type 'mmg_gp_nvg_black' will be ignored. (Type does not exist. (Typo?))
13:24:02.353 !!! [CE][offlineDB] :: Type 'mmg_gp_nvg_tan' will be ignored. (Type does not exist. (Typo?))
13:24:02.353 !!! [CE][offlineDB] :: Type 'mmg_gp_nvg_green' will be ignored. (Type does not exist. (Typo?))
13:24:02.353 !!! [CE][offlineDB] :: Type 'mmg_gp_nvg_grey' will be ignored. (Type does not exist. (Typo?))
13:24:02.353 !!! [CE][offlineDB] :: Type 'MMG_JPC_Vest_tan' will be ignored. (Type does not exist. (Typo?))
13:24:02.353 !!! [CE][offlineDB] :: Type 'MMG_tt_Vest_tan' will be ignored. (Type does not exist. (Typo?))
13:24:02.354 !!! [CE][offlineDB] :: Type 'MMG_chestrig_tan' will be ignored. (Type does not exist. (Typo?))
13:24:02.354 !!! [CE][offlineDB] :: Type 'MMG_MK_III_Armor_tan' will be ignored. (Type does not exist. (Typo?))
13:24:02.354 !!! [CE][offlineDB] :: Type 'MMG_MK_V_Armor_tan' will be ignored. (Type does not exist. (Typo?))
13:24:02.354 !!! [CE][offlineDB] :: Type 'MMG_Mag_Pouch_tan' will be ignored. (Type does not exist. (Typo?))
13:24:02.354 !!! [CE][offlineDB] :: Type 'MMG_triple_magpouch_tan' will be ignored. (Type does not exist. (Typo?))
13:24:02.354 !!! [CE][offlineDB] :: Type 'MMG_multiple_magpouch_tan' will be ignored. (Type does not exist. (Typo?))
13:24:02.354 !!! [CE][offlineDB] :: Type 'MMG_double_magpouch_tan' will be ignored. (Type does not exist. (Typo?))
13:24:02.354 !!! [CE][offlineDB] :: Type 'MMG_Med_Pouch_tan' will be ignored. (Type does not exist. (Typo?))
13:24:02.354 !!! [CE][offlineDB] :: Type 'MMG_ammo_pouch_tan' will be ignored. (Type does not exist. (Typo?))
13:24:02.354 !!! [CE][offlineDB] :: Type 'MMG_tactical_pouch_tan' will be ignored. (Type does not exist. (Typo?))
13:24:02.354 !!! [CE][offlineDB] :: Type 'MMG_holster_pouch_tan' will be ignored. (Type does not exist. (Typo?))
13:24:02.354 !!! [CE][offlineDB] :: Type 'MMG_mk5_utility_pouch_tan' will be ignored. (Type does not exist. (Typo?))
13:24:02.354 !!! [CE][offlineDB] :: Type 'MMG_mk5_grenade_pouch_tan' will be ignored. (Type does not exist. (Typo?))
13:24:02.354 !!! [CE][offlineDB] :: Type 'MMG_carrier_backpack_tan' will be ignored. (Type does not exist. (Typo?))
13:24:02.354 !!! [CE][offlineDB] :: Type 'MMG_supplybag_tan' will be ignored. (Type does not exist. (Typo?))
13:24:02.354 !!! [CE][offlineDB] :: Type 'MMG_assault_pack_tan' will be ignored. (Type does not exist. (Typo?))
13:24:02.354 !!! [CE][offlineDB] :: Type 'MMG_camelback_tan' will be ignored. (Type does not exist. (Typo?))
13:24:02.354 !!! [CE][offlineDB] :: Type 'MMG_mmps_bag_tan' will be ignored. (Type does not exist. (Typo?))
13:24:02.354 !!! [CE][offlineDB] :: Type 'MMG_falcon_b1_belt_tan' will be ignored. (Type does not exist. (Typo?))
13:24:02.354 !!! [CE][offlineDB] :: Type 'MMG_tactical_helmet_tan' will be ignored. (Type does not exist. (Typo?))
13:24:02.354 !!! [CE][offlineDB] :: Type 'MMG_striker_helmet_tan' will be ignored. (Type does not exist. (Typo?))
13:24:02.354 !!! [CE][offlineDB] :: Type 'mmg_armored_helmet_tan' will be ignored. (Type does not exist. (Typo?))
13:24:02.354 !!! [CE][offlineDB] :: Type 'mmg_armored_helmet_visor_tan' will be ignored. (Type does not exist. (Typo?))
13:24:02.354 !!! [CE][offlineDB] :: Type 'MMG_headphones_tan' will be ignored. (Type does not exist. (Typo?))
13:24:02.354 !!! [CE][offlineDB] :: Type 'MMG_sheath_tan' will be ignored. (Type does not exist. (Typo?))
13:24:02.354 !!! [CE][offlineDB] :: Type 'MMG_bottle_tan' will be ignored. (Type does not exist. (Typo?))
13:24:02.354 !!! [CE][offlineDB] :: Type 'MMG_Holster_tan' will be ignored. (Type does not exist. (Typo?))
13:24:02.354 !!! [CE][offlineDB] :: Type 'mmg_tac_goggles_red_tan' will be ignored. (Type does not exist. (Typo?))
13:24:02.354 !!! [CE][offlineDB] :: Type 'MMG_operatorshirt_tan' will be ignored. (Type does not exist. (Typo?))
13:24:02.354 !!! [CE][offlineDB] :: Type 'MMG_tactical_shirt_tan' will be ignored. (Type does not exist. (Typo?))
13:24:02.354 !!! [CE][offlineDB] :: Type 'MMG_combatshirt_tan' will be ignored. (Type does not exist. (Typo?))
13:24:02.354 !!! [CE][offlineDB] :: Type 'MMG_combatpants_tan' will be ignored. (Type does not exist. (Typo?))
13:24:02.354 !!! [CE][offlineDB] :: Type 'mmg_tactical_pants_tan' will be ignored. (Type does not exist. (Typo?))
13:24:02.354 !!! [CE][offlineDB] :: Type 'mmg_tactical_gloves_tan' will be ignored. (Type does not exist. (Typo?))
13:24:02.354 !!! [CE][offlineDB] :: Type 'MMG_boots_tan' will be ignored. (Type does not exist. (Typo?))
13:24:02.354 !!! [CE][offlineDB] :: Type 'MMG_facemask_tan' will be ignored. (Type does not exist. (Typo?))
13:24:02.354 !!! [CE][offlineDB] :: Type 'MMG_balaclava_tan' will be ignored. (Type does not exist. (Typo?))
13:24:02.354 !!! [CE][offlineDB] :: Type 'mmg_boonie_tan' will be ignored. (Type does not exist. (Typo?))
13:24:02.354 !!! [CE][offlineDB] :: Type 'MMG_JPC_Vest_ucp' will be ignored. (Type does not exist. (Typo?))
13:24:02.354 !!! [CE][offlineDB] :: Type 'MMG_tt_Vest_ucp' will be ignored. (Type does not exist. (Typo?))
13:24:02.354 !!! [CE][offlineDB] :: Type 'MMG_chestrig_ucp' will be ignored. (Type does not exist. (Typo?))
13:24:02.354 !!! [CE][offlineDB] :: Type 'MMG_MK_III_Armor_ucp' will be ignored. (Type does not exist. (Typo?))
13:24:02.354 !!! [CE][offlineDB] :: Type 'MMG_MK_V_Armor_ucp' will be ignored. (Type does not exist. (Typo?))
13:24:02.354 !!! [CE][offlineDB] :: Type 'MMG_Mag_Pouch_ucp' will be ignored. (Type does not exist. (Typo?))
13:24:02.354 !!! [CE][offlineDB] :: Type 'MMG_triple_magpouch_ucp' will be ignored. (Type does not exist. (Typo?))
13:24:02.354 !!! [CE][offlineDB] :: Type 'MMG_double_magpouch_ucp' will be ignored. (Type does not exist. (Typo?))
13:24:02.354 !!! [CE][offlineDB] :: Type 'MMG_Med_Pouch_ucp' will be ignored. (Type does not exist. (Typo?))
13:24:02.354 !!! [CE][offlineDB] :: Type 'MMG_ammo_pouch_ucp' will be ignored. (Type does not exist. (Typo?))
13:24:02.354 !!! [CE][offlineDB] :: Type 'MMG_tactical_pouch_ucp' will be ignored. (Type does not exist. (Typo?))
13:24:02.354 !!! [CE][offlineDB] :: Type 'MMG_mk5_utility_pouch_ucp' will be ignored. (Type does not exist. (Typo?))
13:24:02.354 !!! [CE][offlineDB] :: Type 'MMG_mk5_grenade_pouch_ucp' will be ignored. (Type does not exist. (Typo?))
13:24:02.354 !!! [CE][offlineDB] :: Type 'MMG_carrier_backpack_ucp' will be ignored. (Type does not exist. (Typo?))
13:24:02.354 !!! [CE][offlineDB] :: Type 'MMG_supplybag_ucp' will be ignored. (Type does not exist. (Typo?))
13:24:02.354 !!! [CE][offlineDB] :: Type 'MMG_assault_pack_ucp' will be ignored. (Type does not exist. (Typo?))
13:24:02.354 !!! [CE][offlineDB] :: Type 'MMG_camelback_ucp' will be ignored. (Type does not exist. (Typo?))
13:24:02.354 !!! [CE][offlineDB] :: Type 'MMG_mmps_bag_ucp' will be ignored. (Type does not exist. (Typo?))
13:24:02.354 !!! [CE][offlineDB] :: Type 'MMG_falcon_b1_belt_ucp' will be ignored. (Type does not exist. (Typo?))
13:24:02.354 !!! [CE][offlineDB] :: Type 'MMG_tactical_helmet_ucp' will be ignored. (Type does not exist. (Typo?))
13:24:02.354 !!! [CE][offlineDB] :: Type 'MMG_striker_helmet_ucp' will be ignored. (Type does not exist. (Typo?))
13:24:02.354 !!! [CE][offlineDB] :: Type 'MMG_headphones_ucp' will be ignored. (Type does not exist. (Typo?))
13:24:02.354 !!! [CE][offlineDB] :: Type 'MMG_sheath_ucp' will be ignored. (Type does not exist. (Typo?))
13:24:02.354 !!! [CE][offlineDB] :: Type 'MMG_bottle_ucp' will be ignored. (Type does not exist. (Typo?))
13:24:02.354 !!! [CE][offlineDB] :: Type 'MMG_Holster_ucp' will be ignored. (Type does not exist. (Typo?))
13:24:02.354 !!! [CE][offlineDB] :: Type 'MMG_operatorshirt_ucp' will be ignored. (Type does not exist. (Typo?))
13:24:02.354 !!! [CE][offlineDB] :: Type 'MMG_tactical_shirt_ucp' will be ignored. (Type does not exist. (Typo?))
13:24:02.354 !!! [CE][offlineDB] :: Type 'MMG_combatshirt_ucp' will be ignored. (Type does not exist. (Typo?))
13:24:02.354 !!! [CE][offlineDB] :: Type 'MMG_combatpants_ucp' will be ignored. (Type does not exist. (Typo?))
13:24:02.354 !!! [CE][offlineDB] :: Type 'mmg_tactical_pants_ucp' will be ignored. (Type does not exist. (Typo?))
13:24:02.354 !!! [CE][offlineDB] :: Type 'mmg_tactical_gloves_ucp' will be ignored. (Type does not exist. (Typo?))
13:24:02.354 !!! [CE][offlineDB] :: Type 'MMG_boots_ucp' will be ignored. (Type does not exist. (Typo?))
13:24:02.354 !!! [CE][offlineDB] :: Type 'MMG_facemask_ucp' will be ignored. (Type does not exist. (Typo?))
13:24:02.354 !!! [CE][offlineDB] :: Type 'MMG_balaclava_ucp' will be ignored. (Type does not exist. (Typo?))
13:24:02.354 !!! [CE][offlineDB] :: Type 'mmg_boonie_ucp' will be ignored. (Type does not exist. (Typo?))
13:24:02.456 !!! [CE][DE][SPAWNS] :: [WARNING] :: Skipping entry for non-existing event 'VehicleTransitBus'.
13:24:02.456 [CE][DE][SPAWNS] :: Total positions: 987
13:24:02.456 [CE][DE][GROUPS] :: Total eventgroups defined: 83, Eventgroups in use: 83
13:24:02.460 [CE][Storage] ver:21 stamp:136, valid:yes, name:"C:\Program Files (x86)\Steam\steamapps\common\DayZServerAug2\mpmissions\Expansion.chernarusplus\storage_1\data\events.bin"
13:24:02.460 [CE][Storage] ver:21 stamp:132, valid:yes, name:"C:\Program Files (x86)\Steam\steamapps\common\DayZServerAug2\mpmissions\Expansion.chernarusplus\storage_1\data\events.001"
13:24:02.461 [CE][Storage] ver:21 stamp:133, valid:yes, name:"C:\Program Files (x86)\Steam\steamapps\common\DayZServerAug2\mpmissions\Expansion.chernarusplus\storage_1\data\events.002"
13:24:02.461 [CE][Storage] Restoring file "C:\Program Files (x86)\Steam\steamapps\common\DayZServerAug2\mpmissions\Expansion.chernarusplus\storage_1\data\events.bin".
13:24:02.461 [CE][DynamicEvent] Load  Events:[58] Primary spawners: 58 Secondary spawners: 4
13:24:02.465 [CE][Storage] ver:25 stamp:136, valid:yes, name:"C:\Program Files (x86)\Steam\steamapps\common\DayZServerAug2\mpmissions\Expansion.chernarusplus\storage_1\data\dynamic_000.bin"
13:24:02.465 [CE][Storage] ver:25 stamp:132, valid:yes, name:"C:\Program Files (x86)\Steam\steamapps\common\DayZServerAug2\mpmissions\Expansion.chernarusplus\storage_1\data\dynamic_000.001"
13:24:02.465 [CE][Storage] ver:25 stamp:133, valid:yes, name:"C:\Program Files (x86)\Steam\steamapps\common\DayZServerAug2\mpmissions\Expansion.chernarusplus\storage_1\data\dynamic_000.002"
13:24:02.466 [CE][Storage] Restoring file "C:\Program Files (x86)\Steam\steamapps\common\DayZServerAug2\mpmissions\Expansion.chernarusplus\storage_1\data\dynamic_000.bin" 1022 items.
13:24:02.911   1022 items loaded. (0 failed)
13:24:02.915 [CE][Storage] ver:25 stamp:136, valid:yes, name:"C:\Program Files (x86)\Steam\steamapps\common\DayZServerAug2\mpmissions\Expansion.chernarusplus\storage_1\data\dynamic_001.bin"
13:24:02.916 [CE][Storage] ver:25 stamp:132, valid:yes, name:"C:\Program Files (x86)\Steam\steamapps\common\DayZServerAug2\mpmissions\Expansion.chernarusplus\storage_1\data\dynamic_001.001"
13:24:02.916 [CE][Storage] ver:25 stamp:133, valid:yes, name:"C:\Program Files (x86)\Steam\steamapps\common\DayZServerAug2\mpmissions\Expansion.chernarusplus\storage_1\data\dynamic_001.002"
13:24:02.916 [CE][Storage] Restoring file "C:\Program Files (x86)\Steam\steamapps\common\DayZServerAug2\mpmissions\Expansion.chernarusplus\storage_1\data\dynamic_001.bin" 1954 items.
13:24:03.636   1954 items loaded. (0 failed)
13:24:03.640 [CE][Storage] ver:25 stamp:136, valid:yes, name:"C:\Program Files (x86)\Steam\steamapps\common\DayZServerAug2\mpmissions\Expansion.chernarusplus\storage_1\data\dynamic_002.bin"
13:24:03.641 [CE][Storage] ver:25 stamp:132, valid:yes, name:"C:\Program Files (x86)\Steam\steamapps\common\DayZServerAug2\mpmissions\Expansion.chernarusplus\storage_1\data\dynamic_002.001"
13:24:03.641 [CE][Storage] ver:25 stamp:133, valid:yes, name:"C:\Program Files (x86)\Steam\steamapps\common\DayZServerAug2\mpmissions\Expansion.chernarusplus\storage_1\data\dynamic_002.002"
13:24:03.641 [CE][Storage] Restoring file "C:\Program Files (x86)\Steam\steamapps\common\DayZServerAug2\mpmissions\Expansion.chernarusplus\storage_1\data\dynamic_002.bin" 2846 items.
13:24:04.556   2846 items loaded. (0 failed)
13:24:04.560 [CE][Storage] ver:25 stamp:136, valid:yes, name:"C:\Program Files (x86)\Steam\steamapps\common\DayZServerAug2\mpmissions\Expansion.chernarusplus\storage_1\data\dynamic_003.bin"
13:24:04.561 [CE][Storage] ver:25 stamp:132, valid:yes, name:"C:\Program Files (x86)\Steam\steamapps\common\DayZServerAug2\mpmissions\Expansion.chernarusplus\storage_1\data\dynamic_003.001"
13:24:04.561 [CE][Storage] ver:25 stamp:133, valid:yes, name:"C:\Program Files (x86)\Steam\steamapps\common\DayZServerAug2\mpmissions\Expansion.chernarusplus\storage_1\data\dynamic_003.002"
13:24:04.561 [CE][Storage] Restoring file "C:\Program Files (x86)\Steam\steamapps\common\DayZServerAug2\mpmissions\Expansion.chernarusplus\storage_1\data\dynamic_003.bin" 2567 items.
13:24:05.427   2567 items loaded. (0 failed)
13:24:05.431 [CE][Storage] ver:25 stamp:136, valid:yes, name:"C:\Program Files (x86)\Steam\steamapps\common\DayZServerAug2\mpmissions\Expansion.chernarusplus\storage_1\data\dynamic_004.bin"
13:24:05.431 [CE][Storage] ver:25 stamp:132, valid:yes, name:"C:\Program Files (x86)\Steam\steamapps\common\DayZServerAug2\mpmissions\Expansion.chernarusplus\storage_1\data\dynamic_004.001"
13:24:05.431 [CE][Storage] ver:25 stamp:133, valid:yes, name:"C:\Program Files (x86)\Steam\steamapps\common\DayZServerAug2\mpmissions\Expansion.chernarusplus\storage_1\data\dynamic_004.002"
13:24:05.431 [CE][Storage] Restoring file "C:\Program Files (x86)\Steam\steamapps\common\DayZServerAug2\mpmissions\Expansion.chernarusplus\storage_1\data\dynamic_004.bin" 2142 items.
13:24:06.138   2142 items loaded. (0 failed)
13:24:06.143 [CE][Storage] ver:25 stamp:136, valid:yes, name:"C:\Program Files (x86)\Steam\steamapps\common\DayZServerAug2\mpmissions\Expansion.chernarusplus\storage_1\data\dynamic_005.bin"
13:24:06.144 [CE][Storage] ver:25 stamp:132, valid:yes, name:"C:\Program Files (x86)\Steam\steamapps\common\DayZServerAug2\mpmissions\Expansion.chernarusplus\storage_1\data\dynamic_005.001"
13:24:06.144 [CE][Storage] ver:25 stamp:133, valid:yes, name:"C:\Program Files (x86)\Steam\steamapps\common\DayZServerAug2\mpmissions\Expansion.chernarusplus\storage_1\data\dynamic_005.002"
13:24:06.144 [CE][Storage] Restoring file "C:\Program Files (x86)\Steam\steamapps\common\DayZServerAug2\mpmissions\Expansion.chernarusplus\storage_1\data\dynamic_005.bin" 2400 items.
13:24:06.905   2400 items loaded. (0 failed)
13:24:06.910 [CE][Storage] ver:25 stamp:136, valid:yes, name:"C:\Program Files (x86)\Steam\steamapps\common\DayZServerAug2\mpmissions\Expansion.chernarusplus\storage_1\data\dynamic_006.bin"
13:24:06.910 [CE][Storage] ver:25 stamp:132, valid:yes, name:"C:\Program Files (x86)\Steam\steamapps\common\DayZServerAug2\mpmissions\Expansion.chernarusplus\storage_1\data\dynamic_006.001"
13:24:06.910 [CE][Storage] ver:25 stamp:133, valid:yes, name:"C:\Program Files (x86)\Steam\steamapps\common\DayZServerAug2\mpmissions\Expansion.chernarusplus\storage_1\data\dynamic_006.002"
13:24:06.910 [CE][Storage] Restoring file "C:\Program Files (x86)\Steam\steamapps\common\DayZServerAug2\mpmissions\Expansion.chernarusplus\storage_1\data\dynamic_006.bin" 1717 items.
13:24:07.495   1717 items loaded. (0 failed)
13:24:07.500 [CE][Storage] ver:25 stamp:136, valid:yes, name:"C:\Program Files (x86)\Steam\steamapps\common\DayZServerAug2\mpmissions\Expansion.chernarusplus\storage_1\data\dynamic_007.bin"
13:24:07.501 [CE][Storage] ver:25 stamp:132, valid:yes, name:"C:\Program Files (x86)\Steam\steamapps\common\DayZServerAug2\mpmissions\Expansion.chernarusplus\storage_1\data\dynamic_007.001"
13:24:07.501 [CE][Storage] ver:25 stamp:133, valid:yes, name:"C:\Program Files (x86)\Steam\steamapps\common\DayZServerAug2\mpmissions\Expansion.chernarusplus\storage_1\data\dynamic_007.002"
13:24:07.501 [CE][Storage] Restoring file "C:\Program Files (x86)\Steam\steamapps\common\DayZServerAug2\mpmissions\Expansion.chernarusplus\storage_1\data\dynamic_007.bin" 1679 items.
13:24:08.68   1679 items loaded. (0 failed)
13:24:08.73 [CE][Storage] ver:25 stamp:136, valid:yes, name:"C:\Program Files (x86)\Steam\steamapps\common\DayZServerAug2\mpmissions\Expansion.chernarusplus\storage_1\data\dynamic_008.bin"
13:24:08.73 [CE][Storage] ver:25 stamp:132, valid:yes, name:"C:\Program Files (x86)\Steam\steamapps\common\DayZServerAug2\mpmissions\Expansion.chernarusplus\storage_1\data\dynamic_008.001"
13:24:08.73 [CE][Storage] ver:25 stamp:133, valid:yes, name:"C:\Program Files (x86)\Steam\steamapps\common\DayZServerAug2\mpmissions\Expansion.chernarusplus\storage_1\data\dynamic_008.002"
13:24:08.73 [CE][Storage] Restoring file "C:\Program Files (x86)\Steam\steamapps\common\DayZServerAug2\mpmissions\Expansion.chernarusplus\storage_1\data\dynamic_008.bin" 2386 items.
13:24:08.887   2386 items loaded. (0 failed)
13:24:08.891 [CE][Storage] ver:25 stamp:136, valid:yes, name:"C:\Program Files (x86)\Steam\steamapps\common\DayZServerAug2\mpmissions\Expansion.chernarusplus\storage_1\data\dynamic_009.bin"
13:24:08.892 [CE][Storage] ver:25 stamp:132, valid:yes, name:"C:\Program Files (x86)\Steam\steamapps\common\DayZServerAug2\mpmissions\Expansion.chernarusplus\storage_1\data\dynamic_009.001"
13:24:08.892 [CE][Storage] ver:25 stamp:133, valid:yes, name:"C:\Program Files (x86)\Steam\steamapps\common\DayZServerAug2\mpmissions\Expansion.chernarusplus\storage_1\data\dynamic_009.002"
13:24:08.892 [CE][Storage] Restoring file "C:\Program Files (x86)\Steam\steamapps\common\DayZServerAug2\mpmissions\Expansion.chernarusplus\storage_1\data\dynamic_009.bin" 3041 items.
13:24:09.935   3041 items loaded. (0 failed)
13:24:09.940 [CE][Storage] ver:25 stamp:136, valid:yes, name:"C:\Program Files (x86)\Steam\steamapps\common\DayZServerAug2\mpmissions\Expansion.chernarusplus\storage_1\data\dynamic_010.bin"
13:24:09.940 [CE][Storage] ver:25 stamp:132, valid:yes, name:"C:\Program Files (x86)\Steam\steamapps\common\DayZServerAug2\mpmissions\Expansion.chernarusplus\storage_1\data\dynamic_010.001"
13:24:09.941 [CE][Storage] ver:25 stamp:133, valid:yes, name:"C:\Program Files (x86)\Steam\steamapps\common\DayZServerAug2\mpmissions\Expansion.chernarusplus\storage_1\data\dynamic_010.002"
13:24:09.941 [CE][Storage] Restoring file "C:\Program Files (x86)\Steam\steamapps\common\DayZServerAug2\mpmissions\Expansion.chernarusplus\storage_1\data\dynamic_010.bin" 2029 items.
13:24:10.665   2029 items loaded. (0 failed)
13:24:10.670 [CE][Storage] ver:25 stamp:136, valid:yes, name:"C:\Program Files (x86)\Steam\steamapps\common\DayZServerAug2\mpmissions\Expansion.chernarusplus\storage_1\data\dynamic_011.bin"
13:24:10.671 [CE][Storage] ver:25 stamp:132, valid:yes, name:"C:\Program Files (x86)\Steam\steamapps\common\DayZServerAug2\mpmissions\Expansion.chernarusplus\storage_1\data\dynamic_011.001"
13:24:10.671 [CE][Storage] ver:25 stamp:133, valid:yes, name:"C:\Program Files (x86)\Steam\steamapps\common\DayZServerAug2\mpmissions\Expansion.chernarusplus\storage_1\data\dynamic_011.002"
13:24:10.671 [CE][Storage] Restoring file "C:\Program Files (x86)\Steam\steamapps\common\DayZServerAug2\mpmissions\Expansion.chernarusplus\storage_1\data\dynamic_011.bin" 195 items.
13:24:10.739   195 items loaded. (0 failed)
13:24:10.742 [CE][Storage] ver:26 stamp:136, valid:yes, name:"C:\Program Files (x86)\Steam\steamapps\common\DayZServerAug2\mpmissions\Expansion.chernarusplus\storage_1\data\building.bin"
13:24:10.742 [CE][Storage] ver:26 stamp:132, valid:yes, name:"C:\Program Files (x86)\Steam\steamapps\common\DayZServerAug2\mpmissions\Expansion.chernarusplus\storage_1\data\building.001"
13:24:10.742 [CE][Storage] ver:26 stamp:133, valid:yes, name:"C:\Program Files (x86)\Steam\steamapps\common\DayZServerAug2\mpmissions\Expansion.chernarusplus\storage_1\data\building.002"
13:24:10.742 [CE][Storage] Restoring file "C:\Program Files (x86)\Steam\steamapps\common\DayZServerAug2\mpmissions\Expansion.chernarusplus\storage_1\data\building.bin" 0 items.
13:24:10.742   0 items loaded. (0 failed)
13:24:10.746 [CE][Storage] ver:25 stamp:136, valid:yes, name:"C:\Program Files (x86)\Steam\steamapps\common\DayZServerAug2\mpmissions\Expansion.chernarusplus\storage_1\data\vehicles.bin"
13:24:10.747 [CE][Storage] ver:25 stamp:132, valid:yes, name:"C:\Program Files (x86)\Steam\steamapps\common\DayZServerAug2\mpmissions\Expansion.chernarusplus\storage_1\data\vehicles.001"
13:24:10.748 [CE][Storage] ver:25 stamp:133, valid:yes, name:"C:\Program Files (x86)\Steam\steamapps\common\DayZServerAug2\mpmissions\Expansion.chernarusplus\storage_1\data\vehicles.002"
13:24:10.748 [CE][Storage] Restoring file "C:\Program Files (x86)\Steam\steamapps\common\DayZServerAug2\mpmissions\Expansion.chernarusplus\storage_1\data\vehicles.bin" 292 items.
13:24:11.495   292 items loaded. (0 failed)
13:24:11.529 [CE][Hive] :: Storage load took:9.08 seconds, recovery stamp:136
13:24:11.529   entity: 26087, building: 0
13:24:11.529   no lifetime: 75
13:24:11.529   pathgraph's: 623
13:24:11.529 [CE][Hive] :: Initializing ... 
13:24:11.572 [CE][InitializeMap] :: initialized: 0
13:24:11.572 [CE][Hive] :: Initializing spawners ... 
13:24:12.306 [CE][LootRespawner] (PRIDummy) :: Initially (re)spawned:0, Nominal:28374, Total in Map: 24208 at 0 (sec)
13:24:12.306   tests:0, repeats:0 fails:0, overtime:0
13:24:12.308 [CE][DynEvent] :: 58 types
13:24:12.308 [00] AmbientHen
13:24:12.308   Primary Spawner: "Ambient", active: yes, repeat: 1
13:24:12.308 [01] AnimalBear
13:24:12.308   Primary Spawner: "Animal", active: yes, repeat: 1
13:24:12.308 [02] AnimalCow
13:24:12.308   Primary Spawner: "Animal", active: yes, repeat: 1
13:24:12.308 [03] AnimalDeer
13:24:12.308   Primary Spawner: "Animal", active: yes, repeat: 1
13:24:12.308 [04] AnimalGoat
13:24:12.308   Primary Spawner: "Animal", active: yes, repeat: 1
13:24:12.308 [05] AnimalPig
13:24:12.308   Primary Spawner: "Animal", active: yes, repeat: 1
13:24:12.308 [06] AnimalRoeDeer
13:24:12.308   Primary Spawner: "Animal", active: yes, repeat: 1
13:24:12.308 [07] AnimalSheep
13:24:12.308   Primary Spawner: "Animal", active: yes, repeat: 1
13:24:12.308 [08] AnimalWildBoar
13:24:12.308   Primary Spawner: "Animal", active: yes, repeat: 1
13:24:12.308 [09] AnimalWolf
13:24:12.308   Primary Spawner: "Animal", active: yes, repeat: 1
13:24:12.308 [10] InfectedArmy
13:24:12.308   Primary Spawner: "Infected", active: yes, repeat: 1
13:24:12.308 [11] InfectedArmyHard
13:24:12.308   Primary Spawner: "Infected", active: yes, repeat: 1
13:24:12.308 [12] InfectedCity
13:24:12.308   Primary Spawner: "Infected", active: yes, repeat: 1
13:24:12.308 [13] InfectedCityTier1
13:24:12.308   Primary Spawner: "Infected", active: yes, repeat: 1
13:24:12.308 [14] InfectedFirefighter
13:24:12.308   Primary Spawner: "Infected", active: yes, repeat: 1
13:24:12.308 [15] InfectedIndustrial
13:24:12.308   Primary Spawner: "Infected", active: yes, repeat: 1
13:24:12.308 [16] InfectedMedic
13:24:12.308   Primary Spawner: "Infected", active: yes, repeat: 1
13:24:12.308 [17] InfectedNBC
13:24:12.308   Primary Spawner: "Infected", active: yes, repeat: 1
13:24:12.308 [18] InfectedNBCYellow
13:24:12.308   Primary Spawner: "Infected", active: yes, repeat: 1
13:24:12.308 [19] InfectedPolice
13:24:12.308   Primary Spawner: "Infected", active: yes, repeat: 1
13:24:12.308 [20] InfectedPoliceHard
13:24:12.308   Primary Spawner: "Infected", active: yes, repeat: 1
13:24:12.308 [21] InfectedPrisoner
13:24:12.308   Primary Spawner: "Infected", active: yes, repeat: 1
13:24:12.308 [22] InfectedReligious
13:24:12.308   Primary Spawner: "Infected", active: yes, repeat: 1
13:24:12.308 [23] InfectedSanta
13:24:12.309   Primary Spawner: "Infected", active: yes, repeat: 1
13:24:12.309 [24] InfectedSolitude
13:24:12.309   Primary Spawner: "Infected", active: yes, repeat: 1
13:24:12.309 [25] InfectedVillage
13:24:12.309   Primary Spawner: "Infected", active: yes, repeat: 1
13:24:12.309 [26] InfectedVillageTier1
13:24:12.309   Primary Spawner: "Infected", active: yes, repeat: 1
13:24:12.309 [27] ItemPlanks
13:24:12.309   Primary Spawner: "Item", active: yes, repeat: 1
13:24:12.309 [28] Loot
13:24:12.309   Primary Spawner: "Loot", active: yes, repeat: 2
13:24:12.309 [29] StaticContaminatedArea
13:24:12.309   Primary Spawner: "Static", active: yes, repeat: 1
13:24:12.309 [30] StaticHeliCrash
13:24:12.309   Primary Spawner: "Static", active: yes, repeat: 1
13:24:12.309   Secondary Spawner: "Infected", active: yes, repeat: 1
13:24:12.309 [31] StaticMilitaryConvoy
13:24:12.309   Primary Spawner: "Static", active: yes, repeat: 1
13:24:12.309   Secondary Spawner: "Infected", active: yes, repeat: 1
13:24:12.309 [32] StaticPoliceSituation
13:24:12.309   Primary Spawner: "Static", active: yes, repeat: 1
13:24:12.309   Secondary Spawner: "Infected", active: yes, repeat: 1
13:24:12.309 [33] StaticTrain
13:24:12.309   Primary Spawner: "Static", active: yes, repeat: 1
13:24:12.309   Secondary Spawner: "Infected", active: yes, repeat: 1
13:24:12.309 [34] TrajectoryApple
13:24:12.309   Primary Spawner: "Trajectory", active: yes, repeat: 1
13:24:12.309 [35] TrajectoryConiferous
13:24:12.309   Primary Spawner: "Trajectory", active: yes, repeat: 1
13:24:12.309 [36] TrajectoryDeciduous
13:24:12.309   Primary Spawner: "Trajectory", active: yes, repeat: 1
13:24:12.309 [37] TrajectoryHumus
13:24:12.309   Primary Spawner: "Trajectory", active: yes, repeat: 1
13:24:12.309 [38] TrajectoryPear
13:24:12.309   Primary Spawner: "Trajectory", active: yes, repeat: 1
13:24:12.309 [39] TrajectoryPlum
13:24:12.309   Primary Spawner: "Trajectory", active: yes, repeat: 1
13:24:12.309 [40] TrajectoryStones
13:24:12.309   Primary Spawner: "Trajectory", active: yes, repeat: 1
13:24:12.309 [41] VehicleCivilianSedan
13:24:12.309   Primary Spawner: "Vehicle", active: yes, repeat: 1
13:24:12.309 [42] VehicleHatchback02
