

=====================================================================
== C:\Program Files (x86)\Steam\steamapps\common\DayZServerAug2\DayZServer_x64.exe
== "DayZServer_x64.exe" -config=serverDZ.cfg -mod=@CF;@CommunityOnlineTools;@DabsFramework;@DayZ-Expansion-Animations;@DayZ-Expansion-Bundle;@DayZ-Expansion-Licensed;@PvZmoD_CustomisableZombies "-serverMod=_@DayZ-Dynamic-AI-Addon" -port=2302 -profiles=config -cpuCount=4 -adminlog -netlog -freezecheck 
=====================================================================
Exe timestamp: 2023/07/27 17:06:07
Current time:  2023/08/10 15:13:16

Version 1.21.156300
15:13:16.800 [Inputs] Loading inputs default "bin/constants.xml"
15:13:16.802 [Inputs] Loading inputs default "bin/specific.xml"
15:13:16.803 [Inputs] Loading inputs default "JM/COT/Scripts/Data/Inputs.xml"
15:13:16.803 !!! [Inputs] Cannot Register "UAObjectModuleDeleteOnCursor" non-existent input - Fix Preset!
15:13:16.803 [Inputs] Loading inputs default "LIVEN/PvZmoD_CustomisableZombies/inputs.xml"
15:13:16.803 [Inputs] Loading inputs default "DayZExpansion/Groups/Scripts/Data/Inputs.xml"
15:13:16.804 [Inputs] Loading inputs default "DayZExpansion/Navigation/Scripts/Data/Inputs.xml"
15:13:16.804 !!! [Inputs] Attempt to register duplicate exclusion group "chatexpansion"
15:13:16.804 [Inputs] Loading inputs default "DayZExpansion/PlayerList/Scripts/Data/Inputs.xml"
15:13:16.804 !!! [Inputs] Attempt to register duplicate exclusion group "chatexpansion"
15:13:16.804 [Inputs] Loading inputs default "DayZExpansion/Scripts/Data/Inputs.xml"
15:13:16.804 !!! [Inputs] Attempt to register duplicate exclusion group "chatexpansion"
15:13:16.804 [Inputs] Loading inputs default "DayZExpansion/Vehicles/Scripts/Data/Inputs.xml"
15:13:16.805 [Inputs] Loading inputs default "DayZExpansion/AI/Scripts/inputs.xml"
15:13:16.805 [Inputs] Loading inputs default "DayZExpansion/BaseBuilding/Scripts/Data/Inputs.xml"
15:13:16.805 !!! [Inputs] Attempt to register duplicate exclusion group "chatexpansion"
15:13:16.805 [Inputs] Loading inputs default "DayZExpansion/Book/Scripts/Data/Inputs.xml"
15:13:16.805 !!! [Inputs] Attempt to register duplicate exclusion group "chatexpansion"
15:13:16.805 [Inputs] Loading inputs default "DayZExpansion/Chat/Scripts/Data/Inputs.xml"
15:13:16.805 !!! [Inputs] Attempt to register duplicate exclusion group "chatexpansion"
15:13:16.805 [Inputs] Loading inputs default "DayZExpansion/Quests/Scripts/Data/Inputs.xml"
15:13:16.805 [Inputs] Loading inputs cfg "config\Users\Survivor\Server.core.xml"
15:13:16.805 !!! [Inputs] Cannot read inputs cfg "config\Users\Survivor\Server.core.xml", parser error
15:13:16.806 [Inputs] Loading inputs cfg "bin/core.xml"
15:13:16.806 !!! [Inputs] Cannot load input preset "#STR_USER", file does not exist
15:13:16.807 [Inputs] Exporting inputs cfg "config\Users\Survivor\Server.core.xml"
15:13:36.833 [CE][Hive] :: Initializing OFFLINE
15:13:36.833 [StorageDirs] :: Selected storage directory: C:\Program Files (x86)\Steam\steamapps\common\DayZServerAug2\mpmissions\Expansion.chernarusplus\storage_1\
15:13:36.833 [CE][Hive] :: Loading core data ... 
15:13:36.837 [CE][CoreData] :: 7 root classes, 18 defaults, 0 updaters...
15:13:36.858 [CE][offlineDB] :: Conversion of characters started.
15:13:36.871 [CE][offlineDB] :: Processing 0 players.
15:13:36.872 [CE][offlineDB] :: Conversion of characters successfully completed.
15:13:39.743 [CE] :: WARNING :: Preset map "optics" is EMPTY.
15:13:39.744 [CE][TypeSetup] :: 505 classes setuped...
15:13:39.751 [CE] :: WARNING :: Preset map "optics" is EMPTY.
15:13:39.752 [CE][TypeSetup] :: 97 classes setuped...
15:13:40.728 [CE][RegisterBind] :: 0 classes binded...
15:13:40.729 [CE][RegisterConfig] :: 11252 config classes registered, 0 sub-counters...
15:13:40.729 [CE][Hive] :: Loading map data ... 
15:13:40.733 [CE][IgnoreList] "cfgignorelist.xml" :: loaded 19 types
15:13:40.790 !!! [CE] :: Unknown category: 'vehicleparts'.
15:13:40.790 !!! [CE] :: Unknown category: 'vehicleparts'.
15:13:40.790 !!! [CE] :: Unknown category: 'vehicleparts'.
15:13:40.791 !!! [CE] :: Unknown category: 'vehicleparts'.
15:13:40.791 !!! [CE] :: Unknown category: 'vehicleparts'.
15:13:40.791 !!! [CE] :: Unknown category: 'vehicleparts'.
15:13:40.791 !!! [CE] :: Unknown category: 'vehicleparts'.
15:13:40.791 !!! [CE] :: Unknown category: 'vehicleparts'.
15:13:40.791 !!! [CE] :: Unknown category: 'vehicleparts'.
15:13:40.791 !!! [CE] :: Unknown category: 'vehicleparts'.
15:13:40.791 !!! [CE] :: Unknown category: 'vehicleparts'.
15:13:40.791 !!! [CE] :: Unknown category: 'vehicleparts'.
15:13:40.791 !!! [CE] :: Unknown category: 'vehicleparts'.
15:13:40.791 !!! [CE] :: Unknown category: 'vehicleparts'.
15:13:40.791 !!! [CE] :: Unknown category: 'vehicleparts'.
15:13:40.791 !!! [CE] :: Unknown category: 'vehicleparts'.
15:13:40.791 !!! [CE] :: Unknown category: 'vehicleparts'.
15:13:40.791 !!! [CE] :: Unknown category: 'vehicleparts'.
15:13:40.791 !!! [CE] :: Unknown category: 'vehicleparts'.
15:13:40.791 !!! [CE] :: Unknown category: 'vehicleparts'.
15:13:40.791 !!! [CE] :: Unknown category: 'vehicleparts'.
15:13:40.791 !!! [CE] :: Unknown category: 'vehicleparts'.
15:13:40.791 !!! [CE] :: Unknown category: 'vehicleparts'.
15:13:40.791 !!! [CE] :: Unknown category: 'vehicleparts'.
15:13:40.792 !!! [CE] :: Unknown category: 'vehicleparts'.
15:13:40.792 !!! [CE] :: Unknown category: 'vehicleparts'.
15:13:40.792 !!! [CE] :: Unknown category: 'vehicleparts'.
15:13:40.792 !!! [CE] :: Unknown category: 'vehicleparts'.
15:13:40.792 !!! [CE] :: Unknown category: 'vehicleparts'.
15:13:40.792 !!! [CE] :: Unknown category: 'vehicleparts'.
15:13:40.792 !!! [CE] :: Unknown category: 'vehicleparts'.
15:13:40.792 !!! [CE] :: Unknown category: 'vehicleparts'.
15:13:40.792 !!! [CE] :: Unknown category: 'vehicleparts'.
15:13:40.792 !!! [CE] :: Unknown category: 'vehicleparts'.
15:13:40.792 !!! [CE] :: Unknown category: 'vehicleparts'.
15:13:40.792 !!! [CE] :: Unknown category: 'vehicleparts'.
15:13:40.792 !!! [CE] :: Unknown category: 'vehicleparts'.
15:13:40.792 !!! [CE] :: Unknown category: 'vehicleparts'.
15:13:40.792 !!! [CE] :: Unknown category: 'vehicleparts'.
15:13:40.792 !!! [CE] :: Unknown category: 'vehicleparts'.
15:13:40.792 !!! [CE] :: Unknown category: 'vehicleparts'.
15:13:40.792 !!! [CE] :: Unknown category: 'vehicleparts'.
15:13:40.792 !!! [CE] :: Unknown category: 'vehicleparts'.
15:13:40.792 !!! [CE] :: Unknown category: 'vehicleparts'.
15:13:40.792 !!! [CE] :: Unknown category: 'vehicleparts'.
15:13:40.792 !!! [CE] :: Unknown category: 'vehicleparts'.
15:13:40.792 !!! [CE] :: Unknown category: 'vehicleparts'.
15:13:40.792 !!! [CE] :: Unknown category: 'vehicleparts'.
15:13:40.792 !!! [CE] :: Unknown category: 'vehicleparts'.
15:13:40.792 !!! [CE] :: Unknown category: 'vehicleparts'.
15:13:40.793 !!! [CE] :: Unknown category: 'vehicleparts'.
15:13:40.793 !!! [CE] :: Unknown category: 'vehicleparts'.
15:13:40.793 [CE][LoadPrototype] :: loaded 413 prototypes
15:13:40.793   799 containers, 10078 points
15:13:40.793   66 dispatches, 239 proxies
15:13:40.793 !!! [CE][LoadPrototype] 5 groups have no points...
15:13:40.793 [CE][LoadPrototype] :: last group name: Land_Wreck_sed02_aban2_red_DE...
15:13:40.799 [CE][LoadPrototype] :: loaded 0 prototypes
15:13:40.799   55 containers, 232 points
15:13:40.799   0 dispatches, 0 proxies
15:13:40.799 [CE][LoadPrototype] :: last group name: Rail9...
15:13:41.603 [CE][LoadMap] "Group" :: loaded 11709 groups, groups failed: 0, largest group range: 34.2
15:13:41.608 [CE][LoadMap] "Dirt" :: loaded 0 groups, groups failed: 0, largest group range: 34.2
15:13:41.865 [CE][Links] found 1908 total links between groups, of 11709
15:13:41.865 [CE][LoadClusters] "Cluster" :: Loading files...
15:13:42.72 [CE][LoadClusters] :: file: "mapgroupcluster.xml", 9 types, 50000 instances
15:13:42.244 [CE][LoadClusters] :: file: "mapgroupcluster01", 9 types, 50000 instances
15:13:42.415 [CE][LoadClusters] :: file: "mapgroupcluster02", 9 types, 50000 instances
15:13:42.603 [CE][LoadClusters] :: file: "mapgroupcluster03", 9 types, 50000 instances
15:13:42.671 [CE][LoadClusters] :: file: "mapgroupcluster04", 9 types, 17347 instances
15:13:42.673 [CE][Storage] ver:0 stamp:0, valid:NO, name:"C:\Program Files (x86)\Steam\steamapps\common\DayZServerAug2\mpmissions\Expansion.chernarusplus\storage_1\data\types.bin"
15:13:42.673 [CE][Storage] ver:0 stamp:0, valid:NO, name:"C:\Program Files (x86)\Steam\steamapps\common\DayZServerAug2\mpmissions\Expansion.chernarusplus\storage_1\data\types.001"
15:13:42.673 [CE][Storage] ver:0 stamp:0, valid:NO, name:"C:\Program Files (x86)\Steam\steamapps\common\DayZServerAug2\mpmissions\Expansion.chernarusplus\storage_1\data\types.002"
15:13:42.678 !!! [CE][offlineDB] :: No Shutdown message present.
15:13:42.686 [CE][offlineDB] :: Loaded 47 dynamic events 225 total types.
15:13:42.690 !!! [CE][DE] (VehicleTruck01) :: Unable to create child (Truck_01_Covered_Grey) as the type does not exist.
15:13:42.690 [CE][offlineDB] :: Loaded 58 dynamic events 289 total types.
15:13:42.718 !!! [CE][offlineDB] :: Type 'ChristmasTree' will be ignored. (Not spawnable. (Scope is not public?))
15:13:42.729 !!! [CE][offlineDB] :: Type 'Expansion_M79' will be ignored. (Not spawnable. (Scope is not public?))
15:13:42.729 !!! [CE][offlineDB] :: Type 'ExpansionFlaregun' will be ignored. (Not spawnable. (Scope is not public?))
15:13:42.729 !!! [CE][offlineDB] :: Type 'Expansion_Longhorn' will be ignored. (Not spawnable. (Scope is not public?))
15:13:42.844 !!! [CE][DE][SPAWNS] :: [WARNING] :: Skipping entry for non-existing event 'VehicleTransitBus'.
15:13:42.845 [CE][DE][SPAWNS] :: Total positions: 987
15:13:42.845 [CE][DE][GROUPS] :: Total eventgroups defined: 83, Eventgroups in use: 83
15:13:42.845 [CE][Storage] ver:0 stamp:0, valid:NO, name:"C:\Program Files (x86)\Steam\steamapps\common\DayZServerAug2\mpmissions\Expansion.chernarusplus\storage_1\data\events.bin"
15:13:42.845 [CE][Storage] ver:0 stamp:0, valid:NO, name:"C:\Program Files (x86)\Steam\steamapps\common\DayZServerAug2\mpmissions\Expansion.chernarusplus\storage_1\data\events.001"
15:13:42.845 [CE][Storage] ver:0 stamp:0, valid:NO, name:"C:\Program Files (x86)\Steam\steamapps\common\DayZServerAug2\mpmissions\Expansion.chernarusplus\storage_1\data\events.002"
15:13:42.845 [CE][Storage] ver:0 stamp:0, valid:NO, name:"C:\Program Files (x86)\Steam\steamapps\common\DayZServerAug2\mpmissions\Expansion.chernarusplus\storage_1\data\dynamic_000.bin"
15:13:42.845 [CE][Storage] ver:0 stamp:0, valid:NO, name:"C:\Program Files (x86)\Steam\steamapps\common\DayZServerAug2\mpmissions\Expansion.chernarusplus\storage_1\data\dynamic_000.001"
15:13:42.846 [CE][Storage] ver:0 stamp:0, valid:NO, name:"C:\Program Files (x86)\Steam\steamapps\common\DayZServerAug2\mpmissions\Expansion.chernarusplus\storage_1\data\dynamic_000.002"
15:13:42.846 [CE][Storage] ver:0 stamp:0, valid:NO, name:"C:\Program Files (x86)\Steam\steamapps\common\DayZServerAug2\mpmissions\Expansion.chernarusplus\storage_1\data\dynamic_001.bin"
15:13:42.846 [CE][Storage] ver:0 stamp:0, valid:NO, name:"C:\Program Files (x86)\Steam\steamapps\common\DayZServerAug2\mpmissions\Expansion.chernarusplus\storage_1\data\dynamic_001.001"
15:13:42.846 [CE][Storage] ver:0 stamp:0, valid:NO, name:"C:\Program Files (x86)\Steam\steamapps\common\DayZServerAug2\mpmissions\Expansion.chernarusplus\storage_1\data\dynamic_001.002"
15:13:42.846 [CE][Storage] ver:0 stamp:0, valid:NO, name:"C:\Program Files (x86)\Steam\steamapps\common\DayZServerAug2\mpmissions\Expansion.chernarusplus\storage_1\data\dynamic_002.bin"
15:13:42.846 [CE][Storage] ver:0 stamp:0, valid:NO, name:"C:\Program Files (x86)\Steam\steamapps\common\DayZServerAug2\mpmissions\Expansion.chernarusplus\storage_1\data\dynamic_002.001"
15:13:42.846 [CE][Storage] ver:0 stamp:0, valid:NO, name:"C:\Program Files (x86)\Steam\steamapps\common\DayZServerAug2\mpmissions\Expansion.chernarusplus\storage_1\data\dynamic_002.002"
15:13:42.846 [CE][Storage] ver:0 stamp:0, valid:NO, name:"C:\Program Files (x86)\Steam\steamapps\common\DayZServerAug2\mpmissions\Expansion.chernarusplus\storage_1\data\dynamic_003.bin"
15:13:42.846 [CE][Storage] ver:0 stamp:0, valid:NO, name:"C:\Program Files (x86)\Steam\steamapps\common\DayZServerAug2\mpmissions\Expansion.chernarusplus\storage_1\data\dynamic_003.001"
15:13:42.846 [CE][Storage] ver:0 stamp:0, valid:NO, name:"C:\Program Files (x86)\Steam\steamapps\common\DayZServerAug2\mpmissions\Expansion.chernarusplus\storage_1\data\dynamic_003.002"
15:13:42.847 [CE][Storage] ver:0 stamp:0, valid:NO, name:"C:\Program Files (x86)\Steam\steamapps\common\DayZServerAug2\mpmissions\Expansion.chernarusplus\storage_1\data\dynamic_004.bin"
15:13:42.847 [CE][Storage] ver:0 stamp:0, valid:NO, name:"C:\Program Files (x86)\Steam\steamapps\common\DayZServerAug2\mpmissions\Expansion.chernarusplus\storage_1\data\dynamic_004.001"
15:13:42.847 [CE][Storage] ver:0 stamp:0, valid:NO, name:"C:\Program Files (x86)\Steam\steamapps\common\DayZServerAug2\mpmissions\Expansion.chernarusplus\storage_1\data\dynamic_004.002"
15:13:42.847 [CE][Storage] ver:0 stamp:0, valid:NO, name:"C:\Program Files (x86)\Steam\steamapps\common\DayZServerAug2\mpmissions\Expansion.chernarusplus\storage_1\data\dynamic_005.bin"
15:13:42.847 [CE][Storage] ver:0 stamp:0, valid:NO, name:"C:\Program Files (x86)\Steam\steamapps\common\DayZServerAug2\mpmissions\Expansion.chernarusplus\storage_1\data\dynamic_005.001"
15:13:42.847 [CE][Storage] ver:0 stamp:0, valid:NO, name:"C:\Program Files (x86)\Steam\steamapps\common\DayZServerAug2\mpmissions\Expansion.chernarusplus\storage_1\data\dynamic_005.002"
15:13:42.847 [CE][Storage] ver:0 stamp:0, valid:NO, name:"C:\Program Files (x86)\Steam\steamapps\common\DayZServerAug2\mpmissions\Expansion.chernarusplus\storage_1\data\dynamic_006.bin"
15:13:42.847 [CE][Storage] ver:0 stamp:0, valid:NO, name:"C:\Program Files (x86)\Steam\steamapps\common\DayZServerAug2\mpmissions\Expansion.chernarusplus\storage_1\data\dynamic_006.001"
15:13:42.847 [CE][Storage] ver:0 stamp:0, valid:NO, name:"C:\Program Files (x86)\Steam\steamapps\common\DayZServerAug2\mpmissions\Expansion.chernarusplus\storage_1\data\dynamic_006.002"
15:13:42.847 [CE][Storage] ver:0 stamp:0, valid:NO, name:"C:\Program Files (x86)\Steam\steamapps\common\DayZServerAug2\mpmissions\Expansion.chernarusplus\storage_1\data\dynamic_007.bin"
15:13:42.848 [CE][Storage] ver:0 stamp:0, valid:NO, name:"C:\Program Files (x86)\Steam\steamapps\common\DayZServerAug2\mpmissions\Expansion.chernarusplus\storage_1\data\dynamic_007.001"
15:13:42.848 [CE][Storage] ver:0 stamp:0, valid:NO, name:"C:\Program Files (x86)\Steam\steamapps\common\DayZServerAug2\mpmissions\Expansion.chernarusplus\storage_1\data\dynamic_007.002"
15:13:42.848 [CE][Storage] ver:0 stamp:0, valid:NO, name:"C:\Program Files (x86)\Steam\steamapps\common\DayZServerAug2\mpmissions\Expansion.chernarusplus\storage_1\data\dynamic_008.bin"
15:13:42.848 [CE][Storage] ver:0 stamp:0, valid:NO, name:"C:\Program Files (x86)\Steam\steamapps\common\DayZServerAug2\mpmissions\Expansion.chernarusplus\storage_1\data\dynamic_008.001"
15:13:42.848 [CE][Storage] ver:0 stamp:0, valid:NO, name:"C:\Program Files (x86)\Steam\steamapps\common\DayZServerAug2\mpmissions\Expansion.chernarusplus\storage_1\data\dynamic_008.002"
15:13:42.848 [CE][Storage] ver:0 stamp:0, valid:NO, name:"C:\Program Files (x86)\Steam\steamapps\common\DayZServerAug2\mpmissions\Expansion.chernarusplus\storage_1\data\dynamic_009.bin"
15:13:42.848 [CE][Storage] ver:0 stamp:0, valid:NO, name:"C:\Program Files (x86)\Steam\steamapps\common\DayZServerAug2\mpmissions\Expansion.chernarusplus\storage_1\data\dynamic_009.001"
15:13:42.848 [CE][Storage] ver:0 stamp:0, valid:NO, name:"C:\Program Files (x86)\Steam\steamapps\common\DayZServerAug2\mpmissions\Expansion.chernarusplus\storage_1\data\dynamic_009.002"
15:13:42.848 [CE][Storage] ver:0 stamp:0, valid:NO, name:"C:\Program Files (x86)\Steam\steamapps\common\DayZServerAug2\mpmissions\Expansion.chernarusplus\storage_1\data\dynamic_010.bin"
15:13:42.848 [CE][Storage] ver:0 stamp:0, valid:NO, name:"C:\Program Files (x86)\Steam\steamapps\common\DayZServerAug2\mpmissions\Expansion.chernarusplus\storage_1\data\dynamic_010.001"
15:13:42.849 [CE][Storage] ver:0 stamp:0, valid:NO, name:"C:\Program Files (x86)\Steam\steamapps\common\DayZServerAug2\mpmissions\Expansion.chernarusplus\storage_1\data\dynamic_010.002"
15:13:42.849 [CE][Storage] ver:0 stamp:0, valid:NO, name:"C:\Program Files (x86)\Steam\steamapps\common\DayZServerAug2\mpmissions\Expansion.chernarusplus\storage_1\data\dynamic_011.bin"
15:13:42.849 [CE][Storage] ver:0 stamp:0, valid:NO, name:"C:\Program Files (x86)\Steam\steamapps\common\DayZServerAug2\mpmissions\Expansion.chernarusplus\storage_1\data\dynamic_011.001"
15:13:42.849 [CE][Storage] ver:0 stamp:0, valid:NO, name:"C:\Program Files (x86)\Steam\steamapps\common\DayZServerAug2\mpmissions\Expansion.chernarusplus\storage_1\data\dynamic_011.002"
15:13:42.849 [CE][Storage] ver:0 stamp:0, valid:NO, name:"C:\Program Files (x86)\Steam\steamapps\common\DayZServerAug2\mpmissions\Expansion.chernarusplus\storage_1\data\building.bin"
15:13:42.849 [CE][Storage] ver:0 stamp:0, valid:NO, name:"C:\Program Files (x86)\Steam\steamapps\common\DayZServerAug2\mpmissions\Expansion.chernarusplus\storage_1\data\building.001"
15:13:42.849 [CE][Storage] ver:0 stamp:0, valid:NO, name:"C:\Program Files (x86)\Steam\steamapps\common\DayZServerAug2\mpmissions\Expansion.chernarusplus\storage_1\data\building.002"
15:13:42.849 [CE][Storage] ver:0 stamp:0, valid:NO, name:"C:\Program Files (x86)\Steam\steamapps\common\DayZServerAug2\mpmissions\Expansion.chernarusplus\storage_1\data\vehicles.bin"
15:13:42.849 [CE][Storage] ver:0 stamp:0, valid:NO, name:"C:\Program Files (x86)\Steam\steamapps\common\DayZServerAug2\mpmissions\Expansion.chernarusplus\storage_1\data\vehicles.001"
15:13:42.849 [CE][Storage] ver:0 stamp:0, valid:NO, name:"C:\Program Files (x86)\Steam\steamapps\common\DayZServerAug2\mpmissions\Expansion.chernarusplus\storage_1\data\vehicles.002"
15:13:42.849 [CE][Hive] :: Empty storage folder, reinitializing ... 
15:13:42.851 [CE][Hive] :: Initializing ... 
15:13:42.856 [CE][InitializeMap] :: initialized: 0
15:13:42.856 [CE][Hive] :: Initializing spawners ... 
15:13:44.246 [CE][LootRespawner] (PRIDummy) :: Item [0] causing search overtime: "Truck_01_Door_1_1_GreenRust"
15:13:44.247 [CE][LootRespawner] (PRIDummy) :: Item [1] causing search overtime: "Truck_01_Door_1_1_GreenRust"
15:13:44.247 [CE][LootRespawner] (PRIDummy) :: Item [2] causing search overtime: "Truck_01_Door_1_1_GreenRust"
15:13:44.248 [CE][LootRespawner] (PRIDummy) :: Item [3] causing search overtime: "Truck_01_Door_1_1_GreenRust"
15:13:44.248 [CE][LootRespawner] (PRIDummy) :: Item [4] causing search overtime: "Truck_01_Door_1_1_GreenRust"
15:13:44.249 [CE][LootRespawner] (PRIDummy) :: Item [5] causing search overtime: "Truck_01_Door_1_1_GreenRust"
15:13:44.249 [CE][LootRespawner] (PRIDummy) :: Item [6] causing search overtime: "Truck_01_Door_1_1_GreenRust"
15:13:44.250 [CE][LootRespawner] (PRIDummy) :: Item [7] causing search overtime: "Truck_01_Door_1_1_GreenRust"
15:13:44.250 [CE][LootRespawner] (PRIDummy) :: Item [8] causing search overtime: "Truck_01_Door_1_1_GreenRust"
15:13:44.273 [CE][LootRespawner] (PRIDummy) :: Item [9] causing search overtime: "SalineBag"
15:13:44.275 [CE][LootRespawner] (PRIDummy) :: Item [10] causing search overtime: "SalineBag"
15:13:44.284 [CE][LootRespawner] (PRIDummy) :: Item [11] causing search overtime: "CivSedanTrunk_WineRust"
15:13:44.284 [CE][LootRespawner] (PRIDummy) :: Item [12] causing search overtime: "CivSedanTrunk_WineRust"
15:13:44.285 [CE][LootRespawner] (PRIDummy) :: Item [13] causing search overtime: "CivSedanTrunk_WineRust"
15:13:44.285 [CE][LootRespawner] (PRIDummy) :: Item [14] causing search overtime: "CivSedanTrunk_WineRust"
15:13:44.286 [CE][LootRespawner] (PRIDummy) :: Item [15] causing search overtime: "CivSedanTrunk_WineRust"
15:13:44.286 [CE][LootRespawner] (PRIDummy) :: Item [16] causing search overtime: "CivSedanTrunk_WineRust"
15:13:44.287 [CE][LootRespawner] (PRIDummy) :: Item [17] causing search overtime: "CivSedanTrunk_WineRust"
15:13:44.287 [CE][LootRespawner] (PRIDummy) :: Item [18] causing search overtime: "CivSedanTrunk_WineRust"
15:13:44.288 [CE][LootRespawner] (PRIDummy) :: Item [19] causing search overtime: "CivSedanTrunk_WineRust"
15:13:44.928 [CE][LootRespawner] (PRIDummy) :: Item [0] is hard to place, performance drops: "TireRepairKit"
15:13:45.297 [CE][LootRespawner] (PRIDummy) :: Item [1] is hard to place, performance drops: "PartyTent_Lunapark"
15:13:45.297 [CE][LootRespawner] (PRIDummy) :: Item [2] is hard to place, performance drops: "PartyTent_Lunapark"
15:13:45.297 [CE][LootRespawner] (PRIDummy) :: Item [3] is hard to place, performance drops: "PartyTent_Lunapark"
15:13:45.297 [CE][LootRespawner] (PRIDummy) :: Item [4] is hard to place, performance drops: "PartyTent_Lunapark"
15:13:45.297 [CE][LootRespawner] (PRIDummy) :: Item [5] is hard to place, performance drops: "PartyTent_Lunapark"
15:13:45.297 [CE][LootRespawner] (PRIDummy) :: Item [6] is hard to place, performance drops: "PartyTent_Lunapark"
15:13:45.297 [CE][LootRespawner] (PRIDummy) :: Item [7] is hard to place, performance drops: "PartyTent_Lunapark"
15:13:45.297 [CE][LootRespawner] (PRIDummy) :: Item [8] is hard to place, performance drops: "PartyTent_Lunapark"
15:13:45.297 [CE][LootRespawner] (PRIDummy) :: Item [9] is hard to place, performance drops: "PartyTent_Lunapark"
15:13:45.297 [CE][LootRespawner] (PRIDummy) :: Item [10] is hard to place, performance drops: "PartyTent_Lunapark"
15:13:45.297 [CE][LootRespawner] (PRIDummy) :: Item [11] is hard to place, performance drops: "PartyTent_Lunapark"
15:13:45.297 [CE][LootRespawner] (PRIDummy) :: Item [12] is hard to place, performance drops: "PartyTent_Lunapark"
15:13:45.297 [CE][LootRespawner] (PRIDummy) :: Item [13] is hard to place, performance drops: "PartyTent_Lunapark"
15:13:45.297 [CE][LootRespawner] (PRIDummy) :: Item [14] is hard to place, performance drops: "PartyTent_Lunapark"
15:13:45.297 [CE][LootRespawner] (PRIDummy) :: Item [15] is hard to place, performance drops: "PartyTent_Lunapark"
15:13:45.297 [CE][LootRespawner] (PRIDummy) :: Item [16] is hard to place, performance drops: "PartyTent_Lunapark"
15:13:45.297 [CE][LootRespawner] (PRIDummy) :: Item [17] is hard to place, performance drops: "PartyTent_Lunapark"
15:13:45.297 [CE][LootRespawner] (PRIDummy) :: Item [18] is hard to place, performance drops: "PartyTent_Lunapark"
15:13:45.297 [CE][LootRespawner] (PRIDummy) :: Item [19] is hard to place, performance drops: "PartyTent_Lunapark"
15:13:49.131 !!! [CE][Point] Removing 13339.621094, 11969.760742 from Land_Boat_Small1
15:13:52.181 !!! [CE][Point] Removing 6512.204102, 2429.683350 from Land_HouseBlock_3F_Corner1
15:13:52.242 [CE][LootRespawner] (PRIDummy) :: Initially (re)spawned:23322, Nominal:23636, Total in Map: 22364 at 8 (sec)
15:13:52.242   tests:23954, repeats:152 fails:480, overtime:1467
15:13:52.242 [CE][VehicleRespawner] (PRIContaminatedArea) :: Initial random enabled for "StaticContaminatedArea" - Chosen nominal: 2
15:13:52.247 [CE][Links] found 0 total links between groups, of 1
15:13:52.247 [CE][SpawnRandomLoot] (StaticHeliCrash) :: Type: Wreck_UH1Y, lootmin: 10, lootmax: 15, wanted: 10, deloot: 2, containermaxsum: 15
15:13:52.257 [CE][Links] found 0 total links between groups, of 2
15:13:52.257 [CE][SpawnRandomLoot] (StaticHeliCrash) :: Type: Wreck_Mi8_Crashed, lootmin: 10, lootmax: 15, wanted: 13, deloot: 2, containermaxsum: 15
15:13:52.265 [CE][Links] found 0 total links between groups, of 3
15:13:52.265 [CE][SpawnRandomLoot] (StaticHeliCrash) :: Type: Wreck_Mi8_Crashed, lootmin: 10, lootmax: 15, wanted: 11, deloot: 2, containermaxsum: 15
15:13:52.277 [CE][Links] found 0 total links between groups, of 4
15:13:52.277 [CE][SpawnRandomLoot] (StaticMilitaryConvoy) :: Type: Land_wreck_truck01_aban2_green_DE, lootmin: 2, lootmax: 3, wanted: 2, deloot: 1, containermaxsum: 3
15:13:52.278 [CE][Links] found 0 total links between groups, of 5
15:13:52.278 [CE][SpawnRandomLoot] (StaticMilitaryConvoy) :: Type: StaticObj_Wreck_Uaz_DE, lootmin: 2, lootmax: 3, wanted: 2, deloot: 1, containermaxsum: 3
15:13:52.280 [CE][Links] found 0 total links between groups, of 6
15:13:52.280 [CE][SpawnRandomLoot] (StaticMilitaryConvoy) :: Type: Land_Wreck_V3S_DE, lootmin: 2, lootmax: 3, wanted: 2, deloot: 1, containermaxsum: 3
15:13:52.281 [CE][Links] found 0 total links between groups, of 7
15:13:52.281 [CE][SpawnRandomLoot] (StaticMilitaryConvoy) :: Type: Land_Wreck_offroad02_aban1_DE, lootmin: 2, lootmax: 3, wanted: 2, deloot: 1, containermaxsum: 3
15:13:52.282 [CE][Links] found 0 total links between groups, of 8
15:13:52.282 [CE][SpawnRandomLoot] (StaticMilitaryConvoy) :: Type: Land_wreck_truck01_aban1_green_DE, lootmin: 2, lootmax: 3, wanted: 2, deloot: 1, containermaxsum: 3
15:13:52.290 [CE][Links] found 0 total links between groups, of 9
15:13:52.290 [CE][SpawnRandomLoot] (StaticMilitaryConvoy) :: Type: Land_Wreck_offroad02_aban2_DE, lootmin: 2, lootmax: 3, wanted: 2, deloot: 1, containermaxsum: 3
15:13:52.293 [CE][Links] found 0 total links between groups, of 10
15:13:52.293 [CE][SpawnRandomLoot] (StaticMilitaryConvoy) :: Type: Land_wreck_truck01_aban1_green_DE, lootmin: 2, lootmax: 3, wanted: 2, deloot: 1, containermaxsum: 3
15:13:52.294 [CE][Links] found 0 total links between groups, of 11
15:13:52.294 [CE][SpawnRandomLoot] (StaticMilitaryConvoy) :: Type: Land_wreck_truck01_aban2_green_DE, lootmin: 2, lootmax: 3, wanted: 2, deloot: 1, containermaxsum: 3
15:13:52.295 [CE][Links] found 0 total links between groups, of 12
15:13:52.295 [CE][SpawnRandomLoot] (StaticMilitaryConvoy) :: Type: StaticObj_Wreck_Ural_DE, lootmin: 2, lootmax: 3, wanted: 2, deloot: 1, containermaxsum: 3
15:13:52.301 [CE][Links] found 0 total links between groups, of 13
15:13:52.301 [CE][SpawnRandomLoot] (StaticMilitaryConvoy) :: Type: StaticObj_Wreck_BRDM_DE, lootmin: 2, lootmax: 3, wanted: 2, deloot: 1, containermaxsum: 3
15:13:52.306 [CE][Links] found 0 total links between groups, of 14
15:13:52.306 [CE][SpawnRandomLoot] (StaticMilitaryConvoy) :: Type: StaticObj_Wreck_Uaz_DE, lootmin: 2, lootmax: 3, wanted: 2, deloot: 1, containermaxsum: 3
15:13:52.308 [CE][Links] found 0 total links between groups, of 15
15:13:52.308 [CE][SpawnRandomLoot] (StaticMilitaryConvoy) :: Type: Land_Wreck_V3S_DE, lootmin: 2, lootmax: 3, wanted: 2, deloot: 1, containermaxsum: 3
15:13:52.310 [CE][Links] found 0 total links between groups, of 16
15:13:52.310 [CE][SpawnRandomLoot] (StaticMilitaryConvoy) :: Type: StaticObj_Wreck_Ural_DE, lootmin: 2, lootmax: 3, wanted: 2, deloot: 1, containermaxsum: 3
15:13:52.311 [CE][Links] found 2 total links between groups, of 17
15:13:52.311 [CE][SpawnRandomLoot] (StaticMilitaryConvoy) :: Type: Land_wreck_truck01_aban1_green_DE, lootmin: 2, lootmax: 3, wanted: 2, deloot: 1, containermaxsum: 3
15:13:52.312 [CE][Links] found 2 total links between groups, of 18
15:13:52.312 [CE][SpawnRandomLoot] (StaticMilitaryConvoy) :: Type: StaticObj_Wreck_BRDM_DE, lootmin: 2, lootmax: 3, wanted: 2, deloot: 1, containermaxsum: 3
15:13:52.313 [CE][Links] found 2 total links between groups, of 19
15:13:52.313 [CE][SpawnRandomLoot] (StaticMilitaryConvoy) :: Type: StaticObj_Wreck_Ural_DE, lootmin: 2, lootmax: 3, wanted: 2, deloot: 1, containermaxsum: 3
15:13:52.316 [CE][Links] found 2 total links between groups, of 20
15:13:52.316 [CE][SpawnRandomLoot] (StaticMilitaryConvoy) :: Type: StaticObj_Wreck_BMP2_DE, lootmin: 2, lootmax: 3, wanted: 2, deloot: 1, containermaxsum: 3
15:13:52.318 [CE][Links] found 2 total links between groups, of 21
15:13:52.318 [CE][SpawnRandomLoot] (StaticMilitaryConvoy) :: Type: Land_Wreck_offroad02_aban1_DE, lootmin: 2, lootmax: 3, wanted: 2, deloot: 1, containermaxsum: 3
15:13:52.320 [CE][Links] found 2 total links between groups, of 22
15:13:52.320 [CE][SpawnRandomLoot] (StaticMilitaryConvoy) :: Type: StaticObj_Wreck_Uaz_DE, lootmin: 2, lootmax: 3, wanted: 2, deloot: 1, containermaxsum: 3
15:13:52.324 [CE][Links] found 2 total links between groups, of 23
15:13:52.324 [CE][SpawnRandomLoot] (StaticMilitaryConvoy) :: Type: StaticObj_Wreck_BMP2_DE, lootmin: 2, lootmax: 3, wanted: 2, deloot: 1, containermaxsum: 3
15:13:52.326 [CE][Links] found 2 total links between groups, of 24
15:13:52.326 [CE][SpawnRandomLoot] (StaticMilitaryConvoy) :: Type: StaticObj_Wreck_Ural_DE, lootmin: 2, lootmax: 3, wanted: 2, deloot: 1, containermaxsum: 3
15:13:52.326 [CE][Links] found 2 total links between groups, of 25
15:13:52.326 [CE][SpawnRandomLoot] (StaticMilitaryConvoy) :: Type: Land_Wreck_V3S_DE, lootmin: 2, lootmax: 3, wanted: 2, deloot: 1, containermaxsum: 3
15:13:52.327 [CE][Links] found 2 total links between groups, of 26
15:13:52.327 [CE][SpawnRandomLoot] (StaticMilitaryConvoy) :: Type: StaticObj_Wreck_Uaz_DE, lootmin: 2, lootmax: 3, wanted: 2, deloot: 1, containermaxsum: 3
15:13:52.327 [CE][Links] found 2 total links between groups, of 27
15:13:52.327 [CE][SpawnRandomLoot] (StaticMilitaryConvoy) :: Type: StaticObj_Wreck_BRDM_DE, lootmin: 2, lootmax: 3, wanted: 2, deloot: 1, containermaxsum: 3
15:13:52.333 [CE][Links] found 2 total links between groups, of 28
15:13:52.333 [CE][SpawnRandomLoot] (StaticPoliceSituation) :: Type: Land_Wreck_sed01_aban1_police_DE, lootmin: 2, lootmax: 4, wanted: 2, deloot: 1, containermaxsum: 4
15:13:52.340 [CE][Links] found 2 total links between groups, of 29
15:13:52.340 [CE][SpawnRandomLoot] (StaticPoliceSituation) :: Type: Land_Wreck_sed01_aban2_police_DE, lootmin: 2, lootmax: 4, wanted: 2, deloot: 1, containermaxsum: 4
15:13:52.345 [CE][Links] found 2 total links between groups, of 30
15:13:52.345 [CE][SpawnRandomLoot] (StaticPoliceSituation) :: Type: Land_Wreck_sed01_aban1_police_DE, lootmin: 2, lootmax: 4, wanted: 2, deloot: 1, containermaxsum: 4
15:13:52.348 [CE][Links] found 2 total links between groups, of 31
15:13:52.348 [CE][SpawnRandomLoot] (StaticPoliceSituation) :: Type: Land_Wreck_hb01_aban2_blue_DE, lootmin: 2, lootmax: 2, wanted: 2, deloot: 1, containermaxsum: 2
15:13:52.349 [CE][Links] found 2 total links between groups, of 32
15:13:52.349 [CE][SpawnRandomLoot] (StaticPoliceSituation) :: Type: Land_Wreck_sed01_aban1_police_DE, lootmin: 2, lootmax: 4, wanted: 2, deloot: 1, containermaxsum: 4
15:13:52.353 [CE][Links] found 2 total links between groups, of 33
15:13:52.353 [CE][SpawnRandomLoot] (StaticPoliceSituation) :: Type: Land_Wreck_sed01_aban2_police_DE, lootmin: 2, lootmax: 4, wanted: 2, deloot: 1, containermaxsum: 4
15:13:52.355 [CE][Links] found 2 total links between groups, of 34
15:13:52.355 [CE][SpawnRandomLoot] (StaticPoliceSituation) :: Type: Land_Wreck_sed02_aban1_grey_DE, lootmin: 2, lootmax: 2, wanted: 2, deloot: 1, containermaxsum: 2
15:13:52.356 [CE][Links] found 2 total links between groups, of 35
15:13:52.356 [CE][SpawnRandomLoot] (StaticPoliceSituation) :: Type: Land_Wreck_hb02_aban1_blue_DE, lootmin: 2, lootmax: 2, wanted: 2, deloot: 1, containermaxsum: 2
15:13:52.359 [CE][Links] found 2 total links between groups, of 36
15:13:52.359 [CE][SpawnRandomLoot] (StaticPoliceSituation) :: Type: Land_Wreck_hb01_aban2_green_DE, lootmin: 2, lootmax: 2, wanted: 2, deloot: 1, containermaxsum: 2
15:13:52.361 [CE][Links] found 2 total links between groups, of 37
15:13:52.361 [CE][SpawnRandomLoot] (StaticPoliceSituation) :: Type: Land_Wreck_sed01_aban1_police_DE, lootmin: 2, lootmax: 4, wanted: 2, deloot: 1, containermaxsum: 4
15:13:52.365 [CE][Links] found 2 total links between groups, of 38
15:13:52.365 [CE][SpawnRandomLoot] (StaticPoliceSituation) :: Type: Land_Wreck_hb02_aban1_red_DE, lootmin: 2, lootmax: 2, wanted: 2, deloot: 1, containermaxsum: 2
15:13:52.369 [CE][Links] found 2 total links between groups, of 39
15:13:52.369 [CE][SpawnRandomLoot] (StaticPoliceSituation) :: Type: Land_Wreck_sed01_aban1_police_DE, lootmin: 2, lootmax: 4, wanted: 2, deloot: 1, containermaxsum: 4
15:13:52.370 [CE][Links] found 2 total links between groups, of 40
15:13:52.370 [CE][SpawnRandomLoot] (StaticPoliceSituation) :: Type: Land_Wreck_sed01_aban2_police_DE, lootmin: 2, lootmax: 4, wanted: 3, deloot: 1, containermaxsum: 4
15:13:52.371 [CE][Links] found 2 total links between groups, of 41
15:13:52.371 [CE][SpawnRandomLoot] (StaticPoliceSituation) :: Type: Land_Wreck_Ikarus_DE, lootmin: 2, lootmax: 3, wanted: 2, deloot: 1, containermaxsum: 3
15:13:52.372 [CE][Links] found 2 total links between groups, of 42
15:13:52.372 [CE][SpawnRandomLoot] (StaticPoliceSituation) :: Type: Land_Wreck_Ikarus_DE, lootmin: 2, lootmax: 3, wanted: 2, deloot: 1, containermaxsum: 3
15:13:52.376 [CE][Links] found 2 total links between groups, of 43
15:13:52.376 [CE][SpawnRandomLoot] (StaticPoliceSituation) :: Type: Land_Wreck_sed01_aban2_police_DE, lootmin: 2, lootmax: 4, wanted: 2, deloot: 1, containermaxsum: 4
15:13:52.377 [CE][Links] found 2 total links between groups, of 44
15:13:52.377 [CE][SpawnRandomLoot] (StaticPoliceSituation) :: Type: Land_Wreck_Ikarus_DE, lootmin: 2, lootmax: 3, wanted: 2, deloot: 1, containermaxsum: 3
15:13:52.379 [CE][Links] found 2 total links between groups, of 45
15:13:52.379 [CE][SpawnRandomLoot] (StaticPoliceSituation) :: Type: Land_Wreck_sed01_aban1_police_DE, lootmin: 2, lootmax: 4, wanted: 2, deloot: 1, containermaxsum: 4
15:13:52.381 [CE][Links] found 2 total links between groups, of 46
15:13:52.381 [CE][SpawnRandomLoot] (StaticTrain) :: Type: StaticObj_Wreck_Train_742_Blue_Mil_DE, lootmin: 1, lootmax: 3, wanted: 2, deloot: 0, containermaxsum: 15
15:13:52.382 [CE][Links] found 4 total links between groups, of 47
15:13:52.382 [CE][SpawnRandomLoot] (StaticTrain) :: Type: StaticObj_Wreck_Ural_DE, lootmin: 1, lootmax: 3, wanted: 2, deloot: 0, containermaxsum: 3
15:13:52.383 [CE][Links] found 4 total links between groups, of 48
15:13:52.383 [CE][SpawnRandomLoot] (StaticTrain) :: Type: Land_Container_1Moh_DE, lootmin: 3, lootmax: 4, wanted: 3, deloot: 0, containermaxsum: 15
15:13:52.384 [CE][Links] found 4 total links between groups, of 49
15:13:52.384 [CE][SpawnRandomLoot] (StaticTrain) :: Type: Land_Container_1Moh_DE, lootmin: 3, lootmax: 4, wanted: 3, deloot: 0, containermaxsum: 15
15:13:52.385 [CE][Links] found 4 total links between groups, of 50
15:13:52.385 [CE][SpawnRandomLoot] (StaticTrain) :: Type: Land_Container_1Moh_DE, lootmin: 3, lootmax: 4, wanted: 3, deloot: 0, containermaxsum: 15
15:13:52.386 [CE][Links] found 4 total links between groups, of 51
15:13:52.386 [CE][SpawnRandomLoot] (StaticTrain) :: Type: Land_Container_1Moh_DE, lootmin: 3, lootmax: 4, wanted: 3, deloot: 0, containermaxsum: 15
15:13:52.389 [CE][Links] found 4 total links between groups, of 52
15:13:52.389 [CE][SpawnRandomLoot] (StaticTrain) :: Type: Land_Container_1Moh_DE, lootmin: 3, lootmax: 4, wanted: 3, deloot: 0, containermaxsum: 15
15:13:52.390 [CE][Links] found 4 total links between groups, of 53
15:13:52.390 [CE][SpawnRandomLoot] (StaticTrain) :: Type: Land_Container_1Moh_DE, lootmin: 3, lootmax: 4, wanted: 3, deloot: 0, containermaxsum: 15
15:13:52.391 [CE][Links] found 8 total links between groups, of 54
15:13:52.391 [CE][SpawnRandomLoot] (StaticTrain) :: Type: StaticObj_Wreck_Train_Wagon_Flat_Mil_DE, lootmin: 1, lootmax: 3, wanted: 2, deloot: 0, containermaxsum: 15
15:13:52.392 [CE][Links] found 12 total links between groups, of 55
15:13:52.392 [CE][SpawnRandomLoot] (StaticTrain) :: Type: StaticObj_Wreck_Train_Wagon_Flat_Mil_DE, lootmin: 1, lootmax: 3, wanted: 2, deloot: 0, containermaxsum: 15
15:13:52.393 [CE][Links] found 16 total links between groups, of 56
15:13:52.393 [CE][SpawnRandomLoot] (StaticTrain) :: Type: StaticObj_Wreck_Train_Wagon_Flat_Mil_DE, lootmin: 1, lootmax: 3, wanted: 2, deloot: 0, containermaxsum: 15
15:13:52.394 [CE][Links] found 16 total links between groups, of 57
15:13:52.394 [CE][SpawnRandomLoot] (StaticTrain) :: Type: StaticObj_Wreck_BMP1_DE, lootmin: 1, lootmax: 3, wanted: 2, deloot: 0, containermaxsum: 3
15:13:52.395 [CE][Links] found 16 total links between groups, of 58
15:13:52.395 [CE][SpawnRandomLoot] (StaticTrain) :: Type: Land_Container_1Mo_DE, lootmin: 3, lootmax: 4, wanted: 3, deloot: 0, containermaxsum: 15
15:13:52.396 [CE][Links] found 18 total links between groups, of 59
15:13:52.396 [CE][SpawnRandomLoot] (StaticTrain) :: Type: StaticObj_Wreck_Train_Wagon_Flat_Mil_DE, lootmin: 1, lootmax: 3, wanted: 1, deloot: 0, containermaxsum: 15
15:13:52.397 [CE][Links] found 18 total links between groups, of 60
15:13:52.397 [CE][SpawnRandomLoot] (StaticTrain) :: Type: StaticObj_Wreck_Train_Wagon_Tanker_Mil_DE, lootmin: 1, lootmax: 3, wanted: 1, deloot: 0, containermaxsum: 15
15:13:52.398 [CE][Links] found 18 total links between groups, of 61
15:13:52.398 [CE][SpawnRandomLoot] (StaticTrain) :: Type: StaticObj_Wreck_Train_Wagon_Tanker_Mil_DE, lootmin: 1, lootmax: 3, wanted: 1, deloot: 0, containermaxsum: 15
15:13:52.398 [CE][Links] found 18 total links between groups, of 62
15:13:52.398 [CE][SpawnRandomLoot] (StaticTrain) :: Type: Land_Train_Wagon_Box_Mil_DE, lootmin: 1, lootmax: 3, wanted: 1, deloot: 0, containermaxsum: 15
15:13:52.399 [CE][Links] found 18 total links between groups, of 63
15:13:52.399 [CE][SpawnRandomLoot] (StaticTrain) :: Type: Land_Train_Wagon_Box_Mil_DE, lootmin: 1, lootmax: 3, wanted: 2, deloot: 0, containermaxsum: 15
15:13:52.399 [CE][Links] found 18 total links between groups, of 64
15:13:52.399 [CE][SpawnRandomLoot] (StaticTrain) :: Type: Land_Train_Wagon_Box_Mil_DE, lootmin: 1, lootmax: 3, wanted: 2, deloot: 0, containermaxsum: 15
15:13:52.402 [CE][Links] found 18 total links between groups, of 65
15:13:52.402 [CE][SpawnRandomLoot] (StaticTrain) :: Type: StaticObj_Wreck_Train_742_Red_DE, lootmin: 1, lootmax: 3, wanted: 1, deloot: 0, containermaxsum: 15
15:13:52.403 [CE][Links] found 18 total links between groups, of 66
15:13:52.403 [CE][SpawnRandomLoot] (StaticTrain) :: Type: StaticObj_Wreck_Train_Wagon_Tanker_DE, lootmin: 1, lootmax: 3, wanted: 2, deloot: 0, containermaxsum: 15
15:13:52.403 [CE][Links] found 18 total links between groups, of 67
15:13:52.403 [CE][SpawnRandomLoot] (StaticTrain) :: Type: StaticObj_Wreck_Train_Wagon_Tanker_DE, lootmin: 1, lootmax: 3, wanted: 1, deloot: 0, containermaxsum: 15
15:13:52.404 [CE][Links] found 18 total links between groups, of 68
15:13:52.405 [CE][SpawnRandomLoot] (StaticTrain) :: Type: Land_Train_Wagon_Box_DE, lootmin: 2, lootmax: 3, wanted: 2, deloot: 0, containermaxsum: 15
15:13:52.405 [CE][Links] found 18 total links between groups, of 69
15:13:52.405 [CE][SpawnRandomLoot] (StaticTrain) :: Type: Land_Train_Wagon_Box_DE, lootmin: 2, lootmax: 3, wanted: 2, deloot: 0, containermaxsum: 15
15:13:52.406 [CE][Links] found 18 total links between groups, of 70
15:13:52.406 [CE][SpawnRandomLoot] (StaticTrain) :: Type: Land_Train_Wagon_Box_DE, lootmin: 2, lootmax: 3, wanted: 2, deloot: 0, containermaxsum: 15
15:13:52.407 [CE][Links] found 18 total links between groups, of 71
15:13:52.407 [CE][SpawnRandomLoot] (StaticTrain) :: Type: Land_Train_Wagon_Box_DE, lootmin: 2, lootmax: 3, wanted: 2, deloot: 0, containermaxsum: 15
15:13:52.409 [CE][Links] found 18 total links between groups, of 72
15:13:52.409 [CE][SpawnRandomLoot] (StaticTrain) :: Type: StaticObj_Wreck_Train_742_Blue_DE, lootmin: 1, lootmax: 3, wanted: 1, deloot: 0, containermaxsum: 15
15:13:52.411 [CE][Links] found 18 total links between groups, of 73
15:13:52.411 [CE][SpawnRandomLoot] (StaticTrain) :: Type: Land_Container_1Aoh_DE, lootmin: 3, lootmax: 5, wanted: 4, deloot: 0, containermaxsum: 15
15:13:52.413 [CE][Links] found 18 total links between groups, of 74
15:13:52.413 [CE][SpawnRandomLoot] (StaticTrain) :: Type: Land_Container_1Bo_DE, lootmin: 3, lootmax: 4, wanted: 3, deloot: 0, containermaxsum: 15
15:13:52.414 [CE][Links] found 20 total links between groups, of 75
15:13:52.414 [CE][SpawnRandomLoot] (StaticTrain) :: Type: StaticObj_Wreck_Train_Wagon_Flat_DE, lootmin: 1, lootmax: 3, wanted: 1, deloot: 0, containermaxsum: 15
15:13:52.415 [CE][Links] found 22 total links between groups, of 76
15:13:52.415 [CE][SpawnRandomLoot] (StaticTrain) :: Type: StaticObj_Wreck_Train_Wagon_Flat_DE, lootmin: 1, lootmax: 3, wanted: 2, deloot: 0, containermaxsum: 15
15:13:52.415 [CE][Links] found 22 total links between groups, of 77
15:13:52.415 [CE][SpawnRandomLoot] (StaticTrain) :: Type: StaticObj_Wreck_Train_Wagon_Flat_DE, lootmin: 1, lootmax: 3, wanted: 2, deloot: 0, containermaxsum: 15
15:13:52.416 [CE][Links] found 22 total links between groups, of 78
15:13:52.416 [CE][SpawnRandomLoot] (StaticTrain) :: Type: StaticObj_Wreck_Train_Wagon_Flat_DE, lootmin: 1, lootmax: 3, wanted: 2, deloot: 0, containermaxsum: 15
15:13:52.417 [CE][Links] found 22 total links between groups, of 79
15:13:52.417 [CE][SpawnRandomLoot] (StaticTrain) :: Type: Land_Train_Wagon_Box_DE, lootmin: 2, lootmax: 3, wanted: 2, deloot: 0, containermaxsum: 15
15:13:52.418 [CE][Links] found 22 total links between groups, of 80
15:13:52.418 [CE][SpawnRandomLoot] (StaticTrain) :: Type: Land_Train_Wagon_Box_DE, lootmin: 2, lootmax: 3, wanted: 2, deloot: 0, containermaxsum: 15
15:13:52.418 [CE][Links] found 24 total links between groups, of 81
15:13:52.418 [CE][SpawnRandomLoot] (StaticTrain) :: Type: Land_Container_1Bo_DE, lootmin: 2, lootmax: 4, wanted: 2, deloot: 0, containermaxsum: 15
15:13:52.420 [CE][Links] found 26 total links between groups, of 82
15:13:52.420 [CE][SpawnRandomLoot] (StaticTrain) :: Type: Land_Container_1Aoh_DE, lootmin: 3, lootmax: 5, wanted: 4, deloot: 0, containermaxsum: 15
15:13:52.421 [CE][Links] found 28 total links between groups, of 83
15:13:52.421 [CE][SpawnRandomLoot] (StaticTrain) :: Type: Land_Container_1Aoh_DE, lootmin: 3, lootmax: 5, wanted: 4, deloot: 0, containermaxsum: 15
15:13:52.422 [CE][Links] found 30 total links between groups, of 84
15:13:52.422 [CE][SpawnRandomLoot] (StaticTrain) :: Type: Land_Container_1Aoh_DE, lootmin: 3, lootmax: 5, wanted: 3, deloot: 0, containermaxsum: 15
15:13:52.423 [CE][Links] found 32 total links between groups, of 85
15:13:52.423 [CE][SpawnRandomLoot] (StaticTrain) :: Type: Land_Container_1Aoh_DE, lootmin: 3, lootmax: 5, wanted: 4, deloot: 0, containermaxsum: 15
15:13:52.424 [CE][Links] found 32 total links between groups, of 86
15:13:52.424 [CE][SpawnRandomLoot] (StaticTrain) :: Type: Land_Train_Wagon_Box_DE, lootmin: 2, lootmax: 3, wanted: 2, deloot: 0, containermaxsum: 15
15:13:53.17 !!! [CE][VehicleRespawner] (PRIZodiacBoat) :: Init: "VehicleZodiacBoat" - Failed to spawn the requested amount (11 < 16) within 48 attempts.
15:13:53.17 !!! [CE][VehicleRespawner] (PRIGyroHelicopter) :: Init: "VehicleGyroHelicopter" - There are not enough positions in "cfgeventspawns.xml", 1 < 2
15:13:53.29 !!! [CE][VehicleRespawner] (PRIGyroHelicopter) :: Init: "VehicleGyroHelicopter" - Failed to spawn the requested amount (1 < 2) within 6 attempts.
15:13:53.29 [CE][DynEvent] :: 58 types
15:13:53.29 [00] AmbientHen
15:13:53.29   Primary Spawner: "Ambient", active: yes, repeat: 1
15:13:53.29 [01] AnimalBear
15:13:53.29   Primary Spawner: "Animal", active: yes, repeat: 1
15:13:53.29 [02] AnimalCow
15:13:53.29   Primary Spawner: "Animal", active: yes, repeat: 1
15:13:53.29 [03] AnimalDeer
15:13:53.29   Primary Spawner: "Animal", active: yes, repeat: 1
15:13:53.29 [04] AnimalGoat
15:13:53.29   Primary Spawner: "Animal", active: yes, repeat: 1
15:13:53.29 [05] AnimalPig
15:13:53.29   Primary Spawner: "Animal", active: yes, repeat: 1
15:13:53.29 [06] AnimalRoeDeer
15:13:53.29   Primary Spawner: "Animal", active: yes, repeat: 1
15:13:53.29 [07] AnimalSheep
15:13:53.29   Primary Spawner: "Animal", active: yes, repeat: 1
15:13:53.29 [08] AnimalWildBoar
15:13:53.29   Primary Spawner: "Animal", active: yes, repeat: 1
15:13:53.29 [09] AnimalWolf
15:13:53.29   Primary Spawner: "Animal", active: yes, repeat: 1
15:13:53.29 [10] InfectedArmy
15:13:53.29   Primary Spawner: "Infected", active: yes, repeat: 1
15:13:53.29 [11] InfectedArmyHard
15:13:53.29   Primary Spawner: "Infected", active: yes, repeat: 1
15:13:53.29 [12] InfectedCity
15:13:53.29   Primary Spawner: "Infected", active: yes, repeat: 1
15:13:53.29 [13] InfectedCityTier1
15:13:53.29   Primary Spawner: "Infected", active: yes, repeat: 1
15:13:53.29 [14] InfectedFirefighter
15:13:53.29   Primary Spawner: "Infected", active: yes, repeat: 1
15:13:53.29 [15] InfectedIndustrial
15:13:53.29   Primary Spawner: "Infected", active: yes, repeat: 1
15:13:53.29 [16] InfectedMedic
15:13:53.29   Primary Spawner: "Infected", active: yes, repeat: 1
15:13:53.29 [17] InfectedNBC
15:13:53.29   Primary Spawner: "Infected", active: yes, repeat: 1
15:13:53.29 [18] InfectedNBCYellow
15:13:53.29   Primary Spawner: "Infected", active: yes, repeat: 1
15:13:53.29 [19] InfectedPolice
15:13:53.29   Primary Spawner: "Infected", active: yes, repeat: 1
15:13:53.29 [20] InfectedPoliceHard
15:13:53.29   Primary Spawner: "Infected", active: yes, repeat: 1
15:13:53.29 [21] InfectedPrisoner
15:13:53.29   Primary Spawner: "Infected", active: yes, repeat: 1
15:13:53.29 [22] InfectedReligious
15:13:53.29   Primary Spawner: "Infected", active: yes, repeat: 1
15:13:53.29 [23] InfectedSanta
15:13:53.29   Primary Spawner: "Infected", active: yes, repeat: 1
15:13:53.29 [24] InfectedSolitude
15:13:53.29   Primary Spawner: "Infected", active: yes, repeat: 1
15:13:53.29 [25] InfectedVillage
15:13:53.29   Primary Spawner: "Infected", active: yes, repeat: 1
15:13:53.29 [26] InfectedVillageTier1
15:13:53.29   Primary Spawner: "Infected", active: yes, repeat: 1
15:13:53.29 [27] ItemPlanks
15:13:53.30   Primary Spawner: "Item", active: yes, repeat: 1
15:13:53.30 [28] Loot
15:13:53.30   Primary Spawner: "Loot", active: yes, repeat: 2
15:13:53.30 [29] StaticContaminatedArea
15:13:53.30   Primary Spawner: "Static", active: yes, repeat: 1
15:13:53.30 [30] StaticHeliCrash
15:13:53.30   Primary Spawner: "Static", active: yes, repeat: 1
15:13:53.30   Secondary Spawner: "Infected", active: yes, repeat: 1
15:13:53.30 [31] StaticMilitaryConvoy
15:13:53.30   Primary Spawner: "Static", active: yes, repeat: 1
15:13:53.30   Secondary Spawner: "Infected", active: yes, repeat: 1
15:13:53.30 [32] StaticPoliceSituation
15:13:53.30   Primary Spawner: "Static", active: yes, repeat: 1
15:13:53.30   Secondary Spawner: "Infected", active: yes, repeat: 1
15:13:53.30 [33] StaticTrain
15:13:53.30   Primary Spawner: "Static", active: yes, repeat: 1
15:13:53.30   Secondary Spawner: "Infected", active: yes, repeat: 1
15:13:53.30 [34] TrajectoryApple
15:13:53.30   Primary Spawner: "Trajectory", active: yes, repeat: 1
15:13:53.30 [35] TrajectoryConiferous
15:13:53.30   Primary Spawner: "Trajectory", active: yes, repeat: 1
15:13:53.30 [36] TrajectoryDeciduous
15:13:53.30   Primary Spawner: "Trajectory", active: yes, repeat: 1
15:13:53.30 [37] TrajectoryHumus
15:13:53.30   Primary Spawner: "Trajectory", active: yes, repeat: 1
15:13:53.30 [38] TrajectoryPear
15:13:53.30   Primary Spawner: "Trajectory", active: yes, repeat: 1
15:13:53.30 [39] TrajectoryPlum
15:13:53.30   Primary Spawner: "Trajectory", active: yes, repeat: 1
15:13:53.30 [40] TrajectoryStones
15:13:53.30   Primary Spawner: "Trajectory", active: yes, repeat: 1
15:13:53.30 [41] VehicleCivilianSedan
15:13:53.30   Primary Spawner: "Vehicle", active: yes, repeat: 1
15:13:53.30 [42] VehicleHatchback02
15:13:53.30   Primary Spawner: "Vehicle", active: yes, repeat: 1
15:13:53.30 [43] VehicleOffroad02
15:13:53.30   Primary Spawner: "Vehicle", active: yes, repeat: 1
15:13:53.30 [44] VehicleOffroadHatchback
15:13:53.30   Primary Spawner: "Vehicle", active: yes, repeat: 1
15:13:53.30 [45] VehicleSedan02
15:13:53.30   Primary Spawner: "Vehicle", active: yes, repeat: 1
15:13:53.30 [46] VehicleTruck01
15:13:53.30   Primary Spawner: "Vehicle", active: yes, repeat: 1
15:13:53.30 [47] VehicleUAZ
15:13:53.30   Primary Spawner: "Vehicle", active: yes, repeat: 1
15:13:53.30 [48] VehicleVodnik
15:13:53.30   Primary Spawner: "Vehicle", active: yes, repeat: 1
15:13:53.30 [49] VehicleBus
15:13:53.30   Primary Spawner: "Vehicle", active: yes, repeat: 1
15:13:53.30 [50] VehicleTractor
15:13:53.30   Primary Spawner: "Vehicle", active: yes, repeat: 1
15:13:53.30 [51] VehicleLandRover
15:13:53.30   Primary Spawner: "Vehicle", active: yes, repeat: 1
15:13:53.30 [52] VehicleMH6Helicopter
15:13:53.30   Primary Spawner: "Vehicle", active: yes, repeat: 1
15:13:53.30 [53] VehicleMerlinHelicopter
15:13:53.30   Primary Spawner: "Vehicle", active: yes, repeat: 1
15:13:53.30 [54] VehicleUh1hHelicopter
15:13:53.30   Primary Spawner: "Vehicle", active: yes, repeat: 1
15:13:53.30 [55] VehicleUtilityBoat
15:13:53.30   Primary Spawner: "Vehicle", active: yes, repeat: 1
15:13:53.30 [56] VehicleZodiacBoat
15:13:53.30   Primary Spawner: "Vehicle", active: yes, repeat: 1
15:13:53.30 [57] VehicleGyroHelicopter
15:13:53.30   Primary Spawner: "Vehicle", active: yes, repeat: 1
15:13:53.30 [CE][Hive] :: Initializing of spawners done.
15:13:53.41 [CE][Hive] :: Init sequence finished.
15:13:53.41 Player connect enabled
15:13:54.802 [IdleMode] Entering IN - save processed
15:14:43.388 [Login]: Adding player Blorpus9000 (23864831) to login queue at position 0
15:14:43.388 [LoginMachine]: Add player Blorpus9000 (23864831 192.168.1.133:2316)
15:14:43.388 [StateMachine]: Player Blorpus9000 (dpnid 23864831 uid ) Entering AuthPlayerLoginState
15:14:45.616 [StateMachine]: Player Blorpus9000 (dpnid 23864831 uid ) Entering WaitAuthPlayerLoginState
15:14:45.688 [IdleMode] Leaving OUT
15:14:47.925 Player Blorpus9000 connected (id=3I2KPiMwtNrbRzLe964-q3OrI2Ligr9LBcsFxmVIl3Q=).
15:14:47.925 Player "Blorpus9000" is connected (steamID=76561198081075225)
15:14:47.925 [StateMachine]: Player Blorpus9000 (dpnid 23864831 uid ) Entering WaitPlayerAssignedLoginState
15:14:48.335 [StateMachine]: Player Blorpus9000 (dpnid 23864831 uid 3I2KPiMwtNrbRzLe964-q3OrI2Ligr9LBcsFxmVIl3Q=) Entering DBGetLoginTimeLoginState
15:14:48.342 [StateMachine]: Player Blorpus9000 (dpnid 23864831 uid 3I2KPiMwtNrbRzLe964-q3OrI2Ligr9LBcsFxmVIl3Q=) Entering DBWaitLoginTimeLoginState
15:14:51.342 [StateMachine]: Player Blorpus9000 (dpnid 23864831 uid 3I2KPiMwtNrbRzLe964-q3OrI2Ligr9LBcsFxmVIl3Q=) Entering DBGetCharacterLoginState
15:14:51.343 [StateMachine]: Player Blorpus9000 (dpnid 23864831 uid 3I2KPiMwtNrbRzLe964-q3OrI2Ligr9LBcsFxmVIl3Q=) Entering CreateNetObjectsLoginState
15:14:51.346 [StateMachine]: Player Blorpus9000 (dpnid 23864831 uid 3I2KPiMwtNrbRzLe964-q3OrI2Ligr9LBcsFxmVIl3Q=) Entering PreloadCamLoginState
15:14:51.348 [StateMachine]: Player Blorpus9000 (dpnid 23864831 uid 3I2KPiMwtNrbRzLe964-q3OrI2Ligr9LBcsFxmVIl3Q=) Entering WaitPreloadCamLoginState
15:15:01.133 [StateMachine]: Player Blorpus9000 (dpnid 23864831 uid 3I2KPiMwtNrbRzLe964-q3OrI2Ligr9LBcsFxmVIl3Q=) Entering GetNewCharLoginState
15:15:01.159 <CREATE NEW CHAR>:
    charID 1
    playerID 1
    dpnid 23864831
    uid 3I2KPiMwtNrbRzLe964-q3OrI2Ligr9LBcsFxmVIl3Q=
15:15:37.92 [CE][VehicleRespawner] (PRIContaminatedArea) :: Initial random enabled for "StaticContaminatedArea" - Chosen nominal: 1
15:16:05.244 Respawn: Add player Blorpus9000 (23864831) to respawn machine
15:16:05.244 [StateMachine]: Player Blorpus9000 (dpnid 23864831 uid ) Entering GetCharacterRespawnState
15:16:05.244 [StateMachine]: Player Blorpus9000 (dpnid 23864831 uid ) Entering PreloadCamRespawnState
15:16:05.245 [StateMachine]: Player Blorpus9000 (dpnid 23864831 uid ) Entering WaitPreloadCamRespawnState
15:16:20.611 [StateMachine]: Player Blorpus9000 (dpnid 23864831 uid ) Entering GetNewCharRespawnState
15:16:20.624 <RESPAWN NEW CHAR>:
    charID 1
    playerID 1
    dpnid 23864831
    uid 3I2KPiMwtNrbRzLe964-q3OrI2Ligr9LBcsFxmVIl3Q=
15:16:26.156 [Disconnect]: Start script disconnect 23864831 (dbCharacterId 1 dbPlayerId 1) logoutTime 3
15:16:27.531 [Disconnect]: Client 23864831 disconnecting
15:16:27.531 [Disconnect]: Client 23864831 early disconnect
15:16:27.531 [Disconnect]: Start script disconnect 23864831 (dbCharacterId 1 dbPlayerId 1) logoutTime 3
15:16:29.160 [Disconnect]: Finish script disconnect 23864831 (3I2KPiMwtNrbRzLe964-q3OrI2Ligr9LBcsFxmVIl3Q=)
15:16:29.160 [Disconnect]: DisconnectPlayerFinish 23864831
15:16:29.160 [Disconnect]: Remove player info 23864831
15:16:29.164 [Disconnect]: Player destroy 23864831 
15:16:33.28 !!! [CE][VehicleRespawner] (PRIZodiacBoat) :: Respawning: "VehicleZodiacBoat" - Failed to spawn the requested amount (1 < 5) within 15 attempts.
15:16:33.326 !!! [CE][Vehic