---------------------------------------------
Log C:\Program Files (x86)\Steam\steamapps\common\DayZServerAug2\config\script_2023-08-18_15-07-09.log started at 18.08. 15:07:09

SCRIPT       : Registered 397 temporary action enum(s), UAN==397
SCRIPT       : Registering faction type eAIFactionShamans ID -1484989417
SCRIPT       : Registering faction type eAIFactionObservers ID -563736721
SCRIPT       : Registering faction type eAIFactionInvincibleObservers ID -1227299746
SCRIPT       : Registering faction type eAIFactionEast ID 90522109
SCRIPT       : Registering faction type eAIFactionGuards ID 963933710
SCRIPT       : Registering faction type eAIFactionRaiders ID 1535276022
SCRIPT       : Registering faction type eAIFactionMercenaries ID 1629891834
SCRIPT       : Registering faction type eAIFactionWest ID 113880155
SCRIPT       : Registering faction type eAIFactionCivilian ID 1096178351
SCRIPT       : Registering faction type eAIFactionPassive ID -1159399789
SCRIPT       : Registering faction type eAIFactionInvincibleGuards ID 782746017
SCRIPT       : ... Backlit Effects Enabled
SCRIPT       : 15:07:11 [EXPANSION LOG]: DayZGame<2f9a680> Start time (local time) 2023-08-18 15:07:04
SCRIPT       : 15:07:11 [EXPANSION LOG]: DayZGame<2f9a680> Start time (UTC) 2023-08-18 20:07:04
SCRIPT       : 15:07:11 [EXPANSION LOG]: DayZGame<2f9a680> Runtime since start (seconds) 7.147
SCRIPT    (W): @"JM/COT/Scripts/4_World/communityonlinetools\classes\webhook\jmwebhookdiscordmessage.c,19": Possible variable name conflict 'username'
SCRIPT    (W): @"JM/COT/Scripts/4_World/communityonlinetools\classes\webhook\jmwebhookdiscordmessage.c,19": Possible variable name conflict 'avatar_url'
SCRIPT    (W): @"JM/COT/Scripts/4_World/communityonlinetools\classes\webhook\jmwebhookdiscordmessage.c,19": Possible variable name conflict 'content'
SCRIPT    (W): @"JM/COT/Scripts/4_World/communityonlinetools\classes\webhook\jmwebhookdiscordmessage.c,151": Possible variable name conflict 'url'
SCRIPT    (W): @"JM/COT/Scripts/4_World/communityonlinetools\classes\webhook\jmwebhookdiscordmessage.c,172": Possible variable name conflict 'url'
SCRIPT    (W): @"JM/COT/Scripts/4_World/communityonlinetools\classes\webhook\jmwebhookdiscordmessage.c,180": Possible variable name conflict 'url'
SCRIPT       : 15:07:25.988 [EXPANSION DEBUG]: [ExpansionDebugSettings] Load existing setting file:$profile:ExpansionMod\Settings\DebugSettings.json
SCRIPT       : 15:07:25.996 [EXPANSION DEBUG]: [ExpansionLogSettings] Load existing setting file:$profile:ExpansionMod\Settings\LogsSettings.json
SCRIPT       : 15:07:26.011 [EXPANSION DEBUG]: [ExpansionNotificationSettings] Load existing setting file:$profile:ExpansionMod\Settings\NotificationSettings.json
SCRIPT       : 15:07:26.015 [EXPANSION DEBUG]: [ExpansionMonitoringSettings] Load existing setting file:$profile:ExpansionMod\Settings\MonitoringSettings.json
SCRIPT       : 15:07:26.019 [EXPANSION DEBUG]: [ExpansionDamageSystemSettings] Load existing setting file:$profile:ExpansionMod\Settings\DamageSystemSettings.json
SCRIPT       : 15:07:26.023 [EXPANSION DEBUG]: [ExpansionPartySettings] Load existing setting file:$profile:ExpansionMod\Settings\PartySettings.json
SCRIPT       : 15:07:26.027 [EXPANSION DEBUG]: [ExpansionHardlineSettings] Load existing setting file:$mission:expansion\settings\HardlineSettings.json
SCRIPT       : 15:07:26.031 [EXPANSION DEBUG]: [ExpansionMarketSettings] Load existing setting file:$mission:expansion\settings\MarketSettings.json
SCRIPT       : ExpansionMarketSettings::LoadCategories - Adding category ID 1 (Ammo)
SCRIPT       : ExpansionMarketSettings::LoadCategories - Adding category ID 2 (Ammo_Boxes)
SCRIPT       : ExpansionMarketSettings::LoadCategories - Adding category ID 3 (Armbands)
SCRIPT       : ExpansionMarketSettings::LoadCategories - Adding category ID 4 (Assault_Rifles)
SCRIPT       : ExpansionMarketSettings::LoadCategories - Adding category ID 5 (Backpacks)
SCRIPT       : ExpansionMarketSettings::LoadCategories - Adding category ID 6 (Bandanas)
SCRIPT       : ExpansionMarketSettings::LoadCategories - Adding category ID 7 (Batteries)
SCRIPT       : ExpansionMarketSettings::LoadCategories - Adding category ID 8 (Bayonets)
SCRIPT       : ExpansionMarketSettings::LoadCategories - Adding category ID 9 (Belts)
SCRIPT       : ExpansionMarketSettings::LoadCategories - Adding category ID 10 (Blouses_And_Suits)
SCRIPT       : ExpansionMarketSettings::LoadCategories - Adding category ID 11 (Boats)
SCRIPT       : ExpansionMarketSettings::LoadCategories - Adding category ID 12 (Boots_And_Shoes)
SCRIPT       : ExpansionMarketSettings::LoadCategories - Adding category ID 13 (Buttstocks)
SCRIPT       : ExpansionMarketSettings::LoadCategories - Adding category ID 14 (Caps)
SCRIPT       : ExpansionMarketSettings::LoadCategories - Adding category ID 15 (Cars)
SCRIPT       : ExpansionMarketSettings::LoadCategories - Adding category ID 16 (Coats_And_Jackets)
SCRIPT       : ExpansionMarketSettings::LoadCategories - Adding category ID 17 (Containers)
SCRIPT       : ExpansionMarketSettings::LoadCategories - Adding category ID 18 (Crossbows)
SCRIPT       : ExpansionMarketSettings::LoadCategories - Adding category ID 19 (Drinks)
SCRIPT       : ExpansionMarketSettings::LoadCategories - Adding category ID 20 (Electronics)
SCRIPT       : ExpansionMarketSettings::LoadCategories - Adding category ID 21 (Event)
SCRIPT       : ExpansionMarketSettings::LoadCategories - Adding category ID 22 (Exchange)
SCRIPT       : ExpansionMarketSettings::LoadCategories - Adding category ID 23 (Explosives_And_Grenades)
SCRIPT       : ExpansionMarketSettings::LoadCategories - Adding category ID 24 (Eyewear)
SCRIPT       : ExpansionMarketSettings::LoadCategories - Adding category ID 25 (Fish)
SCRIPT       : ExpansionMarketSettings::LoadCategories - Adding category ID 26 (Fishing)
SCRIPT       : ExpansionMarketSettings::LoadCategories - Adding category ID 27 (Flags)
SCRIPT       : ExpansionMarketSettings::LoadCategories - Adding category ID 28 (Food)
SCRIPT       : ExpansionMarketSettings::LoadCategories - Adding category ID 29 (Fruit_And_Vegetables)
SCRIPT       : ExpansionMarketSettings::LoadCategories - Adding category ID 30 (Furnishings)
SCRIPT       : ExpansionMarketSettings::LoadCategories - Adding category ID 31 (Gardening)
SCRIPT       : ExpansionMarketSettings::LoadCategories - Adding category ID 32 (Ghillies)
SCRIPT       : ExpansionMarketSettings::LoadCategories - Adding category ID 33 (Gloves)
SCRIPT       : ExpansionMarketSettings::LoadCategories - Adding category ID 34 (Handguards)
SCRIPT       : ExpansionMarketSettings::LoadCategories - Adding category ID 35 (Hats_And_Hoods)
SCRIPT       : ExpansionMarketSettings::LoadCategories - Adding category ID 36 (Helicopters)
SCRIPT       : ExpansionMarketSettings::LoadCategories - Adding category ID 37 (Helmets)
SCRIPT       : ExpansionMarketSettings::LoadCategories - Adding category ID 38 (Holsters_And_Pouches)
SCRIPT       : ExpansionMarketSettings::LoadCategories - Adding category ID 39 (Kits)
SCRIPT       : ExpansionMarketSettings::LoadCategories - Adding category ID 40 (Knifes)
SCRIPT       : ExpansionMarketSettings::LoadCategories - Adding category ID 41 (Launchers)
SCRIPT       : ExpansionMarketSettings::LoadCategories - Adding category ID 42 (Lights)
SCRIPT       : ExpansionMarketSettings::LoadCategories - Adding category ID 43 (Liquids)
SCRIPT       : ExpansionMarketSettings::LoadCategories - Adding category ID 44 (Locks)
SCRIPT       : ExpansionMarketSettings::LoadCategories - Adding category ID 45 (Magazines)
SCRIPT       : ExpansionMarketSettings::LoadCategories - Adding category ID 46 (Masks)
SCRIPT       : ExpansionMarketSettings::LoadCategories - Adding category ID 47 (Meat)
SCRIPT       : ExpansionMarketSettings::LoadCategories - Adding category ID 48 (Medical)
SCRIPT       : ExpansionMarketSettings::LoadCategories - Adding category ID 49 (Melee_Weapons)
SCRIPT       : ExpansionMarketSettings::LoadCategories - Adding category ID 50 (MMG_Armored_Helmet_Visor)
SCRIPT       : ExpansionMarketSettings::LoadCategories - Adding category ID 51 (MMG_BackPacks)
SCRIPT       : ExpansionMarketSettings::LoadCategories - Adding category ID 52 (MMG_Belts)
SCRIPT       : ExpansionMarketSettings::LoadCategories - Adding category ID 53 (MMG_Boots)
SCRIPT       : ExpansionMarketSettings::LoadCategories - Adding category ID 54 (MMG_Bottle)
SCRIPT       : ExpansionMarketSettings::LoadCategories - Adding category ID 55 (MMG_Carbine)
SCRIPT       : ExpansionMarketSettings::LoadCategories - Adding category ID 56 (MMG_Chest_Rigs)
SCRIPT       : ExpansionMarketSettings::LoadCategories - Adding category ID 57 (MMG_Facemask)
SCRIPT       : ExpansionMarketSettings::LoadCategories - Adding category ID 58 (MMG_Gloves)
SCRIPT       : ExpansionMarketSettings::LoadCategories - Adding category ID 59 (MMG_Goggles)
SCRIPT       : ExpansionMarketSettings::LoadCategories - Adding category ID 60 (MMG_Headphones)
SCRIPT       : ExpansionMarketSettings::LoadCategories - Adding category ID 61 (MMG_Holsters)
SCRIPT       : ExpansionMarketSettings::LoadCategories - Adding category ID 62 (MMG_NBC)
SCRIPT       : ExpansionMarketSettings::LoadCategories - Adding category ID 63 (MMG_Pants)
SCRIPT       : ExpansionMarketSettings::LoadCategories - Adding category ID 64 (MMG_Patches)
SCRIPT       : ExpansionMarketSettings::LoadCategories - Adding category ID 65 (MMG_Plate_Carriers)
SCRIPT       : ExpansionMarketSettings::LoadCategories - Adding category ID 66 (MMG_Pouches)
SCRIPT       : ExpansionMarketSettings::LoadCategories - Adding category ID 67 (MMG_Shirts)
SCRIPT       : ExpansionMarketSettings::LoadCategories - Adding category ID 68 (MMG_Sniper_Boonie)
SCRIPT       : ExpansionMarketSettings::LoadCategories - Adding category ID 69 (Muzzles)
SCRIPT       : ExpansionMarketSettings::LoadCategories - Adding category ID 70 (Navigation)
SCRIPT       : ExpansionMarketSettings::LoadCategories - Adding category ID 71 (Optics)
SCRIPT       : ExpansionMarketSettings::LoadCategories - Adding category ID 72 (Pants_And_Shorts)
SCRIPT       : ExpansionMarketSettings::LoadCategories - Adding category ID 73 (Pelts)
SCRIPT       : ExpansionMarketSettings::LoadCategories - Adding category ID 74 (Pistols)
SCRIPT       : ExpansionMarketSettings::LoadCategories - Adding category ID 75 (Rifles)
SCRIPT       : ExpansionMarketSettings::LoadCategories - Adding category ID 76 (Shirts_And_TShirts)
SCRIPT       : ExpansionMarketSettings::LoadCategories - Adding category ID 77 (Shotguns)
SCRIPT       : ExpansionMarketSettings::LoadCategories - Adding category ID 78 (Skirts_And_Dresses)
SCRIPT       : ExpansionMarketSettings::LoadCategories - Adding category ID 79 (Sniper_Rifles)
SCRIPT       : ExpansionMarketSettings::LoadCategories - Adding category ID 80 (Spraycans)
SCRIPT       : ExpansionMarketSettings::LoadCategories - Adding category ID 81 (Submachine_Guns)
SCRIPT       : ExpansionMarketSettings::LoadCategories - Adding category ID 82 (Supplies)
SCRIPT       : ExpansionMarketSettings::LoadCategories - Adding category ID 83 (Sweaters_And_Hoodies)
SCRIPT       : ExpansionMarketSettings::LoadCategories - Adding category ID 84 (Tents)
SCRIPT       : ExpansionMarketSettings::LoadCategories - Adding category ID 85 (Tools)
SCRIPT       : ExpansionMarketSettings::LoadCategories - Adding category ID 86 (Vehicle_Parts)
SCRIPT       : ExpansionMarketSettings::LoadCategories - Adding category ID 87 (Vests)
SCRIPT       : 15:07:26.480 [EXPANSION DEBUG]: [ExpansionAirdropSettings] Load existing setting file:$profile:ExpansionMod\Settings\AirdropSettings.json
SCRIPT       : 15:07:26.601 [EXPANSION DEBUG]: [ExpansionMissionSettings] Load existing setting file:$profile:ExpansionMod\Settings\MissionSettings.json
SCRIPT       : 15:07:26.609 [EXPANSION DEBUG]: [ExpansionMapSettings] Load existing setting file:$mission:expansion\settings\MapSettings.json
SCRIPT       : 15:07:26.632 [EXPANSION DEBUG]: [ExpansionPersonalStorageNewSettings] Load existing setting file:$profile:ExpansionMod\Settings\PersonalStorageNewSettings.json
SCRIPT       : 15:07:26.636 [EXPANSION DEBUG]: [ExpansionGeneralSettings] Load existing setting file:$profile:ExpansionMod\Settings\GeneralSettings.json
SCRIPT       : 15:07:26.640 [EXPANSION DEBUG]: [ExpansionPlayerListSettings] Load existing setting file:$profile:ExpansionMod\Settings\PlayerListSettings.json
SCRIPT       : 15:07:26.644 [EXPANSION DEBUG]: [ExpansionSocialMediaSettings] Load existing setting file:$profile:ExpansionMod\Settings\SocialMediaSettings.json
SCRIPT       : 15:07:26.644 [EXPANSION DEBUG]: [ExpansionSpawnSettings] Load existing setting file:$mission:expansion\settings\SpawnSettings.json
SCRIPT       : 15:07:26.652 [EXPANSION DEBUG]: [ExpansionVehicleSettings] Load existing setting file:$profile:ExpansionMod\Settings\VehicleSettings.json
SCRIPT       : 15:07:26.656 [EXPANSION DEBUG]: [ExpansionAISettings] Load existing setting file:$profile:ExpansionMod\Settings\AISettings.json
SCRIPT       : 15:07:26.660 [EXPANSION DEBUG]: [ExpansionAIPatrolSettings] Load existing setting file:$mission:expansion\settings\AIPatrolSettings.json
SCRIPT       : 15:07:26.667 [EXPANSION DEBUG]: [ExpansionBaseBuildingSettings] Load existing setting file:$mission:expansion\settings\BaseBuildingSettings.json
SCRIPT       : 15:07:26.671 [EXPANSION DEBUG]: [ExpansionRaidSettings] Load existing setting file:$profile:ExpansionMod\Settings\RaidSettings.json
SCRIPT       : 15:07:26.675 [EXPANSION DEBUG]: [ExpansionTerritorySettings] Load existing setting file:$profile:ExpansionMod\Settings\TerritorySettings.json
SCRIPT       : 15:07:26.683 [EXPANSION DEBUG]: [ExpansionChatSettings] Load existing setting file:$profile:ExpansionMod\Settings\ChatSettings.json
SCRIPT       : Expansion version: 1.8.21
SCRIPT       : [DefineTest] EXPANSIONMOD is defined
SCRIPT       : [DefineTest] EXPANSIONMODAI is defined
SCRIPT       : [DefineTest] EXPANSIONMODANIMATIONS is defined
SCRIPT       : [DefineTest] EXPANSIONMODBASEBUILDING is defined
SCRIPT       : [DefineTest] EXPANSIONMODBOOK is defined
SCRIPT       : [DefineTest] EXPANSIONMODCHAT is defined
SCRIPT       : [DefineTest] EXPANSIONMODCORE is defined
SCRIPT       : [DefineTest] EXPANSIONMODGARAGE is defined
SCRIPT       : [DefineTest] EXPANSIONMODGROUPS is defined
SCRIPT       : [DefineTest] EXPANSIONMODHARDLINE is defined
SCRIPT       : [DefineTest] EXPANSIONMODKILLFEED is defined
SCRIPT       : [DefineTest] EXPANSIONMODMAPASSETS is defined
SCRIPT       : [DefineTest] EXPANSIONMODMARKET is defined
SCRIPT       : [DefineTest] EXPANSIONMODMISSIONS is defined
SCRIPT       : [DefineTest] EXPANSIONMODNAMETAGS is defined
SCRIPT       : [DefineTest] EXPANSIONMODNAVIGATION is defined
SCRIPT       : [DefineTest] EXPANSIONMODP2PMARKET is defined
SCRIPT       : [DefineTest] EXPANSIONMODPERSONALSTORAGE is defined
SCRIPT       : [DefineTest] EXPANSIONMODQUESTS is defined
SCRIPT       : [DefineTest] EXPANSIONMODSPAWNSELECTION is defined
SCRIPT       : [DefineTest] EXPANSIONMODVEHICLE is defined
SCRIPT       : [DefineTest] EXPANSIONMODWEAPONS is defined
SCRIPT       : [DefineTest] CfgMods:
SCRIPT       : defaultAction
SCRIPT       : DayZ
SCRIPT       : DZ_Expansion_AI_Preload
SCRIPT       : DZ_Expansion_Animations_Preload
SCRIPT       : DZ_Expansion_BaseBuilding_Preload
SCRIPT       : DZ_Expansion_Book_Preload
SCRIPT       : DZ_Expansion_Chat_Preload
SCRIPT       : DZ_Expansion_Core_Preload
SCRIPT       : DZ_Expansion_Garage_Preload
SCRIPT       : DZ_Expansion_Groups_Preload
SCRIPT       : DZ_Expansion_Hardline_Preload
SCRIPT       : DZ_Expansion_KillFeed_Preload
SCRIPT       : DZ_Expansion_MapAssets_Preload
SCRIPT       : DZ_Expansion_Market_Preload
SCRIPT       : DZ_Expansion_Missions_Preload
SCRIPT       : DZ_Expansion_ModStorage_Preload
SCRIPT       : DZ_Expansion_NameTags_Preload
SCRIPT       : DZ_Expansion_Navigation_Preload
SCRIPT       : DZ_Expansion_P2PMarket_Preload
SCRIPT       : DZ_Expansion_PersonalStorage_Preload
SCRIPT       : DZ_Expansion_Preload
SCRIPT       : DZ_Expansion_Quests_Preload
SCRIPT       : DZ_Expansion_SpawnSelection_Preload
SCRIPT       : DZ_Expansion_Vehicles_Preload
SCRIPT       : DZ_Expansion_Weapons_Preload
SCRIPT       : DZ_DabsFramework
SCRIPT       : DZ_Expansion_DefineTest
SCRIPT       : DZ_Expansion_MapAssets
SCRIPT       : bliss
SCRIPT       : JM_CommunityFramework
SCRIPT       : JM_CommunityOnlineTools
SCRIPT       : PvZmoD_CustomisableZombies
SCRIPT       : BoostZombiesVisionAddon
SCRIPT       : DZ_Editor_Loader
SCRIPT       : DZ_Expansion_ModStorage
SCRIPT       : BulletStacksPlusPlusEnhanced
SCRIPT       : DZ_Expansion_Core
SCRIPT       : DZ_Expansion_Garage
SCRIPT       : DZ_Expansion_Groups
SCRIPT       : DZ_Expansion_Market
SCRIPT       : DZ_Expansion_Missions
SCRIPT       : DZ_Expansion_NameTags
SCRIPT       : DZ_Expansion_Navigation
SCRIPT       : DZ_Expansion_NotificationScheduler
SCRIPT       : DZ_Expansion_P2PMarket
SCRIPT       : DZ_Expansion_PersonalStorage
SCRIPT       : DZ_Expansion_PersonalStorageNew
SCRIPT       : DZ_Expansion_PlayerList
SCRIPT       : DZ_Expansion
SCRIPT       : DZ_Expansion_SpawnSelection
SCRIPT       : DZ_Expansion_VanillaFixes
SCRIPT       : DZ_Expansion_Vehicles
SCRIPT       : DZ_Expansion_Weapons
SCRIPT       : jpc_vest
SCRIPT       : DZ_Expansion_AI
SCRIPT       : DZ_Expansion_BaseBuilding
SCRIPT       : DZ_Expansion_Book
SCRIPT       : DZ_Expansion_Chat
SCRIPT       : DZ_Expansion_Hardline
SCRIPT       : DZ_Expansion_Quests
SCRIPT       : DZ_Expansion_VirtualContainerStorage
SCRIPT       : DayZ_Expansion_AI_Dynamic
SCRIPT       : 15:07:27.261 [EXPANSION DEBUG]: ModStorage v5
SCRIPT       : 15:07:30.140 [EXPANSION DEBUG]: ExpansionTraderJudy<851a010>::SetTraderObject ExpansionTraderObjectBase<4a6e34e0> <4973.928711, 9.510984, 2436.782959>
SCRIPT       : 15:07:30.140 [EXPANSION DEBUG]: LoadMissionTradersFile trader ExpansionTraderJudy<851a010> fileName Aircraft
SCRIPT       : 15:07:30.156 [EXPANSION DEBUG]: ExpansionTraderJose<4aa9e020>::SetTraderObject ExpansionTraderObjectBase<4aa76520> <14353.624023, 3.326771, 13229.217773>
SCRIPT       : 15:07:30.156 [EXPANSION DEBUG]: LoadMissionTradersFile trader ExpansionTraderJose<4aa9e020> fileName Boats
SCRIPT       : 15:07:30.164 [EXPANSION DEBUG]: ExpansionTraderEva<4ac06810>::SetTraderObject ExpansionTraderObjectBase<4ab93120> <14378.793945, 3.325975, 13271.585938>
SCRIPT       : 15:07:30.164 [EXPANSION DEBUG]: LoadMissionTradersFile trader ExpansionTraderEva<4ac06810> fileName Fishing
SCRIPT       : 15:07:30.171 [EXPANSION DEBUG]: ExpansionTraderLewis<4acad010>::SetTraderObject ExpansionTraderObjectBase<4ac4f2f0> <1756.656372, 1.415564, 2027.359741>
SCRIPT       : 15:07:30.171 [EXPANSION DEBUG]: LoadMissionTradersFile trader ExpansionTraderLewis<4acad010> fileName Boats
SCRIPT       : 15:07:30.179 [EXPANSION DEBUG]: LoadMissionTradersFile trader ExpansionTraderStaticBase<2dbdf600> fileName Exchange
SCRIPT       : 15:07:30.195 [EXPANSION DEBUG]: ExpansionTraderDenis<4acfa020>::SetTraderObject ExpansionTraderObjectBase<544ab690> <3697.249512, 402.010010, 5977.625488>
SCRIPT       : 15:07:30.195 [EXPANSION DEBUG]: LoadMissionTradersFile trader ExpansionTraderDenis<4acfa020> fileName Clothing
SCRIPT       : 15:07:30.210 [EXPANSION DEBUG]: ExpansionTraderMaria<545b7020>::SetTraderObject ExpansionTraderObjectBase<5459bd40> <3696.455811, 402.010010, 5980.193359>
SCRIPT       : 15:07:30.210 [EXPANSION DEBUG]: LoadMissionTradersFile trader ExpansionTraderMaria<545b7020> fileName Clothing_Accessories
SCRIPT       : 15:07:30.226 [EXPANSION DEBUG]: ExpansionTraderQuinn<54742810>::SetTraderObject ExpansionTraderObjectBase<5470d920> <3710.121826, 402.010010, 5976.164063>
SCRIPT       : 15:07:30.226 [EXPANSION DEBUG]: LoadMissionTradersFile trader ExpansionTraderQuinn<54742810> fileName Consumables
SCRIPT       : 15:07:30.242 [EXPANSION DEBUG]: ExpansionTraderNaomi<548a1010>::SetTraderObject ExpansionTraderObjectBase<54a4aea0> <3708.786865, 402.010010, 5974.589844>
SCRIPT       : 15:07:30.242 [EXPANSION DEBUG]: LoadMissionTradersFile trader ExpansionTraderNaomi<548a1010> fileName Weapons
SCRIPT       : 15:07:30.261 [EXPANSION DEBUG]: ExpansionTraderSeth<10564f40>::SetTraderObject ExpansionTraderObjectBase<54b49600> <3710.265137, 402.010010, 5973.340820>
SCRIPT       : 15:07:30.261 [EXPANSION DEBUG]: LoadMissionTradersFile trader ExpansionTraderSeth<10564f40> fileName Attachments
SCRIPT       : 15:07:30.269 [EXPANSION DEBUG]: ExpansionTraderRolf<10574780>::SetTraderObject ExpansionTraderObjectBase<54c63da0> <3698.172607, 402.010010, 5995.337402>
SCRIPT       : 15:07:30.269 [EXPANSION DEBUG]: LoadMissionTradersFile trader ExpansionTraderRolf<10574780> fileName Vehicles
SCRIPT       : 15:07:30.289 [EXPANSION DEBUG]: ExpansionTraderIndar<10570970>::SetTraderObject ExpansionTraderObjectBase<54dd58f0> <3714.531006, 402.138000, 5961.776367>
SCRIPT       : 15:07:30.289 [EXPANSION DEBUG]: LoadMissionTradersFile trader ExpansionTraderIndar<10570970> fileName Components
SCRIPT       : 15:07:30.296 [EXPANSION DEBUG]: ExpansionTraderJudy<10561130>::SetTraderObject ExpansionTraderObjectBase<54ddc920> <3729.029541, 402.651001, 5969.476563>
SCRIPT       : 15:07:30.296 [EXPANSION DEBUG]: LoadMissionTradersFile trader ExpansionTraderJudy<10561130> fileName Medicals
SCRIPT       : 15:07:30.296 [EXPANSION DEBUG]: ExpansionTraderNaomi<10568d50>::SetTraderObject ExpansionTraderObjectBase<54de38b0> <3690.062988, 402.100067, 6006.763672>
SCRIPT       : 15:07:30.296 [EXPANSION DEBUG]: LoadMissionTradersFile trader ExpansionTraderNaomi<10568d50> fileName Vehicle_Parts
SCRIPT       : 15:07:30.304 [EXPANSION DEBUG]: ExpansionTraderJose<54e5afb0>::SetTraderObject ExpansionTraderObjectBase<54de9f80> <3699.629883, 402.010010, 5993.970215>
SCRIPT       : 15:07:30.304 [EXPANSION DEBUG]: LoadMissionTradersFile trader ExpansionTraderJose<54e5afb0> fileName Spraycans
SCRIPT       : 15:07:30.316 [EXPANSION DEBUG]: ExpansionTraderLinda<54e5edc0>::SetTraderObject ExpansionTraderObjectBase<55008e90> <3674.669922, 406.760010, 5990.390137>
SCRIPT       : 15:07:30.316 [EXPANSION DEBUG]: LoadMissionTradersFile trader ExpansionTraderLinda<54e5edc0> fileName Special
SCRIPT       : 15:07:30.324 [EXPANSION DEBUG]: ExpansionTraderNiki<54e62bd0>::SetTraderObject ExpansionTraderObjectBase<551654a0> <3699.030029, 402.013000, 5973.439941>
SCRIPT       : 15:07:30.324 [EXPANSION DEBUG]: LoadMissionTradersFile trader ExpansionTraderNiki<54e62bd0> fileName BuildingSupplies
SCRIPT       : 15:07:30.328 [EXPANSION DEBUG]: ExpansionTraderNiki<54e6a7f0>::SetTraderObject ExpansionTraderObjectBase<5516ba30> <3697.030029, 402.013000, 5973.439941>
SCRIPT       : 15:07:30.328 [EXPANSION DEBUG]: LoadMissionTradersFile trader ExpansionTraderNiki<54e6a7f0> fileName MMG
SCRIPT       : 15:07:30.335 [EXPANSION DEBUG]: ExpansionTraderFrancis<54e669e0>::SetTraderObject ExpansionTraderObjectBase<5526f230> <1153.964844, 6.463035, 2409.763184>
SCRIPT       : 15:07:30.335 [EXPANSION DEBUG]: LoadMissionTradersFile trader ExpansionTraderFrancis<54e669e0> fileName Attachments
SCRIPT       : 15:07:30.343 [EXPANSION DEBUG]: ExpansionTraderKaito<54e4f580>::SetTraderObject ExpansionTraderObjectBase<55356950> <1117.021240, 5.495151, 2413.766357>
SCRIPT       : 15:07:30.343 [EXPANSION DEBUG]: LoadMissionTradersFile trader ExpansionTraderKaito<54e4f580> fileName Components
SCRIPT       : 15:07:30.355 [EXPANSION DEBUG]: ExpansionTraderCyril<54e6e600>::SetTraderObject ExpansionTraderObjectBase<59872f80> <1136.987427, 5.908522, 2439.662598>
SCRIPT       : 15:07:30.355 [EXPANSION DEBUG]: LoadMissionTradersFile trader ExpansionTraderCyril<54e6e600> fileName Clothing
SCRIPT       : 15:07:30.359 [EXPANSION DEBUG]: ExpansionTraderGuo<54e53390>::SetTraderObject ExpansionTraderObjectBase<59901200> <1133.974854, 5.909700, 2442.412598>
SCRIPT       : 15:07:30.359 [EXPANSION DEBUG]: LoadMissionTradersFile trader ExpansionTraderGuo<54e53390> fileName Clothing_Accessories
SCRIPT       : 15:07:30.367 [EXPANSION DEBUG]: ExpansionTraderBoris<54e72410>::SetTraderObject ExpansionTraderObjectBase<5999e3d0> <1123.468262, 15.349299, 2426.316162>
SCRIPT       : 15:07:30.367 [EXPANSION DEBUG]: LoadMissionTradersFile trader ExpansionTraderBoris<54e72410> fileName Exchange
SCRIPT       : 15:07:30.371 [EXPANSION DEBUG]: ExpansionTraderLinda<54e571a0>::SetTraderObject ExpansionTraderObjectBase<599a3420> <1135.892822, 5.908773, 2436.856689>
SCRIPT       : 15:07:30.371 [EXPANSION DEBUG]: LoadMissionTradersFile trader ExpansionTraderLinda<54e571a0> fileName Consumables
SCRIPT       : 15:07:30.378 [EXPANSION DEBUG]: ExpansionTraderKeiko<54e76220>::SetTraderObject ExpansionTraderObjectBase<59a7f040> <1130.731689, 5.951744, 2438.009277>
SCRIPT       : 15:07:30.378 [EXPANSION DEBUG]: LoadMissionTradersFile trader ExpansionTraderKeiko<54e76220> fileName Medicals
SCRIPT       : 15:07:30.386 [EXPANSION DEBUG]: ExpansionTraderHelga<54e7a030>::SetTraderObject ExpansionTraderObjectBase<59bde300> <1141.654419, 5.906255, 2421.591309>
SCRIPT       : 15:07:30.386 [EXPANSION DEBUG]: LoadMissionTradersFile trader ExpansionTraderHelga<54e7a030> fileName Special
SCRIPT       : 15:07:30.394 [EXPANSION DEBUG]: ExpansionTraderFrida<54e89870>::SetTraderObject ExpansionTraderObjectBase<59cbf010> <1120.135132, 5.600746, 2417.465820>
SCRIPT       : 15:07:30.394 [EXPANSION DEBUG]: LoadMissionTradersFile trader ExpansionTraderFrida<54e89870> fileName Vehicles
SCRIPT       : 15:07:30.398 [EXPANSION DEBUG]: ExpansionTraderHassan<54e7de40>::SetTraderObject ExpansionTraderObjectBase<59e2f570> <1123.977905, 5.639271, 2417.411865>
SCRIPT       : 15:07:30.398 [EXPANSION DEBUG]: LoadMissionTradersFile trader ExpansionTraderHassan<54e7de40> fileName Vehicle_Parts
SCRIPT       : 15:07:30.402 [EXPANSION DEBUG]: ExpansionTraderDenis<54e81c50>::SetTraderObject ExpansionTraderObjectBase<59e335d0> <1156.719727, 6.513331, 2406.355225>
SCRIPT       : 15:07:30.402 [EXPANSION DEBUG]: LoadMissionTradersFile trader ExpansionTraderDenis<54e81c50> fileName Weapons
SCRIPT       : 15:07:30.410 [EXPANSION DEBUG]: ExpansionTraderGabi<54e85a60>::SetTraderObject ExpansionTraderObjectBase<59f74ad0> <1135.689941, 5.900000, 2423.300049>
SCRIPT       : 15:07:30.410 [EXPANSION DEBUG]: LoadMissionTradersFile trader ExpansionTraderGabi<54e85a60> fileName BuildingSupplies
SCRIPT       : 15:07:30.417 [EXPANSION DEBUG]: ExpansionTraderFrancis<59fa38a0>::SetTraderObject ExpansionTraderObjectBase<59f78a40> <11835.901367, 140.617874, 12474.744141>
SCRIPT       : 15:07:30.417 [EXPANSION DEBUG]: LoadMissionTradersFile trader ExpansionTraderFrancis<59fa38a0> fileName Attachments
SCRIPT       : 15:07:30.421 [EXPANSION DEBUG]: ExpansionTraderLinda<59f97e70>::SetTraderObject ExpansionTraderObjectBase<59f7db30> <11856.716797, 140.565109, 12461.438477>
SCRIPT       : 15:07:30.421 [EXPANSION DEBUG]: LoadMissionTradersFile trader ExpansionTraderLinda<59f97e70> fileName Consumables
SCRIPT       : 15:07:30.421 [EXPANSION DEBUG]: ExpansionTraderCyril<59f9bc80>::SetTraderObject ExpansionTraderObjectBase<59f82f90> <11855.000000, 140.605103, 12466.099609>
SCRIPT       : 15:07:30.421 [EXPANSION DEBUG]: LoadMissionTradersFile trader ExpansionTraderCyril<59f9bc80> fileName Clothing
SCRIPT       : 15:07:30.425 [EXPANSION DEBUG]: ExpansionTraderGuo<59f9fa90>::SetTraderObject ExpansionTraderObjectBase<59f884e0> <11855.200195, 140.605103, 12470.487305>
SCRIPT       : 15:07:30.425 [EXPANSION DEBUG]: LoadMissionTradersFile trader ExpansionTraderGuo<59f9fa90> fileName Clothing_Accessories
SCRIPT       : 15:07:30.429 [EXPANSION DEBUG]: ExpansionTraderKaito<59faf2d0>::SetTraderObject ExpansionTraderObjectBase<59f8d7b0> <11849.400391, 140.605087, 12466.200195>
SCRIPT       : 15:07:30.429 [EXPANSION DEBUG]: LoadMissionTradersFile trader ExpansionTraderKaito<59faf2d0> fileName Components
SCRIPT       : 15:07:30.429 [EXPANSION DEBUG]: ExpansionTraderBoris<59f94060>::SetTraderObject ExpansionTraderObjectBase<5a13e1b0> <11858.202148, 140.615112, 12463.234375>
SCRIPT       : 15:07:30.429 [EXPANSION DEBUG]: LoadMissionTradersFile trader ExpansionTraderBoris<59f94060> fileName Exchange
SCRIPT       : 15:07:30.433 [EXPANSION DEBUG]: ExpansionTraderKeiko<59fa76b0>::SetTraderObject ExpansionTraderObjectBase<5a143840> <11853.218750, 140.605087, 12463.277344>
SCRIPT       : 15:07:30.433 [EXPANSION DEBUG]: LoadMissionTradersFile trader ExpansionTraderKeiko<59fa76b0> fileName Medicals
SCRIPT       : 15:07:30.433 [EXPANSION DEBUG]: ExpansionTraderGabi<59fc2920>::SetTraderObject ExpansionTraderObjectBase<5a148070> <11833.200195, 140.605118, 12461.700195>
SCRIPT       : 15:07:30.433 [EXPANSION DEBUG]: LoadMissionTradersFile trader ExpansionTraderGabi<59fc2920> fileName Special
SCRIPT       : 15:07:30.441 [EXPANSION DEBUG]: ExpansionTraderElias<59fb30e0>::SetTraderObject ExpansionTraderObjectBase<5a1f1d10> <11877.799805, 140.134796, 12441.599609>
SCRIPT       : 15:07:30.441 [EXPANSION DEBUG]: LoadMissionTradersFile trader ExpansionTraderElias<59fb30e0> fileName Vehicles
SCRIPT       : 15:07:30.445 [EXPANSION DEBUG]: ExpansionTraderHassan<59fc6730>::SetTraderObject ExpansionTraderObjectBase<5a1f6860> <11878.674805, 140.134796, 12424.302734>
SCRIPT       : 15:07:30.445 [EXPANSION DEBUG]: LoadMissionTradersFile trader ExpansionTraderHassan<59fc6730> fileName Vehicle_Parts
SCRIPT       : 15:07:30.449 [EXPANSION DEBUG]: ExpansionTraderDenis<59fab4c0>::SetTraderObject ExpansionTraderObjectBase<5a1fb770> <11833.576172, 140.605072, 12469.492188>
SCRIPT       : 15:07:30.449 [EXPANSION DEBUG]: LoadMissionTradersFile trader ExpansionTraderDenis<59fab4c0> fileName Weapons
SCRIPT       : 15:07:30.449 [EXPANSION DEBUG]: ExpansionTraderLinda<59fbad00>::SetTraderObject ExpansionTraderObjectBase<5a2009f0> <11852.194336, 140.660980, 12472.387695>
SCRIPT       : 15:07:30.449 [EXPANSION DEBUG]: LoadMissionTradersFile trader ExpansionTraderLinda<59fbad00> fileName BuildingSupplies
SCRIPT       : 15:07:30.457 [EXPANSION DEBUG]: ExpansionTraderManua<59fb6ef0>::SetTraderObject ExpansionTraderObjectBase<5a2a8d80> <11879.722656, 140.094788, 12435.959961>
SCRIPT       : 15:07:30.457 [EXPANSION DEBUG]: LoadMissionTradersFile trader ExpansionTraderManua<59fb6ef0> fileName Spraycans
SCRIPT       : 15:07:30.464 [EXPANSION DEBUG]: ExpansionTraderIrena<59fca540>::SetTraderObject ExpansionTraderObjectBase<5a32d630> <12160.279297, 140.580765, 12689.783203>
SCRIPT       : 15:07:30.464 [EXPANSION DEBUG]: LoadMissionTradersFile trader ExpansionTraderIrena<59fca540> fileName Aircraft
SCRIPT       : [ExpansionQuestPersistentServerData] Load existing configuration file:$profile:ExpansionMod\Quests\PersistentServerData.json
SCRIPT       : [ExpansionQuestPersistentServerData] Load existing configuration file:$profile:ExpansionMod\Quests\PersistentServerData.json
SCRIPT       : [ExpansionQuestObjectiveTravelConfig] Load existing configuration file:$profile:ExpansionMod\Quests\Objectives\Travel\Objective_T_1.json
SCRIPT       : [ExpansionQuestObjectiveTravelConfig] Load existing configuration file:$profile:ExpansionMod\Quests\Objectives\Travel\Objective_T_2.json
SCRIPT       : [ExpansionQuestObjectiveTravelConfig] Load existing configuration file:$profile:ExpansionMod\Quests\Objectives\Travel\Objective_T_3.json
SCRIPT       : [ExpansionQuestObjectiveTravelConfig] Load existing configuration file:$profile:ExpansionMod\Quests\Objectives\Travel\Objective_T_4.json
SCRIPT       : [ExpansionQuestObjectiveTargetConfig] Load existing configuration file:$profile:ExpansionMod\Quests\Objectives\Target\Objective_TA_1_kill10sledge.json
SCRIPT       : [ExpansionQuestObjectiveTargetConfig] Load existing configuration file:$profile:ExpansionMod\Quests\Objectives\Target\Objective_TA_2_kill10.json
SCRIPT       : [ExpansionQuestObjectiveTargetConfig] Load existing configuration file:$profile:ExpansionMod\Quests\Objectives\Target\Objective_TA_31_kill_100.json
SCRIPT       : [ExpansionQuestObjectiveTargetConfig] Load existing configuration file:$profile:ExpansionMod\Quests\Objectives\Target\Objective_TA_3_kill50.json
SCRIPT       : [ExpansionQuestObjectiveTargetConfig] Load existing configuration file:$profile:ExpansionMod\Quests\Objectives\Target\Objective_TA_4_killmilitary.json
SCRIPT       : [ExpansionQuestObjectiveDeliveryConfig] Load existing configuration file:$profile:ExpansionMod\Quests\Objectives\Delivery\Objective_D_1.json
SCRIPT       : [ExpansionQuestObjectiveDeliveryConfig] Load existing configuration file:$profile:ExpansionMod\Quests\Objectives\Delivery\Objective_D_2.json
SCRIPT       : [ExpansionQuestObjectiveCollectionConfig] Load existing configuration file:$profile:ExpansionMod\Quests\Objectives\Collection\1-Collection-Apples.json
SCRIPT       : [ExpansionQuestObjectiveCollectionConfig] Load existing configuration file:$profile:ExpansionMod\Quests\Objectives\Collection\2-Collection-Mackerel.json
SCRIPT       : [ExpansionQuestObjectiveCollectionConfig] Load existing configuration file:$profile:ExpansionMod\Quests\Objectives\Collection\3-Collection-BrownChickens.json
SCRIPT       : [ExpansionQuestObjectiveCollectionConfig] Load existing configuration file:$profile:ExpansionMod\Quests\Objectives\Collection\4-Collection-BearPelt.json
SCRIPT       : [ExpansionQuestObjectiveCollectionConfig] Load existing configuration file:$profile:ExpansionMod\Quests\Objectives\Collection\5-Collection-DeerPelt.json
SCRIPT       : [ExpansionQuestObjectiveCollectionConfig] Load existing configuration file:$profile:ExpansionMod\Quests\Objectives\Collection\6-Collection-AgaricusMushroom.json
SCRIPT       : [ExpansionQuestObjectiveCollectionConfig] Load existing configuration file:$profile:ExpansionMod\Quests\Objectives\Collection\Objective_C_1.json
SCRIPT       : [ExpansionQuestObjectiveCollectionConfig] Load existing configuration file:$profile:ExpansionMod\Quests\Objectives\Collection\Objective_C_2.json
SCRIPT       : [ExpansionQuestObjectiveCollectionConfig] Load existing configuration file:$profile:ExpansionMod\Quests\Objectives\Collection\Objective_C_3.json
SCRIPT       : [ExpansionQuestObjectiveTreasureHuntConfig] Load existing configuration file:$profile:ExpansionMod\Quests\Objectives\TreasureHunt\Objective_TH_ammo_1.json
SCRIPT       : [ExpansionQuestObjectiveActionConfig] Load existing configuration file:$profile:ExpansionMod\Quests\Objectives\Action\1-Medic.json
SCRIPT       : [ExpansionQuestObjectiveActionConfig] Load existing configuration file:$profile:ExpansionMod\Quests\Objectives\Action\10-Medic.json
SCRIPT       : [ExpansionQuestObjectiveActionConfig] Load existing configuration file:$profile:ExpansionMod\Quests\Objectives\Action\11-Medic.json
SCRIPT       : [ExpansionQuestObjectiveActionConfig] Load existing configuration file:$profile:ExpansionMod\Quests\Objectives\Action\12-Medic.json
SCRIPT       : [ExpansionQuestObjectiveActionConfig] Load existing configuration file:$profile:ExpansionMod\Quests\Objectives\Action\13-Medic.json
SCRIPT       : [ExpansionQuestObjectiveActionConfig] Load existing configuration file:$profile:ExpansionMod\Quests\Objectives\Action\14-Medic.json
SCRIPT       : [ExpansionQuestObjectiveActionConfig] Load existing configuration file:$profile:ExpansionMod\Quests\Objectives\Action\15-Medic.json
SCRIPT       : [ExpansionQuestObjectiveActionConfig] Load existing configuration file:$profile:ExpansionMod\Quests\Objectives\Action\16-Medic.json
SCRIPT       : [ExpansionQuestObjectiveActionConfig] Load existing configuration file:$profile:ExpansionMod\Quests\Objectives\Action\17-Medic.json
SCRIPT       : [ExpansionQuestObjectiveActionConfig] Load existing configuration file:$profile:ExpansionMod\Quests\Objectives\Action\18-Horticulture.json
SCRIPT       : [ExpansionQuestObjectiveActionConfig] Load existing configuration file:$profile:ExpansionMod\Quests\Objectives\Action\19-Horticulture.json
SCRIPT       : [ExpansionQuestObjectiveActionConfig] Load existing configuration file:$profile:ExpansionMod\Quests\Objectives\Action\2-Medic.json
SCRIPT       : [ExpansionQuestObjectiveActionConfig] Load existing configuration file:$profile:ExpansionMod\Quests\Objectives\Action\20-Horticulture.json
SCRIPT       : [ExpansionQuestObjectiveActionConfig] Load existing configuration file:$profile:ExpansionMod\Quests\Objectives\Action\21-Horticulture.json
SCRIPT       : [ExpansionQuestObjectiveActionConfig] Load existing configuration file:$profile:ExpansionMod\Quests\Objectives\Action\22-Horticulture.json
SCRIPT       : [ExpansionQuestObjectiveActionConfig] Load existing configuration file:$profile:ExpansionMod\Quests\Objectives\Action\23-Horticulture.json
SCRIPT       : [ExpansionQuestObjectiveActionConfig] Load existing configuration file:$profile:ExpansionMod\Quests\Objectives\Action\24-Horticulture.json
SCRIPT       : [ExpansionQuestObjectiveActionConfig] Load existing configuration file:$profile:ExpansionMod\Quests\Objectives\Action\3-Medic.json
SCRIPT       : [ExpansionQuestObjectiveActionConfig] Load existing configuration file:$profile:ExpansionMod\Quests\Objectives\Action\4-Medic.json
SCRIPT       : [ExpansionQuestObjectiveActionConfig] Load existing configuration file:$profile:ExpansionMod\Quests\Objectives\Action\5-Medic.json
SCRIPT       : [ExpansionQuestObjectiveActionConfig] Load existing configuration file:$profile:ExpansionMod\Quests\Objectives\Action\6-Medic.json
SCRIPT       : [ExpansionQuestObjectiveActionConfig] Load existing configuration file:$profile:ExpansionMod\Quests\Objectives\Action\7-Medic.json
SCRIPT       : [ExpansionQuestObjectiveActionConfig] Load existing configuration file:$profile:ExpansionMod\Quests\Objectives\Action\8-Medic.json
SCRIPT       : [ExpansionQuestObjectiveActionConfig] Load existing configuration file:$profile:ExpansionMod\Quests\Objectives\Action\9-Medic.json
SCRIPT       : [ExpansionQuestObjectiveActionConfig] Load existing configuration file:$profile:ExpansionMod\Quests\Objectives\Action\Objective_A_1.json
SCRIPT       : [ExpansionQuestObjectiveActionConfig] Load existing configuration file:$profile:ExpansionMod\Quests\Objectives\Action\Objective_A_2.json
SCRIPT       : [ExpansionQuestObjectiveCraftingConfig] Load existing configuration file:$profile:ExpansionMod\Quests\Objectives\Crafting\1-Crafting-FishingRod.json
SCRIPT       : [ExpansionQuestObjectiveCraftingConfig] Load existing configuration file:$profile:ExpansionMod\Quests\Objectives\Crafting\Objective_CR_1.json
SCRIPT       : [ExpansionQuestObjectiveAIPatrolConfig] Load existing configuration file:$profile:ExpansionMod\Quests\Objectives\AIPatrol\Objective_AIP_1.json
SCRIPT       : [ExpansionQuestObjectiveAICampConfig] Load existing configuration file:$profile:ExpansionMod\Quests\Objectives\AICamp\Objective_AIC_1.json
SCRIPT       : [ExpansionQuestObjectiveAIEscortConfig] Load existing configuration file:$profile:ExpansionMod\Quests\Objectives\AIVIP\1-VIP.json
SCRIPT       : [ExpansionQuestObjectiveAIEscortConfig] Load existing configuration file:$profile:ExpansionMod\Quests\Objectives\AIVIP\2-VIP.json
SCRIPT       : [ExpansionQuestObjectiveAIEscortConfig] Load existing configuration file:$profile:ExpansionMod\Quests\Objectives\AIVIP\Objective_AIESCORT_1.json
SCRIPT       : [ExpansionQuestNPCData] Load existing configuration file:QuestNPC_Board_3.json
SCRIPT       : [ExpansionQuestNPCData] Load existing configuration file:QuestNPC_Peter_1.json
SCRIPT       : [ExpansionQuestNPCData] Load existing configuration file:QuestNPC_Steve_2.json
SCRIPT       : [EditorLoader] File found: $mission:\EditorFiles\TraderStorage.dze
SCRIPT       : [EditorLoader] Loaded files in 0.003s
SCRIPT       : [EditorLoader] 6 total objects created
SCRIPT       : [EditorLoader] 0 total objects deleted
SCRIPT       : [EditorLoader] Deleted & Created all objects in 0.027s
SCRIPT       : ExpansionMarketItem marketItem = ExpansionMarketItem<359c41c0>
SCRIPT       : int worth =   1
SCRIPT       : 15:07:49.410 [EXPANSION DEBUG]: ExpansionP2PTraderAIIrena<e36e4f20>::SetP2PTraderID - ID: 1
SCRIPT       : ExpansionZonePolygon<e28ed030> position=<12015.854492, 0.000000, 12591.097656> radius=419.633
SCRIPT       : ExpansionZoneCircle<e7f8ee80> position=<1143.140015, 0.000000, 2423.270020> radius=400
SCRIPT       : ExpansionZoneCircle<e7f8f2a0> position=<3728.270020, 0.000000, 6003.600098> radius=400
SCRIPT       : Found 3 zones!
SCRIPT       : 15:07:49.585 [EXPANSION DEBUG]: ExpansionQuestNPCAIDenis<e805cce0>::OnEnterSafeZone
SCRIPT       : bool m_Expansion_LeavingSafeZone = 0
SCRIPT       : bool m_Expansion_IsInSafeZone = 0
SCRIPT       : bool m_Expansion_IsInSafeZoneSynchRemote = 0
SCRIPT       : 15:07:49.585 [EXPANSION DEBUG]: ExpansionP2PTraderAIIrena<e36e4f20>::OnEnterSafeZone
SCRIPT       : bool m_Expansion_LeavingSafeZone = 0
SCRIPT       : bool m_Expansion_IsInSafeZone = 0
SCRIPT       : bool m_Expansion_IsInSafeZoneSynchRemote = 0
SCRIPT       : 15:07:50.187 [EXPANSION DEBUG]: ExpansionItemSpawnHelper::Clone - created M4A1:035655 at location { type=HANDS item=M4A1:035629 parent=ExpansionQuestNPCAIDenis:045 }
SCRIPT       : 15:07:50.187 [EXPANSION DEBUG]: ExpansionItemSpawnHelper::Clone - created M4_OEBttstck:035656 at location { type=ATTACHMENT item=null parent=M4A1:035655 slot=weaponButtstockM4 }
SCRIPT       : 15:07:50.191 [EXPANSION DEBUG]: ExpansionItemSpawnHelper::Clone - created ACOGOptic:035657 at location { type=ATTACHMENT item=null parent=M4A1:035655 slot=weaponOptics }
SCRIPT       : 15:07:50.191 [EXPANSION DEBUG]: ExpansionItemSpawnHelper::Clone - created M4_PlasticHndgrd:035658 at location { type=ATTACHMENT item=null parent=M4A1:035655 slot=weaponHandguardM4 }
SCRIPT       : [emote] ExpansionP2PTraderAIIrena:044 play emote id=46 IH=null
SCRIPT       : 15:07:52.277 [EXPANSION DEBUG]: ExpansionItemSpawnHelper::Clone - created AKM:035630 at location { type=HANDS item=AKM:035645 parent=ExpansionQuestNPCAIElias:046 }
SCRIPT       : 15:07:52.277 [EXPANSION DEBUG]: ExpansionItemSpawnHelper::Clone - created AK_PlasticHndgrd:035629 at location { type=ATTACHMENT item=null parent=AKM:035630 slot=weaponHandguardAK }
SCRIPT       : 15:07:52.277 [EXPANSION DEBUG]: ExpansionItemSpawnHelper::Clone - created Mag_AKM_30Rnd:035632 at location { type=ATTACHMENT item=null parent=AKM:035630 slot=magazine }
SCRIPT       : [emote] ExpansionQuestNPCAIElias:046 play emote id=14 IH=AKM:035630
SCRIPT       : [emote] ExpansionQuestNPCAIDenis:045 play emote id=46 IH=M4A1:035655
SCRIPT       : 15:08:16.324 [EXPANSION DEBUG]: ExpansionHardlineModule<39447a30> ::LoadPlayerData - Loaded player hardline data for player Blorpus9000[3I2KPiMwtNrbRzLe964-q3OrI2Ligr9LBcsFxmVIl3Q=]
SCRIPT       : ---- PlayerBase OnStoreLoad SUCCESS ----
SCRIPT       : 15:08:30.917 [EXPANSION DEBUG]: SurvivorBase<f96879b0>::OnEnterSafeZone
SCRIPT       : bool m_Expansion_LeavingSafeZone = 0
SCRIPT       : bool m_Expansion_IsInSafeZone = 0
SCRIPT       : bool m_Expansion_IsInSafeZoneSynchRemote = 0
SCRIPT       : [EditorLoader] Sent Deleted objects in 0s
SCRIPT       : 15:08:30.917 [EXPANSION DEBUG]: ExpansionPartyData<5542d3f0>::OnJoin party Blorpus (ID 0) player Blorpus9000 (ID 3I2KPiMwtNrbRzLe964-q3OrI2Ligr9LBcsFxmVIl3Q=)
SCRIPT       : 15:08:30.949 [EXPANSION DEBUG]: ExpansionQuestModule<3c0b7860> Sending 58 quest configs to client with UID: 3I2KPiMwtNrbRzLe964-q3OrI2Ligr9LBcsFxmVIl3Q=
SCRIPT       : 15:08:30.949 [EXPANSION DEBUG]: ExpansionQuestModule<3c0b7860> Sending player quest data for 28 quests to player with UID: 3I2KPiMwtNrbRzLe964-q3OrI2Ligr9LBcsFxmVIl3Q=
SCRIPT       : 15:08:35.906 [EXPANSION DEBUG]: ExpansionItemSpawnHelper::Clone - created M16A2:035744 at location { type=HANDS item=M16A2:035668 parent=eAI_SurvivorM_Guo:048 }
SCRIPT       : 15:08:35.906 [EXPANSION DEBUG]: ExpansionItemSpawnHelper::Clone - created Mag_STANAG_60Rnd:035745 at location { type=ATTACHMENT item=null parent=M16A2:035744 slot=magazine }
SCRIPT       : 15:08:35.984 [EXPANSION DEBUG]: ExpansionItemSpawnHelper::Clone - created M16A2:035669 at location { type=HANDS item=M16A2:035694 parent=eAI_SurvivorM_Elias:050 }
SCRIPT       : 15:08:35.984 [EXPANSION DEBUG]: ExpansionItemSpawnHelper::Clone - created Mag_STANAG_30Rnd:035668 at location { type=ATTACHMENT item=null parent=M16A2:035669 slot=magazine }
SCRIPT       : 15:08:36.039 [EXPANSION DEBUG]: ExpansionItemSpawnHelper::Clone - created Aug:035695 at location { type=HANDS item=Aug:035720 parent=eAI_SurvivorM_Elias:052 }
SCRIPT       : 15:08:36.039 [EXPANSION DEBUG]: ExpansionItemSpawnHelper::Clone - created Mag_Aug_30Rnd:035694 at location { type=ATTACHMENT item=null parent=Aug:035695 slot=magazine }
SCRIPT       : 15:08:36.050 [EXPANSION DEBUG]: ExpansionItemSpawnHelper::Clone - created M4A1:035721 at location { type=HANDS item=M4A1:035681 parent=eAI_SurvivorM_Taiki:049 }
SCRIPT       : 15:08:36.050 [EXPANSION DEBUG]: ExpansionItemSpawnHelper::Clone - created M4_MPHndgrd:035720 at location { type=ATTACHMENT item=null parent=M4A1:035721 slot=weaponHandguardM4 }
SCRIPT       : 15:08:36.050 [EXPANSION DEBUG]: ExpansionItemSpawnHelper::Clone - created M4_OEBttstck:035746 at location { type=ATTACHMENT item=null parent=M4A1:035721 slot=weaponButtstockM4 }
SCRIPT       : 15:08:36.050 [EXPANSION DEBUG]: ExpansionItemSpawnHelper::Clone - created Mag_STANAG_30Rnd:035747 at location { type=ATTACHMENT item=null parent=M4A1:035721 slot=magazine }
SCRIPT       : 15:08:36.062 [EXPANSION DEBUG]: ExpansionItemSpawnHelper::Clone - created M16A2:035682 at location { type=HANDS item=M16A2:035708 parent=eAI_SurvivorM_Denis:051 }
SCRIPT       : 15:08:36.062 [EXPANSION DEBUG]: ExpansionItemSpawnHelper::Clone - created Mag_STANAG_30Rnd:035681 at location { type=ATTACHMENT item=null parent=M16A2:035682 slot=magazine }
SCRIPT       : 15:08:36.101 [EXPANSION DEBUG]: ExpansionItemSpawnHelper::Clone - created Aug:035684 at location { type=HANDS item=Aug:035731 parent=eAI_SurvivorF_Naomi:053 }
SCRIPT       : 15:08:36.101 [EXPANSION DEBUG]: ExpansionItemSpawnHelper::Clone - created Mag_Aug_30Rnd:035708 at location { type=ATTACHMENT item=null parent=Aug:035684 slot=magazine }
SCRIPT       : ExpansionActionOpenTraderMenu::OnStartServer - Start
SCRIPT       : [Logout]: New player 3I2KPiMwtNrbRzLe964-q3OrI2Ligr9LBcsFxmVIl3Q= with logout time 3
SCRIPT       : [emote] SurvivorF_Irena:047 play emote id=14 IH=null
SCRIPT       : 15:09:12.445 [EXPANSION DEBUG]: ExpansionPartyData<5542d3f0>::OnLeave party Blorpus (ID 0) player Blorpus9000 (ID 3I2KPiMwtNrbRzLe964-q3OrI2Ligr9LBcsFxmVIl3Q=)
SCRIPT       : 15:09:12.449 [EXPANSION DEBUG]: ExpansionQuestPersistentData<f8bf7200> ~ExpansionQuestPersistentData (28)
SCRIPT       : [Logout]: Player 3I2KPiMwtNrbRzLe964-q3OrI2Ligr9LBcsFxmVIl3Q= finished
