---------------------------------------------
Log C:\Program Files (x86)\Steam\steamapps\common\DayZServerAug2\config\script_2023-08-09_11-14-48.log started at 09.08. 11:14:48

SCRIPT       : Registered 397 temporary action enum(s), UAN==397
SCRIPT       : Registering faction type eAIFactionShamans ID -1484989417
SCRIPT       : Registering faction type eAIFactionObservers ID -563736721
SCRIPT       : Registering faction type eAIFactionInvincibleObservers ID -1227299746
SCRIPT       : Registering faction type eAIFactionEast ID 90522109
SCRIPT       : Registering faction type eAIFactionGuards ID 963933710
SCRIPT       : Registering faction type eAIFactionRaiders ID 1535276022
SCRIPT       : Registering faction type eAIFactionMercenaries ID 1629891834
SCRIPT       : Registering faction type eAIFactionWest ID 113880155
SCRIPT       : Registering faction type eAIFactionCivilian ID 1096178351
SCRIPT       : Registering faction type eAIFactionPassive ID -1159399789
SCRIPT       : Registering faction type eAIFactionInvincibleGuards ID 782746017
SCRIPT       : ... Backlit Effects Enabled
SCRIPT       : 11:14:50 [EXPANSION LOG]: DayZGame<e4d84b40> Start time (local time) 2023-08-09 11:14:46
SCRIPT       : 11:14:50 [EXPANSION LOG]: DayZGame<e4d84b40> Start time (UTC) 2023-08-09 16:14:46
SCRIPT       : 11:14:50 [EXPANSION LOG]: DayZGame<e4d84b40> Runtime since start (seconds) 4.606
SCRIPT    (W): @"JM/COT/Scripts/4_World/communityonlinetools\classes\webhook\jmwebhookdiscordmessage.c,19": Possible variable name conflict 'username'
SCRIPT    (W): @"JM/COT/Scripts/4_World/communityonlinetools\classes\webhook\jmwebhookdiscordmessage.c,19": Possible variable name conflict 'avatar_url'
SCRIPT    (W): @"JM/COT/Scripts/4_World/communityonlinetools\classes\webhook\jmwebhookdiscordmessage.c,19": Possible variable name conflict 'content'
SCRIPT    (W): @"JM/COT/Scripts/4_World/communityonlinetools\classes\webhook\jmwebhookdiscordmessage.c,151": Possible variable name conflict 'url'
SCRIPT    (W): @"JM/COT/Scripts/4_World/communityonlinetools\classes\webhook\jmwebhookdiscordmessage.c,172": Possible variable name conflict 'url'
SCRIPT    (W): @"JM/COT/Scripts/4_World/communityonlinetools\classes\webhook\jmwebhookdiscordmessage.c,180": Possible variable name conflict 'url'
SCRIPT       : Expansion version: 1.8.20
SCRIPT       : 11:15:04.687 [EXPANSION DEBUG]: [ExpansionDebugSettings] Load existing setting file:$profile:ExpansionMod\Settings\DebugSettings.json
SCRIPT       : 11:15:04.687 [EXPANSION DEBUG]: [ExpansionLogSettings] Load existing setting file:$profile:ExpansionMod\Settings\LogsSettings.json
SCRIPT       : 11:15:04.687 [EXPANSION DEBUG]: [ExpansionNotificationSettings] Load existing setting file:$profile:ExpansionMod\Settings\NotificationSettings.json
SCRIPT       : 11:15:04.687 [EXPANSION DEBUG]: [ExpansionMonitoringSettings] Load existing setting file:$profile:ExpansionMod\Settings\MonitoringSettings.json
SCRIPT       : 11:15:04.687 [EXPANSION DEBUG]: [ExpansionDamageSystemSettings] Load existing setting file:$profile:ExpansionMod\Settings\DamageSystemSettings.json
SCRIPT       : 11:15:04.691 [EXPANSION DEBUG]: [ExpansionPartySettings] Load existing setting file:$profile:ExpansionMod\Settings\PartySettings.json
SCRIPT       : 11:15:04.691 [EXPANSION DEBUG]: [ExpansionHardlineSettings] Load existing setting file:$mission:expansion\settings\HardlineSettings.json
SCRIPT       : 11:15:04.695 [EXPANSION DEBUG]: [ExpansionMarketSettings] Load existing setting file:$mission:expansion\settings\MarketSettings.json
SCRIPT       : ExpansionMarketSettings::LoadCategories - Adding category ID 1 (Ammo)
SCRIPT       : ExpansionMarketSettings::LoadCategories - Adding category ID 2 (Ammo_Boxes)
SCRIPT       : ExpansionMarketSettings::LoadCategories - Adding category ID 3 (Armbands)
SCRIPT       : ExpansionMarketSettings::LoadCategories - Adding category ID 4 (Assault_Rifles)
SCRIPT       : ExpansionMarketSettings::LoadCategories - Adding category ID 5 (Backpacks)
SCRIPT       : ExpansionMarketSettings::LoadCategories - Adding category ID 6 (Bandanas)
SCRIPT       : ExpansionMarketSettings::LoadCategories - Adding category ID 7 (Batteries)
SCRIPT       : ExpansionMarketSettings::LoadCategories - Adding category ID 8 (Bayonets)
SCRIPT       : ExpansionMarketSettings::LoadCategories - Adding category ID 9 (Belts)
SCRIPT       : ExpansionMarketSettings::LoadCategories - Adding category ID 10 (Blouses_And_Suits)
SCRIPT       : ExpansionMarketSettings::LoadCategories - Adding category ID 11 (Boats)
SCRIPT       : ExpansionMarketSettings::LoadCategories - Adding category ID 12 (Boots_And_Shoes)
SCRIPT       : ExpansionMarketSettings::LoadCategories - Adding category ID 13 (Buttstocks)
SCRIPT       : ExpansionMarketSettings::LoadCategories - Adding category ID 14 (Caps)
SCRIPT       : ExpansionMarketSettings::LoadCategories - Adding category ID 15 (Cars)
SCRIPT       : ExpansionMarketSettings::LoadCategories - Adding category ID 16 (Coats_And_Jackets)
SCRIPT       : ExpansionMarketSettings::LoadCategories - Adding category ID 17 (Containers)
SCRIPT       : ExpansionMarketSettings::LoadCategories - Adding category ID 18 (Crossbows)
SCRIPT       : ExpansionMarketSettings::LoadCategories - Adding category ID 19 (Drinks)
SCRIPT       : ExpansionMarketSettings::LoadCategories - Adding category ID 20 (Electronics)
SCRIPT       : ExpansionMarketSettings::LoadCategories - Adding category ID 21 (Event)
SCRIPT       : ExpansionMarketSettings::LoadCategories - Adding category ID 22 (Exchange)
SCRIPT       : ExpansionMarketSettings::LoadCategories - Adding category ID 23 (Explosives_And_Grenades)
SCRIPT       : ExpansionMarketSettings::LoadCategories - Adding category ID 24 (Eyewear)
SCRIPT       : ExpansionMarketSettings::LoadCategories - Adding category ID 25 (Fish)
SCRIPT       : ExpansionMarketSettings::LoadCategories - Adding category ID 26 (Fishing)
SCRIPT       : ExpansionMarketSettings::LoadCategories - Adding category ID 27 (Flags)
SCRIPT       : ExpansionMarketSettings::LoadCategories - Adding category ID 28 (Food)
SCRIPT       : ExpansionMarketSettings::LoadCategories - Adding category ID 29 (Fruit_And_Vegetables)
SCRIPT       : ExpansionMarketSettings::LoadCategories - Adding category ID 30 (Furnishings)
SCRIPT       : ExpansionMarketSettings::LoadCategories - Adding category ID 31 (Gardening)
SCRIPT       : ExpansionMarketSettings::LoadCategories - Adding category ID 32 (Ghillies)
SCRIPT       : ExpansionMarketSettings::LoadCategories - Adding category ID 33 (Gloves)
SCRIPT       : ExpansionMarketSettings::LoadCategories - Adding category ID 34 (Handguards)
SCRIPT       : ExpansionMarketSettings::LoadCategories - Adding category ID 35 (Hats_And_Hoods)
SCRIPT       : ExpansionMarketSettings::LoadCategories - Adding category ID 36 (Helicopters)
SCRIPT       : ExpansionMarketSettings::LoadCategories - Adding category ID 37 (Helmets)
SCRIPT       : ExpansionMarketSettings::LoadCategories - Adding category ID 38 (Holsters_And_Pouches)
SCRIPT       : ExpansionMarketSettings::LoadCategories - Adding category ID 39 (Kits)
SCRIPT       : ExpansionMarketSettings::LoadCategories - Adding category ID 40 (Knifes)
SCRIPT       : ExpansionMarketSettings::LoadCategories - Adding category ID 41 (Launchers)
SCRIPT       : ExpansionMarketSettings::LoadCategories - Adding category ID 42 (Lights)
SCRIPT       : ExpansionMarketSettings::LoadCategories - Adding category ID 43 (Liquids)
SCRIPT       : ExpansionMarketSettings::LoadCategories - Adding category ID 44 (Locks)
SCRIPT       : ExpansionMarketSettings::LoadCategories - Adding category ID 45 (Magazines)
SCRIPT       : ExpansionMarketSettings::LoadCategories - Adding category ID 46 (Masks)
SCRIPT       : ExpansionMarketSettings::LoadCategories - Adding category ID 47 (Meat)
SCRIPT       : ExpansionMarketSettings::LoadCategories - Adding category ID 48 (Medical)
SCRIPT       : ExpansionMarketSettings::LoadCategories - Adding category ID 49 (Melee_Weapons)
SCRIPT       : ExpansionMarketSettings::LoadCategories - Adding category ID 50 (Muzzles)
SCRIPT       : ExpansionMarketSettings::LoadCategories - Adding category ID 51 (Navigation)
SCRIPT       : ExpansionMarketSettings::LoadCategories - Adding category ID 52 (Optics)
SCRIPT       : ExpansionMarketSettings::LoadCategories - Adding category ID 53 (Pants_And_Shorts)
SCRIPT       : ExpansionMarketSettings::LoadCategories - Adding category ID 54 (Pistols)
SCRIPT       : ExpansionMarketSettings::LoadCategories - Adding category ID 55 (Rifles)
SCRIPT       : ExpansionMarketSettings::LoadCategories - Adding category ID 56 (Shirts_And_TShirts)
SCRIPT       : ExpansionMarketSettings::LoadCategories - Adding category ID 57 (Shotguns)
SCRIPT       : ExpansionMarketSettings::LoadCategories - Adding category ID 58 (Skirts_And_Dresses)
SCRIPT       : ExpansionMarketSettings::LoadCategories - Adding category ID 59 (Sniper_Rifles)
SCRIPT       : ExpansionMarketSettings::LoadCategories - Adding category ID 60 (Spraycans)
SCRIPT       : ExpansionMarketSettings::LoadCategories - Adding category ID 61 (Submachine_Guns)
SCRIPT       : ExpansionMarketSettings::LoadCategories - Adding category ID 62 (Supplies)
SCRIPT       : ExpansionMarketSettings::LoadCategories - Adding category ID 63 (Sweaters_And_Hoodies)
SCRIPT       : ExpansionMarketSettings::LoadCategories - Adding category ID 64 (Tents)
SCRIPT       : ExpansionMarketSettings::LoadCategories - Adding category ID 65 (Tools)
SCRIPT       : ExpansionMarketSettings::LoadCategories - Adding category ID 66 (Vehicle_Parts)
SCRIPT       : ExpansionMarketSettings::LoadCategories - Adding category ID 67 (Vests)
SCRIPT       : 11:15:04.820 [EXPANSION DEBUG]: [ExpansionAirdropSettings] Load existing setting file:$profile:ExpansionMod\Settings\AirdropSettings.json
SCRIPT       : 11:15:04.941 [EXPANSION DEBUG]: [ExpansionMissionSettings] Load existing setting file:$profile:ExpansionMod\Settings\MissionSettings.json
SCRIPT       : 11:15:04.941 [EXPANSION DEBUG]: [ExpansionMapSettings] Load existing setting file:$mission:expansion\settings\MapSettings.json
SCRIPT       : 11:15:04.953 [EXPANSION DEBUG]: [ExpansionPersonalStorageNewSettings] Load existing setting file:$profile:ExpansionMod\Settings\PersonalStorageNewSettings.json
SCRIPT       : 11:15:04.953 [EXPANSION DEBUG]: [ExpansionGeneralSettings] Load existing setting file:$profile:ExpansionMod\Settings\GeneralSettings.json
SCRIPT       : 11:15:04.953 [EXPANSION DEBUG]: [ExpansionPlayerListSettings] Load existing setting file:$profile:ExpansionMod\Settings\PlayerListSettings.json
SCRIPT       : 11:15:04.953 [EXPANSION DEBUG]: [ExpansionSocialMediaSettings] Load existing setting file:$profile:ExpansionMod\Settings\SocialMediaSettings.json
SCRIPT       : 11:15:04.957 [EXPANSION DEBUG]: [ExpansionSpawnSettings] Load existing setting file:$mission:expansion\settings\SpawnSettings.json
SCRIPT       : 11:15:04.957 [EXPANSION DEBUG]: [ExpansionVehicleSettings] Load existing setting file:$profile:ExpansionMod\Settings\VehicleSettings.json
SCRIPT       : 11:15:04.960 [EXPANSION DEBUG]: [ExpansionAISettings] Load existing setting file:$profile:ExpansionMod\Settings\AISettings.json
SCRIPT       : 11:15:04.960 [EXPANSION DEBUG]: [ExpansionAIPatrolSettings] Load existing setting file:$mission:expansion\settings\AIPatrolSettings.json
SCRIPT       : 11:15:04.964 [EXPANSION DEBUG]: [ExpansionBaseBuildingSettings] Load existing setting file:$mission:expansion\settings\BaseBuildingSettings.json
SCRIPT       : 11:15:04.964 [EXPANSION DEBUG]: [ExpansionRaidSettings] Load existing setting file:$profile:ExpansionMod\Settings\RaidSettings.json
SCRIPT       : 11:15:04.964 [EXPANSION DEBUG]: [ExpansionTerritorySettings] Load existing setting file:$profile:ExpansionMod\Settings\TerritorySettings.json
SCRIPT       : 11:15:04.968 [EXPANSION DEBUG]: [ExpansionChatSettings] Load existing setting file:$profile:ExpansionMod\Settings\ChatSettings.json
SCRIPT       : [DefineTest] EXPANSIONMOD is defined
SCRIPT       : [DefineTest] EXPANSIONMODAI is defined
SCRIPT       : [DefineTest] EXPANSIONMODANIMATIONS is defined
SCRIPT       : [DefineTest] EXPANSIONMODBASEBUILDING is defined
SCRIPT       : [DefineTest] EXPANSIONMODBOOK is defined
SCRIPT       : [DefineTest] EXPANSIONMODCHAT is defined
SCRIPT       : [DefineTest] EXPANSIONMODCORE is defined
SCRIPT       : [DefineTest] EXPANSIONMODGARAGE is defined
SCRIPT       : [DefineTest] EXPANSIONMODGROUPS is defined
SCRIPT       : [DefineTest] EXPANSIONMODHARDLINE is defined
SCRIPT       : [DefineTest] EXPANSIONMODKILLFEED is defined
SCRIPT       : [DefineTest] EXPANSIONMODMAPASSETS is defined
SCRIPT       : [DefineTest] EXPANSIONMODMARKET is defined
SCRIPT       : [DefineTest] EXPANSIONMODMISSIONS is defined
SCRIPT       : [DefineTest] EXPANSIONMODNAMETAGS is defined
SCRIPT       : [DefineTest] EXPANSIONMODNAVIGATION is defined
SCRIPT       : [DefineTest] EXPANSIONMODP2PMARKET is defined
SCRIPT       : [DefineTest] EXPANSIONMODPERSONALSTORAGE is defined
SCRIPT       : [DefineTest] EXPANSIONMODQUESTS is defined
SCRIPT       : [DefineTest] EXPANSIONMODSPAWNSELECTION is defined
SCRIPT       : [DefineTest] EXPANSIONMODVEHICLE is defined
SCRIPT       : [DefineTest] EXPANSIONMODWEAPONS is defined
SCRIPT       : [DefineTest] CfgMods:
SCRIPT       : defaultAction
SCRIPT       : DayZ
SCRIPT       : DZ_Expansion_AI_Preload
SCRIPT       : DZ_Expansion_Animations_Preload
SCRIPT       : DZ_Expansion_BaseBuilding_Preload
SCRIPT       : DZ_Expansion_Book_Preload
SCRIPT       : DZ_Expansion_Chat_Preload
SCRIPT       : DZ_Expansion_Core_Preload
SCRIPT       : DZ_Expansion_Garage_Preload
SCRIPT       : DZ_Expansion_Groups_Preload
SCRIPT       : DZ_Expansion_Hardline_Preload
SCRIPT       : DZ_Expansion_KillFeed_Preload
SCRIPT       : DZ_Expansion_MapAssets_Preload
SCRIPT       : DZ_Expansion_Market_Preload
SCRIPT       : DZ_Expansion_Missions_Preload
SCRIPT       : DZ_Expansion_ModStorage_Preload
SCRIPT       : DZ_Expansion_NameTags_Preload
SCRIPT       : DZ_Expansion_Navigation_Preload
SCRIPT       : DZ_Expansion_P2PMarket_Preload
SCRIPT       : DZ_Expansion_PersonalStorage_Preload
SCRIPT       : DZ_Expansion_Preload
SCRIPT       : DZ_Expansion_Quests_Preload
SCRIPT       : DZ_Expansion_SpawnSelection_Preload
SCRIPT       : DZ_Expansion_Vehicles_Preload
SCRIPT       : DZ_Expansion_Weapons_Preload
SCRIPT       : DZ_DabsFramework
SCRIPT       : DZ_Expansion_DefineTest
SCRIPT       : DZ_Expansion_MapAssets
SCRIPT       : bliss
SCRIPT       : JM_CommunityFramework
SCRIPT       : JM_CommunityOnlineTools
SCRIPT       : PvZmoD_CustomisableZombies
SCRIPT       : BoostZombiesVisionAddon
SCRIPT       : DZ_Expansion_ModStorage
SCRIPT       : DZ_Expansion_Core
SCRIPT       : DZ_Expansion_Garage
SCRIPT       : DZ_Expansion_Groups
SCRIPT       : DZ_Expansion_Market
SCRIPT       : DZ_Expansion_Missions
SCRIPT       : DZ_Expansion_NameTags
SCRIPT       : DZ_Expansion_Navigation
SCRIPT       : DZ_Expansion_NotificationScheduler
SCRIPT       : DZ_Expansion_P2PMarket
SCRIPT       : DZ_Expansion_PersonalStorage
SCRIPT       : DZ_Expansion_PersonalStorageNew
SCRIPT       : DZ_Expansion_PlayerList
SCRIPT       : DZ_Expansion
SCRIPT       : DZ_Expansion_SpawnSelection
SCRIPT       : DZ_Expansion_VanillaFixes
SCRIPT       : DZ_Expansion_Vehicles
SCRIPT       : DZ_Expansion_Weapons
SCRIPT       : DZ_Expansion_AI
SCRIPT       : DZ_Expansion_BaseBuilding
SCRIPT       : DZ_Expansion_Book
SCRIPT       : DZ_Expansion_Chat
SCRIPT       : DZ_Expansion_Hardline
SCRIPT       : DZ_Expansion_Quests
SCRIPT       : DZ_Expansion_VirtualContainerStorage
SCRIPT       : DayZ_Expansion_AI_Dynamic
SCRIPT       : 11:15:05.308 [EXPANSION DEBUG]: ModStorage v5
SCRIPT       : 11:15:08.085 [EXPANSION DEBUG]: ExpansionTraderJudy<8aa8c010>::SetTraderObject ExpansionTraderObjectBase<cbd960c0> <4973.928711, 9.510984, 2436.782959>
SCRIPT       : 11:15:08.085 [EXPANSION DEBUG]: LoadMissionTradersFile trader ExpansionTraderJudy<8aa8c010> fileName Aircraft
SCRIPT       : 11:15:08.097 [EXPANSION DEBUG]: ExpansionTraderJose<5fefe010>::SetTraderObject ExpansionTraderObjectBase<cbf94ff0> <14353.624023, 3.326771, 13229.217773>
SCRIPT       : 11:15:08.097 [EXPANSION DEBUG]: LoadMissionTradersFile trader ExpansionTraderJose<5fefe010> fileName Boats
SCRIPT       : 11:15:08.105 [EXPANSION DEBUG]: ExpansionTraderEva<cc09e020>::SetTraderObject ExpansionTraderObjectBase<cc087ad0> <14378.793945, 3.325975, 13271.585938>
SCRIPT       : 11:15:08.105 [EXPANSION DEBUG]: LoadMissionTradersFile trader ExpansionTraderEva<cc09e020> fileName Fishing
SCRIPT       : 11:15:08.109 [EXPANSION DEBUG]: ExpansionTraderLewis<cc183020>::SetTraderObject ExpansionTraderObjectBase<cc15f470> <1756.656372, 1.415564, 2027.359741>
SCRIPT       : 11:15:08.109 [EXPANSION DEBUG]: LoadMissionTradersFile trader ExpansionTraderLewis<cc183020> fileName Boats
SCRIPT       : 11:15:08.113 [EXPANSION DEBUG]: LoadMissionTradersFile trader ExpansionTraderStaticBase<6e3d09d0> fileName Exchange
SCRIPT       : 11:15:08.128 [EXPANSION DEBUG]: ExpansionTraderDenis<cc10e010>::SetTraderObject ExpansionTraderObjectBase<cc1e9ea0> <3697.249512, 402.010010, 5977.625488>
SCRIPT       : 11:15:08.128 [EXPANSION DEBUG]: LoadMissionTradersFile trader ExpansionTraderDenis<cc10e010> fileName Clothing
SCRIPT       : 11:15:08.144 [EXPANSION DEBUG]: ExpansionTraderMaria<cc32f010>::SetTraderObject ExpansionTraderObjectBase<cc313cd0> <3696.455811, 402.010010, 5980.193359>
SCRIPT       : 11:15:08.144 [EXPANSION DEBUG]: LoadMissionTradersFile trader ExpansionTraderMaria<cc32f010> fileName Clothing_Accessories
SCRIPT       : 11:15:08.160 [EXPANSION DEBUG]: ExpansionTraderQuinn<cc482010>::SetTraderObject ExpansionTraderObjectBase<cc43f150> <3710.121826, 402.010010, 5976.164063>
SCRIPT       : 11:15:08.160 [EXPANSION DEBUG]: LoadMissionTradersFile trader ExpansionTraderQuinn<cc482010> fileName Consumables
SCRIPT       : 11:15:08.175 [EXPANSION DEBUG]: ExpansionTraderNaomi<cc5637f0>::SetTraderObject ExpansionTraderObjectBase<d4feeeb0> <3708.786865, 402.010010, 5974.589844>
SCRIPT       : 11:15:08.175 [EXPANSION DEBUG]: LoadMissionTradersFile trader ExpansionTraderNaomi<cc5637f0> fileName Weapons
SCRIPT       : 11:15:08.191 [EXPANSION DEBUG]: ExpansionTraderSeth<8a72b0a0>::SetTraderObject ExpansionTraderObjectBase<d5113750> <3710.265137, 402.010010, 5973.340820>
SCRIPT       : 11:15:08.191 [EXPANSION DEBUG]: LoadMissionTradersFile trader ExpansionTraderSeth<8a72b0a0> fileName Attachments
SCRIPT       : 11:15:08.203 [EXPANSION DEBUG]: ExpansionTraderRolf<8a71f670>::SetTraderObject ExpansionTraderObjectBase<d5274270> <3698.172607, 402.010010, 5995.337402>
SCRIPT       : 11:15:08.203 [EXPANSION DEBUG]: LoadMissionTradersFile trader ExpansionTraderRolf<8a71f670> fileName Vehicles
SCRIPT       : 11:15:08.222 [EXPANSION DEBUG]: ExpansionTraderIndar<8a72eeb0>::SetTraderObject ExpansionTraderObjectBase<d5336d70> <3714.531006, 402.138000, 5961.776367>
SCRIPT       : 11:15:08.222 [EXPANSION DEBUG]: LoadMissionTradersFile trader ExpansionTraderIndar<8a72eeb0> fileName Components
SCRIPT       : 11:15:08.226 [EXPANSION DEBUG]: ExpansionTraderJudy<8a73e6f0>::SetTraderObject ExpansionTraderObjectBase<d5342580> <3729.029541, 402.651001, 5969.476563>
SCRIPT       : 11:15:08.226 [EXPANSION DEBUG]: LoadMissionTradersFile trader ExpansionTraderJudy<8a73e6f0> fileName Medicals
SCRIPT       : 11:15:08.230 [EXPANSION DEBUG]: ExpansionTraderNaomi<8a742500>::SetTraderObject ExpansionTraderObjectBase<d546db20> <3690.062988, 402.100067, 6006.763672>
SCRIPT       : 11:15:08.230 [EXPANSION DEBUG]: LoadMissionTradersFile trader ExpansionTraderNaomi<8a742500> fileName Vehicle_Parts
SCRIPT       : 11:15:08.238 [EXPANSION DEBUG]: ExpansionTraderJose<8a727290>::SetTraderObject ExpansionTraderObjectBase<d54732a0> <3699.629883, 402.010010, 5993.970215>
SCRIPT       : 11:15:08.238 [EXPANSION DEBUG]: LoadMissionTradersFile trader ExpansionTraderJose<8a727290> fileName Spraycans
SCRIPT       : 11:15:08.246 [EXPANSION DEBUG]: ExpansionTraderLinda<8a746310>::SetTraderObject ExpansionTraderObjectBase<d55da460> <3674.669922, 406.760010, 5990.390137>
SCRIPT       : 11:15:08.246 [EXPANSION DEBUG]: LoadMissionTradersFile trader ExpansionTraderLinda<8a746310> fileName Special
SCRIPT       : 11:15:08.253 [EXPANSION DEBUG]: ExpansionTraderNiki<8a74df30>::SetTraderObject ExpansionTraderObjectBase<d56bfcb0> <3699.030029, 402.013000, 5973.439941>
SCRIPT       : 11:15:08.253 [EXPANSION DEBUG]: LoadMissionTradersFile trader ExpansionTraderNiki<8a74df30> fileName BuildingSupplies
SCRIPT       : 11:15:08.261 [EXPANSION DEBUG]: ExpansionTraderFrancis<8a732cc0>::SetTraderObject ExpansionTraderObjectBase<d5761f80> <1153.964844, 6.463035, 2409.763184>
SCRIPT       : 11:15:08.261 [EXPANSION DEBUG]: LoadMissionTradersFile trader ExpansionTraderFrancis<8a732cc0> fileName Attachments
SCRIPT       : 11:15:08.269 [EXPANSION DEBUG]: ExpansionTraderKaito<8a74a120>::SetTraderObject ExpansionTraderObjectBase<d58665d0> <1117.021240, 5.495151, 2413.766357>
SCRIPT       : 11:15:08.269 [EXPANSION DEBUG]: LoadMissionTradersFile trader ExpansionTraderKaito<8a74a120> fileName Components
SCRIPT       : 11:15:08.277 [EXPANSION DEBUG]: ExpansionTraderCyril<8a751d40>::SetTraderObject ExpansionTraderObjectBase<d5883bd0> <1136.987427, 5.908522, 2439.662598>
SCRIPT       : 11:15:08.277 [EXPANSION DEBUG]: LoadMissionTradersFile trader ExpansionTraderCyril<8a751d40> fileName Clothing
SCRIPT       : 11:15:08.285 [EXPANSION DEBUG]: ExpansionTraderGuo<8a755b50>::SetTraderObject ExpansionTraderObjectBase<d59873d0> <1133.974854, 5.909700, 2442.412598>
SCRIPT       : 11:15:08.285 [EXPANSION DEBUG]: LoadMissionTradersFile trader ExpansionTraderGuo<8a755b50> fileName Clothing_Accessories
SCRIPT       : 11:15:08.292 [EXPANSION DEBUG]: ExpansionTraderBoris<8a759960>::SetTraderObject ExpansionTraderObjectBase<d5adad80> <1123.468262, 15.349299, 2426.316162>
SCRIPT       : 11:15:08.292 [EXPANSION DEBUG]: LoadMissionTradersFile trader ExpansionTraderBoris<8a759960> fileName Exchange
SCRIPT       : 11:15:08.296 [EXPANSION DEBUG]: ExpansionTraderLinda<d5b6d4c0>::SetTraderObject ExpansionTraderObjectBase<d5adfec0> <1135.892822, 5.908773, 2436.856689>
SCRIPT       : 11:15:08.296 [EXPANSION DEBUG]: LoadMissionTradersFile trader ExpansionTraderLinda<d5b6d4c0> fileName Consumables
SCRIPT       : 11:15:08.300 [EXPANSION DEBUG]: ExpansionTraderKeiko<d5b712d0>::SetTraderObject ExpansionTraderObjectBase<d5c1dc50> <1130.731689, 5.951744, 2438.009277>
SCRIPT       : 11:15:08.300 [EXPANSION DEBUG]: LoadMissionTradersFile trader ExpansionTraderKeiko<d5b712d0> fileName Medicals
SCRIPT       : 11:15:08.312 [EXPANSION DEBUG]: ExpansionTraderHelga<d5b56060>::SetTraderObject ExpansionTraderObjectBase<d5cf8910> <1141.654419, 5.906255, 2421.591309>
SCRIPT       : 11:15:08.312 [EXPANSION DEBUG]: LoadMissionTradersFile trader ExpansionTraderHelga<d5b56060> fileName Special
SCRIPT       : 11:15:08.316 [EXPANSION DEBUG]: ExpansionTraderFrida<d5b61a90>::SetTraderObject ExpansionTraderObjectBase<d5d97c10> <1120.135132, 5.600746, 2417.465820>
SCRIPT       : 11:15:08.316 [EXPANSION DEBUG]: LoadMissionTradersFile trader ExpansionTraderFrida<d5b61a90> fileName Vehicles
SCRIPT       : 11:15:08.324 [EXPANSION DEBUG]: ExpansionTraderHassan<d5b750e0>::SetTraderObject ExpansionTraderObjectBase<d5e45940> <1123.977905, 5.639271, 2417.411865>
SCRIPT       : 11:15:08.324 [EXPANSION DEBUG]: LoadMissionTradersFile trader ExpansionTraderHassan<d5b750e0> fileName Vehicle_Parts
SCRIPT       : 11:15:08.328 [EXPANSION DEBUG]: ExpansionTraderDenis<d5b658a0>::SetTraderObject ExpansionTraderObjectBase<d5e4ab20> <1156.719727, 6.513331, 2406.355225>
SCRIPT       : 11:15:08.328 [EXPANSION DEBUG]: LoadMissionTradersFile trader ExpansionTraderDenis<d5b658a0> fileName Weapons
SCRIPT       : 11:15:08.332 [EXPANSION DEBUG]: ExpansionTraderGabi<d5b696b0>::SetTraderObject ExpansionTraderObjectBase<d8dbd0b0> <1135.689941, 5.900000, 2423.300049>
SCRIPT       : 11:15:08.332 [EXPANSION DEBUG]: LoadMissionTradersFile trader ExpansionTraderGabi<d5b696b0> fileName BuildingSupplies
SCRIPT       : 11:15:08.339 [EXPANSION DEBUG]: ExpansionTraderFrancis<d5b59e70>::SetTraderObject ExpansionTraderObjectBase<d8dc2240> <11835.901367, 140.617874, 12474.744141>
SCRIPT       : 11:15:08.339 [EXPANSION DEBUG]: LoadMissionTradersFile trader ExpansionTraderFrancis<d5b59e70> fileName Attachments
SCRIPT       : 11:15:08.339 [EXPANSION DEBUG]: ExpansionTraderLinda<d5b5dc80>::SetTraderObject ExpansionTraderObjectBase<d8dc7970> <11856.716797, 140.565109, 12461.438477>
SCRIPT       : 11:15:08.339 [EXPANSION DEBUG]: LoadMissionTradersFile trader ExpansionTraderLinda<d5b5dc80> fileName Consumables
SCRIPT       : 11:15:08.343 [EXPANSION DEBUG]: ExpansionTraderCyril<d5b90350>::SetTraderObject ExpansionTraderObjectBase<d8dccce0> <11855.000000, 140.605103, 12466.099609>
SCRIPT       : 11:15:08.343 [EXPANSION DEBUG]: LoadMissionTradersFile trader ExpansionTraderCyril<d5b90350> fileName Clothing
SCRIPT       : 11:15:08.347 [EXPANSION DEBUG]: ExpansionTraderGuo<d5b8c540>::SetTraderObject ExpansionTraderObjectBase<d9002f40> <11855.200195, 140.605103, 12470.487305>
SCRIPT       : 11:15:08.347 [EXPANSION DEBUG]: LoadMissionTradersFile trader ExpansionTraderGuo<d5b8c540> fileName Clothing_Accessories
SCRIPT       : 11:15:08.347 [EXPANSION DEBUG]: ExpansionTraderKaito<d5b78ef0>::SetTraderObject ExpansionTraderObjectBase<d90079f0> <11849.400391, 140.605087, 12466.200195>
SCRIPT       : 11:15:08.347 [EXPANSION DEBUG]: LoadMissionTradersFile trader ExpansionTraderKaito<d5b78ef0> fileName Components
SCRIPT       : 11:15:08.351 [EXPANSION DEBUG]: ExpansionTraderBoris<d5b7cd00>::SetTraderObject ExpansionTraderObjectBase<d900cd10> <11858.202148, 140.615112, 12463.234375>
SCRIPT       : 11:15:08.351 [EXPANSION DEBUG]: LoadMissionTradersFile trader ExpansionTraderBoris<d5b7cd00> fileName Exchange
SCRIPT       : 11:15:08.351 [EXPANSION DEBUG]: ExpansionTraderKeiko<d5b80b10>::SetTraderObject ExpansionTraderObjectBase<d9013160> <11853.218750, 140.605087, 12463.277344>
SCRIPT       : 11:15:08.351 [EXPANSION DEBUG]: LoadMissionTradersFile trader ExpansionTraderKeiko<d5b80b10> fileName Medicals
SCRIPT       : 11:15:08.355 [EXPANSION DEBUG]: ExpansionTraderGabi<d5b88730>::SetTraderObject ExpansionTraderObjectBase<d9018890> <11833.200195, 140.605118, 12461.700195>
SCRIPT       : 11:15:08.355 [EXPANSION DEBUG]: LoadMissionTradersFile trader ExpansionTraderGabi<d5b88730> fileName Special
SCRIPT       : 11:15:08.363 [EXPANSION DEBUG]: ExpansionTraderElias<d5b84920>::SetTraderObject ExpansionTraderObjectBase<d90dc8d0> <11877.799805, 140.134796, 12441.599609>
SCRIPT       : 11:15:08.363 [EXPANSION DEBUG]: LoadMissionTradersFile trader ExpansionTraderElias<d5b84920> fileName Vehicles
SCRIPT       : 11:15:08.367 [EXPANSION DEBUG]: ExpansionTraderHassan<d906d580>::SetTraderObject ExpansionTraderObjectBase<d90e0ca0> <11878.674805, 140.134796, 12424.302734>
SCRIPT       : 11:15:08.367 [EXPANSION DEBUG]: LoadMissionTradersFile trader ExpansionTraderHassan<d906d580> fileName Vehicle_Parts
SCRIPT       : 11:15:08.367 [EXPANSION DEBUG]: ExpansionTraderDenis<d90849e0>::SetTraderObject ExpansionTraderObjectBase<d90e66a0> <11833.576172, 140.605072, 12469.492188>
SCRIPT       : 11:15:08.367 [EXPANSION DEBUG]: LoadMissionTradersFile trader ExpansionTraderDenis<d90849e0> fileName Weapons
SCRIPT       : 11:15:08.371 [EXPANSION DEBUG]: ExpansionTraderLinda<d90751a0>::SetTraderObject ExpansionTraderObjectBase<d91b3d80> <11852.194336, 140.660980, 12472.387695>
SCRIPT       : 11:15:08.371 [EXPANSION DEBUG]: LoadMissionTradersFile trader ExpansionTraderLinda<d90751a0> fileName BuildingSupplies
SCRIPT       : 11:15:08.378 [EXPANSION DEBUG]: ExpansionTraderManua<d9080bd0>::SetTraderObject ExpansionTraderObjectBase<d91d2690> <11879.722656, 140.094788, 12435.959961>
SCRIPT       : 11:15:08.378 [EXPANSION DEBUG]: LoadMissionTradersFile trader ExpansionTraderManua<d9080bd0> fileName Spraycans
SCRIPT       : 11:15:08.386 [EXPANSION DEBUG]: ExpansionTraderIrena<d90887f0>::SetTraderObject ExpansionTraderObjectBase<d93a97b0> <12160.279297, 140.580765, 12689.783203>
SCRIPT       : 11:15:08.386 [EXPANSION DEBUG]: LoadMissionTradersFile trader ExpansionTraderIrena<d90887f0> fileName Aircraft
SCRIPT       : [ExpansionQuestPersistentServerData] Load existing configuration file:$profile:ExpansionMod\Quests\PersistentServerData.json
SCRIPT       : [ExpansionQuestPersistentServerData] Load existing configuration file:$profile:ExpansionMod\Quests\PersistentServerData.json
SCRIPT       : [ExpansionQuestObjectiveTravelConfig] Load existing configuration file:$profile:ExpansionMod\Quests\Objectives\Travel\Objective_T_1.json
SCRIPT       : [ExpansionQuestObjectiveTravelConfig] Load existing configuration file:$profile:ExpansionMod\Quests\Objectives\Travel\Objective_T_2.json
SCRIPT       : [ExpansionQuestObjectiveTravelConfig] Load existing configuration file:$profile:ExpansionMod\Quests\Objectives\Travel\Objective_T_3.json
SCRIPT       : [ExpansionQuestObjectiveTravelConfig] Load existing configuration file:$profile:ExpansionMod\Quests\Objectives\Travel\Objective_T_4.json
SCRIPT       : [ExpansionQuestObjectiveTargetConfig] Load existing configuration file:$profile:ExpansionMod\Quests\Objectives\Target\Objective_TA_1.json
SCRIPT       : [ExpansionQuestObjectiveTargetConfig] Load existing configuration file:$profile:ExpansionMod\Quests\Objectives\Target\Objective_TA_2.json
SCRIPT       : [ExpansionQuestObjectiveTargetConfig] Load existing configuration file:$profile:ExpansionMod\Quests\Objectives\Target\Objective_TA_3.json
SCRIPT       : [ExpansionQuestObjectiveTargetConfig] Load existing configuration file:$profile:ExpansionMod\Quests\Objectives\Target\Objective_TA_4.json
SCRIPT       : [ExpansionQuestObjectiveDeliveryConfig] Load existing configuration file:$profile:ExpansionMod\Quests\Objectives\Delivery\Objective_D_1.json
SCRIPT       : [ExpansionQuestObjectiveDeliveryConfig] Load existing configuration file:$profile:ExpansionMod\Quests\Objectives\Delivery\Objective_D_2.json
SCRIPT       : [ExpansionQuestObjectiveCollectionConfig] Load existing configuration file:$profile:ExpansionMod\Quests\Objectives\Collection\Objective_C_1.json
SCRIPT       : [ExpansionQuestObjectiveCollectionConfig] Load existing configuration file:$profile:ExpansionMod\Quests\Objectives\Collection\Objective_C_2.json
SCRIPT       : [ExpansionQuestObjectiveCollectionConfig] Load existing configuration file:$profile:ExpansionMod\Quests\Objectives\Collection\Objective_C_3.json
SCRIPT       : [ExpansionQuestObjectiveTreasureHuntConfig] Load existing configuration file:$profile:ExpansionMod\Quests\Objectives\TreasureHunt\Objective_TH_1.json
SCRIPT       : [ExpansionQuestObjectiveActionConfig] Load existing configuration file:$profile:ExpansionMod\Quests\Objectives\Action\Objective_A_1.json
SCRIPT       : [ExpansionQuestObjectiveActionConfig] Load existing configuration file:$profile:ExpansionMod\Quests\Objectives\Action\Objective_A_2.json
SCRIPT       : [ExpansionQuestObjectiveCraftingConfig] Load existing configuration file:$profile:ExpansionMod\Quests\Objectives\Crafting\Objective_CR_1.json
SCRIPT       : [ExpansionQuestObjectiveAIPatrolConfig] Load existing configuration file:$profile:ExpansionMod\Quests\Objectives\AIPatrol\Objective_AIP_1.json
SCRIPT       : [ExpansionQuestObjectiveAICampConfig] Load existing configuration file:$profile:ExpansionMod\Quests\Objectives\AICamp\Objective_AIC_1.json
SCRIPT       : [ExpansionQuestObjectiveAIEscortConfig] Load existing configuration file:$profile:ExpansionMod\Quests\Objectives\AIVIP\Objective_AIESCORT_1.json
SCRIPT       : [ExpansionQuestNPCData] Load existing configuration file:QuestNPC_1.json
SCRIPT       : [ExpansionQuestNPCData] Load existing configuration file:QuestNPC_2.json
SCRIPT       : [ExpansionQuestNPCData] Load existing configuration file:QuestNPC_3.json
SCRIPT       : 11:15:24.148 [EXPANSION DEBUG]: ExpansionP2PTraderAIIrena<3537d40>::SetP2PTraderID - ID: 1
SCRIPT       : ExpansionZonePolygon<47783e30> position=<12015.854492, 0.000000, 12591.097656> radius=419.633
SCRIPT       : ExpansionZoneCircle<551bdbe0> position=<1143.140015, 0.000000, 2423.270020> radius=700
SCRIPT       : ExpansionZoneCircle<551bdfa0> position=<3728.270020, 0.000000, 6003.600098> radius=500
SCRIPT       : Found 3 zones!
SCRIPT       : ExpansionMarketItem marketItem = ExpansionMarketItem<abeaeb00>
SCRIPT       : int worth =   1
SCRIPT       : 11:15:24.218 [EXPANSION DEBUG]: ExpansionQuestNPCAIDenis<35b7e40>::OnEnterSafeZone
SCRIPT       : bool m_Expansion_LeavingSafeZone = 0
SCRIPT       : bool m_Expansion_IsInSafeZone = 0
SCRIPT       : bool m_Expansion_IsInSafeZoneSynchRemote = 0
SCRIPT       : 11:15:24.218 [EXPANSION DEBUG]: ExpansionP2PTraderAIIrena<3537d40>::OnEnterSafeZone
SCRIPT       : bool m_Expansion_LeavingSafeZone = 0
SCRIPT       : bool m_Expansion_IsInSafeZone = 0
SCRIPT       : bool m_Expansion_IsInSafeZoneSynchRemote = 0
SCRIPT       : [emote] ExpansionP2PTraderAIIrena:043 play emote id=46 IH=null
SCRIPT       : 11:15:25.777 [EXPANSION DEBUG]: ExpansionItemSpawnHelper::Clone - created AK101:030825 at location { type=HANDS item=AK101:030800 parent=ExpansionQuestNPCAIDenis:044 }
SCRIPT       : 11:15:25.777 [EXPANSION DEBUG]: ExpansionItemSpawnHelper::Clone - created AK_WoodBttstck:030826 at location { type=ATTACHMENT item=null parent=AK101:030825 slot=weaponButtstockAK }
SCRIPT       : 11:15:25.777 [EXPANSION DEBUG]: ExpansionItemSpawnHelper::Clone - created AK_WoodHndgrd:030827 at location { type=ATTACHMENT item=null parent=AK101:030825 slot=weaponHandguardAK }
SCRIPT       : 11:15:25.777 [EXPANSION DEBUG]: ExpansionItemSpawnHelper::Clone - created PSO1Optic:030828 at location { type=ATTACHMENT item=null parent=AK101:030825 slot=weaponOpticsAK }
SCRIPT       : 11:15:25.777 [EXPANSION DEBUG]: ExpansionItemSpawnHelper::Clone - created Battery9V:030829 at location { type=ATTACHMENT item=null parent=PSO1Optic:030828 slot=BatteryD }
SCRIPT       : 11:15:25.781 [EXPANSION DEBUG]: ExpansionItemSpawnHelper::Clone - created Mag_AK101_30Rnd:030830 at location { type=ATTACHMENT item=null parent=AK101:030825 slot=magazine }
SCRIPT       : [emote] ExpansionQuestNPCAIDenis:044 play emote id=46 IH=AK101:030825
SCRIPT       : 11:15:26.789 [EXPANSION DEBUG]: ExpansionItemSpawnHelper::Clone - created AugShort:030801 at location { type=HANDS item=AugShort:030811 parent=ExpansionQuestNPCAIElias:045 }
SCRIPT       : 11:15:26.789 [EXPANSION DEBUG]: ExpansionItemSpawnHelper::Clone - created Mag_Aug_30Rnd:030800 at location { type=ATTACHMENT item=null parent=AugShort:030801 slot=magazine }
SCRIPT       : 11:15:26.789 [EXPANSION DEBUG]: ExpansionItemSpawnHelper::Clone - created AugOptic:030805 at location { type=ATTACHMENT item=null parent=AugShort:030801 slot=weaponOpticsAug }
SCRIPT       : [emote] ExpansionQuestNPCAIElias:045 play emote id=14 IH=AugShort:030801
SCRIPT       : 11:15:55.578 [EXPANSION DEBUG]: ExpansionHardlineModule<f5f72f30> ::LoadPlayerData - Loaded player hardline data for player Blorpus9000[3I2KPiMwtNrbRzLe964-q3OrI2Ligr9LBcsFxmVIl3Q=]
SCRIPT       : ---- PlayerBase OnStoreLoad SUCCESS ----
SCRIPT       : 11:16:07.906 [EXPANSION DEBUG]: ExpansionQuestModule<f8c36ec0> Sending 21 quest configs to client with UID: 3I2KPiMwtNrbRzLe964-q3OrI2Ligr9LBcsFxmVIl3Q=
SCRIPT       : 11:16:07.906 [EXPANSION DEBUG]: ExpansionQuestModule<f8c36ec0> Sending player quest data for 4 quests to player with UID: 3I2KPiMwtNrbRzLe964-q3OrI2Ligr9LBcsFxmVIl3Q=
SCRIPT       : 11:17:09.343 [EXTRACE] +ExpansionKillFeedModule<e8ab9ee0>::OnPlayerKilled SurvivorBase<6e179480> SurvivorBase<6e179480>
SCRIPT       : 11:17:09.343 [EXTRACE] -ExpansionKillFeedModule<e8ab9ee0>::OnPlayerKilled SurvivorBase<6e179480> SurvivorBase<6e179480> 0.4021 ms
SCRIPT       : 11:17:24.679 [EXPANSION DEBUG]: ExpansionQuestModule<f8c36ec0> Quest configs already synched for player with UID: 3I2KPiMwtNrbRzLe964-q3OrI2Ligr9LBcsFxmVIl3Q=
SCRIPT       : 11:17:24.679 [EXPANSION DEBUG]: ExpansionQuestModule<f8c36ec0> Sending player quest data for 4 quests to player with UID: 3I2KPiMwtNrbRzLe964-q3OrI2Ligr9LBcsFxmVIl3Q=
SCRIPT       : [Logout]: New player 3I2KPiMwtNrbRzLe964-q3OrI2Ligr9LBcsFxmVIl3Q= with logout time 3
SCRIPT       : [emote] SurvivorM_Denis:047 play emote id=14 IH=null
SCRIPT       : 11:17:41.488 [EXPANSION DEBUG]: ExpansionQuestPersistentData<6d2fd520> ~ExpansionQuestPersistentData (4)
SCRIPT       : [Logout]: Player 3I2KPiMwtNrbRzLe964-q3OrI2Ligr9LBcsFxmVIl3Q= finished
