---------------------------------------------
Log C:\Program Files (x86)\Steam\steamapps\common\DayZServerAug2\config\script_2023-08-08_15-47-38.log started at 08.08. 15:47:39

SCRIPT       : Registered 397 temporary action enum(s), UAN==397
SCRIPT       : Registering faction type eAIFactionShamans ID -1484989417
SCRIPT       : Registering faction type eAIFactionObservers ID -563736721
SCRIPT       : Registering faction type eAIFactionInvincibleObservers ID -1227299746
SCRIPT       : Registering faction type eAIFactionEast ID 90522109
SCRIPT       : Registering faction type eAIFactionGuards ID 963933710
SCRIPT       : Registering faction type eAIFactionRaiders ID 1535276022
SCRIPT       : Registering faction type eAIFactionMercenaries ID 1629891834
SCRIPT       : Registering faction type eAIFactionWest ID 113880155
SCRIPT       : Registering faction type eAIFactionCivilian ID 1096178351
SCRIPT       : Registering faction type eAIFactionPassive ID -1159399789
SCRIPT       : Registering faction type eAIFactionInvincibleGuards ID 782746017
SCRIPT       : ... Backlit Effects Enabled
SCRIPT       : 15:47:40 [EXPANSION LOG]: DayZGame<8ed600a0> Start time (local time) 2023-08-08 15:47:36
SCRIPT       : 15:47:40 [EXPANSION LOG]: DayZGame<8ed600a0> Start time (UTC) 2023-08-08 20:47:36
SCRIPT       : 15:47:40 [EXPANSION LOG]: DayZGame<8ed600a0> Runtime since start (seconds) 4.327
SCRIPT    (W): @"JM/COT/Scripts/4_World/communityonlinetools\classes\webhook\jmwebhookdiscordmessage.c,19": Possible variable name conflict 'username'
SCRIPT    (W): @"JM/COT/Scripts/4_World/communityonlinetools\classes\webhook\jmwebhookdiscordmessage.c,19": Possible variable name conflict 'avatar_url'
SCRIPT    (W): @"JM/COT/Scripts/4_World/communityonlinetools\classes\webhook\jmwebhookdiscordmessage.c,19": Possible variable name conflict 'content'
SCRIPT    (W): @"JM/COT/Scripts/4_World/communityonlinetools\classes\webhook\jmwebhookdiscordmessage.c,151": Possible variable name conflict 'url'
SCRIPT    (W): @"JM/COT/Scripts/4_World/communityonlinetools\classes\webhook\jmwebhookdiscordmessage.c,172": Possible variable name conflict 'url'
SCRIPT    (W): @"JM/COT/Scripts/4_World/communityonlinetools\classes\webhook\jmwebhookdiscordmessage.c,180": Possible variable name conflict 'url'
SCRIPT       : Expansion version: 1.8.20
SCRIPT       : 15:47:54.871 [EXPANSION DEBUG]: [ExpansionDebugSettings] Load existing setting file:$profile:ExpansionMod\Settings\DebugSettings.json
SCRIPT       : 15:47:54.871 [EXPANSION DEBUG]: [ExpansionLogSettings] Load existing setting file:$profile:ExpansionMod\Settings\LogsSettings.json
SCRIPT       : 15:47:54.871 [EXPANSION DEBUG]: [ExpansionNotificationSettings] Load existing setting file:$profile:ExpansionMod\Settings\NotificationSettings.json
SCRIPT       : 15:47:54.871 [EXPANSION DEBUG]: [ExpansionMonitoringSettings] Load existing setting file:$profile:ExpansionMod\Settings\MonitoringSettings.json
SCRIPT       : 15:47:54.871 [EXPANSION DEBUG]: [ExpansionDamageSystemSettings] Load existing setting file:$profile:ExpansionMod\Settings\DamageSystemSettings.json
SCRIPT       : 15:47:54.871 [EXPANSION DEBUG]: [ExpansionPartySettings] Load existing setting file:$profile:ExpansionMod\Settings\PartySettings.json
SCRIPT       : 15:47:54.871 [EXPANSION DEBUG]: [ExpansionHardlineSettings] Load existing setting file:$mission:expansion\settings\HardlineSettings.json
SCRIPT       : 15:47:54.875 [EXPANSION DEBUG]: [ExpansionMarketSettings] Load existing setting file:$mission:expansion\settings\MarketSettings.json
SCRIPT       : ExpansionMarketSettings::LoadCategories - Adding category ID 1 (Ammo)
SCRIPT       : ExpansionMarketSettings::LoadCategories - Adding category ID 2 (Ammo_Boxes)
SCRIPT       : ExpansionMarketSettings::LoadCategories - Adding category ID 3 (Armbands)
SCRIPT       : ExpansionMarketSettings::LoadCategories - Adding category ID 4 (Assault_Rifles)
SCRIPT       : ExpansionMarketSettings::LoadCategories - Adding category ID 5 (Backpacks)
SCRIPT       : ExpansionMarketSettings::LoadCategories - Adding category ID 6 (Bandanas)
SCRIPT       : ExpansionMarketSettings::LoadCategories - Adding category ID 7 (Batteries)
SCRIPT       : ExpansionMarketSettings::LoadCategories - Adding category ID 8 (Bayonets)
SCRIPT       : ExpansionMarketSettings::LoadCategories - Adding category ID 9 (Belts)
SCRIPT       : ExpansionMarketSettings::LoadCategories - Adding category ID 10 (Blouses_And_Suits)
SCRIPT       : ExpansionMarketSettings::LoadCategories - Adding category ID 11 (Boats)
SCRIPT       : ExpansionMarketSettings::LoadCategories - Adding category ID 12 (Boots_And_Shoes)
SCRIPT       : ExpansionMarketSettings::LoadCategories - Adding category ID 13 (Buttstocks)
SCRIPT       : ExpansionMarketSettings::LoadCategories - Adding category ID 14 (Caps)
SCRIPT       : ExpansionMarketSettings::LoadCategories - Adding category ID 15 (Cars)
SCRIPT       : ExpansionMarketSettings::LoadCategories - Adding category ID 16 (Coats_And_Jackets)
SCRIPT       : ExpansionMarketSettings::LoadCategories - Adding category ID 17 (Containers)
SCRIPT       : ExpansionMarketSettings::LoadCategories - Adding category ID 18 (Crossbows)
SCRIPT       : ExpansionMarketSettings::LoadCategories - Adding category ID 19 (Drinks)
SCRIPT       : ExpansionMarketSettings::LoadCategories - Adding category ID 20 (Electronics)
SCRIPT       : ExpansionMarketSettings::LoadCategories - Adding category ID 21 (Event)
SCRIPT       : ExpansionMarketSettings::LoadCategories - Adding category ID 22 (Exchange)
SCRIPT       : ExpansionMarketSettings::LoadCategories - Adding category ID 23 (Explosives_And_Grenades)
SCRIPT       : ExpansionMarketSettings::LoadCategories - Adding category ID 24 (Eyewear)
SCRIPT       : ExpansionMarketSettings::LoadCategories - Adding category ID 25 (Fish)
SCRIPT       : ExpansionMarketSettings::LoadCategories - Adding category ID 26 (Fishing)
SCRIPT       : ExpansionMarketSettings::LoadCategories - Adding category ID 27 (Flags)
SCRIPT       : ExpansionMarketSettings::LoadCategories - Adding category ID 28 (Food)
SCRIPT       : ExpansionMarketSettings::LoadCategories - Adding category ID 29 (Fruit_And_Vegetables)
SCRIPT       : ExpansionMarketSettings::LoadCategories - Adding category ID 30 (Furnishings)
SCRIPT       : ExpansionMarketSettings::LoadCategories - Adding category ID 31 (Gardening)
SCRIPT       : ExpansionMarketSettings::LoadCategories - Adding category ID 32 (Ghillies)
SCRIPT       : ExpansionMarketSettings::LoadCategories - Adding category ID 33 (Gloves)
SCRIPT       : ExpansionMarketSettings::LoadCategories - Adding category ID 34 (Handguards)
SCRIPT       : ExpansionMarketSettings::LoadCategories - Adding category ID 35 (Hats_And_Hoods)
SCRIPT       : ExpansionMarketSettings::LoadCategories - Adding category ID 36 (Helicopters)
SCRIPT       : ExpansionMarketSettings::LoadCategories - Adding category ID 37 (Helmets)
SCRIPT       : ExpansionMarketSettings::LoadCategories - Adding category ID 38 (Holsters_And_Pouches)
SCRIPT       : ExpansionMarketSettings::LoadCategories - Adding category ID 39 (Kits)
SCRIPT       : ExpansionMarketSettings::LoadCategories - Adding category ID 40 (Knifes)
SCRIPT       : ExpansionMarketSettings::LoadCategories - Adding category ID 41 (Launchers)
SCRIPT       : ExpansionMarketSettings::LoadCategories - Adding category ID 42 (Lights)
SCRIPT       : ExpansionMarketSettings::LoadCategories - Adding category ID 43 (Liquids)
SCRIPT       : ExpansionMarketSettings::LoadCategories - Adding category ID 44 (Locks)
SCRIPT       : ExpansionMarketSettings::LoadCategories - Adding category ID 45 (Magazines)
SCRIPT       : ExpansionMarketSettings::LoadCategories - Adding category ID 46 (Masks)
SCRIPT       : ExpansionMarketSettings::LoadCategories - Adding category ID 47 (Meat)
SCRIPT       : ExpansionMarketSettings::LoadCategories - Adding category ID 48 (Medical)
SCRIPT       : ExpansionMarketSettings::LoadCategories - Adding category ID 49 (Melee_Weapons)
SCRIPT       : ExpansionMarketSettings::LoadCategories - Adding category ID 50 (Muzzles)
SCRIPT       : ExpansionMarketSettings::LoadCategories - Adding category ID 51 (Navigation)
SCRIPT       : ExpansionMarketSettings::LoadCategories - Adding category ID 52 (Optics)
SCRIPT       : ExpansionMarketSettings::LoadCategories - Adding category ID 53 (Pants_And_Shorts)
SCRIPT       : ExpansionMarketSettings::LoadCategories - Adding category ID 54 (Pistols)
SCRIPT       : ExpansionMarketSettings::LoadCategories - Adding category ID 55 (Rifles)
SCRIPT       : ExpansionMarketSettings::LoadCategories - Adding category ID 56 (Shirts_And_TShirts)
SCRIPT       : ExpansionMarketSettings::LoadCategories - Adding category ID 57 (Shotguns)
SCRIPT       : ExpansionMarketSettings::LoadCategories - Adding category ID 58 (Skirts_And_Dresses)
SCRIPT       : ExpansionMarketSettings::LoadCategories - Adding category ID 59 (Sniper_Rifles)
SCRIPT       : ExpansionMarketSettings::LoadCategories - Adding category ID 60 (Spraycans)
SCRIPT       : ExpansionMarketSettings::LoadCategories - Adding category ID 61 (Submachine_Guns)
SCRIPT       : ExpansionMarketSettings::LoadCategories - Adding category ID 62 (Supplies)
SCRIPT       : ExpansionMarketSettings::LoadCategories - Adding category ID 63 (Sweaters_And_Hoodies)
SCRIPT       : ExpansionMarketSettings::LoadCategories - Adding category ID 64 (Tents)
SCRIPT       : ExpansionMarketSettings::LoadCategories - Adding category ID 65 (Tools)
SCRIPT       : ExpansionMarketSettings::LoadCategories - Adding category ID 66 (Vehicle_Parts)
SCRIPT       : ExpansionMarketSettings::LoadCategories - Adding category ID 67 (Vests)
SCRIPT       : 15:47:54.996 [EXPANSION DEBUG]: [ExpansionAirdropSettings] Load existing setting file:$profile:ExpansionMod\Settings\AirdropSettings.json
SCRIPT       : 15:47:55.113 [EXPANSION DEBUG]: [ExpansionMissionSettings] Load existing setting file:$profile:ExpansionMod\Settings\MissionSettings.json
SCRIPT       : 15:47:55.113 [EXPANSION DEBUG]: [ExpansionMapSettings] Load existing setting file:$mission:expansion\settings\MapSettings.json
SCRIPT       : 15:47:55.125 [EXPANSION DEBUG]: [ExpansionPersonalStorageNewSettings] Load existing setting file:$profile:ExpansionMod\Settings\PersonalStorageNewSettings.json
SCRIPT       : 15:47:55.125 [EXPANSION DEBUG]: [ExpansionGeneralSettings] Load existing setting file:$profile:ExpansionMod\Settings\GeneralSettings.json
SCRIPT       : 15:47:55.125 [EXPANSION DEBUG]: [ExpansionPlayerListSettings] Load existing setting file:$profile:ExpansionMod\Settings\PlayerListSettings.json
SCRIPT       : 15:47:55.125 [EXPANSION DEBUG]: [ExpansionSocialMediaSettings] Load existing setting file:$profile:ExpansionMod\Settings\SocialMediaSettings.json
SCRIPT       : 15:47:55.125 [EXPANSION DEBUG]: [ExpansionSpawnSettings] Load existing setting file:$mission:expansion\settings\SpawnSettings.json
SCRIPT       : 15:47:55.128 [EXPANSION DEBUG]: [ExpansionVehicleSettings] Load existing setting file:$profile:ExpansionMod\Settings\VehicleSettings.json
SCRIPT       : 15:47:55.128 [EXPANSION DEBUG]: [ExpansionAISettings] Load existing setting file:$profile:ExpansionMod\Settings\AISettings.json
SCRIPT       : 15:47:55.128 [EXPANSION DEBUG]: [ExpansionAIPatrolSettings] Load existing setting file:$mission:expansion\settings\AIPatrolSettings.json
SCRIPT       : 15:47:55.132 [EXPANSION DEBUG]: [ExpansionBaseBuildingSettings] Load existing setting file:$mission:expansion\settings\BaseBuildingSettings.json
SCRIPT       : 15:47:55.136 [EXPANSION DEBUG]: [ExpansionRaidSettings] Load existing setting file:$profile:ExpansionMod\Settings\RaidSettings.json
SCRIPT       : 15:47:55.136 [EXPANSION DEBUG]: [ExpansionTerritorySettings] Load existing setting file:$profile:ExpansionMod\Settings\TerritorySettings.json
SCRIPT       : 15:47:55.136 [EXPANSION DEBUG]: [ExpansionChatSettings] Load existing setting file:$profile:ExpansionMod\Settings\ChatSettings.json
SCRIPT       : [DefineTest] EXPANSIONMOD is defined
SCRIPT       : [DefineTest] EXPANSIONMODAI is defined
SCRIPT       : [DefineTest] EXPANSIONMODANIMATIONS is defined
SCRIPT       : [DefineTest] EXPANSIONMODBASEBUILDING is defined
SCRIPT       : [DefineTest] EXPANSIONMODBOOK is defined
SCRIPT       : [DefineTest] EXPANSIONMODCHAT is defined
SCRIPT       : [DefineTest] EXPANSIONMODCORE is defined
SCRIPT       : [DefineTest] EXPANSIONMODGARAGE is defined
SCRIPT       : [DefineTest] EXPANSIONMODGROUPS is defined
SCRIPT       : [DefineTest] EXPANSIONMODHARDLINE is defined
SCRIPT       : [DefineTest] EXPANSIONMODKILLFEED is defined
SCRIPT       : [DefineTest] EXPANSIONMODMAPASSETS is defined
SCRIPT       : [DefineTest] EXPANSIONMODMARKET is defined
SCRIPT       : [DefineTest] EXPANSIONMODMISSIONS is defined
SCRIPT       : [DefineTest] EXPANSIONMODNAMETAGS is defined
SCRIPT       : [DefineTest] EXPANSIONMODNAVIGATION is defined
SCRIPT       : [DefineTest] EXPANSIONMODP2PMARKET is defined
SCRIPT       : [DefineTest] EXPANSIONMODPERSONALSTORAGE is defined
SCRIPT       : [DefineTest] EXPANSIONMODQUESTS is defined
SCRIPT       : [DefineTest] EXPANSIONMODSPAWNSELECTION is defined
SCRIPT       : [DefineTest] EXPANSIONMODVEHICLE is defined
SCRIPT       : [DefineTest] EXPANSIONMODWEAPONS is defined
SCRIPT       : [DefineTest] CfgMods:
SCRIPT       : defaultAction
SCRIPT       : DayZ
SCRIPT       : DZ_Expansion_AI_Preload
SCRIPT       : DZ_Expansion_Animations_Preload
SCRIPT       : DZ_Expansion_BaseBuilding_Preload
SCRIPT       : DZ_Expansion_Book_Preload
SCRIPT       : DZ_Expansion_Chat_Preload
SCRIPT       : DZ_Expansion_Core_Preload
SCRIPT       : DZ_Expansion_Garage_Preload
SCRIPT       : DZ_Expansion_Groups_Preload
SCRIPT       : DZ_Expansion_Hardline_Preload
SCRIPT       : DZ_Expansion_KillFeed_Preload
SCRIPT       : DZ_Expansion_MapAssets_Preload
SCRIPT       : DZ_Expansion_Market_Preload
SCRIPT       : DZ_Expansion_Missions_Preload
SCRIPT       : DZ_Expansion_ModStorage_Preload
SCRIPT       : DZ_Expansion_NameTags_Preload
SCRIPT       : DZ_Expansion_Navigation_Preload
SCRIPT       : DZ_Expansion_P2PMarket_Preload
SCRIPT       : DZ_Expansion_PersonalStorage_Preload
SCRIPT       : DZ_Expansion_Preload
SCRIPT       : DZ_Expansion_Quests_Preload
SCRIPT       : DZ_Expansion_SpawnSelection_Preload
SCRIPT       : DZ_Expansion_Vehicles_Preload
SCRIPT       : DZ_Expansion_Weapons_Preload
SCRIPT       : DZ_DabsFramework
SCRIPT       : DZ_Expansion_DefineTest
SCRIPT       : DZ_Expansion_MapAssets
SCRIPT       : bliss
SCRIPT       : JM_CommunityFramework
SCRIPT       : JM_CommunityOnlineTools
SCRIPT       : PvZmoD_CustomisableZombies
SCRIPT       : BoostZombiesVisionAddon
SCRIPT       : DZ_Expansion_ModStorage
SCRIPT       : DZ_Expansion_Core
SCRIPT       : DZ_Expansion_Garage
SCRIPT       : DZ_Expansion_Groups
SCRIPT       : DZ_Expansion_Market
SCRIPT       : DZ_Expansion_Missions
SCRIPT       : DZ_Expansion_NameTags
SCRIPT       : DZ_Expansion_Navigation
SCRIPT       : DZ_Expansion_NotificationScheduler
SCRIPT       : DZ_Expansion_P2PMarket
SCRIPT       : DZ_Expansion_PersonalStorage
SCRIPT       : DZ_Expansion_PersonalStorageNew
SCRIPT       : DZ_Expansion_PlayerList
SCRIPT       : DZ_Expansion
SCRIPT       : DZ_Expansion_SpawnSelection
SCRIPT       : DZ_Expansion_VanillaFixes
SCRIPT       : DZ_Expansion_Vehicles
SCRIPT       : DZ_Expansion_Weapons
SCRIPT       : DZ_Expansion_AI
SCRIPT       : DZ_Expansion_BaseBuilding
SCRIPT       : DZ_Expansion_Book
SCRIPT       : DZ_Expansion_Chat
SCRIPT       : DZ_Expansion_Hardline
SCRIPT       : DZ_Expansion_Quests
SCRIPT       : DZ_Expansion_VirtualContainerStorage
SCRIPT       : DayZ_Expansion_AI_Dynamic
SCRIPT       : 15:47:55.472 [EXPANSION DEBUG]: ModStorage v5
SCRIPT       : 15:47:58.199 [EXPANSION DEBUG]: ExpansionTraderJudy<52f9a020>::SetTraderObject ExpansionTraderObjectBase<cc386900> <4973.928711, 9.510984, 2436.782959>
SCRIPT       : 15:47:58.199 [EXPANSION DEBUG]: LoadMissionTradersFile trader ExpansionTraderJudy<52f9a020> fileName Aircraft
SCRIPT       : 15:47:58.210 [EXPANSION DEBUG]: ExpansionTraderJose<28f4a010>::SetTraderObject ExpansionTraderObjectBase<cc5745a0> <14353.624023, 3.326771, 13229.217773>
SCRIPT       : 15:47:58.210 [EXPANSION DEBUG]: LoadMissionTradersFile trader ExpansionTraderJose<28f4a010> fileName Boats
SCRIPT       : 15:47:58.218 [EXPANSION DEBUG]: ExpansionTraderEva<cc706800>::SetTraderObject ExpansionTraderObjectBase<cc70cc50> <14378.793945, 3.325975, 13271.585938>
SCRIPT       : 15:47:58.218 [EXPANSION DEBUG]: LoadMissionTradersFile trader ExpansionTraderEva<cc706800> fileName Fishing
SCRIPT       : 15:47:58.226 [EXPANSION DEBUG]: ExpansionTraderLewis<a4c84020>::SetTraderObject ExpansionTraderObjectBase<cc7288b0> <1756.656372, 1.415564, 2027.359741>
SCRIPT       : 15:47:58.226 [EXPANSION DEBUG]: LoadMissionTradersFile trader ExpansionTraderLewis<a4c84020> fileName Boats
SCRIPT       : 15:47:58.226 [EXPANSION DEBUG]: LoadMissionTradersFile trader ExpansionTraderStaticBase<a4abbba0> fileName Exchange
SCRIPT       : 15:47:58.246 [EXPANSION DEBUG]: ExpansionTraderDenis<5fd1a2b0>::SetTraderObject ExpansionTraderObjectBase<cc8c3250> <3697.249512, 402.010010, 5977.625488>
SCRIPT       : 15:47:58.246 [EXPANSION DEBUG]: LoadMissionTradersFile trader ExpansionTraderDenis<5fd1a2b0> fileName Clothing
SCRIPT       : 15:47:58.261 [EXPANSION DEBUG]: ExpansionTraderMaria<7cbf8ff0>::SetTraderObject ExpansionTraderObjectBase<cc9eba90> <3696.455811, 402.010010, 5980.193359>
SCRIPT       : 15:47:58.261 [EXPANSION DEBUG]: LoadMissionTradersFile trader ExpansionTraderMaria<7cbf8ff0> fileName Clothing_Accessories
SCRIPT       : 15:47:58.277 [EXPANSION DEBUG]: ExpansionTraderQuinn<ccadd010>::SetTraderObject ExpansionTraderObjectBase<ccafd270> <3710.121826, 402.010010, 5976.164063>
SCRIPT       : 15:47:58.277 [EXPANSION DEBUG]: LoadMissionTradersFile trader ExpansionTraderQuinn<ccadd010> fileName Consumables
SCRIPT       : 15:47:58.292 [EXPANSION DEBUG]: ExpansionTraderNaomi<cc7bb810>::SetTraderObject ExpansionTraderObjectBase<d4e12770> <3708.786865, 402.010010, 5974.589844>
SCRIPT       : 15:47:58.292 [EXPANSION DEBUG]: LoadMissionTradersFile trader ExpansionTraderNaomi<cc7bb810> fileName Weapons
SCRIPT       : 15:47:58.308 [EXPANSION DEBUG]: ExpansionTraderSeth<8b2e5c90>::SetTraderObject ExpansionTraderObjectBase<d4f84b20> <3710.265137, 402.010010, 5973.340820>
SCRIPT       : 15:47:58.308 [EXPANSION DEBUG]: LoadMissionTradersFile trader ExpansionTraderSeth<8b2e5c90> fileName Attachments
SCRIPT       : 15:47:58.316 [EXPANSION DEBUG]: ExpansionTraderRolf<8b2e1e80>::SetTraderObject ExpansionTraderObjectBase<d5108130> <3698.172607, 402.010010, 5995.337402>
SCRIPT       : 15:47:58.316 [EXPANSION DEBUG]: LoadMissionTradersFile trader ExpansionTraderRolf<8b2e1e80> fileName Vehicles
SCRIPT       : 15:47:58.335 [EXPANSION DEBUG]: ExpansionTraderIndar<8b2ed8b0>::SetTraderObject ExpansionTraderObjectBase<d52248b0> <3714.531006, 402.138000, 5961.776367>
SCRIPT       : 15:47:58.335 [EXPANSION DEBUG]: LoadMissionTradersFile trader ExpansionTraderIndar<8b2ed8b0> fileName Components
SCRIPT       : 15:47:58.343 [EXPANSION DEBUG]: ExpansionTraderJudy<8b2d6450>::SetTraderObject ExpansionTraderObjectBase<d5231560> <3729.029541, 402.651001, 5969.476563>
SCRIPT       : 15:47:58.343 [EXPANSION DEBUG]: LoadMissionTradersFile trader ExpansionTraderJudy<8b2d6450> fileName Medicals
SCRIPT       : 15:47:58.343 [EXPANSION DEBUG]: ExpansionTraderNaomi<8b2da260>::SetTraderObject ExpansionTraderObjectBase<d52399e0> <3690.062988, 402.100067, 6006.763672>
SCRIPT       : 15:47:58.343 [EXPANSION DEBUG]: LoadMissionTradersFile trader ExpansionTraderNaomi<8b2da260> fileName Vehicle_Parts
SCRIPT       : 15:47:58.351 [EXPANSION DEBUG]: ExpansionTraderJose<8b310740>::SetTraderObject ExpansionTraderObjectBase<d523e120> <3699.629883, 402.010010, 5993.970215>
SCRIPT       : 15:47:58.351 [EXPANSION DEBUG]: LoadMissionTradersFile trader ExpansionTraderJose<8b310740> fileName Spraycans
SCRIPT       : 15:47:58.359 [EXPANSION DEBUG]: ExpansionTraderLinda<8b308b20>::SetTraderObject ExpansionTraderObjectBase<d5406b60> <3674.669922, 406.760010, 5990.390137>
SCRIPT       : 15:47:58.359 [EXPANSION DEBUG]: LoadMissionTradersFile trader ExpansionTraderLinda<8b308b20> fileName Special
SCRIPT       : 15:47:58.371 [EXPANSION DEBUG]: ExpansionTraderNiki<8b2f92e0>::SetTraderObject ExpansionTraderObjectBase<d552e570> <3699.030029, 402.013000, 5973.439941>
SCRIPT       : 15:47:58.371 [EXPANSION DEBUG]: LoadMissionTradersFile trader ExpansionTraderNiki<8b2f92e0> fileName BuildingSupplies
SCRIPT       : 15:47:58.378 [EXPANSION DEBUG]: ExpansionTraderFrancis<8b30c930>::SetTraderObject ExpansionTraderObjectBase<d5647020> <1153.964844, 6.463035, 2409.763184>
SCRIPT       : 15:47:58.378 [EXPANSION DEBUG]: LoadMissionTradersFile trader ExpansionTraderFrancis<8b30c930> fileName Attachments
SCRIPT       : 15:47:58.382 [EXPANSION DEBUG]: ExpansionTraderKaito<8b2f54d0>::SetTraderObject ExpansionTraderObjectBase<d575a400> <1117.021240, 5.495151, 2413.766357>
SCRIPT       : 15:47:58.382 [EXPANSION DEBUG]: LoadMissionTradersFile trader ExpansionTraderKaito<8b2f54d0> fileName Components
SCRIPT       : 15:47:58.390 [EXPANSION DEBUG]: ExpansionTraderCyril<8b2fd0f0>::SetTraderObject ExpansionTraderObjectBase<d57e6c40> <1136.987427, 5.908522, 2439.662598>
SCRIPT       : 15:47:58.390 [EXPANSION DEBUG]: LoadMissionTradersFile trader ExpansionTraderCyril<8b2fd0f0> fileName Clothing
SCRIPT       : 15:47:58.398 [EXPANSION DEBUG]: ExpansionTraderGuo<8b304d10>::SetTraderObject ExpansionTraderObjectBase<d58a36c0> <1133.974854, 5.909700, 2442.412598>
SCRIPT       : 15:47:58.402 [EXPANSION DEBUG]: LoadMissionTradersFile trader ExpansionTraderGuo<8b304d10> fileName Clothing_Accessories
SCRIPT       : 15:47:58.406 [EXPANSION DEBUG]: ExpansionTraderBoris<8b300f00>::SetTraderObject ExpansionTraderObjectBase<d5994a90> <1123.468262, 15.349299, 2426.316162>
SCRIPT       : 15:47:58.406 [EXPANSION DEBUG]: LoadMissionTradersFile trader ExpansionTraderBoris<8b300f00> fileName Exchange
SCRIPT       : 15:47:58.410 [EXPANSION DEBUG]: ExpansionTraderLinda<d58ff060>::SetTraderObject ExpansionTraderObjectBase<d5999b30> <1135.892822, 5.908773, 2436.856689>
SCRIPT       : 15:47:58.410 [EXPANSION DEBUG]: LoadMissionTradersFile trader ExpansionTraderLinda<d58ff060> fileName Consumables
SCRIPT       : 15:47:58.414 [EXPANSION DEBUG]: ExpansionTraderKeiko<d5906c80>::SetTraderObject ExpansionTraderObjectBase<d5aa6720> <1130.731689, 5.951744, 2438.009277>
SCRIPT       : 15:47:58.414 [EXPANSION DEBUG]: LoadMissionTradersFile trader ExpansionTraderKeiko<d5906c80> fileName Medicals
SCRIPT       : 15:47:58.421 [EXPANSION DEBUG]: ExpansionTraderHelga<d59126b0>::SetTraderObject ExpansionTraderObjectBase<d5c26780> <1141.654419, 5.906255, 2421.591309>
SCRIPT       : 15:47:58.421 [EXPANSION DEBUG]: LoadMissionTradersFile trader ExpansionTraderHelga<d59126b0> fileName Special
SCRIPT       : 15:47:58.429 [EXPANSION DEBUG]: ExpansionTraderFrida<d591e0e0>::SetTraderObject ExpansionTraderObjectBase<d5d74b20> <1120.135132, 5.600746, 2417.465820>
SCRIPT       : 15:47:58.429 [EXPANSION DEBUG]: LoadMissionTradersFile trader ExpansionTraderFrida<d591e0e0> fileName Vehicles
SCRIPT       : 15:47:58.437 [EXPANSION DEBUG]: ExpansionTraderHassan<d590aa90>::SetTraderObject ExpansionTraderObjectBase<d8c11ae0> <1123.977905, 5.639271, 2417.411865>
SCRIPT       : 15:47:58.437 [EXPANSION DEBUG]: LoadMissionTradersFile trader ExpansionTraderHassan<d590aa90> fileName Vehicle_Parts
SCRIPT       : 15:47:58.441 [EXPANSION DEBUG]: ExpansionTraderDenis<d590e8a0>::SetTraderObject ExpansionTraderObjectBase<d8c15a00> <1156.719727, 6.513331, 2406.355225>
SCRIPT       : 15:47:58.441 [EXPANSION DEBUG]: LoadMissionTradersFile trader ExpansionTraderDenis<d590e8a0> fileName Weapons
SCRIPT       : 15:47:58.445 [EXPANSION DEBUG]: ExpansionTraderGabi<d59164c0>::SetTraderObject ExpansionTraderObjectBase<d8cf2020> <1135.689941, 5.900000, 2423.300049>
SCRIPT       : 15:47:58.445 [EXPANSION DEBUG]: LoadMissionTradersFile trader ExpansionTraderGabi<d59164c0> fileName BuildingSupplies
SCRIPT       : 15:47:58.449 [EXPANSION DEBUG]: ExpansionTraderFrancis<d591a2d0>::SetTraderObject ExpansionTraderObjectBase<d8cf5860> <11835.901367, 140.617874, 12474.744141>
SCRIPT       : 15:47:58.449 [EXPANSION DEBUG]: LoadMissionTradersFile trader ExpansionTraderFrancis<d591a2d0> fileName Attachments
SCRIPT       : 15:47:58.453 [EXPANSION DEBUG]: ExpansionTraderLinda<d5902e70>::SetTraderObject ExpansionTraderObjectBase<d8cfb490> <11856.716797, 140.565109, 12461.438477>
SCRIPT       : 15:47:58.453 [EXPANSION DEBUG]: LoadMissionTradersFile trader ExpansionTraderLinda<d5902e70> fileName Consumables
SCRIPT       : 15:47:58.453 [EXPANSION DEBUG]: ExpansionTraderCyril<d5921ef0>::SetTraderObject ExpansionTraderObjectBase<d8d005d0> <11855.000000, 140.605103, 12466.099609>
SCRIPT       : 15:47:58.453 [EXPANSION DEBUG]: LoadMissionTradersFile trader ExpansionTraderCyril<d5921ef0> fileName Clothing
SCRIPT       : 15:47:58.460 [EXPANSION DEBUG]: ExpansionTraderGuo<d5939350>::SetTraderObject ExpansionTraderObjectBase<d8d05760> <11855.200195, 140.605103, 12470.487305>
SCRIPT       : 15:47:58.460 [EXPANSION DEBUG]: LoadMissionTradersFile trader ExpansionTraderGuo<d5939350> fileName Clothing_Accessories
SCRIPT       : 15:47:58.460 [EXPANSION DEBUG]: ExpansionTraderKaito<d5935540>::SetTraderObject ExpansionTraderObjectBase<d8d0a5d0> <11849.400391, 140.605087, 12466.200195>
SCRIPT       : 15:47:58.460 [EXPANSION DEBUG]: LoadMissionTradersFile trader ExpansionTraderKaito<d5935540> fileName Components
SCRIPT       : 15:47:58.464 [EXPANSION DEBUG]: ExpansionTraderBoris<d5925d00>::SetTraderObject ExpansionTraderObjectBase<d8d0f760> <11858.202148, 140.615112, 12463.234375>
SCRIPT       : 15:47:58.464 [EXPANSION DEBUG]: LoadMissionTradersFile trader ExpansionTraderBoris<d5925d00> fileName Exchange
SCRIPT       : 15:47:58.464 [EXPANSION DEBUG]: ExpansionTraderKeiko<d5929b10>::SetTraderObject ExpansionTraderObjectBase<d8e658a0> <11853.218750, 140.605087, 12463.277344>
SCRIPT       : 15:47:58.464 [EXPANSION DEBUG]: LoadMissionTradersFile trader ExpansionTraderKeiko<d5929b10> fileName Medicals
SCRIPT       : 15:47:58.468 [EXPANSION DEBUG]: ExpansionTraderGabi<d5931730>::SetTraderObject ExpansionTraderObjectBase<d8e6af80> <11833.200195, 140.605118, 12461.700195>
SCRIPT       : 15:47:58.468 [EXPANSION DEBUG]: LoadMissionTradersFile trader ExpansionTraderGabi<d5931730> fileName Special
SCRIPT       : 15:47:58.476 [EXPANSION DEBUG]: ExpansionTraderElias<d592d920>::SetTraderObject ExpansionTraderObjectBase<d8f63f60> <11877.799805, 140.134796, 12441.599609>
SCRIPT       : 15:47:58.476 [EXPANSION DEBUG]: LoadMissionTradersFile trader ExpansionTraderElias<d592d920> fileName Vehicles
SCRIPT       : 15:47:58.480 [EXPANSION DEBUG]: ExpansionTraderHassan<d8ed56b0>::SetTraderObject ExpansionTraderObjectBase<d8f6a0e0> <11878.674805, 140.134796, 12424.302734>
SCRIPT       : 15:47:58.480 [EXPANSION DEBUG]: LoadMissionTradersFile trader ExpansionTraderHassan<d8ed56b0> fileName Vehicle_Parts
SCRIPT       : 15:47:58.480 [EXPANSION DEBUG]: ExpansionTraderDenis<d8ec2060>::SetTraderObject ExpansionTraderObjectBase<d8f6e460> <11833.576172, 140.605072, 12469.492188>
SCRIPT       : 15:47:58.480 [EXPANSION DEBUG]: LoadMissionTradersFile trader ExpansionTraderDenis<d8ec2060> fileName Weapons
SCRIPT       : 15:47:58.484 [EXPANSION DEBUG]: ExpansionTraderLinda<d8ec9c80>::SetTraderObject ExpansionTraderObjectBase<d8f73f50> <11852.194336, 140.660980, 12472.387695>
SCRIPT       : 15:47:58.484 [EXPANSION DEBUG]: LoadMissionTradersFile trader ExpansionTraderLinda<d8ec9c80> fileName BuildingSupplies
SCRIPT       : 15:47:58.492 [EXPANSION DEBUG]: ExpansionTraderManua<d8edd2d0>::SetTraderObject ExpansionTraderObjectBase<d9085cd0> <11879.722656, 140.094788, 12435.959961>
SCRIPT       : 15:47:58.492 [EXPANSION DEBUG]: LoadMissionTradersFile trader ExpansionTraderManua<d8edd2d0> fileName Spraycans
SCRIPT       : 15:47:58.500 [EXPANSION DEBUG]: ExpansionTraderIrena<d8ee10e0>::SetTraderObject ExpansionTraderObjectBase<d9148320> <12160.279297, 140.580765, 12689.783203>
SCRIPT       : 15:47:58.500 [EXPANSION DEBUG]: LoadMissionTradersFile trader ExpansionTraderIrena<d8ee10e0> fileName Aircraft
SCRIPT       : [ExpansionQuestPersistentServerData] Load existing configuration file:$profile:ExpansionMod\Quests\PersistentServerData.json
SCRIPT       : [ExpansionQuestPersistentServerData] Load existing configuration file:$profile:ExpansionMod\Quests\PersistentServerData.json
SCRIPT       : [ExpansionQuestObjectiveTravelConfig] Load existing configuration file:$profile:ExpansionMod\Quests\Objectives\Travel\Objective_T_1.json
SCRIPT       : [ExpansionQuestObjectiveTravelConfig] Load existing configuration file:$profile:ExpansionMod\Quests\Objectives\Travel\Objective_T_2.json
SCRIPT       : [ExpansionQuestObjectiveTravelConfig] Load existing configuration file:$profile:ExpansionMod\Quests\Objectives\Travel\Objective_T_3.json
SCRIPT       : [ExpansionQuestObjectiveTravelConfig] Load existing configuration file:$profile:ExpansionMod\Quests\Objectives\Travel\Objective_T_4.json
SCRIPT       : [ExpansionQuestObjectiveTargetConfig] Load existing configuration file:$profile:ExpansionMod\Quests\Objectives\Target\Objective_TA_1.json
SCRIPT       : [ExpansionQuestObjectiveTargetConfig] Load existing configuration file:$profile:ExpansionMod\Quests\Objectives\Target\Objective_TA_2.json
SCRIPT       : [ExpansionQuestObjectiveTargetConfig] Load existing configuration file:$profile:ExpansionMod\Quests\Objectives\Target\Objective_TA_3.json
SCRIPT       : [ExpansionQuestObjectiveTargetConfig] Load existing configuration file:$profile:ExpansionMod\Quests\Objectives\Target\Objective_TA_4.json
SCRIPT       : [ExpansionQuestObjectiveDeliveryConfig] Load existing configuration file:$profile:ExpansionMod\Quests\Objectives\Delivery\Objective_D_1.json
SCRIPT       : [ExpansionQuestObjectiveDeliveryConfig] Load existing configuration file:$profile:ExpansionMod\Quests\Objectives\Delivery\Objective_D_2.json
SCRIPT       : [ExpansionQuestObjectiveCollectionConfig] Load existing configuration file:$profile:ExpansionMod\Quests\Objectives\Collection\Objective_C_1.json
SCRIPT       : [ExpansionQuestObjectiveCollectionConfig] Load existing configuration file:$profile:ExpansionMod\Quests\Objectives\Collection\Objective_C_2.json
SCRIPT       : [ExpansionQuestObjectiveCollectionConfig] Load existing configuration file:$profile:ExpansionMod\Quests\Objectives\Collection\Objective_C_3.json
SCRIPT       : [ExpansionQuestObjectiveTreasureHuntConfig] Load existing configuration file:$profile:ExpansionMod\Quests\Objectives\TreasureHunt\Objective_TH_1.json
SCRIPT       : [ExpansionQuestObjectiveActionConfig] Load existing configuration file:$profile:ExpansionMod\Quests\Objectives\Action\Objective_A_1.json
SCRIPT       : [ExpansionQuestObjectiveActionConfig] Load existing configuration file:$profile:ExpansionMod\Quests\Objectives\Action\Objective_A_2.json
SCRIPT       : [ExpansionQuestObjectiveCraftingConfig] Load existing configuration file:$profile:ExpansionMod\Quests\Objectives\Crafting\Objective_CR_1.json
SCRIPT       : [ExpansionQuestObjectiveAIPatrolConfig] Load existing configuration file:$profile:ExpansionMod\Quests\Objectives\AIPatrol\Objective_AIP_1.json
SCRIPT       : [ExpansionQuestObjectiveAICampConfig] Load existing configuration file:$profile:ExpansionMod\Quests\Objectives\AICamp\Objective_AIC_1.json
SCRIPT       : [ExpansionQuestObjectiveAIEscortConfig] Load existing configuration file:$profile:ExpansionMod\Quests\Objectives\AIVIP\Objective_AIESCORT_1.json
SCRIPT       : [ExpansionQuestNPCData] Load existing configuration file:QuestNPC_1.json
SCRIPT       : [ExpansionQuestNPCData] Load existing configuration file:QuestNPC_2.json
SCRIPT       : [ExpansionQuestNPCData] Load existing configuration file:QuestNPC_3.json
SCRIPT       : 15:48:15.378 [EXPANSION DEBUG]: ExpansionP2PTraderAIIrena<587ddd0>::SetP2PTraderID - ID: 1
SCRIPT       : ExpansionZonePolygon<481230c0> position=<12015.854492, 0.000000, 12591.097656> radius=419.633
SCRIPT       : ExpansionZoneCircle<5a995440> position=<1143.140015, 0.000000, 2423.270020> radius=700
SCRIPT       : ExpansionZoneCircle<5a9943c0> position=<3728.270020, 0.000000, 6003.600098> radius=500
SCRIPT       : Found 3 zones!
SCRIPT       : ExpansionMarketItem marketItem = ExpansionMarketItem<ab2615d0>
SCRIPT       : int worth =   1
SCRIPT       : 15:48:15.433 [EXPANSION DEBUG]: ExpansionQuestNPCAIDenis<575b1540>::OnEnterSafeZone
SCRIPT       : bool m_Expansion_LeavingSafeZone = 0
SCRIPT       : bool m_Expansion_IsInSafeZone = 0
SCRIPT       : bool m_Expansion_IsInSafeZoneSynchRemote = 0
SCRIPT       : 15:48:15.433 [EXPANSION DEBUG]: ExpansionP2PTraderAIIrena<587ddd0>::OnEnterSafeZone
SCRIPT       : bool m_Expansion_LeavingSafeZone = 0
SCRIPT       : bool m_Expansion_IsInSafeZone = 0
SCRIPT       : bool m_Expansion_IsInSafeZoneSynchRemote = 0
SCRIPT       : 15:48:16.906 [EXPANSION DEBUG]: ExpansionItemSpawnHelper::Clone - created Scout:030888 at location { type=HANDS item=Scout:030856 parent=ExpansionQuestNPCAIDenis:044 }
SCRIPT       : 15:48:16.906 [EXPANSION DEBUG]: ExpansionItemSpawnHelper::Clone - created ACOGOptic_6x:030889 at location { type=ATTACHMENT item=null parent=Scout:030888 slot=weaponOptics }
SCRIPT       : 15:48:16.906 [EXPANSION DEBUG]: ExpansionItemSpawnHelper::Clone - created Mag_Scout_5Rnd:030890 at location { type=ATTACHMENT item=null parent=Scout:030888 slot=magazine }
SCRIPT       : [emote] ExpansionP2PTraderAIIrena:043 play emote id=46 IH=null
SCRIPT       : [emote] ExpansionQuestNPCAIDenis:044 play emote id=46 IH=Scout:030888
SCRIPT       : 15:48:18.062 [EXPANSION DEBUG]: ExpansionItemSpawnHelper::Clone - created Scout:030857 at location { type=HANDS item=Scout:030871 parent=ExpansionQuestNPCAIElias:045 }
SCRIPT       : 15:48:18.062 [EXPANSION DEBUG]: ExpansionItemSpawnHelper::Clone - created ACOGOptic:030856 at location { type=ATTACHMENT item=null parent=Scout:030857 slot=weaponOptics }
SCRIPT       : 15:48:18.062 [EXPANSION DEBUG]: ExpansionItemSpawnHelper::Clone - created Mag_Scout_5Rnd:030858 at location { type=ATTACHMENT item=null parent=Scout:030857 slot=magazine }
SCRIPT       : [emote] ExpansionQuestNPCAIElias:045 play emote id=14 IH=Scout:030857
SCRIPT       : 15:48:50.023 [EXPANSION DEBUG]: ExpansionHardlineModule<894de580> ::LoadPlayerData - Loaded player hardline data for player Blorpus9000[3I2KPiMwtNrbRzLe964-q3OrI2Ligr9LBcsFxmVIl3Q=]
SCRIPT       : ---- PlayerBase OnStoreLoad SUCCESS ----
SCRIPT       : 15:49:00.953 [EXPANSION DEBUG]: ExpansionQuestModule<a3acdea0> Sending 21 quest configs to client with UID: 3I2KPiMwtNrbRzLe964-q3OrI2Ligr9LBcsFxmVIl3Q=
SCRIPT       : 15:49:00.953 [EXPANSION DEBUG]: ExpansionQuestModule<a3acdea0> Sending player quest data for 4 quests to player with UID: 3I2KPiMwtNrbRzLe964-q3OrI2Ligr9LBcsFxmVIl3Q=
SCRIPT       : [inv] ReplaceItemWithNewLambdaBase Step B) remove OK, loc={ type=HANDS item=AmmoBox_9x19_25rnd:030923 parent=SurvivorF_Gabi:046 }
SCRIPT       : UnboxLambda::SetupNewMagazine new_item=Ammo_9x19<81b55450> count=25
SCRIPT       : [inv] ReplaceItemWithNewLambdaBase Step B) remove OK, loc={ type=HANDS item=AmmoBox_9x19_25rnd:030922 parent=SurvivorF_Gabi:046 }
SCRIPT       : UnboxLambda::SetupNewMagazine new_item=Ammo_9x19<81b596b0> count=25
SCRIPT       : 15:50:57.492 [EXPANSION DEBUG]: ExpansionQuestModule<a3acdea0> Quest configs already synched for player with UID: 3I2KPiMwtNrbRzLe964-q3OrI2Ligr9LBcsFxmVIl3Q=
SCRIPT       : 15:50:57.492 [EXPANSION DEBUG]: ExpansionQuestModule<a3acdea0> Sending player quest data for quest ID 9 to player with UID: 3I2KPiMwtNrbRzLe964-q3OrI2Ligr9LBcsFxmVIl3Q=
SCRIPT       : 15:50:59.792 [EXPANSION DEBUG]: ExpansionQuestModule<a3acdea0> Quest configs already synched for player with UID: 3I2KPiMwtNrbRzLe964-q3OrI2Ligr9LBcsFxmVIl3Q=
SCRIPT       : 15:50:59.792 [EXPANSION DEBUG]: ExpansionQuestModule<a3acdea0> Sending player quest data for quest ID 9 to player with UID: 3I2KPiMwtNrbRzLe964-q3OrI2Ligr9LBcsFxmVIl3Q=
SCRIPT       : 15:52:27.011 [EXPANSION DEBUG]: ExpansionQuestModule<a3acdea0> Quest configs already synched for player with UID: 3I2KPiMwtNrbRzLe964-q3OrI2Ligr9LBcsFxmVIl3Q=
SCRIPT       : 15:52:27.011 [EXPANSION DEBUG]: ExpansionQuestModule<a3acdea0> Sending player quest data for quest ID 9 to player with UID: 3I2KPiMwtNrbRzLe964-q3OrI2Ligr9LBcsFxmVIl3Q=
SCRIPT       : 15:52:34.480 [EXPANSION DEBUG]: ExpansionQuestModule<a3acdea0> Quest configs already synched for player with UID: 3I2KPiMwtNrbRzLe964-q3OrI2Ligr9LBcsFxmVIl3Q=
SCRIPT       : 15:52:34.480 [EXPANSION DEBUG]: ExpansionQuestModule<a3acdea0> Sending player quest data for quest ID 9 to player with UID: 3I2KPiMwtNrbRzLe964-q3OrI2Ligr9LBcsFxmVIl3Q=
SCRIPT       : 15:52:37.777 [EXPANSION DEBUG]: ExpansionQuestModule<a3acdea0> Quest configs already synched for player with UID: 3I2KPiMwtNrbRzLe964-q3OrI2Ligr9LBcsFxmVIl3Q=
SCRIPT       : 15:52:37.777 [EXPANSION DEBUG]: ExpansionQuestModule<a3acdea0> Sending player quest data for quest ID 9 to player with UID: 3I2KPiMwtNrbRzLe964-q3OrI2Ligr9LBcsFxmVIl3Q=
SCRIPT       : 15:52:40.148 [EXPANSION DEBUG]: ExpansionQuestModule<a3acdea0> Quest configs already synched for player with UID: 3I2KPiMwtNrbRzLe964-q3OrI2Ligr9LBcsFxmVIl3Q=
SCRIPT       : 15:52:40.148 [EXPANSION DEBUG]: ExpansionQuestModule<a3acdea0> Sending player quest data for quest ID 9 to player with UID: 3I2KPiMwtNrbRzLe964-q3OrI2Ligr9LBcsFxmVIl3Q=
SCRIPT       : 15:52:42.777 [EXPANSION DEBUG]: ExpansionQuestModule<a3acdea0> Quest configs already synched for player with UID: 3I2KPiMwtNrbRzLe964-q3OrI2Ligr9LBcsFxmVIl3Q=
SCRIPT       : 15:52:42.777 [EXPANSION DEBUG]: ExpansionQuestModule<a3acdea0> Sending player quest data for quest ID 9 to player with UID: 3I2KPiMwtNrbRzLe964-q3OrI2Ligr9LBcsFxmVIl3Q=
SCRIPT       : 15:52:49.210 [EXPANSION DEBUG]: ExpansionQuestModule<a3acdea0> Quest configs already synched for player with UID: 3I2KPiMwtNrbRzLe964-q3OrI2Ligr9LBcsFxmVIl3Q=
SCRIPT       : 15:52:49.210 [EXPANSION DEBUG]: ExpansionQuestModule<a3acdea0> Sending player quest data for quest ID 9 to player with UID: 3I2KPiMwtNrbRzLe964-q3OrI2Ligr9LBcsFxmVIl3Q=
SCRIPT       : 15:52:56.277 [EXPANSION DEBUG]: ExpansionQuestModule<a3acdea0> Quest configs already synched for player with UID: 3I2KPiMwtNrbRzLe964-q3OrI2Ligr9LBcsFxmVIl3Q=
SCRIPT       : 15:52:56.277 [EXPANSION DEBUG]: ExpansionQuestModule<a3acdea0> Sending player quest data for quest ID 9 to player with UID: 3I2KPiMwtNrbRzLe964-q3OrI2Ligr9LBcsFxmVIl3Q=
SCRIPT       : [Logout]: New player 3I2KPiMwtNrbRzLe964-q3OrI2Ligr9LBcsFxmVIl3Q= with logout time 3
SCRIPT       : [emote] SurvivorF_Gabi:046 play emote id=14 IH=null
SCRIPT       : 15:53:05.070 [EXPANSION DEBUG]: ExpansionQuestPersistentData<70654830> ~ExpansionQuestPersistentData (4)
SCRIPT       : [Logout]: Player 3I2KPiMwtNrbRzLe964-q3OrI2Ligr9LBcsFxmVIl3Q= finished
