---------------------------------------------
Log C:\Program Files (x86)\Steam\steamapps\common\DayZServerAug2\config\script_2023-08-17_14-45-23.log started at 17.08. 14:45:23

SCRIPT       : Registered 397 temporary action enum(s), UAN==397
SCRIPT       : Registering faction type eAIFactionShamans ID -1484989417
SCRIPT       : Registering faction type eAIFactionObservers ID -563736721
SCRIPT       : Registering faction type eAIFactionInvincibleObservers ID -1227299746
SCRIPT       : Registering faction type eAIFactionEast ID 90522109
SCRIPT       : Registering faction type eAIFactionGuards ID 963933710
SCRIPT       : Registering faction type eAIFactionRaiders ID 1535276022
SCRIPT       : Registering faction type eAIFactionMercenaries ID 1629891834
SCRIPT       : Registering faction type eAIFactionWest ID 113880155
SCRIPT       : Registering faction type eAIFactionCivilian ID 1096178351
SCRIPT       : Registering faction type eAIFactionPassive ID -1159399789
SCRIPT       : Registering faction type eAIFactionInvincibleGuards ID 782746017
SCRIPT       : ... Backlit Effects Enabled
SCRIPT       : 14:45:24 [EXPANSION LOG]: DayZGame<fa044d20> Start time (local time) 2023-08-17 14:45:20
SCRIPT       : 14:45:24 [EXPANSION LOG]: DayZGame<fa044d20> Start time (UTC) 2023-08-17 19:45:20
SCRIPT       : 14:45:24 [EXPANSION LOG]: DayZGame<fa044d20> Runtime since start (seconds) 4.425
SCRIPT    (W): @"JM/COT/Scripts/4_World/communityonlinetools\classes\webhook\jmwebhookdiscordmessage.c,19": Possible variable name conflict 'username'
SCRIPT    (W): @"JM/COT/Scripts/4_World/communityonlinetools\classes\webhook\jmwebhookdiscordmessage.c,19": Possible variable name conflict 'avatar_url'
SCRIPT    (W): @"JM/COT/Scripts/4_World/communityonlinetools\classes\webhook\jmwebhookdiscordmessage.c,19": Possible variable name conflict 'content'
SCRIPT    (W): @"JM/COT/Scripts/4_World/communityonlinetools\classes\webhook\jmwebhookdiscordmessage.c,151": Possible variable name conflict 'url'
SCRIPT    (W): @"JM/COT/Scripts/4_World/communityonlinetools\classes\webhook\jmwebhookdiscordmessage.c,172": Possible variable name conflict 'url'
SCRIPT    (W): @"JM/COT/Scripts/4_World/communityonlinetools\classes\webhook\jmwebhookdiscordmessage.c,180": Possible variable name conflict 'url'
SCRIPT       : 14:45:39.167 [EXPANSION DEBUG]: [ExpansionDebugSettings] Load existing setting file:$profile:ExpansionMod\Settings\DebugSettings.json
SCRIPT       : 14:45:39.167 [EXPANSION DEBUG]: [ExpansionLogSettings] Load existing setting file:$profile:ExpansionMod\Settings\LogsSettings.json
SCRIPT       : 14:45:39.167 [EXPANSION DEBUG]: [ExpansionNotificationSettings] Load existing setting file:$profile:ExpansionMod\Settings\NotificationSettings.json
SCRIPT       : 14:45:39.167 [EXPANSION DEBUG]: [ExpansionMonitoringSettings] Load existing setting file:$profile:ExpansionMod\Settings\MonitoringSettings.json
SCRIPT       : 14:45:39.167 [EXPANSION DEBUG]: [ExpansionDamageSystemSettings] Load existing setting file:$profile:ExpansionMod\Settings\DamageSystemSettings.json
SCRIPT       : 14:45:39.167 [EXPANSION DEBUG]: [ExpansionPartySettings] Load existing setting file:$profile:ExpansionMod\Settings\PartySettings.json
SCRIPT       : 14:45:39.167 [EXPANSION DEBUG]: [ExpansionHardlineSettings] Load existing setting file:$mission:expansion\settings\HardlineSettings.json
SCRIPT       : 14:45:39.171 [EXPANSION DEBUG]: [ExpansionMarketSettings] Load existing setting file:$mission:expansion\settings\MarketSettings.json
SCRIPT       : ExpansionMarketSettings::LoadCategories - Adding category ID 1 (Ammo)
SCRIPT       : ExpansionMarketSettings::LoadCategories - Adding category ID 2 (Ammo_Boxes)
SCRIPT       : ExpansionMarketSettings::LoadCategories - Adding category ID 3 (Armbands)
SCRIPT       : ExpansionMarketSettings::LoadCategories - Adding category ID 4 (Assault_Rifles)
SCRIPT       : ExpansionMarketSettings::LoadCategories - Adding category ID 5 (Backpacks)
SCRIPT       : ExpansionMarketSettings::LoadCategories - Adding category ID 6 (Bandanas)
SCRIPT       : ExpansionMarketSettings::LoadCategories - Adding category ID 7 (Batteries)
SCRIPT       : ExpansionMarketSettings::LoadCategories - Adding category ID 8 (Bayonets)
SCRIPT       : ExpansionMarketSettings::LoadCategories - Adding category ID 9 (Belts)
SCRIPT       : ExpansionMarketSettings::LoadCategories - Adding category ID 10 (Blouses_And_Suits)
SCRIPT       : ExpansionMarketSettings::LoadCategories - Adding category ID 11 (Boats)
SCRIPT       : ExpansionMarketSettings::LoadCategories - Adding category ID 12 (Boots_And_Shoes)
SCRIPT       : ExpansionMarketSettings::LoadCategories - Adding category ID 13 (Buttstocks)
SCRIPT       : ExpansionMarketSettings::LoadCategories - Adding category ID 14 (Caps)
SCRIPT       : ExpansionMarketSettings::LoadCategories - Adding category ID 15 (Cars)
SCRIPT       : ExpansionMarketSettings::LoadCategories - Adding category ID 16 (Coats_And_Jackets)
SCRIPT       : ExpansionMarketSettings::LoadCategories - Adding category ID 17 (Containers)
SCRIPT       : ExpansionMarketSettings::LoadCategories - Adding category ID 18 (Crossbows)
SCRIPT       : ExpansionMarketSettings::LoadCategories - Adding category ID 19 (Drinks)
SCRIPT       : ExpansionMarketSettings::LoadCategories - Adding category ID 20 (Electronics)
SCRIPT       : ExpansionMarketSettings::LoadCategories - Adding category ID 21 (Event)
SCRIPT       : ExpansionMarketSettings::LoadCategories - Adding category ID 22 (Exchange)
SCRIPT       : ExpansionMarketSettings::LoadCategories - Adding category ID 23 (Explosives_And_Grenades)
SCRIPT       : ExpansionMarketSettings::LoadCategories - Adding category ID 24 (Eyewear)
SCRIPT       : ExpansionMarketSettings::LoadCategories - Adding category ID 25 (Fish)
SCRIPT       : ExpansionMarketSettings::LoadCategories - Adding category ID 26 (Fishing)
SCRIPT       : ExpansionMarketSettings::LoadCategories - Adding category ID 27 (Flags)
SCRIPT       : ExpansionMarketSettings::LoadCategories - Adding category ID 28 (Food)
SCRIPT       : ExpansionMarketSettings::LoadCategories - Adding category ID 29 (Fruit_And_Vegetables)
SCRIPT       : ExpansionMarketSettings::LoadCategories - Adding category ID 30 (Furnishings)
SCRIPT       : ExpansionMarketSettings::LoadCategories - Adding category ID 31 (Gardening)
SCRIPT       : ExpansionMarketSettings::LoadCategories - Adding category ID 32 (Ghillies)
SCRIPT       : ExpansionMarketSettings::LoadCategories - Adding category ID 33 (Gloves)
SCRIPT       : ExpansionMarketSettings::LoadCategories - Adding category ID 34 (Handguards)
SCRIPT       : ExpansionMarketSettings::LoadCategories - Adding category ID 35 (Hats_And_Hoods)
SCRIPT       : ExpansionMarketSettings::LoadCategories - Adding category ID 36 (Helicopters)
SCRIPT       : ExpansionMarketSettings::LoadCategories - Adding category ID 37 (Helmets)
SCRIPT       : ExpansionMarketSettings::LoadCategories - Adding category ID 38 (Holsters_And_Pouches)
SCRIPT       : ExpansionMarketSettings::LoadCategories - Adding category ID 39 (Kits)
SCRIPT       : ExpansionMarketSettings::LoadCategories - Adding category ID 40 (Knifes)
SCRIPT       : ExpansionMarketSettings::LoadCategories - Adding category ID 41 (Launchers)
SCRIPT       : ExpansionMarketSettings::LoadCategories - Adding category ID 42 (Lights)
SCRIPT       : ExpansionMarketSettings::LoadCategories - Adding category ID 43 (Liquids)
SCRIPT       : ExpansionMarketSettings::LoadCategories - Adding category ID 44 (Locks)
SCRIPT       : ExpansionMarketSettings::LoadCategories - Adding category ID 45 (Magazines)
SCRIPT       : ExpansionMarketSettings::LoadCategories - Adding category ID 46 (Masks)
SCRIPT       : ExpansionMarketSettings::LoadCategories - Adding category ID 47 (Meat)
SCRIPT       : ExpansionMarketSettings::LoadCategories - Adding category ID 48 (Medical)
SCRIPT       : ExpansionMarketSettings::LoadCategories - Adding category ID 49 (Melee_Weapons)
SCRIPT       : ExpansionMarketSettings::LoadCategories - Adding category ID 50 (MMG_Armored_Helmet_Visor)
SCRIPT       : ExpansionMarketSettings::LoadCategories - Adding category ID 51 (MMG_BackPacks)
SCRIPT       : ExpansionMarketSettings::LoadCategories - Adding category ID 52 (MMG_Belts)
SCRIPT       : ExpansionMarketSettings::LoadCategories - Adding category ID 53 (MMG_Boots)
SCRIPT       : ExpansionMarketSettings::LoadCategories - Adding category ID 54 (MMG_Bottle)
SCRIPT       : ExpansionMarketSettings::LoadCategories - Adding category ID 55 (MMG_Carbine)
SCRIPT       : ExpansionMarketSettings::LoadCategories - Adding category ID 56 (MMG_Chest_Rigs)
SCRIPT       : ExpansionMarketSettings::LoadCategories - Adding category ID 57 (MMG_Facemask)
SCRIPT       : ExpansionMarketSettings::LoadCategories - Adding category ID 58 (MMG_Gloves)
SCRIPT       : ExpansionMarketSettings::LoadCategories - Adding category ID 59 (MMG_Goggles)
SCRIPT       : ExpansionMarketSettings::LoadCategories - Adding category ID 60 (MMG_Headphones)
SCRIPT       : ExpansionMarketSettings::LoadCategories - Adding category ID 61 (MMG_Holsters)
SCRIPT       : ExpansionMarketSettings::LoadCategories - Adding category ID 62 (MMG_NBC)
SCRIPT       : ExpansionMarketSettings::LoadCategories - Adding category ID 63 (MMG_Pants)
SCRIPT       : ExpansionMarketSettings::LoadCategories - Adding category ID 64 (MMG_Patches)
SCRIPT       : ExpansionMarketSettings::LoadCategories - Adding category ID 65 (MMG_Plate_Carriers)
SCRIPT       : ExpansionMarketSettings::LoadCategories - Adding category ID 66 (MMG_Pouches)
SCRIPT       : ExpansionMarketSettings::LoadCategories - Adding category ID 67 (MMG_Shirts)
SCRIPT       : ExpansionMarketSettings::LoadCategories - Adding category ID 68 (MMG_Sniper_Boonie)
SCRIPT       : ExpansionMarketSettings::LoadCategories - Adding category ID 69 (Muzzles)
SCRIPT       : ExpansionMarketSettings::LoadCategories - Adding category ID 70 (Navigation)
SCRIPT       : ExpansionMarketSettings::LoadCategories - Adding category ID 71 (Optics)
SCRIPT       : ExpansionMarketSettings::LoadCategories - Adding category ID 72 (Pants_And_Shorts)
SCRIPT       : ExpansionMarketSettings::LoadCategories - Adding category ID 73 (Pistols)
SCRIPT       : ExpansionMarketSettings::LoadCategories - Adding category ID 74 (Rifles)
SCRIPT       : ExpansionMarketSettings::LoadCategories - Adding category ID 75 (Shirts_And_TShirts)
SCRIPT       : ExpansionMarketSettings::LoadCategories - Adding category ID 76 (Shotguns)
SCRIPT       : ExpansionMarketSettings::LoadCategories - Adding category ID 77 (Skirts_And_Dresses)
SCRIPT       : ExpansionMarketSettings::LoadCategories - Adding category ID 78 (Sniper_Rifles)
SCRIPT       : ExpansionMarketSettings::LoadCategories - Adding category ID 79 (Spraycans)
SCRIPT       : ExpansionMarketSettings::LoadCategories - Adding category ID 80 (Submachine_Guns)
SCRIPT       : ExpansionMarketSettings::LoadCategories - Adding category ID 81 (Supplies)
SCRIPT       : ExpansionMarketSettings::LoadCategories - Adding category ID 82 (Sweaters_And_Hoodies)
SCRIPT       : ExpansionMarketSettings::LoadCategories - Adding category ID 83 (Tents)
SCRIPT       : ExpansionMarketSettings::LoadCategories - Adding category ID 84 (Tools)
SCRIPT       : ExpansionMarketSettings::LoadCategories - Adding category ID 85 (Vehicle_Parts)
SCRIPT       : ExpansionMarketSettings::LoadCategories - Adding category ID 86 (Vests)
SCRIPT       : 14:45:39.320 [EXPANSION DEBUG]: [ExpansionAirdropSettings] Load existing setting file:$profile:ExpansionMod\Settings\AirdropSettings.json
SCRIPT       : 14:45:39.441 [EXPANSION DEBUG]: [ExpansionMissionSettings] Load existing setting file:$profile:ExpansionMod\Settings\MissionSettings.json
SCRIPT       : 14:45:39.441 [EXPANSION DEBUG]: [ExpansionMapSettings] Load existing setting file:$mission:expansion\settings\MapSettings.json
SCRIPT       : 14:45:39.453 [EXPANSION DEBUG]: [ExpansionPersonalStorageNewSettings] Load existing setting file:$profile:ExpansionMod\Settings\PersonalStorageNewSettings.json
SCRIPT       : 14:45:39.453 [EXPANSION DEBUG]: [ExpansionGeneralSettings] Load existing setting file:$profile:ExpansionMod\Settings\GeneralSettings.json
SCRIPT       : 14:45:39.453 [EXPANSION DEBUG]: [ExpansionPlayerListSettings] Load existing setting file:$profile:ExpansionMod\Settings\PlayerListSettings.json
SCRIPT       : 14:45:39.453 [EXPANSION DEBUG]: [ExpansionSocialMediaSettings] Load existing setting file:$profile:ExpansionMod\Settings\SocialMediaSettings.json
SCRIPT       : 14:45:39.453 [EXPANSION DEBUG]: [ExpansionSpawnSettings] Load existing setting file:$mission:expansion\settings\SpawnSettings.json
SCRIPT       : 14:45:39.453 [EXPANSION DEBUG]: [ExpansionVehicleSettings] Load existing setting file:$profile:ExpansionMod\Settings\VehicleSettings.json
SCRIPT       : 14:45:39.457 [EXPANSION DEBUG]: [ExpansionAISettings] Load existing setting file:$profile:ExpansionMod\Settings\AISettings.json
SCRIPT       : 14:45:39.457 [EXPANSION DEBUG]: [ExpansionAIPatrolSettings] Load existing setting file:$mission:expansion\settings\AIPatrolSettings.json
SCRIPT       : 14:45:39.460 [EXPANSION DEBUG]: [ExpansionBaseBuildingSettings] Load existing setting file:$mission:expansion\settings\BaseBuildingSettings.json
SCRIPT       : 14:45:39.460 [EXPANSION DEBUG]: [ExpansionRaidSettings] Load existing setting file:$profile:ExpansionMod\Settings\RaidSettings.json
SCRIPT       : 14:45:39.460 [EXPANSION DEBUG]: [ExpansionTerritorySettings] Load existing setting file:$profile:ExpansionMod\Settings\TerritorySettings.json
SCRIPT       : 14:45:39.464 [EXPANSION DEBUG]: [ExpansionChatSettings] Load existing setting file:$profile:ExpansionMod\Settings\ChatSettings.json
SCRIPT       : Expansion version: 1.8.21
SCRIPT       : [DefineTest] EXPANSIONMOD is defined
SCRIPT       : [DefineTest] EXPANSIONMODAI is defined
SCRIPT       : [DefineTest] EXPANSIONMODANIMATIONS is defined
SCRIPT       : [DefineTest] EXPANSIONMODBASEBUILDING is defined
SCRIPT       : [DefineTest] EXPANSIONMODBOOK is defined
SCRIPT       : [DefineTest] EXPANSIONMODCHAT is defined
SCRIPT       : [DefineTest] EXPANSIONMODCORE is defined
SCRIPT       : [DefineTest] EXPANSIONMODGARAGE is defined
SCRIPT       : [DefineTest] EXPANSIONMODGROUPS is defined
SCRIPT       : [DefineTest] EXPANSIONMODHARDLINE is defined
SCRIPT       : [DefineTest] EXPANSIONMODKILLFEED is defined
SCRIPT       : [DefineTest] EXPANSIONMODMAPASSETS is defined
SCRIPT       : [DefineTest] EXPANSIONMODMARKET is defined
SCRIPT       : [DefineTest] EXPANSIONMODMISSIONS is defined
SCRIPT       : [DefineTest] EXPANSIONMODNAMETAGS is defined
SCRIPT       : [DefineTest] EXPANSIONMODNAVIGATION is defined
SCRIPT       : [DefineTest] EXPANSIONMODP2PMARKET is defined
SCRIPT       : [DefineTest] EXPANSIONMODPERSONALSTORAGE is defined
SCRIPT       : [DefineTest] EXPANSIONMODQUESTS is defined
SCRIPT       : [DefineTest] EXPANSIONMODSPAWNSELECTION is defined
SCRIPT       : [DefineTest] EXPANSIONMODVEHICLE is defined
SCRIPT       : [DefineTest] EXPANSIONMODWEAPONS is defined
SCRIPT       : [DefineTest] CfgMods:
SCRIPT       : defaultAction
SCRIPT       : DayZ
SCRIPT       : DZ_Expansion_AI_Preload
SCRIPT       : DZ_Expansion_Animations_Preload
SCRIPT       : DZ_Expansion_BaseBuilding_Preload
SCRIPT       : DZ_Expansion_Book_Preload
SCRIPT       : DZ_Expansion_Chat_Preload
SCRIPT       : DZ_Expansion_Core_Preload
SCRIPT       : DZ_Expansion_Garage_Preload
SCRIPT       : DZ_Expansion_Groups_Preload
SCRIPT       : DZ_Expansion_Hardline_Preload
SCRIPT       : DZ_Expansion_KillFeed_Preload
SCRIPT       : DZ_Expansion_MapAssets_Preload
SCRIPT       : DZ_Expansion_Market_Preload
SCRIPT       : DZ_Expansion_Missions_Preload
SCRIPT       : DZ_Expansion_ModStorage_Preload
SCRIPT       : DZ_Expansion_NameTags_Preload
SCRIPT       : DZ_Expansion_Navigation_Preload
SCRIPT       : DZ_Expansion_P2PMarket_Preload
SCRIPT       : DZ_Expansion_PersonalStorage_Preload
SCRIPT       : DZ_Expansion_Preload
SCRIPT       : DZ_Expansion_Quests_Preload
SCRIPT       : DZ_Expansion_SpawnSelection_Preload
SCRIPT       : DZ_Expansion_Vehicles_Preload
SCRIPT       : DZ_Expansion_Weapons_Preload
SCRIPT       : DZ_DabsFramework
SCRIPT       : DZ_Expansion_DefineTest
SCRIPT       : DZ_Expansion_MapAssets
SCRIPT       : bliss
SCRIPT       : JM_CommunityFramework
SCRIPT       : JM_CommunityOnlineTools
SCRIPT       : PvZmoD_CustomisableZombies
SCRIPT       : BoostZombiesVisionAddon
SCRIPT       : DZ_Editor_Loader
SCRIPT       : DZ_Expansion_ModStorage
SCRIPT       : DZ_Expansion_Core
SCRIPT       : DZ_Expansion_Garage
SCRIPT       : DZ_Expansion_Groups
SCRIPT       : DZ_Expansion_Market
SCRIPT       : DZ_Expansion_Missions
SCRIPT       : DZ_Expansion_NameTags
SCRIPT       : DZ_Expansion_Navigation
SCRIPT       : DZ_Expansion_NotificationScheduler
SCRIPT       : DZ_Expansion_P2PMarket
SCRIPT       : DZ_Expansion_PersonalStorage
SCRIPT       : DZ_Expansion_PersonalStorageNew
SCRIPT       : DZ_Expansion_PlayerList
SCRIPT       : DZ_Expansion
SCRIPT       : DZ_Expansion_SpawnSelection
SCRIPT       : DZ_Expansion_VanillaFixes
SCRIPT       : DZ_Expansion_Vehicles
SCRIPT       : DZ_Expansion_Weapons
SCRIPT       : jpc_vest
SCRIPT       : DZ_Expansion_AI
SCRIPT       : DZ_Expansion_BaseBuilding
SCRIPT       : DZ_Expansion_Book
SCRIPT       : DZ_Expansion_Chat
SCRIPT       : DZ_Expansion_Hardline
SCRIPT       : DZ_Expansion_Quests
SCRIPT       : DZ_Expansion_VirtualContainerStorage
SCRIPT       : DayZ_Expansion_AI_Dynamic
SCRIPT       : 14:45:39.984 [EXPANSION DEBUG]: ModStorage v5
SCRIPT       : 14:45:42.847 [EXPANSION DEBUG]: ExpansionTraderJudy<5db64030>::SetTraderObject ExpansionTraderObjectBase<c9361f70> <4973.928711, 9.510984, 2436.782959>
SCRIPT       : 14:45:42.847 [EXPANSION DEBUG]: LoadMissionTradersFile trader ExpansionTraderJudy<5db64030> fileName Aircraft
SCRIPT       : 14:45:42.855 [EXPANSION DEBUG]: ExpansionTraderJose<c9610010>::SetTraderObject ExpansionTraderObjectBase<c9595b00> <14353.624023, 3.326771, 13229.217773>
SCRIPT       : 14:45:42.855 [EXPANSION DEBUG]: LoadMissionTradersFile trader ExpansionTraderJose<c9610010> fileName Boats
SCRIPT       : 14:45:42.863 [EXPANSION DEBUG]: ExpansionTraderEva<d3eb3060>::SetTraderObject ExpansionTraderObjectBase<c96a04e0> <14378.793945, 3.325975, 13271.585938>
SCRIPT       : 14:45:42.863 [EXPANSION DEBUG]: LoadMissionTradersFile trader ExpansionTraderEva<d3eb3060> fileName Fishing
SCRIPT       : 14:45:42.871 [EXPANSION DEBUG]: ExpansionTraderLewis<d3f6d800>::SetTraderObject ExpansionTraderObjectBase<d3f153c0> <1756.656372, 1.415564, 2027.359741>
SCRIPT       : 14:45:42.871 [EXPANSION DEBUG]: LoadMissionTradersFile trader ExpansionTraderLewis<d3f6d800> fileName Boats
SCRIPT       : 14:45:42.875 [EXPANSION DEBUG]: LoadMissionTradersFile trader ExpansionTraderStaticBase<aee3d800> fileName Exchange
SCRIPT       : 14:45:42.890 [EXPANSION DEBUG]: ExpansionTraderDenis<d4079400>::SetTraderObject ExpansionTraderObjectBase<d4027330> <3697.249512, 402.010010, 5977.625488>
SCRIPT       : 14:45:42.890 [EXPANSION DEBUG]: LoadMissionTradersFile trader ExpansionTraderDenis<d4079400> fileName Clothing
SCRIPT       : 14:45:42.906 [EXPANSION DEBUG]: ExpansionTraderMaria<d4101020>::SetTraderObject ExpansionTraderObjectBase<d4139540> <3696.455811, 402.010010, 5980.193359>
SCRIPT       : 14:45:42.906 [EXPANSION DEBUG]: LoadMissionTradersFile trader ExpansionTraderMaria<d4101020> fileName Clothing_Accessories
SCRIPT       : 14:45:42.921 [EXPANSION DEBUG]: ExpansionTraderQuinn<d42a7010>::SetTraderObject ExpansionTraderObjectBase<d4231cd0> <3710.121826, 402.010010, 5976.164063>
SCRIPT       : 14:45:42.921 [EXPANSION DEBUG]: LoadMissionTradersFile trader ExpansionTraderQuinn<d42a7010> fileName Consumables
SCRIPT       : 14:45:42.941 [EXPANSION DEBUG]: ExpansionTraderNaomi<d4380020>::SetTraderObject ExpansionTraderObjectBase<d439d710> <3708.786865, 402.010010, 5974.589844>
SCRIPT       : 14:45:42.941 [EXPANSION DEBUG]: LoadMissionTradersFile trader ExpansionTraderNaomi<d4380020> fileName Weapons
SCRIPT       : 14:45:42.957 [EXPANSION DEBUG]: ExpansionTraderSeth<8eec82c0>::SetTraderObject ExpansionTraderObjectBase<d46354d0> <3710.265137, 402.010010, 5973.340820>
SCRIPT       : 14:45:42.957 [EXPANSION DEBUG]: LoadMissionTradersFile trader ExpansionTraderSeth<8eec82c0> fileName Attachments
SCRIPT       : 14:45:42.968 [EXPANSION DEBUG]: ExpansionTraderRolf<8eedf720>::SetTraderObject ExpansionTraderObjectBase<d4650b90> <3698.172607, 402.010010, 5995.337402>
SCRIPT       : 14:45:42.968 [EXPANSION DEBUG]: LoadMissionTradersFile trader ExpansionTraderRolf<8eedf720> fileName Vehicles
SCRIPT       : 14:45:42.988 [EXPANSION DEBUG]: ExpansionTraderIndar<8eee3530>::SetTraderObject ExpansionTraderObjectBase<d488c6c0> <3714.531006, 402.138000, 5961.776367>
SCRIPT       : 14:45:42.988 [EXPANSION DEBUG]: LoadMissionTradersFile trader ExpansionTraderIndar<8eee3530> fileName Components
SCRIPT       : 14:45:42.992 [EXPANSION DEBUG]: ExpansionTraderJudy<8eee7340>::SetTraderObject ExpansionTraderObjectBase<d4892a70> <3729.029541, 402.651001, 5969.476563>
SCRIPT       : 14:45:42.992 [EXPANSION DEBUG]: LoadMissionTradersFile trader ExpansionTraderJudy<8eee7340> fileName Medicals
SCRIPT       : 14:45:42.992 [EXPANSION DEBUG]: ExpansionTraderNaomi<8eecc0d0>::SetTraderObject ExpansionTraderObjectBase<d489b3f0> <3690.062988, 402.100067, 6006.763672>
SCRIPT       : 14:45:42.992 [EXPANSION DEBUG]: LoadMissionTradersFile trader ExpansionTraderNaomi<8eecc0d0> fileName Vehicle_Parts
SCRIPT       : 14:45:43.000 [EXPANSION DEBUG]: ExpansionTraderJose<d49352f0>::SetTraderObject ExpansionTraderObjectBase<d48a0210> <3699.629883, 402.010010, 5993.970215>
SCRIPT       : 14:45:43.000 [EXPANSION DEBUG]: LoadMissionTradersFile trader ExpansionTraderJose<d49352f0> fileName Spraycans
SCRIPT       : 14:45:43.011 [EXPANSION DEBUG]: ExpansionTraderLinda<d4950560>::SetTraderObject ExpansionTraderObjectBase<d4ad3f70> <3674.669922, 406.760010, 5990.390137>
SCRIPT       : 14:45:43.011 [EXPANSION DEBUG]: LoadMissionTradersFile trader ExpansionTraderLinda<d4950560> fileName Special
SCRIPT       : 14:45:43.019 [EXPANSION DEBUG]: ExpansionTraderNiki<d4954370>::SetTraderObject ExpansionTraderObjectBase<d4c10f20> <3699.030029, 402.013000, 5973.439941>
SCRIPT       : 14:45:43.019 [EXPANSION DEBUG]: LoadMissionTradersFile trader ExpansionTraderNiki<d4954370> fileName BuildingSupplies
SCRIPT       : 14:45:43.023 [EXPANSION DEBUG]: ExpansionTraderNiki<d494c750>::SetTraderObject ExpansionTraderObjectBase<d4c17640> <3697.030029, 402.013000, 5973.439941>
SCRIPT       : 14:45:43.023 [EXPANSION DEBUG]: LoadMissionTradersFile trader ExpansionTraderNiki<d494c750> fileName MMG
SCRIPT       : 14:45:43.031 [EXPANSION DEBUG]: ExpansionTraderFrancis<d4948940>::SetTraderObject ExpansionTraderObjectBase<d4d20010> <1153.964844, 6.463035, 2409.763184>
SCRIPT       : 14:45:43.031 [EXPANSION DEBUG]: LoadMissionTradersFile trader ExpansionTraderFrancis<d4948940> fileName Attachments
SCRIPT       : 14:45:43.035 [EXPANSION DEBUG]: ExpansionTraderKaito<d493cf10>::SetTraderObject ExpansionTraderObjectBase<d96808e0> <1117.021240, 5.495151, 2413.766357>
SCRIPT       : 14:45:43.035 [EXPANSION DEBUG]: LoadMissionTradersFile trader ExpansionTraderKaito<d493cf10> fileName Components
SCRIPT       : 14:45:43.042 [EXPANSION DEBUG]: ExpansionTraderCyril<d4940d20>::SetTraderObject ExpansionTraderObjectBase<d973c9b0> <1136.987427, 5.908522, 2439.662598>
SCRIPT       : 14:45:43.042 [EXPANSION DEBUG]: LoadMissionTradersFile trader ExpansionTraderCyril<d4940d20> fileName Clothing
SCRIPT       : 14:45:43.054 [EXPANSION DEBUG]: ExpansionTraderGuo<d4944b30>::SetTraderObject ExpansionTraderObjectBase<d97e5fa0> <1133.974854, 5.909700, 2442.412598>
SCRIPT       : 14:45:43.054 [EXPANSION DEBUG]: LoadMissionTradersFile trader ExpansionTraderGuo<d4944b30> fileName Clothing_Accessories
SCRIPT       : 14:45:43.058 [EXPANSION DEBUG]: ExpansionTraderBoris<d4939100>::SetTraderObject ExpansionTraderObjectBase<d987ec00> <1123.468262, 15.349299, 2426.316162>
SCRIPT       : 14:45:43.058 [EXPANSION DEBUG]: LoadMissionTradersFile trader ExpansionTraderBoris<d4939100> fileName Exchange
SCRIPT       : 14:45:43.062 [EXPANSION DEBUG]: ExpansionTraderLinda<d4963bb0>::SetTraderObject ExpansionTraderObjectBase<d98832f0> <1135.892822, 5.908773, 2436.856689>
SCRIPT       : 14:45:43.062 [EXPANSION DEBUG]: LoadMissionTradersFile trader ExpansionTraderLinda<d4963bb0> fileName Consumables
SCRIPT       : 14:45:43.070 [EXPANSION DEBUG]: ExpansionTraderKeiko<d49679c0>::SetTraderObject ExpansionTraderObjectBase<d99b1350> <1130.731689, 5.951744, 2438.009277>
SCRIPT       : 14:45:43.070 [EXPANSION DEBUG]: LoadMissionTradersFile trader ExpansionTraderKeiko<d49679c0> fileName Medicals
SCRIPT       : 14:45:43.074 [EXPANSION DEBUG]: ExpansionTraderHelga<d495bf90>::SetTraderObject ExpansionTraderObjectBase<d9ab8480> <1141.654419, 5.906255, 2421.591309>
SCRIPT       : 14:45:43.074 [EXPANSION DEBUG]: LoadMissionTradersFile trader ExpansionTraderHelga<d495bf90> fileName Special
SCRIPT       : 14:45:43.085 [EXPANSION DEBUG]: ExpansionTraderFrida<d4958180>::SetTraderObject ExpansionTraderObjectBase<d9b7ac30> <1120.135132, 5.600746, 2417.465820>
SCRIPT       : 14:45:43.085 [EXPANSION DEBUG]: LoadMissionTradersFile trader ExpansionTraderFrida<d4958180> fileName Vehicles
SCRIPT       : 14:45:43.093 [EXPANSION DEBUG]: ExpansionTraderHassan<d495fda0>::SetTraderObject ExpansionTraderObjectBase<d9b96430> <1123.977905, 5.639271, 2417.411865>
SCRIPT       : 14:45:43.093 [EXPANSION DEBUG]: LoadMissionTradersFile trader ExpansionTraderHassan<d495fda0> fileName Vehicle_Parts
SCRIPT       : 14:45:43.093 [EXPANSION DEBUG]: ExpansionTraderDenis<d496b7d0>::SetTraderObject ExpansionTraderObjectBase<d9cce430> <1156.719727, 6.513331, 2406.355225>
SCRIPT       : 14:45:43.093 [EXPANSION DEBUG]: LoadMissionTradersFile trader ExpansionTraderDenis<d496b7d0> fileName Weapons
SCRIPT       : 14:45:43.101 [EXPANSION DEBUG]: ExpansionTraderGabi<d496f5e0>::SetTraderObject ExpansionTraderObjectBase<d9e2ad60> <1135.689941, 5.900000, 2423.300049>
SCRIPT       : 14:45:43.101 [EXPANSION DEBUG]: LoadMissionTradersFile trader ExpansionTraderGabi<d496f5e0> fileName BuildingSupplies
SCRIPT       : 14:45:43.105 [EXPANSION DEBUG]: ExpansionTraderFrancis<d9e4fe80>::SetTraderObject ExpansionTraderObjectBase<d9e2eb90> <11835.901367, 140.617874, 12474.744141>
SCRIPT       : 14:45:43.105 [EXPANSION DEBUG]: LoadMissionTradersFile trader ExpansionTraderFrancis<d9e4fe80> fileName Attachments
SCRIPT       : 14:45:43.105 [EXPANSION DEBUG]: ExpansionTraderLinda<d9e4c070>::SetTraderObject ExpansionTraderObjectBase<d9e33b90> <11856.716797, 140.565109, 12461.438477>
SCRIPT       : 14:45:43.105 [EXPANSION DEBUG]: LoadMissionTradersFile trader ExpansionTraderLinda<d9e4c070> fileName Consumables
SCRIPT       : 14:45:43.109 [EXPANSION DEBUG]: ExpansionTraderCyril<d9e672e0>::SetTraderObject ExpansionTraderObjectBase<d9e38500> <11855.000000, 140.605103, 12466.099609>
SCRIPT       : 14:45:43.109 [EXPANSION DEBUG]: LoadMissionTradersFile trader ExpansionTraderCyril<d9e672e0> fileName Clothing
SCRIPT       : 14:45:43.113 [EXPANSION DEBUG]: ExpansionTraderGuo<d9e57aa0>::SetTraderObject ExpansionTraderObjectBase<d9e3d370> <11855.200195, 140.605103, 12470.487305>
SCRIPT       : 14:45:43.113 [EXPANSION DEBUG]: LoadMissionTradersFile trader ExpansionTraderGuo<d9e57aa0> fileName Clothing_Accessories
SCRIPT       : 14:45:43.113 [EXPANSION DEBUG]: ExpansionTraderKaito<d9e6ef00>::SetTraderObject ExpansionTraderObjectBase<d9e433b0> <11849.400391, 140.605087, 12466.200195>
SCRIPT       : 14:45:43.113 [EXPANSION DEBUG]: LoadMissionTradersFile trader ExpansionTraderKaito<d9e6ef00> fileName Components
SCRIPT       : 14:45:43.117 [EXPANSION DEBUG]: ExpansionTraderBoris<d9e5b8b0>::SetTraderObject ExpansionTraderObjectBase<d9e493a0> <11858.202148, 140.615112, 12463.234375>
SCRIPT       : 14:45:43.117 [EXPANSION DEBUG]: LoadMissionTradersFile trader ExpansionTraderBoris<d9e5b8b0> fileName Exchange
SCRIPT       : 14:45:43.121 [EXPANSION DEBUG]: ExpansionTraderKeiko<d9e5f6c0>::SetTraderObject ExpansionTraderObjectBase<da004680> <11853.218750, 140.605087, 12463.277344>
SCRIPT       : 14:45:43.121 [EXPANSION DEBUG]: LoadMissionTradersFile trader ExpansionTraderKeiko<d9e5f6c0> fileName Medicals
SCRIPT       : 14:45:43.121 [EXPANSION DEBUG]: ExpansionTraderGabi<d9e6b0f0>::SetTraderObject ExpansionTraderObjectBase<da0099f0> <11833.200195, 140.605118, 12461.700195>
SCRIPT       : 14:45:43.121 [EXPANSION DEBUG]: LoadMissionTradersFile trader ExpansionTraderGabi<d9e6b0f0> fileName Special
SCRIPT       : 14:45:43.128 [EXPANSION DEBUG]: ExpansionTraderElias<d9e634d0>::SetTraderObject ExpansionTraderObjectBase<da075790> <11877.799805, 140.134796, 12441.599609>
SCRIPT       : 14:45:43.128 [EXPANSION DEBUG]: LoadMissionTradersFile trader ExpansionTraderElias<d9e634d0> fileName Vehicles
SCRIPT       : 14:45:43.132 [EXPANSION DEBUG]: ExpansionTraderHassan<d9e53c90>::SetTraderObject ExpansionTraderObjectBase<da079e80> <11878.674805, 140.134796, 12424.302734>
SCRIPT       : 14:45:43.132 [EXPANSION DEBUG]: LoadMissionTradersFile trader ExpansionTraderHassan<d9e53c90> fileName Vehicle_Parts
SCRIPT       : 14:45:43.136 [EXPANSION DEBUG]: ExpansionTraderDenis<d9e72d10>::SetTraderObject ExpansionTraderObjectBase<da07f470> <11833.576172, 140.605072, 12469.492188>
SCRIPT       : 14:45:43.136 [EXPANSION DEBUG]: LoadMissionTradersFile trader ExpansionTraderDenis<d9e72d10> fileName Weapons
SCRIPT       : 14:45:43.136 [EXPANSION DEBUG]: ExpansionTraderLinda<d9e76b20>::SetTraderObject ExpansionTraderObjectBase<da084ba0> <11852.194336, 140.660980, 12472.387695>
SCRIPT       : 14:45:43.136 [EXPANSION DEBUG]: LoadMissionTradersFile trader ExpansionTraderLinda<d9e76b20> fileName BuildingSupplies
SCRIPT       : 14:45:43.144 [EXPANSION DEBUG]: ExpansionTraderManua<d9e7a930>::SetTraderObject ExpansionTraderObjectBase<da13a8c0> <11879.722656, 140.094788, 12435.959961>
SCRIPT       : 14:45:43.144 [EXPANSION DEBUG]: LoadMissionTradersFile trader ExpansionTraderManua<d9e7a930> fileName Spraycans
SCRIPT       : 14:45:43.152 [EXPANSION DEBUG]: ExpansionTraderIrena<d9e7e740>::SetTraderObject ExpansionTraderObjectBase<da1fb3c0> <12160.279297, 140.580765, 12689.783203>
SCRIPT       : 14:45:43.152 [EXPANSION DEBUG]: LoadMissionTradersFile trader ExpansionTraderIrena<d9e7e740> fileName Aircraft
SCRIPT       : [ExpansionQuestPersistentServerData] Load existing configuration file:$profile:ExpansionMod\Quests\PersistentServerData.json
SCRIPT       : [ExpansionQuestPersistentServerData] Load existing configuration file:$profile:ExpansionMod\Quests\PersistentServerData.json
SCRIPT       : [ExpansionQuestObjectiveTravelConfig] Load existing configuration file:$profile:ExpansionMod\Quests\Objectives\Travel\Objective_T_1.json
SCRIPT       : [ExpansionQuestObjectiveTravelConfig] Load existing configuration file:$profile:ExpansionMod\Quests\Objectives\Travel\Objective_T_2.json
SCRIPT       : [ExpansionQuestObjectiveTravelConfig] Load existing configuration file:$profile:ExpansionMod\Quests\Objectives\Travel\Objective_T_3.json
SCRIPT       : [ExpansionQuestObjectiveTravelConfig] Load existing configuration file:$profile:ExpansionMod\Quests\Objectives\Travel\Objective_T_4.json
SCRIPT       : [ExpansionQuestObjectiveTargetConfig] Load existing configuration file:$profile:ExpansionMod\Quests\Objectives\Target\Objective_TA_1_kill10sledge.json
SCRIPT       : [ExpansionQuestObjectiveTargetConfig] Load existing configuration file:$profile:ExpansionMod\Quests\Objectives\Target\Objective_TA_2_kill10.json
SCRIPT       : [ExpansionQuestObjectiveTargetConfig] Load existing configuration file:$profile:ExpansionMod\Quests\Objectives\Target\Objective_TA_31_kill_100.json
SCRIPT       : [ExpansionQuestObjectiveTargetConfig] Load existing configuration file:$profile:ExpansionMod\Quests\Objectives\Target\Objective_TA_3_kill50.json
SCRIPT       : [ExpansionQuestObjectiveTargetConfig] Load existing configuration file:$profile:ExpansionMod\Quests\Objectives\Target\Objective_TA_4_killmilitary.json
SCRIPT       : [ExpansionQuestObjectiveDeliveryConfig] Load existing configuration file:$profile:ExpansionMod\Quests\Objectives\Delivery\Objective_D_1.json
SCRIPT       : [ExpansionQuestObjectiveDeliveryConfig] Load existing configuration file:$profile:ExpansionMod\Quests\Objectives\Delivery\Objective_D_2.json
SCRIPT       : [ExpansionQuestObjectiveCollectionConfig] Load existing configuration file:$profile:ExpansionMod\Quests\Objectives\Collection\1-Collection-Apples.json
SCRIPT       : [ExpansionQuestObjectiveCollectionConfig] Load existing configuration file:$profile:ExpansionMod\Quests\Objectives\Collection\2-Collection-Mackerel.json
SCRIPT       : [ExpansionQuestObjectiveCollectionConfig] Load existing configuration file:$profile:ExpansionMod\Quests\Objectives\Collection\3-Collection-BrownChickens.json
SCRIPT       : [ExpansionQuestObjectiveCollectionConfig] Load existing configuration file:$profile:ExpansionMod\Quests\Objectives\Collection\4-Collection-BearPelt.json
SCRIPT       : [ExpansionQuestObjectiveCollectionConfig] Load existing configuration file:$profile:ExpansionMod\Quests\Objectives\Collection\5-Collection-DeerPelt.json
SCRIPT       : [ExpansionQuestObjectiveCollectionConfig] Load existing configuration file:$profile:ExpansionMod\Quests\Objectives\Collection\6-Collection-AgaricusMushroom.json
SCRIPT       : [ExpansionQuestObjectiveCollectionConfig] Load existing configuration file:$profile:ExpansionMod\Quests\Objectives\Collection\Objective_C_1.json
SCRIPT       : [ExpansionQuestObjectiveCollectionConfig] Load existing configuration file:$profile:ExpansionMod\Quests\Objectives\Collection\Objective_C_2.json
SCRIPT       : [ExpansionQuestObjectiveCollectionConfig] Load existing configuration file:$profile:ExpansionMod\Quests\Objectives\Collection\Objective_C_3.json
SCRIPT       : [ExpansionQuestObjectiveTreasureHuntConfig] Load existing configuration file:$profile:ExpansionMod\Quests\Objectives\TreasureHunt\Objective_TH_ammo_1.json
SCRIPT       : [ExpansionQuestObjectiveActionConfig] Load existing configuration file:$profile:ExpansionMod\Quests\Objectives\Action\1-Medic.json
SCRIPT       : [ExpansionQuestObjectiveActionConfig] Load existing configuration file:$profile:ExpansionMod\Quests\Objectives\Action\10-Medic.json
SCRIPT       : [ExpansionQuestObjectiveActionConfig] Load existing configuration file:$profile:ExpansionMod\Quests\Objectives\Action\11-Medic.json
SCRIPT       : [ExpansionQuestObjectiveActionConfig] Load existing configuration file:$profile:ExpansionMod\Quests\Objectives\Action\12-Medic.json
SCRIPT       : [ExpansionQuestObjectiveActionConfig] Load existing configuration file:$profile:ExpansionMod\Quests\Objectives\Action\13-Medic.json
SCRIPT       : [ExpansionQuestObjectiveActionConfig] Load existing configuration file:$profile:ExpansionMod\Quests\Objectives\Action\14-Medic.json
SCRIPT       : [ExpansionQuestObjectiveActionConfig] Load existing configuration file:$profile:ExpansionMod\Quests\Objectives\Action\15-Medic.json
SCRIPT       : [ExpansionQuestObjectiveActionConfig] Load existing configuration file:$profile:ExpansionMod\Quests\Objectives\Action\16-Medic.json
SCRIPT       : [ExpansionQuestObjectiveActionConfig] Load existing configuration file:$profile:ExpansionMod\Quests\Objectives\Action\17-Medic.json
SCRIPT       : [ExpansionQuestObjectiveActionConfig] Load existing configuration file:$profile:ExpansionMod\Quests\Objectives\Action\18-Horticulture.json
SCRIPT       : [ExpansionQuestObjectiveActionConfig] Load existing configuration file:$profile:ExpansionMod\Quests\Objectives\Action\19-Horticulture.json
SCRIPT       : [ExpansionQuestObjectiveActionConfig] Load existing configuration file:$profile:ExpansionMod\Quests\Objectives\Action\2-Medic.json
SCRIPT       : [ExpansionQuestObjectiveActionConfig] Load existing configuration file:$profile:ExpansionMod\Quests\Objectives\Action\20-Horticulture.json
SCRIPT       : [ExpansionQuestObjectiveActionConfig] Load existing configuration file:$profile:ExpansionMod\Quests\Objectives\Action\21-Horticulture.json
SCRIPT       : [ExpansionQuestObjectiveActionConfig] Load existing configuration file:$profile:ExpansionMod\Quests\Objectives\Action\22-Horticulture.json
SCRIPT       : [ExpansionQuestObjectiveActionConfig] Load existing configuration file:$profile:ExpansionMod\Quests\Objectives\Action\23-Horticulture.json
SCRIPT       : [ExpansionQuestObjectiveActionConfig] Load existing configuration file:$profile:ExpansionMod\Quests\Objectives\Action\24-Horticulture.json
SCRIPT       : [ExpansionQuestObjectiveActionConfig] Load existing configuration file:$profile:ExpansionMod\Quests\Objectives\Action\3-Medic.json
SCRIPT       : [ExpansionQuestObjectiveActionConfig] Load existing configuration file:$profile:ExpansionMod\Quests\Objectives\Action\4-Medic.json
SCRIPT       : [ExpansionQuestObjectiveActionConfig] Load existing configuration file:$profile:ExpansionMod\Quests\Objectives\Action\5-Medic.json
SCRIPT       : [ExpansionQuestObjectiveActionConfig] Load existing configuration file:$profile:ExpansionMod\Quests\Objectives\Action\6-Medic.json
SCRIPT       : [ExpansionQuestObjectiveActionConfig] Load existing configuration file:$profile:ExpansionMod\Quests\Objectives\Action\7-Medic.json
SCRIPT       : [ExpansionQuestObjectiveActionConfig] Load existing configuration file:$profile:ExpansionMod\Quests\Objectives\Action\8-Medic.json
SCRIPT       : [ExpansionQuestObjectiveActionConfig] Load existing configuration file:$profile:ExpansionMod\Quests\Objectives\Action\9-Medic.json
SCRIPT       : [ExpansionQuestObjectiveActionConfig] Load existing configuration file:$profile:ExpansionMod\Quests\Objectives\Action\Objective_A_1.json
SCRIPT       : [ExpansionQuestObjectiveActionConfig] Load existing configuration file:$profile:ExpansionMod\Quests\Objectives\Action\Objective_A_2.json
SCRIPT       : [ExpansionQuestObjectiveCraftingConfig] Load existing configuration file:$profile:ExpansionMod\Quests\Objectives\Crafting\1-Crafting-FishingRod.json
SCRIPT       : [ExpansionQuestObjectiveCraftingConfig] Load existing configuration file:$profile:ExpansionMod\Quests\Objectives\Crafting\Objective_CR_1.json
SCRIPT       : [ExpansionQuestObjectiveAIPatrolConfig] Load existing configuration file:$profile:ExpansionMod\Quests\Objectives\AIPatrol\Objective_AIP_1.json
SCRIPT       : [ExpansionQuestObjectiveAICampConfig] Load existing configuration file:$profile:ExpansionMod\Quests\Objectives\AICamp\Objective_AIC_1.json
SCRIPT       : [ExpansionQuestObjectiveAIEscortConfig] Load existing configuration file:$profile:ExpansionMod\Quests\Objectives\AIVIP\1-VIP.json
SCRIPT       : [ExpansionQuestObjectiveAIEscortConfig] Load existing configuration file:$profile:ExpansionMod\Quests\Objectives\AIVIP\2-VIP.json
SCRIPT       : [ExpansionQuestObjectiveAIEscortConfig] Load existing configuration file:$profile:ExpansionMod\Quests\Objectives\AIVIP\Objective_AIESCORT_1.json
SCRIPT       : [ExpansionQuestNPCData] Load existing configuration file:QuestNPC_Board_3.json
SCRIPT       : [ExpansionQuestNPCData] Load existing configuration file:QuestNPC_Peter_1.json
SCRIPT       : [ExpansionQuestNPCData] Load existing configuration file:QuestNPC_Steve_2.json
SCRIPT       : [EditorLoader] File found: $mission:\EditorFiles\TraderStorage.dze
SCRIPT       : [EditorLoader] Loaded files in 0s
SCRIPT       : [EditorLoader] 6 total objects created
SCRIPT       : [EditorLoader] 0 total objects deleted
SCRIPT       : [EditorLoader] Deleted & Created all objects in 0.022s
SCRIPT       : ExpansionMarketItem marketItem = ExpansionMarketItem<b33dfb50>
SCRIPT       : int worth =   1
SCRIPT       : 14:46:00.917 [EXPANSION DEBUG]: ExpansionP2PTraderAIIrena<9123c010>::SetP2PTraderID - ID: 1
SCRIPT       : ExpansionZonePolygon<49163340> position=<12015.854492, 0.000000, 12591.097656> radius=419.633
SCRIPT       : ExpansionZoneCircle<932eea60> position=<1143.140015, 0.000000, 2423.270020> radius=400
SCRIPT       : ExpansionZoneCircle<932eea00> position=<3728.270020, 0.000000, 6003.600098> radius=400
SCRIPT       : Found 3 zones!
SCRIPT       : 14:46:00.980 [EXPANSION DEBUG]: ExpansionQuestNPCAIDenis<9392f010>::OnEnterSafeZone
SCRIPT       : bool m_Expansion_LeavingSafeZone = 0
SCRIPT       : bool m_Expansion_IsInSafeZone = 0
SCRIPT       : bool m_Expansion_IsInSafeZoneSynchRemote = 0
SCRIPT       : 14:46:00.980 [EXPANSION DEBUG]: ExpansionP2PTraderAIIrena<9123c010>::OnEnterSafeZone
SCRIPT       : bool m_Expansion_LeavingSafeZone = 0
SCRIPT       : bool m_Expansion_IsInSafeZone = 0
SCRIPT       : bool m_Expansion_IsInSafeZoneSynchRemote = 0
SCRIPT       : 14:46:01.429 [EXPANSION DEBUG]: ExpansionItemSpawnHelper::Clone - created FAMAS:035634 at location { type=HANDS item=FAMAS:035518 parent=ExpansionQuestNPCAIDenis:045 }
SCRIPT       : 14:46:01.429 [EXPANSION DEBUG]: ExpansionItemSpawnHelper::Clone - created Mag_FAMAS_25Rnd:035635 at location { type=ATTACHMENT item=null parent=FAMAS:035634 slot=magazine }
SCRIPT       : [emote] ExpansionQuestNPCAIDenis:045 play emote id=46 IH=FAMAS:035634
SCRIPT       : [emote] ExpansionP2PTraderAIIrena:044 play emote id=46 IH=null
SCRIPT       : 14:46:03.964 [EXPANSION DEBUG]: ExpansionItemSpawnHelper::Clone - created AK74:035519 at location { type=HANDS item=AK74:035533 parent=ExpansionQuestNPCAIElias:046 }
SCRIPT       : 14:46:03.964 [EXPANSION DEBUG]: ExpansionItemSpawnHelper::Clone - created AK74_Hndgrd:035518 at location { type=ATTACHMENT item=null parent=AK74:035519 slot=weaponHandguardAK }
SCRIPT       : 14:46:03.964 [EXPANSION DEBUG]: ExpansionItemSpawnHelper::Clone - created PSO1Optic:035636 at location { type=ATTACHMENT item=null parent=AK74:035519 slot=weaponOpticsAK }
SCRIPT       : 14:46:03.964 [EXPANSION DEBUG]: ExpansionItemSpawnHelper::Clone - created Battery9V:035637 at location { type=ATTACHMENT item=null parent=PSO1Optic:035636 slot=BatteryD }
SCRIPT       : 14:46:03.964 [EXPANSION DEBUG]: ExpansionItemSpawnHelper::Clone - created AK_WoodBttstck:035638 at location { type=ATTACHMENT item=null parent=AK74:035519 slot=weaponButtstockAK }
SCRIPT       : 14:46:03.964 [EXPANSION DEBUG]: ExpansionItemSpawnHelper::Clone - created Mag_AK74_30Rnd:035639 at location { type=ATTACHMENT item=null parent=AK74:035519 slot=magazine }
SCRIPT       : [emote] ExpansionQuestNPCAIElias:046 play emote id=14 IH=AK74:035519
