---------------------------------------------
Log C:\Program Files (x86)\Steam\steamapps\common\DayZServerAug2\config\script_2023-08-14_16-37-34.log started at 14.08. 16:37:34

SCRIPT       : Registered 397 temporary action enum(s), UAN==397
SCRIPT       : Registering faction type eAIFactionShamans ID -1484989417
SCRIPT       : Registering faction type eAIFactionObservers ID -563736721
SCRIPT       : Registering faction type eAIFactionInvincibleObservers ID -1227299746
SCRIPT       : Registering faction type eAIFactionEast ID 90522109
SCRIPT       : Registering faction type eAIFactionGuards ID 963933710
SCRIPT       : Registering faction type eAIFactionRaiders ID 1535276022
SCRIPT       : Registering faction type eAIFactionMercenaries ID 1629891834
SCRIPT       : Registering faction type eAIFactionWest ID 113880155
SCRIPT       : Registering faction type eAIFactionCivilian ID 1096178351
SCRIPT       : Registering faction type eAIFactionPassive ID -1159399789
SCRIPT       : Registering faction type eAIFactionInvincibleGuards ID 782746017
SCRIPT       : ... Backlit Effects Enabled
SCRIPT       : 16:37:35 [EXPANSION LOG]: DayZGame<ab907420> Start time (local time) 2023-08-14 16:37:29
SCRIPT       : 16:37:35 [EXPANSION LOG]: DayZGame<ab907420> Start time (UTC) 2023-08-14 21:37:29
SCRIPT       : 16:37:35 [EXPANSION LOG]: DayZGame<ab907420> Runtime since start (seconds) 6.784
SCRIPT    (W): @"JM/COT/Scripts/4_World/communityonlinetools\classes\webhook\jmwebhookdiscordmessage.c,19": Possible variable name conflict 'username'
SCRIPT    (W): @"JM/COT/Scripts/4_World/communityonlinetools\classes\webhook\jmwebhookdiscordmessage.c,19": Possible variable name conflict 'avatar_url'
SCRIPT    (W): @"JM/COT/Scripts/4_World/communityonlinetools\classes\webhook\jmwebhookdiscordmessage.c,19": Possible variable name conflict 'content'
SCRIPT    (W): @"JM/COT/Scripts/4_World/communityonlinetools\classes\webhook\jmwebhookdiscordmessage.c,151": Possible variable name conflict 'url'
SCRIPT    (W): @"JM/COT/Scripts/4_World/communityonlinetools\classes\webhook\jmwebhookdiscordmessage.c,172": Possible variable name conflict 'url'
SCRIPT    (W): @"JM/COT/Scripts/4_World/communityonlinetools\classes\webhook\jmwebhookdiscordmessage.c,180": Possible variable name conflict 'url'
SCRIPT       : 16:37:49.769 [EXPANSION DEBUG]: [ExpansionDebugSettings] Load existing setting file:$profile:ExpansionMod\Settings\DebugSettings.json
SCRIPT       : 16:37:49.773 [EXPANSION DEBUG]: [ExpansionLogSettings] Load existing setting file:$profile:ExpansionMod\Settings\LogsSettings.json
SCRIPT       : 16:37:49.789 [EXPANSION DEBUG]: [ExpansionNotificationSettings] Load existing setting file:$profile:ExpansionMod\Settings\NotificationSettings.json
SCRIPT       : 16:37:49.792 [EXPANSION DEBUG]: [ExpansionMonitoringSettings] Load existing setting file:$profile:ExpansionMod\Settings\MonitoringSettings.json
SCRIPT       : 16:37:49.796 [EXPANSION DEBUG]: [ExpansionDamageSystemSettings] Load existing setting file:$profile:ExpansionMod\Settings\DamageSystemSettings.json
SCRIPT       : 16:37:49.800 [EXPANSION DEBUG]: [ExpansionPartySettings] Load existing setting file:$profile:ExpansionMod\Settings\PartySettings.json
SCRIPT       : 16:37:49.804 [EXPANSION DEBUG]: [ExpansionHardlineSettings] Load existing setting file:$mission:expansion\settings\HardlineSettings.json
SCRIPT       : 16:37:49.812 [EXPANSION DEBUG]: [ExpansionMarketSettings] Load existing setting file:$mission:expansion\settings\MarketSettings.json
SCRIPT       : ExpansionMarketSettings::LoadCategories - Adding category ID 1 (Ammo)
SCRIPT       : ExpansionMarketSettings::LoadCategories - Adding category ID 2 (Ammo_Boxes)
SCRIPT       : ExpansionMarketSettings::LoadCategories - Adding category ID 3 (Armbands)
SCRIPT       : ExpansionMarketSettings::LoadCategories - Adding category ID 4 (Assault_Rifles)
SCRIPT       : ExpansionMarketSettings::LoadCategories - Adding category ID 5 (Backpacks)
SCRIPT       : ExpansionMarketSettings::LoadCategories - Adding category ID 6 (Bandanas)
SCRIPT       : ExpansionMarketSettings::LoadCategories - Adding category ID 7 (Batteries)
SCRIPT       : ExpansionMarketSettings::LoadCategories - Adding category ID 8 (Bayonets)
SCRIPT       : ExpansionMarketSettings::LoadCategories - Adding category ID 9 (Belts)
SCRIPT       : ExpansionMarketSettings::LoadCategories - Adding category ID 10 (Blouses_And_Suits)
SCRIPT       : ExpansionMarketSettings::LoadCategories - Adding category ID 11 (Boats)
SCRIPT       : ExpansionMarketSettings::LoadCategories - Adding category ID 12 (Boots_And_Shoes)
SCRIPT       : ExpansionMarketSettings::LoadCategories - Adding category ID 13 (Buttstocks)
SCRIPT       : ExpansionMarketSettings::LoadCategories - Adding category ID 14 (Caps)
SCRIPT       : ExpansionMarketSettings::LoadCategories - Adding category ID 15 (Cars)
SCRIPT       : ExpansionMarketSettings::LoadCategories - Adding category ID 16 (Coats_And_Jackets)
SCRIPT       : ExpansionMarketSettings::LoadCategories - Adding category ID 17 (Containers)
SCRIPT       : ExpansionMarketSettings::LoadCategories - Adding category ID 18 (Crossbows)
SCRIPT       : ExpansionMarketSettings::LoadCategories - Adding category ID 19 (Drinks)
SCRIPT       : ExpansionMarketSettings::LoadCategories - Adding category ID 20 (Electronics)
SCRIPT       : ExpansionMarketSettings::LoadCategories - Adding category ID 21 (Event)
SCRIPT       : ExpansionMarketSettings::LoadCategories - Adding category ID 22 (Exchange)
SCRIPT       : ExpansionMarketSettings::LoadCategories - Adding category ID 23 (Explosives_And_Grenades)
SCRIPT       : ExpansionMarketSettings::LoadCategories - Adding category ID 24 (Eyewear)
SCRIPT       : ExpansionMarketSettings::LoadCategories - Adding category ID 25 (Fish)
SCRIPT       : ExpansionMarketSettings::LoadCategories - Adding category ID 26 (Fishing)
SCRIPT       : ExpansionMarketSettings::LoadCategories - Adding category ID 27 (Flags)
SCRIPT       : ExpansionMarketSettings::LoadCategories - Adding category ID 28 (Food)
SCRIPT       : ExpansionMarketSettings::LoadCategories - Adding category ID 29 (Fruit_And_Vegetables)
SCRIPT       : ExpansionMarketSettings::LoadCategories - Adding category ID 30 (Furnishings)
SCRIPT       : ExpansionMarketSettings::LoadCategories - Adding category ID 31 (Gardening)
SCRIPT       : ExpansionMarketSettings::LoadCategories - Adding category ID 32 (Ghillies)
SCRIPT       : ExpansionMarketSettings::LoadCategories - Adding category ID 33 (Gloves)
SCRIPT       : ExpansionMarketSettings::LoadCategories - Adding category ID 34 (Handguards)
SCRIPT       : ExpansionMarketSettings::LoadCategories - Adding category ID 35 (Hats_And_Hoods)
SCRIPT       : ExpansionMarketSettings::LoadCategories - Adding category ID 36 (Helicopters)
SCRIPT       : ExpansionMarketSettings::LoadCategories - Adding category ID 37 (Helmets)
SCRIPT       : ExpansionMarketSettings::LoadCategories - Adding category ID 38 (Holsters_And_Pouches)
SCRIPT       : ExpansionMarketSettings::LoadCategories - Adding category ID 39 (Kits)
SCRIPT       : ExpansionMarketSettings::LoadCategories - Adding category ID 40 (Knifes)
SCRIPT       : ExpansionMarketSettings::LoadCategories - Adding category ID 41 (Launchers)
SCRIPT       : ExpansionMarketSettings::LoadCategories - Adding category ID 42 (Lights)
SCRIPT       : ExpansionMarketSettings::LoadCategories - Adding category ID 43 (Liquids)
SCRIPT       : ExpansionMarketSettings::LoadCategories - Adding category ID 44 (Locks)
SCRIPT       : ExpansionMarketSettings::LoadCategories - Adding category ID 45 (Magazines)
SCRIPT       : ExpansionMarketSettings::LoadCategories - Adding category ID 46 (Masks)
SCRIPT       : ExpansionMarketSettings::LoadCategories - Adding category ID 47 (Meat)
SCRIPT       : ExpansionMarketSettings::LoadCategories - Adding category ID 48 (Medical)
SCRIPT       : ExpansionMarketSettings::LoadCategories - Adding category ID 49 (Melee_Weapons)
SCRIPT       : 16:37:49.992 [EXPANSION DEBUG]: [ExpansionMarketCategory] Load - Converting v9 "MMG_Armored_Helmet_Visor.json" to v12
SCRIPT       : ExpansionMarketSettings::LoadCategories - Adding category ID 50 (MMG_Armored_Helmet_Visor)
SCRIPT       : 16:37:49.996 [EXPANSION DEBUG]: [ExpansionMarketCategory] Load - Converting v9 "MMG_BackPacks.json" to v12
SCRIPT       : ExpansionMarketSettings::LoadCategories - Adding category ID 51 (MMG_BackPacks)
SCRIPT       : 16:37:49.996 [EXPANSION DEBUG]: [ExpansionMarketCategory] Load - Converting v9 "MMG_Belts.json" to v12
SCRIPT       : ExpansionMarketSettings::LoadCategories - Adding category ID 52 (MMG_Belts)
SCRIPT       : 16:37:49.996 [EXPANSION DEBUG]: [ExpansionMarketCategory] Load - Converting v9 "MMG_Boots.json" to v12
SCRIPT       : ExpansionMarketSettings::LoadCategories - Adding category ID 53 (MMG_Boots)
SCRIPT       : 16:37:50.000 [EXPANSION DEBUG]: [ExpansionMarketCategory] Load - Converting v9 "MMG_Bottle.json" to v12
SCRIPT       : ExpansionMarketSettings::LoadCategories - Adding category ID 54 (MMG_Bottle)
SCRIPT       : 16:37:50.003 [EXPANSION DEBUG]: [ExpansionMarketCategory] Load - Converting v9 "MMG_Carbine.json" to v12
SCRIPT       : ExpansionMarketSettings::LoadCategories - Adding category ID 55 (MMG_Carbine)
SCRIPT       : 16:37:50.003 [EXPANSION DEBUG]: [ExpansionMarketCategory] Load - Converting v9 "MMG_Chest_Rigs.json" to v12
SCRIPT       : ExpansionMarketSettings::LoadCategories - Adding category ID 56 (MMG_Chest_Rigs)
SCRIPT       : 16:37:50.007 [EXPANSION DEBUG]: [ExpansionMarketCategory] Load - Converting v9 "MMG_Facemask.json" to v12
SCRIPT       : ExpansionMarketSettings::LoadCategories - Adding category ID 57 (MMG_Facemask)
SCRIPT       : 16:37:50.007 [EXPANSION DEBUG]: [ExpansionMarketCategory] Load - Converting v9 "MMG_Gloves.json" to v12
SCRIPT       : ExpansionMarketSettings::LoadCategories - Adding category ID 58 (MMG_Gloves)
SCRIPT       : 16:37:50.011 [EXPANSION DEBUG]: [ExpansionMarketCategory] Load - Converting v9 "MMG_Goggles.json" to v12
SCRIPT       : ExpansionMarketSettings::LoadCategories - Adding category ID 59 (MMG_Goggles)
SCRIPT       : 16:37:50.011 [EXPANSION DEBUG]: [ExpansionMarketCategory] Load - Converting v9 "MMG_Headphones.json" to v12
SCRIPT       : ExpansionMarketSettings::LoadCategories - Adding category ID 60 (MMG_Headphones)
SCRIPT       : 16:37:50.011 [EXPANSION DEBUG]: [ExpansionMarketCategory] Load - Converting v9 "MMG_Holsters.json" to v12
SCRIPT       : ExpansionMarketSettings::LoadCategories - Adding category ID 61 (MMG_Holsters)
SCRIPT       : 16:37:50.015 [EXPANSION DEBUG]: [ExpansionMarketCategory] Load - Converting v9 "MMG_NBC.json" to v12
SCRIPT       : ExpansionMarketSettings::LoadCategories - Adding category ID 62 (MMG_NBC)
SCRIPT       : 16:37:50.015 [EXPANSION DEBUG]: [ExpansionMarketCategory] Load - Converting v9 "MMG_Pants.json" to v12
SCRIPT       : ExpansionMarketSettings::LoadCategories - Adding category ID 63 (MMG_Pants)
SCRIPT       : 16:37:50.023 [EXPANSION DEBUG]: [ExpansionMarketCategory] Load - Converting v9 "MMG_Patches.json" to v12
SCRIPT       : ExpansionMarketSettings::LoadCategories - Adding category ID 64 (MMG_Patches)
SCRIPT       : 16:37:50.027 [EXPANSION DEBUG]: [ExpansionMarketCategory] Load - Converting v9 "MMG_Plate_Carriers.json" to v12
SCRIPT       : ExpansionMarketSettings::LoadCategories - Adding category ID 65 (MMG_Plate_Carriers)
SCRIPT       : 16:37:50.027 [EXPANSION DEBUG]: [ExpansionMarketCategory] Load - Converting v9 "MMG_Pouches.json" to v12
SCRIPT       : ExpansionMarketSettings::LoadCategories - Adding category ID 66 (MMG_Pouches)
SCRIPT       : 16:37:50.031 [EXPANSION DEBUG]: [ExpansionMarketCategory] Load - Converting v9 "MMG_Shirts.json" to v12
SCRIPT       : ExpansionMarketSettings::LoadCategories - Adding category ID 67 (MMG_Shirts)
SCRIPT       : 16:37:50.031 [EXPANSION DEBUG]: [ExpansionMarketCategory] Load - Converting v9 "MMG_Sniper_Boonie.json" to v12
SCRIPT       : ExpansionMarketSettings::LoadCategories - Adding category ID 68 (MMG_Sniper_Boonie)
SCRIPT       : ExpansionMarketSettings::LoadCategories - Adding category ID 69 (Muzzles)
SCRIPT       : ExpansionMarketSettings::LoadCategories - Adding category ID 70 (Navigation)
SCRIPT       : ExpansionMarketSettings::LoadCategories - Adding category ID 71 (Optics)
SCRIPT       : ExpansionMarketSettings::LoadCategories - Adding category ID 72 (Pants_And_Shorts)
SCRIPT       : ExpansionMarketSettings::LoadCategories - Adding category ID 73 (Pistols)
SCRIPT       : ExpansionMarketSettings::LoadCategories - Adding category ID 74 (Rifles)
SCRIPT       : ExpansionMarketSettings::LoadCategories - Adding category ID 75 (Shirts_And_TShirts)
SCRIPT       : ExpansionMarketSettings::LoadCategories - Adding category ID 76 (Shotguns)
SCRIPT       : ExpansionMarketSettings::LoadCategories - Adding category ID 77 (Skirts_And_Dresses)
SCRIPT       : ExpansionMarketSettings::LoadCategories - Adding category ID 78 (Sniper_Rifles)
SCRIPT       : ExpansionMarketSettings::LoadCategories - Adding category ID 79 (Spraycans)
SCRIPT       : ExpansionMarketSettings::LoadCategories - Adding category ID 80 (Submachine_Guns)
SCRIPT       : ExpansionMarketSettings::LoadCategories - Adding category ID 81 (Supplies)
SCRIPT       : ExpansionMarketSettings::LoadCategories - Adding category ID 82 (Sweaters_And_Hoodies)
SCRIPT       : ExpansionMarketSettings::LoadCategories - Adding category ID 83 (Tents)
SCRIPT       : ExpansionMarketSettings::LoadCategories - Adding category ID 84 (Tools)
SCRIPT       : ExpansionMarketSettings::LoadCategories - Adding category ID 85 (Vehicle_Parts)
SCRIPT       : ExpansionMarketSettings::LoadCategories - Adding category ID 86 (Vests)
SCRIPT       : 16:37:50.144 [EXPANSION DEBUG]: ExpansionMarketTrader::Load - Converting v7 "$profile:ExpansionMod\Traders\MMG" to v11
SCRIPT       : 16:37:50.226 [EXPANSION DEBUG]: [ExpansionAirdropSettings] Load existing setting file:$profile:ExpansionMod\Settings\AirdropSettings.json
SCRIPT       : 16:37:50.347 [EXPANSION DEBUG]: [ExpansionMissionSettings] Load existing setting file:$profile:ExpansionMod\Settings\MissionSettings.json
SCRIPT       : 16:37:50.351 [EXPANSION DEBUG]: [ExpansionMapSettings] Load existing setting file:$mission:expansion\settings\MapSettings.json
SCRIPT       : 16:37:50.375 [EXPANSION DEBUG]: [ExpansionPersonalStorageNewSettings] Load existing setting file:$profile:ExpansionMod\Settings\PersonalStorageNewSettings.json
SCRIPT       : 16:37:50.378 [EXPANSION DEBUG]: [ExpansionGeneralSettings] Load existing setting file:$profile:ExpansionMod\Settings\GeneralSettings.json
SCRIPT       : 16:37:50.382 [EXPANSION DEBUG]: [ExpansionPlayerListSettings] Load existing setting file:$profile:ExpansionMod\Settings\PlayerListSettings.json
SCRIPT       : 16:37:50.386 [EXPANSION DEBUG]: [ExpansionSocialMediaSettings] Load existing setting file:$profile:ExpansionMod\Settings\SocialMediaSettings.json
SCRIPT       : 16:37:50.386 [EXPANSION DEBUG]: [ExpansionSpawnSettings] Load existing setting file:$mission:expansion\settings\SpawnSettings.json
SCRIPT       : 16:37:50.394 [EXPANSION DEBUG]: [ExpansionVehicleSettings] Load existing setting file:$profile:ExpansionMod\Settings\VehicleSettings.json
SCRIPT       : 16:37:50.398 [EXPANSION DEBUG]: [ExpansionAISettings] Load existing setting file:$profile:ExpansionMod\Settings\AISettings.json
SCRIPT       : 16:37:50.398 [EXPANSION DEBUG]: [ExpansionAIPatrolSettings] Load existing setting file:$mission:expansion\settings\AIPatrolSettings.json
SCRIPT       : 16:37:50.410 [EXPANSION DEBUG]: [ExpansionBaseBuildingSettings] Load existing setting file:$mission:expansion\settings\BaseBuildingSettings.json
SCRIPT       : 16:37:50.414 [EXPANSION DEBUG]: [ExpansionRaidSettings] Load existing setting file:$profile:ExpansionMod\Settings\RaidSettings.json
SCRIPT       : 16:37:50.417 [EXPANSION DEBUG]: [ExpansionTerritorySettings] Load existing setting file:$profile:ExpansionMod\Settings\TerritorySettings.json
SCRIPT       : 16:37:50.425 [EXPANSION DEBUG]: [ExpansionChatSettings] Load existing setting file:$profile:ExpansionMod\Settings\ChatSettings.json
SCRIPT       : Expansion version: 1.8.21
SCRIPT       : [DefineTest] EXPANSIONMOD is defined
SCRIPT       : [DefineTest] EXPANSIONMODAI is defined
SCRIPT       : [DefineTest] EXPANSIONMODANIMATIONS is defined
SCRIPT       : [DefineTest] EXPANSIONMODBASEBUILDING is defined
SCRIPT       : [DefineTest] EXPANSIONMODBOOK is defined
SCRIPT       : [DefineTest] EXPANSIONMODCHAT is defined
SCRIPT       : [DefineTest] EXPANSIONMODCORE is defined
SCRIPT       : [DefineTest] EXPANSIONMODGARAGE is defined
SCRIPT       : [DefineTest] EXPANSIONMODGROUPS is defined
SCRIPT       : [DefineTest] EXPANSIONMODHARDLINE is defined
SCRIPT       : [DefineTest] EXPANSIONMODKILLFEED is defined
SCRIPT       : [DefineTest] EXPANSIONMODMAPASSETS is defined
SCRIPT       : [DefineTest] EXPANSIONMODMARKET is defined
SCRIPT       : [DefineTest] EXPANSIONMODMISSIONS is defined
SCRIPT       : [DefineTest] EXPANSIONMODNAMETAGS is defined
SCRIPT       : [DefineTest] EXPANSIONMODNAVIGATION is defined
SCRIPT       : [DefineTest] EXPANSIONMODP2PMARKET is defined
SCRIPT       : [DefineTest] EXPANSIONMODPERSONALSTORAGE is defined
SCRIPT       : [DefineTest] EXPANSIONMODQUESTS is defined
SCRIPT       : [DefineTest] EXPANSIONMODSPAWNSELECTION is defined
SCRIPT       : [DefineTest] EXPANSIONMODVEHICLE is defined
SCRIPT       : [DefineTest] EXPANSIONMODWEAPONS is defined
SCRIPT       : [DefineTest] CfgMods:
SCRIPT       : defaultAction
SCRIPT       : DayZ
SCRIPT       : DZ_Expansion_AI_Preload
SCRIPT       : DZ_Expansion_Animations_Preload
SCRIPT       : DZ_Expansion_BaseBuilding_Preload
SCRIPT       : DZ_Expansion_Book_Preload
SCRIPT       : DZ_Expansion_Chat_Preload
SCRIPT       : DZ_Expansion_Core_Preload
SCRIPT       : DZ_Expansion_Garage_Preload
SCRIPT       : DZ_Expansion_Groups_Preload
SCRIPT       : DZ_Expansion_Hardline_Preload
SCRIPT       : DZ_Expansion_KillFeed_Preload
SCRIPT       : DZ_Expansion_MapAssets_Preload
SCRIPT       : DZ_Expansion_Market_Preload
SCRIPT       : DZ_Expansion_Missions_Preload
SCRIPT       : DZ_Expansion_ModStorage_Preload
SCRIPT       : DZ_Expansion_NameTags_Preload
SCRIPT       : DZ_Expansion_Navigation_Preload
SCRIPT       : DZ_Expansion_P2PMarket_Preload
SCRIPT       : DZ_Expansion_PersonalStorage_Preload
SCRIPT       : DZ_Expansion_Preload
SCRIPT       : DZ_Expansion_Quests_Preload
SCRIPT       : DZ_Expansion_SpawnSelection_Preload
SCRIPT       : DZ_Expansion_Vehicles_Preload
SCRIPT       : DZ_Expansion_Weapons_Preload
SCRIPT       : DZ_DabsFramework
SCRIPT       : DZ_Expansion_DefineTest
SCRIPT       : DZ_Expansion_MapAssets
SCRIPT       : bliss
SCRIPT       : JM_CommunityFramework
SCRIPT       : JM_CommunityOnlineTools
SCRIPT       : PvZmoD_CustomisableZombies
SCRIPT       : BoostZombiesVisionAddon
SCRIPT       : DZ_Editor_Loader
SCRIPT       : DZ_Expansion_ModStorage
SCRIPT       : DZ_Expansion_Core
SCRIPT       : DZ_Expansion_Garage
SCRIPT       : DZ_Expansion_Groups
SCRIPT       : DZ_Expansion_Market
SCRIPT       : DZ_Expansion_Missions
SCRIPT       : DZ_Expansion_NameTags
SCRIPT       : DZ_Expansion_Navigation
SCRIPT       : DZ_Expansion_NotificationScheduler
SCRIPT       : DZ_Expansion_P2PMarket
SCRIPT       : DZ_Expansion_PersonalStorage
SCRIPT       : DZ_Expansion_PersonalStorageNew
SCRIPT       : DZ_Expansion_PlayerList
SCRIPT       : DZ_Expansion
SCRIPT       : DZ_Expansion_SpawnSelection
SCRIPT       : DZ_Expansion_VanillaFixes
SCRIPT       : DZ_Expansion_Vehicles
SCRIPT       : DZ_Expansion_Weapons
SCRIPT       : jpc_vest
SCRIPT       : DZ_Expansion_AI
SCRIPT       : DZ_Expansion_BaseBuilding
SCRIPT       : DZ_Expansion_Book
SCRIPT       : DZ_Expansion_Chat
SCRIPT       : DZ_Expansion_Hardline
SCRIPT       : DZ_Expansion_Quests
SCRIPT       : DZ_Expansion_VirtualContainerStorage
SCRIPT       : DayZ_Expansion_AI_Dynamic
SCRIPT       : 16:37:51.007 [EXPANSION DEBUG]: ModStorage v5
SCRIPT       : 16:37:53.746 [EXPANSION DEBUG]: ExpansionTraderJudy<a05e020>::SetTraderObject ExpansionTraderObjectBase<c90849c0> <4973.928711, 9.510984, 2436.782959>
SCRIPT       : 16:37:53.746 [EXPANSION DEBUG]: LoadMissionTradersFile trader ExpansionTraderJudy<a05e020> fileName Aircraft
SCRIPT       : 16:37:53.761 [EXPANSION DEBUG]: ExpansionTraderJose<790aafd0>::SetTraderObject ExpansionTraderObjectBase<c90c7f70> <14353.624023, 3.326771, 13229.217773>
SCRIPT       : 16:37:53.761 [EXPANSION DEBUG]: LoadMissionTradersFile trader ExpansionTraderJose<790aafd0> fileName Boats
SCRIPT       : 16:37:53.769 [EXPANSION DEBUG]: ExpansionTraderEva<86e79c30>::SetTraderObject ExpansionTraderObjectBase<d3b15ea0> <14378.793945, 3.325975, 13271.585938>
SCRIPT       : 16:37:53.769 [EXPANSION DEBUG]: LoadMissionTradersFile trader ExpansionTraderEva<86e79c30> fileName Fishing
SCRIPT       : 16:37:53.777 [EXPANSION DEBUG]: ExpansionTraderLewis<5df3a2a0>::SetTraderObject ExpansionTraderObjectBase<d3b31ab0> <1756.656372, 1.415564, 2027.359741>
SCRIPT       : 16:37:53.777 [EXPANSION DEBUG]: LoadMissionTradersFile trader ExpansionTraderLewis<5df3a2a0> fileName Boats
SCRIPT       : 16:37:53.781 [EXPANSION DEBUG]: LoadMissionTradersFile trader ExpansionTraderStaticBase<ae3b9c80> fileName Exchange
SCRIPT       : 16:37:53.796 [EXPANSION DEBUG]: ExpansionTraderDenis<4e650020>::SetTraderObject ExpansionTraderObjectBase<d3be6b40> <3697.249512, 402.010010, 5977.625488>
SCRIPT       : 16:37:53.796 [EXPANSION DEBUG]: LoadMissionTradersFile trader ExpansionTraderDenis<4e650020> fileName Clothing
SCRIPT       : 16:37:53.816 [EXPANSION DEBUG]: ExpansionTraderMaria<ebdf8050>::SetTraderObject ExpansionTraderObjectBase<d3ee24f0> <3696.455811, 402.010010, 5980.193359>
SCRIPT       : 16:37:53.816 [EXPANSION DEBUG]: LoadMissionTradersFile trader ExpansionTraderMaria<ebdf8050> fileName Clothing_Accessories
SCRIPT       : 16:37:53.828 [EXPANSION DEBUG]: ExpansionTraderQuinn<d3f25020>::SetTraderObject ExpansionTraderObjectBase<d4042660> <3710.121826, 402.010010, 5976.164063>
SCRIPT       : 16:37:53.828 [EXPANSION DEBUG]: LoadMissionTradersFile trader ExpansionTraderQuinn<d3f25020> fileName Consumables
SCRIPT       : 16:37:53.843 [EXPANSION DEBUG]: ExpansionTraderNaomi<ddef8010>::SetTraderObject ExpansionTraderObjectBase<d4115c80> <3708.786865, 402.010010, 5974.589844>
SCRIPT       : 16:37:53.843 [EXPANSION DEBUG]: LoadMissionTradersFile trader ExpansionTraderNaomi<ddef8010> fileName Weapons
SCRIPT       : 16:37:53.863 [EXPANSION DEBUG]: ExpansionTraderSeth<d41ed010>::SetTraderObject ExpansionTraderObjectBase<d4266260> <3710.265137, 402.010010, 5973.340820>
SCRIPT       : 16:37:53.863 [EXPANSION DEBUG]: LoadMissionTradersFile trader ExpansionTraderSeth<d41ed010> fileName Attachments
SCRIPT       : 16:37:53.871 [EXPANSION DEBUG]: ExpansionTraderRolf<889d5900>::SetTraderObject ExpansionTraderObjectBase<d4449890> <3698.172607, 402.010010, 5995.337402>
SCRIPT       : 16:37:53.871 [EXPANSION DEBUG]: LoadMissionTradersFile trader ExpansionTraderRolf<889d5900> fileName Vehicles
SCRIPT       : 16:37:53.890 [EXPANSION DEBUG]: ExpansionTraderIndar<889dd520>::SetTraderObject ExpansionTraderObjectBase<d450c440> <3714.531006, 402.138000, 5961.776367>
SCRIPT       : 16:37:53.890 [EXPANSION DEBUG]: LoadMissionTradersFile trader ExpansionTraderIndar<889dd520> fileName Components
SCRIPT       : 16:37:53.898 [EXPANSION DEBUG]: ExpansionTraderJudy<889d9710>::SetTraderObject ExpansionTraderObjectBase<d4518420> <3729.029541, 402.651001, 5969.476563>
SCRIPT       : 16:37:53.898 [EXPANSION DEBUG]: LoadMissionTradersFile trader ExpansionTraderJudy<889d9710> fileName Medicals
SCRIPT       : 16:37:53.898 [EXPANSION DEBUG]: ExpansionTraderNaomi<889c9ed0>::SetTraderObject ExpansionTraderObjectBase<d451fe00> <3690.062988, 402.100067, 6006.763672>
SCRIPT       : 16:37:53.898 [EXPANSION DEBUG]: LoadMissionTradersFile trader ExpansionTraderNaomi<889c9ed0> fileName Vehicle_Parts
SCRIPT       : 16:37:53.906 [EXPANSION DEBUG]: ExpansionTraderJose<889e8f50>::SetTraderObject ExpansionTraderObjectBase<d45254e0> <3699.629883, 402.010010, 5993.970215>
SCRIPT       : 16:37:53.906 [EXPANSION DEBUG]: LoadMissionTradersFile trader ExpansionTraderJose<889e8f50> fileName Spraycans
SCRIPT       : 16:37:53.917 [EXPANSION DEBUG]: ExpansionTraderLinda<889cdce0>::SetTraderObject ExpansionTraderObjectBase<d466e6b0> <3674.669922, 406.760010, 5990.390137>
SCRIPT       : 16:37:53.917 [EXPANSION DEBUG]: LoadMissionTradersFile trader ExpansionTraderLinda<889cdce0> fileName Special
SCRIPT       : 16:37:53.925 [EXPANSION DEBUG]: ExpansionTraderNiki<889ecd60>::SetTraderObject ExpansionTraderObjectBase<d47ead70> <3699.030029, 402.013000, 5973.439941>
SCRIPT       : 16:37:53.925 [EXPANSION DEBUG]: LoadMissionTradersFile trader ExpansionTraderNiki<889ecd60> fileName BuildingSupplies
SCRIPT       : 16:37:53.929 [EXPANSION DEBUG]: ExpansionTraderNiki<889f4980>::SetTraderObject ExpansionTraderObjectBase<d48e6760> <3697.030029, 402.013000, 5973.439941>
SCRIPT       : 16:37:53.929 [EXPANSION DEBUG]: LoadMissionTradersFile trader ExpansionTraderNiki<889f4980> fileName MMG
SCRIPT       : 16:37:53.941 [EXPANSION DEBUG]: ExpansionTraderFrancis<889f8790>::SetTraderObject ExpansionTraderObjectBase<d4901740> <1153.964844, 6.463035, 2409.763184>
SCRIPT       : 16:37:53.941 [EXPANSION DEBUG]: LoadMissionTradersFile trader ExpansionTraderFrancis<889f8790> fileName Attachments
SCRIPT       : 16:37:53.945 [EXPANSION DEBUG]: ExpansionTraderKaito<88a003b0>::SetTraderObject ExpansionTraderObjectBase<d49e22d0> <1117.021240, 5.495151, 2413.766357>
SCRIPT       : 16:37:53.945 [EXPANSION DEBUG]: LoadMissionTradersFile trader ExpansionTraderKaito<88a003b0> fileName Components
SCRIPT       : 16:37:53.957 [EXPANSION DEBUG]: ExpansionTraderCyril<889fc5a0>::SetTraderObject ExpansionTraderObjectBase<d9607810> <1136.987427, 5.908522, 2439.662598>
SCRIPT       : 16:37:53.957 [EXPANSION DEBUG]: LoadMissionTradersFile trader ExpansionTraderCyril<889fc5a0> fileName Clothing
SCRIPT       : 16:37:53.964 [EXPANSION DEBUG]: ExpansionTraderGuo<889f0b70>::SetTraderObject ExpansionTraderObjectBase<d96945f0> <1133.974854, 5.909700, 2442.412598>
SCRIPT       : 16:37:53.964 [EXPANSION DEBUG]: LoadMissionTradersFile trader ExpansionTraderGuo<889f0b70> fileName Clothing_Accessories
SCRIPT       : 16:37:53.972 [EXPANSION DEBUG]: ExpansionTraderBoris<88a041c0>::SetTraderObject ExpansionTraderObjectBase<d9763f70> <1123.468262, 15.349299, 2426.316162>
SCRIPT       : 16:37:53.972 [EXPANSION DEBUG]: LoadMissionTradersFile trader ExpansionTraderBoris<88a041c0> fileName Exchange
SCRIPT       : 16:37:53.972 [EXPANSION DEBUG]: ExpansionTraderLinda<d97feb30>::SetTraderObject ExpansionTraderObjectBase<d9769f60> <1135.892822, 5.908773, 2436.856689>
SCRIPT       : 16:37:53.972 [EXPANSION DEBUG]: LoadMissionTradersFile trader ExpansionTraderLinda<d97feb30> fileName Consumables
SCRIPT       : 16:37:53.984 [EXPANSION DEBUG]: ExpansionTraderKeiko<d9802940>::SetTraderObject ExpansionTraderObjectBase<d98a71e0> <1130.731689, 5.951744, 2438.009277>
SCRIPT       : 16:37:53.984 [EXPANSION DEBUG]: LoadMissionTradersFile trader ExpansionTraderKeiko<d9802940> fileName Medicals
SCRIPT       : 16:37:53.988 [EXPANSION DEBUG]: ExpansionTraderHelga<d97fad20>::SetTraderObject ExpansionTraderObjectBase<d99669d0> <1141.654419, 5.906255, 2421.591309>
SCRIPT       : 16:37:53.988 [EXPANSION DEBUG]: LoadMissionTradersFile trader ExpansionTraderHelga<d97fad20> fileName Special
SCRIPT       : 16:37:53.996 [EXPANSION DEBUG]: ExpansionTraderFrida<d9806750>::SetTraderObject ExpansionTraderObjectBase<d9a216d0> <1120.135132, 5.600746, 2417.465820>
SCRIPT       : 16:37:53.996 [EXPANSION DEBUG]: LoadMissionTradersFile trader ExpansionTraderFrida<d9806750> fileName Vehicles
SCRIPT       : 16:37:54.003 [EXPANSION DEBUG]: ExpansionTraderHassan<d97f3100>::SetTraderObject ExpansionTraderObjectBase<d9b19cc0> <1123.977905, 5.639271, 2417.411865>
SCRIPT       : 16:37:54.003 [EXPANSION DEBUG]: LoadMissionTradersFile trader ExpansionTraderHassan<d97f3100> fileName Vehicle_Parts
SCRIPT       : 16:37:54.007 [EXPANSION DEBUG]: ExpansionTraderDenis<d97ef2f0>::SetTraderObject ExpansionTraderObjectBase<d9b1f5d0> <1156.719727, 6.513331, 2406.355225>
SCRIPT       : 16:37:54.007 [EXPANSION DEBUG]: LoadMissionTradersFile trader ExpansionTraderDenis<d97ef2f0> fileName Weapons
SCRIPT       : 16:37:54.015 [EXPANSION DEBUG]: ExpansionTraderGabi<d980a560>::SetTraderObject ExpansionTraderObjectBase<d9c91410> <1135.689941, 5.900000, 2423.300049>
SCRIPT       : 16:37:54.015 [EXPANSION DEBUG]: LoadMissionTradersFile trader ExpansionTraderGabi<d980a560> fileName BuildingSupplies
SCRIPT       : 16:37:54.019 [EXPANSION DEBUG]: ExpansionTraderFrancis<d97f6f10>::SetTraderObject ExpansionTraderObjectBase<d9c96820> <11835.901367, 140.617874, 12474.744141>
SCRIPT       : 16:37:54.019 [EXPANSION DEBUG]: LoadMissionTradersFile trader ExpansionTraderFrancis<d97f6f10> fileName Attachments
SCRIPT       : 16:37:54.023 [EXPANSION DEBUG]: ExpansionTraderLinda<d98219c0>::SetTraderObject ExpansionTraderObjectBase<d9c9a9c0> <11856.716797, 140.565109, 12461.438477>
SCRIPT       : 16:37:54.023 [EXPANSION DEBUG]: LoadMissionTradersFile trader ExpansionTraderLinda<d98219c0> fileName Consumables
SCRIPT       : 16:37:54.023 [EXPANSION DEBUG]: ExpansionTraderCyril<d98295e0>::SetTraderObject ExpansionTraderObjectBase<d9ca07d0> <11855.000000, 140.605103, 12466.099609>
SCRIPT       : 16:37:54.023 [EXPANSION DEBUG]: LoadMissionTradersFile trader ExpansionTraderCyril<d98295e0> fileName Clothing
SCRIPT       : 16:37:54.027 [EXPANSION DEBUG]: ExpansionTraderGuo<d98257d0>::SetTraderObject ExpansionTraderObjectBase<d9ca4e20> <11855.200195, 140.605103, 12470.487305>
SCRIPT       : 16:37:54.027 [EXPANSION DEBUG]: LoadMissionTradersFile trader ExpansionTraderGuo<d98257d0> fileName Clothing_Accessories
SCRIPT       : 16:37:54.031 [EXPANSION DEBUG]: ExpansionTraderKaito<d9819da0>::SetTraderObject ExpansionTraderObjectBase<d9caa550> <11849.400391, 140.605087, 12466.200195>
SCRIPT       : 16:37:54.031 [EXPANSION DEBUG]: LoadMissionTradersFile trader ExpansionTraderKaito<d9819da0> fileName Components
SCRIPT       : 16:37:54.031 [EXPANSION DEBUG]: ExpansionTraderBoris<d980e370>::SetTraderObject ExpansionTraderObjectBase<d9dae9b0> <11858.202148, 140.615112, 12463.234375>
SCRIPT       : 16:37:54.031 [EXPANSION DEBUG]: LoadMissionTradersFile trader ExpansionTraderBoris<d980e370> fileName Exchange
SCRIPT       : 16:37:54.035 [EXPANSION DEBUG]: ExpansionTraderKeiko<d981dbb0>::SetTraderObject ExpansionTraderObjectBase<d9db51c0> <11853.218750, 140.605087, 12463.277344>
SCRIPT       : 16:37:54.035 [EXPANSION DEBUG]: LoadMissionTradersFile trader ExpansionTraderKeiko<d981dbb0> fileName Medicals
SCRIPT       : 16:37:54.039 [EXPANSION DEBUG]: ExpansionTraderGabi<d9812180>::SetTraderObject ExpansionTraderObjectBase<d9dba940> <11833.200195, 140.605118, 12461.700195>
SCRIPT       : 16:37:54.039 [EXPANSION DEBUG]: LoadMissionTradersFile trader ExpansionTraderGabi<d9812180> fileName Special
SCRIPT       : 16:37:54.046 [EXPANSION DEBUG]: ExpansionTraderElias<d9815f90>::SetTraderObject ExpansionTraderObjectBase<d9e64ec0> <11877.799805, 140.134796, 12441.599609>
SCRIPT       : 16:37:54.046 [EXPANSION DEBUG]: LoadMissionTradersFile trader ExpansionTraderElias<d9815f90> fileName Vehicles
SCRIPT       : 16:37:54.046 [EXPANSION DEBUG]: ExpansionTraderHassan<d9eb12f0>::SetTraderObject ExpansionTraderObjectBase<d9e6b680> <11878.674805, 140.134796, 12424.302734>
SCRIPT       : 16:37:54.046 [EXPANSION DEBUG]: LoadMissionTradersFile trader ExpansionTraderHassan<d9eb12f0> fileName Vehicle_Parts
SCRIPT       : 16:37:54.050 [EXPANSION DEBUG]: ExpansionTraderDenis<d9ecc560>::SetTraderObject ExpansionTraderObjectBase<d9e70090> <11833.576172, 140.605072, 12469.492188>
SCRIPT       : 16:37:54.050 [EXPANSION DEBUG]: LoadMissionTradersFile trader ExpansionTraderDenis<d9ecc560> fileName Weapons
SCRIPT       : 16:37:54.054 [EXPANSION DEBUG]: ExpansionTraderLinda<d9eb8f10>::SetTraderObject ExpansionTraderObjectBase<d9e75b30> <11852.194336, 140.660980, 12472.387695>
SCRIPT       : 16:37:54.054 [EXPANSION DEBUG]: LoadMissionTradersFile trader ExpansionTraderLinda<d9eb8f10> fileName BuildingSupplies
SCRIPT       : 16:37:54.062 [EXPANSION DEBUG]: ExpansionTraderManua<d9ed0370>::SetTraderObject ExpansionTraderObjectBase<d9fb3a70> <11879.722656, 140.094788, 12435.959961>
SCRIPT       : 16:37:54.062 [EXPANSION DEBUG]: LoadMissionTradersFile trader ExpansionTraderManua<d9ed0370> fileName Spraycans
SCRIPT       : 16:37:54.066 [EXPANSION DEBUG]: ExpansionTraderIrena<d9eb5100>::SetTraderObject ExpansionTraderObjectBase<da09f380> <12160.279297, 140.580765, 12689.783203>
SCRIPT       : 16:37:54.066 [EXPANSION DEBUG]: LoadMissionTradersFile trader ExpansionTraderIrena<d9eb5100> fileName Aircraft
SCRIPT       : [ExpansionQuestPersistentServerData] Load existing configuration file:$profile:ExpansionMod\Quests\PersistentServerData.json
SCRIPT       : [ExpansionQuestPersistentServerData] Load existing configuration file:$profile:ExpansionMod\Quests\PersistentServerData.json
SCRIPT       : [ExpansionQuestObjectiveTravelConfig] Load existing configuration file:$profile:ExpansionMod\Quests\Objectives\Travel\Objective_T_1.json
SCRIPT       : [ExpansionQuestObjectiveTravelConfig] Load existing configuration file:$profile:ExpansionMod\Quests\Objectives\Travel\Objective_T_2.json
SCRIPT       : [ExpansionQuestObjectiveTravelConfig] Load existing configuration file:$profile:ExpansionMod\Quests\Objectives\Travel\Objective_T_3.json
SCRIPT       : [ExpansionQuestObjectiveTravelConfig] Load existing configuration file:$profile:ExpansionMod\Quests\Objectives\Travel\Objective_T_4.json
SCRIPT       : [ExpansionQuestObjectiveTargetConfig] Load existing configuration file:$profile:ExpansionMod\Quests\Objectives\Target\Objective_TA_1.json
SCRIPT       : [ExpansionQuestObjectiveTargetConfig] Load existing configuration file:$profile:ExpansionMod\Quests\Objectives\Target\Objective_TA_2.json
SCRIPT       : [ExpansionQuestObjectiveTargetConfig] Load existing configuration file:$profile:ExpansionMod\Quests\Objectives\Target\Objective_TA_3.json
SCRIPT       : [ExpansionQuestObjectiveTargetConfig] Load existing configuration file:$profile:ExpansionMod\Quests\Objectives\Target\Objective_TA_4.json
SCRIPT       : [ExpansionQuestObjectiveDeliveryConfig] Load existing configuration file:$profile:ExpansionMod\Quests\Objectives\Delivery\Objective_D_1.json
SCRIPT       : [ExpansionQuestObjectiveDeliveryConfig] Load existing configuration file:$profile:ExpansionMod\Quests\Objectives\Delivery\Objective_D_2.json
SCRIPT       : [ExpansionQuestObjectiveCollectionConfig] Load existing configuration file:$profile:ExpansionMod\Quests\Objectives\Collection\1-Collection-Apples.json
SCRIPT       : [ExpansionQuestObjectiveCollectionConfig] Load existing configuration file:$profile:ExpansionMod\Quests\Objectives\Collection\2-Collection-Mackerel.json
SCRIPT       : [ExpansionQuestObjectiveCollectionConfig] Load existing configuration file:$profile:ExpansionMod\Quests\Objectives\Collection\3-Collection-BrownChickens.json
SCRIPT       : [ExpansionQuestObjectiveCollectionConfig] Load existing configuration file:$profile:ExpansionMod\Quests\Objectives\Collection\4-Collection-BearPelt.json
SCRIPT       : [ExpansionQuestObjectiveCollectionConfig] Load existing configuration file:$profile:ExpansionMod\Quests\Objectives\Collection\5-Collection-DeerPelt.json
SCRIPT       : [ExpansionQuestObjectiveCollectionConfig] Load existing configuration file:$profile:ExpansionMod\Quests\Objectives\Collection\6-Collection-AgaricusMushroom.json
SCRIPT       : [ExpansionQuestObjectiveCollectionConfig] Load existing configuration file:$profile:ExpansionMod\Quests\Objectives\Collection\Objective_C_1.json
SCRIPT       : [ExpansionQuestObjectiveCollectionConfig] Load existing configuration file:$profile:ExpansionMod\Quests\Objectives\Collection\Objective_C_2.json
SCRIPT       : [ExpansionQuestObjectiveCollectionConfig] Load existing configuration file:$profile:ExpansionMod\Quests\Objectives\Collection\Objective_C_3.json
SCRIPT       : [ExpansionQuestObjectiveTreasureHuntConfig] Load existing configuration file:$profile:ExpansionMod\Quests\Objectives\TreasureHunt\Objective_TH_1.json
SCRIPT       : [ExpansionQuestObjectiveActionConfig] Load existing configuration file:$profile:ExpansionMod\Quests\Objectives\Action\1-Medic.json
SCRIPT       : [ExpansionQuestObjectiveActionConfig] Load existing configuration file:$profile:ExpansionMod\Quests\Objectives\Action\10-Medic.json
SCRIPT       : [ExpansionQuestObjectiveActionConfig] Load existing configuration file:$profile:ExpansionMod\Quests\Objectives\Action\11-Medic.json
SCRIPT       : [ExpansionQuestObjectiveActionConfig] Load existing configuration file:$profile:ExpansionMod\Quests\Objectives\Action\12-Medic.json
SCRIPT       : [ExpansionQuestObjectiveActionConfig] Load existing configuration file:$profile:ExpansionMod\Quests\Objectives\Action\13-Medic.json
SCRIPT       : [ExpansionQuestObjectiveActionConfig] Load existing configuration file:$profile:ExpansionMod\Quests\Objectives\Action\14-Medic.json
SCRIPT       : [ExpansionQuestObjectiveActionConfig] Load existing configuration file:$profile:ExpansionMod\Quests\Objectives\Action\15-Medic.json
SCRIPT       : [ExpansionQuestObjectiveActionConfig] Load existing configuration file:$profile:ExpansionMod\Quests\Objectives\Action\16-Medic.json
SCRIPT       : [ExpansionQuestObjectiveActionConfig] Load existing configuration file:$profile:ExpansionMod\Quests\Objectives\Action\17-Medic.json
SCRIPT       : [ExpansionQuestObjectiveActionConfig] Load existing configuration file:$profile:ExpansionMod\Quests\Objectives\Action\18-Horticulture.json
SCRIPT       : [ExpansionQuestObjectiveActionConfig] Load existing configuration file:$profile:ExpansionMod\Quests\Objectives\Action\19-Horticulture.json
SCRIPT       : [ExpansionQuestObjectiveActionConfig] Load existing configuration file:$profile:ExpansionMod\Quests\Objectives\Action\2-Medic.json
SCRIPT       : [ExpansionQuestObjectiveActionConfig] Load existing configuration file:$profile:ExpansionMod\Quests\Objectives\Action\20-Horticulture.json
SCRIPT       : [ExpansionQuestObjectiveActionConfig] Load existing configuration file:$profile:ExpansionMod\Quests\Objectives\Action\21-Horticulture.json
SCRIPT       : [ExpansionQuestObjectiveActionConfig] Load existing configuration file:$profile:ExpansionMod\Quests\Objectives\Action\22-Horticulture.json
SCRIPT       : [ExpansionQuestObjectiveActionConfig] Load existing configuration file:$profile:ExpansionMod\Quests\Objectives\Action\23-Horticulture.json
SCRIPT       : [ExpansionQuestObjectiveActionConfig] Load existing configuration file:$profile:ExpansionMod\Quests\Objectives\Action\24-Horticulture.json
SCRIPT       : [ExpansionQuestObjectiveActionConfig] Load existing configuration file:$profile:ExpansionMod\Quests\Objectives\Action\3-Medic.json
SCRIPT       : [ExpansionQuestObjectiveActionConfig] Load existing configuration file:$profile:ExpansionMod\Quests\Objectives\Action\4-Medic.json
SCRIPT       : [ExpansionQuestObjectiveActionConfig] Load existing configuration file:$profile:ExpansionMod\Quests\Objectives\Action\5-Medic.json
SCRIPT       : [ExpansionQuestObjectiveActionConfig] Load existing configuration file:$profile:ExpansionMod\Quests\Objectives\Action\6-Medic.json
SCRIPT       : [ExpansionQuestObjectiveActionConfig] Load existing configuration file:$profile:ExpansionMod\Quests\Objectives\Action\7-Medic.json
SCRIPT       : [ExpansionQuestObjectiveActionConfig] Load existing configuration file:$profile:ExpansionMod\Quests\Objectives\Action\8-Medic.json
SCRIPT       : [ExpansionQuestObjectiveActionConfig] Load existing configuration file:$profile:ExpansionMod\Quests\Objectives\Action\9-Medic.json
SCRIPT       : [ExpansionQuestObjectiveActionConfig] Load existing configuration file:$profile:ExpansionMod\Quests\Objectives\Action\Objective_A_1.json
SCRIPT       : [ExpansionQuestObjectiveActionConfig] Load existing configuration file:$profile:ExpansionMod\Quests\Objectives\Action\Objective_A_2.json
SCRIPT       : [ExpansionQuestObjectiveCraftingConfig] Load existing configuration file:$profile:ExpansionMod\Quests\Objectives\Crafting\1-Crafting-FishingRod.json
SCRIPT       : [ExpansionQuestObjectiveCraftingConfig] Load existing configuration file:$profile:ExpansionMod\Quests\Objectives\Crafting\Objective_CR_1.json
SCRIPT       : [ExpansionQuestObjectiveAIPatrolConfig] Load existing configuration file:$profile:ExpansionMod\Quests\Objectives\AIPatrol\Objective_AIP_1.json
SCRIPT       : [ExpansionQuestObjectiveAICampConfig] Load existing configuration file:$profile:ExpansionMod\Quests\Objectives\AICamp\Objective_AIC_1.json
SCRIPT       : [ExpansionQuestObjectiveAIEscortConfig] Load existing configuration file:$profile:ExpansionMod\Quests\Objectives\AIVIP\1-VIP.json
SCRIPT       : [ExpansionQuestObjectiveAIEscortConfig] Load existing configuration file:$profile:ExpansionMod\Quests\Objectives\AIVIP\2-VIP.json
SCRIPT       : [ExpansionQuestObjectiveAIEscortConfig] Load existing configuration file:$profile:ExpansionMod\Quests\Objectives\AIVIP\Objective_AIESCORT_1.json
SCRIPT       : [ExpansionQuestNPCData] Load existing configuration file:QuestNPC_1.json
SCRIPT       : [ExpansionQuestNPCData] Load existing configuration file:QuestNPC_2.json
SCRIPT       : [ExpansionQuestNPCData] Load existing configuration file:QuestNPC_3.json
SCRIPT       : [ExpansionQuestNPCData] Load existing configuration file:QuestNPC_5.json
SCRIPT       : [EditorLoader] File found: $mission:\EditorFiles\TraderStorage.dze
SCRIPT       : [EditorLoader] Loaded files in 0.003s
SCRIPT       : [EditorLoader] 6 total objects created
SCRIPT       : [EditorLoader] 0 total objects deleted
SCRIPT       : [EditorLoader] Deleted & Created all objects in 0.024s
SCRIPT       : ExpansionMarketItem marketItem = ExpansionMarketItem<b60e8370>
SCRIPT       : int worth =   1
SCRIPT       : 16:38:10.578 [EXPANSION DEBUG]: ExpansionP2PTraderAIIrena<62508020>::SetP2PTraderID - ID: 1
SCRIPT       : ExpansionZonePolygon<51aa83c0> position=<12015.854492, 0.000000, 12591.097656> radius=419.633
SCRIPT       : ExpansionZoneCircle<61bd9170> position=<1143.140015, 0.000000, 2423.270020> radius=400
SCRIPT       : ExpansionZoneCircle<61bda1f0> position=<3728.270020, 0.000000, 6003.600098> radius=400
SCRIPT       : Found 3 zones!
SCRIPT       : 16:38:10.742 [EXPANSION DEBUG]: ExpansionQuestNPCAIDenis<6232c020>::OnEnterSafeZone
SCRIPT       : bool m_Expansion_LeavingSafeZone = 0
SCRIPT       : bool m_Expansion_IsInSafeZone = 0
SCRIPT       : bool m_Expansion_IsInSafeZoneSynchRemote = 0
SCRIPT       : 16:38:10.742 [EXPANSION DEBUG]: ExpansionP2PTraderAIIrena<62508020>::OnEnterSafeZone
SCRIPT       : bool m_Expansion_LeavingSafeZone = 0
SCRIPT       : bool m_Expansion_IsInSafeZone = 0
SCRIPT       : bool m_Expansion_IsInSafeZoneSynchRemote = 0
SCRIPT       : 16:38:11.218 [EXPANSION DEBUG]: ExpansionItemSpawnHelper::Clone - created M4A1:031236 at location { type=HANDS item=M4A1:031210 parent=ExpansionQuestNPCAIDenis:045 }
SCRIPT       : 16:38:11.218 [EXPANSION DEBUG]: ExpansionItemSpawnHelper::Clone - created M4_PlasticHndgrd:031237 at location { type=ATTACHMENT item=null parent=M4A1:031236 slot=weaponHandguardM4 }
SCRIPT       : 16:38:11.222 [EXPANSION DEBUG]: ExpansionItemSpawnHelper::Clone - created M4_OEBttstck:031238 at location { type=ATTACHMENT item=null parent=M4A1:031236 slot=weaponButtstockM4 }
SCRIPT       : 16:38:11.222 [EXPANSION DEBUG]: ExpansionItemSpawnHelper::Clone - created M4_CarryHandleOptic:031239 at location { type=ATTACHMENT item=null parent=M4A1:031236 slot=weaponOptics }
SCRIPT       : 16:38:11.222 [EXPANSION DEBUG]: ExpansionItemSpawnHelper::Clone - created Mag_STANAG_30Rnd:031240 at location { type=ATTACHMENT item=null parent=M4A1:031236 slot=magazine }
SCRIPT       : [emote] ExpansionQuestNPCAIDenis:045 play emote id=46 IH=M4A1:031236
SCRIPT       : [emote] ExpansionP2PTraderAIIrena:044 play emote id=46 IH=null
SCRIPT       : [emote] ExpansionQuestNPCAIElias:046 play emote id=14 IH=CZ75:031226
SCRIPT       : 16:39:20.886 [EXPANSION DEBUG]: ExpansionHardlineModule<bf363bb0> ::LoadPlayerData - Loaded player hardline data for player Blorpus9000[3I2KPiMwtNrbRzLe964-q3OrI2Ligr9LBcsFxmVIl3Q=]
SCRIPT       : ---- PlayerBase OnStoreLoad SUCCESS ----
SCRIPT       : 16:39:35.109 [EXPANSION DEBUG]: SurvivorBase<87875030>::OnEnterSafeZone
SCRIPT       : bool m_Expansion_LeavingSafeZone = 0
SCRIPT       : bool m_Expansion_IsInSafeZone = 0
SCRIPT       : bool m_Expansion_IsInSafeZoneSynchRemote = 0
SCRIPT       : [EditorLoader] Sent Deleted objects in 0s
SCRIPT       : 16:39:35.109 [EXPANSION DEBUG]: ExpansionPartyData<c8c6d560>::OnJoin party Blorpus (ID 0) player Blorpus9000 (ID 3I2KPiMwtNrbRzLe964-q3OrI2Ligr9LBcsFxmVIl3Q=)
SCRIPT       : 16:39:35.140 [EXPANSION DEBUG]: ExpansionQuestModule<c7776c80> Sending 59 quest configs to client with UID: 3I2KPiMwtNrbRzLe964-q3OrI2Ligr9LBcsFxmVIl3Q=
SCRIPT       : 16:39:35.140 [EXPANSION DEBUG]: ExpansionQuestModule<c7776c80> Sending player quest data for 29 quests to player with UID: 3I2KPiMwtNrbRzLe964-q3OrI2Ligr9LBcsFxmVIl3Q=
SCRIPT       : 16:39:36.585 [EXPANSION DEBUG]: ExpansionItemSpawnHelper::Clone - created M4A1:031329 at location { type=HANDS item=M4A1:031301 parent=eAI_SurvivorM_Lewis:049 }
SCRIPT       : 16:39:36.585 [EXPANSION DEBUG]: ExpansionItemSpawnHelper::Clone - created M4_OEBttstck:031330 at location { type=ATTACHMENT item=null parent=M4A1:031329 slot=weaponButtstockM4 }
SCRIPT       : 16:39:36.585 [EXPANSION DEBUG]: ExpansionItemSpawnHelper::Clone - created M4_PlasticHndgrd:031331 at location { type=ATTACHMENT item=null parent=M4A1:031329 slot=weaponHandguardM4 }
SCRIPT       : 16:39:36.589 [EXPANSION DEBUG]: ExpansionItemSpawnHelper::Clone - created M4_CarryHandleOptic:031332 at location { type=ATTACHMENT item=null parent=M4A1:031329 slot=weaponOptics }
SCRIPT       : 16:39:36.644 [EXPANSION DEBUG]: ExpansionItemSpawnHelper::Clone - created Aug:031302 at location { type=HANDS item=Aug:031290 parent=eAI_SurvivorM_Rolf:048 }
SCRIPT       : 16:39:36.644 [EXPANSION DEBUG]: ExpansionItemSpawnHelper::Clone - created Mag_Aug_30Rnd:031301 at location { type=ATTACHMENT item=null parent=Aug:031302 slot=magazine }
SCRIPT       : 16:39:36.750 [EXPANSION DEBUG]: ExpansionItemSpawnHelper::Clone - created FAMAS:031304 at location { type=HANDS item=FAMAS:031316 parent=eAI_SurvivorF_Judy:050 }
SCRIPT       : 16:39:36.750 [EXPANSION DEBUG]: ExpansionItemSpawnHelper::Clone - created Mag_FAMAS_25Rnd:031290 at location { type=ATTACHMENT item=null parent=FAMAS:031304 slot=magazine }
SCRIPT       : 16:39:37.234 [EXPANSION DEBUG]: ExpansionItemSpawnHelper::Clone - created Scout:031370 at location { type=HANDS item=Scout:031291 parent=eAI_SurvivorM_Indar:051 }
SCRIPT       : 16:39:37.238 [EXPANSION DEBUG]: ExpansionItemSpawnHelper::Clone - created Mag_Scout_5Rnd:031371 at location { type=ATTACHMENT item=null parent=Scout:031370 slot=magazine }
SCRIPT       : 16:39:37.296 [EXPANSION DEBUG]: ExpansionItemSpawnHelper::Clone - created Aug:031316 at location { type=HANDS item=Aug:031343 parent=eAI_SurvivorM_Mirek:052 }
SCRIPT       : 16:39:37.296 [EXPANSION DEBUG]: ExpansionItemSpawnHelper::Clone - created Mag_Aug_30Rnd:031291 at location { type=ATTACHMENT item=null parent=Aug:031316 slot=magazine }
SCRIPT       : 16:39:37.402 [EXPANSION DEBUG]: ExpansionItemSpawnHelper::Clone - created M16A2:031344 at location { type=HANDS item=M16A2:031357 parent=eAI_SurvivorF_Eva:053 }
SCRIPT       : 16:39:37.402 [EXPANSION DEBUG]: ExpansionItemSpawnHelper::Clone - created Mag_STANAG_30Rnd:031343 at location { type=ATTACHMENT item=null parent=M16A2:031344 slot=magazine }
SCRIPT       : ExpansionActionOpenTraderMenu::OnStartServer - Start
SCRIPT       : [Logout]: New player 3I2KPiMwtNrbRzLe964-q3OrI2Ligr9LBcsFxmVIl3Q= with logout time 3
SCRIPT       : [emote] SurvivorM_Quinn:047 play emote id=14 IH=AK74:031211
SCRIPT       : 16:41:11.300 [EXPANSION DEBUG]: ExpansionPartyData<c8c6d560>::OnLeave party Blorpus (ID 0) player Blorpus9000 (ID 3I2KPiMwtNrbRzLe964-q3OrI2Ligr9LBcsFxmVIl3Q=)
SCRIPT       : 16:41:11.300 [EXPANSION DEBUG]: ExpansionQuestPersistentData<8e6aa920> ~ExpansionQuestPersistentData (29)
SCRIPT       : [Logout]: Player 3I2KPiMwtNrbRzLe964-q3OrI2Ligr9LBcsFxmVIl3Q= finished
