---------------------------------------------
Log C:\Program Files (x86)\Steam\steamapps\common\DayZServerAug2\config\script_2023-08-09_11-21-15.log started at 09.08. 11:21:15

SCRIPT       : Registered 397 temporary action enum(s), UAN==397
SCRIPT       : Registering faction type eAIFactionShamans ID -1484989417
SCRIPT       : Registering faction type eAIFactionObservers ID -563736721
SCRIPT       : Registering faction type eAIFactionInvincibleObservers ID -1227299746
SCRIPT       : Registering faction type eAIFactionEast ID 90522109
SCRIPT       : Registering faction type eAIFactionGuards ID 963933710
SCRIPT       : Registering faction type eAIFactionRaiders ID 1535276022
SCRIPT       : Registering faction type eAIFactionMercenaries ID 1629891834
SCRIPT       : Registering faction type eAIFactionWest ID 113880155
SCRIPT       : Registering faction type eAIFactionCivilian ID 1096178351
SCRIPT       : Registering faction type eAIFactionPassive ID -1159399789
SCRIPT       : Registering faction type eAIFactionInvincibleGuards ID 782746017
SCRIPT       : ... Backlit Effects Enabled
SCRIPT       : 11:21:16 [EXPANSION LOG]: DayZGame<e9267bb0> Start time (local time) 2023-08-09 11:21:12
SCRIPT       : 11:21:16 [EXPANSION LOG]: DayZGame<e9267bb0> Start time (UTC) 2023-08-09 16:21:12
SCRIPT       : 11:21:16 [EXPANSION LOG]: DayZGame<e9267bb0> Runtime since start (seconds) 4.406
SCRIPT    (W): @"JM/COT/Scripts/4_World/communityonlinetools\classes\webhook\jmwebhookdiscordmessage.c,19": Possible variable name conflict 'username'
SCRIPT    (W): @"JM/COT/Scripts/4_World/communityonlinetools\classes\webhook\jmwebhookdiscordmessage.c,19": Possible variable name conflict 'avatar_url'
SCRIPT    (W): @"JM/COT/Scripts/4_World/communityonlinetools\classes\webhook\jmwebhookdiscordmessage.c,19": Possible variable name conflict 'content'
SCRIPT    (W): @"JM/COT/Scripts/4_World/communityonlinetools\classes\webhook\jmwebhookdiscordmessage.c,151": Possible variable name conflict 'url'
SCRIPT    (W): @"JM/COT/Scripts/4_World/communityonlinetools\classes\webhook\jmwebhookdiscordmessage.c,172": Possible variable name conflict 'url'
SCRIPT    (W): @"JM/COT/Scripts/4_World/communityonlinetools\classes\webhook\jmwebhookdiscordmessage.c,180": Possible variable name conflict 'url'
SCRIPT       : Expansion version: 1.8.20
SCRIPT       : 11:21:30.976 [EXPANSION DEBUG]: [ExpansionDebugSettings] Load existing setting file:$profile:ExpansionMod\Settings\DebugSettings.json
SCRIPT       : 11:21:30.980 [EXPANSION DEBUG]: [ExpansionLogSettings] Load existing setting file:$profile:ExpansionMod\Settings\LogsSettings.json
SCRIPT       : 11:21:30.980 [EXPANSION DEBUG]: [ExpansionNotificationSettings] Load existing setting file:$profile:ExpansionMod\Settings\NotificationSettings.json
SCRIPT       : 11:21:30.980 [EXPANSION DEBUG]: [ExpansionMonitoringSettings] Load existing setting file:$profile:ExpansionMod\Settings\MonitoringSettings.json
SCRIPT       : 11:21:30.980 [EXPANSION DEBUG]: [ExpansionDamageSystemSettings] Load existing setting file:$profile:ExpansionMod\Settings\DamageSystemSettings.json
SCRIPT       : 11:21:30.980 [EXPANSION DEBUG]: [ExpansionPartySettings] Load existing setting file:$profile:ExpansionMod\Settings\PartySettings.json
SCRIPT       : 11:21:30.980 [EXPANSION DEBUG]: [ExpansionHardlineSettings] Load existing setting file:$mission:expansion\settings\HardlineSettings.json
SCRIPT       : 11:21:30.984 [EXPANSION DEBUG]: [ExpansionMarketSettings] Load existing setting file:$mission:expansion\settings\MarketSettings.json
SCRIPT       : ExpansionMarketSettings::LoadCategories - Adding category ID 1 (Ammo)
SCRIPT       : ExpansionMarketSettings::LoadCategories - Adding category ID 2 (Ammo_Boxes)
SCRIPT       : ExpansionMarketSettings::LoadCategories - Adding category ID 3 (Armbands)
SCRIPT       : ExpansionMarketSettings::LoadCategories - Adding category ID 4 (Assault_Rifles)
SCRIPT       : ExpansionMarketSettings::LoadCategories - Adding category ID 5 (Backpacks)
SCRIPT       : ExpansionMarketSettings::LoadCategories - Adding category ID 6 (Bandanas)
SCRIPT       : ExpansionMarketSettings::LoadCategories - Adding category ID 7 (Batteries)
SCRIPT       : ExpansionMarketSettings::LoadCategories - Adding category ID 8 (Bayonets)
SCRIPT       : ExpansionMarketSettings::LoadCategories - Adding category ID 9 (Belts)
SCRIPT       : ExpansionMarketSettings::LoadCategories - Adding category ID 10 (Blouses_And_Suits)
SCRIPT       : ExpansionMarketSettings::LoadCategories - Adding category ID 11 (Boats)
SCRIPT       : ExpansionMarketSettings::LoadCategories - Adding category ID 12 (Boots_And_Shoes)
SCRIPT       : ExpansionMarketSettings::LoadCategories - Adding category ID 13 (Buttstocks)
SCRIPT       : ExpansionMarketSettings::LoadCategories - Adding category ID 14 (Caps)
SCRIPT       : ExpansionMarketSettings::LoadCategories - Adding category ID 15 (Cars)
SCRIPT       : ExpansionMarketSettings::LoadCategories - Adding category ID 16 (Coats_And_Jackets)
SCRIPT       : ExpansionMarketSettings::LoadCategories - Adding category ID 17 (Containers)
SCRIPT       : ExpansionMarketSettings::LoadCategories - Adding category ID 18 (Crossbows)
SCRIPT       : ExpansionMarketSettings::LoadCategories - Adding category ID 19 (Drinks)
SCRIPT       : ExpansionMarketSettings::LoadCategories - Adding category ID 20 (Electronics)
SCRIPT       : ExpansionMarketSettings::LoadCategories - Adding category ID 21 (Event)
SCRIPT       : ExpansionMarketSettings::LoadCategories - Adding category ID 22 (Exchange)
SCRIPT       : ExpansionMarketSettings::LoadCategories - Adding category ID 23 (Explosives_And_Grenades)
SCRIPT       : ExpansionMarketSettings::LoadCategories - Adding category ID 24 (Eyewear)
SCRIPT       : ExpansionMarketSettings::LoadCategories - Adding category ID 25 (Fish)
SCRIPT       : ExpansionMarketSettings::LoadCategories - Adding category ID 26 (Fishing)
SCRIPT       : ExpansionMarketSettings::LoadCategories - Adding category ID 27 (Flags)
SCRIPT       : ExpansionMarketSettings::LoadCategories - Adding category ID 28 (Food)
SCRIPT       : ExpansionMarketSettings::LoadCategories - Adding category ID 29 (Fruit_And_Vegetables)
SCRIPT       : ExpansionMarketSettings::LoadCategories - Adding category ID 30 (Furnishings)
SCRIPT       : ExpansionMarketSettings::LoadCategories - Adding category ID 31 (Gardening)
SCRIPT       : ExpansionMarketSettings::LoadCategories - Adding category ID 32 (Ghillies)
SCRIPT       : ExpansionMarketSettings::LoadCategories - Adding category ID 33 (Gloves)
SCRIPT       : ExpansionMarketSettings::LoadCategories - Adding category ID 34 (Handguards)
SCRIPT       : ExpansionMarketSettings::LoadCategories - Adding category ID 35 (Hats_And_Hoods)
SCRIPT       : ExpansionMarketSettings::LoadCategories - Adding category ID 36 (Helicopters)
SCRIPT       : ExpansionMarketSettings::LoadCategories - Adding category ID 37 (Helmets)
SCRIPT       : ExpansionMarketSettings::LoadCategories - Adding category ID 38 (Holsters_And_Pouches)
SCRIPT       : ExpansionMarketSettings::LoadCategories - Adding category ID 39 (Kits)
SCRIPT       : ExpansionMarketSettings::LoadCategories - Adding category ID 40 (Knifes)
SCRIPT       : ExpansionMarketSettings::LoadCategories - Adding category ID 41 (Launchers)
SCRIPT       : ExpansionMarketSettings::LoadCategories - Adding category ID 42 (Lights)
SCRIPT       : ExpansionMarketSettings::LoadCategories - Adding category ID 43 (Liquids)
SCRIPT       : ExpansionMarketSettings::LoadCategories - Adding category ID 44 (Locks)
SCRIPT       : ExpansionMarketSettings::LoadCategories - Adding category ID 45 (Magazines)
SCRIPT       : ExpansionMarketSettings::LoadCategories - Adding category ID 46 (Masks)
SCRIPT       : ExpansionMarketSettings::LoadCategories - Adding category ID 47 (Meat)
SCRIPT       : ExpansionMarketSettings::LoadCategories - Adding category ID 48 (Medical)
SCRIPT       : ExpansionMarketSettings::LoadCategories - Adding category ID 49 (Melee_Weapons)
SCRIPT       : ExpansionMarketSettings::LoadCategories - Adding category ID 50 (Muzzles)
SCRIPT       : ExpansionMarketSettings::LoadCategories - Adding category ID 51 (Navigation)
SCRIPT       : ExpansionMarketSettings::LoadCategories - Adding category ID 52 (Optics)
SCRIPT       : ExpansionMarketSettings::LoadCategories - Adding category ID 53 (Pants_And_Shorts)
SCRIPT       : ExpansionMarketSettings::LoadCategories - Adding category ID 54 (Pistols)
SCRIPT       : ExpansionMarketSettings::LoadCategories - Adding category ID 55 (Rifles)
SCRIPT       : ExpansionMarketSettings::LoadCategories - Adding category ID 56 (Shirts_And_TShirts)
SCRIPT       : ExpansionMarketSettings::LoadCategories - Adding category ID 57 (Shotguns)
SCRIPT       : ExpansionMarketSettings::LoadCategories - Adding category ID 58 (Skirts_And_Dresses)
SCRIPT       : ExpansionMarketSettings::LoadCategories - Adding category ID 59 (Sniper_Rifles)
SCRIPT       : ExpansionMarketSettings::LoadCategories - Adding category ID 60 (Spraycans)
SCRIPT       : ExpansionMarketSettings::LoadCategories - Adding category ID 61 (Submachine_Guns)
SCRIPT       : ExpansionMarketSettings::LoadCategories - Adding category ID 62 (Supplies)
SCRIPT       : ExpansionMarketSettings::LoadCategories - Adding category ID 63 (Sweaters_And_Hoodies)
SCRIPT       : ExpansionMarketSettings::LoadCategories - Adding category ID 64 (Tents)
SCRIPT       : ExpansionMarketSettings::LoadCategories - Adding category ID 65 (Tools)
SCRIPT       : ExpansionMarketSettings::LoadCategories - Adding category ID 66 (Vehicle_Parts)
SCRIPT       : ExpansionMarketSettings::LoadCategories - Adding category ID 67 (Vests)
SCRIPT       : 11:21:31.101 [EXPANSION DEBUG]: [ExpansionAirdropSettings] Load existing setting file:$profile:ExpansionMod\Settings\AirdropSettings.json
SCRIPT       : 11:21:31.222 [EXPANSION DEBUG]: [ExpansionMissionSettings] Load existing setting file:$profile:ExpansionMod\Settings\MissionSettings.json
SCRIPT       : 11:21:31.222 [EXPANSION DEBUG]: [ExpansionMapSettings] Load existing setting file:$mission:expansion\settings\MapSettings.json
SCRIPT       : 11:21:31.234 [EXPANSION DEBUG]: [ExpansionPersonalStorageNewSettings] Load existing setting file:$profile:ExpansionMod\Settings\PersonalStorageNewSettings.json
SCRIPT       : 11:21:31.234 [EXPANSION DEBUG]: [ExpansionGeneralSettings] Load existing setting file:$profile:ExpansionMod\Settings\GeneralSettings.json
SCRIPT       : 11:21:31.234 [EXPANSION DEBUG]: [ExpansionPlayerListSettings] Load existing setting file:$profile:ExpansionMod\Settings\PlayerListSettings.json
SCRIPT       : 11:21:31.234 [EXPANSION DEBUG]: [ExpansionSocialMediaSettings] Load existing setting file:$profile:ExpansionMod\Settings\SocialMediaSettings.json
SCRIPT       : 11:21:31.238 [EXPANSION DEBUG]: [ExpansionSpawnSettings] Load existing setting file:$mission:expansion\settings\SpawnSettings.json
SCRIPT       : 11:21:31.238 [EXPANSION DEBUG]: [ExpansionVehicleSettings] Load existing setting file:$profile:ExpansionMod\Settings\VehicleSettings.json
SCRIPT       : 11:21:31.238 [EXPANSION DEBUG]: [ExpansionAISettings] Load existing setting file:$profile:ExpansionMod\Settings\AISettings.json
SCRIPT       : 11:21:31.238 [EXPANSION DEBUG]: [ExpansionAIPatrolSettings] Load existing setting file:$mission:expansion\settings\AIPatrolSettings.json
SCRIPT       : 11:21:31.242 [EXPANSION DEBUG]: [ExpansionBaseBuildingSettings] Load existing setting file:$mission:expansion\settings\BaseBuildingSettings.json
SCRIPT       : 11:21:31.246 [EXPANSION DEBUG]: [ExpansionRaidSettings] Load existing setting file:$profile:ExpansionMod\Settings\RaidSettings.json
SCRIPT       : 11:21:31.246 [EXPANSION DEBUG]: [ExpansionTerritorySettings] Load existing setting file:$profile:ExpansionMod\Settings\TerritorySettings.json
SCRIPT       : 11:21:31.250 [EXPANSION DEBUG]: [ExpansionChatSettings] Load existing setting file:$profile:ExpansionMod\Settings\ChatSettings.json
SCRIPT       : [DefineTest] EXPANSIONMOD is defined
SCRIPT       : [DefineTest] EXPANSIONMODAI is defined
SCRIPT       : [DefineTest] EXPANSIONMODANIMATIONS is defined
SCRIPT       : [DefineTest] EXPANSIONMODBASEBUILDING is defined
SCRIPT       : [DefineTest] EXPANSIONMODBOOK is defined
SCRIPT       : [DefineTest] EXPANSIONMODCHAT is defined
SCRIPT       : [DefineTest] EXPANSIONMODCORE is defined
SCRIPT       : [DefineTest] EXPANSIONMODGARAGE is defined
SCRIPT       : [DefineTest] EXPANSIONMODGROUPS is defined
SCRIPT       : [DefineTest] EXPANSIONMODHARDLINE is defined
SCRIPT       : [DefineTest] EXPANSIONMODKILLFEED is defined
SCRIPT       : [DefineTest] EXPANSIONMODMAPASSETS is defined
SCRIPT       : [DefineTest] EXPANSIONMODMARKET is defined
SCRIPT       : [DefineTest] EXPANSIONMODMISSIONS is defined
SCRIPT       : [DefineTest] EXPANSIONMODNAMETAGS is defined
SCRIPT       : [DefineTest] EXPANSIONMODNAVIGATION is defined
SCRIPT       : [DefineTest] EXPANSIONMODP2PMARKET is defined
SCRIPT       : [DefineTest] EXPANSIONMODPERSONALSTORAGE is defined
SCRIPT       : [DefineTest] EXPANSIONMODQUESTS is defined
SCRIPT       : [DefineTest] EXPANSIONMODSPAWNSELECTION is defined
SCRIPT       : [DefineTest] EXPANSIONMODVEHICLE is defined
SCRIPT       : [DefineTest] EXPANSIONMODWEAPONS is defined
SCRIPT       : [DefineTest] CfgMods:
SCRIPT       : defaultAction
SCRIPT       : DayZ
SCRIPT       : DZ_Expansion_AI_Preload
SCRIPT       : DZ_Expansion_Animations_Preload
SCRIPT       : DZ_Expansion_BaseBuilding_Preload
SCRIPT       : DZ_Expansion_Book_Preload
SCRIPT       : DZ_Expansion_Chat_Preload
SCRIPT       : DZ_Expansion_Core_Preload
SCRIPT       : DZ_Expansion_Garage_Preload
SCRIPT       : DZ_Expansion_Groups_Preload
SCRIPT       : DZ_Expansion_Hardline_Preload
SCRIPT       : DZ_Expansion_KillFeed_Preload
SCRIPT       : DZ_Expansion_MapAssets_Preload
SCRIPT       : DZ_Expansion_Market_Preload
SCRIPT       : DZ_Expansion_Missions_Preload
SCRIPT       : DZ_Expansion_ModStorage_Preload
SCRIPT       : DZ_Expansion_NameTags_Preload
SCRIPT       : DZ_Expansion_Navigation_Preload
SCRIPT       : DZ_Expansion_P2PMarket_Preload
SCRIPT       : DZ_Expansion_PersonalStorage_Preload
SCRIPT       : DZ_Expansion_Preload
SCRIPT       : DZ_Expansion_Quests_Preload
SCRIPT       : DZ_Expansion_SpawnSelection_Preload
SCRIPT       : DZ_Expansion_Vehicles_Preload
SCRIPT       : DZ_Expansion_Weapons_Preload
SCRIPT       : DZ_DabsFramework
SCRIPT       : DZ_Expansion_DefineTest
SCRIPT       : DZ_Expansion_MapAssets
SCRIPT       : bliss
SCRIPT       : JM_CommunityFramework
SCRIPT       : JM_CommunityOnlineTools
SCRIPT       : PvZmoD_CustomisableZombies
SCRIPT       : BoostZombiesVisionAddon
SCRIPT       : DZ_Expansion_ModStorage
SCRIPT       : DZ_Expansion_Core
SCRIPT       : DZ_Expansion_Garage
SCRIPT       : DZ_Expansion_Groups
SCRIPT       : DZ_Expansion_Market
SCRIPT       : DZ_Expansion_Missions
SCRIPT       : DZ_Expansion_NameTags
SCRIPT       : DZ_Expansion_Navigation
SCRIPT       : DZ_Expansion_NotificationScheduler
SCRIPT       : DZ_Expansion_P2PMarket
SCRIPT       : DZ_Expansion_PersonalStorage
SCRIPT       : DZ_Expansion_PersonalStorageNew
SCRIPT       : DZ_Expansion_PlayerList
SCRIPT       : DZ_Expansion
SCRIPT       : DZ_Expansion_SpawnSelection
SCRIPT       : DZ_Expansion_VanillaFixes
SCRIPT       : DZ_Expansion_Vehicles
SCRIPT       : DZ_Expansion_Weapons
SCRIPT       : DZ_Expansion_AI
SCRIPT       : DZ_Expansion_BaseBuilding
SCRIPT       : DZ_Expansion_Book
SCRIPT       : DZ_Expansion_Chat
SCRIPT       : DZ_Expansion_Hardline
SCRIPT       : DZ_Expansion_Quests
SCRIPT       : DZ_Expansion_VirtualContainerStorage
SCRIPT       : DayZ_Expansion_AI_Dynamic
SCRIPT       : 11:21:31.585 [EXPANSION DEBUG]: ModStorage v5
SCRIPT       : 11:21:34.429 [EXPANSION DEBUG]: ExpansionTraderJudy<c8b52040>::SetTraderObject ExpansionTraderObjectBase<ce16d910> <4973.928711, 9.510984, 2436.782959>
SCRIPT       : 11:21:34.429 [EXPANSION DEBUG]: LoadMissionTradersFile trader ExpansionTraderJudy<c8b52040> fileName Aircraft
SCRIPT       : 11:21:34.441 [EXPANSION DEBUG]: ExpansionTraderJose<97a70020>::SetTraderObject ExpansionTraderObjectBase<ce44f8a0> <14353.624023, 3.326771, 13229.217773>
SCRIPT       : 11:21:34.441 [EXPANSION DEBUG]: LoadMissionTradersFile trader ExpansionTraderJose<97a70020> fileName Boats
SCRIPT       : 11:21:34.449 [EXPANSION DEBUG]: ExpansionTraderEva<39cfa010>::SetTraderObject ExpansionTraderObjectBase<ce5c78e0> <14378.793945, 3.325975, 13271.585938>
SCRIPT       : 11:21:34.449 [EXPANSION DEBUG]: LoadMissionTradersFile trader ExpansionTraderEva<39cfa010> fileName Fishing
SCRIPT       : 11:21:34.457 [EXPANSION DEBUG]: ExpansionTraderLewis<e1f0a010>::SetTraderObject ExpansionTraderObjectBase<ce6debd0> <1756.656372, 1.415564, 2027.359741>
SCRIPT       : 11:21:34.457 [EXPANSION DEBUG]: LoadMissionTradersFile trader ExpansionTraderLewis<e1f0a010> fileName Boats
SCRIPT       : 11:21:34.457 [EXPANSION DEBUG]: LoadMissionTradersFile trader ExpansionTraderStaticBase<a7838dc0> fileName Exchange
SCRIPT       : 11:21:34.472 [EXPANSION DEBUG]: ExpansionTraderDenis<ce7dc020>::SetTraderObject ExpansionTraderObjectBase<ce7b85d0> <3697.249512, 402.010010, 5977.625488>
SCRIPT       : 11:21:34.472 [EXPANSION DEBUG]: LoadMissionTradersFile trader ExpansionTraderDenis<ce7dc020> fileName Clothing
SCRIPT       : 11:21:34.492 [EXPANSION DEBUG]: ExpansionTraderMaria<ce598020>::SetTraderObject ExpansionTraderObjectBase<ce8cf6b0> <3696.455811, 402.010010, 5980.193359>
SCRIPT       : 11:21:34.492 [EXPANSION DEBUG]: LoadMissionTradersFile trader ExpansionTraderMaria<ce598020> fileName Clothing_Accessories
SCRIPT       : 11:21:34.507 [EXPANSION DEBUG]: ExpansionTraderQuinn<cea65010>::SetTraderObject ExpansionTraderObjectBase<cea25900> <3710.121826, 402.010010, 5976.164063>
SCRIPT       : 11:21:34.507 [EXPANSION DEBUG]: LoadMissionTradersFile trader ExpansionTraderQuinn<cea65010> fileName Consumables
SCRIPT       : 11:21:34.523 [EXPANSION DEBUG]: ExpansionTraderNaomi<cea12800>::SetTraderObject ExpansionTraderObjectBase<cebd68c0> <3708.786865, 402.010010, 5974.589844>
SCRIPT       : 11:21:34.523 [EXPANSION DEBUG]: LoadMissionTradersFile trader ExpansionTraderNaomi<cea12800> fileName Weapons
SCRIPT       : 11:21:34.539 [EXPANSION DEBUG]: ExpansionTraderSeth<8c19c670>::SetTraderObject ExpansionTraderObjectBase<d51b6a80> <3710.265137, 402.010010, 5973.340820>
SCRIPT       : 11:21:34.539 [EXPANSION DEBUG]: LoadMissionTradersFile trader ExpansionTraderSeth<8c19c670> fileName Attachments
SCRIPT       : 11:21:34.550 [EXPANSION DEBUG]: ExpansionTraderRolf<8c1bb6f0>::SetTraderObject ExpansionTraderObjectBase<d52c1ca0> <3698.172607, 402.010010, 5995.337402>
SCRIPT       : 11:21:34.550 [EXPANSION DEBUG]: LoadMissionTradersFile trader ExpansionTraderRolf<8c1bb6f0> fileName Vehicles
SCRIPT       : 11:21:34.566 [EXPANSION DEBUG]: ExpansionTraderIndar<8c1a0480>::SetTraderObject ExpansionTraderObjectBase<d53b04e0> <3714.531006, 402.138000, 5961.776367>
SCRIPT       : 11:21:34.566 [EXPANSION DEBUG]: LoadMissionTradersFile trader ExpansionTraderIndar<8c1a0480> fileName Components
SCRIPT       : 11:21:34.574 [EXPANSION DEBUG]: ExpansionTraderJudy<8c1abeb0>::SetTraderObject ExpansionTraderObjectBase<d553b9a0> <3729.029541, 402.651001, 5969.476563>
SCRIPT       : 11:21:34.574 [EXPANSION DEBUG]: LoadMissionTradersFile trader ExpansionTraderJudy<8c1abeb0> fileName Medicals
SCRIPT       : 11:21:34.574 [EXPANSION DEBUG]: ExpansionTraderNaomi<8c1bf500>::SetTraderObject ExpansionTraderObjectBase<d553eec0> <3690.062988, 402.100067, 6006.763672>
SCRIPT       : 11:21:34.574 [EXPANSION DEBUG]: LoadMissionTradersFile trader ExpansionTraderNaomi<8c1bf500> fileName Vehicle_Parts
SCRIPT       : 11:21:34.582 [EXPANSION DEBUG]: ExpansionTraderJose<8c1a4290>::SetTraderObject ExpansionTraderObjectBase<d5543e20> <3699.629883, 402.010010, 5993.970215>
SCRIPT       : 11:21:34.582 [EXPANSION DEBUG]: LoadMissionTradersFile trader ExpansionTraderJose<8c1a4290> fileName Spraycans
SCRIPT       : 11:21:34.593 [EXPANSION DEBUG]: ExpansionTraderLinda<8c1c7120>::SetTraderObject ExpansionTraderObjectBase<d56dec70> <3674.669922, 406.760010, 5990.390137>
SCRIPT       : 11:21:34.593 [EXPANSION DEBUG]: LoadMissionTradersFile trader ExpansionTraderLinda<8c1c7120> fileName Special
SCRIPT       : 11:21:34.601 [EXPANSION DEBUG]: ExpansionTraderNiki<8c1ced40>::SetTraderObject ExpansionTraderObjectBase<d57f4520> <3699.030029, 402.013000, 5973.439941>
SCRIPT       : 11:21:34.601 [EXPANSION DEBUG]: LoadMissionTradersFile trader ExpansionTraderNiki<8c1ced40> fileName BuildingSupplies
SCRIPT       : 11:21:34.609 [EXPANSION DEBUG]: ExpansionTraderFrancis<8c1caf30>::SetTraderObject ExpansionTraderObjectBase<d58d0570> <1153.964844, 6.463035, 2409.763184>
SCRIPT       : 11:21:34.609 [EXPANSION DEBUG]: LoadMissionTradersFile trader ExpansionTraderFrancis<8c1caf30> fileName Attachments
SCRIPT       : 11:21:34.617 [EXPANSION DEBUG]: ExpansionTraderKaito<8c1c3310>::SetTraderObject ExpansionTraderObjectBase<d5a375c0> <1117.021240, 5.495151, 2413.766357>
SCRIPT       : 11:21:34.617 [EXPANSION DEBUG]: LoadMissionTradersFile trader ExpansionTraderKaito<8c1c3310> fileName Components
SCRIPT       : 11:21:34.625 [EXPANSION DEBUG]: ExpansionTraderCyril<8c1b3ad0>::SetTraderObject ExpansionTraderObjectBase<d5ae3340> <1136.987427, 5.908522, 2439.662598>
SCRIPT       : 11:21:34.625 [EXPANSION DEBUG]: LoadMissionTradersFile trader ExpansionTraderCyril<8c1b3ad0> fileName Clothing
SCRIPT       : 11:21:34.632 [EXPANSION DEBUG]: ExpansionTraderGuo<8c1d2b50>::SetTraderObject ExpansionTraderObjectBase<d5b004e0> <1133.974854, 5.909700, 2442.412598>
SCRIPT       : 11:21:34.632 [EXPANSION DEBUG]: LoadMissionTradersFile trader ExpansionTraderGuo<8c1d2b50> fileName Clothing_Accessories
SCRIPT       : 11:21:34.640 [EXPANSION DEBUG]: ExpansionTraderBoris<8c1d6960>::SetTraderObject ExpansionTraderObjectBase<d5c54340> <1123.468262, 15.349299, 2426.316162>
SCRIPT       : 11:21:34.640 [EXPANSION DEBUG]: LoadMissionTradersFile trader ExpansionTraderBoris<8c1d6960> fileName Exchange
SCRIPT       : 11:21:34.640 [EXPANSION DEBUG]: ExpansionTraderLinda<d5d044d0>::SetTraderObject ExpansionTraderObjectBase<d5c57e50> <1135.892822, 5.908773, 2436.856689>
SCRIPT       : 11:21:34.640 [EXPANSION DEBUG]: LoadMissionTradersFile trader ExpansionTraderLinda<d5d044d0> fileName Consumables
SCRIPT       : 11:21:34.652 [EXPANSION DEBUG]: ExpansionTraderKeiko<d5d082e0>::SetTraderObject ExpansionTraderObjectBase<d5dead90> <1130.731689, 5.951744, 2438.009277>
SCRIPT       : 11:21:34.652 [EXPANSION DEBUG]: LoadMissionTradersFile trader ExpansionTraderKeiko<d5d082e0> fileName Medicals
SCRIPT       : 11:21:34.656 [EXPANSION DEBUG]: ExpansionTraderHelga<d5ced070>::SetTraderObject ExpansionTraderObjectBase<d5e99960> <1141.654419, 5.906255, 2421.591309>
SCRIPT       : 11:21:34.656 [EXPANSION DEBUG]: LoadMissionTradersFile trader ExpansionTraderHelga<d5ced070> fileName Special
SCRIPT       : 11:21:34.664 [EXPANSION DEBUG]: ExpansionTraderFrida<d5d0c0f0>::SetTraderObject ExpansionTraderObjectBase<d5f4b740> <1120.135132, 5.600746, 2417.465820>
SCRIPT       : 11:21:34.664 [EXPANSION DEBUG]: LoadMissionTradersFile trader ExpansionTraderFrida<d5d0c0f0> fileName Vehicles
SCRIPT       : 11:21:34.671 [EXPANSION DEBUG]: ExpansionTraderHassan<d5cf4c90>::SetTraderObject ExpansionTraderObjectBase<d602c6f0> <1123.977905, 5.639271, 2417.411865>
SCRIPT       : 11:21:34.671 [EXPANSION DEBUG]: LoadMissionTradersFile trader ExpansionTraderHassan<d5cf4c90> fileName Vehicle_Parts
SCRIPT       : 11:21:34.675 [EXPANSION DEBUG]: ExpansionTraderDenis<d5cf8aa0>::SetTraderObject ExpansionTraderObjectBase<d6031100> <1156.719727, 6.513331, 2406.355225>
SCRIPT       : 11:21:34.675 [EXPANSION DEBUG]: LoadMissionTradersFile trader ExpansionTraderDenis<d5cf8aa0> fileName Weapons
SCRIPT       : 11:21:34.683 [EXPANSION DEBUG]: ExpansionTraderGabi<d5cf0e80>::SetTraderObject ExpansionTraderObjectBase<d8dc0570> <1135.689941, 5.900000, 2423.300049>
SCRIPT       : 11:21:34.683 [EXPANSION DEBUG]: LoadMissionTradersFile trader ExpansionTraderGabi<d5cf0e80> fileName BuildingSupplies
SCRIPT       : 11:21:34.683 [EXPANSION DEBUG]: ExpansionTraderFrancis<d5d0ff00>::SetTraderObject ExpansionTraderObjectBase<d8dc3720> <11835.901367, 140.617874, 12474.744141>
SCRIPT       : 11:21:34.683 [EXPANSION DEBUG]: LoadMissionTradersFile trader ExpansionTraderFrancis<d5d0ff00> fileName Attachments
SCRIPT       : 11:21:34.687 [EXPANSION DEBUG]: ExpansionTraderLinda<d5d13d10>::SetTraderObject ExpansionTraderObjectBase<d8dc8b80> <11856.716797, 140.565109, 12461.438477>
SCRIPT       : 11:21:34.687 [EXPANSION DEBUG]: LoadMissionTradersFile trader ExpansionTraderLinda<d5d13d10> fileName Consumables
SCRIPT       : 11:21:34.691 [EXPANSION DEBUG]: ExpansionTraderCyril<d5cfc8b0>::SetTraderObject ExpansionTraderObjectBase<d8ef49b0> <11855.000000, 140.605103, 12466.099609>
SCRIPT       : 11:21:34.691 [EXPANSION DEBUG]: LoadMissionTradersFile trader ExpansionTraderCyril<d5cfc8b0> fileName Clothing
SCRIPT       : 11:21:34.691 [EXPANSION DEBUG]: ExpansionTraderGuo<d5d006c0>::SetTraderObject ExpansionTraderObjectBase<d8ef8920> <11855.200195, 140.605103, 12470.487305>
SCRIPT       : 11:21:34.691 [EXPANSION DEBUG]: LoadMissionTradersFile trader ExpansionTraderGuo<d5d006c0> fileName Clothing_Accessories
SCRIPT       : 11:21:34.695 [EXPANSION DEBUG]: ExpansionTraderKaito<d5d23550>::SetTraderObject ExpansionTraderObjectBase<d8efe5a0> <11849.400391, 140.605087, 12466.200195>
SCRIPT       : 11:21:34.695 [EXPANSION DEBUG]: LoadMissionTradersFile trader ExpansionTraderKaito<d5d23550> fileName Components
SCRIPT       : 11:21:34.699 [EXPANSION DEBUG]: ExpansionTraderBoris<d5d1b930>::SetTraderObject ExpansionTraderObjectBase<d8f043b0> <11858.202148, 140.615112, 12463.234375>
SCRIPT       : 11:21:34.699 [EXPANSION DEBUG]: LoadMissionTradersFile trader ExpansionTraderBoris<d5d1b930> fileName Exchange
SCRIPT       : 11:21:34.699 [EXPANSION DEBUG]: ExpansionTraderKeiko<d5d17b20>::SetTraderObject ExpansionTraderObjectBase<d8f08230> <11853.218750, 140.605087, 12463.277344>
SCRIPT       : 11:21:34.699 [EXPANSION DEBUG]: LoadMissionTradersFile trader ExpansionTraderKeiko<d5d17b20> fileName Medicals
SCRIPT       : 11:21:34.703 [EXPANSION DEBUG]: ExpansionTraderGabi<d5d27360>::SetTraderObject ExpansionTraderObjectBase<d8f0d730> <11833.200195, 140.605118, 12461.700195>
SCRIPT       : 11:21:34.703 [EXPANSION DEBUG]: LoadMissionTradersFile trader ExpansionTraderGabi<d5d27360> fileName Special
SCRIPT       : 11:21:34.710 [EXPANSION DEBUG]: ExpansionTraderElias<d5d1f740>::SetTraderObject ExpansionTraderObjectBase<d9007ca0> <11877.799805, 140.134796, 12441.599609>
SCRIPT       : 11:21:34.710 [EXPANSION DEBUG]: LoadMissionTradersFile trader ExpansionTraderElias<d5d1f740> fileName Vehicles
SCRIPT       : 11:21:34.714 [EXPANSION DEBUG]: ExpansionTraderHassan<d9062920>::SetTraderObject ExpansionTraderObjectBase<d900c930> <11878.674805, 140.134796, 12424.302734>
SCRIPT       : 11:21:34.714 [EXPANSION DEBUG]: LoadMissionTradersFile trader ExpansionTraderHassan<d9062920> fileName Vehicle_Parts
SCRIPT       : 11:21:34.718 [EXPANSION DEBUG]: ExpansionTraderDenis<d904f2d0>::SetTraderObject ExpansionTraderObjectBase<d913efe0> <11833.576172, 140.605072, 12469.492188>
SCRIPT       : 11:21:34.718 [EXPANSION DEBUG]: LoadMissionTradersFile trader ExpansionTraderDenis<d904f2d0> fileName Weapons
SCRIPT       : 11:21:34.718 [EXPANSION DEBUG]: ExpansionTraderLinda<d906e350>::SetTraderObject ExpansionTraderObjectBase<d9142640> <11852.194336, 140.660980, 12472.387695>
SCRIPT       : 11:21:34.718 [EXPANSION DEBUG]: LoadMissionTradersFile trader ExpansionTraderLinda<d906e350> fileName BuildingSupplies
SCRIPT       : 11:21:34.726 [EXPANSION DEBUG]: ExpansionTraderManua<d906a540>::SetTraderObject ExpansionTraderObjectBase<d91fa400> <11879.722656, 140.094788, 12435.959961>
SCRIPT       : 11:21:34.726 [EXPANSION DEBUG]: LoadMissionTradersFile trader ExpansionTraderManua<d906a540> fileName Spraycans
SCRIPT       : 11:21:34.734 [EXPANSION DEBUG]: ExpansionTraderIrena<d905ad00>::SetTraderObject ExpansionTraderObjectBase<d9218590> <12160.279297, 140.580765, 12689.783203>
SCRIPT       : 11:21:34.734 [EXPANSION DEBUG]: LoadMissionTradersFile trader ExpansionTraderIrena<d905ad00> fileName Aircraft
SCRIPT       : [ExpansionQuestPersistentServerData] Load existing configuration file:$profile:ExpansionMod\Quests\PersistentServerData.json
SCRIPT       : [ExpansionQuestPersistentServerData] Load existing configuration file:$profile:ExpansionMod\Quests\PersistentServerData.json
SCRIPT       : [ExpansionQuestObjectiveTravelConfig] Load existing configuration file:$profile:ExpansionMod\Quests\Objectives\Travel\Objective_T_1.json
SCRIPT       : [ExpansionQuestObjectiveTravelConfig] Load existing configuration file:$profile:ExpansionMod\Quests\Objectives\Travel\Objective_T_2.json
SCRIPT       : [ExpansionQuestObjectiveTravelConfig] Load existing configuration file:$profile:ExpansionMod\Quests\Objectives\Travel\Objective_T_3.json
SCRIPT       : [ExpansionQuestObjectiveTravelConfig] Load existing configuration file:$profile:ExpansionMod\Quests\Objectives\Travel\Objective_T_4.json
SCRIPT       : [ExpansionQuestObjectiveTargetConfig] Load existing configuration file:$profile:ExpansionMod\Quests\Objectives\Target\Objective_TA_1.json
SCRIPT       : [ExpansionQuestObjectiveTargetConfig] Load existing configuration file:$profile:ExpansionMod\Quests\Objectives\Target\Objective_TA_2.json
SCRIPT       : [ExpansionQuestObjectiveTargetConfig] Load existing configuration file:$profile:ExpansionMod\Quests\Objectives\Target\Objective_TA_3.json
SCRIPT       : [ExpansionQuestObjectiveTargetConfig] Load existing configuration file:$profile:ExpansionMod\Quests\Objectives\Target\Objective_TA_4.json
SCRIPT       : [ExpansionQuestObjectiveDeliveryConfig] Load existing configuration file:$profile:ExpansionMod\Quests\Objectives\Delivery\Objective_D_1.json
SCRIPT       : [ExpansionQuestObjectiveDeliveryConfig] Load existing configuration file:$profile:ExpansionMod\Quests\Objectives\Delivery\Objective_D_2.json
SCRIPT       : [ExpansionQuestObjectiveCollectionConfig] Load existing configuration file:$profile:ExpansionMod\Quests\Objectives\Collection\Objective_C_1.json
SCRIPT       : [ExpansionQuestObjectiveCollectionConfig] Load existing configuration file:$profile:ExpansionMod\Quests\Objectives\Collection\Objective_C_2.json
SCRIPT       : [ExpansionQuestObjectiveCollectionConfig] Load existing configuration file:$profile:ExpansionMod\Quests\Objectives\Collection\Objective_C_3.json
SCRIPT       : [ExpansionQuestObjectiveTreasureHuntConfig] Load existing configuration file:$profile:ExpansionMod\Quests\Objectives\TreasureHunt\Objective_TH_1.json
SCRIPT       : [ExpansionQuestObjectiveActionConfig] Load existing configuration file:$profile:ExpansionMod\Quests\Objectives\Action\Objective_A_1.json
SCRIPT       : [ExpansionQuestObjectiveActionConfig] Load existing configuration file:$profile:ExpansionMod\Quests\Objectives\Action\Objective_A_2.json
SCRIPT       : [ExpansionQuestObjectiveCraftingConfig] Load existing configuration file:$profile:ExpansionMod\Quests\Objectives\Crafting\Objective_CR_1.json
SCRIPT       : [ExpansionQuestObjectiveAIPatrolConfig] Load existing configuration file:$profile:ExpansionMod\Quests\Objectives\AIPatrol\Objective_AIP_1.json
SCRIPT       : [ExpansionQuestObjectiveAICampConfig] Load existing configuration file:$profile:ExpansionMod\Quests\Objectives\AICamp\Objective_AIC_1.json
SCRIPT       : [ExpansionQuestObjectiveAIEscortConfig] Load existing configuration file:$profile:ExpansionMod\Quests\Objectives\AIVIP\Objective_AIESCORT_1.json
SCRIPT       : [ExpansionQuestNPCData] Load existing configuration file:QuestNPC_1.json
SCRIPT       : [ExpansionQuestNPCData] Load existing configuration file:QuestNPC_2.json
SCRIPT       : [ExpansionQuestNPCData] Load existing configuration file:QuestNPC_3.json
SCRIPT       : 11:21:48.531 [EXPANSION DEBUG]: ExpansionP2PTraderAIIrena<837d7740>::SetP2PTraderID - ID: 1
SCRIPT       : ExpansionZonePolygon<3dc703b0> position=<12015.854492, 0.000000, 12591.097656> radius=419.633
SCRIPT       : ExpansionZoneCircle<836f7640> position=<1143.140015, 0.000000, 2423.270020> radius=700
SCRIPT       : ExpansionZoneCircle<836f6920> position=<3728.270020, 0.000000, 6003.600098> radius=500
SCRIPT       : Found 3 zones!
SCRIPT       : ExpansionMarketItem marketItem = ExpansionMarketItem<ad3efbe0>
SCRIPT       : int worth =   1
SCRIPT       : 11:21:48.585 [EXPANSION DEBUG]: ExpansionQuestNPCAIDenis<854dbde0>::OnEnterSafeZone
SCRIPT       : bool m_Expansion_LeavingSafeZone = 0
SCRIPT       : bool m_Expansion_IsInSafeZone = 0
SCRIPT       : bool m_Expansion_IsInSafeZoneSynchRemote = 0
SCRIPT       : 11:21:48.585 [EXPANSION DEBUG]: ExpansionP2PTraderAIIrena<837d7740>::OnEnterSafeZone
SCRIPT       : bool m_Expansion_LeavingSafeZone = 0
SCRIPT       : bool m_Expansion_IsInSafeZone = 0
SCRIPT       : bool m_Expansion_IsInSafeZoneSynchRemote = 0
SCRIPT       : [emote] ExpansionP2PTraderAIIrena:043 play emote id=46 IH=null
SCRIPT       : 11:21:50.132 [EXPANSION DEBUG]: ExpansionItemSpawnHelper::Clone - created FAMAS:030748 at location { type=HANDS item=FAMAS:030661 parent=ExpansionQuestNPCAIDenis:044 }
SCRIPT       : 11:21:50.132 [EXPANSION DEBUG]: ExpansionItemSpawnHelper::Clone - created Mag_FAMAS_25Rnd:030749 at location { type=ATTACHMENT item=null parent=FAMAS:030748 slot=magazine }
SCRIPT       : [emote] ExpansionQuestNPCAIDenis:044 play emote id=46 IH=FAMAS:030748
SCRIPT       : 11:21:50.953 [EXPANSION DEBUG]: ExpansionItemSpawnHelper::Clone - created AK74:030662 at location { type=HANDS item=AK74:030669 parent=ExpansionQuestNPCAIElias:045 }
SCRIPT       : 11:21:50.953 [EXPANSION DEBUG]: ExpansionItemSpawnHelper::Clone - created AK_WoodBttstck:030661 at location { type=ATTACHMENT item=null parent=AK74:030662 slot=weaponButtstockAK }
SCRIPT       : 11:21:50.953 [EXPANSION DEBUG]: ExpansionItemSpawnHelper::Clone - created AK_PlasticHndgrd:030750 at location { type=ATTACHMENT item=null parent=AK74:030662 slot=weaponHandguardAK }
SCRIPT       : 11:21:50.953 [EXPANSION DEBUG]: ExpansionItemSpawnHelper::Clone - created Mag_AK74_30Rnd:030751 at location { type=ATTACHMENT item=null parent=AK74:030662 slot=magazine }
SCRIPT       : [emote] ExpansionQuestNPCAIElias:045 play emote id=14 IH=AK74:030662
SCRIPT       : 11:22:24.058 [EXPANSION DEBUG]: ExpansionHardlineModule<fa9fbde0> ::LoadPlayerData - Loaded player hardline data for player Blorpus9000[3I2KPiMwtNrbRzLe964-q3OrI2Ligr9LBcsFxmVIl3Q=]
SCRIPT       : 11:22:40.503 [EXPANSION DEBUG]: ExpansionQuestModule<fd371b10> Sending 21 quest configs to client with UID: 3I2KPiMwtNrbRzLe964-q3OrI2Ligr9LBcsFxmVIl3Q=
SCRIPT       : 11:22:40.503 [EXPANSION DEBUG]: ExpansionQuestModule<fd371b10> Sending player quest data for 4 quests to player with UID: 3I2KPiMwtNrbRzLe964-q3OrI2Ligr9LBcsFxmVIl3Q=
SCRIPT       : [Logout]: New player 3I2KPiMwtNrbRzLe964-q3OrI2Ligr9LBcsFxmVIl3Q= with logout time 3
SCRIPT       : [emote] SurvivorF_Frida:046 play emote id=14 IH=null
SCRIPT       : 11:22:57.390 [EXPANSION DEBUG]: ExpansionQuestPersistentData<9a9feed0> ~ExpansionQuestPersistentData (4)
SCRIPT       : [Logout]: Player 3I2KPiMwtNrbRzLe964-q3OrI2Ligr9LBcsFxmVIl3Q= finished
