---------------------------------------------
Log C:\Program Files (x86)\Steam\steamapps\common\DayZServerAug2\config\script_2023-08-18_09-53-49.log started at 18.08. 09:53:50

SCRIPT       : Registered 397 temporary action enum(s), UAN==397
SCRIPT       : Registering faction type eAIFactionShamans ID -1484989417
SCRIPT       : Registering faction type eAIFactionObservers ID -563736721
SCRIPT       : Registering faction type eAIFactionInvincibleObservers ID -1227299746
SCRIPT       : Registering faction type eAIFactionEast ID 90522109
SCRIPT       : Registering faction type eAIFactionGuards ID 963933710
SCRIPT       : Registering faction type eAIFactionRaiders ID 1535276022
SCRIPT       : Registering faction type eAIFactionMercenaries ID 1629891834
SCRIPT       : Registering faction type eAIFactionWest ID 113880155
SCRIPT       : Registering faction type eAIFactionCivilian ID 1096178351
SCRIPT       : Registering faction type eAIFactionPassive ID -1159399789
SCRIPT       : Registering faction type eAIFactionInvincibleGuards ID 782746017
SCRIPT       : ... Backlit Effects Enabled
SCRIPT       : 09:53:51 [EXPANSION LOG]: DayZGame<e740b4c0> Start time (local time) 2023-08-18 09:53:44
SCRIPT       : 09:53:51 [EXPANSION LOG]: DayZGame<e740b4c0> Start time (UTC) 2023-08-18 14:53:44
SCRIPT       : 09:53:51 [EXPANSION LOG]: DayZGame<e740b4c0> Runtime since start (seconds) 7.048
SCRIPT    (W): @"JM/COT/Scripts/4_World/communityonlinetools\classes\webhook\jmwebhookdiscordmessage.c,19": Possible variable name conflict 'username'
SCRIPT    (W): @"JM/COT/Scripts/4_World/communityonlinetools\classes\webhook\jmwebhookdiscordmessage.c,19": Possible variable name conflict 'avatar_url'
SCRIPT    (W): @"JM/COT/Scripts/4_World/communityonlinetools\classes\webhook\jmwebhookdiscordmessage.c,19": Possible variable name conflict 'content'
SCRIPT    (W): @"JM/COT/Scripts/4_World/communityonlinetools\classes\webhook\jmwebhookdiscordmessage.c,151": Possible variable name conflict 'url'
SCRIPT    (W): @"JM/COT/Scripts/4_World/communityonlinetools\classes\webhook\jmwebhookdiscordmessage.c,172": Possible variable name conflict 'url'
SCRIPT    (W): @"JM/COT/Scripts/4_World/communityonlinetools\classes\webhook\jmwebhookdiscordmessage.c,180": Possible variable name conflict 'url'
SCRIPT       : 09:54:05.023 [EXPANSION DEBUG]: [ExpansionDebugSettings] Load existing setting file:$profile:ExpansionMod\Settings\DebugSettings.json
SCRIPT       : 09:54:05.027 [EXPANSION DEBUG]: [ExpansionLogSettings] Load existing setting file:$profile:ExpansionMod\Settings\LogsSettings.json
SCRIPT       : 09:54:05.035 [EXPANSION DEBUG]: [ExpansionNotificationSettings] Load existing setting file:$profile:ExpansionMod\Settings\NotificationSettings.json
SCRIPT       : 09:54:05.039 [EXPANSION DEBUG]: [ExpansionMonitoringSettings] Load existing setting file:$profile:ExpansionMod\Settings\MonitoringSettings.json
SCRIPT       : 09:54:05.042 [EXPANSION DEBUG]: [ExpansionDamageSystemSettings] Load existing setting file:$profile:ExpansionMod\Settings\DamageSystemSettings.json
SCRIPT       : 09:54:05.046 [EXPANSION DEBUG]: [ExpansionPartySettings] Load existing setting file:$profile:ExpansionMod\Settings\PartySettings.json
SCRIPT       : 09:54:05.050 [EXPANSION DEBUG]: [ExpansionHardlineSettings] Load existing setting file:$mission:expansion\settings\HardlineSettings.json
SCRIPT       : 09:54:05.054 [EXPANSION DEBUG]: [ExpansionMarketSettings] Load existing setting file:$mission:expansion\settings\MarketSettings.json
SCRIPT       : ExpansionMarketSettings::LoadCategories - Adding category ID 1 (Ammo)
SCRIPT       : ExpansionMarketSettings::LoadCategories - Adding category ID 2 (Ammo_Boxes)
SCRIPT       : ExpansionMarketSettings::LoadCategories - Adding category ID 3 (Armbands)
SCRIPT       : ExpansionMarketSettings::LoadCategories - Adding category ID 4 (Assault_Rifles)
SCRIPT       : ExpansionMarketSettings::LoadCategories - Adding category ID 5 (Backpacks)
SCRIPT       : ExpansionMarketSettings::LoadCategories - Adding category ID 6 (Bandanas)
SCRIPT       : ExpansionMarketSettings::LoadCategories - Adding category ID 7 (Batteries)
SCRIPT       : ExpansionMarketSettings::LoadCategories - Adding category ID 8 (Bayonets)
SCRIPT       : ExpansionMarketSettings::LoadCategories - Adding category ID 9 (Belts)
SCRIPT       : ExpansionMarketSettings::LoadCategories - Adding category ID 10 (Blouses_And_Suits)
SCRIPT       : ExpansionMarketSettings::LoadCategories - Adding category ID 11 (Boats)
SCRIPT       : ExpansionMarketSettings::LoadCategories - Adding category ID 12 (Boots_And_Shoes)
SCRIPT       : ExpansionMarketSettings::LoadCategories - Adding category ID 13 (Buttstocks)
SCRIPT       : ExpansionMarketSettings::LoadCategories - Adding category ID 14 (Caps)
SCRIPT       : ExpansionMarketSettings::LoadCategories - Adding category ID 15 (Cars)
SCRIPT       : ExpansionMarketSettings::LoadCategories - Adding category ID 16 (Coats_And_Jackets)
SCRIPT       : ExpansionMarketSettings::LoadCategories - Adding category ID 17 (Containers)
SCRIPT       : ExpansionMarketSettings::LoadCategories - Adding category ID 18 (Crossbows)
SCRIPT       : ExpansionMarketSettings::LoadCategories - Adding category ID 19 (Drinks)
SCRIPT       : ExpansionMarketSettings::LoadCategories - Adding category ID 20 (Electronics)
SCRIPT       : ExpansionMarketSettings::LoadCategories - Adding category ID 21 (Event)
SCRIPT       : ExpansionMarketSettings::LoadCategories - Adding category ID 22 (Exchange)
SCRIPT       : ExpansionMarketSettings::LoadCategories - Adding category ID 23 (Explosives_And_Grenades)
SCRIPT       : ExpansionMarketSettings::LoadCategories - Adding category ID 24 (Eyewear)
SCRIPT       : ExpansionMarketSettings::LoadCategories - Adding category ID 25 (Fish)
SCRIPT       : ExpansionMarketSettings::LoadCategories - Adding category ID 26 (Fishing)
SCRIPT       : ExpansionMarketSettings::LoadCategories - Adding category ID 27 (Flags)
SCRIPT       : ExpansionMarketSettings::LoadCategories - Adding category ID 28 (Food)
SCRIPT       : ExpansionMarketSettings::LoadCategories - Adding category ID 29 (Fruit_And_Vegetables)
SCRIPT       : ExpansionMarketSettings::LoadCategories - Adding category ID 30 (Furnishings)
SCRIPT       : ExpansionMarketSettings::LoadCategories - Adding category ID 31 (Gardening)
SCRIPT       : ExpansionMarketSettings::LoadCategories - Adding category ID 32 (Ghillies)
SCRIPT       : ExpansionMarketSettings::LoadCategories - Adding category ID 33 (Gloves)
SCRIPT       : ExpansionMarketSettings::LoadCategories - Adding category ID 34 (Handguards)
SCRIPT       : ExpansionMarketSettings::LoadCategories - Adding category ID 35 (Hats_And_Hoods)
SCRIPT       : ExpansionMarketSettings::LoadCategories - Adding category ID 36 (Helicopters)
SCRIPT       : ExpansionMarketSettings::LoadCategories - Adding category ID 37 (Helmets)
SCRIPT       : ExpansionMarketSettings::LoadCategories - Adding category ID 38 (Holsters_And_Pouches)
SCRIPT       : ExpansionMarketSettings::LoadCategories - Adding category ID 39 (Kits)
SCRIPT       : ExpansionMarketSettings::LoadCategories - Adding category ID 40 (Knifes)
SCRIPT       : ExpansionMarketSettings::LoadCategories - Adding category ID 41 (Launchers)
SCRIPT       : ExpansionMarketSettings::LoadCategories - Adding category ID 42 (Lights)
SCRIPT       : ExpansionMarketSettings::LoadCategories - Adding category ID 43 (Liquids)
SCRIPT       : ExpansionMarketSettings::LoadCategories - Adding category ID 44 (Locks)
SCRIPT       : ExpansionMarketSettings::LoadCategories - Adding category ID 45 (Magazines)
SCRIPT       : ExpansionMarketSettings::LoadCategories - Adding category ID 46 (Masks)
SCRIPT       : ExpansionMarketSettings::LoadCategories - Adding category ID 47 (Meat)
SCRIPT       : ExpansionMarketSettings::LoadCategories - Adding category ID 48 (Medical)
SCRIPT       : ExpansionMarketSettings::LoadCategories - Adding category ID 49 (Melee_Weapons)
SCRIPT       : ExpansionMarketSettings::LoadCategories - Adding category ID 50 (MMG_Armored_Helmet_Visor)
SCRIPT       : ExpansionMarketSettings::LoadCategories - Adding category ID 51 (MMG_BackPacks)
SCRIPT       : ExpansionMarketSettings::LoadCategories - Adding category ID 52 (MMG_Belts)
SCRIPT       : ExpansionMarketSettings::LoadCategories - Adding category ID 53 (MMG_Boots)
SCRIPT       : ExpansionMarketSettings::LoadCategories - Adding category ID 54 (MMG_Bottle)
SCRIPT       : ExpansionMarketSettings::LoadCategories - Adding category ID 55 (MMG_Carbine)
SCRIPT       : ExpansionMarketSettings::LoadCategories - Adding category ID 56 (MMG_Chest_Rigs)
SCRIPT       : ExpansionMarketSettings::LoadCategories - Adding category ID 57 (MMG_Facemask)
SCRIPT       : ExpansionMarketSettings::LoadCategories - Adding category ID 58 (MMG_Gloves)
SCRIPT       : ExpansionMarketSettings::LoadCategories - Adding category ID 59 (MMG_Goggles)
SCRIPT       : ExpansionMarketSettings::LoadCategories - Adding category ID 60 (MMG_Headphones)
SCRIPT       : ExpansionMarketSettings::LoadCategories - Adding category ID 61 (MMG_Holsters)
SCRIPT       : ExpansionMarketSettings::LoadCategories - Adding category ID 62 (MMG_NBC)
SCRIPT       : ExpansionMarketSettings::LoadCategories - Adding category ID 63 (MMG_Pants)
SCRIPT       : ExpansionMarketSettings::LoadCategories - Adding category ID 64 (MMG_Patches)
SCRIPT       : ExpansionMarketSettings::LoadCategories - Adding category ID 65 (MMG_Plate_Carriers)
SCRIPT       : ExpansionMarketSettings::LoadCategories - Adding category ID 66 (MMG_Pouches)
SCRIPT       : ExpansionMarketSettings::LoadCategories - Adding category ID 67 (MMG_Shirts)
SCRIPT       : ExpansionMarketSettings::LoadCategories - Adding category ID 68 (MMG_Sniper_Boonie)
SCRIPT       : ExpansionMarketSettings::LoadCategories - Adding category ID 69 (Muzzles)
SCRIPT       : ExpansionMarketSettings::LoadCategories - Adding category ID 70 (Navigation)
SCRIPT       : ExpansionMarketSettings::LoadCategories - Adding category ID 71 (Optics)
SCRIPT       : ExpansionMarketSettings::LoadCategories - Adding category ID 72 (Pants_And_Shorts)
SCRIPT       : ExpansionMarketSettings::LoadCategories - Adding category ID 73 (Pistols)
SCRIPT       : ExpansionMarketSettings::LoadCategories - Adding category ID 74 (Rifles)
SCRIPT       : ExpansionMarketSettings::LoadCategories - Adding category ID 75 (Shirts_And_TShirts)
SCRIPT       : ExpansionMarketSettings::LoadCategories - Adding category ID 76 (Shotguns)
SCRIPT       : ExpansionMarketSettings::LoadCategories - Adding category ID 77 (Skirts_And_Dresses)
SCRIPT       : ExpansionMarketSettings::LoadCategories - Adding category ID 78 (Sniper_Rifles)
SCRIPT       : ExpansionMarketSettings::LoadCategories - Adding category ID 79 (Spraycans)
SCRIPT       : ExpansionMarketSettings::LoadCategories - Adding category ID 80 (Submachine_Guns)
SCRIPT       : ExpansionMarketSettings::LoadCategories - Adding category ID 81 (Supplies)
SCRIPT       : ExpansionMarketSettings::LoadCategories - Adding category ID 82 (Sweaters_And_Hoodies)
SCRIPT       : ExpansionMarketSettings::LoadCategories - Adding category ID 83 (Tents)
SCRIPT       : ExpansionMarketSettings::LoadCategories - Adding category ID 84 (Tools)
SCRIPT       : ExpansionMarketSettings::LoadCategories - Adding category ID 85 (Vehicle_Parts)
SCRIPT       : ExpansionMarketSettings::LoadCategories - Adding category ID 86 (Vests)
SCRIPT       : 09:54:05.527 [EXPANSION DEBUG]: [ExpansionAirdropSettings] Load existing setting file:$profile:ExpansionMod\Settings\AirdropSettings.json
SCRIPT       : 09:54:05.652 [EXPANSION DEBUG]: [ExpansionMissionSettings] Load existing setting file:$profile:ExpansionMod\Settings\MissionSettings.json
SCRIPT       : 09:54:05.656 [EXPANSION DEBUG]: [ExpansionMapSettings] Load existing setting file:$mission:expansion\settings\MapSettings.json
SCRIPT       : 09:54:05.683 [EXPANSION DEBUG]: [ExpansionPersonalStorageNewSettings] Load existing setting file:$profile:ExpansionMod\Settings\PersonalStorageNewSettings.json
SCRIPT       : 09:54:05.687 [EXPANSION DEBUG]: [ExpansionGeneralSettings] Load existing setting file:$profile:ExpansionMod\Settings\GeneralSettings.json
SCRIPT       : 09:54:05.691 [EXPANSION DEBUG]: [ExpansionPlayerListSettings] Load existing setting file:$profile:ExpansionMod\Settings\PlayerListSettings.json
SCRIPT       : 09:54:05.691 [EXPANSION DEBUG]: [ExpansionSocialMediaSettings] Load existing setting file:$profile:ExpansionMod\Settings\SocialMediaSettings.json
SCRIPT       : 09:54:05.695 [EXPANSION DEBUG]: [ExpansionSpawnSettings] Load existing setting file:$mission:expansion\settings\SpawnSettings.json
SCRIPT       : 09:54:05.703 [EXPANSION DEBUG]: [ExpansionVehicleSettings] Load existing setting file:$profile:ExpansionMod\Settings\VehicleSettings.json
SCRIPT       : 09:54:05.707 [EXPANSION DEBUG]: [ExpansionAISettings] Load existing setting file:$profile:ExpansionMod\Settings\AISettings.json
SCRIPT       : 09:54:05.710 [EXPANSION DEBUG]: [ExpansionAIPatrolSettings] Load existing setting file:$mission:expansion\settings\AIPatrolSettings.json
SCRIPT       : 09:54:05.718 [EXPANSION DEBUG]: [ExpansionBaseBuildingSettings] Load existing setting file:$mission:expansion\settings\BaseBuildingSettings.json
SCRIPT       : 09:54:05.722 [EXPANSION DEBUG]: [ExpansionRaidSettings] Load existing setting file:$profile:ExpansionMod\Settings\RaidSettings.json
SCRIPT       : 09:54:05.726 [EXPANSION DEBUG]: [ExpansionTerritorySettings] Load existing setting file:$profile:ExpansionMod\Settings\TerritorySettings.json
SCRIPT       : 09:54:05.734 [EXPANSION DEBUG]: [ExpansionChatSettings] Load existing setting file:$profile:ExpansionMod\Settings\ChatSettings.json
SCRIPT       : Expansion version: 1.8.21
SCRIPT       : [DefineTest] EXPANSIONMOD is defined
SCRIPT       : [DefineTest] EXPANSIONMODAI is defined
SCRIPT       : [DefineTest] EXPANSIONMODANIMATIONS is defined
SCRIPT       : [DefineTest] EXPANSIONMODBASEBUILDING is defined
SCRIPT       : [DefineTest] EXPANSIONMODBOOK is defined
SCRIPT       : [DefineTest] EXPANSIONMODCHAT is defined
SCRIPT       : [DefineTest] EXPANSIONMODCORE is defined
SCRIPT       : [DefineTest] EXPANSIONMODGARAGE is defined
SCRIPT       : [DefineTest] EXPANSIONMODGROUPS is defined
SCRIPT       : [DefineTest] EXPANSIONMODHARDLINE is defined
SCRIPT       : [DefineTest] EXPANSIONMODKILLFEED is defined
SCRIPT       : [DefineTest] EXPANSIONMODMAPASSETS is defined
SCRIPT       : [DefineTest] EXPANSIONMODMARKET is defined
SCRIPT       : [DefineTest] EXPANSIONMODMISSIONS is defined
SCRIPT       : [DefineTest] EXPANSIONMODNAMETAGS is defined
SCRIPT       : [DefineTest] EXPANSIONMODNAVIGATION is defined
SCRIPT       : [DefineTest] EXPANSIONMODP2PMARKET is defined
SCRIPT       : [DefineTest] EXPANSIONMODPERSONALSTORAGE is defined
SCRIPT       : [DefineTest] EXPANSIONMODQUESTS is defined
SCRIPT       : [DefineTest] EXPANSIONMODSPAWNSELECTION is defined
SCRIPT       : [DefineTest] EXPANSIONMODVEHICLE is defined
SCRIPT       : [DefineTest] EXPANSIONMODWEAPONS is defined
SCRIPT       : [DefineTest] CfgMods:
SCRIPT       : defaultAction
SCRIPT       : DayZ
SCRIPT       : DZ_Expansion_AI_Preload
SCRIPT       : DZ_Expansion_Animations_Preload
SCRIPT       : DZ_Expansion_BaseBuilding_Preload
SCRIPT       : DZ_Expansion_Book_Preload
SCRIPT       : DZ_Expansion_Chat_Preload
SCRIPT       : DZ_Expansion_Core_Preload
SCRIPT       : DZ_Expansion_Garage_Preload
SCRIPT       : DZ_Expansion_Groups_Preload
SCRIPT       : DZ_Expansion_Hardline_Preload
SCRIPT       : DZ_Expansion_KillFeed_Preload
SCRIPT       : DZ_Expansion_MapAssets_Preload
SCRIPT       : DZ_Expansion_Market_Preload
SCRIPT       : DZ_Expansion_Missions_Preload
SCRIPT       : DZ_Expansion_ModStorage_Preload
SCRIPT       : DZ_Expansion_NameTags_Preload
SCRIPT       : DZ_Expansion_Navigation_Preload
SCRIPT       : DZ_Expansion_P2PMarket_Preload
SCRIPT       : DZ_Expansion_PersonalStorage_Preload
SCRIPT       : DZ_Expansion_Preload
SCRIPT       : DZ_Expansion_Quests_Preload
SCRIPT       : DZ_Expansion_SpawnSelection_Preload
SCRIPT       : DZ_Expansion_Vehicles_Preload
SCRIPT       : DZ_Expansion_Weapons_Preload
SCRIPT       : DZ_DabsFramework
SCRIPT       : DZ_Expansion_DefineTest
SCRIPT       : DZ_Expansion_MapAssets
SCRIPT       : bliss
SCRIPT       : JM_CommunityFramework
SCRIPT       : JM_CommunityOnlineTools
SCRIPT       : PvZmoD_CustomisableZombies
SCRIPT       : BoostZombiesVisionAddon
SCRIPT       : DZ_Editor_Loader
SCRIPT       : DZ_Expansion_ModStorage
SCRIPT       : BulletStacksPlusPlusEnhanced
SCRIPT       : DZ_Expansion_Core
SCRIPT       : DZ_Expansion_Garage
SCRIPT       : DZ_Expansion_Groups
SCRIPT       : DZ_Expansion_Market
SCRIPT       : DZ_Expansion_Missions
SCRIPT       : DZ_Expansion_NameTags
SCRIPT       : DZ_Expansion_Navigation
SCRIPT       : DZ_Expansion_NotificationScheduler
SCRIPT       : DZ_Expansion_P2PMarket
SCRIPT       : DZ_Expansion_PersonalStorage
SCRIPT       : DZ_Expansion_PersonalStorageNew
SCRIPT       : DZ_Expansion_PlayerList
SCRIPT       : DZ_Expansion
SCRIPT       : DZ_Expansion_SpawnSelection
SCRIPT       : DZ_Expansion_VanillaFixes
SCRIPT       : DZ_Expansion_Vehicles
SCRIPT       : DZ_Expansion_Weapons
SCRIPT       : jpc_vest
SCRIPT       : DZ_Expansion_AI
SCRIPT       : DZ_Expansion_BaseBuilding
SCRIPT       : DZ_Expansion_Book
SCRIPT       : DZ_Expansion_Chat
SCRIPT       : DZ_Expansion_Hardline
SCRIPT       : DZ_Expansion_Quests
SCRIPT       : DZ_Expansion_VirtualContainerStorage
SCRIPT       : DayZ_Expansion_AI_Dynamic
SCRIPT       : 09:54:06.324 [EXPANSION DEBUG]: ModStorage v5
SCRIPT       : 09:54:09.105 [EXPANSION DEBUG]: ExpansionTraderJudy<c9f0c020>::SetTraderObject ExpansionTraderObjectBase<ca09b870> <4973.928711, 9.510984, 2436.782959>
SCRIPT       : 09:54:09.105 [EXPANSION DEBUG]: LoadMissionTradersFile trader ExpansionTraderJudy<c9f0c020> fileName Aircraft
SCRIPT       : 09:54:09.121 [EXPANSION DEBUG]: ExpansionTraderJose<ca146010>::SetTraderObject ExpansionTraderObjectBase<ca1bf310> <14353.624023, 3.326771, 13229.217773>
SCRIPT       : 09:54:09.121 [EXPANSION DEBUG]: LoadMissionTradersFile trader ExpansionTraderJose<ca146010> fileName Boats
SCRIPT       : 09:54:09.125 [EXPANSION DEBUG]: ExpansionTraderEva<6c656020>::SetTraderObject ExpansionTraderObjectBase<ca1db920> <14378.793945, 3.325975, 13271.585938>
SCRIPT       : 09:54:09.125 [EXPANSION DEBUG]: LoadMissionTradersFile trader ExpansionTraderEva<6c656020> fileName Fishing
SCRIPT       : 09:54:09.136 [EXPANSION DEBUG]: ExpansionTraderLewis<d400f800>::SetTraderObject ExpansionTraderObjectBase<d3fba0a0> <1756.656372, 1.415564, 2027.359741>
SCRIPT       : 09:54:09.136 [EXPANSION DEBUG]: LoadMissionTradersFile trader ExpansionTraderLewis<d400f800> fileName Boats
SCRIPT       : 09:54:09.144 [EXPANSION DEBUG]: LoadMissionTradersFile trader ExpansionTraderStaticBase<ae104ca0> fileName Exchange
SCRIPT       : 09:54:09.156 [EXPANSION DEBUG]: ExpansionTraderDenis<ca0bd010>::SetTraderObject ExpansionTraderObjectBase<d4047310> <3697.249512, 402.010010, 5977.625488>
SCRIPT       : 09:54:09.156 [EXPANSION DEBUG]: LoadMissionTradersFile trader ExpansionTraderDenis<ca0bd010> fileName Clothing
SCRIPT       : 09:54:09.175 [EXPANSION DEBUG]: ExpansionTraderMaria<d41a1800>::SetTraderObject ExpansionTraderObjectBase<d413e1f0> <3696.455811, 402.010010, 5980.193359>
SCRIPT       : 09:54:09.175 [EXPANSION DEBUG]: LoadMissionTradersFile trader ExpansionTraderMaria<d41a1800> fileName Clothing_Accessories
SCRIPT       : 09:54:09.191 [EXPANSION DEBUG]: ExpansionTraderQuinn<794e22a0>::SetTraderObject ExpansionTraderObjectBase<d42fbdd0> <3710.121826, 402.010010, 5976.164063>
SCRIPT       : 09:54:09.191 [EXPANSION DEBUG]: LoadMissionTradersFile trader ExpansionTraderQuinn<794e22a0> fileName Consumables
SCRIPT       : 09:54:09.207 [EXPANSION DEBUG]: ExpansionTraderNaomi<d442b010>::SetTraderObject ExpansionTraderObjectBase<d444a2d0> <3708.786865, 402.010010, 5974.589844>
SCRIPT       : 09:54:09.207 [EXPANSION DEBUG]: LoadMissionTradersFile trader ExpansionTraderNaomi<d442b010> fileName Weapons
SCRIPT       : 09:54:09.222 [EXPANSION DEBUG]: ExpansionTraderSeth<880258c0>::SetTraderObject ExpansionTraderObjectBase<d471b810> <3710.265137, 402.010010, 5973.340820>
SCRIPT       : 09:54:09.222 [EXPANSION DEBUG]: LoadMissionTradersFile trader ExpansionTraderSeth<880258c0> fileName Attachments
SCRIPT       : 09:54:09.234 [EXPANSION DEBUG]: ExpansionTraderRolf<88016080>::SetTraderObject ExpansionTraderObjectBase<d4823db0> <3698.172607, 402.010010, 5995.337402>
SCRIPT       : 09:54:09.234 [EXPANSION DEBUG]: LoadMissionTradersFile trader ExpansionTraderRolf<88016080> fileName Vehicles
SCRIPT       : 09:54:09.250 [EXPANSION DEBUG]: ExpansionTraderIndar<880296d0>::SetTraderObject ExpansionTraderObjectBase<d495a220> <3714.531006, 402.138000, 5961.776367>
SCRIPT       : 09:54:09.250 [EXPANSION DEBUG]: LoadMissionTradersFile trader ExpansionTraderIndar<880296d0> fileName Components
SCRIPT       : 09:54:09.257 [EXPANSION DEBUG]: ExpansionTraderJudy<88019e90>::SetTraderObject ExpansionTraderObjectBase<d49603a0> <3729.029541, 402.651001, 5969.476563>
SCRIPT       : 09:54:09.257 [EXPANSION DEBUG]: LoadMissionTradersFile trader ExpansionTraderJudy<88019e90> fileName Medicals
SCRIPT       : 09:54:09.257 [EXPANSION DEBUG]: ExpansionTraderNaomi<88012270>::SetTraderObject ExpansionTraderObjectBase<d4967010> <3690.062988, 402.100067, 6006.763672>
SCRIPT       : 09:54:09.257 [EXPANSION DEBUG]: LoadMissionTradersFile trader ExpansionTraderNaomi<88012270> fileName Vehicle_Parts
SCRIPT       : 09:54:09.265 [EXPANSION DEBUG]: ExpansionTraderJose<88048750>::SetTraderObject ExpansionTraderObjectBase<d496e3b0> <3699.629883, 402.010010, 5993.970215>
SCRIPT       : 09:54:09.265 [EXPANSION DEBUG]: LoadMissionTradersFile trader ExpansionTraderJose<88048750> fileName Spraycans
SCRIPT       : 09:54:09.277 [EXPANSION DEBUG]: ExpansionTraderLinda<88040b30>::SetTraderObject ExpansionTraderObjectBase<d4b0a760> <3674.669922, 406.760010, 5990.390137>
SCRIPT       : 09:54:09.277 [EXPANSION DEBUG]: LoadMissionTradersFile trader ExpansionTraderLinda<88040b30> fileName Special
SCRIPT       : 09:54:09.285 [EXPANSION DEBUG]: ExpansionTraderNiki<88044940>::SetTraderObject ExpansionTraderObjectBase<d4c1b100> <3699.030029, 402.013000, 5973.439941>
SCRIPT       : 09:54:09.285 [EXPANSION DEBUG]: LoadMissionTradersFile trader ExpansionTraderNiki<88044940> fileName BuildingSupplies
SCRIPT       : 09:54:09.289 [EXPANSION DEBUG]: ExpansionTraderNiki<88038f10>::SetTraderObject ExpansionTraderObjectBase<d4c20fb0> <3697.030029, 402.013000, 5973.439941>
SCRIPT       : 09:54:09.289 [EXPANSION DEBUG]: LoadMissionTradersFile trader ExpansionTraderNiki<88038f10> fileName MMG
SCRIPT       : 09:54:09.300 [EXPANSION DEBUG]: ExpansionTraderFrancis<8804c560>::SetTraderObject ExpansionTraderObjectBase<d4d14920> <1153.964844, 6.463035, 2409.763184>
SCRIPT       : 09:54:09.300 [EXPANSION DEBUG]: LoadMissionTradersFile trader ExpansionTraderFrancis<8804c560> fileName Attachments
SCRIPT       : 09:54:09.304 [EXPANSION DEBUG]: ExpansionTraderKaito<880312f0>::SetTraderObject ExpansionTraderObjectBase<d4e51ec0> <1117.021240, 5.495151, 2413.766357>
SCRIPT       : 09:54:09.304 [EXPANSION DEBUG]: LoadMissionTradersFile trader ExpansionTraderKaito<880312f0> fileName Components
SCRIPT       : 09:54:09.316 [EXPANSION DEBUG]: ExpansionTraderCyril<88035100>::SetTraderObject ExpansionTraderObjectBase<d4f32180> <1136.987427, 5.908522, 2439.662598>
SCRIPT       : 09:54:09.316 [EXPANSION DEBUG]: LoadMissionTradersFile trader ExpansionTraderCyril<88035100> fileName Clothing
SCRIPT       : 09:54:09.324 [EXPANSION DEBUG]: ExpansionTraderGuo<8803cd20>::SetTraderObject ExpansionTraderObjectBase<d97fb5a0> <1133.974854, 5.909700, 2442.412598>
SCRIPT       : 09:54:09.324 [EXPANSION DEBUG]: LoadMissionTradersFile trader ExpansionTraderGuo<8803cd20> fileName Clothing_Accessories
SCRIPT       : 09:54:09.328 [EXPANSION DEBUG]: ExpansionTraderBoris<d98c52e0>::SetTraderObject ExpansionTraderObjectBase<d9886a30> <1123.468262, 15.349299, 2426.316162>
SCRIPT       : 09:54:09.328 [EXPANSION DEBUG]: LoadMissionTradersFile trader ExpansionTraderBoris<d98c52e0> fileName Exchange
SCRIPT       : 09:54:09.332 [EXPANSION DEBUG]: ExpansionTraderLinda<d98b1c90>::SetTraderObject ExpansionTraderObjectBase<d988aea0> <1135.892822, 5.908773, 2436.856689>
SCRIPT       : 09:54:09.332 [EXPANSION DEBUG]: LoadMissionTradersFile trader ExpansionTraderLinda<d98b1c90> fileName Consumables
SCRIPT       : 09:54:09.339 [EXPANSION DEBUG]: ExpansionTraderKeiko<d98c14d0>::SetTraderObject ExpansionTraderObjectBase<d99ba2b0> <1130.731689, 5.951744, 2438.009277>
SCRIPT       : 09:54:09.339 [EXPANSION DEBUG]: LoadMissionTradersFile trader ExpansionTraderKeiko<d98c14d0> fileName Medicals
SCRIPT       : 09:54:09.347 [EXPANSION DEBUG]: ExpansionTraderHelga<d98aa070>::SetTraderObject ExpansionTraderObjectBase<d9b08080> <1141.654419, 5.906255, 2421.591309>
SCRIPT       : 09:54:09.347 [EXPANSION DEBUG]: LoadMissionTradersFile trader ExpansionTraderHelga<d98aa070> fileName Special
SCRIPT       : 09:54:09.355 [EXPANSION DEBUG]: ExpansionTraderFrida<d98b5aa0>::SetTraderObject ExpansionTraderObjectBase<d9c37140> <1120.135132, 5.600746, 2417.465820>
SCRIPT       : 09:54:09.355 [EXPANSION DEBUG]: LoadMissionTradersFile trader ExpansionTraderFrida<d98b5aa0> fileName Vehicles
SCRIPT       : 09:54:09.359 [EXPANSION DEBUG]: ExpansionTraderHassan<d98bd6c0>::SetTraderObject ExpansionTraderObjectBase<d9cd7f80> <1123.977905, 5.639271, 2417.411865>
SCRIPT       : 09:54:09.359 [EXPANSION DEBUG]: LoadMissionTradersFile trader ExpansionTraderHassan<d98bd6c0> fileName Vehicle_Parts
SCRIPT       : 09:54:09.363 [EXPANSION DEBUG]: ExpansionTraderDenis<d98c90f0>::SetTraderObject ExpansionTraderObjectBase<d9cdbcc0> <1156.719727, 6.513331, 2406.355225>
SCRIPT       : 09:54:09.363 [EXPANSION DEBUG]: LoadMissionTradersFile trader ExpansionTraderDenis<d98c90f0> fileName Weapons
SCRIPT       : 09:54:09.371 [EXPANSION DEBUG]: ExpansionTraderGabi<d98b98b0>::SetTraderObject ExpansionTraderObjectBase<d9e6b8b0> <1135.689941, 5.900000, 2423.300049>
SCRIPT       : 09:54:09.371 [EXPANSION DEBUG]: LoadMissionTradersFile trader ExpansionTraderGabi<d98b98b0> fileName BuildingSupplies
SCRIPT       : 09:54:09.378 [EXPANSION DEBUG]: ExpansionTraderFrancis<d98ade80>::SetTraderObject ExpansionTraderObjectBase<d9e6f500> <11835.901367, 140.617874, 12474.744141>
SCRIPT       : 09:54:09.378 [EXPANSION DEBUG]: LoadMissionTradersFile trader ExpansionTraderFrancis<d98ade80> fileName Attachments
SCRIPT       : 09:54:09.382 [EXPANSION DEBUG]: ExpansionTraderLinda<d98d4b20>::SetTraderObject ExpansionTraderObjectBase<d9e76490> <11856.716797, 140.565109, 12461.438477>
SCRIPT       : 09:54:09.382 [EXPANSION DEBUG]: LoadMissionTradersFile trader ExpansionTraderLinda<d98d4b20> fileName Consumables
SCRIPT       : 09:54:09.382 [EXPANSION DEBUG]: ExpansionTraderCyril<d98ccf00>::SetTraderObject ExpansionTraderObjectBase<d9e7b710> <11855.000000, 140.605103, 12466.099609>
SCRIPT       : 09:54:09.382 [EXPANSION DEBUG]: LoadMissionTradersFile trader ExpansionTraderCyril<d98ccf00> fileName Clothing
SCRIPT       : 09:54:09.386 [EXPANSION DEBUG]: ExpansionTraderGuo<d98d0d10>::SetTraderObject ExpansionTraderObjectBase<d9e802b0> <11855.200195, 140.605103, 12470.487305>
SCRIPT       : 09:54:09.386 [EXPANSION DEBUG]: LoadMissionTradersFile trader ExpansionTraderGuo<d98d0d10> fileName Clothing_Accessories
SCRIPT       : 09:54:09.390 [EXPANSION DEBUG]: ExpansionTraderKaito<d98d8930>::SetTraderObject ExpansionTraderObjectBase<d9e85260> <11849.400391, 140.605087, 12466.200195>
SCRIPT       : 09:54:09.390 [EXPANSION DEBUG]: LoadMissionTradersFile trader ExpansionTraderKaito<d98d8930> fileName Components
SCRIPT       : 09:54:09.390 [EXPANSION DEBUG]: ExpansionTraderBoris<d98dc740>::SetTraderObject ExpansionTraderObjectBase<d9e8a4e0> <11858.202148, 140.615112, 12463.234375>
SCRIPT       : 09:54:09.390 [EXPANSION DEBUG]: LoadMissionTradersFile trader ExpansionTraderBoris<d98dc740> fileName Exchange
SCRIPT       : 09:54:09.394 [EXPANSION DEBUG]: ExpansionTraderKeiko<d98e0550>::SetTraderObject ExpansionTraderObjectBase<da034c90> <11853.218750, 140.605087, 12463.277344>
SCRIPT       : 09:54:09.394 [EXPANSION DEBUG]: LoadMissionTradersFile trader ExpansionTraderKeiko<d98e0550> fileName Medicals
SCRIPT       : 09:54:09.394 [EXPANSION DEBUG]: ExpansionTraderGabi<d98e4360>::SetTraderObject ExpansionTraderObjectBase<da039060> <11833.200195, 140.605118, 12461.700195>
SCRIPT       : 09:54:09.394 [EXPANSION DEBUG]: LoadMissionTradersFile trader ExpansionTraderGabi<d98e4360> fileName Special
SCRIPT       : 09:54:09.402 [EXPANSION DEBUG]: ExpansionTraderElias<da0c5e70>::SetTraderObject ExpansionTraderObjectBase<da0a7b30> <11877.799805, 140.134796, 12441.599609>
SCRIPT       : 09:54:09.402 [EXPANSION DEBUG]: LoadMissionTradersFile trader ExpansionTraderElias<da0c5e70> fileName Vehicles
SCRIPT       : 09:54:09.406 [EXPANSION DEBUG]: ExpansionTraderHassan<da0c2060>::SetTraderObject ExpansionTraderObjectBase<da0ac950> <11878.674805, 140.134796, 12424.302734>
SCRIPT       : 09:54:09.406 [EXPANSION DEBUG]: LoadMissionTradersFile trader ExpansionTraderHassan<da0c2060> fileName Vehicle_Parts
SCRIPT       : 09:54:09.410 [EXPANSION DEBUG]: ExpansionTraderDenis<da0d56b0>::SetTraderObject ExpansionTraderObjectBase<da0b11d0> <11833.576172, 140.605072, 12469.492188>
SCRIPT       : 09:54:09.410 [EXPANSION DEBUG]: LoadMissionTradersFile trader ExpansionTraderDenis<da0d56b0> fileName Weapons
SCRIPT       : 09:54:09.410 [EXPANSION DEBUG]: ExpansionTraderLinda<da0cda90>::SetTraderObject ExpansionTraderObjectBase<da0b6770> <11852.194336, 140.660980, 12472.387695>
SCRIPT       : 09:54:09.410 [EXPANSION DEBUG]: LoadMissionTradersFile trader ExpansionTraderLinda<da0cda90> fileName BuildingSupplies
SCRIPT       : 09:54:09.417 [EXPANSION DEBUG]: ExpansionTraderManua<da0d18a0>::SetTraderObject ExpansionTraderObjectBase<da1b7400> <11879.722656, 140.094788, 12435.959961>
SCRIPT       : 09:54:09.417 [EXPANSION DEBUG]: LoadMissionTradersFile trader ExpansionTraderManua<da0d18a0> fileName Spraycans
SCRIPT       : 09:54:09.425 [EXPANSION DEBUG]: ExpansionTraderIrena<da0e10e0>::SetTraderObject ExpansionTraderObjectBase<da2dc690> <12160.279297, 140.580765, 12689.783203>
SCRIPT       : 09:54:09.425 [EXPANSION DEBUG]: LoadMissionTradersFile trader ExpansionTraderIrena<da0e10e0> fileName Aircraft
SCRIPT       : [ExpansionQuestPersistentServerData] Load existing configuration file:$profile:ExpansionMod\Quests\PersistentServerData.json
SCRIPT       : [ExpansionQuestPersistentServerData] Load existing configuration file:$profile:ExpansionMod\Quests\PersistentServerData.json
SCRIPT       : [ExpansionQuestObjectiveTravelConfig] Load existing configuration file:$profile:ExpansionMod\Quests\Objectives\Travel\Objective_T_1.json
SCRIPT       : [ExpansionQuestObjectiveTravelConfig] Load existing configuration file:$profile:ExpansionMod\Quests\Objectives\Travel\Objective_T_2.json
SCRIPT       : [ExpansionQuestObjectiveTravelConfig] Load existing configuration file:$profile:ExpansionMod\Quests\Objectives\Travel\Objective_T_3.json
SCRIPT       : [ExpansionQuestObjectiveTravelConfig] Load existing configuration file:$profile:ExpansionMod\Quests\Objectives\Travel\Objective_T_4.json
SCRIPT       : [ExpansionQuestObjectiveTargetConfig] Load existing configuration file:$profile:ExpansionMod\Quests\Objectives\Target\Objective_TA_1_kill10sledge.json
SCRIPT       : [ExpansionQuestObjectiveTargetConfig] Load existing configuration file:$profile:ExpansionMod\Quests\Objectives\Target\Objective_TA_2_kill10.json
SCRIPT       : [ExpansionQuestObjectiveTargetConfig] Load existing configuration file:$profile:ExpansionMod\Quests\Objectives\Target\Objective_TA_31_kill_100.json
SCRIPT       : [ExpansionQuestObjectiveTargetConfig] Load existing configuration file:$profile:ExpansionMod\Quests\Objectives\Target\Objective_TA_3_kill50.json
SCRIPT       : [ExpansionQuestObjectiveTargetConfig] Load existing configuration file:$profile:ExpansionMod\Quests\Objectives\Target\Objective_TA_4_killmilitary.json
SCRIPT       : [ExpansionQuestObjectiveDeliveryConfig] Load existing configuration file:$profile:ExpansionMod\Quests\Objectives\Delivery\Objective_D_1.json
SCRIPT       : [ExpansionQuestObjectiveDeliveryConfig] Load existing configuration file:$profile:ExpansionMod\Quests\Objectives\Delivery\Objective_D_2.json
SCRIPT       : [ExpansionQuestObjectiveCollectionConfig] Load existing configuration file:$profile:ExpansionMod\Quests\Objectives\Collection\1-Collection-Apples.json
SCRIPT       : [ExpansionQuestObjectiveCollectionConfig] Load existing configuration file:$profile:ExpansionMod\Quests\Objectives\Collection\2-Collection-Mackerel.json
SCRIPT       : [ExpansionQuestObjectiveCollectionConfig] Load existing configuration file:$profile:ExpansionMod\Quests\Objectives\Collection\3-Collection-BrownChickens.json
SCRIPT       : [ExpansionQuestObjectiveCollectionConfig] Load existing configuration file:$profile:ExpansionMod\Quests\Objectives\Collection\4-Collection-BearPelt.json
SCRIPT       : [ExpansionQuestObjectiveCollectionConfig] Load existing configuration file:$profile:ExpansionMod\Quests\Objectives\Collection\5-Collection-DeerPelt.json
SCRIPT       : [ExpansionQuestObjectiveCollectionConfig] Load existing configuration file:$profile:ExpansionMod\Quests\Objectives\Collection\6-Collection-AgaricusMushroom.json
SCRIPT       : [ExpansionQuestObjectiveCollectionConfig] Load existing configuration file:$profile:ExpansionMod\Quests\Objectives\Collection\Objective_C_1.json
SCRIPT       : [ExpansionQuestObjectiveCollectionConfig] Load existing configuration file:$profile:ExpansionMod\Quests\Objectives\Collection\Objective_C_2.json
SCRIPT       : [ExpansionQuestObjectiveCollectionConfig] Load existing configuration file:$profile:ExpansionMod\Quests\Objectives\Collection\Objective_C_3.json
SCRIPT       : [ExpansionQuestObjectiveTreasureHuntConfig] Load existing configuration file:$profile:ExpansionMod\Quests\Objectives\TreasureHunt\Objective_TH_ammo_1.json
SCRIPT       : [ExpansionQuestObjectiveActionConfig] Load existing configuration file:$profile:ExpansionMod\Quests\Objectives\Action\1-Medic.json
SCRIPT       : [ExpansionQuestObjectiveActionConfig] Load existing configuration file:$profile:ExpansionMod\Quests\Objectives\Action\10-Medic.json
SCRIPT       : [ExpansionQuestObjectiveActionConfig] Load existing configuration file:$profile:ExpansionMod\Quests\Objectives\Action\11-Medic.json
SCRIPT       : [ExpansionQuestObjectiveActionConfig] Load existing configuration file:$profile:ExpansionMod\Quests\Objectives\Action\12-Medic.json
SCRIPT       : [ExpansionQuestObjectiveActionConfig] Load existing configuration file:$profile:ExpansionMod\Quests\Objectives\Action\13-Medic.json
SCRIPT       : [ExpansionQuestObjectiveActionConfig] Load existing configuration file:$profile:ExpansionMod\Quests\Objectives\Action\14-Medic.json
SCRIPT       : [ExpansionQuestObjectiveActionConfig] Load existing configuration file:$profile:ExpansionMod\Quests\Objectives\Action\15-Medic.json
SCRIPT       : [ExpansionQuestObjectiveActionConfig] Load existing configuration file:$profile:ExpansionMod\Quests\Objectives\Action\16-Medic.json
SCRIPT       : [ExpansionQuestObjectiveActionConfig] Load existing configuration file:$profile:ExpansionMod\Quests\Objectives\Action\17-Medic.json
SCRIPT       : [ExpansionQuestObjectiveActionConfig] Load existing configuration file:$profile:ExpansionMod\Quests\Objectives\Action\18-Horticulture.json
SCRIPT       : [ExpansionQuestObjectiveActionConfig] Load existing configuration file:$profile:ExpansionMod\Quests\Objectives\Action\19-Horticulture.json
SCRIPT       : [ExpansionQuestObjectiveActionConfig] Load existing configuration file:$profile:ExpansionMod\Quests\Objectives\Action\2-Medic.json
SCRIPT       : [ExpansionQuestObjectiveActionConfig] Load existing configuration file:$profile:ExpansionMod\Quests\Objectives\Action\20-Horticulture.json
SCRIPT       : [ExpansionQuestObjectiveActionConfig] Load existing configuration file:$profile:ExpansionMod\Quests\Objectives\Action\21-Horticulture.json
SCRIPT       : [ExpansionQuestObjectiveActionConfig] Load existing configuration file:$profile:ExpansionMod\Quests\Objectives\Action\22-Horticulture.json
SCRIPT       : [ExpansionQuestObjectiveActionConfig] Load existing configuration file:$profile:ExpansionMod\Quests\Objectives\Action\23-Horticulture.json
SCRIPT       : [ExpansionQuestObjectiveActionConfig] Load existing configuration file:$profile:ExpansionMod\Quests\Objectives\Action\24-Horticulture.json
SCRIPT       : [ExpansionQuestObjectiveActionConfig] Load existing configuration file:$profile:ExpansionMod\Quests\Objectives\Action\3-Medic.json
SCRIPT       : [ExpansionQuestObjectiveActionConfig] Load existing configuration file:$profile:ExpansionMod\Quests\Objectives\Action\4-Medic.json
SCRIPT       : [ExpansionQuestObjectiveActionConfig] Load existing configuration file:$profile:ExpansionMod\Quests\Objectives\Action\5-Medic.json
SCRIPT       : [ExpansionQuestObjectiveActionConfig] Load existing configuration file:$profile:ExpansionMod\Quests\Objectives\Action\6-Medic.json
SCRIPT       : [ExpansionQuestObjectiveActionConfig] Load existing configuration file:$profile:ExpansionMod\Quests\Objectives\Action\7-Medic.json
SCRIPT       : [ExpansionQuestObjectiveActionConfig] Load existing configuration file:$profile:ExpansionMod\Quests\Objectives\Action\8-Medic.json
SCRIPT       : [ExpansionQuestObjectiveActionConfig] Load existing configuration file:$profile:ExpansionMod\Quests\Objectives\Action\9-Medic.json
SCRIPT       : [ExpansionQuestObjectiveActionConfig] Load existing configuration file:$profile:ExpansionMod\Quests\Objectives\Action\Objective_A_1.json
SCRIPT       : [ExpansionQuestObjectiveActionConfig] Load existing configuration file:$profile:ExpansionMod\Quests\Objectives\Action\Objective_A_2.json
SCRIPT       : [ExpansionQuestObjectiveCraftingConfig] Load existing configuration file:$profile:ExpansionMod\Quests\Objectives\Crafting\1-Crafting-FishingRod.json
SCRIPT       : [ExpansionQuestObjectiveCraftingConfig] Load existing configuration file:$profile:ExpansionMod\Quests\Objectives\Crafting\Objective_CR_1.json
SCRIPT       : [ExpansionQuestObjectiveAIPatrolConfig] Load existing configuration file:$profile:ExpansionMod\Quests\Objectives\AIPatrol\Objective_AIP_1.json
SCRIPT       : [ExpansionQuestObjectiveAICampConfig] Load existing configuration file:$profile:ExpansionMod\Quests\Objectives\AICamp\Objective_AIC_1.json
SCRIPT       : [ExpansionQuestObjectiveAIEscortConfig] Load existing configuration file:$profile:ExpansionMod\Quests\Objectives\AIVIP\1-VIP.json
SCRIPT       : [ExpansionQuestObjectiveAIEscortConfig] Load existing configuration file:$profile:ExpansionMod\Quests\Objectives\AIVIP\2-VIP.json
SCRIPT       : [ExpansionQuestObjectiveAIEscortConfig] Load existing configuration file:$profile:ExpansionMod\Quests\Objectives\AIVIP\Objective_AIESCORT_1.json
SCRIPT       : [ExpansionQuestNPCData] Load existing configuration file:QuestNPC_Board_3.json
SCRIPT       : [ExpansionQuestNPCData] Load existing configuration file:QuestNPC_Peter_1.json
SCRIPT       : [ExpansionQuestNPCData] Load existing configuration file:QuestNPC_Steve_2.json
SCRIPT       : [EditorLoader] File found: $mission:\EditorFiles\TraderStorage.dze
SCRIPT       : [EditorLoader] Loaded files in 0.003s
SCRIPT       : [EditorLoader] 6 total objects created
SCRIPT       : [EditorLoader] 0 total objects deleted
SCRIPT       : [EditorLoader] Deleted & Created all objects in 0.026s
SCRIPT       : ExpansionMarketItem marketItem = ExpansionMarketItem<b59264c0>
SCRIPT       : int worth =   1
SCRIPT       : 09:54:27.546 [EXPANSION DEBUG]: ExpansionP2PTraderAIIrena<67c090f0>::SetP2PTraderID - ID: 1
SCRIPT       : ExpansionZonePolygon<571d3640> position=<12015.854492, 0.000000, 12591.097656> radius=419.633
SCRIPT       : ExpansionZoneCircle<67eab4c0> position=<1143.140015, 0.000000, 2423.270020> radius=400
SCRIPT       : ExpansionZoneCircle<67eabb20> position=<3728.270020, 0.000000, 6003.600098> radius=400
SCRIPT       : Found 3 zones!
SCRIPT       : 09:54:27.718 [EXPANSION DEBUG]: ExpansionQuestNPCAIDenis<6764f020>::OnEnterSafeZone
SCRIPT       : bool m_Expansion_LeavingSafeZone = 0
SCRIPT       : bool m_Expansion_IsInSafeZone = 0
SCRIPT       : bool m_Expansion_IsInSafeZoneSynchRemote = 0
SCRIPT       : 09:54:27.718 [EXPANSION DEBUG]: ExpansionP2PTraderAIIrena<67c090f0>::OnEnterSafeZone
SCRIPT       : bool m_Expansion_LeavingSafeZone = 0
SCRIPT       : bool m_Expansion_IsInSafeZone = 0
SCRIPT       : bool m_Expansion_IsInSafeZoneSynchRemote = 0
SCRIPT       : 09:54:28.296 [EXPANSION DEBUG]: ExpansionItemSpawnHelper::Clone - created AK74:035632 at location { type=HANDS item=AK74:035608 parent=ExpansionQuestNPCAIDenis:045 }
SCRIPT       : 09:54:28.296 [EXPANSION DEBUG]: ExpansionItemSpawnHelper::Clone - created AK74_Hndgrd:035633 at location { type=ATTACHMENT item=null parent=AK74:035632 slot=weaponHandguardAK }
SCRIPT       : 09:54:28.304 [EXPANSION DEBUG]: ExpansionItemSpawnHelper::Clone - created Mag_AK74_30Rnd:035634 at location { type=ATTACHMENT item=null parent=AK74:035632 slot=magazine }
SCRIPT       : [emote] ExpansionQuestNPCAIDenis:045 play emote id=46 IH=AK74:035632
SCRIPT       : [emote] ExpansionP2PTraderAIIrena:044 play emote id=46 IH=null
SCRIPT       : 09:54:30.179 [EXPANSION DEBUG]: ExpansionItemSpawnHelper::Clone - created MP5K:035609 at location { type=HANDS item=MP5K:035623 parent=ExpansionQuestNPCAIElias:046 }
SCRIPT       : 09:54:30.179 [EXPANSION DEBUG]: ExpansionItemSpawnHelper::Clone - created MP5k_StockBttstck:035608 at location { type=ATTACHMENT item=null parent=MP5K:035609 slot=weaponButtstockMP5 }
SCRIPT       : 09:54:30.179 [EXPANSION DEBUG]: ExpansionItemSpawnHelper::Clone - created Mag_MP5_15Rnd:035610 at location { type=ATTACHMENT item=null parent=MP5K:035609 slot=magazine }
SCRIPT       : [emote] ExpansionQuestNPCAIElias:046 play emote id=14 IH=MP5K:035609
SCRIPT       : 09:55:08.925 [EXPANSION DEBUG]: ExpansionHardlineModule<fcc5cd30> ::LoadPlayerData - Loaded player hardline data for player Blorpus9000[3I2KPiMwtNrbRzLe964-q3OrI2Ligr9LBcsFxmVIl3Q=]
SCRIPT       : ---- PlayerBase OnStoreLoad SUCCESS ----
SCRIPT       : 09:55:23.250 [EXPANSION DEBUG]: SurvivorBase<85fe9030>::OnEnterSafeZone
SCRIPT       : bool m_Expansion_LeavingSafeZone = 0
SCRIPT       : bool m_Expansion_IsInSafeZone = 0
SCRIPT       : bool m_Expansion_IsInSafeZoneSynchRemote = 0
SCRIPT       : [EditorLoader] Sent Deleted objects in 0s
SCRIPT       : 09:55:23.250 [EXPANSION DEBUG]: ExpansionPartyData<bd6b4e20>::OnJoin party Blorpus (ID 0) player Blorpus9000 (ID 3I2KPiMwtNrbRzLe964-q3OrI2Ligr9LBcsFxmVIl3Q=)
SCRIPT       : 09:55:23.285 [EXPANSION DEBUG]: ExpansionQuestModule<8042f550> Sending 58 quest configs to client with UID: 3I2KPiMwtNrbRzLe964-q3OrI2Ligr9LBcsFxmVIl3Q=
SCRIPT       : 09:55:23.285 [EXPANSION DEBUG]: ExpansionQuestModule<8042f550> Sending player quest data for 28 quests to player with UID: 3I2KPiMwtNrbRzLe964-q3OrI2Ligr9LBcsFxmVIl3Q=
SCRIPT       : 09:55:23.941 [EXPANSION DEBUG]: ExpansionItemSpawnHelper::Clone - created AugShort:035688 at location { type=HANDS item=AugShort:035673 parent=eAI_SurvivorM_Hassan:050 }
SCRIPT       : 09:55:23.941 [EXPANSION DEBUG]: ExpansionItemSpawnHelper::Clone - created Mag_Aug_30Rnd:035689 at location { type=ATTACHMENT item=null parent=AugShort:035688 slot=magazine }
SCRIPT       : 09:55:23.941 [EXPANSION DEBUG]: ExpansionItemSpawnHelper::Clone - created AugOptic:035690 at location { type=ATTACHMENT item=null parent=AugShort:035688 slot=weaponOpticsAug }
SCRIPT       : 09:55:23.957 [EXPANSION DEBUG]: ExpansionItemSpawnHelper::Clone - created Aug:035674 at location { type=HANDS item=Aug:035647 parent=eAI_SurvivorM_Quinn:048 }
SCRIPT       : 09:55:23.957 [EXPANSION DEBUG]: ExpansionItemSpawnHelper::Clone - created Mag_Aug_30Rnd:035673 at location { type=ATTACHMENT item=null parent=Aug:035674 slot=magazine }
SCRIPT       : 09:55:24.007 [EXPANSION DEBUG]: ExpansionItemSpawnHelper::Clone - created AugShort:035687 at location { type=HANDS item=AugShort:035658 parent=eAI_SurvivorM_Quinn:049 }
SCRIPT       : 09:55:24.007 [EXPANSION DEBUG]: ExpansionItemSpawnHelper::Clone - created Mag_Aug_30Rnd:035647 at location { type=ATTACHMENT item=null parent=AugShort:035687 slot=magazine }
SCRIPT       : 09:55:24.007 [EXPANSION DEBUG]: ExpansionItemSpawnHelper::Clone - created AugOptic:035648 at location { type=ATTACHMENT item=null parent=AugShort:035687 slot=weaponOpticsAug }
SCRIPT       : 09:55:24.644 [EXPANSION DEBUG]: ExpansionItemSpawnHelper::Clone - created Scout:035724 at location { type=HANDS item=Scout:035711 parent=eAI_SurvivorF_Helga:053 }
SCRIPT       : 09:55:24.644 [EXPANSION DEBUG]: ExpansionItemSpawnHelper::Clone - created Mag_Scout_5Rnd:035725 at location { type=ATTACHMENT item=null parent=Scout:035724 slot=magazine }
SCRIPT       : 09:55:24.691 [EXPANSION DEBUG]: ExpansionItemSpawnHelper::Clone - created Aug:035712 at location { type=HANDS item=Aug:035659 parent=eAI_SurvivorF_Naomi:051 }
SCRIPT       : 09:55:24.691 [EXPANSION DEBUG]: ExpansionItemSpawnHelper::Clone - created Mag_Aug_30Rnd:035711 at location { type=ATTACHMENT item=null parent=Aug:035712 slot=magazine }
SCRIPT       : 09:55:24.691 [EXPANSION DEBUG]: ExpansionItemSpawnHelper::Clone - created AugShort:035658 at location { type=HANDS item=AugShort:035699 parent=eAI_SurvivorM_Guo:052 }
SCRIPT       : 09:55:24.695 [EXPANSION DEBUG]: ExpansionItemSpawnHelper::Clone - created Mag_Aug_30Rnd:035659 at location { type=ATTACHMENT item=null parent=AugShort:035658 slot=magazine }
SCRIPT       : 09:55:24.695 [EXPANSION DEBUG]: ExpansionItemSpawnHelper::Clone - created AugOptic:035726 at location { type=ATTACHMENT item=null parent=AugShort:035658 slot=weaponOpticsAug }
SCRIPT       : [inv] ReplaceItemWithNewLambdaBase Step B) remove OK, loc={ type=HANDS item=AmmoBox_762x39_20Rnd:035636 parent=SurvivorF_Irena:047 }
SCRIPT       : UnboxLambda::SetupNewMagazine new_item=Ammo_762x39<86d29160> count=20
SCRIPT       : [inv] ReplaceItemWithNewLambdaBase Step B) remove OK, loc={ type=HANDS item=AmmoBox_762x39_20Rnd:035637 parent=SurvivorF_Irena:047 }
SCRIPT       : UnboxLambda::SetupNewMagazine new_item=Ammo_762x39<86d29c70> count=20
SCRIPT       : [Logout]: New player 3I2KPiMwtNrbRzLe964-q3OrI2Ligr9LBcsFxmVIl3Q= with logout time 3
SCRIPT       : [emote] SurvivorF_Irena:047 play emote id=14 IH=null
SCRIPT       : 09:55:55.675 [EXPANSION DEBUG]: ExpansionPartyData<bd6b4e20>::OnLeave party Blorpus (ID 0) player Blorpus9000 (ID 3I2KPiMwtNrbRzLe964-q3OrI2Ligr9LBcsFxmVIl3Q=)
SCRIPT       : 09:55:55.675 [EXPANSION DEBUG]: ExpansionQuestPersistentData<861d5910> ~ExpansionQuestPersistentData (28)
SCRIPT       : [Logout]: Player 3I2KPiMwtNrbRzLe964-q3OrI2Ligr9LBcsFxmVIl3Q= finished
