08-04 11:26:36 | Server | Debug | Connect | n/a | n/a | InvokeOnConnect:CustomMission<89c15670>
08-04 11:26:36 | Server | Debug | Connect | n/a | n/a | Player connected:SurvivorBase<7b96a030>
08-04 11:57:46 | Server | Debug | Connect | n/a | n/a | InvokeOnConnect:CustomMission<adb11f0>
08-04 11:57:46 | Server | Debug | Connect | n/a | n/a | Player connected:SurvivorBase<8fa50020>
08-04 12:08:10 | Server | Debug | Connect | n/a | n/a | InvokeOnConnect:CustomMission<89c03990>
08-04 12:08:10 | Server | Debug | Connect | n/a | n/a | Player connected:SurvivorBase<548df010>
08-04 12:14:19 | Server | Debug | Connect | n/a | n/a | InvokeOnConnect:CustomMission<98490c00>
08-04 12:14:19 | Server | Debug | Connect | n/a | n/a | Player connected:SurvivorBase<37d8490>
08-04 12:23:19 | Server | Debug | Connect | n/a | n/a | InvokeOnConnect:CustomMission<98407fb0>
08-04 12:23:19 | Server | Debug | Connect | n/a | n/a | Player connected:SurvivorBase<18152020>
08-04 12:36:16 | Server | Debug | Connect | n/a | n/a | InvokeOnConnect:CustomMission<98454be0>
08-04 12:36:16 | Server | Debug | Connect | n/a | n/a | Player connected:SurvivorBase<448aa020>
08-04 12:36:32 | Server | Debug | Connect | n/a | n/a | InvokeOnDisconnect:CustomMission<98454be0>
08-04 12:36:32 | Server | Debug | Connect | n/a | n/a | Player disconnected:SurvivorBase<448aa020>
08-04 12:36:32 | Server | Debug | n/a | n/a | n/a | Player SurvivorBase<448aa020> saved as alive
08-04 12:56:25 | Server | Debug | Connect | n/a | n/a | InvokeOnConnect:CustomMission<985e2140>
08-04 12:56:25 | Server | Debug | Connect | n/a | n/a | Player connected:SurvivorBase<ccefa270>
08-04 13:02:52 | Server | Debug | Connect | n/a | n/a | InvokeOnDisconnect:CustomMission<985e2140>
08-04 13:02:52 | Server | Debug | Connect | n/a | n/a | Player disconnected:SurvivorBase<ccefa270>
08-04 13:02:52 | Server | Debug | n/a | n/a | n/a | Player SurvivorBase<ccefa270> saved as alive
08-06 12:59:39 | Server | Debug | Connect | n/a | n/a | InvokeOnConnect:CustomMission<a9bec140>
08-06 12:59:39 | Server | Debug | Connect | n/a | n/a | Player connected:SurvivorBase<9b5090d0>
08-06 13:27:44 | Server | Debug | recipes | n/a | n/a | Recipe Do method called
08-06 14:07:37 | Server | Debug | Connect | n/a | n/a | InvokeOnDisconnect:CustomMission<a9bec140>
08-06 14:07:37 | Server | Debug | Connect | n/a | n/a | Player disconnected:SurvivorBase<9b5090d0>
08-06 14:07:37 | Server | Debug | n/a | n/a | n/a | Player SurvivorBase<9b5090d0> saved as alive
08-06 14:42:05 | Server | Debug | Connect | n/a | n/a | InvokeOnConnect:CustomMission<f6c9a800>
08-06 14:42:05 | Server | Debug | Connect | n/a | n/a | Player connected:SurvivorBase<8952fcd0>
08-06 14:45:15 | Server | Debug | Connect | n/a | n/a | InvokeOnDisconnect:CustomMission<f6c9a800>
08-06 14:45:15 | Server | Debug | Connect | n/a | n/a | Player disconnected:SurvivorBase<8952fcd0>
08-06 14:45:15 | Server | Debug | n/a | n/a | n/a | Player SurvivorBase<8952fcd0> saved as alive
08-06 14:51:38 | Server | Debug | Connect | n/a | n/a | InvokeOnConnect:CustomMission<35575530>
08-06 14:51:38 | Server | Debug | Connect | n/a | n/a | Player connected:SurvivorBase<f2855030>
08-06 15:02:49 | Server | Debug | Connect | n/a | n/a | InvokeOnDisconnect:CustomMission<35575530>
08-06 15:02:49 | Server | Debug | Connect | n/a | n/a | Player disconnected:SurvivorBase<f2855030>
08-06 15:02:49 | Server | Debug | n/a | n/a | n/a | Player SurvivorBase<f2855030> saved as alive
08-06 15:26:22 | Server | Debug | Connect | n/a | n/a | InvokeOnConnect:CustomMission<38d766f0>
08-06 15:26:22 | Server | Debug | Connect | n/a | n/a | Player connected:SurvivorBase<eac5c040>
08-06 15:32:30 | Server | Debug | Connect | n/a | n/a | InvokeOnDisconnect:CustomMission<38d766f0>
08-06 15:32:30 | Server | Debug | Connect | n/a | n/a | Player disconnected:SurvivorBase<eac5c040>
08-06 15:32:30 | Server | Debug | n/a | n/a | n/a | Player SurvivorBase<eac5c040> saved as alive
08-06 15:35:30 | Server | Debug | Connect | n/a | n/a | InvokeOnConnect:CustomMission<f76fb9f0>
08-06 15:35:30 | Server | Debug | Connect | n/a | n/a | Player connected:SurvivorBase<49a8e860>
08-06 15:39:15 | Server | Debug | Connect | n/a | n/a | InvokeOnDisconnect:CustomMission<f76fb9f0>
08-06 15:39:15 | Server | Debug | Connect | n/a | n/a | Player disconnected:SurvivorBase<49a8e860>
08-06 15:39:15 | Server | Debug | n/a | n/a | n/a | Player SurvivorBase<49a8e860> saved as alive
08-06 15:42:28 | Server | Debug | Connect | n/a | n/a | InvokeOnConnect:CustomMission<29af7520>
08-06 15:42:28 | Server | Debug | Connect | n/a | n/a | Player connected:SurvivorBase<e33f0060>
08-06 15:48:04 | Server | Debug | Connect | n/a | n/a | InvokeOnDisconnect:CustomMission<29af7520>
08-06 15:48:04 | Server | Debug | Connect | n/a | n/a | Player disconnected:SurvivorBase<e33f0060>
08-06 15:48:04 | Server | Debug | n/a | n/a | n/a | Player SurvivorBase<e33f0060> saved as alive
08-06 15:52:13 | Server | Debug | Connect | n/a | n/a | InvokeOnConnect:CustomMission<fae68310>
08-06 15:52:13 | Server | Debug | Connect | n/a | n/a | Player connected:SurvivorBase<8b5d99b0>
08-06 15:59:33 | Server | Debug | Connect | n/a | n/a | InvokeOnConnect:CustomMission<fae68310>
08-06 15:59:33 | Server | Debug | Connect | n/a | n/a | Player connected:SurvivorBase<1a76d010>
08-06 16:03:57 | Server | Debug | Connect | n/a | n/a | InvokeOnDisconnect:CustomMission<fae68310>
08-06 16:03:57 | Server | Debug | Connect | n/a | n/a | Player disconnected:SurvivorBase<1a76d010>
08-06 16:03:57 | Server | Debug | n/a | n/a | n/a | Player SurvivorBase<1a76d010> saved as alive
08-08 15:22:08 | Server | Debug | Connect | n/a | n/a | InvokeOnConnect:CustomMission<f82e1820>
08-08 15:22:08 | Server | Debug | Connect | n/a | n/a | Player connected:SurvivorBase<85c07f0>
08-08 15:22:35 | Server | Debug | Connect | n/a | n/a | InvokeOnDisconnect:CustomMission<f82e1820>
08-08 15:22:35 | Server | Debug | Connect | n/a | n/a | Player disconnected:SurvivorBase<85c07f0>
08-08 15:22:35 | Server | Debug | n/a | n/a | n/a | Player SurvivorBase<85c07f0> saved as alive
08-08 15:49:01 | Server | Debug | Connect | n/a | n/a | InvokeOnConnect:CustomMission<7b5d4bf0>
08-08 15:49:01 | Server | Debug | Connect | n/a | n/a | Player connected:SurvivorBase<6ed4a030>
08-08 15:53:05 | Server | Debug | Connect | n/a | n/a | InvokeOnDisconnect:CustomMission<7b5d4bf0>
08-08 15:53:05 | Server | Debug | Connect | n/a | n/a | Player disconnected:SurvivorBase<6ed4a030>
08-08 15:53:05 | Server | Debug | n/a | n/a | n/a | Player SurvivorBase<6ed4a030> saved as alive
08-08 16:08:05 | Server | Debug | Connect | n/a | n/a | InvokeOnConnect:CustomMission<f77ff260>
08-08 16:08:05 | Server | Debug | Connect | n/a | n/a | Player connected:SurvivorBase<16941020>
08-08 16:08:44 | Server | Debug | Connect | n/a | n/a | InvokeOnConnect:CustomMission<f77ff260>
08-08 16:08:44 | Server | Debug | Connect | n/a | n/a | Player connected:SurvivorBase<1672e030>
08-08 16:09:07 | Server | Debug | Connect | n/a | n/a | InvokeOnDisconnect:CustomMission<f77ff260>
08-08 16:09:07 | Server | Debug | Connect | n/a | n/a | Player disconnected:SurvivorBase<1672e030>
08-08 16:09:07 | Server | Debug | n/a | n/a | n/a | Player SurvivorBase<1672e030> saved as alive
08-08 18:31:21 | Server | Debug | Connect | n/a | n/a | InvokeOnConnect:CustomMission<f84b2a90>
08-08 18:31:21 | Server | Debug | Connect | n/a | n/a | Player connected:SurvivorBase<9daf3210>
08-08 18:32:37 | Server | Debug | Connect | n/a | n/a | InvokeOnConnect:CustomMission<f84b2a90>
08-08 18:32:37 | Server | Debug | Connect | n/a | n/a | Player connected:SurvivorBase<a0850d0>
08-08 18:32:53 | Server | Debug | Connect | n/a | n/a | InvokeOnDisconnect:CustomMission<f84b2a90>
08-08 18:32:53 | Server | Debug | Connect | n/a | n/a | Player disconnected:SurvivorBase<a0850d0>
08-08 18:32:53 | Server | Debug | n/a | n/a | n/a | Player SurvivorBase<a0850d0> saved as alive
08-08 18:34:57 | Server | Debug | Connect | n/a | n/a | InvokeOnConnect:CustomMission<7b6ddb00>
08-08 18:34:57 | Server | Debug | Connect | n/a | n/a | Player connected:SurvivorBase<9ab9d410>
08-08 18:35:21 | Server | Debug | Connect | n/a | n/a | InvokeOnDisconnect:CustomMission<7b6ddb00>
08-08 18:35:21 | Server | Debug | Connect | n/a | n/a | Player disconnected:SurvivorBase<9ab9d410>
08-08 18:35:21 | Server | Debug | n/a | n/a | n/a | Player SurvivorBase<9ab9d410> saved as alive
08-09 11:16:07 | Server | Debug | Connect | n/a | n/a | InvokeOnConnect:CustomMission<fe05c190>
08-09 11:16:07 | Server | Debug | Connect | n/a | n/a | Player connected:SurvivorBase<6e179480>
08-09 11:17:24 | Server | Debug | Connect | n/a | n/a | InvokeOnConnect:CustomMission<fe05c190>
08-09 11:17:24 | Server | Debug | Connect | n/a | n/a | Player connected:SurvivorBase<8a0fa020>
08-09 11:17:41 | Server | Debug | Connect | n/a | n/a | InvokeOnDisconnect:CustomMission<fe05c190>
08-09 11:17:41 | Server | Debug | Connect | n/a | n/a | Player disconnected:SurvivorBase<8a0fa020>
08-09 11:17:41 | Server | Debug | n/a | n/a | n/a | Player SurvivorBase<8a0fa020> saved as alive
08-09 11:22:40 | Server | Debug | Connect | n/a | n/a | InvokeOnConnect:CustomMission<77d1ba10>
08-09 11:22:40 | Server | Debug | Connect | n/a | n/a | Player connected:SurvivorBase<962b90f0>
08-09 11:22:57 | Server | Debug | Connect | n/a | n/a | InvokeOnDisconnect:CustomMission<77d1ba10>
08-09 11:22:57 | Server | Debug | Connect | n/a | n/a | Player disconnected:SurvivorBase<962b90f0>
08-09 11:22:57 | Server | Debug | n/a | n/a | n/a | Player SurvivorBase<962b90f0> saved as alive
08-09 11:53:57 | Server | Debug | Connect | n/a | n/a | InvokeOnConnect:CustomMission<77687020>
08-09 11:53:57 | Server | Debug | Connect | n/a | n/a | Player connected:SurvivorBase<94cf89c0>
08-09 11:54:23 | Server | Debug | Connect | n/a | n/a | InvokeOnDisconnect:CustomMission<77687020>
08-09 11:54:23 | Server | Debug | Connect | n/a | n/a | Player disconnected:SurvivorBase<94cf89c0>
08-09 11:54:23 | Server | Debug | n/a | n/a | n/a | Player SurvivorBase<94cf89c0> saved as alive
