---------------------------------------------
Log C:\Program Files (x86)\Steam\steamapps\common\DayZServerAug2\config\script_2023-08-14_15-40-32.log started at 14.08. 15:40:32

SCRIPT       : Registered 397 temporary action enum(s), UAN==397
SCRIPT       : Registering faction type eAIFactionShamans ID -1484989417
SCRIPT       : Registering faction type eAIFactionObservers ID -563736721
SCRIPT       : Registering faction type eAIFactionInvincibleObservers ID -1227299746
SCRIPT       : Registering faction type eAIFactionEast ID 90522109
SCRIPT       : Registering faction type eAIFactionGuards ID 963933710
SCRIPT       : Registering faction type eAIFactionRaiders ID 1535276022
SCRIPT       : Registering faction type eAIFactionMercenaries ID 1629891834
SCRIPT       : Registering faction type eAIFactionWest ID 113880155
SCRIPT       : Registering faction type eAIFactionCivilian ID 1096178351
SCRIPT       : Registering faction type eAIFactionPassive ID -1159399789
SCRIPT       : Registering faction type eAIFactionInvincibleGuards ID 782746017
SCRIPT       : ... Backlit Effects Enabled
SCRIPT       : 15:40:33 [EXPANSION LOG]: DayZGame<8a4effe0> Start time (local time) 2023-08-14 15:40:29
SCRIPT       : 15:40:33 [EXPANSION LOG]: DayZGame<8a4effe0> Start time (UTC) 2023-08-14 20:40:29
SCRIPT       : 15:40:33 [EXPANSION LOG]: DayZGame<8a4effe0> Runtime since start (seconds) 4.574
SCRIPT    (W): @"JM/COT/Scripts/4_World/communityonlinetools\classes\webhook\jmwebhookdiscordmessage.c,19": Possible variable name conflict 'username'
SCRIPT    (W): @"JM/COT/Scripts/4_World/communityonlinetools\classes\webhook\jmwebhookdiscordmessage.c,19": Possible variable name conflict 'avatar_url'
SCRIPT    (W): @"JM/COT/Scripts/4_World/communityonlinetools\classes\webhook\jmwebhookdiscordmessage.c,19": Possible variable name conflict 'content'
SCRIPT    (W): @"JM/COT/Scripts/4_World/communityonlinetools\classes\webhook\jmwebhookdiscordmessage.c,151": Possible variable name conflict 'url'
SCRIPT    (W): @"JM/COT/Scripts/4_World/communityonlinetools\classes\webhook\jmwebhookdiscordmessage.c,172": Possible variable name conflict 'url'
SCRIPT    (W): @"JM/COT/Scripts/4_World/communityonlinetools\classes\webhook\jmwebhookdiscordmessage.c,180": Possible variable name conflict 'url'
SCRIPT       : 15:40:47.558 [EXPANSION DEBUG]: [ExpansionDebugSettings] Load existing setting file:$profile:ExpansionMod\Settings\DebugSettings.json
SCRIPT       : 15:40:47.558 [EXPANSION DEBUG]: [ExpansionLogSettings] Load existing setting file:$profile:ExpansionMod\Settings\LogsSettings.json
SCRIPT       : 15:40:47.558 [EXPANSION DEBUG]: [ExpansionNotificationSettings] Load existing setting file:$profile:ExpansionMod\Settings\NotificationSettings.json
SCRIPT       : 15:40:47.558 [EXPANSION DEBUG]: [ExpansionMonitoringSettings] Load existing setting file:$profile:ExpansionMod\Settings\MonitoringSettings.json
SCRIPT       : 15:40:47.558 [EXPANSION DEBUG]: [ExpansionDamageSystemSettings] Load existing setting file:$profile:ExpansionMod\Settings\DamageSystemSettings.json
SCRIPT       : 15:40:47.558 [EXPANSION DEBUG]: [ExpansionPartySettings] Load existing setting file:$profile:ExpansionMod\Settings\PartySettings.json
SCRIPT       : 15:40:47.558 [EXPANSION DEBUG]: [ExpansionHardlineSettings] Load existing setting file:$mission:expansion\settings\HardlineSettings.json
SCRIPT       : 15:40:47.562 [EXPANSION DEBUG]: [ExpansionMarketSettings] Load existing setting file:$mission:expansion\settings\MarketSettings.json
SCRIPT       : ExpansionMarketSettings::LoadCategories - Adding category ID 1 (Ammo)
SCRIPT       : ExpansionMarketSettings::LoadCategories - Adding category ID 2 (Ammo_Boxes)
SCRIPT       : ExpansionMarketSettings::LoadCategories - Adding category ID 3 (Armbands)
SCRIPT       : ExpansionMarketSettings::LoadCategories - Adding category ID 4 (Assault_Rifles)
SCRIPT       : ExpansionMarketSettings::LoadCategories - Adding category ID 5 (Backpacks)
SCRIPT       : ExpansionMarketSettings::LoadCategories - Adding category ID 6 (Bandanas)
SCRIPT       : ExpansionMarketSettings::LoadCategories - Adding category ID 7 (Batteries)
SCRIPT       : ExpansionMarketSettings::LoadCategories - Adding category ID 8 (Bayonets)
SCRIPT       : ExpansionMarketSettings::LoadCategories - Adding category ID 9 (Belts)
SCRIPT       : ExpansionMarketSettings::LoadCategories - Adding category ID 10 (Blouses_And_Suits)
SCRIPT       : ExpansionMarketSettings::LoadCategories - Adding category ID 11 (Boats)
SCRIPT       : ExpansionMarketSettings::LoadCategories - Adding category ID 12 (Boots_And_Shoes)
SCRIPT       : ExpansionMarketSettings::LoadCategories - Adding category ID 13 (Buttstocks)
SCRIPT       : ExpansionMarketSettings::LoadCategories - Adding category ID 14 (Caps)
SCRIPT       : ExpansionMarketSettings::LoadCategories - Adding category ID 15 (Cars)
SCRIPT       : ExpansionMarketSettings::LoadCategories - Adding category ID 16 (Coats_And_Jackets)
SCRIPT       : ExpansionMarketSettings::LoadCategories - Adding category ID 17 (Containers)
SCRIPT       : ExpansionMarketSettings::LoadCategories - Adding category ID 18 (Crossbows)
SCRIPT       : ExpansionMarketSettings::LoadCategories - Adding category ID 19 (Drinks)
SCRIPT       : ExpansionMarketSettings::LoadCategories - Adding category ID 20 (Electronics)
SCRIPT       : ExpansionMarketSettings::LoadCategories - Adding category ID 21 (Event)
SCRIPT       : ExpansionMarketSettings::LoadCategories - Adding category ID 22 (Exchange)
SCRIPT       : ExpansionMarketSettings::LoadCategories - Adding category ID 23 (Explosives_And_Grenades)
SCRIPT       : ExpansionMarketSettings::LoadCategories - Adding category ID 24 (Eyewear)
SCRIPT       : ExpansionMarketSettings::LoadCategories - Adding category ID 25 (Fish)
SCRIPT       : ExpansionMarketSettings::LoadCategories - Adding category ID 26 (Fishing)
SCRIPT       : ExpansionMarketSettings::LoadCategories - Adding category ID 27 (Flags)
SCRIPT       : ExpansionMarketSettings::LoadCategories - Adding category ID 28 (Food)
SCRIPT       : ExpansionMarketSettings::LoadCategories - Adding category ID 29 (Fruit_And_Vegetables)
SCRIPT       : ExpansionMarketSettings::LoadCategories - Adding category ID 30 (Furnishings)
SCRIPT       : ExpansionMarketSettings::LoadCategories - Adding category ID 31 (Gardening)
SCRIPT       : ExpansionMarketSettings::LoadCategories - Adding category ID 32 (Ghillies)
SCRIPT       : ExpansionMarketSettings::LoadCategories - Adding category ID 33 (Gloves)
SCRIPT       : ExpansionMarketSettings::LoadCategories - Adding category ID 34 (Handguards)
SCRIPT       : ExpansionMarketSettings::LoadCategories - Adding category ID 35 (Hats_And_Hoods)
SCRIPT       : ExpansionMarketSettings::LoadCategories - Adding category ID 36 (Helicopters)
SCRIPT       : ExpansionMarketSettings::LoadCategories - Adding category ID 37 (Helmets)
SCRIPT       : ExpansionMarketSettings::LoadCategories - Adding category ID 38 (Holsters_And_Pouches)
SCRIPT       : ExpansionMarketSettings::LoadCategories - Adding category ID 39 (Kits)
SCRIPT       : ExpansionMarketSettings::LoadCategories - Adding category ID 40 (Knifes)
SCRIPT       : ExpansionMarketSettings::LoadCategories - Adding category ID 41 (Launchers)
SCRIPT       : ExpansionMarketSettings::LoadCategories - Adding category ID 42 (Lights)
SCRIPT       : ExpansionMarketSettings::LoadCategories - Adding category ID 43 (Liquids)
SCRIPT       : ExpansionMarketSettings::LoadCategories - Adding category ID 44 (Locks)
SCRIPT       : ExpansionMarketSettings::LoadCategories - Adding category ID 45 (Magazines)
SCRIPT       : ExpansionMarketSettings::LoadCategories - Adding category ID 46 (Masks)
SCRIPT       : ExpansionMarketSettings::LoadCategories - Adding category ID 47 (Meat)
SCRIPT       : ExpansionMarketSettings::LoadCategories - Adding category ID 48 (Medical)
SCRIPT       : ExpansionMarketSettings::LoadCategories - Adding category ID 49 (Melee_Weapons)
SCRIPT       : ExpansionMarketSettings::LoadCategories - Adding category ID 50 (Muzzles)
SCRIPT       : ExpansionMarketSettings::LoadCategories - Adding category ID 51 (Navigation)
SCRIPT       : ExpansionMarketSettings::LoadCategories - Adding category ID 52 (Optics)
SCRIPT       : ExpansionMarketSettings::LoadCategories - Adding category ID 53 (Pants_And_Shorts)
SCRIPT       : ExpansionMarketSettings::LoadCategories - Adding category ID 54 (Pistols)
SCRIPT       : ExpansionMarketSettings::LoadCategories - Adding category ID 55 (Rifles)
SCRIPT       : ExpansionMarketSettings::LoadCategories - Adding category ID 56 (Shirts_And_TShirts)
SCRIPT       : ExpansionMarketSettings::LoadCategories - Adding category ID 57 (Shotguns)
SCRIPT       : ExpansionMarketSettings::LoadCategories - Adding category ID 58 (Skirts_And_Dresses)
SCRIPT       : ExpansionMarketSettings::LoadCategories - Adding category ID 59 (Sniper_Rifles)
SCRIPT       : ExpansionMarketSettings::LoadCategories - Adding category ID 60 (Spraycans)
SCRIPT       : ExpansionMarketSettings::LoadCategories - Adding category ID 61 (Submachine_Guns)
SCRIPT       : ExpansionMarketSettings::LoadCategories - Adding category ID 62 (Supplies)
SCRIPT       : ExpansionMarketSettings::LoadCategories - Adding category ID 63 (Sweaters_And_Hoodies)
SCRIPT       : ExpansionMarketSettings::LoadCategories - Adding category ID 64 (Tents)
SCRIPT       : ExpansionMarketSettings::LoadCategories - Adding category ID 65 (Tools)
SCRIPT       : ExpansionMarketSettings::LoadCategories - Adding category ID 66 (Vehicle_Parts)
SCRIPT       : ExpansionMarketSettings::LoadCategories - Adding category ID 67 (Vests)
SCRIPT       : 15:40:47.683 [EXPANSION DEBUG]: [ExpansionAirdropSettings] Load existing setting file:$profile:ExpansionMod\Settings\AirdropSettings.json
SCRIPT       : 15:40:47.808 [EXPANSION DEBUG]: [ExpansionMissionSettings] Load existing setting file:$profile:ExpansionMod\Settings\MissionSettings.json
SCRIPT       : 15:40:47.808 [EXPANSION DEBUG]: [ExpansionMapSettings] Load existing setting file:$mission:expansion\settings\MapSettings.json
SCRIPT       : 15:40:47.820 [EXPANSION DEBUG]: [ExpansionPersonalStorageNewSettings] Load existing setting file:$profile:ExpansionMod\Settings\PersonalStorageNewSettings.json
SCRIPT       : 15:40:47.820 [EXPANSION DEBUG]: [ExpansionGeneralSettings] Load existing setting file:$profile:ExpansionMod\Settings\GeneralSettings.json
SCRIPT       : 15:40:47.820 [EXPANSION DEBUG]: [ExpansionPlayerListSettings] Load existing setting file:$profile:ExpansionMod\Settings\PlayerListSettings.json
SCRIPT       : 15:40:47.820 [EXPANSION DEBUG]: [ExpansionSocialMediaSettings] Load existing setting file:$profile:ExpansionMod\Settings\SocialMediaSettings.json
SCRIPT       : 15:40:47.820 [EXPANSION DEBUG]: [ExpansionSpawnSettings] Load existing setting file:$mission:expansion\settings\SpawnSettings.json
SCRIPT       : 15:40:47.824 [EXPANSION DEBUG]: [ExpansionVehicleSettings] Load existing setting file:$profile:ExpansionMod\Settings\VehicleSettings.json
SCRIPT       : 15:40:47.824 [EXPANSION DEBUG]: [ExpansionAISettings] Load existing setting file:$profile:ExpansionMod\Settings\AISettings.json
SCRIPT       : 15:40:47.824 [EXPANSION DEBUG]: [ExpansionAIPatrolSettings] Load existing setting file:$mission:expansion\settings\AIPatrolSettings.json
SCRIPT       : 15:40:47.828 [EXPANSION DEBUG]: [ExpansionBaseBuildingSettings] Load existing setting file:$mission:expansion\settings\BaseBuildingSettings.json
SCRIPT       : 15:40:47.828 [EXPANSION DEBUG]: [ExpansionRaidSettings] Load existing setting file:$profile:ExpansionMod\Settings\RaidSettings.json
SCRIPT       : 15:40:47.828 [EXPANSION DEBUG]: [ExpansionTerritorySettings] Load existing setting file:$profile:ExpansionMod\Settings\TerritorySettings.json
SCRIPT       : 15:40:47.832 [EXPANSION DEBUG]: [ExpansionChatSettings] Load existing setting file:$profile:ExpansionMod\Settings\ChatSettings.json
SCRIPT       : Expansion version: 1.8.21
SCRIPT       : [DefineTest] EXPANSIONMOD is defined
SCRIPT       : [DefineTest] EXPANSIONMODAI is defined
SCRIPT       : [DefineTest] EXPANSIONMODANIMATIONS is defined
SCRIPT       : [DefineTest] EXPANSIONMODBASEBUILDING is defined
SCRIPT       : [DefineTest] EXPANSIONMODBOOK is defined
SCRIPT       : [DefineTest] EXPANSIONMODCHAT is defined
SCRIPT       : [DefineTest] EXPANSIONMODCORE is defined
SCRIPT       : [DefineTest] EXPANSIONMODGARAGE is defined
SCRIPT       : [DefineTest] EXPANSIONMODGROUPS is defined
SCRIPT       : [DefineTest] EXPANSIONMODHARDLINE is defined
SCRIPT       : [DefineTest] EXPANSIONMODKILLFEED is defined
SCRIPT       : [DefineTest] EXPANSIONMODMAPASSETS is defined
SCRIPT       : [DefineTest] EXPANSIONMODMARKET is defined
SCRIPT       : [DefineTest] EXPANSIONMODMISSIONS is defined
SCRIPT       : [DefineTest] EXPANSIONMODNAMETAGS is defined
SCRIPT       : [DefineTest] EXPANSIONMODNAVIGATION is defined
SCRIPT       : [DefineTest] EXPANSIONMODP2PMARKET is defined
SCRIPT       : [DefineTest] EXPANSIONMODPERSONALSTORAGE is defined
SCRIPT       : [DefineTest] EXPANSIONMODQUESTS is defined
SCRIPT       : [DefineTest] EXPANSIONMODSPAWNSELECTION is defined
SCRIPT       : [DefineTest] EXPANSIONMODVEHICLE is defined
SCRIPT       : [DefineTest] EXPANSIONMODWEAPONS is defined
SCRIPT       : [DefineTest] CfgMods:
SCRIPT       : defaultAction
SCRIPT       : DayZ
SCRIPT       : DZ_Expansion_AI_Preload
SCRIPT       : DZ_Expansion_Animations_Preload
SCRIPT       : DZ_Expansion_BaseBuilding_Preload
SCRIPT       : DZ_Expansion_Book_Preload
SCRIPT       : DZ_Expansion_Chat_Preload
SCRIPT       : DZ_Expansion_Core_Preload
SCRIPT       : DZ_Expansion_Garage_Preload
SCRIPT       : DZ_Expansion_Groups_Preload
SCRIPT       : DZ_Expansion_Hardline_Preload
SCRIPT       : DZ_Expansion_KillFeed_Preload
SCRIPT       : DZ_Expansion_MapAssets_Preload
SCRIPT       : DZ_Expansion_Market_Preload
SCRIPT       : DZ_Expansion_Missions_Preload
SCRIPT       : DZ_Expansion_ModStorage_Preload
SCRIPT       : DZ_Expansion_NameTags_Preload
SCRIPT       : DZ_Expansion_Navigation_Preload
SCRIPT       : DZ_Expansion_P2PMarket_Preload
SCRIPT       : DZ_Expansion_PersonalStorage_Preload
SCRIPT       : DZ_Expansion_Preload
SCRIPT       : DZ_Expansion_Quests_Preload
SCRIPT       : DZ_Expansion_SpawnSelection_Preload
SCRIPT       : DZ_Expansion_Vehicles_Preload
SCRIPT       : DZ_Expansion_Weapons_Preload
SCRIPT       : DZ_DabsFramework
SCRIPT       : DZ_Expansion_DefineTest
SCRIPT       : DZ_Expansion_MapAssets
SCRIPT       : bliss
SCRIPT       : JM_CommunityFramework
SCRIPT       : JM_CommunityOnlineTools
SCRIPT       : PvZmoD_CustomisableZombies
SCRIPT       : BoostZombiesVisionAddon
SCRIPT       : DZ_Editor_Loader
SCRIPT       : DZ_Expansion_ModStorage
SCRIPT       : DZ_Expansion_Core
SCRIPT       : DZ_Expansion_Garage
SCRIPT       : DZ_Expansion_Groups
SCRIPT       : DZ_Expansion_Market
SCRIPT       : DZ_Expansion_Missions
SCRIPT       : DZ_Expansion_NameTags
SCRIPT       : DZ_Expansion_Navigation
SCRIPT       : DZ_Expansion_NotificationScheduler
SCRIPT       : DZ_Expansion_P2PMarket
SCRIPT       : DZ_Expansion_PersonalStorage
SCRIPT       : DZ_Expansion_PersonalStorageNew
SCRIPT       : DZ_Expansion_PlayerList
SCRIPT       : DZ_Expansion
SCRIPT       : DZ_Expansion_SpawnSelection
SCRIPT       : DZ_Expansion_VanillaFixes
SCRIPT       : DZ_Expansion_Vehicles
SCRIPT       : DZ_Expansion_Weapons
SCRIPT       : jpc_vest
SCRIPT       : DZ_Expansion_AI
SCRIPT       : DZ_Expansion_BaseBuilding
SCRIPT       : DZ_Expansion_Book
SCRIPT       : DZ_Expansion_Chat
SCRIPT       : DZ_Expansion_Hardline
SCRIPT       : DZ_Expansion_Quests
SCRIPT       : DZ_Expansion_VirtualContainerStorage
SCRIPT       : DayZ_Expansion_AI_Dynamic
SCRIPT       : 15:40:48.343 [EXPANSION DEBUG]: ModStorage v5
SCRIPT       : 15:40:51.113 [EXPANSION DEBUG]: ExpansionTraderJudy<716e0010>::SetTraderObject ExpansionTraderObjectBase<ce1068a0> <4973.928711, 9.510984, 2436.782959>
SCRIPT       : 15:40:51.113 [EXPANSION DEBUG]: LoadMissionTradersFile trader ExpansionTraderJudy<716e0010> fileName Aircraft
SCRIPT       : 15:40:51.125 [EXPANSION DEBUG]: ExpansionTraderJose<f068050>::SetTraderObject ExpansionTraderObjectBase<ce395290> <14353.624023, 3.326771, 13229.217773>
SCRIPT       : 15:40:51.125 [EXPANSION DEBUG]: LoadMissionTradersFile trader ExpansionTraderJose<f068050> fileName Boats
SCRIPT       : 15:40:51.132 [EXPANSION DEBUG]: ExpansionTraderEva<63968020>::SetTraderObject ExpansionTraderObjectBase<ce47e520> <14378.793945, 3.325975, 13271.585938>
SCRIPT       : 15:40:51.132 [EXPANSION DEBUG]: LoadMissionTradersFile trader ExpansionTraderEva<63968020> fileName Fishing
SCRIPT       : 15:40:51.136 [EXPANSION DEBUG]: ExpansionTraderLewis<ce565010>::SetTraderObject ExpansionTraderObjectBase<ce574110> <1756.656372, 1.415564, 2027.359741>
SCRIPT       : 15:40:51.136 [EXPANSION DEBUG]: LoadMissionTradersFile trader ExpansionTraderLewis<ce565010> fileName Boats
SCRIPT       : 15:40:51.140 [EXPANSION DEBUG]: LoadMissionTradersFile trader ExpansionTraderStaticBase<b3689850> fileName Exchange
SCRIPT       : 15:40:51.156 [EXPANSION DEBUG]: ExpansionTraderDenis<ce634010>::SetTraderObject ExpansionTraderObjectBase<ce686520> <3697.249512, 402.010010, 5977.625488>
SCRIPT       : 15:40:51.156 [EXPANSION DEBUG]: LoadMissionTradersFile trader ExpansionTraderDenis<ce634010> fileName Clothing
SCRIPT       : 15:40:51.175 [EXPANSION DEBUG]: ExpansionTraderMaria<ce602800>::SetTraderObject ExpansionTraderObjectBase<d7f3d090> <3696.455811, 402.010010, 5980.193359>
SCRIPT       : 15:40:51.175 [EXPANSION DEBUG]: LoadMissionTradersFile trader ExpansionTraderMaria<ce602800> fileName Clothing_Accessories
SCRIPT       : 15:40:51.187 [EXPANSION DEBUG]: ExpansionTraderQuinn<d18020>::SetTraderObject ExpansionTraderObjectBase<d80025a0> <3710.121826, 402.010010, 5976.164063>
SCRIPT       : 15:40:51.187 [EXPANSION DEBUG]: LoadMissionTradersFile trader ExpansionTraderQuinn<d18020> fileName Consumables
SCRIPT       : 15:40:51.203 [EXPANSION DEBUG]: ExpansionTraderNaomi<d810d810>::SetTraderObject ExpansionTraderObjectBase<d815bf90> <3708.786865, 402.010010, 5974.589844>
SCRIPT       : 15:40:51.203 [EXPANSION DEBUG]: LoadMissionTradersFile trader ExpansionTraderNaomi<d810d810> fileName Weapons
SCRIPT       : 15:40:51.222 [EXPANSION DEBUG]: ExpansionTraderSeth<8d2daea0>::SetTraderObject ExpansionTraderObjectBase<d82cc150> <3710.265137, 402.010010, 5973.340820>
SCRIPT       : 15:40:51.222 [EXPANSION DEBUG]: LoadMissionTradersFile trader ExpansionTraderSeth<8d2daea0> fileName Attachments
SCRIPT       : 15:40:51.230 [EXPANSION DEBUG]: ExpansionTraderRolf<8d2ea6e0>::SetTraderObject ExpansionTraderObjectBase<d83ad0f0> <3698.172607, 402.010010, 5995.337402>
SCRIPT       : 15:40:51.230 [EXPANSION DEBUG]: LoadMissionTradersFile trader ExpansionTraderRolf<8d2ea6e0> fileName Vehicles
SCRIPT       : 15:40:51.250 [EXPANSION DEBUG]: ExpansionTraderIndar<8d2d7090>::SetTraderObject ExpansionTraderObjectBase<d84649a0> <3714.531006, 402.138000, 5961.776367>
SCRIPT       : 15:40:51.250 [EXPANSION DEBUG]: LoadMissionTradersFile trader ExpansionTraderIndar<8d2d7090> fileName Components
SCRIPT       : 15:40:51.257 [EXPANSION DEBUG]: ExpansionTraderJudy<8d2f2300>::SetTraderObject ExpansionTraderObjectBase<d846fb20> <3729.029541, 402.651001, 5969.476563>
SCRIPT       : 15:40:51.257 [EXPANSION DEBUG]: LoadMissionTradersFile trader ExpansionTraderJudy<8d2f2300> fileName Medicals
SCRIPT       : 15:40:51.257 [EXPANSION DEBUG]: ExpansionTraderNaomi<8d2f9f20>::SetTraderObject ExpansionTraderObjectBase<d84790d0> <3690.062988, 402.100067, 6006.763672>
SCRIPT       : 15:40:51.257 [EXPANSION DEBUG]: LoadMissionTradersFile trader ExpansionTraderNaomi<8d2f9f20> fileName Vehicle_Parts
SCRIPT       : 15:40:51.265 [EXPANSION DEBUG]: ExpansionTraderJose<8d2f6110>::SetTraderObject ExpansionTraderObjectBase<d86e15e0> <3699.629883, 402.010010, 5993.970215>
SCRIPT       : 15:40:51.265 [EXPANSION DEBUG]: LoadMissionTradersFile trader ExpansionTraderJose<8d2f6110> fileName Spraycans
SCRIPT       : 15:40:51.273 [EXPANSION DEBUG]: ExpansionTraderLinda<8d2decb0>::SetTraderObject ExpansionTraderObjectBase<d8883eb0> <3674.669922, 406.760010, 5990.390137>
SCRIPT       : 15:40:51.273 [EXPANSION DEBUG]: LoadMissionTradersFile trader ExpansionTraderLinda<8d2decb0> fileName Special
SCRIPT       : 15:40:51.281 [EXPANSION DEBUG]: ExpansionTraderNiki<8d2fdd30>::SetTraderObject ExpansionTraderObjectBase<d88a0b00> <3699.030029, 402.013000, 5973.439941>
SCRIPT       : 15:40:51.281 [EXPANSION DEBUG]: LoadMissionTradersFile trader ExpansionTraderNiki<8d2fdd30> fileName BuildingSupplies
SCRIPT       : 15:40:51.289 [EXPANSION DEBUG]: ExpansionTraderFrancis<8d301b40>::SetTraderObject ExpansionTraderObjectBase<d8972bc0> <1153.964844, 6.463035, 2409.763184>
SCRIPT       : 15:40:51.289 [EXPANSION DEBUG]: LoadMissionTradersFile trader ExpansionTraderFrancis<8d301b40> fileName Attachments
SCRIPT       : 15:40:51.296 [EXPANSION DEBUG]: ExpansionTraderKaito<8d2e68d0>::SetTraderObject ExpansionTraderObjectBase<d8a97140> <1117.021240, 5.495151, 2413.766357>
SCRIPT       : 15:40:51.296 [EXPANSION DEBUG]: LoadMissionTradersFile trader ExpansionTraderKaito<8d2e68d0> fileName Components
SCRIPT       : 15:40:51.308 [EXPANSION DEBUG]: ExpansionTraderCyril<8d305950>::SetTraderObject ExpansionTraderObjectBase<d8b2edd0> <1136.987427, 5.908522, 2439.662598>
SCRIPT       : 15:40:51.308 [EXPANSION DEBUG]: LoadMissionTradersFile trader ExpansionTraderCyril<8d305950> fileName Clothing
SCRIPT       : 15:40:51.312 [EXPANSION DEBUG]: ExpansionTraderGuo<8d309760>::SetTraderObject ExpansionTraderObjectBase<d8bbdff0> <1133.974854, 5.909700, 2442.412598>
SCRIPT       : 15:40:51.312 [EXPANSION DEBUG]: LoadMissionTradersFile trader ExpansionTraderGuo<8d309760> fileName Clothing_Accessories
SCRIPT       : 15:40:51.320 [EXPANSION DEBUG]: ExpansionTraderBoris<8d30d570>::SetTraderObject ExpansionTraderObjectBase<dd2a7b30> <1123.468262, 15.349299, 2426.316162>
SCRIPT       : 15:40:51.320 [EXPANSION DEBUG]: LoadMissionTradersFile trader ExpansionTraderBoris<8d30d570> fileName Exchange
SCRIPT       : 15:40:51.324 [EXPANSION DEBUG]: ExpansionTraderLinda<dd2ea510>::SetTraderObject ExpansionTraderObjectBase<dd2abb90> <1135.892822, 5.908773, 2436.856689>
SCRIPT       : 15:40:51.324 [EXPANSION DEBUG]: LoadMissionTradersFile trader ExpansionTraderLinda<dd2ea510> fileName Consumables
SCRIPT       : 15:40:51.328 [EXPANSION DEBUG]: ExpansionTraderKeiko<dd2f2130>::SetTraderObject ExpansionTraderObjectBase<dd398ea0> <1130.731689, 5.951744, 2438.009277>
SCRIPT       : 15:40:51.328 [EXPANSION DEBUG]: LoadMissionTradersFile trader ExpansionTraderKeiko<dd2f2130> fileName Medicals
SCRIPT       : 15:40:51.339 [EXPANSION DEBUG]: ExpansionTraderHelga<dd2deae0>::SetTraderObject ExpansionTraderObjectBase<dd475db0> <1141.654419, 5.906255, 2421.591309>
SCRIPT       : 15:40:51.339 [EXPANSION DEBUG]: LoadMissionTradersFile trader ExpansionTraderHelga<dd2deae0> fileName Special
SCRIPT       : 15:40:51.347 [EXPANSION DEBUG]: ExpansionTraderFrida<dd2e28f0>::SetTraderObject ExpansionTraderObjectBase<dd5b5cc0> <1120.135132, 5.600746, 2417.465820>
SCRIPT       : 15:40:51.347 [EXPANSION DEBUG]: LoadMissionTradersFile trader ExpansionTraderFrida<dd2e28f0> fileName Vehicles
SCRIPT       : 15:40:51.351 [EXPANSION DEBUG]: ExpansionTraderHassan<dd2ee320>::SetTraderObject ExpansionTraderObjectBase<dd65ccb0> <1123.977905, 5.639271, 2417.411865>
SCRIPT       : 15:40:51.351 [EXPANSION DEBUG]: LoadMissionTradersFile trader ExpansionTraderHassan<dd2ee320> fileName Vehicle_Parts
SCRIPT       : 15:40:51.355 [EXPANSION DEBUG]: ExpansionTraderDenis<dd2fdb60>::SetTraderObject ExpansionTraderObjectBase<dd662bb0> <1156.719727, 6.513331, 2406.355225>
SCRIPT       : 15:40:51.355 [EXPANSION DEBUG]: LoadMissionTradersFile trader ExpansionTraderDenis<dd2fdb60> fileName Weapons
SCRIPT       : 15:40:51.363 [EXPANSION DEBUG]: ExpansionTraderGabi<dd301970>::SetTraderObject ExpansionTraderObjectBase<dd77fd20> <1135.689941, 5.900000, 2423.300049>
SCRIPT       : 15:40:51.363 [EXPANSION DEBUG]: LoadMissionTradersFile trader ExpansionTraderGabi<dd301970> fileName BuildingSupplies
SCRIPT       : 15:40:51.367 [EXPANSION DEBUG]: ExpansionTraderFrancis<dd2f5f40>::SetTraderObject ExpansionTraderObjectBase<dd785090> <11835.901367, 140.617874, 12474.744141>
SCRIPT       : 15:40:51.367 [EXPANSION DEBUG]: LoadMissionTradersFile trader ExpansionTraderFrancis<dd2f5f40> fileName Attachments
SCRIPT       : 15:40:51.367 [EXPANSION DEBUG]: ExpansionTraderLinda<dd2f9d50>::SetTraderObject ExpansionTraderObjectBase<dd78a040> <11856.716797, 140.565109, 12461.438477>
SCRIPT       : 15:40:51.367 [EXPANSION DEBUG]: LoadMissionTradersFile trader ExpansionTraderLinda<dd2f9d50> fileName Consumables
SCRIPT       : 15:40:51.371 [EXPANSION DEBUG]: ExpansionTraderCyril<dd2e6700>::SetTraderObject ExpansionTraderObjectBase<dd78e820> <11855.000000, 140.605103, 12466.099609>
SCRIPT       : 15:40:51.371 [EXPANSION DEBUG]: LoadMissionTradersFile trader ExpansionTraderCyril<dd2e6700> fileName Clothing
SCRIPT       : 15:40:51.375 [EXPANSION DEBUG]: ExpansionTraderGuo<dd305780>::SetTraderObject ExpansionTraderObjectBase<dd793e60> <11855.200195, 140.605103, 12470.487305>
SCRIPT       : 15:40:51.375 [EXPANSION DEBUG]: LoadMissionTradersFile trader ExpansionTraderGuo<dd305780> fileName Clothing_Accessories
SCRIPT       : 15:40:51.378 [EXPANSION DEBUG]: ExpansionTraderKaito<dd309590>::SetTraderObject ExpansionTraderObjectBase<dd7995e0> <11849.400391, 140.605087, 12466.200195>
SCRIPT       : 15:40:51.378 [EXPANSION DEBUG]: LoadMissionTradersFile trader ExpansionTraderKaito<dd309590> fileName Components
SCRIPT       : 15:40:51.378 [EXPANSION DEBUG]: ExpansionTraderBoris<dd30d3a0>::SetTraderObject ExpansionTraderObjectBase<dd98b8b0> <11858.202148, 140.615112, 12463.234375>
SCRIPT       : 15:40:51.378 [EXPANSION DEBUG]: LoadMissionTradersFile trader ExpansionTraderBoris<dd30d3a0> fileName Exchange
SCRIPT       : 15:40:51.382 [EXPANSION DEBUG]: ExpansionTraderKeiko<dd3111b0>::SetTraderObject ExpansionTraderObjectBase<dd9915d0> <11853.218750, 140.605087, 12463.277344>
SCRIPT       : 15:40:51.382 [EXPANSION DEBUG]: LoadMissionTradersFile trader ExpansionTraderKeiko<dd3111b0> fileName Medicals
SCRIPT       : 15:40:51.382 [EXPANSION DEBUG]: ExpansionTraderGabi<dd314fc0>::SetTraderObject ExpansionTraderObjectBase<dd9973e0> <11833.200195, 140.605118, 12461.700195>
SCRIPT       : 15:40:51.382 [EXPANSION DEBUG]: LoadMissionTradersFile trader ExpansionTraderGabi<dd314fc0> fileName Special
SCRIPT       : 15:40:51.390 [EXPANSION DEBUG]: ExpansionTraderElias<dd318dd0>::SetTraderObject ExpansionTraderObjectBase<dda44b40> <11877.799805, 140.134796, 12441.599609>
SCRIPT       : 15:40:51.390 [EXPANSION DEBUG]: LoadMissionTradersFile trader ExpansionTraderElias<dd318dd0> fileName Vehicles
SCRIPT       : 15:40:51.394 [EXPANSION DEBUG]: ExpansionTraderHassan<ddac9e70>::SetTraderObject ExpansionTraderObjectBase<dda49f00> <11878.674805, 140.134796, 12424.302734>
SCRIPT       : 15:40:51.394 [EXPANSION DEBUG]: LoadMissionTradersFile trader ExpansionTraderHassan<ddac9e70> fileName Vehicle_Parts
SCRIPT       : 15:40:51.398 [EXPANSION DEBUG]: ExpansionTraderDenis<ddadd4c0>::SetTraderObject ExpansionTraderObjectBase<dda4f360> <11833.576172, 140.605072, 12469.492188>
SCRIPT       : 15:40:51.398 [EXPANSION DEBUG]: LoadMissionTradersFile trader ExpansionTraderDenis<ddadd4c0> fileName Weapons
SCRIPT       : 15:40:51.398 [EXPANSION DEBUG]: ExpansionTraderLinda<ddae12d0>::SetTraderObject ExpansionTraderObjectBase<dda54c20> <11852.194336, 140.660980, 12472.387695>
SCRIPT       : 15:40:51.398 [EXPANSION DEBUG]: LoadMissionTradersFile trader ExpansionTraderLinda<ddae12d0> fileName BuildingSupplies
SCRIPT       : 15:40:51.406 [EXPANSION DEBUG]: ExpansionTraderManua<ddad1a90>::SetTraderObject ExpansionTraderObjectBase<ddbe50c0> <11879.722656, 140.094788, 12435.959961>
SCRIPT       : 15:40:51.406 [EXPANSION DEBUG]: LoadMissionTradersFile trader ExpansionTraderManua<ddad1a90> fileName Spraycans
SCRIPT       : 15:40:51.414 [EXPANSION DEBUG]: ExpansionTraderIrena<ddacdc80>::SetTraderObject ExpansionTraderObjectBase<ddd00160> <12160.279297, 140.580765, 12689.783203>
SCRIPT       : 15:40:51.414 [EXPANSION DEBUG]: LoadMissionTradersFile trader ExpansionTraderIrena<ddacdc80> fileName Aircraft
SCRIPT       : [ExpansionQuestPersistentServerData] Load existing configuration file:$profile:ExpansionMod\Quests\PersistentServerData.json
SCRIPT       : [ExpansionQuestPersistentServerData] Load existing configuration file:$profile:ExpansionMod\Quests\PersistentServerData.json
SCRIPT       : [ExpansionQuestObjectiveTravelConfig] Load existing configuration file:$profile:ExpansionMod\Quests\Objectives\Travel\Objective_T_1.json
SCRIPT       : [ExpansionQuestObjectiveTravelConfig] Load existing configuration file:$profile:ExpansionMod\Quests\Objectives\Travel\Objective_T_2.json
SCRIPT       : [ExpansionQuestObjectiveTravelConfig] Load existing configuration file:$profile:ExpansionMod\Quests\Objectives\Travel\Objective_T_3.json
SCRIPT       : [ExpansionQuestObjectiveTravelConfig] Load existing configuration file:$profile:ExpansionMod\Quests\Objectives\Travel\Objective_T_4.json
SCRIPT       : [ExpansionQuestObjectiveTargetConfig] Load existing configuration file:$profile:ExpansionMod\Quests\Objectives\Target\Objective_TA_1.json
SCRIPT       : [ExpansionQuestObjectiveTargetConfig] Load existing configuration file:$profile:ExpansionMod\Quests\Objectives\Target\Objective_TA_2.json
SCRIPT       : [ExpansionQuestObjectiveTargetConfig] Load existing configuration file:$profile:ExpansionMod\Quests\Objectives\Target\Objective_TA_3.json
SCRIPT       : [ExpansionQuestObjectiveTargetConfig] Load existing configuration file:$profile:ExpansionMod\Quests\Objectives\Target\Objective_TA_4.json
SCRIPT       : [ExpansionQuestObjectiveDeliveryConfig] Load existing configuration file:$profile:ExpansionMod\Quests\Objectives\Delivery\Objective_D_1.json
SCRIPT       : [ExpansionQuestObjectiveDeliveryConfig] Load existing configuration file:$profile:ExpansionMod\Quests\Objectives\Delivery\Objective_D_2.json
SCRIPT       : [ExpansionQuestObjectiveCollectionConfig] Load existing configuration file:$profile:ExpansionMod\Quests\Objectives\Collection\1-Collection-Apples.json
SCRIPT       : [ExpansionQuestObjectiveCollectionConfig] Load existing configuration file:$profile:ExpansionMod\Quests\Objectives\Collection\2-Collection-Mackerel.json
SCRIPT       : [ExpansionQuestObjectiveCollectionConfig] Load existing configuration file:$profile:ExpansionMod\Quests\Objectives\Collection\3-Collection-BrownChickens.json
SCRIPT       : [ExpansionQuestObjectiveCollectionConfig] Load existing configuration file:$profile:ExpansionMod\Quests\Objectives\Collection\4-Collection-BearPelt.json
SCRIPT       : [ExpansionQuestObjectiveCollectionConfig] Load existing configuration file:$profile:ExpansionMod\Quests\Objectives\Collection\5-Collection-DeerPelt.json
SCRIPT       : [ExpansionQuestObjectiveCollectionConfig] Load existing configuration file:$profile:ExpansionMod\Quests\Objectives\Collection\6-Collection-AgaricusMushroom.json
SCRIPT       : [ExpansionQuestObjectiveCollectionConfig] Load existing configuration file:$profile:ExpansionMod\Quests\Objectives\Collection\Objective_C_1.json
SCRIPT       : [ExpansionQuestObjectiveCollectionConfig] Load existing configuration file:$profile:ExpansionMod\Quests\Objectives\Collection\Objective_C_2.json
SCRIPT       : [ExpansionQuestObjectiveCollectionConfig] Load existing configuration file:$profile:ExpansionMod\Quests\Objectives\Collection\Objective_C_3.json
SCRIPT       : [ExpansionQuestObjectiveTreasureHuntConfig] Load existing configuration file:$profile:ExpansionMod\Quests\Objectives\TreasureHunt\Objective_TH_1.json
SCRIPT       : [ExpansionQuestObjectiveActionConfig] Load existing configuration file:$profile:ExpansionMod\Quests\Objectives\Action\1-Medic.json
SCRIPT       : [ExpansionQuestObjectiveActionConfig] Load existing configuration file:$profile:ExpansionMod\Quests\Objectives\Action\10-Medic.json
SCRIPT       : [ExpansionQuestObjectiveActionConfig] Load existing configuration file:$profile:ExpansionMod\Quests\Objectives\Action\11-Medic.json
SCRIPT       : [ExpansionQuestObjectiveActionConfig] Load existing configuration file:$profile:ExpansionMod\Quests\Objectives\Action\12-Medic.json
SCRIPT       : [ExpansionQuestObjectiveActionConfig] Load existing configuration file:$profile:ExpansionMod\Quests\Objectives\Action\13-Medic.json
SCRIPT       : [ExpansionQuestObjectiveActionConfig] Load existing configuration file:$profile:ExpansionMod\Quests\Objectives\Action\14-Medic.json
SCRIPT       : [ExpansionQuestObjectiveActionConfig] Load existing configuration file:$profile:ExpansionMod\Quests\Objectives\Action\15-Medic.json
SCRIPT       : [ExpansionQuestObjectiveActionConfig] Load existing configuration file:$profile:ExpansionMod\Quests\Objectives\Action\16-Medic.json
SCRIPT       : [ExpansionQuestObjectiveActionConfig] Load existing configuration file:$profile:ExpansionMod\Quests\Objectives\Action\17-Medic.json
SCRIPT       : [ExpansionQuestObjectiveActionConfig] Load existing configuration file:$profile:ExpansionMod\Quests\Objectives\Action\18-Horticulture.json
SCRIPT       : [ExpansionQuestObjectiveActionConfig] Load existing configuration file:$profile:ExpansionMod\Quests\Objectives\Action\19-Horticulture.json
SCRIPT       : [ExpansionQuestObjectiveActionConfig] Load existing configuration file:$profile:ExpansionMod\Quests\Objectives\Action\2-Medic.json
SCRIPT       : [ExpansionQuestObjectiveActionConfig] Load existing configuration file:$profile:ExpansionMod\Quests\Objectives\Action\20-Horticulture.json
SCRIPT       : [ExpansionQuestObjectiveActionConfig] Load existing configuration file:$profile:ExpansionMod\Quests\Objectives\Action\21-Horticulture.json
SCRIPT       : [ExpansionQuestObjectiveActionConfig] Load existing configuration file:$profile:ExpansionMod\Quests\Objectives\Action\22-Horticulture.json
SCRIPT       : [ExpansionQuestObjectiveActionConfig] Load existing configuration file:$profile:ExpansionMod\Quests\Objectives\Action\23-Horticulture.json
SCRIPT       : [ExpansionQuestObjectiveActionConfig] Load existing configuration file:$profile:ExpansionMod\Quests\Objectives\Action\24-Horticulture.json
SCRIPT       : [ExpansionQuestObjectiveActionConfig] Load existing configuration file:$profile:ExpansionMod\Quests\Objectives\Action\3-Medic.json
SCRIPT       : [ExpansionQuestObjectiveActionConfig] Load existing configuration file:$profile:ExpansionMod\Quests\Objectives\Action\4-Medic.json
SCRIPT       : [ExpansionQuestObjectiveActionConfig] Load existing configuration file:$profile:ExpansionMod\Quests\Objectives\Action\5-Medic.json
SCRIPT       : [ExpansionQuestObjectiveActionConfig] Load existing configuration file:$profile:ExpansionMod\Quests\Objectives\Action\6-Medic.json
SCRIPT       : [ExpansionQuestObjectiveActionConfig] Load existing configuration file:$profile:ExpansionMod\Quests\Objectives\Action\7-Medic.json
SCRIPT       : [ExpansionQuestObjectiveActionConfig] Load existing configuration file:$profile:ExpansionMod\Quests\Objectives\Action\8-Medic.json
SCRIPT       : [ExpansionQuestObjectiveActionConfig] Load existing configuration file:$profile:ExpansionMod\Quests\Objectives\Action\9-Medic.json
SCRIPT       : [ExpansionQuestObjectiveActionConfig] Load existing configuration file:$profile:ExpansionMod\Quests\Objectives\Action\Objective_A_1.json
SCRIPT       : [ExpansionQuestObjectiveActionConfig] Load existing configuration file:$profile:ExpansionMod\Quests\Objectives\Action\Objective_A_2.json
SCRIPT       : [ExpansionQuestObjectiveCraftingConfig] Load existing configuration file:$profile:ExpansionMod\Quests\Objectives\Crafting\1-Crafting-FishingRod.json
SCRIPT       : [ExpansionQuestObjectiveCraftingConfig] Load existing configuration file:$profile:ExpansionMod\Quests\Objectives\Crafting\Objective_CR_1.json
SCRIPT       : [ExpansionQuestObjectiveAIPatrolConfig] Load existing configuration file:$profile:ExpansionMod\Quests\Objectives\AIPatrol\Objective_AIP_1.json
SCRIPT       : [ExpansionQuestObjectiveAICampConfig] Load existing configuration file:$profile:ExpansionMod\Quests\Objectives\AICamp\Objective_AIC_1.json
SCRIPT       : [ExpansionQuestObjectiveAIEscortConfig] Load existing configuration file:$profile:ExpansionMod\Quests\Objectives\AIVIP\1-VIP.json
SCRIPT       : [ExpansionQuestObjectiveAIEscortConfig] Load existing configuration file:$profile:ExpansionMod\Quests\Objectives\AIVIP\2-VIP.json
SCRIPT       : [ExpansionQuestObjectiveAIEscortConfig] Load existing configuration file:$profile:ExpansionMod\Quests\Objectives\AIVIP\Objective_AIESCORT_1.json
SCRIPT       : [ExpansionQuestNPCData] Load existing configuration file:QuestNPC_1.json
SCRIPT       : [ExpansionQuestNPCData] Load existing configuration file:QuestNPC_2.json
SCRIPT       : [ExpansionQuestNPCData] Load existing configuration file:QuestNPC_3.json
SCRIPT       : [ExpansionQuestNPCData] Load existing configuration file:QuestNPC_5.json
SCRIPT       : [EditorLoader] File found: $mission:\EditorFiles\TraderStorage.dze
SCRIPT       : [EditorLoader] Loaded files in 0s
SCRIPT       : [EditorLoader] 6 total objects created
SCRIPT       : [EditorLoader] 0 total objects deleted
SCRIPT       : [EditorLoader] Deleted & Created all objects in 0.021s
SCRIPT       : ExpansionMarketItem marketItem = ExpansionMarketItem<b98ad7b0>
SCRIPT       : int worth =   1
SCRIPT       : 15:41:07.535 [EXPANSION DEBUG]: ExpansionP2PTraderAIIrena<5af62610>::SetP2PTraderID - ID: 1
SCRIPT       : ExpansionZonePolygon<5a401bc0> position=<12015.854492, 0.000000, 12591.097656> radius=419.633
SCRIPT       : ExpansionZoneCircle<617bed80> position=<1143.140015, 0.000000, 2423.270020> radius=400
SCRIPT       : ExpansionZoneCircle<617bf980> position=<3728.270020, 0.000000, 6003.600098> radius=400
SCRIPT       : Found 3 zones!
SCRIPT       : 15:41:07.585 [EXPANSION DEBUG]: ExpansionQuestNPCAIDenis<62760030>::OnEnterSafeZone
SCRIPT       : bool m_Expansion_LeavingSafeZone = 0
SCRIPT       : bool m_Expansion_IsInSafeZone = 0
SCRIPT       : bool m_Expansion_IsInSafeZoneSynchRemote = 0
SCRIPT       : 15:41:07.585 [EXPANSION DEBUG]: ExpansionP2PTraderAIIrena<5af62610>::OnEnterSafeZone
SCRIPT       : bool m_Expansion_LeavingSafeZone = 0
SCRIPT       : bool m_Expansion_IsInSafeZone = 0
SCRIPT       : bool m_Expansion_IsInSafeZoneSynchRemote = 0
SCRIPT       : 15:41:08.097 [EXPANSION DEBUG]: ExpansionItemSpawnHelper::Clone - created PP19:031479 at location { type=HANDS item=PP19:031453 parent=ExpansionQuestNPCAIDenis:044 }
SCRIPT       : 15:41:08.097 [EXPANSION DEBUG]: ExpansionItemSpawnHelper::Clone - created Mag_PP19_64Rnd:031480 at location { type=ATTACHMENT item=null parent=PP19:031479 slot=magazine }
SCRIPT       : [emote] ExpansionQuestNPCAIDenis:044 play emote id=46 IH=PP19:031479
SCRIPT       : [emote] ExpansionP2PTraderAIIrena:043 play emote id=46 IH=null
SCRIPT       : 15:41:09.902 [EXPANSION DEBUG]: ExpansionItemSpawnHelper::Clone - created AK74:031454 at location { type=HANDS item=AK74:031466 parent=ExpansionQuestNPCAIElias:045 }
SCRIPT       : 15:41:09.902 [EXPANSION DEBUG]: ExpansionItemSpawnHelper::Clone - created AK_WoodBttstck:031453 at location { type=ATTACHMENT item=null parent=AK74:031454 slot=weaponButtstockAK }
SCRIPT       : 15:41:09.902 [EXPANSION DEBUG]: ExpansionItemSpawnHelper::Clone - created AK_PlasticHndgrd:031481 at location { type=ATTACHMENT item=null parent=AK74:031454 slot=weaponHandguardAK }
SCRIPT       : 15:41:09.902 [EXPANSION DEBUG]: ExpansionItemSpawnHelper::Clone - created Mag_AK74_30Rnd:031482 at location { type=ATTACHMENT item=null parent=AK74:031454 slot=magazine }
SCRIPT       : [emote] ExpansionQuestNPCAIElias:045 play emote id=14 IH=AK74:031454
SCRIPT       : 15:43:11.570 [EXPANSION DEBUG]: ExpansionHardlineModule<9f572930> ::LoadPlayerData - Loaded player hardline data for player Blorpus9000[3I2KPiMwtNrbRzLe964-q3OrI2Ligr9LBcsFxmVIl3Q=]
SCRIPT       : ---- PlayerBase OnStoreLoad SUCCESS ----
SCRIPT       : 15:43:26.605 [EXPANSION DEBUG]: SurvivorBase<954ff120>::OnEnterSafeZone
SCRIPT       : bool m_Expansion_LeavingSafeZone = 0
SCRIPT       : bool m_Expansion_IsInSafeZone = 0
SCRIPT       : bool m_Expansion_IsInSafeZoneSynchRemote = 0
SCRIPT       : [EditorLoader] Sent Deleted objects in 0s
SCRIPT       : 15:43:26.605 [EXPANSION DEBUG]: ExpansionPartyData<c100b190>::OnJoin party Blorpus (ID 0) player Blorpus9000 (ID 3I2KPiMwtNrbRzLe964-q3OrI2Ligr9LBcsFxmVIl3Q=)
SCRIPT       : 15:43:26.636 [EXPANSION DEBUG]: ExpansionQuestModule<a267d090> Sending 59 quest configs to client with UID: 3I2KPiMwtNrbRzLe964-q3OrI2Ligr9LBcsFxmVIl3Q=
SCRIPT       : 15:43:26.636 [EXPANSION DEBUG]: ExpansionQuestModule<a267d090> Sending player quest data for 29 quests to player with UID: 3I2KPiMwtNrbRzLe964-q3OrI2Ligr9LBcsFxmVIl3Q=
SCRIPT       : 15:43:28.082 [EXPANSION DEBUG]: SurvivorBase<954ff120>::PlacePlayerOnGround - player pos <3703.107422, 402.012451, 5991.231934> was in vehicle true is attached false NULL
SCRIPT       : 15:43:28.683 [EXPANSION DEBUG]: ExpansionItemSpawnHelper::Clone - created Scout:031605 at location { type=HANDS item=Scout:031594 parent=eAI_SurvivorF_Keiko:052 }
SCRIPT       : 15:43:28.683 [EXPANSION DEBUG]: ExpansionItemSpawnHelper::Clone - created Mag_Scout_5Rnd:031606 at location { type=ATTACHMENT item=null parent=Scout:031605 slot=magazine }
SCRIPT       : 15:43:28.695 [EXPANSION DEBUG]: ExpansionItemSpawnHelper::Clone - created Aug:031595 at location { type=HANDS item=Aug:031582 parent=eAI_SurvivorF_Maria:051 }
SCRIPT       : 15:43:28.695 [EXPANSION DEBUG]: ExpansionItemSpawnHelper::Clone - created Mag_Aug_30Rnd:031594 at location { type=ATTACHMENT item=null parent=Aug:031595 slot=magazine }
SCRIPT       : 15:43:28.699 [EXPANSION DEBUG]: ExpansionItemSpawnHelper::Clone - created AugShort:031583 at location { type=HANDS item=AugShort:031543 parent=eAI_SurvivorM_Kaito:048 }
SCRIPT       : 15:43:28.699 [EXPANSION DEBUG]: ExpansionItemSpawnHelper::Clone - created Mag_Aug_30Rnd:031582 at location { type=ATTACHMENT item=null parent=AugShort:031583 slot=magazine }
SCRIPT       : 15:43:28.703 [EXPANSION DEBUG]: ExpansionItemSpawnHelper::Clone - created AugOptic:031607 at location { type=ATTACHMENT item=null parent=AugShort:031583 slot=weaponOpticsAug }
SCRIPT       : 15:43:28.718 [EXPANSION DEBUG]: ExpansionItemSpawnHelper::Clone - created AugShort:031544 at location { type=HANDS item=AugShort:031556 parent=eAI_SurvivorF_Gabi:049 }
SCRIPT       : 15:43:28.718 [EXPANSION DEBUG]: ExpansionItemSpawnHelper::Clone - created Mag_Aug_30Rnd:031543 at location { type=ATTACHMENT item=null parent=AugShort:031544 slot=magazine }
SCRIPT       : 15:43:28.718 [EXPANSION DEBUG]: ExpansionItemSpawnHelper::Clone - created AugOptic:031569 at location { type=ATTACHMENT item=null parent=AugShort:031544 slot=weaponOpticsAug }
SCRIPT       : 15:43:28.726 [EXPANSION DEBUG]: ExpansionItemSpawnHelper::Clone - created Scout:031557 at location { type=HANDS item=Scout:031571 parent=eAI_SurvivorM_Cyril:050 }
SCRIPT       : 15:43:28.726 [EXPANSION DEBUG]: ExpansionItemSpawnHelper::Clone - created Mag_Scout_5Rnd:031556 at location { type=ATTACHMENT item=null parent=Scout:031557 slot=magazine }
SCRIPT       : 15:43:28.773 [EXPANSION DEBUG]: ExpansionItemSpawnHelper::Clone - created Aug:031570 at location { type=HANDS item=Aug:031529 parent=eAI_SurvivorM_Quinn:047 }
SCRIPT       : 15:43:28.777 [EXPANSION DEBUG]: ExpansionItemSpawnHelper::Clone - created Mag_Aug_30Rnd:031571 at location { type=ATTACHMENT item=null parent=Aug:031570 slot=magazine }
SCRIPT       : 15:43:29.128 [EXPANSION DEBUG]: eAI_SurvivorF_Keiko<97965100>::OnEnterSafeZone
SCRIPT       : bool m_Expansion_LeavingSafeZone = 0
SCRIPT       : bool m_Expansion_IsInSafeZone = 0
SCRIPT       : bool m_Expansion_IsInSafeZoneSynchRemote = 0
SCRIPT       : 15:43:29.128 [EXPANSION DEBUG]: eAI_SurvivorF_Maria<97e6d040>::OnEnterSafeZone
SCRIPT       : bool m_Expansion_LeavingSafeZone = 0
SCRIPT       : bool m_Expansion_IsInSafeZone = 0
SCRIPT       : bool m_Expansion_IsInSafeZoneSynchRemote = 0
SCRIPT       : 15:43:29.128 [EXPANSION DEBUG]: eAI_SurvivorM_Cyril<98cca020>::OnEnterSafeZone
SCRIPT       : bool m_Expansion_LeavingSafeZone = 0
SCRIPT       : bool m_Expansion_IsInSafeZone = 0
SCRIPT       : bool m_Expansion_IsInSafeZoneSynchRemote = 0
SCRIPT       : 15:46:08.230 [EXPANSION DEBUG]: [ExpansionMissionEventAirdrop] Adjusted container weights:
SCRIPT       : 15:46:08.230 [EXPANSION DEBUG]: ExpansionAirdropContainer 226
SCRIPT       : 15:46:08.230 [EXPANSION DEBUG]: ExpansionAirdropContainer_Medical 231
SCRIPT       : 15:46:08.230 [EXPANSION DEBUG]: ExpansionAirdropContainer_Basebuilding 236
SCRIPT       : 15:46:08.230 [EXPANSION DEBUG]: ExpansionAirdropContainer_Military 241
SCRIPT       : 15:46:08.230 [EXPANSION DEBUG]: ExpansionAirdropPlane::GetSpawnPoint - drop position <7436.000000, 0.000000, 7720.000000> - map is chernarusplus - size 15360 - center <7100.000000, 300.000000, 7750.000000>
SCRIPT       : 15:46:08.230 [EXPANSION DEBUG]: ExpansionAirdropPlane::GetSpawnPoint - selected spawn point <2976.444336, 828.270264, 15360.000000>
SCRIPT    (E): NULL pointer to instance
Class:      'JMTeleportModule'
Function: 'Server_Location'
Stack trace:
JM/COT/Scripts/5_Mission/communityonlinetools\modules\teleport\jmteleportmodule.c:477
JM/COT/Scripts/5_Mission/communityonlinetools\modules\teleport\jmteleportmodule.c:497
JM/COT/Scripts/5_Mission/communityonlinetools\modules\teleport\jmteleportmodule.c:218
JM/CF/Scripts/4_World/communityframework\module\deprecated\jmmodulebase.c:84
JM/CF/Scripts/3_Game/communityframework\module\cf_modulegameevent.c:18
JM/CF/Scripts/3_Game/communityframework\module\cf_modulegamemanager.c:33
JM/CF/Scripts/3_Game/communityframework\game\dayzgame.c:87
DayZEditorLoader/scripts/3_Game/dayzeditorloader\dayzgame.c:10
DayZExpansion/Core/Scripts/3_Game/dayzexpansion_core\dayzgame.c:270
SCRIPT       : [inv] ReplaceItemWithNewLambdaBase Step B) remove OK, loc={ type=HANDS item=AmmoBox_545x39Tracer_20Rnd:021013 parent=SurvivorM_Quinn:046 }
SCRIPT       : UnboxLambda::SetupNewMagazine new_item=Ammo_545x39Tracer<a1607de0> count=20
SCRIPT       : [inv] ReplaceItemWithNewLambdaBase Step B) remove OK, loc={ type=HANDS item=AmmoBox_545x39Tracer_20Rnd:024794 parent=SurvivorM_Quinn:046 }
SCRIPT       : UnboxLambda::SetupNewMagazine new_item=Ammo_545x39Tracer<a1609400> count=20
SCRIPT       : [inv] ReplaceItemWithNewLambdaBase Step B) remove OK, loc={ type=HANDS item=AmmoBox_545x39Tracer_20Rnd:031242 parent=SurvivorM_Quinn:046 }
SCRIPT       : UnboxLambda::SetupNewMagazine new_item=Ammo_545x39Tracer<a3970540> count=20
SCRIPT       : 15:51:15.597 [EXPANSION DEBUG]: ExpansionQuestModule<a267d090> Quest configs already synched for player with UID: 3I2KPiMwtNrbRzLe964-q3OrI2Ligr9LBcsFxmVIl3Q=
SCRIPT       : 15:51:15.597 [EXPANSION DEBUG]: ExpansionQuestModule<a267d090> Sending player quest data for quest ID 9 to player with UID: 3I2KPiMwtNrbRzLe964-q3OrI2Ligr9LBcsFxmVIl3Q=
SCRIPT       : 15:51:25.718 [EXPANSION DEBUG]: ExpansionQuestModule<a267d090> Quest configs already synched for player with UID: 3I2KPiMwtNrbRzLe964-q3OrI2Ligr9LBcsFxmVIl3Q=
SCRIPT       : 15:51:25.718 [EXPANSION DEBUG]: ExpansionQuestModule<a267d090> Sending player quest data for quest ID 9 to player with UID: 3I2KPiMwtNrbRzLe964-q3OrI2Ligr9LBcsFxmVIl3Q=
SCRIPT       : 15:52:00.679 [EXPANSION LOG]: ExpansionAirdropContainerBase<a139add0> InitAirdrop - total weight (kg) 336.176 - nominal fall speed 4.59044 m/s, wind impact strength 0.146985
SCRIPT       : 15:53:01.250 [EXPANSION DEBUG]: ExpansionQuestModule<a267d090> Quest configs already synched for player with UID: 3I2KPiMwtNrbRzLe964-q3OrI2Ligr9LBcsFxmVIl3Q=
SCRIPT       : 15:53:01.250 [EXPANSION DEBUG]: ExpansionQuestModule<a267d090> Sending player quest data for quest ID 9 to player with UID: 3I2KPiMwtNrbRzLe964-q3OrI2Ligr9LBcsFxmVIl3Q=
SCRIPT       : 15:53:12.488 [EXPANSION DEBUG]: ExpansionQuestModule<a267d090> Quest configs already synched for player with UID: 3I2KPiMwtNrbRzLe964-q3OrI2Ligr9LBcsFxmVIl3Q=
SCRIPT       : 15:53:12.488 [EXPANSION DEBUG]: ExpansionQuestModule<a267d090> Sending player quest data for quest ID 9 to player with UID: 3I2KPiMwtNrbRzLe964-q3OrI2Ligr9LBcsFxmVIl3Q=
SCRIPT       : 15:54:02.867 [EXPANSION DEBUG]: ExpansionQuestModule<a267d090> Quest configs already synched for player with UID: 3I2KPiMwtNrbRzLe964-q3OrI2Ligr9LBcsFxmVIl3Q=
SCRIPT       : 15:54:02.867 [EXPANSION DEBUG]: ExpansionQuestModule<a267d090> Sending player quest data for quest ID 9 to player with UID: 3I2KPiMwtNrbRzLe964-q3OrI2Ligr9LBcsFxmVIl3Q=
SCRIPT       : 15:54:06.515 [EXPANSION DEBUG]: ExpansionQuestModule<a267d090> Quest configs already synched for player with UID: 3I2KPiMwtNrbRzLe964-q3OrI2Ligr9LBcsFxmVIl3Q=
SCRIPT       : 15:54:06.515 [EXPANSION DEBUG]: ExpansionQuestModule<a267d090> Sending player quest data for quest ID 9 to player with UID: 3I2KPiMwtNrbRzLe964-q3OrI2Ligr9LBcsFxmVIl3Q=
SCRIPT       : 15:54:26.902 [EXPANSION DEBUG]: ExpansionQuestModule<a267d090> Quest configs already synched for player with UID: 3I2KPiMwtNrbRzLe964-q3OrI2Ligr9LBcsFxmVIl3Q=
SCRIPT       : 15:54:26.902 [EXPANSION DEBUG]: ExpansionQuestModule<a267d090> Sending player quest data for quest ID 9 to player with UID: 3I2KPiMwtNrbRzLe964-q3OrI2Ligr9LBcsFxmVIl3Q=
SCRIPT       : 15:54:32.886 [EXPANSION DEBUG]: ExpansionQuestModule<a267d090> Quest configs already synched for player with UID: 3I2KPiMwtNrbRzLe964-q3OrI2Ligr9LBcsFxmVIl3Q=
SCRIPT       : 15:54:32.886 [EXPANSION DEBUG]: ExpansionQuestModule<a267d090> Sending player quest data for quest ID 9 to player with UID: 3I2KPiMwtNrbRzLe964-q3OrI2Ligr9LBcsFxmVIl3Q=
SCRIPT       : 15:54:36.359 [EXPANSION DEBUG]: ExpansionQuestModule<a267d090> Quest configs already synched for player with UID: 3I2KPiMwtNrbRzLe964-q3OrI2Ligr9LBcsFxmVIl3Q=
SCRIPT       : 15:54:36.359 [EXPANSION DEBUG]: ExpansionQuestModule<a267d090> Sending player quest data for quest ID 9 to player with UID: 3I2KPiMwtNrbRzLe964-q3OrI2Ligr9LBcsFxmVIl3Q=
SCRIPT       : 15:54:54.542 [EXPANSION DEBUG]: ExpansionQuestModule<a267d090> Quest configs already synched for player with UID: 3I2KPiMwtNrbRzLe964-q3OrI2Ligr9LBcsFxmVIl3Q=
SCRIPT       : 15:54:54.542 [EXPANSION DEBUG]: ExpansionQuestModule<a267d090> Sending player quest data for quest ID 9 to player with UID: 3I2KPiMwtNrbRzLe964-q3OrI2Ligr9LBcsFxmVIl3Q=
SCRIPT       : 15:54:58.921 [EXPANSION DEBUG]: ExpansionQuestModule<a267d090> Quest configs already synched for player with UID: 3I2KPiMwtNrbRzLe964-q3OrI2Ligr9LBcsFxmVIl3Q=
SCRIPT       : 15:54:58.921 [EXPANSION DEBUG]: ExpansionQuestModule<a267d090> Sending player quest data for quest ID 9 to player with UID: 3I2KPiMwtNrbRzLe964-q3OrI2Ligr9LBcsFxmVIl3Q=
SCRIPT       : 15:55:26.195 [EXPANSION DEBUG]: ExpansionQuestModule<a267d090> Quest configs already synched for player with UID: 3I2KPiMwtNrbRzLe964-q3OrI2Ligr9LBcsFxmVIl3Q=
SCRIPT       : 15:55:26.195 [EXPANSION DEBUG]: ExpansionQuestModule<a267d090> Sending player quest data for quest ID 9 to player with UID: 3I2KPiMwtNrbRzLe964-q3OrI2Ligr9LBcsFxmVIl3Q=
SCRIPT       : 15:55:41.769 [EXPANSION DEBUG]: ExpansionQuestModule<a267d090> Quest configs already synched for player with UID: 3I2KPiMwtNrbRzLe964-q3OrI2Ligr9LBcsFxmVIl3Q=
SCRIPT       : 15:55:41.769 [EXPANSION DEBUG]: ExpansionQuestModule<a267d090> Sending player quest data for quest ID 9 to player with UID: 3I2KPiMwtNrbRzLe964-q3OrI2Ligr9LBcsFxmVIl3Q=
SCRIPT       : 15:55:43.664 [EXPANSION DEBUG]: ExpansionQuestModule<a267d090> Quest configs already synched for player with UID: 3I2KPiMwtNrbRzLe964-q3OrI2Ligr9LBcsFxmVIl3Q=
SCRIPT       : 15:55:43.664 [EXPANSION DEBUG]: ExpansionQuestModule<a267d090> Sending player quest data for quest ID 9 to player with UID: 3I2KPiMwtNrbRzLe964-q3OrI2Ligr9LBcsFxmVIl3Q=
SCRIPT       : 15:55:47.074 [EXPANSION DEBUG]: ExpansionQuestModule<a267d090> Quest configs already synched for player with UID: 3I2KPiMwtNrbRzLe964-q3OrI2Ligr9LBcsFxmVIl3Q=
SCRIPT       : 15:55:47.074 [EXPANSION DEBUG]: ExpansionQuestModule<a267d090> Sending player quest data for quest ID 9 to player with UID: 3I2KPiMwtNrbRzLe964-q3OrI2Ligr9LBcsFxmVIl3Q=
SCRIPT       : 15:55:49.769 [EXPANSION DEBUG]: ExpansionQuestModule<a267d090> Quest configs already synched for player with UID: 3I2KPiMwtNrbRzLe964-q3OrI2Ligr9LBcsFxmVIl3Q=
SCRIPT       : 15:55:49.769 [EXPANSION DEBUG]: ExpansionQuestModule<a267d090> Sending player quest data for quest ID 9 to player with UID: 3I2KPiMwtNrbRzLe964-q3OrI2Ligr9LBcsFxmVIl3Q=
SCRIPT       : 15:55:52.128 [EXPANSION DEBUG]: ExpansionQuestModule<a267d090> Quest configs already synched for player with UID: 3I2KPiMwtNrbRzLe964-q3OrI2Ligr9LBcsFxmVIl3Q=
SCRIPT       : 15:55:52.128 [EXPANSION DEBUG]: ExpansionQuestModule<a267d090> Sending player quest data for quest ID 9 to player with UID: 3I2KPiMwtNrbRzLe964-q3OrI2Ligr9LBcsFxmVIl3Q=
SCRIPT       : 15:55:55.425 [EXPANSION DEBUG]: ExpansionQuestModule<a267d090> Quest configs already synched for player with UID: 3I2KPiMwtNrbRzLe964-q3OrI2Ligr9LBcsFxmVIl3Q=
SCRIPT       : 15:55:55.425 [EXPANSION DEBUG]: ExpansionQuestModule<a267d090> Sending player quest data for quest ID 9 to player with UID: 3I2KPiMwtNrbRzLe964-q3OrI2Ligr9LBcsFxmVIl3Q=
SCRIPT       : 15:55:59.394 [EXPANSION DEBUG]: ExpansionQuestModule<a267d090> Quest configs already synched for player with UID: 3I2KPiMwtNrbRzLe964-q3OrI2Ligr9LBcsFxmVIl3Q=
SCRIPT       : 15:55:59.394 [EXPANSION DEBUG]: ExpansionQuestModule<a267d090> Sending player quest data for quest ID 9 to player with UID: 3I2KPiMwtNrbRzLe964-q3OrI2Ligr9LBcsFxmVIl3Q=
SCRIPT       : 15:56:00.484 [EXPANSION DEBUG]: ExpansionQuestModule<a267d090> Quest configs already synched for player with UID: 3I2KPiMwtNrbRzLe964-q3OrI2Ligr9LBcsFxmVIl3Q=
SCRIPT       : 15:56:00.484 [EXPANSION DEBUG]: ExpansionQuestModule<a267d090> Sending player quest data for quest ID 9 to player with UID: 3I2KPiMwtNrbRzLe964-q3OrI2Ligr9LBcsFxmVIl3Q=
SCRIPT       : 15:56:13.882 [EXPANSION DEBUG]: ExpansionQuestModule<a267d090> Quest configs already synched for player with UID: 3I2KPiMwtNrbRzLe964-q3OrI2Ligr9LBcsFxmVIl3Q=
SCRIPT       : 15:56:13.882 [EXPANSION DEBUG]: ExpansionQuestModule<a267d090> Sending player quest data for quest ID 9 to player with UID: 3I2KPiMwtNrbRzLe964-q3OrI2Ligr9LBcsFxmVIl3Q=
SCRIPT       : 15:56:59.406 [EXPANSION DEBUG]: ExpansionQuestModule<a267d090> Quest configs already synched for player with UID: 3I2KPiMwtNrbRzLe964-q3OrI2Ligr9LBcsFxmVIl3Q=
SCRIPT       : 15:56:59.406 [EXPANSION DEBUG]: ExpansionQuestModule<a267d090> Sending player quest data for quest ID 9 to player with UID: 3I2KPiMwtNrbRzLe964-q3OrI2Ligr9LBcsFxmVIl3Q=
SCRIPT       : 15:57:01.687 [EXPANSION DEBUG]: ExpansionQuestModule<a267d090> Quest configs already synched for player with UID: 3I2KPiMwtNrbRzLe964-q3OrI2Ligr9LBcsFxmVIl3Q=
SCRIPT       : 15:57:01.687 [EXPANSION DEBUG]: ExpansionQuestModule<a267d090> Sending player quest data for quest ID 9 to player with UID: 3I2KPiMwtNrbRzLe964-q3OrI2Ligr9LBcsFxmVIl3Q=
SCRIPT       : 15:57:25.265 [EXPANSION DEBUG]: ExpansionQuestModule<a267d090> Quest configs already synched for player with UID: 3I2KPiMwtNrbRzLe964-q3OrI2Ligr9LBcsFxmVIl3Q=
SCRIPT       : 15:57:25.265 [EXPANSION DEBUG]: ExpansionQuestModule<a267d090> Sending player quest data for quest ID 9 to player with UID: 3I2KPiMwtNrbRzLe964-q3OrI2Ligr9LBcsFxmVIl3Q=
SCRIPT       : 15:57:42.164 [EXPANSION DEBUG]: ExpansionQuestModule<a267d090> Quest configs already synched for player with UID: 3I2KPiMwtNrbRzLe964-q3OrI2Ligr9LBcsFxmVIl3Q=
SCRIPT       : 15:57:42.164 [EXPANSION DEBUG]: ExpansionQuestModule<a267d090> Sending player quest data for quest ID 9 to player with UID: 3I2KPiMwtNrbRzLe964-q3OrI2Ligr9LBcsFxmVIl3Q=
SCRIPT       : 15:57:59.875 [EXPANSION DEBUG]: ExpansionQuestModule<a267d090> Quest configs already synched for player with UID: 3I2KPiMwtNrbRzLe964-q3OrI2Ligr9LBcsFxmVIl3Q=
SCRIPT       : 15:57:59.875 [EXPANSION DEBUG]: ExpansionQuestModule<a267d090> Sending player quest data for quest ID 9 to player with UID: 3I2KPiMwtNrbRzLe964-q3OrI2Ligr9LBcsFxmVIl3Q=
SCRIPT       : 15:58:32.765 [EXPANSION DEBUG]: ExpansionQuestModule<a267d090> Quest configs already synched for player with UID: 3I2KPiMwtNrbRzLe964-q3OrI2Ligr9LBcsFxmVIl3Q=
SCRIPT       : 15:58:32.765 [EXPANSION DEBUG]: ExpansionQuestModule<a267d090> Sending player quest data for quest ID 9 to player with UID: 3I2KPiMwtNrbRzLe964-q3OrI2Ligr9LBcsFxmVIl3Q=
SCRIPT       : 15:58:43.382 [EXPANSION DEBUG]: ExpansionQuestModule<a267d090> Quest configs already synched for player with UID: 3I2KPiMwtNrbRzLe964-q3OrI2Ligr9LBcsFxmVIl3Q=
SCRIPT       : 15:58:43.382 [EXPANSION DEBUG]: ExpansionQuestModule<a267d090> Sending player quest data for quest ID 9 to player with UID: 3I2KPiMwtNrbRzLe964-q3OrI2Ligr9LBcsFxmVIl3Q=
SCRIPT       : [wpnfsm] Save occured in fsm transition! current state=WeaponCharging<5a1cf5e0> closes stable state=BAREM_CLO_BUF_MA1<981fb570> id=6
SCRIPT       : 16:02:10.960 [EXPANSION DEBUG]: SurvivorBase<954ff120>::OnEnterSafeZone
SCRIPT       : bool m_Expansion_LeavingSafeZone = 0
SCRIPT       : bool m_Expansion_IsInSafeZone = 0
SCRIPT       : bool m_Expansion_IsInSafeZoneSynchRemote = 0
SCRIPT       : JMCameraModule::RPC_Leave - timestamp 1324.45
SCRIPT       : JMCameraModule::Server_Leave - target SurvivorBase<954ff120>
SCRIPT       : JMCameraModule::Server_Leave - spectated player NULL
SCRIPT       : ExpansionActionOpenTraderMenu::OnStartServer - Start
SCRIPT       : [Logout]: New player 3I2KPiMwtNrbRzLe964-q3OrI2Ligr9LBcsFxmVIl3Q= with logout time 3
SCRIPT       : [emote] SurvivorM_Quinn:046 play emote id=14 IH=AK74:031524
SCRIPT       : 16:02:58.796 [EXPANSION DEBUG]: ExpansionPartyData<c100b190>::OnLeave party Blorpus (ID 0) player Blorpus9000 (ID 3I2KPiMwtNrbRzLe964-q3OrI2Ligr9LBcsFxmVIl3Q=)
SCRIPT       : 16:02:58.796 [EXPANSION DEBUG]: ExpansionQuestPersistentData<92bbfde0> ~ExpansionQuestPersistentData (29)
SCRIPT       : [Logout]: Player 3I2KPiMwtNrbRzLe964-q3OrI2Ligr9LBcsFxmVIl3Q= finished
