---------------------------------------------
Log C:\Program Files (x86)\Steam\steamapps\common\DayZServerAug2\config\script_2023-08-16_19-40-01.log started at 16.08. 19:40:01

SCRIPT       : Registered 397 temporary action enum(s), UAN==397
SCRIPT       : Registering faction type eAIFactionShamans ID -1484989417
SCRIPT       : Registering faction type eAIFactionObservers ID -563736721
SCRIPT       : Registering faction type eAIFactionInvincibleObservers ID -1227299746
SCRIPT       : Registering faction type eAIFactionEast ID 90522109
SCRIPT       : Registering faction type eAIFactionGuards ID 963933710
SCRIPT       : Registering faction type eAIFactionRaiders ID 1535276022
SCRIPT       : Registering faction type eAIFactionMercenaries ID 1629891834
SCRIPT       : Registering faction type eAIFactionWest ID 113880155
SCRIPT       : Registering faction type eAIFactionCivilian ID 1096178351
SCRIPT       : Registering faction type eAIFactionPassive ID -1159399789
SCRIPT       : Registering faction type eAIFactionInvincibleGuards ID 782746017
SCRIPT       : ... Backlit Effects Enabled
SCRIPT       : 19:40:02 [EXPANSION LOG]: DayZGame<9f0aed50> Start time (local time) 2023-08-16 19:39:58
SCRIPT       : 19:40:02 [EXPANSION LOG]: DayZGame<9f0aed50> Start time (UTC) 2023-08-17 00:39:58
SCRIPT       : 19:40:02 [EXPANSION LOG]: DayZGame<9f0aed50> Runtime since start (seconds) 4.415
SCRIPT    (W): @"JM/COT/Scripts/4_World/communityonlinetools\classes\webhook\jmwebhookdiscordmessage.c,19": Possible variable name conflict 'username'
SCRIPT    (W): @"JM/COT/Scripts/4_World/communityonlinetools\classes\webhook\jmwebhookdiscordmessage.c,19": Possible variable name conflict 'avatar_url'
SCRIPT    (W): @"JM/COT/Scripts/4_World/communityonlinetools\classes\webhook\jmwebhookdiscordmessage.c,19": Possible variable name conflict 'content'
SCRIPT    (W): @"JM/COT/Scripts/4_World/communityonlinetools\classes\webhook\jmwebhookdiscordmessage.c,151": Possible variable name conflict 'url'
SCRIPT    (W): @"JM/COT/Scripts/4_World/communityonlinetools\classes\webhook\jmwebhookdiscordmessage.c,172": Possible variable name conflict 'url'
SCRIPT    (W): @"JM/COT/Scripts/4_World/communityonlinetools\classes\webhook\jmwebhookdiscordmessage.c,180": Possible variable name conflict 'url'
SCRIPT       : 19:40:16.398 [EXPANSION DEBUG]: [ExpansionDebugSettings] Load existing setting file:$profile:ExpansionMod\Settings\DebugSettings.json
SCRIPT       : 19:40:16.398 [EXPANSION DEBUG]: [ExpansionLogSettings] Load existing setting file:$profile:ExpansionMod\Settings\LogsSettings.json
SCRIPT       : 19:40:16.406 [EXPANSION DEBUG]: [ExpansionNotificationSettings] Load existing setting file:$profile:ExpansionMod\Settings\NotificationSettings.json
SCRIPT       : 19:40:16.406 [EXPANSION DEBUG]: [ExpansionMonitoringSettings] Load existing setting file:$profile:ExpansionMod\Settings\MonitoringSettings.json
SCRIPT       : 19:40:16.406 [EXPANSION DEBUG]: [ExpansionDamageSystemSettings] Load existing setting file:$profile:ExpansionMod\Settings\DamageSystemSettings.json
SCRIPT       : 19:40:16.406 [EXPANSION DEBUG]: [ExpansionPartySettings] Load existing setting file:$profile:ExpansionMod\Settings\PartySettings.json
SCRIPT       : 19:40:16.406 [EXPANSION DEBUG]: [ExpansionHardlineSettings] Load existing setting file:$mission:expansion\settings\HardlineSettings.json
SCRIPT       : 19:40:16.406 [EXPANSION DEBUG]: [ExpansionMarketSettings] Load existing setting file:$mission:expansion\settings\MarketSettings.json
SCRIPT       : ExpansionMarketSettings::LoadCategories - Adding category ID 1 (Ammo)
SCRIPT       : ExpansionMarketSettings::LoadCategories - Adding category ID 2 (Ammo_Boxes)
SCRIPT       : ExpansionMarketSettings::LoadCategories - Adding category ID 3 (Armbands)
SCRIPT       : ExpansionMarketSettings::LoadCategories - Adding category ID 4 (Assault_Rifles)
SCRIPT       : ExpansionMarketSettings::LoadCategories - Adding category ID 5 (Backpacks)
SCRIPT       : ExpansionMarketSettings::LoadCategories - Adding category ID 6 (Bandanas)
SCRIPT       : ExpansionMarketSettings::LoadCategories - Adding category ID 7 (Batteries)
SCRIPT       : ExpansionMarketSettings::LoadCategories - Adding category ID 8 (Bayonets)
SCRIPT       : ExpansionMarketSettings::LoadCategories - Adding category ID 9 (Belts)
SCRIPT       : ExpansionMarketSettings::LoadCategories - Adding category ID 10 (Blouses_And_Suits)
SCRIPT       : ExpansionMarketSettings::LoadCategories - Adding category ID 11 (Boats)
SCRIPT       : ExpansionMarketSettings::LoadCategories - Adding category ID 12 (Boots_And_Shoes)
SCRIPT       : ExpansionMarketSettings::LoadCategories - Adding category ID 13 (Buttstocks)
SCRIPT       : ExpansionMarketSettings::LoadCategories - Adding category ID 14 (Caps)
SCRIPT       : ExpansionMarketSettings::LoadCategories - Adding category ID 15 (Cars)
SCRIPT       : ExpansionMarketSettings::LoadCategories - Adding category ID 16 (Coats_And_Jackets)
SCRIPT       : ExpansionMarketSettings::LoadCategories - Adding category ID 17 (Containers)
SCRIPT       : ExpansionMarketSettings::LoadCategories - Adding category ID 18 (Crossbows)
SCRIPT       : ExpansionMarketSettings::LoadCategories - Adding category ID 19 (Drinks)
SCRIPT       : ExpansionMarketSettings::LoadCategories - Adding category ID 20 (Electronics)
SCRIPT       : ExpansionMarketSettings::LoadCategories - Adding category ID 21 (Event)
SCRIPT       : ExpansionMarketSettings::LoadCategories - Adding category ID 22 (Exchange)
SCRIPT       : ExpansionMarketSettings::LoadCategories - Adding category ID 23 (Explosives_And_Grenades)
SCRIPT       : ExpansionMarketSettings::LoadCategories - Adding category ID 24 (Eyewear)
SCRIPT       : ExpansionMarketSettings::LoadCategories - Adding category ID 25 (Fish)
SCRIPT       : ExpansionMarketSettings::LoadCategories - Adding category ID 26 (Fishing)
SCRIPT       : ExpansionMarketSettings::LoadCategories - Adding category ID 27 (Flags)
SCRIPT       : ExpansionMarketSettings::LoadCategories - Adding category ID 28 (Food)
SCRIPT       : ExpansionMarketSettings::LoadCategories - Adding category ID 29 (Fruit_And_Vegetables)
SCRIPT       : ExpansionMarketSettings::LoadCategories - Adding category ID 30 (Furnishings)
SCRIPT       : ExpansionMarketSettings::LoadCategories - Adding category ID 31 (Gardening)
SCRIPT       : ExpansionMarketSettings::LoadCategories - Adding category ID 32 (Ghillies)
SCRIPT       : ExpansionMarketSettings::LoadCategories - Adding category ID 33 (Gloves)
SCRIPT       : ExpansionMarketSettings::LoadCategories - Adding category ID 34 (Handguards)
SCRIPT       : ExpansionMarketSettings::LoadCategories - Adding category ID 35 (Hats_And_Hoods)
SCRIPT       : ExpansionMarketSettings::LoadCategories - Adding category ID 36 (Helicopters)
SCRIPT       : ExpansionMarketSettings::LoadCategories - Adding category ID 37 (Helmets)
SCRIPT       : ExpansionMarketSettings::LoadCategories - Adding category ID 38 (Holsters_And_Pouches)
SCRIPT       : ExpansionMarketSettings::LoadCategories - Adding category ID 39 (Kits)
SCRIPT       : ExpansionMarketSettings::LoadCategories - Adding category ID 40 (Knifes)
SCRIPT       : ExpansionMarketSettings::LoadCategories - Adding category ID 41 (Launchers)
SCRIPT       : ExpansionMarketSettings::LoadCategories - Adding category ID 42 (Lights)
SCRIPT       : ExpansionMarketSettings::LoadCategories - Adding category ID 43 (Liquids)
SCRIPT       : ExpansionMarketSettings::LoadCategories - Adding category ID 44 (Locks)
SCRIPT       : ExpansionMarketSettings::LoadCategories - Adding category ID 45 (Magazines)
SCRIPT       : ExpansionMarketSettings::LoadCategories - Adding category ID 46 (Masks)
SCRIPT       : ExpansionMarketSettings::LoadCategories - Adding category ID 47 (Meat)
SCRIPT       : ExpansionMarketSettings::LoadCategories - Adding category ID 48 (Medical)
SCRIPT       : ExpansionMarketSettings::LoadCategories - Adding category ID 49 (Melee_Weapons)
SCRIPT       : ExpansionMarketSettings::LoadCategories - Adding category ID 50 (MMG_Armored_Helmet_Visor)
SCRIPT       : ExpansionMarketSettings::LoadCategories - Adding category ID 51 (MMG_BackPacks)
SCRIPT       : ExpansionMarketSettings::LoadCategories - Adding category ID 52 (MMG_Belts)
SCRIPT       : ExpansionMarketSettings::LoadCategories - Adding category ID 53 (MMG_Boots)
SCRIPT       : ExpansionMarketSettings::LoadCategories - Adding category ID 54 (MMG_Bottle)
SCRIPT       : ExpansionMarketSettings::LoadCategories - Adding category ID 55 (MMG_Carbine)
SCRIPT       : ExpansionMarketSettings::LoadCategories - Adding category ID 56 (MMG_Chest_Rigs)
SCRIPT       : ExpansionMarketSettings::LoadCategories - Adding category ID 57 (MMG_Facemask)
SCRIPT       : ExpansionMarketSettings::LoadCategories - Adding category ID 58 (MMG_Gloves)
SCRIPT       : ExpansionMarketSettings::LoadCategories - Adding category ID 59 (MMG_Goggles)
SCRIPT       : ExpansionMarketSettings::LoadCategories - Adding category ID 60 (MMG_Headphones)
SCRIPT       : ExpansionMarketSettings::LoadCategories - Adding category ID 61 (MMG_Holsters)
SCRIPT       : ExpansionMarketSettings::LoadCategories - Adding category ID 62 (MMG_NBC)
SCRIPT       : ExpansionMarketSettings::LoadCategories - Adding category ID 63 (MMG_Pants)
SCRIPT       : ExpansionMarketSettings::LoadCategories - Adding category ID 64 (MMG_Patches)
SCRIPT       : ExpansionMarketSettings::LoadCategories - Adding category ID 65 (MMG_Plate_Carriers)
SCRIPT       : ExpansionMarketSettings::LoadCategories - Adding category ID 66 (MMG_Pouches)
SCRIPT       : ExpansionMarketSettings::LoadCategories - Adding category ID 67 (MMG_Shirts)
SCRIPT       : ExpansionMarketSettings::LoadCategories - Adding category ID 68 (MMG_Sniper_Boonie)
SCRIPT       : ExpansionMarketSettings::LoadCategories - Adding category ID 69 (Muzzles)
SCRIPT       : ExpansionMarketSettings::LoadCategories - Adding category ID 70 (Navigation)
SCRIPT       : ExpansionMarketSettings::LoadCategories - Adding category ID 71 (Optics)
SCRIPT       : ExpansionMarketSettings::LoadCategories - Adding category ID 72 (Pants_And_Shorts)
SCRIPT       : ExpansionMarketSettings::LoadCategories - Adding category ID 73 (Pistols)
SCRIPT       : ExpansionMarketSettings::LoadCategories - Adding category ID 74 (Rifles)
SCRIPT       : ExpansionMarketSettings::LoadCategories - Adding category ID 75 (Shirts_And_TShirts)
SCRIPT       : ExpansionMarketSettings::LoadCategories - Adding category ID 76 (Shotguns)
SCRIPT       : ExpansionMarketSettings::LoadCategories - Adding category ID 77 (Skirts_And_Dresses)
SCRIPT       : ExpansionMarketSettings::LoadCategories - Adding category ID 78 (Sniper_Rifles)
SCRIPT       : ExpansionMarketSettings::LoadCategories - Adding category ID 79 (Spraycans)
SCRIPT       : ExpansionMarketSettings::LoadCategories - Adding category ID 80 (Submachine_Guns)
SCRIPT       : ExpansionMarketSettings::LoadCategories - Adding category ID 81 (Supplies)
SCRIPT       : ExpansionMarketSettings::LoadCategories - Adding category ID 82 (Sweaters_And_Hoodies)
SCRIPT       : ExpansionMarketSettings::LoadCategories - Adding category ID 83 (Tents)
SCRIPT       : ExpansionMarketSettings::LoadCategories - Adding category ID 84 (Tools)
SCRIPT       : ExpansionMarketSettings::LoadCategories - Adding category ID 85 (Vehicle_Parts)
SCRIPT       : ExpansionMarketSettings::LoadCategories - Adding category ID 86 (Vests)
SCRIPT       : 19:40:16.546 [EXPANSION DEBUG]: [ExpansionAirdropSettings] Load existing setting file:$profile:ExpansionMod\Settings\AirdropSettings.json
SCRIPT       : 19:40:16.671 [EXPANSION DEBUG]: [ExpansionMissionSettings] Load existing setting file:$profile:ExpansionMod\Settings\MissionSettings.json
SCRIPT       : 19:40:16.671 [EXPANSION DEBUG]: [ExpansionMapSettings] Load existing setting file:$mission:expansion\settings\MapSettings.json
SCRIPT       : 19:40:16.679 [EXPANSION DEBUG]: [ExpansionPersonalStorageNewSettings] Load existing setting file:$profile:ExpansionMod\Settings\PersonalStorageNewSettings.json
SCRIPT       : 19:40:16.679 [EXPANSION DEBUG]: [ExpansionGeneralSettings] Load existing setting file:$profile:ExpansionMod\Settings\GeneralSettings.json
SCRIPT       : 19:40:16.679 [EXPANSION DEBUG]: [ExpansionPlayerListSettings] Load existing setting file:$profile:ExpansionMod\Settings\PlayerListSettings.json
SCRIPT       : 19:40:16.679 [EXPANSION DEBUG]: [ExpansionSocialMediaSettings] Load existing setting file:$profile:ExpansionMod\Settings\SocialMediaSettings.json
SCRIPT       : 19:40:16.679 [EXPANSION DEBUG]: [ExpansionSpawnSettings] Load existing setting file:$mission:expansion\settings\SpawnSettings.json
SCRIPT       : 19:40:16.687 [EXPANSION DEBUG]: [ExpansionVehicleSettings] Load existing setting file:$profile:ExpansionMod\Settings\VehicleSettings.json
SCRIPT       : 19:40:16.687 [EXPANSION DEBUG]: [ExpansionAISettings] Load existing setting file:$profile:ExpansionMod\Settings\AISettings.json
SCRIPT       : 19:40:16.687 [EXPANSION DEBUG]: [ExpansionAIPatrolSettings] Load existing setting file:$mission:expansion\settings\AIPatrolSettings.json
SCRIPT       : 19:40:16.687 [EXPANSION DEBUG]: [ExpansionBaseBuildingSettings] Load existing setting file:$mission:expansion\settings\BaseBuildingSettings.json
SCRIPT       : 19:40:16.687 [EXPANSION DEBUG]: [ExpansionRaidSettings] Load existing setting file:$profile:ExpansionMod\Settings\RaidSettings.json
SCRIPT       : 19:40:16.695 [EXPANSION DEBUG]: [ExpansionTerritorySettings] Load existing setting file:$profile:ExpansionMod\Settings\TerritorySettings.json
SCRIPT       : 19:40:16.695 [EXPANSION DEBUG]: [ExpansionChatSettings] Load existing setting file:$profile:ExpansionMod\Settings\ChatSettings.json
SCRIPT       : Expansion version: 1.8.21
SCRIPT       : [DefineTest] EXPANSIONMOD is defined
SCRIPT       : [DefineTest] EXPANSIONMODAI is defined
SCRIPT       : [DefineTest] EXPANSIONMODANIMATIONS is defined
SCRIPT       : [DefineTest] EXPANSIONMODBASEBUILDING is defined
SCRIPT       : [DefineTest] EXPANSIONMODBOOK is defined
SCRIPT       : [DefineTest] EXPANSIONMODCHAT is defined
SCRIPT       : [DefineTest] EXPANSIONMODCORE is defined
SCRIPT       : [DefineTest] EXPANSIONMODGARAGE is defined
SCRIPT       : [DefineTest] EXPANSIONMODGROUPS is defined
SCRIPT       : [DefineTest] EXPANSIONMODHARDLINE is defined
SCRIPT       : [DefineTest] EXPANSIONMODKILLFEED is defined
SCRIPT       : [DefineTest] EXPANSIONMODMAPASSETS is defined
SCRIPT       : [DefineTest] EXPANSIONMODMARKET is defined
SCRIPT       : [DefineTest] EXPANSIONMODMISSIONS is defined
SCRIPT       : [DefineTest] EXPANSIONMODNAMETAGS is defined
SCRIPT       : [DefineTest] EXPANSIONMODNAVIGATION is defined
SCRIPT       : [DefineTest] EXPANSIONMODP2PMARKET is defined
SCRIPT       : [DefineTest] EXPANSIONMODPERSONALSTORAGE is defined
SCRIPT       : [DefineTest] EXPANSIONMODQUESTS is defined
SCRIPT       : [DefineTest] EXPANSIONMODSPAWNSELECTION is defined
SCRIPT       : [DefineTest] EXPANSIONMODVEHICLE is defined
SCRIPT       : [DefineTest] EXPANSIONMODWEAPONS is defined
SCRIPT       : [DefineTest] CfgMods:
SCRIPT       : defaultAction
SCRIPT       : DayZ
SCRIPT       : DZ_Expansion_AI_Preload
SCRIPT       : DZ_Expansion_Animations_Preload
SCRIPT       : DZ_Expansion_BaseBuilding_Preload
SCRIPT       : DZ_Expansion_Book_Preload
SCRIPT       : DZ_Expansion_Chat_Preload
SCRIPT       : DZ_Expansion_Core_Preload
SCRIPT       : DZ_Expansion_Garage_Preload
SCRIPT       : DZ_Expansion_Groups_Preload
SCRIPT       : DZ_Expansion_Hardline_Preload
SCRIPT       : DZ_Expansion_KillFeed_Preload
SCRIPT       : DZ_Expansion_MapAssets_Preload
SCRIPT       : DZ_Expansion_Market_Preload
SCRIPT       : DZ_Expansion_Missions_Preload
SCRIPT       : DZ_Expansion_ModStorage_Preload
SCRIPT       : DZ_Expansion_NameTags_Preload
SCRIPT       : DZ_Expansion_Navigation_Preload
SCRIPT       : DZ_Expansion_P2PMarket_Preload
SCRIPT       : DZ_Expansion_PersonalStorage_Preload
SCRIPT       : DZ_Expansion_Preload
SCRIPT       : DZ_Expansion_Quests_Preload
SCRIPT       : DZ_Expansion_SpawnSelection_Preload
SCRIPT       : DZ_Expansion_Vehicles_Preload
SCRIPT       : DZ_Expansion_Weapons_Preload
SCRIPT       : DZ_DabsFramework
SCRIPT       : DZ_Expansion_DefineTest
SCRIPT       : DZ_Expansion_MapAssets
SCRIPT       : bliss
SCRIPT       : JM_CommunityFramework
SCRIPT       : JM_CommunityOnlineTools
SCRIPT       : PvZmoD_CustomisableZombies
SCRIPT       : BoostZombiesVisionAddon
SCRIPT       : DZ_Editor_Loader
SCRIPT       : DZ_Expansion_ModStorage
SCRIPT       : DZ_Expansion_Core
SCRIPT       : DZ_Expansion_Garage
SCRIPT       : DZ_Expansion_Groups
SCRIPT       : DZ_Expansion_Market
SCRIPT       : DZ_Expansion_Missions
SCRIPT       : DZ_Expansion_NameTags
SCRIPT       : DZ_Expansion_Navigation
SCRIPT       : DZ_Expansion_NotificationScheduler
SCRIPT       : DZ_Expansion_P2PMarket
SCRIPT       : DZ_Expansion_PersonalStorage
SCRIPT       : DZ_Expansion_PersonalStorageNew
SCRIPT       : DZ_Expansion_PlayerList
SCRIPT       : DZ_Expansion
SCRIPT       : DZ_Expansion_SpawnSelection
SCRIPT       : DZ_Expansion_VanillaFixes
SCRIPT       : DZ_Expansion_Vehicles
SCRIPT       : DZ_Expansion_Weapons
SCRIPT       : jpc_vest
SCRIPT       : DZ_Expansion_AI
SCRIPT       : DZ_Expansion_BaseBuilding
SCRIPT       : DZ_Expansion_Book
SCRIPT       : DZ_Expansion_Chat
SCRIPT       : DZ_Expansion_Hardline
SCRIPT       : DZ_Expansion_Quests
SCRIPT       : DZ_Expansion_VirtualContainerStorage
SCRIPT       : DayZ_Expansion_AI_Dynamic
SCRIPT       : 19:40:17.210 [EXPANSION DEBUG]: ModStorage v5
SCRIPT       : 19:40:19.937 [EXPANSION DEBUG]: ExpansionTraderJudy<fc69a010>::SetTraderObject ExpansionTraderObjectBase<ca5e13b0> <4973.928711, 9.510984, 2436.782959>
SCRIPT       : 19:40:19.937 [EXPANSION DEBUG]: LoadMissionTradersFile trader ExpansionTraderJudy<fc69a010> fileName Aircraft
SCRIPT       : 19:40:19.945 [EXPANSION DEBUG]: ExpansionTraderJose<ca911010>::SetTraderObject ExpansionTraderObjectBase<ca8ada30> <14353.624023, 3.326771, 13229.217773>
SCRIPT       : 19:40:19.945 [EXPANSION DEBUG]: LoadMissionTradersFile trader ExpansionTraderJose<ca911010> fileName Boats
SCRIPT       : 19:40:19.953 [EXPANSION DEBUG]: ExpansionTraderEva<88dba3f0>::SetTraderObject ExpansionTraderObjectBase<ca996440> <14378.793945, 3.325975, 13271.585938>
SCRIPT       : 19:40:19.953 [EXPANSION DEBUG]: LoadMissionTradersFile trader ExpansionTraderEva<88dba3f0> fileName Fishing
SCRIPT       : 19:40:19.960 [EXPANSION DEBUG]: ExpansionTraderLewis<fc6a9e20>::SetTraderObject ExpansionTraderObjectBase<caa572a0> <1756.656372, 1.415564, 2027.359741>
SCRIPT       : 19:40:19.960 [EXPANSION DEBUG]: LoadMissionTradersFile trader ExpansionTraderLewis<fc6a9e20> fileName Boats
SCRIPT       : 19:40:19.968 [EXPANSION DEBUG]: LoadMissionTradersFile trader ExpansionTraderStaticBase<b04b1fb0> fileName Exchange
SCRIPT       : 19:40:19.984 [EXPANSION DEBUG]: ExpansionTraderDenis<7b7c82b0>::SetTraderObject ExpansionTraderObjectBase<d444e0e0> <3697.249512, 402.010010, 5977.625488>
SCRIPT       : 19:40:19.984 [EXPANSION DEBUG]: LoadMissionTradersFile trader ExpansionTraderDenis<7b7c82b0> fileName Clothing
SCRIPT       : 19:40:20.000 [EXPANSION DEBUG]: ExpansionTraderMaria<caae8800>::SetTraderObject ExpansionTraderObjectBase<d45c89c0> <3696.455811, 402.010010, 5980.193359>
SCRIPT       : 19:40:20.000 [EXPANSION DEBUG]: LoadMissionTradersFile trader ExpansionTraderMaria<caae8800> fileName Clothing_Accessories
SCRIPT       : 19:40:20.015 [EXPANSION DEBUG]: ExpansionTraderQuinn<d476d800>::SetTraderObject ExpansionTraderObjectBase<d4741430> <3710.121826, 402.010010, 5976.164063>
SCRIPT       : 19:40:20.015 [EXPANSION DEBUG]: LoadMissionTradersFile trader ExpansionTraderQuinn<d476d800> fileName Consumables
SCRIPT       : 19:40:20.031 [EXPANSION DEBUG]: ExpansionTraderNaomi<439e2020>::SetTraderObject ExpansionTraderObjectBase<d488e040> <3708.786865, 402.010010, 5974.589844>
SCRIPT       : 19:40:20.031 [EXPANSION DEBUG]: LoadMissionTradersFile trader ExpansionTraderNaomi<439e2020> fileName Weapons
SCRIPT       : 19:40:20.046 [EXPANSION DEBUG]: ExpansionTraderSeth<888ad080>::SetTraderObject ExpansionTraderObjectBase<d4a530c0> <3710.265137, 402.010010, 5973.340820>
SCRIPT       : 19:40:20.046 [EXPANSION DEBUG]: LoadMissionTradersFile trader ExpansionTraderSeth<888ad080> fileName Attachments
SCRIPT       : 19:40:20.054 [EXPANSION DEBUG]: ExpansionTraderRolf<888a9270>::SetTraderObject ExpansionTraderObjectBase<d4c16fa0> <3698.172607, 402.010010, 5995.337402>
SCRIPT       : 19:40:20.054 [EXPANSION DEBUG]: LoadMissionTradersFile trader ExpansionTraderRolf<888a9270> fileName Vehicles
SCRIPT       : 19:40:20.070 [EXPANSION DEBUG]: ExpansionTraderIndar<888c82f0>::SetTraderObject ExpansionTraderObjectBase<d4cf6cd0> <3714.531006, 402.138000, 5961.776367>
SCRIPT       : 19:40:20.070 [EXPANSION DEBUG]: LoadMissionTradersFile trader ExpansionTraderIndar<888c82f0> fileName Components
SCRIPT       : 19:40:20.078 [EXPANSION DEBUG]: ExpansionTraderJudy<888cc100>::SetTraderObject ExpansionTraderObjectBase<d4e13220> <3729.029541, 402.651001, 5969.476563>
SCRIPT       : 19:40:20.078 [EXPANSION DEBUG]: LoadMissionTradersFile trader ExpansionTraderJudy<888cc100> fileName Medicals
SCRIPT       : 19:40:20.078 [EXPANSION DEBUG]: ExpansionTraderNaomi<888cff10>::SetTraderObject ExpansionTraderObjectBase<d4e19350> <3690.062988, 402.100067, 6006.763672>
SCRIPT       : 19:40:20.078 [EXPANSION DEBUG]: LoadMissionTradersFile trader ExpansionTraderNaomi<888cff10> fileName Vehicle_Parts
SCRIPT       : 19:40:20.085 [EXPANSION DEBUG]: ExpansionTraderJose<888b4ca0>::SetTraderObject ExpansionTraderObjectBase<d4e1d7c0> <3699.629883, 402.010010, 5993.970215>
SCRIPT       : 19:40:20.085 [EXPANSION DEBUG]: LoadMissionTradersFile trader ExpansionTraderJose<888b4ca0> fileName Spraycans
SCRIPT       : 19:40:20.101 [EXPANSION DEBUG]: ExpansionTraderLinda<888b8ab0>::SetTraderObject ExpansionTraderObjectBase<d4efd800> <3674.669922, 406.760010, 5990.390137>
SCRIPT       : 19:40:20.101 [EXPANSION DEBUG]: LoadMissionTradersFile trader ExpansionTraderLinda<888b8ab0> fileName Special
SCRIPT       : 19:40:20.109 [EXPANSION DEBUG]: ExpansionTraderNiki<888d3d20>::SetTraderObject ExpansionTraderObjectBase<d50b6ee0> <3699.030029, 402.013000, 5973.439941>
SCRIPT       : 19:40:20.109 [EXPANSION DEBUG]: LoadMissionTradersFile trader ExpansionTraderNiki<888d3d20> fileName BuildingSupplies
SCRIPT       : 19:40:20.109 [EXPANSION DEBUG]: ExpansionTraderNiki<888d7b30>::SetTraderObject ExpansionTraderObjectBase<d50bdab0> <3697.030029, 402.013000, 5973.439941>
SCRIPT       : 19:40:20.109 [EXPANSION DEBUG]: LoadMissionTradersFile trader ExpansionTraderNiki<888d7b30> fileName MMG
SCRIPT       : 19:40:20.117 [EXPANSION DEBUG]: ExpansionTraderFrancis<888bc8c0>::SetTraderObject ExpansionTraderObjectBase<d5177e30> <1153.964844, 6.463035, 2409.763184>
SCRIPT       : 19:40:20.117 [EXPANSION DEBUG]: LoadMissionTradersFile trader ExpansionTraderFrancis<888bc8c0> fileName Attachments
SCRIPT       : 19:40:20.125 [EXPANSION DEBUG]: ExpansionTraderKaito<888db940>::SetTraderObject ExpansionTraderObjectBase<d52610c0> <1117.021240, 5.495151, 2413.766357>
SCRIPT       : 19:40:20.125 [EXPANSION DEBUG]: LoadMissionTradersFile trader ExpansionTraderKaito<888db940> fileName Components
SCRIPT       : 19:40:20.132 [EXPANSION DEBUG]: ExpansionTraderCyril<888e3560>::SetTraderObject ExpansionTraderObjectBase<d98e9f70> <1136.987427, 5.908522, 2439.662598>
SCRIPT       : 19:40:20.132 [EXPANSION DEBUG]: LoadMissionTradersFile trader ExpansionTraderCyril<888e3560> fileName Clothing
SCRIPT       : 19:40:20.140 [EXPANSION DEBUG]: ExpansionTraderGuo<888df750>::SetTraderObject ExpansionTraderObjectBase<d99f6da0> <1133.974854, 5.909700, 2442.412598>
SCRIPT       : 19:40:20.140 [EXPANSION DEBUG]: LoadMissionTradersFile trader ExpansionTraderGuo<888df750> fileName Clothing_Accessories
SCRIPT       : 19:40:20.148 [EXPANSION DEBUG]: ExpansionTraderBoris<d9b03a90>::SetTraderObject ExpansionTraderObjectBase<d9b45f50> <1123.468262, 15.349299, 2426.316162>
SCRIPT       : 19:40:20.148 [EXPANSION DEBUG]: LoadMissionTradersFile trader ExpansionTraderBoris<d9b03a90> fileName Exchange
SCRIPT       : 19:40:20.148 [EXPANSION DEBUG]: ExpansionTraderLinda<d9af8060>::SetTraderObject ExpansionTraderObjectBase<d9b4aa00> <1135.892822, 5.908773, 2436.856689>
SCRIPT       : 19:40:20.148 [EXPANSION DEBUG]: LoadMissionTradersFile trader ExpansionTraderLinda<d9af8060> fileName Consumables
SCRIPT       : 19:40:20.156 [EXPANSION DEBUG]: ExpansionTraderKeiko<d9b170e0>::SetTraderObject ExpansionTraderObjectBase<d9c328c0> <1130.731689, 5.951744, 2438.009277>
SCRIPT       : 19:40:20.156 [EXPANSION DEBUG]: LoadMissionTradersFile trader ExpansionTraderKeiko<d9b170e0> fileName Medicals
SCRIPT       : 19:40:20.164 [EXPANSION DEBUG]: ExpansionTraderHelga<d9b0b6b0>::SetTraderObject ExpansionTraderObjectBase<d9c51310> <1141.654419, 5.906255, 2421.591309>
SCRIPT       : 19:40:20.164 [EXPANSION DEBUG]: LoadMissionTradersFile trader ExpansionTraderHelga<d9b0b6b0> fileName Special
SCRIPT       : 19:40:20.171 [EXPANSION DEBUG]: ExpansionTraderFrida<d9b078a0>::SetTraderObject ExpansionTraderObjectBase<d9cd02e0> <1120.135132, 5.600746, 2417.465820>
SCRIPT       : 19:40:20.171 [EXPANSION DEBUG]: LoadMissionTradersFile trader ExpansionTraderFrida<d9b078a0> fileName Vehicles
SCRIPT       : 19:40:20.179 [EXPANSION DEBUG]: ExpansionTraderHassan<d9b132d0>::SetTraderObject ExpansionTraderObjectBase<d9d6fc50> <1123.977905, 5.639271, 2417.411865>
SCRIPT       : 19:40:20.179 [EXPANSION DEBUG]: LoadMissionTradersFile trader ExpansionTraderHassan<d9b132d0> fileName Vehicle_Parts
SCRIPT       : 19:40:20.179 [EXPANSION DEBUG]: ExpansionTraderDenis<d9affc80>::SetTraderObject ExpansionTraderObjectBase<d9d73fd0> <1156.719727, 6.513331, 2406.355225>
SCRIPT       : 19:40:20.179 [EXPANSION DEBUG]: LoadMissionTradersFile trader ExpansionTraderDenis<d9affc80> fileName Weapons
SCRIPT       : 19:40:20.187 [EXPANSION DEBUG]: ExpansionTraderGabi<d9afbe70>::SetTraderObject ExpansionTraderObjectBase<bd220ba0> <1135.689941, 5.900000, 2423.300049>
SCRIPT       : 19:40:20.187 [EXPANSION DEBUG]: LoadMissionTradersFile trader ExpansionTraderGabi<d9afbe70> fileName BuildingSupplies
SCRIPT       : 19:40:20.195 [EXPANSION DEBUG]: ExpansionTraderFrancis<d9b22b10>::SetTraderObject ExpansionTraderObjectBase<bd225010> <11835.901367, 140.617874, 12474.744141>
SCRIPT       : 19:40:20.195 [EXPANSION DEBUG]: LoadMissionTradersFile trader ExpansionTraderFrancis<d9b22b10> fileName Attachments
SCRIPT       : 19:40:20.195 [EXPANSION DEBUG]: ExpansionTraderLinda<d9b26920>::SetTraderObject ExpansionTraderObjectBase<d9fd49c0> <11856.716797, 140.565109, 12461.438477>
SCRIPT       : 19:40:20.195 [EXPANSION DEBUG]: LoadMissionTradersFile trader ExpansionTraderLinda<d9b26920> fileName Consumables
SCRIPT       : 19:40:20.195 [EXPANSION DEBUG]: ExpansionTraderCyril<d9b2a730>::SetTraderObject ExpansionTraderObjectBase<d9fd8b60> <11855.000000, 140.605103, 12466.099609>
SCRIPT       : 19:40:20.195 [EXPANSION DEBUG]: LoadMissionTradersFile trader ExpansionTraderCyril<d9b2a730> fileName Clothing
SCRIPT       : 19:40:20.203 [EXPANSION DEBUG]: ExpansionTraderGuo<d9b1ed00>::SetTraderObject ExpansionTraderObjectBase<d9fdd7a0> <11855.200195, 140.605103, 12470.487305>
SCRIPT       : 19:40:20.203 [EXPANSION DEBUG]: LoadMissionTradersFile trader ExpansionTraderGuo<d9b1ed00> fileName Clothing_Accessories
SCRIPT       : 19:40:20.203 [EXPANSION DEBUG]: ExpansionTraderKaito<d9b0f4c0>::SetTraderObject ExpansionTraderObjectBase<d9fe4cd0> <11849.400391, 140.605087, 12466.200195>
SCRIPT       : 19:40:20.203 [EXPANSION DEBUG]: LoadMissionTradersFile trader ExpansionTraderKaito<d9b0f4c0> fileName Components
SCRIPT       : 19:40:20.203 [EXPANSION DEBUG]: ExpansionTraderBoris<d9b2e540>::SetTraderObject ExpansionTraderObjectBase<d9fe9730> <11858.202148, 140.615112, 12463.234375>
SCRIPT       : 19:40:20.203 [EXPANSION DEBUG]: LoadMissionTradersFile trader ExpansionTraderBoris<d9b2e540> fileName Exchange
SCRIPT       : 19:40:20.210 [EXPANSION DEBUG]: ExpansionTraderKeiko<d9b32350>::SetTraderObject ExpansionTraderObjectBase<d9fedd30> <11853.218750, 140.605087, 12463.277344>
SCRIPT       : 19:40:20.210 [EXPANSION DEBUG]: LoadMissionTradersFile trader ExpansionTraderKeiko<d9b32350> fileName Medicals
SCRIPT       : 19:40:20.210 [EXPANSION DEBUG]: ExpansionTraderGabi<d9b1aef0>::SetTraderObject ExpansionTraderObjectBase<da0ca490> <11833.200195, 140.605118, 12461.700195>
SCRIPT       : 19:40:20.210 [EXPANSION DEBUG]: LoadMissionTradersFile trader ExpansionTraderGabi<d9b1aef0> fileName Special
SCRIPT       : 19:40:20.218 [EXPANSION DEBUG]: ExpansionTraderElias<da1808b0>::SetTraderObject ExpansionTraderObjectBase<da0e4cf0> <11877.799805, 140.134796, 12441.599609>
SCRIPT       : 19:40:20.218 [EXPANSION DEBUG]: LoadMissionTradersFile trader ExpansionTraderElias<da1808b0> fileName Vehicles
SCRIPT       : 19:40:20.218 [EXPANSION DEBUG]: ExpansionTraderHassan<da17caa0>::SetTraderObject ExpansionTraderObjectBase<da20a540> <11878.674805, 140.134796, 12424.302734>
SCRIPT       : 19:40:20.218 [EXPANSION DEBUG]: LoadMissionTradersFile trader ExpansionTraderHassan<da17caa0> fileName Vehicle_Parts
SCRIPT       : 19:40:20.226 [EXPANSION DEBUG]: ExpansionTraderDenis<da1884d0>::SetTraderObject ExpansionTraderObjectBase<da20ecd0> <11833.576172, 140.605072, 12469.492188>
SCRIPT       : 19:40:20.226 [EXPANSION DEBUG]: LoadMissionTradersFile trader ExpansionTraderDenis<da1884d0> fileName Weapons
SCRIPT       : 19:40:20.226 [EXPANSION DEBUG]: ExpansionTraderLinda<da1846c0>::SetTraderObject ExpansionTraderObjectBase<da2158a0> <11852.194336, 140.660980, 12472.387695>
SCRIPT       : 19:40:20.226 [EXPANSION DEBUG]: LoadMissionTradersFile trader ExpansionTraderLinda<da1846c0> fileName BuildingSupplies
SCRIPT       : 19:40:20.234 [EXPANSION DEBUG]: ExpansionTraderManua<da18c2e0>::SetTraderObject ExpansionTraderObjectBase<da2f06e0> <11879.722656, 140.094788, 12435.959961>
SCRIPT       : 19:40:20.234 [EXPANSION DEBUG]: LoadMissionTradersFile trader ExpansionTraderManua<da18c2e0> fileName Spraycans
SCRIPT       : 19:40:20.242 [EXPANSION DEBUG]: ExpansionTraderIrena<da171070>::SetTraderObject ExpansionTraderObjectBase<da444f40> <12160.279297, 140.580765, 12689.783203>
SCRIPT       : 19:40:20.242 [EXPANSION DEBUG]: LoadMissionTradersFile trader ExpansionTraderIrena<da171070> fileName Aircraft
SCRIPT       : [ExpansionQuestPersistentServerData] Load existing configuration file:$profile:ExpansionMod\Quests\PersistentServerData.json
SCRIPT       : [ExpansionQuestPersistentServerData] Load existing configuration file:$profile:ExpansionMod\Quests\PersistentServerData.json
SCRIPT       : [ExpansionQuestObjectiveTravelConfig] Load existing configuration file:$profile:ExpansionMod\Quests\Objectives\Travel\Objective_T_1.json
SCRIPT       : [ExpansionQuestObjectiveTravelConfig] Load existing configuration file:$profile:ExpansionMod\Quests\Objectives\Travel\Objective_T_2.json
SCRIPT       : [ExpansionQuestObjectiveTravelConfig] Load existing configuration file:$profile:ExpansionMod\Quests\Objectives\Travel\Objective_T_3.json
SCRIPT       : [ExpansionQuestObjectiveTravelConfig] Load existing configuration file:$profile:ExpansionMod\Quests\Objectives\Travel\Objective_T_4.json
SCRIPT       : [ExpansionQuestObjectiveTargetConfig] Load existing configuration file:$profile:ExpansionMod\Quests\Objectives\Target\Objective_TA_1_kill10sledge.json
SCRIPT       : [ExpansionQuestObjectiveTargetConfig] Load existing configuration file:$profile:ExpansionMod\Quests\Objectives\Target\Objective_TA_2_kill10.json
SCRIPT       : [ExpansionQuestObjectiveTargetConfig] Load existing configuration file:$profile:ExpansionMod\Quests\Objectives\Target\Objective_TA_31_kill_100.json
SCRIPT       : [ExpansionQuestObjectiveTargetConfig] Load existing configuration file:$profile:ExpansionMod\Quests\Objectives\Target\Objective_TA_3_kill50.json
SCRIPT       : [ExpansionQuestObjectiveTargetConfig] Load existing configuration file:$profile:ExpansionMod\Quests\Objectives\Target\Objective_TA_4_killmilitary.json
SCRIPT       : [ExpansionQuestObjectiveDeliveryConfig] Load existing configuration file:$profile:ExpansionMod\Quests\Objectives\Delivery\Objective_D_1.json
SCRIPT       : [ExpansionQuestObjectiveDeliveryConfig] Load existing configuration file:$profile:ExpansionMod\Quests\Objectives\Delivery\Objective_D_2.json
SCRIPT       : [ExpansionQuestObjectiveCollectionConfig] Load existing configuration file:$profile:ExpansionMod\Quests\Objectives\Collection\1-Collection-Apples.json
SCRIPT       : [ExpansionQuestObjectiveCollectionConfig] Load existing configuration file:$profile:ExpansionMod\Quests\Objectives\Collection\2-Collection-Mackerel.json
SCRIPT       : [ExpansionQuestObjectiveCollectionConfig] Load existing configuration file:$profile:ExpansionMod\Quests\Objectives\Collection\3-Collection-BrownChickens.json
SCRIPT       : [ExpansionQuestObjectiveCollectionConfig] Load existing configuration file:$profile:ExpansionMod\Quests\Objectives\Collection\4-Collection-BearPelt.json
SCRIPT       : [ExpansionQuestObjectiveCollectionConfig] Load existing configuration file:$profile:ExpansionMod\Quests\Objectives\Collection\5-Collection-DeerPelt.json
SCRIPT       : [ExpansionQuestObjectiveCollectionConfig] Load existing configuration file:$profile:ExpansionMod\Quests\Objectives\Collection\6-Collection-AgaricusMushroom.json
SCRIPT       : [ExpansionQuestObjectiveCollectionConfig] Load existing configuration file:$profile:ExpansionMod\Quests\Objectives\Collection\Objective_C_1.json
SCRIPT       : [ExpansionQuestObjectiveCollectionConfig] Load existing configuration file:$profile:ExpansionMod\Quests\Objectives\Collection\Objective_C_2.json
SCRIPT       : [ExpansionQuestObjectiveCollectionConfig] Load existing configuration file:$profile:ExpansionMod\Quests\Objectives\Collection\Objective_C_3.json
SCRIPT       : [ExpansionQuestObjectiveTreasureHuntConfig] Load existing configuration file:$profile:ExpansionMod\Quests\Objectives\TreasureHunt\Objective_TH_ammo_1.json
SCRIPT       : [ExpansionQuestObjectiveActionConfig] Load existing configuration file:$profile:ExpansionMod\Quests\Objectives\Action\1-Medic.json
SCRIPT       : [ExpansionQuestObjectiveActionConfig] Load existing configuration file:$profile:ExpansionMod\Quests\Objectives\Action\10-Medic.json
SCRIPT       : [ExpansionQuestObjectiveActionConfig] Load existing configuration file:$profile:ExpansionMod\Quests\Objectives\Action\11-Medic.json
SCRIPT       : [ExpansionQuestObjectiveActionConfig] Load existing configuration file:$profile:ExpansionMod\Quests\Objectives\Action\12-Medic.json
SCRIPT       : [ExpansionQuestObjectiveActionConfig] Load existing configuration file:$profile:ExpansionMod\Quests\Objectives\Action\13-Medic.json
SCRIPT       : [ExpansionQuestObjectiveActionConfig] Load existing configuration file:$profile:ExpansionMod\Quests\Objectives\Action\14-Medic.json
SCRIPT       : [ExpansionQuestObjectiveActionConfig] Load existing configuration file:$profile:ExpansionMod\Quests\Objectives\Action\15-Medic.json
SCRIPT       : [ExpansionQuestObjectiveActionConfig] Load existing configuration file:$profile:ExpansionMod\Quests\Objectives\Action\16-Medic.json
SCRIPT       : [ExpansionQuestObjectiveActionConfig] Load existing configuration file:$profile:ExpansionMod\Quests\Objectives\Action\17-Medic.json
SCRIPT       : [ExpansionQuestObjectiveActionConfig] Load existing configuration file:$profile:ExpansionMod\Quests\Objectives\Action\18-Horticulture.json
SCRIPT       : [ExpansionQuestObjectiveActionConfig] Load existing configuration file:$profile:ExpansionMod\Quests\Objectives\Action\19-Horticulture.json
SCRIPT       : [ExpansionQuestObjectiveActionConfig] Load existing configuration file:$profile:ExpansionMod\Quests\Objectives\Action\2-Medic.json
SCRIPT       : [ExpansionQuestObjectiveActionConfig] Load existing configuration file:$profile:ExpansionMod\Quests\Objectives\Action\20-Horticulture.json
SCRIPT       : [ExpansionQuestObjectiveActionConfig] Load existing configuration file:$profile:ExpansionMod\Quests\Objectives\Action\21-Horticulture.json
SCRIPT       : [ExpansionQuestObjectiveActionConfig] Load existing configuration file:$profile:ExpansionMod\Quests\Objectives\Action\22-Horticulture.json
SCRIPT       : [ExpansionQuestObjectiveActionConfig] Load existing configuration file:$profile:ExpansionMod\Quests\Objectives\Action\23-Horticulture.json
SCRIPT       : [ExpansionQuestObjectiveActionConfig] Load existing configuration file:$profile:ExpansionMod\Quests\Objectives\Action\24-Horticulture.json
SCRIPT       : [ExpansionQuestObjectiveActionConfig] Load existing configuration file:$profile:ExpansionMod\Quests\Objectives\Action\3-Medic.json
SCRIPT       : [ExpansionQuestObjectiveActionConfig] Load existing configuration file:$profile:ExpansionMod\Quests\Objectives\Action\4-Medic.json
SCRIPT       : [ExpansionQuestObjectiveActionConfig] Load existing configuration file:$profile:ExpansionMod\Quests\Objectives\Action\5-Medic.json
SCRIPT       : [ExpansionQuestObjectiveActionConfig] Load existing configuration file:$profile:ExpansionMod\Quests\Objectives\Action\6-Medic.json
SCRIPT       : [ExpansionQuestObjectiveActionConfig] Load existing configuration file:$profile:ExpansionMod\Quests\Objectives\Action\7-Medic.json
SCRIPT       : [ExpansionQuestObjectiveActionConfig] Load existing configuration file:$profile:ExpansionMod\Quests\Objectives\Action\8-Medic.json
SCRIPT       : [ExpansionQuestObjectiveActionConfig] Load existing configuration file:$profile:ExpansionMod\Quests\Objectives\Action\9-Medic.json
SCRIPT       : [ExpansionQuestObjectiveActionConfig] Load existing configuration file:$profile:ExpansionMod\Quests\Objectives\Action\Objective_A_1.json
SCRIPT       : [ExpansionQuestObjectiveActionConfig] Load existing configuration file:$profile:ExpansionMod\Quests\Objectives\Action\Objective_A_2.json
SCRIPT       : [ExpansionQuestObjectiveCraftingConfig] Load existing configuration file:$profile:ExpansionMod\Quests\Objectives\Crafting\1-Crafting-FishingRod.json
SCRIPT       : [ExpansionQuestObjectiveCraftingConfig] Load existing configuration file:$profile:ExpansionMod\Quests\Objectives\Crafting\Objective_CR_1.json
SCRIPT       : [ExpansionQuestObjectiveAIPatrolConfig] Load existing configuration file:$profile:ExpansionMod\Quests\Objectives\AIPatrol\Objective_AIP_1.json
SCRIPT       : [ExpansionQuestObjectiveAICampConfig] Load existing configuration file:$profile:ExpansionMod\Quests\Objectives\AICamp\Objective_AIC_1.json
SCRIPT       : [ExpansionQuestObjectiveAIEscortConfig] Load existing configuration file:$profile:ExpansionMod\Quests\Objectives\AIVIP\1-VIP.json
SCRIPT       : [ExpansionQuestObjectiveAIEscortConfig] Load existing configuration file:$profile:ExpansionMod\Quests\Objectives\AIVIP\2-VIP.json
SCRIPT       : [ExpansionQuestObjectiveAIEscortConfig] Load existing configuration file:$profile:ExpansionMod\Quests\Objectives\AIVIP\Objective_AIESCORT_1.json
SCRIPT       : [ExpansionQuestNPCData] Load existing configuration file:QuestNPC_Board_3.json
SCRIPT       : [ExpansionQuestNPCData] Load existing configuration file:QuestNPC_Peter_1.json
SCRIPT       : [ExpansionQuestNPCData] Load existing configuration file:QuestNPC_Steve_2.json
SCRIPT       : [EditorLoader] File found: $mission:\EditorFiles\TraderStorage.dze
SCRIPT       : [EditorLoader] Loaded files in 0s
SCRIPT       : [EditorLoader] 6 total objects created
SCRIPT       : [EditorLoader] 0 total objects deleted
SCRIPT       : [EditorLoader] Deleted & Created all objects in 0.022s
SCRIPT       : ExpansionMarketItem marketItem = ExpansionMarketItem<7c991570>
SCRIPT       : int worth =   1
SCRIPT       : 19:40:37.898 [EXPANSION DEBUG]: ExpansionP2PTraderAIIrena<65ee6270>::SetP2PTraderID - ID: 1
SCRIPT       : ExpansionZonePolygon<5c8c7a40> position=<12015.854492, 0.000000, 12591.097656> radius=419.633
SCRIPT       : ExpansionZoneCircle<65a202e0> position=<1143.140015, 0.000000, 2423.270020> radius=400
SCRIPT       : ExpansionZoneCircle<65a1f7a0> position=<3728.270020, 0.000000, 6003.600098> radius=400
SCRIPT       : Found 3 zones!
SCRIPT       : 19:40:37.953 [EXPANSION DEBUG]: ExpansionQuestNPCAIDenis<66ed4800>::OnEnterSafeZone
SCRIPT       : bool m_Expansion_LeavingSafeZone = 0
SCRIPT       : bool m_Expansion_IsInSafeZone = 0
SCRIPT       : bool m_Expansion_IsInSafeZoneSynchRemote = 0
SCRIPT       : 19:40:37.953 [EXPANSION DEBUG]: ExpansionP2PTraderAIIrena<65ee6270>::OnEnterSafeZone
SCRIPT       : bool m_Expansion_LeavingSafeZone = 0
SCRIPT       : bool m_Expansion_IsInSafeZone = 0
SCRIPT       : bool m_Expansion_IsInSafeZoneSynchRemote = 0
SCRIPT       : 19:40:38.515 [EXPANSION DEBUG]: ExpansionItemSpawnHelper::Clone - created M16A2:035713 at location { type=HANDS item=M16A2:035692 parent=ExpansionQuestNPCAIDenis:045 }
SCRIPT       : 19:40:38.515 [EXPANSION DEBUG]: ExpansionItemSpawnHelper::Clone - created Mag_STANAG_30Rnd:035714 at location { type=ATTACHMENT item=null parent=M16A2:035713 slot=magazine }
SCRIPT       : [emote] ExpansionQuestNPCAIDenis:045 play emote id=46 IH=M16A2:035713
SCRIPT       : [emote] ExpansionP2PTraderAIIrena:044 play emote id=46 IH=null
SCRIPT       : [emote] ExpansionQuestNPCAIElias:046 play emote id=14 IH=Glock19:035704
SCRIPT       : 19:41:15.156 [EXPANSION DEBUG]: ExpansionHardlineModule<b8821960> ::LoadPlayerData - Loaded player hardline data for player Blorpus9000[3I2KPiMwtNrbRzLe964-q3OrI2Ligr9LBcsFxmVIl3Q=]
SCRIPT       : ---- PlayerBase OnStoreLoad SUCCESS ----
SCRIPT       : 19:41:29.226 [EXPANSION DEBUG]: SurvivorBase<800069c0>::OnEnterSafeZone
SCRIPT       : bool m_Expansion_LeavingSafeZone = 0
SCRIPT       : bool m_Expansion_IsInSafeZone = 0
SCRIPT       : bool m_Expansion_IsInSafeZoneSynchRemote = 0
SCRIPT       : [EditorLoader] Sent Deleted objects in 0s
SCRIPT       : 19:41:29.226 [EXPANSION DEBUG]: ExpansionPartyData<da3ffa20>::OnJoin party Blorpus (ID 0) player Blorpus9000 (ID 3I2KPiMwtNrbRzLe964-q3OrI2Ligr9LBcsFxmVIl3Q=)
SCRIPT       : 19:41:29.257 [EXPANSION DEBUG]: ExpansionQuestModule<bb5abe20> Sending 60 quest configs to client with UID: 3I2KPiMwtNrbRzLe964-q3OrI2Ligr9LBcsFxmVIl3Q=
SCRIPT       : 19:41:29.257 [EXPANSION DEBUG]: ExpansionQuestModule<bb5abe20> Sending player quest data for 28 quests to player with UID: 3I2KPiMwtNrbRzLe964-q3OrI2Ligr9LBcsFxmVIl3Q=
SCRIPT       : 19:41:29.632 [EXPANSION DEBUG]: ExpansionItemSpawnHelper::Clone - created M16A2:035758 at location { type=HANDS item=M16A2:035747 parent=eAI_SurvivorM_Manua:050 }
SCRIPT       : 19:41:29.640 [EXPANSION DEBUG]: ExpansionItemSpawnHelper::Clone - created Mag_STANAG_30Rnd:035759 at location { type=ATTACHMENT item=null parent=M16A2:035758 slot=magazine }
SCRIPT       : 19:41:29.718 [EXPANSION DEBUG]: ExpansionItemSpawnHelper::Clone - created Scout:035748 at location { type=HANDS item=Scout:035734 parent=eAI_SurvivorM_Niki:049 }
SCRIPT       : 19:41:29.718 [EXPANSION DEBUG]: ExpansionItemSpawnHelper::Clone - created Mag_Scout_5Rnd:035747 at location { type=ATTACHMENT item=null parent=Scout:035748 slot=magazine }
SCRIPT       : 19:41:29.757 [EXPANSION DEBUG]: ExpansionItemSpawnHelper::Clone - created Aug:035735 at location { type=HANDS item=Aug:035721 parent=eAI_SurvivorF_Eva:048 }
SCRIPT       : 19:41:29.757 [EXPANSION DEBUG]: ExpansionItemSpawnHelper::Clone - created Mag_Aug_30Rnd:035734 at location { type=ATTACHMENT item=null parent=Aug:035735 slot=magazine }
SCRIPT       : 19:41:34.078 [EXPANSION DEBUG]: ExpansionItemSpawnHelper::Clone - created AugShort:035799 at location { type=HANDS item=AugShort:035771 parent=eAI_SurvivorM_Cyril:052 }
SCRIPT       : 19:41:34.078 [EXPANSION DEBUG]: ExpansionItemSpawnHelper::Clone - created Mag_Aug_30Rnd:035800 at location { type=ATTACHMENT item=null parent=AugShort:035799 slot=magazine }
SCRIPT       : 19:41:34.078 [EXPANSION DEBUG]: ExpansionItemSpawnHelper::Clone - created AugOptic:035801 at location { type=ATTACHMENT item=null parent=AugShort:035799 slot=weaponOpticsAug }
SCRIPT       : 19:41:34.085 [EXPANSION DEBUG]: ExpansionItemSpawnHelper::Clone - created FAMAS:035772 at location { type=HANDS item=FAMAS:035785 parent=eAI_SurvivorF_Irena:053 }
SCRIPT       : 19:41:34.093 [EXPANSION DEBUG]: ExpansionItemSpawnHelper::Clone - created Mag_FAMAS_25Rnd:035771 at location { type=ATTACHMENT item=null parent=FAMAS:035772 slot=magazine }
SCRIPT       : 19:41:34.179 [EXPANSION DEBUG]: ExpansionItemSpawnHelper::Clone - created AugShort:035798 at location { type=HANDS item=AugShort:035723 parent=eAI_SurvivorM_Lewis:051 }
SCRIPT       : 19:41:34.179 [EXPANSION DEBUG]: ExpansionItemSpawnHelper::Clone - created Mag_Aug_30Rnd:035785 at location { type=ATTACHMENT item=null parent=AugShort:035798 slot=magazine }
SCRIPT       : 19:41:34.179 [EXPANSION DEBUG]: ExpansionItemSpawnHelper::Clone - created AugOptic:035786 at location { type=ATTACHMENT item=null parent=AugShort:035798 slot=weaponOpticsAug }
SCRIPT       : 19:41:41.460 [EXPANSION DEBUG]: ExpansionQuestModule<bb5abe20> Quest configs already synched for player with UID: 3I2KPiMwtNrbRzLe964-q3OrI2Ligr9LBcsFxmVIl3Q=
SCRIPT       : 19:41:41.460 [EXPANSION DEBUG]: ExpansionQuestModule<bb5abe20> Sending player quest data for quest ID 4 to player with UID: 3I2KPiMwtNrbRzLe964-q3OrI2Ligr9LBcsFxmVIl3Q=
SCRIPT       : JMCameraModule::RPC_Leave - timestamp 137.313
SCRIPT       : JMCameraModule::Server_Leave - target SurvivorBase<800069c0>
SCRIPT       : JMCameraModule::Server_Leave - spectated player NULL
SCRIPT       : 19:42:39.117 [EXPANSION DEBUG]: ExpansionQuestModule<bb5abe20> Quest configs already synched for player with UID: 3I2KPiMwtNrbRzLe964-q3OrI2Ligr9LBcsFxmVIl3Q=
SCRIPT       : 19:42:39.117 [EXPANSION DEBUG]: ExpansionQuestModule<bb5abe20> Sending player quest data for quest ID 4 to player with UID: 3I2KPiMwtNrbRzLe964-q3OrI2Ligr9LBcsFxmVIl3Q=
SCRIPT       : [inv] ReplaceItemWithNewLambdaBase Step B) remove OK, loc={ type=GROUND item=UndergroundStash:010494 pos=(3143.35, 365.776, 6942.04) dir=(0, 0, 0, 1) }
SCRIPT       : 19:45:11.484 [EXPANSION DEBUG]: ExpansionQuestModule<bb5abe20> Quest configs already synched for player with UID: 3I2KPiMwtNrbRzLe964-q3OrI2Ligr9LBcsFxmVIl3Q=
SCRIPT       : 19:45:11.484 [EXPANSION DEBUG]: ExpansionQuestModule<bb5abe20> Sending player quest data for quest ID 4 to player with UID: 3I2KPiMwtNrbRzLe964-q3OrI2Ligr9LBcsFxmVIl3Q=
SCRIPT       : 19:45:11.484 [EXPANSION DEBUG]: ExpansionQuestModule<bb5abe20> Quest configs already synched for player with UID: 3I2KPiMwtNrbRzLe964-q3OrI2Ligr9LBcsFxmVIl3Q=
SCRIPT       : 19:45:11.484 [EXPANSION DEBUG]: ExpansionQuestModule<bb5abe20> Sending player quest data for quest ID 4 to player with UID: 3I2KPiMwtNrbRzLe964-q3OrI2Ligr9LBcsFxmVIl3Q=
SCRIPT       : 19:45:35.304 [EXPANSION DEBUG]: SurvivorBase<800069c0>::OnEnterSafeZone
SCRIPT       : bool m_Expansion_LeavingSafeZone = 0
SCRIPT       : bool m_Expansion_IsInSafeZone = 0
SCRIPT       : bool m_Expansion_IsInSafeZoneSynchRemote = 0
SCRIPT       : JMCameraModule::RPC_Leave - timestamp 337.892
SCRIPT       : JMCameraModule::Server_Leave - target SurvivorBase<800069c0>
SCRIPT       : JMCameraModule::Server_Leave - spectated player NULL
SCRIPT       : 19:45:38.742 [EXPANSION DEBUG]: [ExpansionMissionEventAirdrop] Adjusted container weights:
SCRIPT       : 19:45:38.742 [EXPANSION DEBUG]: ExpansionAirdropContainer 146
SCRIPT       : 19:45:38.742 [EXPANSION DEBUG]: ExpansionAirdropContainer_Medical 151
SCRIPT       : 19:45:38.742 [EXPANSION DEBUG]: ExpansionAirdropContainer_Basebuilding 156
SCRIPT       : 19:45:38.742 [EXPANSION DEBUG]: ExpansionAirdropContainer_Military 161
SCRIPT       : 19:45:38.742 [EXPANSION DEBUG]: ExpansionAirdropPlane::GetSpawnPoint - drop position <6128.000000, 0.000000, 2497.000000> - map is chernarusplus - size 15360 - center <7100.000000, 300.000000, 7750.000000>
SCRIPT       : 19:45:38.742 [EXPANSION DEBUG]: ExpansionAirdropPlane::GetSpawnPoint - selected spawn point <15154.369141, 668.809326, 15360.000000>
SCRIPT       : JMCameraModule::RPC_Leave - timestamp 341.947
SCRIPT       : JMCameraModule::Server_Leave - target SurvivorBase<800069c0>
SCRIPT       : JMCameraModule::Server_Leave - spectated player NULL
SCRIPT       : [Logout]: New player 3I2KPiMwtNrbRzLe964-q3OrI2Ligr9LBcsFxmVIl3Q= with logout time 3
SCRIPT       : [emote] SurvivorM_Guo:047 play emote id=14 IH=null
SCRIPT       : 19:47:14.460 [EXPANSION DEBUG]: ExpansionPartyData<da3ffa20>::OnLeave party Blorpus (ID 0) player Blorpus9000 (ID 3I2KPiMwtNrbRzLe964-q3OrI2Ligr9LBcsFxmVIl3Q=)
SCRIPT       : 19:47:14.460 [EXPANSION DEBUG]: ExpansionQuestPersistentData<83cfa770> ~ExpansionQuestPersistentData (29)
SCRIPT       : [Logout]: Player 3I2KPiMwtNrbRzLe964-q3OrI2Ligr9LBcsFxmVIl3Q= finished
