---------------------------------------------
Log C:\Program Files (x86)\Steam\steamapps\common\DayZServerAug2\config\script_2023-08-13_13-25-01.log started at 13.08. 13:25:01

SCRIPT       : Registered 397 temporary action enum(s), UAN==397
SCRIPT       : Registering faction type eAIFactionShamans ID -1484989417
SCRIPT       : Registering faction type eAIFactionObservers ID -563736721
SCRIPT       : Registering faction type eAIFactionInvincibleObservers ID -1227299746
SCRIPT       : Registering faction type eAIFactionEast ID 90522109
SCRIPT       : Registering faction type eAIFactionGuards ID 963933710
SCRIPT       : Registering faction type eAIFactionRaiders ID 1535276022
SCRIPT       : Registering faction type eAIFactionMercenaries ID 1629891834
SCRIPT       : Registering faction type eAIFactionWest ID 113880155
SCRIPT       : Registering faction type eAIFactionCivilian ID 1096178351
SCRIPT       : Registering faction type eAIFactionPassive ID -1159399789
SCRIPT       : Registering faction type eAIFactionInvincibleGuards ID 782746017
SCRIPT       : ... Backlit Effects Enabled
SCRIPT       : 13:25:02 [EXPANSION LOG]: DayZGame<1a2b4130> Start time (local time) 2023-08-13 13:24:58
SCRIPT       : 13:25:02 [EXPANSION LOG]: DayZGame<1a2b4130> Start time (UTC) 2023-08-13 18:24:58
SCRIPT       : 13:25:02 [EXPANSION LOG]: DayZGame<1a2b4130> Runtime since start (seconds) 4.552
SCRIPT    (W): @"JM/COT/Scripts/4_World/communityonlinetools\classes\webhook\jmwebhookdiscordmessage.c,19": Possible variable name conflict 'username'
SCRIPT    (W): @"JM/COT/Scripts/4_World/communityonlinetools\classes\webhook\jmwebhookdiscordmessage.c,19": Possible variable name conflict 'avatar_url'
SCRIPT    (W): @"JM/COT/Scripts/4_World/communityonlinetools\classes\webhook\jmwebhookdiscordmessage.c,19": Possible variable name conflict 'content'
SCRIPT    (W): @"JM/COT/Scripts/4_World/communityonlinetools\classes\webhook\jmwebhookdiscordmessage.c,151": Possible variable name conflict 'url'
SCRIPT    (W): @"JM/COT/Scripts/4_World/communityonlinetools\classes\webhook\jmwebhookdiscordmessage.c,172": Possible variable name conflict 'url'
SCRIPT    (W): @"JM/COT/Scripts/4_World/communityonlinetools\classes\webhook\jmwebhookdiscordmessage.c,180": Possible variable name conflict 'url'
SCRIPT       : 13:25:16.300 [EXPANSION DEBUG]: [ExpansionDebugSettings] Load existing setting file:$profile:ExpansionMod\Settings\DebugSettings.json
SCRIPT       : 13:25:16.300 [EXPANSION DEBUG]: [ExpansionLogSettings] Load existing setting file:$profile:ExpansionMod\Settings\LogsSettings.json
SCRIPT       : 13:25:16.312 [EXPANSION DEBUG]: [ExpansionNotificationSettings] Load existing setting file:$profile:ExpansionMod\Settings\NotificationSettings.json
SCRIPT       : 13:25:16.312 [EXPANSION DEBUG]: [ExpansionMonitoringSettings] Load existing setting file:$profile:ExpansionMod\Settings\MonitoringSettings.json
SCRIPT       : 13:25:16.312 [EXPANSION DEBUG]: [ExpansionDamageSystemSettings] Load existing setting file:$profile:ExpansionMod\Settings\DamageSystemSettings.json
SCRIPT       : 13:25:16.312 [EXPANSION DEBUG]: [ExpansionPartySettings] Load existing setting file:$profile:ExpansionMod\Settings\PartySettings.json
SCRIPT       : 13:25:16.312 [EXPANSION DEBUG]: [ExpansionHardlineSettings] Load existing setting file:$mission:expansion\settings\HardlineSettings.json
SCRIPT       : 13:25:16.316 [EXPANSION DEBUG]: [ExpansionMarketSettings] Load existing setting file:$mission:expansion\settings\MarketSettings.json
SCRIPT       : ExpansionMarketSettings::LoadCategories - Adding category ID 1 (Ammo)
SCRIPT       : ExpansionMarketSettings::LoadCategories - Adding category ID 2 (Ammo_Boxes)
SCRIPT       : ExpansionMarketSettings::LoadCategories - Adding category ID 3 (Armbands)
SCRIPT       : ExpansionMarketSettings::LoadCategories - Adding category ID 4 (Assault_Rifles)
SCRIPT       : ExpansionMarketSettings::LoadCategories - Adding category ID 5 (Backpacks)
SCRIPT       : ExpansionMarketSettings::LoadCategories - Adding category ID 6 (Bandanas)
SCRIPT       : ExpansionMarketSettings::LoadCategories - Adding category ID 7 (Batteries)
SCRIPT       : ExpansionMarketSettings::LoadCategories - Adding category ID 8 (Bayonets)
SCRIPT       : ExpansionMarketSettings::LoadCategories - Adding category ID 9 (Belts)
SCRIPT       : ExpansionMarketSettings::LoadCategories - Adding category ID 10 (Blouses_And_Suits)
SCRIPT       : ExpansionMarketSettings::LoadCategories - Adding category ID 11 (Boats)
SCRIPT       : ExpansionMarketSettings::LoadCategories - Adding category ID 12 (Boots_And_Shoes)
SCRIPT       : ExpansionMarketSettings::LoadCategories - Adding category ID 13 (Buttstocks)
SCRIPT       : ExpansionMarketSettings::LoadCategories - Adding category ID 14 (Caps)
SCRIPT       : ExpansionMarketSettings::LoadCategories - Adding category ID 15 (Cars)
SCRIPT       : ExpansionMarketSettings::LoadCategories - Adding category ID 16 (Coats_And_Jackets)
SCRIPT       : ExpansionMarketSettings::LoadCategories - Adding category ID 17 (Containers)
SCRIPT       : ExpansionMarketSettings::LoadCategories - Adding category ID 18 (Crossbows)
SCRIPT       : ExpansionMarketSettings::LoadCategories - Adding category ID 19 (Drinks)
SCRIPT       : ExpansionMarketSettings::LoadCategories - Adding category ID 20 (Electronics)
SCRIPT       : ExpansionMarketSettings::LoadCategories - Adding category ID 21 (Event)
SCRIPT       : ExpansionMarketSettings::LoadCategories - Adding category ID 22 (Exchange)
SCRIPT       : ExpansionMarketSettings::LoadCategories - Adding category ID 23 (Explosives_And_Grenades)
SCRIPT       : ExpansionMarketSettings::LoadCategories - Adding category ID 24 (Eyewear)
SCRIPT       : ExpansionMarketSettings::LoadCategories - Adding category ID 25 (Fish)
SCRIPT       : ExpansionMarketSettings::LoadCategories - Adding category ID 26 (Fishing)
SCRIPT       : ExpansionMarketSettings::LoadCategories - Adding category ID 27 (Flags)
SCRIPT       : ExpansionMarketSettings::LoadCategories - Adding category ID 28 (Food)
SCRIPT       : ExpansionMarketSettings::LoadCategories - Adding category ID 29 (Fruit_And_Vegetables)
SCRIPT       : ExpansionMarketSettings::LoadCategories - Adding category ID 30 (Furnishings)
SCRIPT       : ExpansionMarketSettings::LoadCategories - Adding category ID 31 (Gardening)
SCRIPT       : ExpansionMarketSettings::LoadCategories - Adding category ID 32 (Ghillies)
SCRIPT       : ExpansionMarketSettings::LoadCategories - Adding category ID 33 (Gloves)
SCRIPT       : ExpansionMarketSettings::LoadCategories - Adding category ID 34 (Handguards)
SCRIPT       : ExpansionMarketSettings::LoadCategories - Adding category ID 35 (Hats_And_Hoods)
SCRIPT       : ExpansionMarketSettings::LoadCategories - Adding category ID 36 (Helicopters)
SCRIPT       : ExpansionMarketSettings::LoadCategories - Adding category ID 37 (Helmets)
SCRIPT       : ExpansionMarketSettings::LoadCategories - Adding category ID 38 (Holsters_And_Pouches)
SCRIPT       : ExpansionMarketSettings::LoadCategories - Adding category ID 39 (Kits)
SCRIPT       : ExpansionMarketSettings::LoadCategories - Adding category ID 40 (Knifes)
SCRIPT       : ExpansionMarketSettings::LoadCategories - Adding category ID 41 (Launchers)
SCRIPT       : ExpansionMarketSettings::LoadCategories - Adding category ID 42 (Lights)
SCRIPT       : ExpansionMarketSettings::LoadCategories - Adding category ID 43 (Liquids)
SCRIPT       : ExpansionMarketSettings::LoadCategories - Adding category ID 44 (Locks)
SCRIPT       : ExpansionMarketSettings::LoadCategories - Adding category ID 45 (Magazines)
SCRIPT       : ExpansionMarketSettings::LoadCategories - Adding category ID 46 (Masks)
SCRIPT       : ExpansionMarketSettings::LoadCategories - Adding category ID 47 (Meat)
SCRIPT       : ExpansionMarketSettings::LoadCategories - Adding category ID 48 (Medical)
SCRIPT       : ExpansionMarketSettings::LoadCategories - Adding category ID 49 (Melee_Weapons)
SCRIPT       : ExpansionMarketSettings::LoadCategories - Adding category ID 50 (Muzzles)
SCRIPT       : ExpansionMarketSettings::LoadCategories - Adding category ID 51 (Navigation)
SCRIPT       : ExpansionMarketSettings::LoadCategories - Adding category ID 52 (Optics)
SCRIPT       : ExpansionMarketSettings::LoadCategories - Adding category ID 53 (Pants_And_Shorts)
SCRIPT       : ExpansionMarketSettings::LoadCategories - Adding category ID 54 (Pistols)
SCRIPT       : ExpansionMarketSettings::LoadCategories - Adding category ID 55 (Rifles)
SCRIPT       : ExpansionMarketSettings::LoadCategories - Adding category ID 56 (Shirts_And_TShirts)
SCRIPT       : ExpansionMarketSettings::LoadCategories - Adding category ID 57 (Shotguns)
SCRIPT       : ExpansionMarketSettings::LoadCategories - Adding category ID 58 (Skirts_And_Dresses)
SCRIPT       : ExpansionMarketSettings::LoadCategories - Adding category ID 59 (Sniper_Rifles)
SCRIPT       : ExpansionMarketSettings::LoadCategories - Adding category ID 60 (Spraycans)
SCRIPT       : ExpansionMarketSettings::LoadCategories - Adding category ID 61 (Submachine_Guns)
SCRIPT       : ExpansionMarketSettings::LoadCategories - Adding category ID 62 (Supplies)
SCRIPT       : ExpansionMarketSettings::LoadCategories - Adding category ID 63 (Sweaters_And_Hoodies)
SCRIPT       : ExpansionMarketSettings::LoadCategories - Adding category ID 64 (Tents)
SCRIPT       : ExpansionMarketSettings::LoadCategories - Adding category ID 65 (Tools)
SCRIPT       : ExpansionMarketSettings::LoadCategories - Adding category ID 66 (Vehicle_Parts)
SCRIPT       : ExpansionMarketSettings::LoadCategories - Adding category ID 67 (Vests)
SCRIPT       : 13:25:16.433 [EXPANSION DEBUG]: [ExpansionAirdropSettings] Load existing setting file:$profile:ExpansionMod\Settings\AirdropSettings.json
SCRIPT       : 13:25:16.554 [EXPANSION DEBUG]: [ExpansionMissionSettings] Load existing setting file:$profile:ExpansionMod\Settings\MissionSettings.json
SCRIPT       : 13:25:16.554 [EXPANSION DEBUG]: [ExpansionMapSettings] Load existing setting file:$mission:expansion\settings\MapSettings.json
SCRIPT       : 13:25:16.566 [EXPANSION DEBUG]: [ExpansionPersonalStorageNewSettings] Load existing setting file:$profile:ExpansionMod\Settings\PersonalStorageNewSettings.json
SCRIPT       : 13:25:16.566 [EXPANSION DEBUG]: [ExpansionGeneralSettings] Load existing setting file:$profile:ExpansionMod\Settings\GeneralSettings.json
SCRIPT       : 13:25:16.570 [EXPANSION DEBUG]: [ExpansionPlayerListSettings] Load existing setting file:$profile:ExpansionMod\Settings\PlayerListSettings.json
SCRIPT       : 13:25:16.570 [EXPANSION DEBUG]: [ExpansionSocialMediaSettings] Load existing setting file:$profile:ExpansionMod\Settings\SocialMediaSettings.json
SCRIPT       : 13:25:16.570 [EXPANSION DEBUG]: [ExpansionSpawnSettings] Load existing setting file:$mission:expansion\settings\SpawnSettings.json
SCRIPT       : 13:25:16.570 [EXPANSION DEBUG]: [ExpansionVehicleSettings] Load existing setting file:$profile:ExpansionMod\Settings\VehicleSettings.json
SCRIPT       : 13:25:16.570 [EXPANSION DEBUG]: [ExpansionAISettings] Load existing setting file:$profile:ExpansionMod\Settings\AISettings.json
SCRIPT       : 13:25:16.570 [EXPANSION DEBUG]: [ExpansionAIPatrolSettings] Load existing setting file:$mission:expansion\settings\AIPatrolSettings.json
SCRIPT       : 13:25:16.578 [EXPANSION DEBUG]: [ExpansionBaseBuildingSettings] Load existing setting file:$mission:expansion\settings\BaseBuildingSettings.json
SCRIPT       : 13:25:16.578 [EXPANSION DEBUG]: [ExpansionRaidSettings] Load existing setting file:$profile:ExpansionMod\Settings\RaidSettings.json
SCRIPT       : 13:25:16.578 [EXPANSION DEBUG]: [ExpansionTerritorySettings] Load existing setting file:$profile:ExpansionMod\Settings\TerritorySettings.json
SCRIPT       : 13:25:16.582 [EXPANSION DEBUG]: [ExpansionChatSettings] Load existing setting file:$profile:ExpansionMod\Settings\ChatSettings.json
SCRIPT    (E): JSON ERROR dolphin/DayZ-Expansion-AI-Dynamic/Scripts/5_Mission/modules\expansionrespawnhandlermodule.c:12
SCRIPT    (E): 
JSON ERROR:
Reading variable: data
Expecting instance
Reading variable: Point
Expecting array
At index 2, Expecting instance
Reading variable: Spatial_MinCount
Expecting int
Cannot convert to int

Function: 'Error'
Stack trace:
scripts/1_Core/proto\endebug.c:92
scripts/3_Game/tools\jsonfileloader.c:29
dolphin/DayZ-Expansion-AI-Dynamic/Scripts/3_Game/settings\spatialsettings.c:51
dolphin/DayZ-Expansion-AI-Dynamic/Scripts/3_Game/settings\spatialsettings.c:414
dolphin/DayZ-Expansion-AI-Dynamic/Scripts/5_Mission/modules\spatialai.c:24
dolphin/DayZ-Expansion-AI-Dynamic/Scripts/5_Mission/modules\expansionrespawnhandlermodule.c:12
SCRIPT       : Expansion version: 1.8.21
SCRIPT       : [DefineTest] EXPANSIONMOD is defined
SCRIPT       : [DefineTest] EXPANSIONMODAI is defined
SCRIPT       : [DefineTest] EXPANSIONMODANIMATIONS is defined
SCRIPT       : [DefineTest] EXPANSIONMODBASEBUILDING is defined
SCRIPT       : [DefineTest] EXPANSIONMODBOOK is defined
SCRIPT       : [DefineTest] EXPANSIONMODCHAT is defined
SCRIPT       : [DefineTest] EXPANSIONMODCORE is defined
SCRIPT       : [DefineTest] EXPANSIONMODGARAGE is defined
SCRIPT       : [DefineTest] EXPANSIONMODGROUPS is defined
SCRIPT       : [DefineTest] EXPANSIONMODHARDLINE is defined
SCRIPT       : [DefineTest] EXPANSIONMODKILLFEED is defined
SCRIPT       : [DefineTest] EXPANSIONMODMAPASSETS is defined
SCRIPT       : [DefineTest] EXPANSIONMODMARKET is defined
SCRIPT       : [DefineTest] EXPANSIONMODMISSIONS is defined
SCRIPT       : [DefineTest] EXPANSIONMODNAMETAGS is defined
SCRIPT       : [DefineTest] EXPANSIONMODNAVIGATION is defined
SCRIPT       : [DefineTest] EXPANSIONMODP2PMARKET is defined
SCRIPT       : [DefineTest] EXPANSIONMODPERSONALSTORAGE is defined
SCRIPT       : [DefineTest] EXPANSIONMODQUESTS is defined
SCRIPT       : [DefineTest] EXPANSIONMODSPAWNSELECTION is defined
SCRIPT       : [DefineTest] EXPANSIONMODVEHICLE is defined
SCRIPT       : [DefineTest] EXPANSIONMODWEAPONS is defined
SCRIPT       : [DefineTest] CfgMods:
SCRIPT       : defaultAction
SCRIPT       : DayZ
SCRIPT       : DZ_Expansion_AI_Preload
SCRIPT       : DZ_Expansion_Animations_Preload
SCRIPT       : DZ_Expansion_BaseBuilding_Preload
SCRIPT       : DZ_Expansion_Book_Preload
SCRIPT       : DZ_Expansion_Chat_Preload
SCRIPT       : DZ_Expansion_Core_Preload
SCRIPT       : DZ_Expansion_Garage_Preload
SCRIPT       : DZ_Expansion_Groups_Preload
SCRIPT       : DZ_Expansion_Hardline_Preload
SCRIPT       : DZ_Expansion_KillFeed_Preload
SCRIPT       : DZ_Expansion_MapAssets_Preload
SCRIPT       : DZ_Expansion_Market_Preload
SCRIPT       : DZ_Expansion_Missions_Preload
SCRIPT       : DZ_Expansion_ModStorage_Preload
SCRIPT       : DZ_Expansion_NameTags_Preload
SCRIPT       : DZ_Expansion_Navigation_Preload
SCRIPT       : DZ_Expansion_P2PMarket_Preload
SCRIPT       : DZ_Expansion_PersonalStorage_Preload
SCRIPT       : DZ_Expansion_Preload
SCRIPT       : DZ_Expansion_Quests_Preload
SCRIPT       : DZ_Expansion_SpawnSelection_Preload
SCRIPT       : DZ_Expansion_Vehicles_Preload
SCRIPT       : DZ_Expansion_Weapons_Preload
SCRIPT       : DZ_DabsFramework
SCRIPT       : DZ_Expansion_DefineTest
SCRIPT       : DZ_Expansion_MapAssets
SCRIPT       : bliss
SCRIPT       : JM_CommunityFramework
SCRIPT       : JM_CommunityOnlineTools
SCRIPT       : PvZmoD_CustomisableZombies
SCRIPT       : BoostZombiesVisionAddon
SCRIPT       : DZ_Editor_Loader
SCRIPT       : DZ_Expansion_ModStorage
SCRIPT       : DZ_Expansion_Core
SCRIPT       : DZ_Expansion_Garage
SCRIPT       : DZ_Expansion_Groups
SCRIPT       : DZ_Expansion_Market
SCRIPT       : DZ_Expansion_Missions
SCRIPT       : DZ_Expansion_NameTags
SCRIPT       : DZ_Expansion_Navigation
SCRIPT       : DZ_Expansion_NotificationScheduler
SCRIPT       : DZ_Expansion_P2PMarket
SCRIPT       : DZ_Expansion_PersonalStorage
SCRIPT       : DZ_Expansion_PersonalStorageNew
SCRIPT       : DZ_Expansion_PlayerList
SCRIPT       : DZ_Expansion
SCRIPT       : DZ_Expansion_SpawnSelection
SCRIPT       : DZ_Expansion_VanillaFixes
SCRIPT       : DZ_Expansion_Vehicles
SCRIPT       : DZ_Expansion_Weapons
SCRIPT       : jpc_vest
SCRIPT       : DZ_Expansion_AI
SCRIPT       : DZ_Expansion_BaseBuilding
SCRIPT       : DZ_Expansion_Book
SCRIPT       : DZ_Expansion_Chat
SCRIPT       : DZ_Expansion_Hardline
SCRIPT       : DZ_Expansion_Quests
SCRIPT       : DZ_Expansion_VirtualContainerStorage
SCRIPT       : DayZ_Expansion_AI_Dynamic
SCRIPT    (E): JSON ERROR $CurrentDir:mpmissions\Expansion.chernarusplus\init.c:99
SCRIPT    (E): 
JSON ERROR:
Reading variable: data
Expecting instance
Reading variable: Point
Expecting array
At index 2, Expecting instance
Reading variable: Spatial_MinCount
Expecting int
Cannot convert to int

Function: 'Error'
Stack trace:
scripts/1_Core/proto\endebug.c:92
scripts/3_Game/tools\jsonfileloader.c:29
dolphin/DayZ-Expansion-AI-Dynamic/Scripts/3_Game/settings\spatialsettings.c:51
dolphin/DayZ-Expansion-AI-Dynamic/Scripts/3_Game/settings\spatialsettings.c:20
dolphin/DayZ-Expansion-AI-Dynamic/Scripts/5_Mission/mission\missionserver.c:15
$CurrentDir:mpmissions\Expansion.chernarusplus\init.c:99
SCRIPT       : 13:25:17.085 [EXPANSION DEBUG]: ModStorage v5
SCRIPT       : 13:25:19.898 [EXPANSION DEBUG]: ExpansionTraderJudy<8b4e8010>::SetTraderObject ExpansionTraderObjectBase<4a07ad00> <4973.928711, 9.510984, 2436.782959>
SCRIPT       : 13:25:19.898 [EXPANSION DEBUG]: LoadMissionTradersFile trader ExpansionTraderJudy<8b4e8010> fileName Aircraft
SCRIPT       : 13:25:19.910 [EXPANSION DEBUG]: ExpansionTraderJose<df71a020>::SetTraderObject ExpansionTraderObjectBase<4a335420> <14353.624023, 3.326771, 13229.217773>
SCRIPT       : 13:25:19.910 [EXPANSION DEBUG]: LoadMissionTradersFile trader ExpansionTraderJose<df71a020> fileName Boats
SCRIPT       : 13:25:19.914 [EXPANSION DEBUG]: ExpansionTraderEva<53fb2020>::SetTraderObject ExpansionTraderObjectBase<53f42fd0> <14378.793945, 3.325975, 13271.585938>
SCRIPT       : 13:25:19.914 [EXPANSION DEBUG]: LoadMissionTradersFile trader ExpansionTraderEva<53fb2020> fileName Fishing
SCRIPT       : 13:25:19.921 [EXPANSION DEBUG]: ExpansionTraderLewis<fa468010>::SetTraderObject ExpansionTraderObjectBase<53ff2750> <1756.656372, 1.415564, 2027.359741>
SCRIPT       : 13:25:19.921 [EXPANSION DEBUG]: LoadMissionTradersFile trader ExpansionTraderLewis<fa468010> fileName Boats
SCRIPT       : 13:25:19.925 [EXPANSION DEBUG]: LoadMissionTradersFile trader ExpansionTraderStaticBase<2fb5d640> fileName Exchange
SCRIPT       : 13:25:19.941 [EXPANSION DEBUG]: ExpansionTraderDenis<98448010>::SetTraderObject ExpansionTraderObjectBase<5406cc00> <3697.249512, 402.010010, 5977.625488>
SCRIPT       : 13:25:19.941 [EXPANSION DEBUG]: LoadMissionTradersFile trader ExpansionTraderDenis<98448010> fileName Clothing
SCRIPT       : 13:25:19.960 [EXPANSION DEBUG]: ExpansionTraderMaria<54190020>::SetTraderObject ExpansionTraderObjectBase<541dcef0> <3696.455811, 402.010010, 5980.193359>
SCRIPT       : 13:25:19.960 [EXPANSION DEBUG]: LoadMissionTradersFile trader ExpansionTraderMaria<54190020> fileName Clothing_Accessories
SCRIPT       : 13:25:19.972 [EXPANSION DEBUG]: ExpansionTraderQuinn<a6d676b0>::SetTraderObject ExpansionTraderObjectBase<542c9820> <3710.121826, 402.010010, 5976.164063>
SCRIPT       : 13:25:19.972 [EXPANSION DEBUG]: LoadMissionTradersFile trader ExpansionTraderQuinn<a6d676b0> fileName Consumables
SCRIPT       : 13:25:19.988 [EXPANSION DEBUG]: ExpansionTraderNaomi<543d5020>::SetTraderObject ExpansionTraderObjectBase<54427940> <3708.786865, 402.010010, 5974.589844>
SCRIPT       : 13:25:19.988 [EXPANSION DEBUG]: LoadMissionTradersFile trader ExpansionTraderNaomi<543d5020> fileName Weapons
SCRIPT       : 13:25:20.007 [EXPANSION DEBUG]: ExpansionTraderSeth<f4d4b40>::SetTraderObject ExpansionTraderObjectBase<54541010> <3710.265137, 402.010010, 5973.340820>
SCRIPT       : 13:25:20.007 [EXPANSION DEBUG]: LoadMissionTradersFile trader ExpansionTraderSeth<f4d4b40> fileName Attachments
SCRIPT       : 13:25:20.015 [EXPANSION DEBUG]: ExpansionTraderRolf<f4d8950>::SetTraderObject ExpansionTraderObjectBase<547728e0> <3698.172607, 402.010010, 5995.337402>
SCRIPT       : 13:25:20.015 [EXPANSION DEBUG]: LoadMissionTradersFile trader ExpansionTraderRolf<f4d8950> fileName Vehicles
SCRIPT       : 13:25:20.035 [EXPANSION DEBUG]: ExpansionTraderIndar<f4dc760>::SetTraderObject ExpansionTraderObjectBase<54870aa0> <3714.531006, 402.138000, 5961.776367>
SCRIPT       : 13:25:20.035 [EXPANSION DEBUG]: LoadMissionTradersFile trader ExpansionTraderIndar<f4dc760> fileName Components
SCRIPT       : 13:25:20.039 [EXPANSION DEBUG]: ExpansionTraderJudy<f4e0570>::SetTraderObject ExpansionTraderObjectBase<54984ce0> <3729.029541, 402.651001, 5969.476563>
SCRIPT       : 13:25:20.039 [EXPANSION DEBUG]: LoadMissionTradersFile trader ExpansionTraderJudy<f4e0570> fileName Medicals
SCRIPT       : 13:25:20.042 [EXPANSION DEBUG]: ExpansionTraderNaomi<f4e4380>::SetTraderObject ExpansionTraderObjectBase<5498a140> <3690.062988, 402.100067, 6006.763672>
SCRIPT       : 13:25:20.042 [EXPANSION DEBUG]: LoadMissionTradersFile trader ExpansionTraderNaomi<f4e4380> fileName Vehicle_Parts
SCRIPT       : 13:25:20.050 [EXPANSION DEBUG]: ExpansionTraderJose<549f8c80>::SetTraderObject ExpansionTraderObjectBase<5498f140> <3699.629883, 402.010010, 5993.970215>
SCRIPT       : 13:25:20.050 [EXPANSION DEBUG]: LoadMissionTradersFile trader ExpansionTraderJose<549f8c80> fileName Spraycans
SCRIPT       : 13:25:20.058 [EXPANSION DEBUG]: ExpansionTraderLinda<549fca90>::SetTraderObject ExpansionTraderObjectBase<54ac8e40> <3674.669922, 406.760010, 5990.390137>
SCRIPT       : 13:25:20.058 [EXPANSION DEBUG]: LoadMissionTradersFile trader ExpansionTraderLinda<549fca90> fileName Special
SCRIPT       : 13:25:20.066 [EXPANSION DEBUG]: ExpansionTraderNiki<54a008a0>::SetTraderObject ExpansionTraderObjectBase<54cd3940> <3699.030029, 402.013000, 5973.439941>
SCRIPT       : 13:25:20.066 [EXPANSION DEBUG]: LoadMissionTradersFile trader ExpansionTraderNiki<54a008a0> fileName BuildingSupplies
SCRIPT       : 13:25:20.074 [EXPANSION DEBUG]: ExpansionTraderFrancis<54a046b0>::SetTraderObject ExpansionTraderObjectBase<54d71200> <1153.964844, 6.463035, 2409.763184>
SCRIPT       : 13:25:20.074 [EXPANSION DEBUG]: LoadMissionTradersFile trader ExpansionTraderFrancis<54a046b0> fileName Attachments
SCRIPT       : 13:25:20.082 [EXPANSION DEBUG]: ExpansionTraderKaito<549f1060>::SetTraderObject ExpansionTraderObjectBase<54e4ce20> <1117.021240, 5.495151, 2413.766357>
SCRIPT       : 13:25:20.082 [EXPANSION DEBUG]: LoadMissionTradersFile trader ExpansionTraderKaito<549f1060> fileName Components
SCRIPT       : 13:25:20.089 [EXPANSION DEBUG]: ExpansionTraderCyril<54a0c2d0>::SetTraderObject ExpansionTraderObjectBase<597a0c50> <1136.987427, 5.908522, 2439.662598>
SCRIPT       : 13:25:20.089 [EXPANSION DEBUG]: LoadMissionTradersFile trader ExpansionTraderCyril<54a0c2d0> fileName Clothing
SCRIPT       : 13:25:20.101 [EXPANSION DEBUG]: ExpansionTraderGuo<54a084c0>::SetTraderObject ExpansionTraderObjectBase<59841ec0> <1133.974854, 5.909700, 2442.412598>
SCRIPT       : 13:25:20.101 [EXPANSION DEBUG]: LoadMissionTradersFile trader ExpansionTraderGuo<54a084c0> fileName Clothing_Accessories
SCRIPT       : 13:25:20.105 [EXPANSION DEBUG]: ExpansionTraderBoris<54a100e0>::SetTraderObject ExpansionTraderObjectBase<5985cd10> <1123.468262, 15.349299, 2426.316162>
SCRIPT       : 13:25:20.105 [EXPANSION DEBUG]: LoadMissionTradersFile trader ExpansionTraderBoris<54a100e0> fileName Exchange
SCRIPT       : 13:25:20.109 [EXPANSION DEBUG]: ExpansionTraderLinda<549f4e70>::SetTraderObject ExpansionTraderObjectBase<59942580> <1135.892822, 5.908773, 2436.856689>
SCRIPT       : 13:25:20.109 [EXPANSION DEBUG]: LoadMissionTradersFile trader ExpansionTraderLinda<549f4e70> fileName Consumables
SCRIPT       : 13:25:20.113 [EXPANSION DEBUG]: ExpansionTraderKeiko<54a1bb10>::SetTraderObject ExpansionTraderObjectBase<5995e4b0> <1130.731689, 5.951744, 2438.009277>
SCRIPT       : 13:25:20.113 [EXPANSION DEBUG]: LoadMissionTradersFile trader ExpansionTraderKeiko<54a1bb10> fileName Medicals
SCRIPT       : 13:25:20.121 [EXPANSION DEBUG]: ExpansionTraderHelga<54a23730>::SetTraderObject ExpansionTraderObjectBase<59a50190> <1141.654419, 5.906255, 2421.591309>
SCRIPT       : 13:25:20.121 [EXPANSION DEBUG]: LoadMissionTradersFile trader ExpansionTraderHelga<54a23730> fileName Special
SCRIPT       : 13:25:20.128 [EXPANSION DEBUG]: ExpansionTraderFrida<54a13ef0>::SetTraderObject ExpansionTraderObjectBase<59b83cb0> <1120.135132, 5.600746, 2417.465820>
SCRIPT       : 13:25:20.128 [EXPANSION DEBUG]: LoadMissionTradersFile trader ExpansionTraderFrida<54a13ef0> fileName Vehicles
SCRIPT       : 13:25:20.136 [EXPANSION DEBUG]: ExpansionTraderHassan<54a1f920>::SetTraderObject ExpansionTraderObjectBase<59bfd210> <1123.977905, 5.639271, 2417.411865>
SCRIPT       : 13:25:20.136 [EXPANSION DEBUG]: LoadMissionTradersFile trader ExpansionTraderHassan<54a1f920> fileName Vehicle_Parts
SCRIPT       : 13:25:20.140 [EXPANSION DEBUG]: ExpansionTraderDenis<54a2b350>::SetTraderObject ExpansionTraderObjectBase<59c01270> <1156.719727, 6.513331, 2406.355225>
SCRIPT       : 13:25:20.140 [EXPANSION DEBUG]: LoadMissionTradersFile trader ExpansionTraderDenis<54a2b350> fileName Weapons
SCRIPT       : 13:25:20.144 [EXPANSION DEBUG]: ExpansionTraderGabi<54a17d00>::SetTraderObject ExpansionTraderObjectBase<59db2bc0> <1135.689941, 5.900000, 2423.300049>
SCRIPT       : 13:25:20.148 [EXPANSION DEBUG]: LoadMissionTradersFile trader ExpansionTraderGabi<54a17d00> fileName BuildingSupplies
SCRIPT       : 13:25:20.148 [EXPANSION DEBUG]: ExpansionTraderFrancis<54a27540>::SetTraderObject ExpansionTraderObjectBase<59db6270> <11835.901367, 140.617874, 12474.744141>
SCRIPT       : 13:25:20.148 [EXPANSION DEBUG]: LoadMissionTradersFile trader ExpansionTraderFrancis<54a27540> fileName Attachments
SCRIPT       : 13:25:20.152 [EXPANSION DEBUG]: ExpansionTraderLinda<59e518a0>::SetTraderObject ExpansionTraderObjectBase<59dbb450> <11856.716797, 140.565109, 12461.438477>
SCRIPT       : 13:25:20.152 [EXPANSION DEBUG]: LoadMissionTradersFile trader ExpansionTraderLinda<59e518a0> fileName Consumables
SCRIPT       : 13:25:20.156 [EXPANSION DEBUG]: ExpansionTraderCyril<59e42060>::SetTraderObject ExpansionTraderObjectBase<3d186c60> <11855.000000, 140.605103, 12466.099609>
SCRIPT       : 13:25:20.156 [EXPANSION DEBUG]: LoadMissionTradersFile trader ExpansionTraderCyril<59e42060> fileName Clothing
SCRIPT       : 13:25:20.160 [EXPANSION DEBUG]: ExpansionTraderGuo<59e4da90>::SetTraderObject ExpansionTraderObjectBase<3d18bc60> <11855.200195, 140.605103, 12470.487305>
SCRIPT       : 13:25:20.160 [EXPANSION DEBUG]: LoadMissionTradersFile trader ExpansionTraderGuo<59e4da90> fileName Clothing_Accessories
SCRIPT       : 13:25:20.160 [EXPANSION DEBUG]: ExpansionTraderKaito<59e5d2d0>::SetTraderObject ExpansionTraderObjectBase<3d191890> <11849.400391, 140.605087, 12466.200195>
SCRIPT       : 13:25:20.160 [EXPANSION DEBUG]: LoadMissionTradersFile trader ExpansionTraderKaito<59e5d2d0> fileName Components
SCRIPT       : 13:25:20.164 [EXPANSION DEBUG]: ExpansionTraderBoris<59e610e0>::SetTraderObject ExpansionTraderObjectBase<3d195f30> <11858.202148, 140.615112, 12463.234375>
SCRIPT       : 13:25:20.164 [EXPANSION DEBUG]: LoadMissionTradersFile trader ExpansionTraderBoris<59e610e0> fileName Exchange
SCRIPT       : 13:25:20.164 [EXPANSION DEBUG]: ExpansionTraderKeiko<59e556b0>::SetTraderObject ExpansionTraderObjectBase<3d19c970> <11853.218750, 140.605087, 12463.277344>
SCRIPT       : 13:25:20.164 [EXPANSION DEBUG]: LoadMissionTradersFile trader ExpansionTraderKeiko<59e556b0> fileName Medicals
SCRIPT       : 13:25:20.167 [EXPANSION DEBUG]: ExpansionTraderGabi<59e594c0>::SetTraderObject ExpansionTraderObjectBase<3d1a1dd0> <11833.200195, 140.605118, 12461.700195>
SCRIPT       : 13:25:20.167 [EXPANSION DEBUG]: LoadMissionTradersFile trader ExpansionTraderGabi<59e594c0> fileName Special
SCRIPT       : 13:25:20.175 [EXPANSION DEBUG]: ExpansionTraderElias<59e45e70>::SetTraderObject ExpansionTraderObjectBase<59ff0740> <11877.799805, 140.134796, 12441.599609>
SCRIPT       : 13:25:20.175 [EXPANSION DEBUG]: LoadMissionTradersFile trader ExpansionTraderElias<59e45e70> fileName Vehicles
SCRIPT       : 13:25:20.175 [EXPANSION DEBUG]: ExpansionTraderHassan<59e64ef0>::SetTraderObject ExpansionTraderObjectBase<59ff5fb0> <11878.674805, 140.134796, 12424.302734>
SCRIPT       : 13:25:20.179 [EXPANSION DEBUG]: LoadMissionTradersFile trader ExpansionTraderHassan<59e64ef0> fileName Vehicle_Parts
SCRIPT       : 13:25:20.179 [EXPANSION DEBUG]: ExpansionTraderDenis<59e49c80>::SetTraderObject ExpansionTraderObjectBase<5a0a1e10> <11833.576172, 140.605072, 12469.492188>
SCRIPT       : 13:25:20.179 [EXPANSION DEBUG]: LoadMissionTradersFile trader ExpansionTraderDenis<59e49c80> fileName Weapons
SCRIPT       : 13:25:20.183 [EXPANSION DEBUG]: ExpansionTraderLinda<59e78540>::SetTraderObject ExpansionTraderObjectBase<5a0a73b0> <11852.194336, 140.660980, 12472.387695>
SCRIPT       : 13:25:20.183 [EXPANSION DEBUG]: LoadMissionTradersFile trader ExpansionTraderLinda<59e78540> fileName BuildingSupplies
SCRIPT       : 13:25:20.191 [EXPANSION DEBUG]: ExpansionTraderManua<59e74730>::SetTraderObject ExpansionTraderObjectBase<5a1922f0> <11879.722656, 140.094788, 12435.959961>
SCRIPT       : 13:25:20.191 [EXPANSION DEBUG]: LoadMissionTradersFile trader ExpansionTraderManua<59e74730> fileName Spraycans
SCRIPT       : 13:25:20.199 [EXPANSION DEBUG]: ExpansionTraderIrena<59e6cb10>::SetTraderObject ExpansionTraderObjectBase<5a2216d0> <12160.279297, 140.580765, 12689.783203>
SCRIPT       : 13:25:20.199 [EXPANSION DEBUG]: LoadMissionTradersFile trader ExpansionTraderIrena<59e6cb10> fileName Aircraft
SCRIPT       : [ExpansionQuestPersistentServerData] Load existing configuration file:$profile:ExpansionMod\Quests\PersistentServerData.json
SCRIPT       : [ExpansionQuestPersistentServerData] Load existing configuration file:$profile:ExpansionMod\Quests\PersistentServerData.json
SCRIPT       : [ExpansionQuestObjectiveTravelConfig] Load existing configuration file:$profile:ExpansionMod\Quests\Objectives\Travel\Objective_T_1.json
SCRIPT       : [ExpansionQuestObjectiveTravelConfig] Load existing configuration file:$profile:ExpansionMod\Quests\Objectives\Travel\Objective_T_2.json
SCRIPT       : [ExpansionQuestObjectiveTravelConfig] Load existing configuration file:$profile:ExpansionMod\Quests\Objectives\Travel\Objective_T_3.json
SCRIPT       : [ExpansionQuestObjectiveTravelConfig] Load existing configuration file:$profile:ExpansionMod\Quests\Objectives\Travel\Objective_T_4.json
SCRIPT       : [ExpansionQuestObjectiveTargetConfig] Load existing configuration file:$profile:ExpansionMod\Quests\Objectives\Target\Objective_TA_1.json
SCRIPT       : [ExpansionQuestObjectiveTargetConfig] Load existing configuration file:$profile:ExpansionMod\Quests\Objectives\Target\Objective_TA_2.json
SCRIPT       : [ExpansionQuestObjectiveTargetConfig] Load existing configuration file:$profile:ExpansionMod\Quests\Objectives\Target\Objective_TA_3.json
SCRIPT       : [ExpansionQuestObjectiveTargetConfig] Load existing configuration file:$profile:ExpansionMod\Quests\Objectives\Target\Objective_TA_4.json
SCRIPT       : [ExpansionQuestObjectiveDeliveryConfig] Load existing configuration file:$profile:ExpansionMod\Quests\Objectives\Delivery\Objective_D_1.json
SCRIPT       : [ExpansionQuestObjectiveDeliveryConfig] Load existing configuration file:$profile:ExpansionMod\Quests\Objectives\Delivery\Objective_D_2.json
SCRIPT       : [ExpansionQuestObjectiveCollectionConfig] Load existing configuration file:$profile:ExpansionMod\Quests\Objectives\Collection\1-Collection-Apples.json
SCRIPT       : [ExpansionQuestObjectiveCollectionConfig] Load existing configuration file:$profile:ExpansionMod\Quests\Objectives\Collection\2-Collection-Mackerel.json
SCRIPT       : [ExpansionQuestObjectiveCollectionConfig] Load existing configuration file:$profile:ExpansionMod\Quests\Objectives\Collection\3-Collection-BrownChickens.json
SCRIPT       : [ExpansionQuestObjectiveCollectionConfig] Load existing configuration file:$profile:ExpansionMod\Quests\Objectives\Collection\4-Collection-BearPelt.json
SCRIPT       : [ExpansionQuestObjectiveCollectionConfig] Load existing configuration file:$profile:ExpansionMod\Quests\Objectives\Collection\5-Collection-DeerPelt.json
SCRIPT       : [ExpansionQuestObjectiveCollectionConfig] Load existing configuration file:$profile:ExpansionMod\Quests\Objectives\Collection\6-Collection-AgaricusMushroom.json
SCRIPT       : [ExpansionQuestObjectiveCollectionConfig] Load existing configuration file:$profile:ExpansionMod\Quests\Objectives\Collection\Objective_C_1.json
SCRIPT       : [ExpansionQuestObjectiveCollectionConfig] Load existing configuration file:$profile:ExpansionMod\Quests\Objectives\Collection\Objective_C_2.json
SCRIPT       : [ExpansionQuestObjectiveCollectionConfig] Load existing configuration file:$profile:ExpansionMod\Quests\Objectives\Collection\Objective_C_3.json
SCRIPT       : [ExpansionQuestObjectiveTreasureHuntConfig] Load existing configuration file:$profile:ExpansionMod\Quests\Objectives\TreasureHunt\Objective_TH_1.json
SCRIPT       : [ExpansionQuestObjectiveActionConfig] Load existing configuration file:$profile:ExpansionMod\Quests\Objectives\Action\1-Medic.json
SCRIPT       : [ExpansionQuestObjectiveActionConfig] Load existing configuration file:$profile:ExpansionMod\Quests\Objectives\Action\10-Medic.json
SCRIPT       : [ExpansionQuestObjectiveActionConfig] Load existing configuration file:$profile:ExpansionMod\Quests\Objectives\Action\11-Medic.json
SCRIPT       : [ExpansionQuestObjectiveActionConfig] Load existing configuration file:$profile:ExpansionMod\Quests\Objectives\Action\12-Medic.json
SCRIPT       : [ExpansionQuestObjectiveActionConfig] Load existing configuration file:$profile:ExpansionMod\Quests\Objectives\Action\13-Medic.json
SCRIPT       : [ExpansionQuestObjectiveActionConfig] Load existing configuration file:$profile:ExpansionMod\Quests\Objectives\Action\14-Medic.json
SCRIPT       : [ExpansionQuestObjectiveActionConfig] Load existing configuration file:$profile:ExpansionMod\Quests\Objectives\Action\15-Medic.json
SCRIPT       : [ExpansionQuestObjectiveActionConfig] Load existing configuration file:$profile:ExpansionMod\Quests\Objectives\Action\16-Medic.json
SCRIPT       : [ExpansionQuestObjectiveActionConfig] Load existing configuration file:$profile:ExpansionMod\Quests\Objectives\Action\17-Medic.json
SCRIPT       : [ExpansionQuestObjectiveActionConfig] Load existing configuration file:$profile:ExpansionMod\Quests\Objectives\Action\18-Horticulture.json
SCRIPT       : [ExpansionQuestObjectiveActionConfig] Load existing configuration file:$profile:ExpansionMod\Quests\Objectives\Action\19-Horticulture.json
SCRIPT       : [ExpansionQuestObjectiveActionConfig] Load existing configuration file:$profile:ExpansionMod\Quests\Objectives\Action\2-Medic.json
SCRIPT       : [ExpansionQuestObjectiveActionConfig] Load existing configuration file:$profile:ExpansionMod\Quests\Objectives\Action\20-Horticulture.json
SCRIPT       : [ExpansionQuestObjectiveActionConfig] Load existing configuration file:$profile:ExpansionMod\Quests\Objectives\Action\21-Horticulture.json
SCRIPT       : [ExpansionQuestObjectiveActionConfig] Load existing configuration file:$profile:ExpansionMod\Quests\Objectives\Action\22-Horticulture.json
SCRIPT       : [ExpansionQuestObjectiveActionConfig] Load existing configuration file:$profile:ExpansionMod\Quests\Objectives\Action\23-Horticulture.json
SCRIPT       : [ExpansionQuestObjectiveActionConfig] Load existing configuration file:$profile:ExpansionMod\Quests\Objectives\Action\24-Horticulture.json
SCRIPT       : [ExpansionQuestObjectiveActionConfig] Load existing configuration file:$profile:ExpansionMod\Quests\Objectives\Action\3-Medic.json
SCRIPT       : [ExpansionQuestObjectiveActionConfig] Load existing configuration file:$profile:ExpansionMod\Quests\Objectives\Action\4-Medic.json
SCRIPT       : [ExpansionQuestObjectiveActionConfig] Load existing configuration file:$profile:ExpansionMod\Quests\Objectives\Action\5-Medic.json
SCRIPT       : [ExpansionQuestObjectiveActionConfig] Load existing configuration file:$profile:ExpansionMod\Quests\Objectives\Action\6-Medic.json
SCRIPT       : [ExpansionQuestObjectiveActionConfig] Load existing configuration file:$profile:ExpansionMod\Quests\Objectives\Action\7-Medic.json
SCRIPT       : [ExpansionQuestObjectiveActionConfig] Load existing configuration file:$profile:ExpansionMod\Quests\Objectives\Action\8-Medic.json
SCRIPT       : [ExpansionQuestObjectiveActionConfig] Load existing configuration file:$profile:ExpansionMod\Quests\Objectives\Action\9-Medic.json
SCRIPT       : [ExpansionQuestObjectiveActionConfig] Load existing configuration file:$profile:ExpansionMod\Quests\Objectives\Action\Objective_A_1.json
SCRIPT       : [ExpansionQuestObjectiveActionConfig] Load existing configuration file:$profile:ExpansionMod\Quests\Objectives\Action\Objective_A_2.json
SCRIPT       : [ExpansionQuestObjectiveCraftingConfig] Load existing configuration file:$profile:ExpansionMod\Quests\Objectives\Crafting\1-Crafting-FishingRod.json
SCRIPT       : [ExpansionQuestObjectiveCraftingConfig] Load existing configuration file:$profile:ExpansionMod\Quests\Objectives\Crafting\Objective_CR_1.json
SCRIPT       : [ExpansionQuestObjectiveAIPatrolConfig] Load existing configuration file:$profile:ExpansionMod\Quests\Objectives\AIPatrol\Objective_AIP_1.json
SCRIPT       : [ExpansionQuestObjectiveAICampConfig] Load existing configuration file:$profile:ExpansionMod\Quests\Objectives\AICamp\Objective_AIC_1.json
SCRIPT       : [ExpansionQuestObjectiveAIEscortConfig] Load existing configuration file:$profile:ExpansionMod\Quests\Objectives\AIVIP\1-VIP.json
SCRIPT       : [ExpansionQuestObjectiveAIEscortConfig] Load existing configuration file:$profile:ExpansionMod\Quests\Objectives\AIVIP\2-VIP.json
SCRIPT       : [ExpansionQuestObjectiveAIEscortConfig] Load existing configuration file:$profile:ExpansionMod\Quests\Objectives\AIVIP\Objective_AIESCORT_1.json
SCRIPT       : [ExpansionQuestNPCData] Load existing configuration file:QuestNPC_1.json
SCRIPT       : [ExpansionQuestNPCData] Load existing configuration file:QuestNPC_2.json
SCRIPT       : [ExpansionQuestNPCData] Load existing configuration file:QuestNPC_3.json
SCRIPT       : [ExpansionQuestNPCData] Load existing configuration file:QuestNPC_5.json
SCRIPT       : [EditorLoader] File found: $mission:\EditorFiles\TraderStorage.dze
SCRIPT       : [EditorLoader] Loaded files in 0.001s
SCRIPT       : [EditorLoader] 6 total objects created
SCRIPT       : [EditorLoader] 0 total objects deleted
SCRIPT       : [EditorLoader] Deleted & Created all objects in 0.022s
SCRIPT       : ExpansionMarketItem marketItem = ExpansionMarketItem<358ce530>
SCRIPT       : int worth =   1
SCRIPT       : 13:25:36.078 [EXPANSION DEBUG]: ExpansionP2PTraderAIIrena<dd8b9280>::SetP2PTraderID - ID: 1
SCRIPT       : ExpansionZonePolygon<d05acd40> position=<12015.854492, 0.000000, 12591.097656> radius=419.633
SCRIPT       : ExpansionZoneCircle<dd5af620> position=<1143.140015, 0.000000, 2423.270020> radius=400
SCRIPT       : ExpansionZoneCircle<dd5afe00> position=<3728.270020, 0.000000, 6003.600098> radius=400
SCRIPT       : Found 3 zones!
SCRIPT       : ERROR !!! Unknwon loadout requested (TraderGroup)
SCRIPT       : 13:25:36.117 [EXPANSION DEBUG]: ExpansionQuestNPCAIDenis<df92a020>::OnEnterSafeZone
SCRIPT       : bool m_Expansion_LeavingSafeZone = 0
SCRIPT       : bool m_Expansion_IsInSafeZone = 0
SCRIPT       : bool m_Expansion_IsInSafeZoneSynchRemote = 0
SCRIPT       : 13:25:36.117 [EXPANSION DEBUG]: ExpansionP2PTraderAIIrena<dd8b9280>::OnEnterSafeZone
SCRIPT       : bool m_Expansion_LeavingSafeZone = 0
SCRIPT       : bool m_Expansion_IsInSafeZone = 0
SCRIPT       : bool m_Expansion_IsInSafeZoneSynchRemote = 0
SCRIPT       : [emote] ExpansionQuestNPCAIDenis:044 play emote id=46 IH=null
SCRIPT       : [emote] ExpansionP2PTraderAIIrena:043 play emote id=46 IH=null
SCRIPT       : [emote] ExpansionQuestNPCAIElias:045 play emote id=14 IH=null
SCRIPT       : 13:26:22.109 [EXPANSION DEBUG]: ExpansionHardlineModule<33b4da60> ::LoadPlayerData - Loaded player hardline data for player Blorpus9000[3I2KPiMwtNrbRzLe964-q3OrI2Ligr9LBcsFxmVIl3Q=]
SCRIPT       : ---- PlayerBase OnStoreLoad SUCCESS ----
SCRIPT       : 13:26:38.937 [EXPANSION DEBUG]: SurvivorBase<f4e60980>::OnEnterSafeZone
SCRIPT       : bool m_Expansion_LeavingSafeZone = 0
SCRIPT       : bool m_Expansion_IsInSafeZone = 0
SCRIPT       : bool m_Expansion_IsInSafeZoneSynchRemote = 0
SCRIPT       : [EditorLoader] Sent Deleted objects in 0s
SCRIPT       : 13:26:38.937 [EXPANSION DEBUG]: ExpansionPartyData<49ed7140>::OnJoin party Blorpus (ID 0) player Blorpus9000 (ID 3I2KPiMwtNrbRzLe964-q3OrI2Ligr9LBcsFxmVIl3Q=)
SCRIPT       : 13:26:38.964 [EXPANSION DEBUG]: ExpansionQuestModule<36e88b80> Sending 61 quest configs to client with UID: 3I2KPiMwtNrbRzLe964-q3OrI2Ligr9LBcsFxmVIl3Q=
SCRIPT       : 13:26:38.964 [EXPANSION DEBUG]: ExpansionQuestModule<36e88b80> Sending player quest data for 28 quests to player with UID: 3I2KPiMwtNrbRzLe964-q3OrI2Ligr9LBcsFxmVIl3Q=
SCRIPT       : 13:26:41.972 [EXPANSION DEBUG]: ExpansionItemSpawnHelper::Clone - created Scout:031354 at location { type=HANDS item=Scout:031311 parent=eAI_SurvivorM_Niki:047 }
SCRIPT       : 13:26:41.972 [EXPANSION DEBUG]: ExpansionItemSpawnHelper::Clone - created Mag_Scout_5Rnd:031355 at location { type=ATTACHMENT item=null parent=Scout:031354 slot=magazine }
SCRIPT       : 13:26:42.058 [EXPANSION DEBUG]: ExpansionItemSpawnHelper::Clone - created FAMAS:031312 at location { type=HANDS item=FAMAS:031324 parent=eAI_SurvivorF_Baty:048 }
SCRIPT       : 13:26:42.058 [EXPANSION DEBUG]: ExpansionItemSpawnHelper::Clone - created Mag_FAMAS_25Rnd:031311 at location { type=ATTACHMENT item=null parent=FAMAS:031312 slot=magazine }
SCRIPT       : 13:26:42.097 [EXPANSION DEBUG]: ExpansionItemSpawnHelper::Clone - created AugShort:031325 at location { type=HANDS item=AugShort:031339 parent=eAI_SurvivorF_Eva:049 }
SCRIPT       : 13:26:42.097 [EXPANSION DEBUG]: ExpansionItemSpawnHelper::Clone - created Mag_Aug_30Rnd:031324 at location { type=ATTACHMENT item=null parent=AugShort:031325 slot=magazine }
SCRIPT       : 13:26:42.097 [EXPANSION DEBUG]: ExpansionItemSpawnHelper::Clone - created AugOptic:031356 at location { type=ATTACHMENT item=null parent=AugShort:031325 slot=weaponOpticsAug }
SCRIPT       : 13:26:42.828 [EXPANSION DEBUG]: ExpansionItemSpawnHelper::Clone - created Aug:031406 at location { type=HANDS item=Aug:031366 parent=eAI_SurvivorF_Naomi:050 }
SCRIPT       : 13:26:42.828 [EXPANSION DEBUG]: ExpansionItemSpawnHelper::Clone - created Mag_Aug_30Rnd:031407 at location { type=ATTACHMENT item=null parent=Aug:031406 slot=magazine }
SCRIPT       : 13:26:42.832 [EXPANSION DEBUG]: ExpansionItemSpawnHelper::Clone - created Scout:031367 at location { type=HANDS item=Scout:031392 parent=eAI_SurvivorM_Seth:052 }
SCRIPT       : 13:26:42.835 [EXPANSION DEBUG]: ExpansionItemSpawnHelper::Clone - created Mag_Scout_5Rnd:031366 at location { type=ATTACHMENT item=null parent=Scout:031367 slot=magazine }
SCRIPT       : 13:26:42.882 [EXPANSION DEBUG]: ExpansionItemSpawnHelper::Clone - created M16A2:031393 at location { type=HANDS item=M16A2:031379 parent=eAI_SurvivorF_Baty:051 }
SCRIPT       : 13:26:42.882 [EXPANSION DEBUG]: ExpansionItemSpawnHelper::Clone - created Mag_STANAG_30Rnd:031392 at location { type=ATTACHMENT item=null parent=M16A2:031393 slot=magazine }
SCRIPT       : [Logout]: New player 3I2KPiMwtNrbRzLe964-q3OrI2Ligr9LBcsFxmVIl3Q= with logout time 3
SCRIPT       : [emote] SurvivorM_Quinn:046 play emote id=14 IH=null
SCRIPT       : 13:27:55.480 [EXPANSION DEBUG]: ExpansionPartyData<49ed7140>::OnLeave party Blorpus (ID 0) player Blorpus9000 (ID 3I2KPiMwtNrbRzLe964-q3OrI2Ligr9LBcsFxmVIl3Q=)
SCRIPT       : 13:27:55.484 [EXPANSION DEBUG]: ExpansionQuestPersistentData<ff2c9f00> ~ExpansionQuestPersistentData (28)
SCRIPT       : [Logout]: Player 3I2KPiMwtNrbRzLe964-q3OrI2Ligr9LBcsFxmVIl3Q= finished
