---------------------------------------------
Log C:\Program Files (x86)\Steam\steamapps\common\DayZServerAug2\config\script_2023-08-17_14-25-07.log started at 17.08. 14:25:07

SCRIPT       : Registered 397 temporary action enum(s), UAN==397
SCRIPT       : Registering faction type eAIFactionShamans ID -1484989417
SCRIPT       : Registering faction type eAIFactionObservers ID -563736721
SCRIPT       : Registering faction type eAIFactionInvincibleObservers ID -1227299746
SCRIPT       : Registering faction type eAIFactionEast ID 90522109
SCRIPT       : Registering faction type eAIFactionGuards ID 963933710
SCRIPT       : Registering faction type eAIFactionRaiders ID 1535276022
SCRIPT       : Registering faction type eAIFactionMercenaries ID 1629891834
SCRIPT       : Registering faction type eAIFactionWest ID 113880155
SCRIPT       : Registering faction type eAIFactionCivilian ID 1096178351
SCRIPT       : Registering faction type eAIFactionPassive ID -1159399789
SCRIPT       : Registering faction type eAIFactionInvincibleGuards ID 782746017
SCRIPT       : ... Backlit Effects Enabled
SCRIPT       : 14:25:09 [EXPANSION LOG]: DayZGame<7a7c7260> Start time (local time) 2023-08-17 14:25:02
SCRIPT       : 14:25:09 [EXPANSION LOG]: DayZGame<7a7c7260> Start time (UTC) 2023-08-17 19:25:02
SCRIPT       : 14:25:09 [EXPANSION LOG]: DayZGame<7a7c7260> Runtime since start (seconds) 7.189
SCRIPT    (W): @"JM/COT/Scripts/4_World/communityonlinetools\classes\webhook\jmwebhookdiscordmessage.c,19": Possible variable name conflict 'username'
SCRIPT    (W): @"JM/COT/Scripts/4_World/communityonlinetools\classes\webhook\jmwebhookdiscordmessage.c,19": Possible variable name conflict 'avatar_url'
SCRIPT    (W): @"JM/COT/Scripts/4_World/communityonlinetools\classes\webhook\jmwebhookdiscordmessage.c,19": Possible variable name conflict 'content'
SCRIPT    (W): @"JM/COT/Scripts/4_World/communityonlinetools\classes\webhook\jmwebhookdiscordmessage.c,151": Possible variable name conflict 'url'
SCRIPT    (W): @"JM/COT/Scripts/4_World/communityonlinetools\classes\webhook\jmwebhookdiscordmessage.c,172": Possible variable name conflict 'url'
SCRIPT    (W): @"JM/COT/Scripts/4_World/communityonlinetools\classes\webhook\jmwebhookdiscordmessage.c,180": Possible variable name conflict 'url'
SCRIPT       : 14:25:24.964 [EXPANSION DEBUG]: [ExpansionDebugSettings] Load existing setting file:$profile:ExpansionMod\Settings\DebugSettings.json
SCRIPT       : 14:25:24.968 [EXPANSION DEBUG]: [ExpansionLogSettings] Load existing setting file:$profile:ExpansionMod\Settings\LogsSettings.json
SCRIPT       : 14:25:24.976 [EXPANSION DEBUG]: [ExpansionNotificationSettings] Load existing setting file:$profile:ExpansionMod\Settings\NotificationSettings.json
SCRIPT       : 14:25:24.980 [EXPANSION DEBUG]: [ExpansionMonitoringSettings] Load existing setting file:$profile:ExpansionMod\Settings\MonitoringSettings.json
SCRIPT       : 14:25:24.984 [EXPANSION DEBUG]: [ExpansionDamageSystemSettings] Load existing setting file:$profile:ExpansionMod\Settings\DamageSystemSettings.json
SCRIPT       : 14:25:24.988 [EXPANSION DEBUG]: [ExpansionPartySettings] Load existing setting file:$profile:ExpansionMod\Settings\PartySettings.json
SCRIPT       : 14:25:24.992 [EXPANSION DEBUG]: [ExpansionHardlineSettings] Load existing setting file:$mission:expansion\settings\HardlineSettings.json
SCRIPT       : 14:25:25.000 [EXPANSION DEBUG]: [ExpansionMarketSettings] Load existing setting file:$mission:expansion\settings\MarketSettings.json
SCRIPT       : ExpansionMarketSettings::LoadCategories - Adding category ID 1 (Ammo)
SCRIPT       : ExpansionMarketSettings::LoadCategories - Adding category ID 2 (Ammo_Boxes)
SCRIPT       : ExpansionMarketSettings::LoadCategories - Adding category ID 3 (Armbands)
SCRIPT       : ExpansionMarketSettings::LoadCategories - Adding category ID 4 (Assault_Rifles)
SCRIPT       : ExpansionMarketSettings::LoadCategories - Adding category ID 5 (Backpacks)
SCRIPT       : ExpansionMarketSettings::LoadCategories - Adding category ID 6 (Bandanas)
SCRIPT       : ExpansionMarketSettings::LoadCategories - Adding category ID 7 (Batteries)
SCRIPT       : ExpansionMarketSettings::LoadCategories - Adding category ID 8 (Bayonets)
SCRIPT       : ExpansionMarketSettings::LoadCategories - Adding category ID 9 (Belts)
SCRIPT       : ExpansionMarketSettings::LoadCategories - Adding category ID 10 (Blouses_And_Suits)
SCRIPT       : ExpansionMarketSettings::LoadCategories - Adding category ID 11 (Boats)
SCRIPT       : ExpansionMarketSettings::LoadCategories - Adding category ID 12 (Boots_And_Shoes)
SCRIPT       : ExpansionMarketSettings::LoadCategories - Adding category ID 13 (Buttstocks)
SCRIPT       : ExpansionMarketSettings::LoadCategories - Adding category ID 14 (Caps)
SCRIPT       : ExpansionMarketSettings::LoadCategories - Adding category ID 15 (Cars)
SCRIPT       : ExpansionMarketSettings::LoadCategories - Adding category ID 16 (Coats_And_Jackets)
SCRIPT       : ExpansionMarketSettings::LoadCategories - Adding category ID 17 (Containers)
SCRIPT       : ExpansionMarketSettings::LoadCategories - Adding category ID 18 (Crossbows)
SCRIPT       : ExpansionMarketSettings::LoadCategories - Adding category ID 19 (Drinks)
SCRIPT       : ExpansionMarketSettings::LoadCategories - Adding category ID 20 (Electronics)
SCRIPT       : ExpansionMarketSettings::LoadCategories - Adding category ID 21 (Event)
SCRIPT       : ExpansionMarketSettings::LoadCategories - Adding category ID 22 (Exchange)
SCRIPT       : ExpansionMarketSettings::LoadCategories - Adding category ID 23 (Explosives_And_Grenades)
SCRIPT       : ExpansionMarketSettings::LoadCategories - Adding category ID 24 (Eyewear)
SCRIPT       : ExpansionMarketSettings::LoadCategories - Adding category ID 25 (Fish)
SCRIPT       : ExpansionMarketSettings::LoadCategories - Adding category ID 26 (Fishing)
SCRIPT       : ExpansionMarketSettings::LoadCategories - Adding category ID 27 (Flags)
SCRIPT       : ExpansionMarketSettings::LoadCategories - Adding category ID 28 (Food)
SCRIPT       : ExpansionMarketSettings::LoadCategories - Adding category ID 29 (Fruit_And_Vegetables)
SCRIPT       : ExpansionMarketSettings::LoadCategories - Adding category ID 30 (Furnishings)
SCRIPT       : ExpansionMarketSettings::LoadCategories - Adding category ID 31 (Gardening)
SCRIPT       : ExpansionMarketSettings::LoadCategories - Adding category ID 32 (Ghillies)
SCRIPT       : ExpansionMarketSettings::LoadCategories - Adding category ID 33 (Gloves)
SCRIPT       : ExpansionMarketSettings::LoadCategories - Adding category ID 34 (Handguards)
SCRIPT       : ExpansionMarketSettings::LoadCategories - Adding category ID 35 (Hats_And_Hoods)
SCRIPT       : ExpansionMarketSettings::LoadCategories - Adding category ID 36 (Helicopters)
SCRIPT       : ExpansionMarketSettings::LoadCategories - Adding category ID 37 (Helmets)
SCRIPT       : ExpansionMarketSettings::LoadCategories - Adding category ID 38 (Holsters_And_Pouches)
SCRIPT       : ExpansionMarketSettings::LoadCategories - Adding category ID 39 (Kits)
SCRIPT       : ExpansionMarketSettings::LoadCategories - Adding category ID 40 (Knifes)
SCRIPT       : ExpansionMarketSettings::LoadCategories - Adding category ID 41 (Launchers)
SCRIPT       : ExpansionMarketSettings::LoadCategories - Adding category ID 42 (Lights)
SCRIPT       : ExpansionMarketSettings::LoadCategories - Adding category ID 43 (Liquids)
SCRIPT       : ExpansionMarketSettings::LoadCategories - Adding category ID 44 (Locks)
SCRIPT       : ExpansionMarketSettings::LoadCategories - Adding category ID 45 (Magazines)
SCRIPT       : ExpansionMarketSettings::LoadCategories - Adding category ID 46 (Masks)
SCRIPT       : ExpansionMarketSettings::LoadCategories - Adding category ID 47 (Meat)
SCRIPT       : ExpansionMarketSettings::LoadCategories - Adding category ID 48 (Medical)
SCRIPT       : ExpansionMarketSettings::LoadCategories - Adding category ID 49 (Melee_Weapons)
SCRIPT       : ExpansionMarketSettings::LoadCategories - Adding category ID 50 (MMG_Armored_Helmet_Visor)
SCRIPT       : ExpansionMarketSettings::LoadCategories - Adding category ID 51 (MMG_BackPacks)
SCRIPT       : ExpansionMarketSettings::LoadCategories - Adding category ID 52 (MMG_Belts)
SCRIPT       : ExpansionMarketSettings::LoadCategories - Adding category ID 53 (MMG_Boots)
SCRIPT       : ExpansionMarketSettings::LoadCategories - Adding category ID 54 (MMG_Bottle)
SCRIPT       : ExpansionMarketSettings::LoadCategories - Adding category ID 55 (MMG_Carbine)
SCRIPT       : ExpansionMarketSettings::LoadCategories - Adding category ID 56 (MMG_Chest_Rigs)
SCRIPT       : ExpansionMarketSettings::LoadCategories - Adding category ID 57 (MMG_Facemask)
SCRIPT       : ExpansionMarketSettings::LoadCategories - Adding category ID 58 (MMG_Gloves)
SCRIPT       : ExpansionMarketSettings::LoadCategories - Adding category ID 59 (MMG_Goggles)
SCRIPT       : ExpansionMarketSettings::LoadCategories - Adding category ID 60 (MMG_Headphones)
SCRIPT       : ExpansionMarketSettings::LoadCategories - Adding category ID 61 (MMG_Holsters)
SCRIPT       : ExpansionMarketSettings::LoadCategories - Adding category ID 62 (MMG_NBC)
SCRIPT       : ExpansionMarketSettings::LoadCategories - Adding category ID 63 (MMG_Pants)
SCRIPT       : ExpansionMarketSettings::LoadCategories - Adding category ID 64 (MMG_Patches)
SCRIPT       : ExpansionMarketSettings::LoadCategories - Adding category ID 65 (MMG_Plate_Carriers)
SCRIPT       : ExpansionMarketSettings::LoadCategories - Adding category ID 66 (MMG_Pouches)
SCRIPT       : ExpansionMarketSettings::LoadCategories - Adding category ID 67 (MMG_Shirts)
SCRIPT       : ExpansionMarketSettings::LoadCategories - Adding category ID 68 (MMG_Sniper_Boonie)
SCRIPT       : ExpansionMarketSettings::LoadCategories - Adding category ID 69 (Muzzles)
SCRIPT       : ExpansionMarketSettings::LoadCategories - Adding category ID 70 (Navigation)
SCRIPT       : ExpansionMarketSettings::LoadCategories - Adding category ID 71 (Optics)
SCRIPT       : ExpansionMarketSettings::LoadCategories - Adding category ID 72 (Pants_And_Shorts)
SCRIPT       : ExpansionMarketSettings::LoadCategories - Adding category ID 73 (Pistols)
SCRIPT       : ExpansionMarketSettings::LoadCategories - Adding category ID 74 (Rifles)
SCRIPT       : ExpansionMarketSettings::LoadCategories - Adding category ID 75 (Shirts_And_TShirts)
SCRIPT       : ExpansionMarketSettings::LoadCategories - Adding category ID 76 (Shotguns)
SCRIPT       : ExpansionMarketSettings::LoadCategories - Adding category ID 77 (Skirts_And_Dresses)
SCRIPT       : ExpansionMarketSettings::LoadCategories - Adding category ID 78 (Sniper_Rifles)
SCRIPT       : ExpansionMarketSettings::LoadCategories - Adding category ID 79 (Spraycans)
SCRIPT       : ExpansionMarketSettings::LoadCategories - Adding category ID 80 (Submachine_Guns)
SCRIPT       : ExpansionMarketSettings::LoadCategories - Adding category ID 81 (Supplies)
SCRIPT       : ExpansionMarketSettings::LoadCategories - Adding category ID 82 (Sweaters_And_Hoodies)
SCRIPT       : ExpansionMarketSettings::LoadCategories - Adding category ID 83 (Tents)
SCRIPT       : ExpansionMarketSettings::LoadCategories - Adding category ID 84 (Tools)
SCRIPT       : ExpansionMarketSettings::LoadCategories - Adding category ID 85 (Vehicle_Parts)
SCRIPT       : ExpansionMarketSettings::LoadCategories - Adding category ID 86 (Vests)
SCRIPT       : 14:25:25.433 [EXPANSION DEBUG]: [ExpansionAirdropSettings] Load existing setting file:$profile:ExpansionMod\Settings\AirdropSettings.json
SCRIPT       : 14:25:25.562 [EXPANSION DEBUG]: [ExpansionMissionSettings] Load existing setting file:$profile:ExpansionMod\Settings\MissionSettings.json
SCRIPT       : 14:25:25.570 [EXPANSION DEBUG]: [ExpansionMapSettings] Load existing setting file:$mission:expansion\settings\MapSettings.json
SCRIPT       : 14:25:25.597 [EXPANSION DEBUG]: [ExpansionPersonalStorageNewSettings] Load existing setting file:$profile:ExpansionMod\Settings\PersonalStorageNewSettings.json
SCRIPT       : 14:25:25.597 [EXPANSION DEBUG]: [ExpansionGeneralSettings] Load existing setting file:$profile:ExpansionMod\Settings\GeneralSettings.json
SCRIPT       : 14:25:25.605 [EXPANSION DEBUG]: [ExpansionPlayerListSettings] Load existing setting file:$profile:ExpansionMod\Settings\PlayerListSettings.json
SCRIPT       : 14:25:25.605 [EXPANSION DEBUG]: [ExpansionSocialMediaSettings] Load existing setting file:$profile:ExpansionMod\Settings\SocialMediaSettings.json
SCRIPT       : 14:25:25.609 [EXPANSION DEBUG]: [ExpansionSpawnSettings] Load existing setting file:$mission:expansion\settings\SpawnSettings.json
SCRIPT       : 14:25:25.617 [EXPANSION DEBUG]: [ExpansionVehicleSettings] Load existing setting file:$profile:ExpansionMod\Settings\VehicleSettings.json
SCRIPT       : 14:25:25.621 [EXPANSION DEBUG]: [ExpansionAISettings] Load existing setting file:$profile:ExpansionMod\Settings\AISettings.json
SCRIPT       : 14:25:25.621 [EXPANSION DEBUG]: [ExpansionAIPatrolSettings] Load existing setting file:$mission:expansion\settings\AIPatrolSettings.json
SCRIPT       : 14:25:25.632 [EXPANSION DEBUG]: [ExpansionBaseBuildingSettings] Load existing setting file:$mission:expansion\settings\BaseBuildingSettings.json
SCRIPT       : 14:25:25.636 [EXPANSION DEBUG]: [ExpansionRaidSettings] Load existing setting file:$profile:ExpansionMod\Settings\RaidSettings.json
SCRIPT       : 14:25:25.640 [EXPANSION DEBUG]: [ExpansionTerritorySettings] Load existing setting file:$profile:ExpansionMod\Settings\TerritorySettings.json
SCRIPT       : 14:25:25.648 [EXPANSION DEBUG]: [ExpansionChatSettings] Load existing setting file:$profile:ExpansionMod\Settings\ChatSettings.json
SCRIPT       : Expansion version: 1.8.21
SCRIPT       : [DefineTest] EXPANSIONMOD is defined
SCRIPT       : [DefineTest] EXPANSIONMODAI is defined
SCRIPT       : [DefineTest] EXPANSIONMODANIMATIONS is defined
SCRIPT       : [DefineTest] EXPANSIONMODBASEBUILDING is defined
SCRIPT       : [DefineTest] EXPANSIONMODBOOK is defined
SCRIPT       : [DefineTest] EXPANSIONMODCHAT is defined
SCRIPT       : [DefineTest] EXPANSIONMODCORE is defined
SCRIPT       : [DefineTest] EXPANSIONMODGARAGE is defined
SCRIPT       : [DefineTest] EXPANSIONMODGROUPS is defined
SCRIPT       : [DefineTest] EXPANSIONMODHARDLINE is defined
SCRIPT       : [DefineTest] EXPANSIONMODKILLFEED is defined
SCRIPT       : [DefineTest] EXPANSIONMODMAPASSETS is defined
SCRIPT       : [DefineTest] EXPANSIONMODMARKET is defined
SCRIPT       : [DefineTest] EXPANSIONMODMISSIONS is defined
SCRIPT       : [DefineTest] EXPANSIONMODNAMETAGS is defined
SCRIPT       : [DefineTest] EXPANSIONMODNAVIGATION is defined
SCRIPT       : [DefineTest] EXPANSIONMODP2PMARKET is defined
SCRIPT       : [DefineTest] EXPANSIONMODPERSONALSTORAGE is defined
SCRIPT       : [DefineTest] EXPANSIONMODQUESTS is defined
SCRIPT       : [DefineTest] EXPANSIONMODSPAWNSELECTION is defined
SCRIPT       : [DefineTest] EXPANSIONMODVEHICLE is defined
SCRIPT       : [DefineTest] EXPANSIONMODWEAPONS is defined
SCRIPT       : [DefineTest] CfgMods:
SCRIPT       : defaultAction
SCRIPT       : DayZ
SCRIPT       : DZ_Expansion_AI_Preload
SCRIPT       : DZ_Expansion_Animations_Preload
SCRIPT       : DZ_Expansion_BaseBuilding_Preload
SCRIPT       : DZ_Expansion_Book_Preload
SCRIPT       : DZ_Expansion_Chat_Preload
SCRIPT       : DZ_Expansion_Core_Preload
SCRIPT       : DZ_Expansion_Garage_Preload
SCRIPT       : DZ_Expansion_Groups_Preload
SCRIPT       : DZ_Expansion_Hardline_Preload
SCRIPT       : DZ_Expansion_KillFeed_Preload
SCRIPT       : DZ_Expansion_MapAssets_Preload
SCRIPT       : DZ_Expansion_Market_Preload
SCRIPT       : DZ_Expansion_Missions_Preload
SCRIPT       : DZ_Expansion_ModStorage_Preload
SCRIPT       : DZ_Expansion_NameTags_Preload
SCRIPT       : DZ_Expansion_Navigation_Preload
SCRIPT       : DZ_Expansion_P2PMarket_Preload
SCRIPT       : DZ_Expansion_PersonalStorage_Preload
SCRIPT       : DZ_Expansion_Preload
SCRIPT       : DZ_Expansion_Quests_Preload
SCRIPT       : DZ_Expansion_SpawnSelection_Preload
SCRIPT       : DZ_Expansion_Vehicles_Preload
SCRIPT       : DZ_Expansion_Weapons_Preload
SCRIPT       : DZ_DabsFramework
SCRIPT       : DZ_Expansion_DefineTest
SCRIPT       : DZ_Expansion_MapAssets
SCRIPT       : bliss
SCRIPT       : JM_CommunityFramework
SCRIPT       : JM_CommunityOnlineTools
SCRIPT       : PvZmoD_CustomisableZombies
SCRIPT       : BoostZombiesVisionAddon
SCRIPT       : DZ_Editor_Loader
SCRIPT       : DZ_Expansion_ModStorage
SCRIPT       : DZ_Expansion_Core
SCRIPT       : DZ_Expansion_Garage
SCRIPT       : DZ_Expansion_Groups
SCRIPT       : DZ_Expansion_Market
SCRIPT       : DZ_Expansion_Missions
SCRIPT       : DZ_Expansion_NameTags
SCRIPT       : DZ_Expansion_Navigation
SCRIPT       : DZ_Expansion_NotificationScheduler
SCRIPT       : DZ_Expansion_P2PMarket
SCRIPT       : DZ_Expansion_PersonalStorage
SCRIPT       : DZ_Expansion_PersonalStorageNew
SCRIPT       : DZ_Expansion_PlayerList
SCRIPT       : DZ_Expansion
SCRIPT       : DZ_Expansion_SpawnSelection
SCRIPT       : DZ_Expansion_VanillaFixes
SCRIPT       : DZ_Expansion_Vehicles
SCRIPT       : DZ_Expansion_Weapons
SCRIPT       : jpc_vest
SCRIPT       : DZ_Expansion_AI
SCRIPT       : DZ_Expansion_BaseBuilding
SCRIPT       : DZ_Expansion_Book
SCRIPT       : DZ_Expansion_Chat
SCRIPT       : DZ_Expansion_Hardline
SCRIPT       : DZ_Expansion_Quests
SCRIPT       : DZ_Expansion_VirtualContainerStorage
SCRIPT       : DayZ_Expansion_AI_Dynamic
SCRIPT       : 14:25:26.246 [EXPANSION DEBUG]: ModStorage v5
SCRIPT       : 14:25:29.214 [EXPANSION DEBUG]: ExpansionTraderJudy<ed0ee010>::SetTraderObject ExpansionTraderObjectBase<49abb930> <4973.928711, 9.510984, 2436.782959>
SCRIPT       : 14:25:29.214 [EXPANSION DEBUG]: LoadMissionTradersFile trader ExpansionTraderJudy<ed0ee010> fileName Aircraft
SCRIPT       : 14:25:29.230 [EXPANSION DEBUG]: ExpansionTraderJose<49d40010>::SetTraderObject ExpansionTraderObjectBase<49ceaf00> <14353.624023, 3.326771, 13229.217773>
SCRIPT       : 14:25:29.230 [EXPANSION DEBUG]: LoadMissionTradersFile trader ExpansionTraderJose<49d40010> fileName Boats
SCRIPT       : 14:25:29.238 [EXPANSION DEBUG]: ExpansionTraderEva<6b56afd0>::SetTraderObject ExpansionTraderObjectBase<53e78da0> <14378.793945, 3.325975, 13271.585938>
SCRIPT       : 14:25:29.238 [EXPANSION DEBUG]: LoadMissionTradersFile trader ExpansionTraderEva<6b56afd0> fileName Fishing
SCRIPT       : 14:25:29.250 [EXPANSION DEBUG]: ExpansionTraderLewis<b31ba020>::SetTraderObject ExpansionTraderObjectBase<53f27090> <1756.656372, 1.415564, 2027.359741>
SCRIPT       : 14:25:29.250 [EXPANSION DEBUG]: LoadMissionTradersFile trader ExpansionTraderLewis<b31ba020> fileName Boats
SCRIPT       : 14:25:29.250 [EXPANSION DEBUG]: LoadMissionTradersFile trader ExpansionTraderStaticBase<2e9ac940> fileName Exchange
SCRIPT       : 14:25:29.269 [EXPANSION DEBUG]: ExpansionTraderDenis<a462a010>::SetTraderObject ExpansionTraderObjectBase<53fd16e0> <3697.249512, 402.010010, 5977.625488>
SCRIPT       : 14:25:29.269 [EXPANSION DEBUG]: LoadMissionTradersFile trader ExpansionTraderDenis<a462a010> fileName Clothing
SCRIPT       : 14:25:29.285 [EXPANSION DEBUG]: ExpansionTraderMaria<12a49c80>::SetTraderObject ExpansionTraderObjectBase<5419b180> <3696.455811, 402.010010, 5980.193359>
SCRIPT       : 14:25:29.285 [EXPANSION DEBUG]: LoadMissionTradersFile trader ExpansionTraderMaria<12a49c80> fileName Clothing_Accessories
SCRIPT       : 14:25:29.300 [EXPANSION DEBUG]: ExpansionTraderQuinn<8894020>::SetTraderObject ExpansionTraderObjectBase<54376170> <3710.121826, 402.010010, 5976.164063>
SCRIPT       : 14:25:29.300 [EXPANSION DEBUG]: LoadMissionTradersFile trader ExpansionTraderQuinn<8894020> fileName Consumables
SCRIPT       : 14:25:29.316 [EXPANSION DEBUG]: ExpansionTraderNaomi<dd310020>::SetTraderObject ExpansionTraderObjectBase<544c3a90> <3708.786865, 402.010010, 5974.589844>
SCRIPT       : 14:25:29.316 [EXPANSION DEBUG]: LoadMissionTradersFile trader ExpansionTraderNaomi<dd310020> fileName Weapons
SCRIPT       : 14:25:29.335 [EXPANSION DEBUG]: ExpansionTraderSeth<84e7f10>::SetTraderObject ExpansionTraderObjectBase<5460ad10> <3710.265137, 402.010010, 5973.340820>
SCRIPT       : 14:25:29.335 [EXPANSION DEBUG]: LoadMissionTradersFile trader ExpansionTraderSeth<84e7f10> fileName Attachments
SCRIPT       : 14:25:29.343 [EXPANSION DEBUG]: ExpansionTraderRolf<84ebd20>::SetTraderObject ExpansionTraderObjectBase<54754070> <3698.172607, 402.010010, 5995.337402>
SCRIPT       : 14:25:29.343 [EXPANSION DEBUG]: LoadMissionTradersFile trader ExpansionTraderRolf<84ebd20> fileName Vehicles
SCRIPT       : 14:25:29.363 [EXPANSION DEBUG]: ExpansionTraderIndar<84f3940>::SetTraderObject ExpansionTraderObjectBase<548684f0> <3714.531006, 402.138000, 5961.776367>
SCRIPT       : 14:25:29.363 [EXPANSION DEBUG]: LoadMissionTradersFile trader ExpansionTraderIndar<84f3940> fileName Components
SCRIPT       : 14:25:29.371 [EXPANSION DEBUG]: ExpansionTraderJudy<84f7750>::SetTraderObject ExpansionTraderObjectBase<548742f0> <3729.029541, 402.651001, 5969.476563>
SCRIPT       : 14:25:29.371 [EXPANSION DEBUG]: LoadMissionTradersFile trader ExpansionTraderJudy<84f7750> fileName Medicals
SCRIPT       : 14:25:29.371 [EXPANSION DEBUG]: ExpansionTraderNaomi<84dc4e0>::SetTraderObject ExpansionTraderObjectBase<549aeae0> <3690.062988, 402.100067, 6006.763672>
SCRIPT       : 14:25:29.371 [EXPANSION DEBUG]: LoadMissionTradersFile trader ExpansionTraderNaomi<84dc4e0> fileName Vehicle_Parts
SCRIPT       : 14:25:29.378 [EXPANSION DEBUG]: ExpansionTraderJose<84ff370>::SetTraderObject ExpansionTraderObjectBase<549b27d0> <3699.629883, 402.010010, 5993.970215>
SCRIPT       : 14:25:29.378 [EXPANSION DEBUG]: LoadMissionTradersFile trader ExpansionTraderJose<84ff370> fileName Spraycans
SCRIPT       : 14:25:29.390 [EXPANSION DEBUG]: ExpansionTraderLinda<85167d0>::SetTraderObject ExpansionTraderObjectBase<54adc850> <3674.669922, 406.760010, 5990.390137>
SCRIPT       : 14:25:29.390 [EXPANSION DEBUG]: LoadMissionTradersFile trader ExpansionTraderLinda<85167d0> fileName Special
SCRIPT       : 14:25:29.398 [EXPANSION DEBUG]: ExpansionTraderNiki<84fb560>::SetTraderObject ExpansionTraderObjectBase<54bfee30> <3699.030029, 402.013000, 5973.439941>
SCRIPT       : 14:25:29.398 [EXPANSION DEBUG]: LoadMissionTradersFile trader ExpansionTraderNiki<84fb560> fileName BuildingSupplies
SCRIPT       : 14:25:29.402 [EXPANSION DEBUG]: ExpansionTraderNiki<8503180>::SetTraderObject ExpansionTraderObjectBase<54c053c0> <3697.030029, 402.013000, 5973.439941>
SCRIPT       : 14:25:29.402 [EXPANSION DEBUG]: LoadMissionTradersFile trader ExpansionTraderNiki<8503180> fileName MMG
SCRIPT       : 14:25:29.414 [EXPANSION DEBUG]: ExpansionTraderFrancis<8506f90>::SetTraderObject ExpansionTraderObjectBase<54d481c0> <1153.964844, 6.463035, 2409.763184>
SCRIPT       : 14:25:29.414 [EXPANSION DEBUG]: LoadMissionTradersFile trader ExpansionTraderFrancis<8506f90> fileName Attachments
SCRIPT       : 14:25:29.421 [EXPANSION DEBUG]: ExpansionTraderKaito<850ebb0>::SetTraderObject ExpansionTraderObjectBase<54dddb50> <1117.021240, 5.495151, 2413.766357>
SCRIPT       : 14:25:29.421 [EXPANSION DEBUG]: LoadMissionTradersFile trader ExpansionTraderKaito<850ebb0> fileName Components
SCRIPT       : 14:25:29.429 [EXPANSION DEBUG]: ExpansionTraderCyril<850ada0>::SetTraderObject ExpansionTraderObjectBase<59737e80> <1136.987427, 5.908522, 2439.662598>
SCRIPT       : 14:25:29.429 [EXPANSION DEBUG]: LoadMissionTradersFile trader ExpansionTraderCyril<850ada0> fileName Clothing
SCRIPT       : 14:25:29.437 [EXPANSION DEBUG]: ExpansionTraderGuo<85129c0>::SetTraderObject ExpansionTraderObjectBase<597f9800> <1133.974854, 5.909700, 2442.412598>
SCRIPT       : 14:25:29.437 [EXPANSION DEBUG]: LoadMissionTradersFile trader ExpansionTraderGuo<85129c0> fileName Clothing_Accessories
SCRIPT       : 14:25:29.445 [EXPANSION DEBUG]: ExpansionTraderBoris<59899c90>::SetTraderObject ExpansionTraderObjectBase<59815410> <1123.468262, 15.349299, 2426.316162>
SCRIPT       : 14:25:29.445 [EXPANSION DEBUG]: LoadMissionTradersFile trader ExpansionTraderBoris<59899c90> fileName Exchange
SCRIPT       : 14:25:29.449 [EXPANSION DEBUG]: ExpansionTraderLinda<5989daa0>::SetTraderObject ExpansionTraderObjectBase<5990b440> <1135.892822, 5.908773, 2436.856689>
SCRIPT       : 14:25:29.449 [EXPANSION DEBUG]: LoadMissionTradersFile trader ExpansionTraderLinda<5989daa0> fileName Consumables
SCRIPT       : 14:25:29.457 [EXPANSION DEBUG]: ExpansionTraderKeiko<598a94d0>::SetTraderObject ExpansionTraderObjectBase<59927230> <1130.731689, 5.951744, 2438.009277>
SCRIPT       : 14:25:29.457 [EXPANSION DEBUG]: LoadMissionTradersFile trader ExpansionTraderKeiko<598a94d0> fileName Medicals
SCRIPT       : 14:25:29.464 [EXPANSION DEBUG]: ExpansionTraderHelga<59892070>::SetTraderObject ExpansionTraderObjectBase<599e5fa0> <1141.654419, 5.906255, 2421.591309>
SCRIPT       : 14:25:29.464 [EXPANSION DEBUG]: LoadMissionTradersFile trader ExpansionTraderHelga<59892070> fileName Special
SCRIPT       : 14:25:29.468 [EXPANSION DEBUG]: ExpansionTraderFrida<598b10f0>::SetTraderObject ExpansionTraderObjectBase<59a65ae0> <1120.135132, 5.600746, 2417.465820>
SCRIPT       : 14:25:29.468 [EXPANSION DEBUG]: LoadMissionTradersFile trader ExpansionTraderFrida<598b10f0> fileName Vehicles
SCRIPT       : 14:25:29.480 [EXPANSION DEBUG]: ExpansionTraderHassan<598ad2e0>::SetTraderObject ExpansionTraderObjectBase<59b1f060> <1123.977905, 5.639271, 2417.411865>
SCRIPT       : 14:25:29.480 [EXPANSION DEBUG]: LoadMissionTradersFile trader ExpansionTraderHassan<598ad2e0> fileName Vehicle_Parts
SCRIPT       : 14:25:29.480 [EXPANSION DEBUG]: ExpansionTraderDenis<598a18b0>::SetTraderObject ExpansionTraderObjectBase<59b23b60> <1156.719727, 6.513331, 2406.355225>
SCRIPT       : 14:25:29.480 [EXPANSION DEBUG]: LoadMissionTradersFile trader ExpansionTraderDenis<598a18b0> fileName Weapons
SCRIPT       : 14:25:29.488 [EXPANSION DEBUG]: ExpansionTraderGabi<59895e80>::SetTraderObject ExpansionTraderObjectBase<3d0f4ee0> <1135.689941, 5.900000, 2423.300049>
SCRIPT       : 14:25:29.488 [EXPANSION DEBUG]: LoadMissionTradersFile trader ExpansionTraderGabi<59895e80> fileName BuildingSupplies
SCRIPT       : 14:25:29.496 [EXPANSION DEBUG]: ExpansionTraderFrancis<598a56c0>::SetTraderObject ExpansionTraderObjectBase<3d0f9800> <11835.901367, 140.617874, 12474.744141>
SCRIPT       : 14:25:29.496 [EXPANSION DEBUG]: LoadMissionTradersFile trader ExpansionTraderFrancis<598a56c0> fileName Attachments
SCRIPT       : 14:25:29.496 [EXPANSION DEBUG]: ExpansionTraderLinda<598c0930>::SetTraderObject ExpansionTraderObjectBase<3d0fecb0> <11856.716797, 140.565109, 12461.438477>
SCRIPT       : 14:25:29.496 [EXPANSION DEBUG]: LoadMissionTradersFile trader ExpansionTraderLinda<598c0930> fileName Consumables
SCRIPT       : 14:25:29.500 [EXPANSION DEBUG]: ExpansionTraderCyril<598c4740>::SetTraderObject ExpansionTraderObjectBase<59dd94d0> <11855.000000, 140.605103, 12466.099609>
SCRIPT       : 14:25:29.500 [EXPANSION DEBUG]: LoadMissionTradersFile trader ExpansionTraderCyril<598c4740> fileName Clothing
SCRIPT       : 14:25:29.503 [EXPANSION DEBUG]: ExpansionTraderGuo<598cc360>::SetTraderObject ExpansionTraderObjectBase<59ddeb60> <11855.200195, 140.605103, 12470.487305>
SCRIPT       : 14:25:29.503 [EXPANSION DEBUG]: LoadMissionTradersFile trader ExpansionTraderGuo<598cc360> fileName Clothing_Accessories
SCRIPT       : 14:25:29.507 [EXPANSION DEBUG]: ExpansionTraderKaito<598b4f00>::SetTraderObject ExpansionTraderObjectBase<59de4510> <11849.400391, 140.605087, 12466.200195>
SCRIPT       : 14:25:29.507 [EXPANSION DEBUG]: LoadMissionTradersFile trader ExpansionTraderKaito<598b4f00> fileName Components
SCRIPT       : 14:25:29.507 [EXPANSION DEBUG]: ExpansionTraderBoris<598c8550>::SetTraderObject ExpansionTraderObjectBase<59de95b0> <11858.202148, 140.615112, 12463.234375>
SCRIPT       : 14:25:29.507 [EXPANSION DEBUG]: LoadMissionTradersFile trader ExpansionTraderBoris<598c8550> fileName Exchange
SCRIPT       : 14:25:29.511 [EXPANSION DEBUG]: ExpansionTraderKeiko<598b8d10>::SetTraderObject ExpansionTraderObjectBase<59deeb00> <11853.218750, 140.605087, 12463.277344>
SCRIPT       : 14:25:29.511 [EXPANSION DEBUG]: LoadMissionTradersFile trader ExpansionTraderKeiko<598b8d10> fileName Medicals
SCRIPT       : 14:25:29.515 [EXPANSION DEBUG]: ExpansionTraderGabi<598bcb20>::SetTraderObject ExpansionTraderObjectBase<59df3150> <11833.200195, 140.605118, 12461.700195>
SCRIPT       : 14:25:29.515 [EXPANSION DEBUG]: LoadMissionTradersFile trader ExpansionTraderGabi<598bcb20> fileName Special
SCRIPT       : 14:25:29.519 [EXPANSION DEBUG]: ExpansionTraderElias<59fe54c0>::SetTraderObject ExpansionTraderObjectBase<59f0f140> <11877.799805, 140.134796, 12441.599609>
SCRIPT       : 14:25:29.519 [EXPANSION DEBUG]: LoadMissionTradersFile trader ExpansionTraderElias<59fe54c0> fileName Vehicles
SCRIPT       : 14:25:29.523 [EXPANSION DEBUG]: ExpansionTraderHassan<59fce060>::SetTraderObject ExpansionTraderObjectBase<59f15040> <11878.674805, 140.134796, 12424.302734>
SCRIPT       : 14:25:29.523 [EXPANSION DEBUG]: LoadMissionTradersFile trader ExpansionTraderHassan<59fce060> fileName Vehicle_Parts
SCRIPT       : 14:25:29.527 [EXPANSION DEBUG]: ExpansionTraderDenis<59fd1e70>::SetTraderObject ExpansionTraderObjectBase<5a071b90> <11833.576172, 140.605072, 12469.492188>
SCRIPT       : 14:25:29.527 [EXPANSION DEBUG]: LoadMissionTradersFile trader ExpansionTraderDenis<59fd1e70> fileName Weapons
SCRIPT       : 14:25:29.531 [EXPANSION DEBUG]: ExpansionTraderLinda<59fdd8a0>::SetTraderObject ExpansionTraderObjectBase<5a0774f0> <11852.194336, 140.660980, 12472.387695>
SCRIPT       : 14:25:29.531 [EXPANSION DEBUG]: LoadMissionTradersFile trader ExpansionTraderLinda<59fdd8a0> fileName BuildingSupplies
SCRIPT       : 14:25:29.535 [EXPANSION DEBUG]: ExpansionTraderManua<59ff0ef0>::SetTraderObject ExpansionTraderObjectBase<5a165500> <11879.722656, 140.094788, 12435.959961>
SCRIPT       : 14:25:29.535 [EXPANSION DEBUG]: LoadMissionTradersFile trader ExpansionTraderManua<59ff0ef0> fileName Spraycans
SCRIPT       : 14:25:29.546 [EXPANSION DEBUG]: ExpansionTraderIrena<59fe16b0>::SetTraderObject ExpansionTraderObjectBase<5a1f47a0> <12160.279297, 140.580765, 12689.783203>
SCRIPT       : 14:25:29.546 [EXPANSION DEBUG]: LoadMissionTradersFile trader ExpansionTraderIrena<59fe16b0> fileName Aircraft
SCRIPT       : [ExpansionQuestPersistentServerData] Load existing configuration file:$profile:ExpansionMod\Quests\PersistentServerData.json
SCRIPT       : [ExpansionQuestPersistentServerData] Load existing configuration file:$profile:ExpansionMod\Quests\PersistentServerData.json
SCRIPT       : [ExpansionQuestObjectiveTravelConfig] Load existing configuration file:$profile:ExpansionMod\Quests\Objectives\Travel\Objective_T_1.json
SCRIPT       : [ExpansionQuestObjectiveTravelConfig] Load existing configuration file:$profile:ExpansionMod\Quests\Objectives\Travel\Objective_T_2.json
SCRIPT       : [ExpansionQuestObjectiveTravelConfig] Load existing configuration file:$profile:ExpansionMod\Quests\Objectives\Travel\Objective_T_3.json
SCRIPT       : [ExpansionQuestObjectiveTravelConfig] Load existing configuration file:$profile:ExpansionMod\Quests\Objectives\Travel\Objective_T_4.json
SCRIPT       : [ExpansionQuestObjectiveTargetConfig] Load existing configuration file:$profile:ExpansionMod\Quests\Objectives\Target\Objective_TA_1_kill10sledge.json
SCRIPT       : [ExpansionQuestObjectiveTargetConfig] Load existing configuration file:$profile:ExpansionMod\Quests\Objectives\Target\Objective_TA_2_kill10.json
SCRIPT       : [ExpansionQuestObjectiveTargetConfig] Load existing configuration file:$profile:ExpansionMod\Quests\Objectives\Target\Objective_TA_31_kill_100.json
SCRIPT       : [ExpansionQuestObjectiveTargetConfig] Load existing configuration file:$profile:ExpansionMod\Quests\Objectives\Target\Objective_TA_3_kill50.json
SCRIPT       : [ExpansionQuestObjectiveTargetConfig] Load existing configuration file:$profile:ExpansionMod\Quests\Objectives\Target\Objective_TA_4_killmilitary.json
SCRIPT       : [ExpansionQuestObjectiveDeliveryConfig] Load existing configuration file:$profile:ExpansionMod\Quests\Objectives\Delivery\Objective_D_1.json
SCRIPT       : [ExpansionQuestObjectiveDeliveryConfig] Load existing configuration file:$profile:ExpansionMod\Quests\Objectives\Delivery\Objective_D_2.json
SCRIPT       : [ExpansionQuestObjectiveCollectionConfig] Load existing configuration file:$profile:ExpansionMod\Quests\Objectives\Collection\1-Collection-Apples.json
SCRIPT       : [ExpansionQuestObjectiveCollectionConfig] Load existing configuration file:$profile:ExpansionMod\Quests\Objectives\Collection\2-Collection-Mackerel.json
SCRIPT       : [ExpansionQuestObjectiveCollectionConfig] Load existing configuration file:$profile:ExpansionMod\Quests\Objectives\Collection\3-Collection-BrownChickens.json
SCRIPT       : [ExpansionQuestObjectiveCollectionConfig] Load existing configuration file:$profile:ExpansionMod\Quests\Objectives\Collection\4-Collection-BearPelt.json
SCRIPT       : [ExpansionQuestObjectiveCollectionConfig] Load existing configuration file:$profile:ExpansionMod\Quests\Objectives\Collection\5-Collection-DeerPelt.json
SCRIPT       : [ExpansionQuestObjectiveCollectionConfig] Load existing configuration file:$profile:ExpansionMod\Quests\Objectives\Collection\6-Collection-AgaricusMushroom.json
SCRIPT       : [ExpansionQuestObjectiveCollectionConfig] Load existing configuration file:$profile:ExpansionMod\Quests\Objectives\Collection\Objective_C_1.json
SCRIPT       : [ExpansionQuestObjectiveCollectionConfig] Load existing configuration file:$profile:ExpansionMod\Quests\Objectives\Collection\Objective_C_2.json
SCRIPT       : [ExpansionQuestObjectiveCollectionConfig] Load existing configuration file:$profile:ExpansionMod\Quests\Objectives\Collection\Objective_C_3.json
SCRIPT       : [ExpansionQuestObjectiveTreasureHuntConfig] Load existing configuration file:$profile:ExpansionMod\Quests\Objectives\TreasureHunt\Objective_TH_ammo_1.json
SCRIPT       : [ExpansionQuestObjectiveActionConfig] Load existing configuration file:$profile:ExpansionMod\Quests\Objectives\Action\1-Medic.json
SCRIPT       : [ExpansionQuestObjectiveActionConfig] Load existing configuration file:$profile:ExpansionMod\Quests\Objectives\Action\10-Medic.json
SCRIPT       : [ExpansionQuestObjectiveActionConfig] Load existing configuration file:$profile:ExpansionMod\Quests\Objectives\Action\11-Medic.json
SCRIPT       : [ExpansionQuestObjectiveActionConfig] Load existing configuration file:$profile:ExpansionMod\Quests\Objectives\Action\12-Medic.json
SCRIPT       : [ExpansionQuestObjectiveActionConfig] Load existing configuration file:$profile:ExpansionMod\Quests\Objectives\Action\13-Medic.json
SCRIPT       : [ExpansionQuestObjectiveActionConfig] Load existing configuration file:$profile:ExpansionMod\Quests\Objectives\Action\14-Medic.json
SCRIPT       : [ExpansionQuestObjectiveActionConfig] Load existing configuration file:$profile:ExpansionMod\Quests\Objectives\Action\15-Medic.json
SCRIPT       : [ExpansionQuestObjectiveActionConfig] Load existing configuration file:$profile:ExpansionMod\Quests\Objectives\Action\16-Medic.json
SCRIPT       : [ExpansionQuestObjectiveActionConfig] Load existing configuration file:$profile:ExpansionMod\Quests\Objectives\Action\17-Medic.json
SCRIPT       : [ExpansionQuestObjectiveActionConfig] Load existing configuration file:$profile:ExpansionMod\Quests\Objectives\Action\18-Horticulture.json
SCRIPT       : [ExpansionQuestObjectiveActionConfig] Load existing configuration file:$profile:ExpansionMod\Quests\Objectives\Action\19-Horticulture.json
SCRIPT       : [ExpansionQuestObjectiveActionConfig] Load existing configuration file:$profile:ExpansionMod\Quests\Objectives\Action\2-Medic.json
SCRIPT       : [ExpansionQuestObjectiveActionConfig] Load existing configuration file:$profile:ExpansionMod\Quests\Objectives\Action\20-Horticulture.json
SCRIPT       : [ExpansionQuestObjectiveActionConfig] Load existing configuration file:$profile:ExpansionMod\Quests\Objectives\Action\21-Horticulture.json
SCRIPT       : [ExpansionQuestObjectiveActionConfig] Load existing configuration file:$profile:ExpansionMod\Quests\Objectives\Action\22-Horticulture.json
SCRIPT       : [ExpansionQuestObjectiveActionConfig] Load existing configuration file:$profile:ExpansionMod\Quests\Objectives\Action\23-Horticulture.json
SCRIPT       : [ExpansionQuestObjectiveActionConfig] Load existing configuration file:$profile:ExpansionMod\Quests\Objectives\Action\24-Horticulture.json
SCRIPT       : [ExpansionQuestObjectiveActionConfig] Load existing configuration file:$profile:ExpansionMod\Quests\Objectives\Action\3-Medic.json
SCRIPT       : [ExpansionQuestObjectiveActionConfig] Load existing configuration file:$profile:ExpansionMod\Quests\Objectives\Action\4-Medic.json
SCRIPT       : [ExpansionQuestObjectiveActionConfig] Load existing configuration file:$profile:ExpansionMod\Quests\Objectives\Action\5-Medic.json
SCRIPT       : [ExpansionQuestObjectiveActionConfig] Load existing configuration file:$profile:ExpansionMod\Quests\Objectives\Action\6-Medic.json
SCRIPT       : [ExpansionQuestObjectiveActionConfig] Load existing configuration file:$profile:ExpansionMod\Quests\Objectives\Action\7-Medic.json
SCRIPT       : [ExpansionQuestObjectiveActionConfig] Load existing configuration file:$profile:ExpansionMod\Quests\Objectives\Action\8-Medic.json
SCRIPT       : [ExpansionQuestObjectiveActionConfig] Load existing configuration file:$profile:ExpansionMod\Quests\Objectives\Action\9-Medic.json
SCRIPT       : [ExpansionQuestObjectiveActionConfig] Load existing configuration file:$profile:ExpansionMod\Quests\Objectives\Action\Objective_A_1.json
SCRIPT       : [ExpansionQuestObjectiveActionConfig] Load existing configuration file:$profile:ExpansionMod\Quests\Objectives\Action\Objective_A_2.json
SCRIPT       : [ExpansionQuestObjectiveCraftingConfig] Load existing configuration file:$profile:ExpansionMod\Quests\Objectives\Crafting\1-Crafting-FishingRod.json
SCRIPT       : [ExpansionQuestObjectiveCraftingConfig] Load existing configuration file:$profile:ExpansionMod\Quests\Objectives\Crafting\Objective_CR_1.json
SCRIPT       : [ExpansionQuestObjectiveAIPatrolConfig] Load existing configuration file:$profile:ExpansionMod\Quests\Objectives\AIPatrol\Objective_AIP_1.json
SCRIPT       : [ExpansionQuestObjectiveAICampConfig] Load existing configuration file:$profile:ExpansionMod\Quests\Objectives\AICamp\Objective_AIC_1.json
SCRIPT       : [ExpansionQuestObjectiveAIEscortConfig] Load existing configuration file:$profile:ExpansionMod\Quests\Objectives\AIVIP\1-VIP.json
SCRIPT       : [ExpansionQuestObjectiveAIEscortConfig] Load existing configuration file:$profile:ExpansionMod\Quests\Objectives\AIVIP\2-VIP.json
SCRIPT       : [ExpansionQuestObjectiveAIEscortConfig] Load existing configuration file:$profile:ExpansionMod\Quests\Objectives\AIVIP\Objective_AIESCORT_1.json
SCRIPT       : [ExpansionQuestNPCData] Load existing configuration file:QuestNPC_Board_3.json
SCRIPT       : [ExpansionQuestNPCData] Load existing configuration file:QuestNPC_Peter_1.json
SCRIPT       : [ExpansionQuestNPCData] Load existing configuration file:QuestNPC_Steve_2.json
SCRIPT       : [EditorLoader] File found: $mission:\EditorFiles\TraderStorage.dze
SCRIPT       : [EditorLoader] Loaded files in 0.003s
SCRIPT       : [EditorLoader] 6 total objects created
SCRIPT       : [EditorLoader] 0 total objects deleted
SCRIPT       : [EditorLoader] Deleted & Created all objects in 0.025s
SCRIPT       : ExpansionMarketItem marketItem = ExpansionMarketItem<32f69e40>
SCRIPT       : int worth =   1
SCRIPT       : 14:25:48.652 [EXPANSION DEBUG]: ExpansionP2PTraderAIIrena<e636e810>::SetP2PTraderID - ID: 1
SCRIPT       : ExpansionZonePolygon<d01d59c0> position=<12015.854492, 0.000000, 12591.097656> radius=419.633
SCRIPT       : ExpansionZoneCircle<e5b6cc30> position=<1143.140015, 0.000000, 2423.270020> radius=400
SCRIPT       : ExpansionZoneCircle<e5b6db90> position=<3728.270020, 0.000000, 6003.600098> radius=400
SCRIPT       : Found 3 zones!
SCRIPT       : 14:25:48.828 [EXPANSION DEBUG]: ExpansionQuestNPCAIDenis<e62ea020>::OnEnterSafeZone
SCRIPT       : bool m_Expansion_LeavingSafeZone = 0
SCRIPT       : bool m_Expansion_IsInSafeZone = 0
SCRIPT       : bool m_Expansion_IsInSafeZoneSynchRemote = 0
SCRIPT       : 14:25:48.828 [EXPANSION DEBUG]: ExpansionP2PTraderAIIrena<e636e810>::OnEnterSafeZone
SCRIPT       : bool m_Expansion_LeavingSafeZone = 0
SCRIPT       : bool m_Expansion_IsInSafeZone = 0
SCRIPT       : bool m_Expansion_IsInSafeZoneSynchRemote = 0
SCRIPT       : 14:25:50.300 [EXPANSION DEBUG]: ExpansionItemSpawnHelper::Clone - created AKM:035714 at location { type=HANDS item=AKM:035688 parent=ExpansionQuestNPCAIDenis:045 }
SCRIPT       : 14:25:50.300 [EXPANSION DEBUG]: ExpansionItemSpawnHelper::Clone - created AK_FoldingBttstck:035715 at location { type=ATTACHMENT item=null parent=AKM:035714 slot=weaponButtstockAK }
SCRIPT       : 14:25:50.300 [EXPANSION DEBUG]: ExpansionItemSpawnHelper::Clone - created AK_WoodHndgrd:035716 at location { type=ATTACHMENT item=null parent=AKM:035714 slot=weaponHandguardAK }
SCRIPT       : 14:25:50.300 [EXPANSION DEBUG]: ExpansionItemSpawnHelper::Clone - created Mag_AKM_30Rnd:035717 at location { type=ATTACHMENT item=null parent=AKM:035714 slot=magazine }
SCRIPT       : [emote] ExpansionQuestNPCAIDenis:045 play emote id=46 IH=AKM:035714
SCRIPT       : [emote] ExpansionP2PTraderAIIrena:044 play emote id=46 IH=null
SCRIPT       : 14:25:51.468 [EXPANSION DEBUG]: ExpansionItemSpawnHelper::Clone - created CZ550:035689 at location { type=HANDS item=CZ550:035703 parent=ExpansionQuestNPCAIElias:046 }
SCRIPT       : 14:25:51.472 [EXPANSION DEBUG]: ExpansionItemSpawnHelper::Clone - created HuntingOptic:035688 at location { type=ATTACHMENT item=null parent=CZ550:035689 slot=weaponOpticsHunting }
SCRIPT       : 14:25:51.472 [EXPANSION DEBUG]: ExpansionItemSpawnHelper::Clone - created Mag_CZ550_10rnd:035691 at location { type=ATTACHMENT item=null parent=CZ550:035689 slot=magazine }
SCRIPT       : [emote] ExpansionQuestNPCAIElias:046 play emote id=14 IH=CZ550:035689
SCRIPT       : Clear up static fireplaces: 0
SCRIPT       : 14:29:13.953 [EXPANSION DEBUG]: Clearing cached categories 86
SCRIPT       : 14:29:13.953 [EXPANSION DEBUG]: Clearing cached traders 18
SCRIPT       : ~DayZGame()
SCRIPT       : 14:29:13 [EXPANSION DEBUG]: ExpansionQuestConfig<3c83bb20> ~ExpansionQuestConfig
SCRIPT       : 14:29:13 [EXPANSION DEBUG]: ExpansionQuestConfig<3c83ced0> ~ExpansionQuestConfig
SCRIPT       : 14:29:13 [EXPANSION DEBUG]: ExpansionQuestConfig<3c83bc10> ~ExpansionQuestConfig
SCRIPT       : 14:29:13 [EXPANSION DEBUG]: ExpansionQuestConfig<3c83d1a0> ~ExpansionQuestConfig
SCRIPT       : 14:29:13 [EXPANSION DEBUG]: ExpansionQuestConfig<3c83d560> ~ExpansionQuestConfig
SCRIPT       : 14:29:13 [EXPANSION DEBUG]: ExpansionQuestConfig<3c83bd00> ~ExpansionQuestConfig
SCRIPT       : 14:29:13 [EXPANSION DEBUG]: ExpansionQuestConfig<3c83d740> ~ExpansionQuestConfig
SCRIPT       : 14:29:13 [EXPANSION DEBUG]: ExpansionQuestConfig<3c83d830> ~ExpansionQuestConfig
SCRIPT       : 14:29:13 [EXPANSION DEBUG]: ExpansionQuestConfig<3c83d920> ~ExpansionQuestConfig
SCRIPT       : 14:29:13 [EXPANSION DEBUG]: ExpansionQuestConfig<3c83db00> ~ExpansionQuestConfig
SCRIPT       : 14:29:13 [EXPANSION DEBUG]: ExpansionQuestConfig<3c83a0e0> ~ExpansionQuestConfig
SCRIPT       : 14:29:13 [EXPANSION DEBUG]: ExpansionQuestConfig<3c83a2c0> ~ExpansionQuestConfig
SCRIPT       : 14:29:13 [EXPANSION DEBUG]: ExpansionQuestConfig<3c83edc0> ~ExpansionQuestConfig
SCRIPT       : 14:29:13 [EXPANSION DEBUG]: ExpansionQuestConfig<3c83e0a0> ~ExpansionQuestConfig
SCRIPT       : 14:29:13 [EXPANSION DEBUG]: ExpansionQuestConfig<3c83ea00> ~ExpansionQuestConfig
SCRIPT       : 14:29:13 [EXPANSION DEBUG]: ExpansionQuestConfig<3c83e730> ~ExpansionQuestConfig
SCRIPT       : 14:29:13 [EXPANSION DEBUG]: ExpansionQuestConfig<3c83eaf0> ~ExpansionQuestConfig
SCRIPT       : 14:29:13 [EXPANSION DEBUG]: ExpansionQuestConfig<3c83e460> ~ExpansionQuestConfig
SCRIPT       : 14:29:13 [EXPANSION DEBUG]: ExpansionQuestConfig<3c83dce0> ~ExpansionQuestConfig
SCRIPT       : 14:29:13 [EXPANSION DEBUG]: ExpansionQuestConfig<3c83e370> ~ExpansionQuestConfig
SCRIPT       : 14:29:13 [EXPANSION DEBUG]: ExpansionQuestConfig<3c83dfb0> ~ExpansionQuestConfig
SCRIPT       : 14:29:13 [EXPANSION DEBUG]: ExpansionQuestConfig<3c83ecd0> ~ExpansionQuestConfig
SCRIPT       : 14:29:13 [EXPANSION DEBUG]: ExpansionQuestConfig<3c83e190> ~ExpansionQuestConfig
SCRIPT       : 14:29:13 [EXPANSION DEBUG]: ExpansionQuestConfig<3c83eeb0> ~ExpansionQuestConfig
SCRIPT       : 14:29:13 [EXPANSION DEBUG]: ExpansionQuestConfig<3c83e640> ~ExpansionQuestConfig
SCRIPT       : 14:29:13 [EXPANSION DEBUG]: ExpansionQuestConfig<3c83e280> ~ExpansionQuestConfig
SCRIPT       : 14:29:13 [EXPANSION DEBUG]: ExpansionQuestConfig<3c83e820> ~ExpansionQuestConfig
SCRIPT       : 14:29:13 [EXPANSION DEBUG]: ExpansionQuestConfig<3c83ebe0> ~ExpansionQuestConfig
SCRIPT       : 14:29:13 [EXPANSION DEBUG]: ExpansionQuestConfig<3c83e550> ~ExpansionQuestConfig
SCRIPT       : 14:29:13 [EXPANSION DEBUG]: ExpansionQuestConfig<3c83ddd0> ~ExpansionQuestConfig
SCRIPT       : 14:29:13 [EXPANSION DEBUG]: ExpansionQuestConfig<3c83dec0> ~ExpansionQuestConfig
SCRIPT       : 14:29:13 [EXPANSION DEBUG]: ExpansionQuestConfig<3c83e910> ~ExpansionQuestConfig
SCRIPT       : 14:29:13 [EXPANSION DEBUG]: ExpansionQuestConfig<5a3fde80> ~ExpansionQuestConfig
SCRIPT       : 14:29:13 [EXPANSION DEBUG]: ExpansionQuestConfig<5a3feab0> ~ExpansionQuestConfig
SCRIPT       : 14:29:13 [EXPANSION DEBUG]: ExpansionQuestConfig<5a3fbf90> ~ExpansionQuestConfig
SCRIPT       : 14:29:13 [EXPANSION DEBUG]: ExpansionQuestConfig<5a3fbcc0> ~ExpansionQuestConfig
SCRIPT       : 14:29:13 [EXPANSION DEBUG]: ExpansionQuestConfig<5a3fd520> ~ExpansionQuestConfig
SCRIPT       : 14:29:13 [EXPANSION DEBUG]: ExpansionQuestConfig<5a3fbdb0> ~ExpansionQuestConfig
SCRIPT       : 14:29:13 [EXPANSION DEBUG]: ExpansionQuestConfig<5a3fe600> ~ExpansionQuestConfig
SCRIPT       : 14:29:13 [EXPANSION DEBUG]: ExpansionQuestConfig<5a3fe9c0> ~ExpansionQuestConfig
SCRIPT       : 14:29:13 [EXPANSION DEBUG]: ExpansionQuestConfig<5a3fdca0> ~ExpansionQuestConfig
SCRIPT       : 14:29:13 [EXPANSION DEBUG]: ExpansionQuestConfig<5a3fc260> ~ExpansionQuestConfig
SCRIPT       : 14:29:13 [EXPANSION DEBUG]: ExpansionQuestConfig<5a3fc710> ~ExpansionQuestConfig
SCRIPT       : 14:29:13 [EXPANSION DEBUG]: ExpansionQuestConfig<5a3fdf70> ~ExpansionQuestConfig
SCRIPT       : 14:29:13 [EXPANSION DEBUG]: ExpansionQuestConfig<5a3fdd90> ~ExpansionQuestConfig
SCRIPT       : 14:29:13 [EXPANSION DEBUG]: ExpansionQuestConfig<5a3fe060> ~ExpansionQuestConfig
SCRIPT       : 14:29:13 [EXPANSION DEBUG]: ExpansionQuestConfig<5a3fe150> ~ExpansionQuestConfig
SCRIPT       : 14:29:13 [EXPANSION DEBUG]: ExpansionQuestConfig<5a3fb630> ~ExpansionQuestConfig
SCRIPT       : 14:29:13 [EXPANSION DEBUG]: ExpansionQuestConfig<5a3fe240> ~ExpansionQuestConfig
SCRIPT       : 14:29:13 [EXPANSION DEBUG]: ExpansionQuestConfig<5a3fe8d0> ~ExpansionQuestConfig
SCRIPT       : 14:29:13 [EXPANSION DEBUG]: ExpansionQuestConfig<5a3fcbc0> ~ExpansionQuestConfig
SCRIPT       : 14:29:13 [EXPANSION DEBUG]: ExpansionQuestConfig<5a3fd700> ~ExpansionQuestConfig
SCRIPT       : 14:29:13 [EXPANSION DEBUG]: ExpansionQuestConfig<5a3fc800> ~ExpansionQuestConfig
SCRIPT       : 14:29:13 [EXPANSION DEBUG]: ExpansionQuestConfig<5a3fbae0> ~ExpansionQuestConfig
SCRIPT       : 14:29:13 [EXPANSION DEBUG]: ExpansionQuestConfig<5a3fe330> ~ExpansionQuestConfig
SCRIPT       : 14:29:13 [EXPANSION DEBUG]: ExpansionQuestConfig<5a3fd160> ~ExpansionQuestConfig
SCRIPT       : 14:29:13 [EXPANSION DEBUG]: ExpansionQuestConfig<5a3fc440> ~ExpansionQuestConfig
SCRIPT       : 14:29:13 [EXPANSION DEBUG]: ExpansionQuestConfig<5a3fd610> ~ExpansionQuestConfig
SCRIPT       : 14:29:13 [EXPANSION DEBUG]: ExpansionQuestConfig<5a3feba0> ~ExpansionQuestConfig
