---------------------------------------------
Log C:\Program Files (x86)\Steam\steamapps\common\DayZServerAug2\config\script_2023-08-10_16-09-26.log started at 10.08. 16:09:27

SCRIPT       : Registered 397 temporary action enum(s), UAN==397
SCRIPT       : Registering faction type eAIFactionShamans ID -1484989417
SCRIPT       : Registering faction type eAIFactionObservers ID -563736721
SCRIPT       : Registering faction type eAIFactionInvincibleObservers ID -1227299746
SCRIPT       : Registering faction type eAIFactionEast ID 90522109
SCRIPT       : Registering faction type eAIFactionGuards ID 963933710
SCRIPT       : Registering faction type eAIFactionRaiders ID 1535276022
SCRIPT       : Registering faction type eAIFactionMercenaries ID 1629891834
SCRIPT       : Registering faction type eAIFactionWest ID 113880155
SCRIPT       : Registering faction type eAIFactionCivilian ID 1096178351
SCRIPT       : Registering faction type eAIFactionPassive ID -1159399789
SCRIPT       : Registering faction type eAIFactionInvincibleGuards ID 782746017
SCRIPT       : ... Backlit Effects Enabled
SCRIPT       : 16:09:28 [EXPANSION LOG]: DayZGame<69c3a010> Start time (local time) 2023-08-10 16:09:24
SCRIPT       : 16:09:28 [EXPANSION LOG]: DayZGame<69c3a010> Start time (UTC) 2023-08-10 21:09:24
SCRIPT       : 16:09:28 [EXPANSION LOG]: DayZGame<69c3a010> Runtime since start (seconds) 4.351
SCRIPT    (W): @"JM/COT/Scripts/4_World/communityonlinetools\classes\webhook\jmwebhookdiscordmessage.c,19": Possible variable name conflict 'username'
SCRIPT    (W): @"JM/COT/Scripts/4_World/communityonlinetools\classes\webhook\jmwebhookdiscordmessage.c,19": Possible variable name conflict 'avatar_url'
SCRIPT    (W): @"JM/COT/Scripts/4_World/communityonlinetools\classes\webhook\jmwebhookdiscordmessage.c,19": Possible variable name conflict 'content'
SCRIPT    (W): @"JM/COT/Scripts/4_World/communityonlinetools\classes\webhook\jmwebhookdiscordmessage.c,151": Possible variable name conflict 'url'
SCRIPT    (W): @"JM/COT/Scripts/4_World/communityonlinetools\classes\webhook\jmwebhookdiscordmessage.c,172": Possible variable name conflict 'url'
SCRIPT    (W): @"JM/COT/Scripts/4_World/communityonlinetools\classes\webhook\jmwebhookdiscordmessage.c,180": Possible variable name conflict 'url'
SCRIPT       : 16:09:42.226 [EXPANSION DEBUG]: [ExpansionDebugSettings] Load existing setting file:$profile:ExpansionMod\Settings\DebugSettings.json
SCRIPT       : 16:09:42.226 [EXPANSION DEBUG]: [ExpansionLogSettings] Load existing setting file:$profile:ExpansionMod\Settings\LogsSettings.json
SCRIPT       : 16:09:42.238 [EXPANSION DEBUG]: [ExpansionNotificationSettings] Load existing setting file:$profile:ExpansionMod\Settings\NotificationSettings.json
SCRIPT       : 16:09:42.238 [EXPANSION DEBUG]: [ExpansionMonitoringSettings] Load existing setting file:$profile:ExpansionMod\Settings\MonitoringSettings.json
SCRIPT       : 16:09:42.238 [EXPANSION DEBUG]: [ExpansionDamageSystemSettings] Load existing setting file:$profile:ExpansionMod\Settings\DamageSystemSettings.json
SCRIPT       : 16:09:42.238 [EXPANSION DEBUG]: [ExpansionPartySettings] Load existing setting file:$profile:ExpansionMod\Settings\PartySettings.json
SCRIPT       : 16:09:42.242 [EXPANSION DEBUG]: [ExpansionHardlineSettings] Load existing setting file:$mission:expansion\settings\HardlineSettings.json
SCRIPT       : 16:09:42.246 [EXPANSION DEBUG]: [ExpansionMarketSettings] Load existing setting file:$mission:expansion\settings\MarketSettings.json
SCRIPT       : ExpansionMarketSettings::LoadCategories - Adding category ID 1 (Ammo)
SCRIPT       : ExpansionMarketSettings::LoadCategories - Adding category ID 2 (Ammo_Boxes)
SCRIPT       : ExpansionMarketSettings::LoadCategories - Adding category ID 3 (Armbands)
SCRIPT       : ExpansionMarketSettings::LoadCategories - Adding category ID 4 (Assault_Rifles)
SCRIPT       : ExpansionMarketSettings::LoadCategories - Adding category ID 5 (Backpacks)
SCRIPT       : ExpansionMarketSettings::LoadCategories - Adding category ID 6 (Bandanas)
SCRIPT       : ExpansionMarketSettings::LoadCategories - Adding category ID 7 (Batteries)
SCRIPT       : ExpansionMarketSettings::LoadCategories - Adding category ID 8 (Bayonets)
SCRIPT       : ExpansionMarketSettings::LoadCategories - Adding category ID 9 (Belts)
SCRIPT       : ExpansionMarketSettings::LoadCategories - Adding category ID 10 (Blouses_And_Suits)
SCRIPT       : ExpansionMarketSettings::LoadCategories - Adding category ID 11 (Boats)
SCRIPT       : ExpansionMarketSettings::LoadCategories - Adding category ID 12 (Boots_And_Shoes)
SCRIPT       : ExpansionMarketSettings::LoadCategories - Adding category ID 13 (Buttstocks)
SCRIPT       : ExpansionMarketSettings::LoadCategories - Adding category ID 14 (Caps)
SCRIPT       : ExpansionMarketSettings::LoadCategories - Adding category ID 15 (Cars)
SCRIPT       : ExpansionMarketSettings::LoadCategories - Adding category ID 16 (Coats_And_Jackets)
SCRIPT       : ExpansionMarketSettings::LoadCategories - Adding category ID 17 (Containers)
SCRIPT       : ExpansionMarketSettings::LoadCategories - Adding category ID 18 (Crossbows)
SCRIPT       : ExpansionMarketSettings::LoadCategories - Adding category ID 19 (Drinks)
SCRIPT       : ExpansionMarketSettings::LoadCategories - Adding category ID 20 (Electronics)
SCRIPT       : ExpansionMarketSettings::LoadCategories - Adding category ID 21 (Event)
SCRIPT       : ExpansionMarketSettings::LoadCategories - Adding category ID 22 (Exchange)
SCRIPT       : ExpansionMarketSettings::LoadCategories - Adding category ID 23 (Explosives_And_Grenades)
SCRIPT       : ExpansionMarketSettings::LoadCategories - Adding category ID 24 (Eyewear)
SCRIPT       : ExpansionMarketSettings::LoadCategories - Adding category ID 25 (Fish)
SCRIPT       : ExpansionMarketSettings::LoadCategories - Adding category ID 26 (Fishing)
SCRIPT       : ExpansionMarketSettings::LoadCategories - Adding category ID 27 (Flags)
SCRIPT       : ExpansionMarketSettings::LoadCategories - Adding category ID 28 (Food)
SCRIPT       : ExpansionMarketSettings::LoadCategories - Adding category ID 29 (Fruit_And_Vegetables)
SCRIPT       : ExpansionMarketSettings::LoadCategories - Adding category ID 30 (Furnishings)
SCRIPT       : ExpansionMarketSettings::LoadCategories - Adding category ID 31 (Gardening)
SCRIPT       : ExpansionMarketSettings::LoadCategories - Adding category ID 32 (Ghillies)
SCRIPT       : ExpansionMarketSettings::LoadCategories - Adding category ID 33 (Gloves)
SCRIPT       : ExpansionMarketSettings::LoadCategories - Adding category ID 34 (Handguards)
SCRIPT       : ExpansionMarketSettings::LoadCategories - Adding category ID 35 (Hats_And_Hoods)
SCRIPT       : ExpansionMarketSettings::LoadCategories - Adding category ID 36 (Helicopters)
SCRIPT       : ExpansionMarketSettings::LoadCategories - Adding category ID 37 (Helmets)
SCRIPT       : ExpansionMarketSettings::LoadCategories - Adding category ID 38 (Holsters_And_Pouches)
SCRIPT       : ExpansionMarketSettings::LoadCategories - Adding category ID 39 (Kits)
SCRIPT       : ExpansionMarketSettings::LoadCategories - Adding category ID 40 (Knifes)
SCRIPT       : ExpansionMarketSettings::LoadCategories - Adding category ID 41 (Launchers)
SCRIPT       : ExpansionMarketSettings::LoadCategories - Adding category ID 42 (Lights)
SCRIPT       : ExpansionMarketSettings::LoadCategories - Adding category ID 43 (Liquids)
SCRIPT       : ExpansionMarketSettings::LoadCategories - Adding category ID 44 (Locks)
SCRIPT       : ExpansionMarketSettings::LoadCategories - Adding category ID 45 (Magazines)
SCRIPT       : ExpansionMarketSettings::LoadCategories - Adding category ID 46 (Masks)
SCRIPT       : ExpansionMarketSettings::LoadCategories - Adding category ID 47 (Meat)
SCRIPT       : ExpansionMarketSettings::LoadCategories - Adding category ID 48 (Medical)
SCRIPT       : ExpansionMarketSettings::LoadCategories - Adding category ID 49 (Melee_Weapons)
SCRIPT       : ExpansionMarketSettings::LoadCategories - Adding category ID 50 (Muzzles)
SCRIPT       : ExpansionMarketSettings::LoadCategories - Adding category ID 51 (Navigation)
SCRIPT       : ExpansionMarketSettings::LoadCategories - Adding category ID 52 (Optics)
SCRIPT       : ExpansionMarketSettings::LoadCategories - Adding category ID 53 (Pants_And_Shorts)
SCRIPT       : ExpansionMarketSettings::LoadCategories - Adding category ID 54 (Pistols)
SCRIPT       : ExpansionMarketSettings::LoadCategories - Adding category ID 55 (Rifles)
SCRIPT       : ExpansionMarketSettings::LoadCategories - Adding category ID 56 (Shirts_And_TShirts)
SCRIPT       : ExpansionMarketSettings::LoadCategories - Adding category ID 57 (Shotguns)
SCRIPT       : ExpansionMarketSettings::LoadCategories - Adding category ID 58 (Skirts_And_Dresses)
SCRIPT       : ExpansionMarketSettings::LoadCategories - Adding category ID 59 (Sniper_Rifles)
SCRIPT       : ExpansionMarketSettings::LoadCategories - Adding category ID 60 (Spraycans)
SCRIPT       : ExpansionMarketSettings::LoadCategories - Adding category ID 61 (Submachine_Guns)
SCRIPT       : ExpansionMarketSettings::LoadCategories - Adding category ID 62 (Supplies)
SCRIPT       : ExpansionMarketSettings::LoadCategories - Adding category ID 63 (Sweaters_And_Hoodies)
SCRIPT       : ExpansionMarketSettings::LoadCategories - Adding category ID 64 (Tents)
SCRIPT       : ExpansionMarketSettings::LoadCategories - Adding category ID 65 (Tools)
SCRIPT       : ExpansionMarketSettings::LoadCategories - Adding category ID 66 (Vehicle_Parts)
SCRIPT       : ExpansionMarketSettings::LoadCategories - Adding category ID 67 (Vests)
SCRIPT       : 16:09:42.363 [EXPANSION DEBUG]: [ExpansionAirdropSettings] Load existing setting file:$profile:ExpansionMod\Settings\AirdropSettings.json
SCRIPT       : 16:09:42.484 [EXPANSION DEBUG]: [ExpansionMissionSettings] Load existing setting file:$profile:ExpansionMod\Settings\MissionSettings.json
SCRIPT       : 16:09:42.484 [EXPANSION DEBUG]: [ExpansionMapSettings] Load existing setting file:$mission:expansion\settings\MapSettings.json
SCRIPT       : 16:09:42.492 [EXPANSION DEBUG]: [ExpansionPersonalStorageNewSettings] Load existing setting file:$profile:ExpansionMod\Settings\PersonalStorageNewSettings.json
SCRIPT       : 16:09:42.492 [EXPANSION DEBUG]: [ExpansionGeneralSettings] Load existing setting file:$profile:ExpansionMod\Settings\GeneralSettings.json
SCRIPT       : 16:09:42.496 [EXPANSION DEBUG]: [ExpansionPlayerListSettings] Load existing setting file:$profile:ExpansionMod\Settings\PlayerListSettings.json
SCRIPT       : 16:09:42.496 [EXPANSION DEBUG]: [ExpansionSocialMediaSettings] Load existing setting file:$profile:ExpansionMod\Settings\SocialMediaSettings.json
SCRIPT       : 16:09:42.496 [EXPANSION DEBUG]: [ExpansionSpawnSettings] Load existing setting file:$mission:expansion\settings\SpawnSettings.json
SCRIPT       : 16:09:42.503 [EXPANSION DEBUG]: [ExpansionVehicleSettings] Load existing setting file:$profile:ExpansionMod\Settings\VehicleSettings.json
SCRIPT       : 16:09:42.503 [EXPANSION DEBUG]: [ExpansionAISettings] Load existing setting file:$profile:ExpansionMod\Settings\AISettings.json
SCRIPT       : 16:09:42.503 [EXPANSION DEBUG]: [ExpansionAIPatrolSettings] Load existing setting file:$mission:expansion\settings\AIPatrolSettings.json
SCRIPT       : 16:09:42.507 [EXPANSION DEBUG]: [ExpansionBaseBuildingSettings] Load existing setting file:$mission:expansion\settings\BaseBuildingSettings.json
SCRIPT       : 16:09:42.511 [EXPANSION DEBUG]: [ExpansionRaidSettings] Load existing setting file:$profile:ExpansionMod\Settings\RaidSettings.json
SCRIPT       : 16:09:42.511 [EXPANSION DEBUG]: [ExpansionTerritorySettings] Load existing setting file:$profile:ExpansionMod\Settings\TerritorySettings.json
SCRIPT       : 16:09:42.515 [EXPANSION DEBUG]: [ExpansionChatSettings] Load existing setting file:$profile:ExpansionMod\Settings\ChatSettings.json
SCRIPT    (E): JSON ERROR dolphin/DayZ-Expansion-AI-Dynamic/Scripts/5_Mission/modules\expansionrespawnhandlermodule.c:12
SCRIPT    (E): 
JSON ERROR:
Reading variable: data
Expecting instance
Reading variable: Point
Expecting array
At index 0, Expecting instance
Reading variable: Spatial_MinCount
Expecting int
Cannot convert to int

Function: 'Error'
Stack trace:
scripts/1_Core/proto\endebug.c:92
scripts/3_Game/tools\jsonfileloader.c:29
dolphin/DayZ-Expansion-AI-Dynamic/Scripts/3_Game/settings\spatialsettings.c:51
dolphin/DayZ-Expansion-AI-Dynamic/Scripts/3_Game/settings\spatialsettings.c:414
dolphin/DayZ-Expansion-AI-Dynamic/Scripts/5_Mission/modules\spatialai.c:25
dolphin/DayZ-Expansion-AI-Dynamic/Scripts/5_Mission/modules\expansionrespawnhandlermodule.c:12
SCRIPT    (E): JSON ERROR dolphin/DayZ-Expansion-AI-Dynamic/Scripts/5_Mission/modules\expansionrespawnhandlermodule.c:12
SCRIPT    (E): 
JSON ERROR:
Reading variable: data
Expecting instance
Reading variable: Point
Expecting array
At index 0, Expecting instance
Reading variable: Spatial_MinCount
Expecting int
Cannot convert to int

Function: 'Error'
Stack trace:
scripts/1_Core/proto\endebug.c:92
scripts/3_Game/tools\jsonfileloader.c:29
dolphin/DayZ-Expansion-AI-Dynamic/Scripts/3_Game/settings\spatialsettings.c:51
dolphin/DayZ-Expansion-AI-Dynamic/Scripts/3_Game/settings\spatialsettings.c:20
dolphin/DayZ-Expansion-AI-Dynamic/Scripts/5_Mission/modules\spatialai.c:25
dolphin/DayZ-Expansion-AI-Dynamic/Scripts/5_Mission/modules\expansionrespawnhandlermodule.c:12
SCRIPT       : Spatial AI Config Error - Disabled
SCRIPT       : Expansion version: 1.8.21
SCRIPT       : [DefineTest] EXPANSIONMOD is defined
SCRIPT       : [DefineTest] EXPANSIONMODAI is defined
SCRIPT       : [DefineTest] EXPANSIONMODANIMATIONS is defined
SCRIPT       : [DefineTest] EXPANSIONMODBASEBUILDING is defined
SCRIPT       : [DefineTest] EXPANSIONMODBOOK is defined
SCRIPT       : [DefineTest] EXPANSIONMODCHAT is defined
SCRIPT       : [DefineTest] EXPANSIONMODCORE is defined
SCRIPT       : [DefineTest] EXPANSIONMODGARAGE is defined
SCRIPT       : [DefineTest] EXPANSIONMODGROUPS is defined
SCRIPT       : [DefineTest] EXPANSIONMODHARDLINE is defined
SCRIPT       : [DefineTest] EXPANSIONMODKILLFEED is defined
SCRIPT       : [DefineTest] EXPANSIONMODMAPASSETS is defined
SCRIPT       : [DefineTest] EXPANSIONMODMARKET is defined
SCRIPT       : [DefineTest] EXPANSIONMODMISSIONS is defined
SCRIPT       : [DefineTest] EXPANSIONMODNAMETAGS is defined
SCRIPT       : [DefineTest] EXPANSIONMODNAVIGATION is defined
SCRIPT       : [DefineTest] EXPANSIONMODP2PMARKET is defined
SCRIPT       : [DefineTest] EXPANSIONMODPERSONALSTORAGE is defined
SCRIPT       : [DefineTest] EXPANSIONMODQUESTS is defined
SCRIPT       : [DefineTest] EXPANSIONMODSPAWNSELECTION is defined
SCRIPT       : [DefineTest] EXPANSIONMODVEHICLE is defined
SCRIPT       : [DefineTest] EXPANSIONMODWEAPONS is defined
SCRIPT       : [DefineTest] CfgMods:
SCRIPT       : defaultAction
SCRIPT       : DayZ
SCRIPT       : DZ_Expansion_AI_Preload
SCRIPT       : DZ_Expansion_Animations_Preload
SCRIPT       : DZ_Expansion_BaseBuilding_Preload
SCRIPT       : DZ_Expansion_Book_Preload
SCRIPT       : DZ_Expansion_Chat_Preload
SCRIPT       : DZ_Expansion_Core_Preload
SCRIPT       : DZ_Expansion_Garage_Preload
SCRIPT       : DZ_Expansion_Groups_Preload
SCRIPT       : DZ_Expansion_Hardline_Preload
SCRIPT       : DZ_Expansion_KillFeed_Preload
SCRIPT       : DZ_Expansion_MapAssets_Preload
SCRIPT       : DZ_Expansion_Market_Preload
SCRIPT       : DZ_Expansion_Missions_Preload
SCRIPT       : DZ_Expansion_ModStorage_Preload
SCRIPT       : DZ_Expansion_NameTags_Preload
SCRIPT       : DZ_Expansion_Navigation_Preload
SCRIPT       : DZ_Expansion_P2PMarket_Preload
SCRIPT       : DZ_Expansion_PersonalStorage_Preload
SCRIPT       : DZ_Expansion_Preload
SCRIPT       : DZ_Expansion_Quests_Preload
SCRIPT       : DZ_Expansion_SpawnSelection_Preload
SCRIPT       : DZ_Expansion_Vehicles_Preload
SCRIPT       : DZ_Expansion_Weapons_Preload
SCRIPT       : DZ_DabsFramework
SCRIPT       : DZ_Expansion_DefineTest
SCRIPT       : DZ_Expansion_MapAssets
SCRIPT       : bliss
SCRIPT       : JM_CommunityFramework
SCRIPT       : JM_CommunityOnlineTools
SCRIPT       : PvZmoD_CustomisableZombies
SCRIPT       : BoostZombiesVisionAddon
SCRIPT       : DZ_Expansion_ModStorage
SCRIPT       : DZ_Expansion_Core
SCRIPT       : DZ_Expansion_Garage
SCRIPT       : DZ_Expansion_Groups
SCRIPT       : DZ_Expansion_Market
SCRIPT       : DZ_Expansion_Missions
SCRIPT       : DZ_Expansion_NameTags
SCRIPT       : DZ_Expansion_Navigation
SCRIPT       : DZ_Expansion_NotificationScheduler
SCRIPT       : DZ_Expansion_P2PMarket
SCRIPT       : DZ_Expansion_PersonalStorage
SCRIPT       : DZ_Expansion_PersonalStorageNew
SCRIPT       : DZ_Expansion_PlayerList
SCRIPT       : DZ_Expansion
SCRIPT       : DZ_Expansion_SpawnSelection
SCRIPT       : DZ_Expansion_VanillaFixes
SCRIPT       : DZ_Expansion_Vehicles
SCRIPT       : DZ_Expansion_Weapons
SCRIPT       : DZ_Expansion_AI
SCRIPT       : DZ_Expansion_BaseBuilding
SCRIPT       : DZ_Expansion_Book
SCRIPT       : DZ_Expansion_Chat
SCRIPT       : DZ_Expansion_Hardline
SCRIPT       : DZ_Expansion_Quests
SCRIPT       : DZ_Expansion_VirtualContainerStorage
SCRIPT       : DayZ_Expansion_AI_Dynamic
SCRIPT    (E): JSON ERROR $CurrentDir:mpmissions\Expansion.chernarusplus\init.c:99
SCRIPT    (E): 
JSON ERROR:
Reading variable: data
Expecting instance
Reading variable: Point
Expecting array
At index 0, Expecting instance
Reading variable: Spatial_MinCount
Expecting int
Cannot convert to int

Function: 'Error'
Stack trace:
scripts/1_Core/proto\endebug.c:92
scripts/3_Game/tools\jsonfileloader.c:29
dolphin/DayZ-Expansion-AI-Dynamic/Scripts/3_Game/settings\spatialsettings.c:51
dolphin/DayZ-Expansion-AI-Dynamic/Scripts/3_Game/settings\spatialsettings.c:20
dolphin/DayZ-Expansion-AI-Dynamic/Scripts/5_Mission/mission\missionserver.c:14
$CurrentDir:mpmissions\Expansion.chernarusplus\init.c:99
SCRIPT       : Spatial AI Config Error - Disabled
SCRIPT       : 16:09:42.988 [EXPANSION DEBUG]: ModStorage v5
SCRIPT       : 16:09:45.828 [EXPANSION DEBUG]: ExpansionTraderJudy<b7cea020>::SetTraderObject ExpansionTraderObjectBase<4b7efb10> <4973.928711, 9.510984, 2436.782959>
SCRIPT       : 16:09:45.828 [EXPANSION DEBUG]: LoadMissionTradersFile trader ExpansionTraderJudy<b7cea020> fileName Aircraft
SCRIPT       : 16:09:45.839 [EXPANSION DEBUG]: ExpansionTraderJose<9a8aa020>::SetTraderObject ExpansionTraderObjectBase<4b9ba130> <14353.624023, 3.326771, 13229.217773>
SCRIPT       : 16:09:45.839 [EXPANSION DEBUG]: LoadMissionTradersFile trader ExpansionTraderJose<9a8aa020> fileName Boats
SCRIPT       : 16:09:45.847 [EXPANSION DEBUG]: ExpansionTraderEva<62148050>::SetTraderObject ExpansionTraderObjectBase<4bbdb2b0> <14378.793945, 3.325975, 13271.585938>
SCRIPT       : 16:09:45.847 [EXPANSION DEBUG]: LoadMissionTradersFile trader ExpansionTraderEva<62148050> fileName Fishing
SCRIPT       : 16:09:45.855 [EXPANSION DEBUG]: ExpansionTraderLewis<71dd8030>::SetTraderObject ExpansionTraderObjectBase<4bcb39b0> <1756.656372, 1.415564, 2027.359741>
SCRIPT       : 16:09:45.855 [EXPANSION DEBUG]: LoadMissionTradersFile trader ExpansionTraderLewis<71dd8030> fileName Boats
SCRIPT       : 16:09:45.855 [EXPANSION DEBUG]: LoadMissionTradersFile trader ExpansionTraderStaticBase<31c05180> fileName Exchange
SCRIPT       : 16:09:45.871 [EXPANSION DEBUG]: ExpansionTraderDenis<f0a3a010>::SetTraderObject ExpansionTraderObjectBase<4bd4a210> <3697.249512, 402.010010, 5977.625488>
SCRIPT       : 16:09:45.871 [EXPANSION DEBUG]: LoadMissionTradersFile trader ExpansionTraderDenis<f0a3a010> fileName Clothing
SCRIPT       : 16:09:45.890 [EXPANSION DEBUG]: ExpansionTraderMaria<4be0e010>::SetTraderObject ExpansionTraderObjectBase<4be6d330> <3696.455811, 402.010010, 5980.193359>
SCRIPT       : 16:09:45.890 [EXPANSION DEBUG]: LoadMissionTradersFile trader ExpansionTraderMaria<4be0e010> fileName Clothing_Accessories
SCRIPT       : 16:09:45.902 [EXPANSION DEBUG]: ExpansionTraderQuinn<aa748020>::SetTraderObject ExpansionTraderObjectBase<4bf8f8c0> <3710.121826, 402.010010, 5976.164063>
SCRIPT       : 16:09:45.902 [EXPANSION DEBUG]: LoadMissionTradersFile trader ExpansionTraderQuinn<aa748020> fileName Consumables
SCRIPT       : 16:09:45.921 [EXPANSION DEBUG]: ExpansionTraderNaomi<54fed810>::SetTraderObject ExpansionTraderObjectBase<54fbcbd0> <3708.786865, 402.010010, 5974.589844>
SCRIPT       : 16:09:45.921 [EXPANSION DEBUG]: LoadMissionTradersFile trader ExpansionTraderNaomi<54fed810> fileName Weapons
SCRIPT       : 16:09:45.933 [EXPANSION DEBUG]: ExpansionTraderSeth<c14d000>::SetTraderObject ExpansionTraderObjectBase<550ef630> <3710.265137, 402.010010, 5973.340820>
SCRIPT       : 16:09:45.933 [EXPANSION DEBUG]: LoadMissionTradersFile trader ExpansionTraderSeth<c14d000> fileName Attachments
SCRIPT       : 16:09:45.949 [EXPANSION DEBUG]: ExpansionTraderRolf<c154c20>::SetTraderObject ExpansionTraderObjectBase<551851d0> <3698.172607, 402.010010, 5995.337402>
SCRIPT       : 16:09:45.949 [EXPANSION DEBUG]: LoadMissionTradersFile trader ExpansionTraderRolf<c154c20> fileName Vehicles
SCRIPT       : 16:09:45.964 [EXPANSION DEBUG]: ExpansionTraderIndar<c1415d0>::SetTraderObject ExpansionTraderObjectBase<55275f00> <3714.531006, 402.138000, 5961.776367>
SCRIPT       : 16:09:45.964 [EXPANSION DEBUG]: LoadMissionTradersFile trader ExpansionTraderIndar<c1415d0> fileName Components
SCRIPT       : 16:09:45.968 [EXPANSION DEBUG]: ExpansionTraderJudy<c160650>::SetTraderObject ExpansionTraderObjectBase<55280d60> <3729.029541, 402.651001, 5969.476563>
SCRIPT       : 16:09:45.968 [EXPANSION DEBUG]: LoadMissionTradersFile trader ExpansionTraderJudy<c160650> fileName Medicals
SCRIPT       : 16:09:45.972 [EXPANSION DEBUG]: ExpansionTraderNaomi<c164460>::SetTraderObject ExpansionTraderObjectBase<55450a80> <3690.062988, 402.100067, 6006.763672>
SCRIPT       : 16:09:45.972 [EXPANSION DEBUG]: LoadMissionTradersFile trader ExpansionTraderNaomi<c164460> fileName Vehicle_Parts
SCRIPT       : 16:09:45.980 [EXPANSION DEBUG]: ExpansionTraderJose<c15c840>::SetTraderObject ExpansionTraderObjectBase<55456890> <3699.629883, 402.010010, 5993.970215>
SCRIPT       : 16:09:45.980 [EXPANSION DEBUG]: LoadMissionTradersFile trader ExpansionTraderJose<c15c840> fileName Spraycans
SCRIPT       : 16:09:45.992 [EXPANSION DEBUG]: ExpansionTraderLinda<c1491f0>::SetTraderObject ExpansionTraderObjectBase<55520b20> <3674.669922, 406.760010, 5990.390137>
SCRIPT       : 16:09:45.992 [EXPANSION DEBUG]: LoadMissionTradersFile trader ExpansionTraderLinda<c1491f0> fileName Special
SCRIPT       : 16:09:46.000 [EXPANSION DEBUG]: ExpansionTraderNiki<c173ca0>::SetTraderObject ExpansionTraderObjectBase<556ab070> <3699.030029, 402.013000, 5973.439941>
SCRIPT       : 16:09:46.000 [EXPANSION DEBUG]: LoadMissionTradersFile trader ExpansionTraderNiki<c173ca0> fileName BuildingSupplies
SCRIPT       : 16:09:46.007 [EXPANSION DEBUG]: ExpansionTraderFrancis<c168270>::SetTraderObject ExpansionTraderObjectBase<557ad5a0> <1153.964844, 6.463035, 2409.763184>
SCRIPT       : 16:09:46.007 [EXPANSION DEBUG]: LoadMissionTradersFile trader ExpansionTraderFrancis<c168270> fileName Attachments
SCRIPT       : 16:09:46.015 [EXPANSION DEBUG]: ExpansionTraderKaito<c16c080>::SetTraderObject ExpansionTraderObjectBase<55888300> <1117.021240, 5.495151, 2413.766357>
SCRIPT       : 16:09:46.015 [EXPANSION DEBUG]: LoadMissionTradersFile trader ExpansionTraderKaito<c16c080> fileName Components
SCRIPT       : 16:09:46.023 [EXPANSION DEBUG]: ExpansionTraderCyril<c16fe90>::SetTraderObject ExpansionTraderObjectBase<558a6990> <1136.987427, 5.908522, 2439.662598>
SCRIPT       : 16:09:46.023 [EXPANSION DEBUG]: LoadMissionTradersFile trader ExpansionTraderCyril<c16fe90> fileName Clothing
SCRIPT       : 16:09:46.027 [EXPANSION DEBUG]: ExpansionTraderGuo<c177ab0>::SetTraderObject ExpansionTraderObjectBase<559a8520> <1133.974854, 5.909700, 2442.412598>
SCRIPT       : 16:09:46.027 [EXPANSION DEBUG]: LoadMissionTradersFile trader ExpansionTraderGuo<c177ab0> fileName Clothing_Accessories
SCRIPT       : 16:09:46.039 [EXPANSION DEBUG]: ExpansionTraderBoris<c17b8c0>::SetTraderObject ExpansionTraderObjectBase<55a996b0> <1123.468262, 15.349299, 2426.316162>
SCRIPT       : 16:09:46.039 [EXPANSION DEBUG]: LoadMissionTradersFile trader ExpansionTraderBoris<c17b8c0> fileName Exchange
SCRIPT       : 16:09:46.039 [EXPANSION DEBUG]: ExpansionTraderLinda<55b3bc80>::SetTraderObject ExpansionTraderObjectBase<55a9dbc0> <1135.892822, 5.908773, 2436.856689>
SCRIPT       : 16:09:46.039 [EXPANSION DEBUG]: LoadMissionTradersFile trader ExpansionTraderLinda<55b3bc80> fileName Consumables
SCRIPT       : 16:09:46.046 [EXPANSION DEBUG]: ExpansionTraderKeiko<55b4f2d0>::SetTraderObject ExpansionTraderObjectBase<55bfab70> <1130.731689, 5.951744, 2438.009277>
SCRIPT       : 16:09:46.046 [EXPANSION DEBUG]: LoadMissionTradersFile trader ExpansionTraderKeiko<55b4f2d0> fileName Medicals
SCRIPT       : 16:09:46.054 [EXPANSION DEBUG]: ExpansionTraderHelga<55b34060>::SetTraderObject ExpansionTraderObjectBase<55cd5fb0> <1141.654419, 5.906255, 2421.591309>
SCRIPT       : 16:09:46.054 [EXPANSION DEBUG]: LoadMissionTradersFile trader ExpansionTraderHelga<55b34060> fileName Special
SCRIPT       : 16:09:46.062 [EXPANSION DEBUG]: ExpansionTraderFrida<55b37e70>::SetTraderObject ExpansionTraderObjectBase<55e043a0> <1120.135132, 5.600746, 2417.465820>
SCRIPT       : 16:09:46.062 [EXPANSION DEBUG]: LoadMissionTradersFile trader ExpansionTraderFrida<55b37e70> fileName Vehicles
SCRIPT       : 16:09:46.070 [EXPANSION DEBUG]: ExpansionTraderHassan<55b476b0>::SetTraderObject ExpansionTraderObjectBase<55e6fd50> <1123.977905, 5.639271, 2417.411865>
SCRIPT       : 16:09:46.070 [EXPANSION DEBUG]: LoadMissionTradersFile trader ExpansionTraderHassan<55b476b0> fileName Vehicle_Parts
SCRIPT       : 16:09:46.074 [EXPANSION DEBUG]: ExpansionTraderDenis<55b438a0>::SetTraderObject ExpansionTraderObjectBase<55e75700> <1156.719727, 6.513331, 2406.355225>
SCRIPT       : 16:09:46.074 [EXPANSION DEBUG]: LoadMissionTradersFile trader ExpansionTraderDenis<55b438a0> fileName Weapons
SCRIPT       : 16:09:46.078 [EXPANSION DEBUG]: ExpansionTraderGabi<55b3fa90>::SetTraderObject ExpansionTraderObjectBase<58e1c2f0> <1135.689941, 5.900000, 2423.300049>
SCRIPT       : 16:09:46.078 [EXPANSION DEBUG]: LoadMissionTradersFile trader ExpansionTraderGabi<55b3fa90> fileName BuildingSupplies
SCRIPT       : 16:09:46.082 [EXPANSION DEBUG]: ExpansionTraderFrancis<55b4b4c0>::SetTraderObject ExpansionTraderObjectBase<58e20a30> <11835.901367, 140.617874, 12474.744141>
SCRIPT       : 16:09:46.082 [EXPANSION DEBUG]: LoadMissionTradersFile trader ExpansionTraderFrancis<55b4b4c0> fileName Attachments
SCRIPT       : 16:09:46.085 [EXPANSION DEBUG]: ExpansionTraderLinda<55b5eb10>::SetTraderObject ExpansionTraderObjectBase<58e263e0> <11856.716797, 140.565109, 12461.438477>
SCRIPT       : 16:09:46.085 [EXPANSION DEBUG]: LoadMissionTradersFile trader ExpansionTraderLinda<55b5eb10> fileName Consumables
SCRIPT       : 16:09:46.089 [EXPANSION DEBUG]: ExpansionTraderCyril<55b56ef0>::SetTraderObject ExpansionTraderObjectBase<58e2ab20> <11855.000000, 140.605103, 12466.099609>
SCRIPT       : 16:09:46.089 [EXPANSION DEBUG]: LoadMissionTradersFile trader ExpansionTraderCyril<55b56ef0> fileName Clothing
SCRIPT       : 16:09:46.089 [EXPANSION DEBUG]: ExpansionTraderGuo<55b6a540>::SetTraderObject ExpansionTraderObjectBase<58f48400> <11855.200195, 140.605103, 12470.487305>
SCRIPT       : 16:09:46.089 [EXPANSION DEBUG]: LoadMissionTradersFile trader ExpansionTraderGuo<55b6a540> fileName Clothing_Accessories
SCRIPT       : 16:09:46.093 [EXPANSION DEBUG]: ExpansionTraderKaito<55b5ad00>::SetTraderObject ExpansionTraderObjectBase<58f4d4f0> <11849.400391, 140.605087, 12466.200195>
SCRIPT       : 16:09:46.093 [EXPANSION DEBUG]: LoadMissionTradersFile trader ExpansionTraderKaito<55b5ad00> fileName Components
SCRIPT       : 16:09:46.093 [EXPANSION DEBUG]: ExpansionTraderBoris<55b62920>::SetTraderObject ExpansionTraderObjectBase<58f53d00> <11858.202148, 140.615112, 12463.234375>
SCRIPT       : 16:09:46.093 [EXPANSION DEBUG]: LoadMissionTradersFile trader ExpansionTraderBoris<55b62920> fileName Exchange
SCRIPT       : 16:09:46.097 [EXPANSION DEBUG]: ExpansionTraderKeiko<55b6e350>::SetTraderObject ExpansionTraderObjectBase<58f58120> <11853.218750, 140.605087, 12463.277344>
SCRIPT       : 16:09:46.097 [EXPANSION DEBUG]: LoadMissionTradersFile trader ExpansionTraderKeiko<55b6e350> fileName Medicals
SCRIPT       : 16:09:46.101 [EXPANSION DEBUG]: ExpansionTraderGabi<55b66730>::SetTraderObject ExpansionTraderObjectBase<58f5dcb0> <11833.200195, 140.605118, 12461.700195>
SCRIPT       : 16:09:46.101 [EXPANSION DEBUG]: LoadMissionTradersFile trader ExpansionTraderGabi<55b66730> fileName Special
SCRIPT       : 16:09:46.109 [EXPANSION DEBUG]: ExpansionTraderElias<55b530e0>::SetTraderObject ExpansionTraderObjectBase<5901de20> <11877.799805, 140.134796, 12441.599609>
SCRIPT       : 16:09:46.109 [EXPANSION DEBUG]: LoadMissionTradersFile trader ExpansionTraderElias<55b530e0> fileName Vehicles
SCRIPT       : 16:09:46.109 [EXPANSION DEBUG]: ExpansionTraderHassan<590bb4c0>::SetTraderObject ExpansionTraderObjectBase<590243b0> <11878.674805, 140.134796, 12424.302734>
SCRIPT       : 16:09:46.109 [EXPANSION DEBUG]: LoadMissionTradersFile trader ExpansionTraderHassan<590bb4c0> fileName Vehicle_Parts
SCRIPT       : 16:09:46.113 [EXPANSION DEBUG]: ExpansionTraderDenis<590afa90>::SetTraderObject ExpansionTraderObjectBase<59028fa0> <11833.576172, 140.605072, 12469.492188>
SCRIPT       : 16:09:46.113 [EXPANSION DEBUG]: LoadMissionTradersFile trader ExpansionTraderDenis<590afa90> fileName Weapons
SCRIPT       : 16:09:46.117 [EXPANSION DEBUG]: ExpansionTraderLinda<590a7e70>::SetTraderObject ExpansionTraderObjectBase<5915c940> <11852.194336, 140.660980, 12472.387695>
SCRIPT       : 16:09:46.117 [EXPANSION DEBUG]: LoadMissionTradersFile trader ExpansionTraderLinda<590a7e70> fileName BuildingSupplies
SCRIPT       : 16:09:46.121 [EXPANSION DEBUG]: ExpansionTraderManua<590a4060>::SetTraderObject ExpansionTraderObjectBase<59179a90> <11879.722656, 140.094788, 12435.959961>
SCRIPT       : 16:09:46.121 [EXPANSION DEBUG]: LoadMissionTradersFile trader ExpansionTraderManua<590a4060> fileName Spraycans
SCRIPT       : 16:09:46.132 [EXPANSION DEBUG]: ExpansionTraderIrena<590b76b0>::SetTraderObject ExpansionTraderObjectBase<5926c1f0> <12160.279297, 140.580765, 12689.783203>
SCRIPT       : 16:09:46.132 [EXPANSION DEBUG]: LoadMissionTradersFile trader ExpansionTraderIrena<590b76b0> fileName Aircraft
SCRIPT       : [ExpansionQuestPersistentServerData] Load existing configuration file:$profile:ExpansionMod\Quests\PersistentServerData.json
SCRIPT       : [ExpansionQuestPersistentServerData] Load existing configuration file:$profile:ExpansionMod\Quests\PersistentServerData.json
SCRIPT       : [ExpansionQuestObjectiveTravelConfig] Load existing configuration file:$profile:ExpansionMod\Quests\Objectives\Travel\Objective_T_1.json
SCRIPT       : [ExpansionQuestObjectiveTravelConfig] Load existing configuration file:$profile:ExpansionMod\Quests\Objectives\Travel\Objective_T_2.json
SCRIPT       : [ExpansionQuestObjectiveTravelConfig] Load existing configuration file:$profile:ExpansionMod\Quests\Objectives\Travel\Objective_T_3.json
SCRIPT       : [ExpansionQuestObjectiveTravelConfig] Load existing configuration file:$profile:ExpansionMod\Quests\Objectives\Travel\Objective_T_4.json
SCRIPT       : [ExpansionQuestObjectiveTargetConfig] Load existing configuration file:$profile:ExpansionMod\Quests\Objectives\Target\Objective_TA_1.json
SCRIPT       : [ExpansionQuestObjectiveTargetConfig] Load existing configuration file:$profile:ExpansionMod\Quests\Objectives\Target\Objective_TA_2.json
SCRIPT       : [ExpansionQuestObjectiveTargetConfig] Load existing configuration file:$profile:ExpansionMod\Quests\Objectives\Target\Objective_TA_3.json
SCRIPT       : [ExpansionQuestObjectiveTargetConfig] Load existing configuration file:$profile:ExpansionMod\Quests\Objectives\Target\Objective_TA_4.json
SCRIPT       : [ExpansionQuestObjectiveDeliveryConfig] Load existing configuration file:$profile:ExpansionMod\Quests\Objectives\Delivery\Objective_D_1.json
SCRIPT       : [ExpansionQuestObjectiveDeliveryConfig] Load existing configuration file:$profile:ExpansionMod\Quests\Objectives\Delivery\Objective_D_2.json
SCRIPT       : [ExpansionQuestObjectiveCollectionConfig] Load existing configuration file:$profile:ExpansionMod\Quests\Objectives\Collection\Objective_C_1.json
SCRIPT       : [ExpansionQuestObjectiveCollectionConfig] Load existing configuration file:$profile:ExpansionMod\Quests\Objectives\Collection\Objective_C_2.json
SCRIPT       : [ExpansionQuestObjectiveCollectionConfig] Load existing configuration file:$profile:ExpansionMod\Quests\Objectives\Collection\Objective_C_3.json
SCRIPT       : [ExpansionQuestObjectiveTreasureHuntConfig] Load existing configuration file:$profile:ExpansionMod\Quests\Objectives\TreasureHunt\Objective_TH_1.json
SCRIPT       : [ExpansionQuestObjectiveActionConfig] Load existing configuration file:$profile:ExpansionMod\Quests\Objectives\Action\Objective_A_1.json
SCRIPT       : [ExpansionQuestObjectiveActionConfig] Load existing configuration file:$profile:ExpansionMod\Quests\Objectives\Action\Objective_A_2.json
SCRIPT       : [ExpansionQuestObjectiveCraftingConfig] Load existing configuration file:$profile:ExpansionMod\Quests\Objectives\Crafting\Objective_CR_1.json
SCRIPT       : [ExpansionQuestObjectiveAIPatrolConfig] Load existing configuration file:$profile:ExpansionMod\Quests\Objectives\AIPatrol\Objective_AIP_1.json
SCRIPT       : [ExpansionQuestObjectiveAICampConfig] Load existing configuration file:$profile:ExpansionMod\Quests\Objectives\AICamp\Objective_AIC_1.json
SCRIPT       : [ExpansionQuestObjectiveAIEscortConfig] Load existing configuration file:$profile:ExpansionMod\Quests\Objectives\AIVIP\Objective_AIESCORT_1.json
SCRIPT       : [ExpansionQuestNPCData] Load existing configuration file:QuestNPC_1.json
SCRIPT       : [ExpansionQuestNPCData] Load existing configuration file:QuestNPC_2.json
SCRIPT       : [ExpansionQuestNPCData] Load existing configuration file:QuestNPC_3.json
SCRIPT       : 16:10:00.148 [EXPANSION DEBUG]: ExpansionP2PTraderAIIrena<3626010>::SetP2PTraderID - ID: 1
SCRIPT       : ExpansionZonePolygon<bc489f40> position=<12015.854492, 0.000000, 12591.097656> radius=419.633
SCRIPT       : ExpansionZoneCircle<4a1a080> position=<1143.140015, 0.000000, 2423.270020> radius=700
SCRIPT       : ExpansionZoneCircle<4a1a020> position=<3728.270020, 0.000000, 6003.600098> radius=500
SCRIPT       : Found 3 zones!
SCRIPT       : ExpansionMarketItem marketItem = ExpansionMarketItem<374f6be0>
SCRIPT       : int worth =   1
SCRIPT       : 16:10:00.203 [EXPANSION DEBUG]: ExpansionQuestNPCAIDenis<1e7a140>::OnEnterSafeZone
SCRIPT       : bool m_Expansion_LeavingSafeZone = 0
SCRIPT       : bool m_Expansion_IsInSafeZone = 0
SCRIPT       : bool m_Expansion_IsInSafeZoneSynchRemote = 0
SCRIPT       : 16:10:00.203 [EXPANSION DEBUG]: ExpansionP2PTraderAIIrena<3626010>::OnEnterSafeZone
SCRIPT       : bool m_Expansion_LeavingSafeZone = 0
SCRIPT       : bool m_Expansion_IsInSafeZone = 0
SCRIPT       : bool m_Expansion_IsInSafeZoneSynchRemote = 0
SCRIPT       : [emote] ExpansionP2PTraderAIIrena:043 play emote id=46 IH=null
SCRIPT       : 16:10:01.718 [EXPANSION DEBUG]: ExpansionItemSpawnHelper::Clone - created SVD:030885 at location { type=HANDS item=SVD:030793 parent=ExpansionQuestNPCAIDenis:044 }
SCRIPT       : 16:10:01.718 [EXPANSION DEBUG]: ExpansionItemSpawnHelper::Clone - created Mag_SVD_10Rnd:030886 at location { type=ATTACHMENT item=null parent=SVD:030885 slot=magazine }
SCRIPT       : [emote] ExpansionQuestNPCAIDenis:044 play emote id=46 IH=SVD:030885
SCRIPT       : 16:10:02.468 [EXPANSION DEBUG]: ExpansionItemSpawnHelper::Clone - created FAL:030794 at location { type=HANDS item=FAL:030808 parent=ExpansionQuestNPCAIElias:045 }
SCRIPT       : 16:10:02.468 [EXPANSION DEBUG]: ExpansionItemSpawnHelper::Clone - created Fal_OeBttstck:030793 at location { type=ATTACHMENT item=null parent=FAL:030794 slot=weaponButtstockFal }
SCRIPT       : 16:10:02.468 [EXPANSION DEBUG]: ExpansionItemSpawnHelper::Clone - created Mag_FAL_20Rnd:030887 at location { type=ATTACHMENT item=null parent=FAL:030794 slot=magazine }
SCRIPT       : [emote] ExpansionQuestNPCAIElias:045 play emote id=14 IH=FAL:030794
SCRIPT       : 16:11:08.207 [EXPANSION DEBUG]: ExpansionHardlineModule<338c7b0> ::LoadPlayerData - Loaded player hardline data for player Blorpus9000[3I2KPiMwtNrbRzLe964-q3OrI2Ligr9LBcsFxmVIl3Q=]
SCRIPT       : 16:11:18.710 [EXPANSION DEBUG]: ExpansionQuestModule<648cc00> Sending 21 quest configs to client with UID: 3I2KPiMwtNrbRzLe964-q3OrI2Ligr9LBcsFxmVIl3Q=
SCRIPT       : 16:11:18.710 [EXPANSION DEBUG]: ExpansionQuestModule<648cc00> Sending player quest data for 4 quests to player with UID: 3I2KPiMwtNrbRzLe964-q3OrI2Ligr9LBcsFxmVIl3Q=
SCRIPT       : [Logout]: New player 3I2KPiMwtNrbRzLe964-q3OrI2Ligr9LBcsFxmVIl3Q= with logout time 3
SCRIPT       : [emote] SurvivorM_Quinn:046 play emote id=14 IH=null
SCRIPT       : 16:12:05.082 [EXPANSION DEBUG]: ExpansionQuestPersistentData<21bcf5c0> ~ExpansionQuestPersistentData (4)
SCRIPT       : [Logout]: Player 3I2KPiMwtNrbRzLe964-q3OrI2Ligr9LBcsFxmVIl3Q= finished
