---------------------------------------------
Log C:\Program Files (x86)\Steam\steamapps\common\DayZServerAug2\config\script_2023-08-17_20-32-52.log started at 17.08. 20:32:52

SCRIPT       : Registered 397 temporary action enum(s), UAN==397
SCRIPT       : Registering faction type eAIFactionShamans ID -1484989417
SCRIPT       : Registering faction type eAIFactionObservers ID -563736721
SCRIPT       : Registering faction type eAIFactionInvincibleObservers ID -1227299746
SCRIPT       : Registering faction type eAIFactionEast ID 90522109
SCRIPT       : Registering faction type eAIFactionGuards ID 963933710
SCRIPT       : Registering faction type eAIFactionRaiders ID 1535276022
SCRIPT       : Registering faction type eAIFactionMercenaries ID 1629891834
SCRIPT       : Registering faction type eAIFactionWest ID 113880155
SCRIPT       : Registering faction type eAIFactionCivilian ID 1096178351
SCRIPT       : Registering faction type eAIFactionPassive ID -1159399789
SCRIPT       : Registering faction type eAIFactionInvincibleGuards ID 782746017
SCRIPT       : ... Backlit Effects Enabled
SCRIPT       : 20:32:53 [EXPANSION LOG]: DayZGame<b65bcf80> Start time (local time) 2023-08-17 20:32:46
SCRIPT       : 20:32:53 [EXPANSION LOG]: DayZGame<b65bcf80> Start time (UTC) 2023-08-18 01:32:46
SCRIPT       : 20:32:53 [EXPANSION LOG]: DayZGame<b65bcf80> Runtime since start (seconds) 7.239
SCRIPT    (W): @"JM/COT/Scripts/4_World/communityonlinetools\classes\webhook\jmwebhookdiscordmessage.c,19": Possible variable name conflict 'username'
SCRIPT    (W): @"JM/COT/Scripts/4_World/communityonlinetools\classes\webhook\jmwebhookdiscordmessage.c,19": Possible variable name conflict 'avatar_url'
SCRIPT    (W): @"JM/COT/Scripts/4_World/communityonlinetools\classes\webhook\jmwebhookdiscordmessage.c,19": Possible variable name conflict 'content'
SCRIPT    (W): @"JM/COT/Scripts/4_World/communityonlinetools\classes\webhook\jmwebhookdiscordmessage.c,151": Possible variable name conflict 'url'
SCRIPT    (W): @"JM/COT/Scripts/4_World/communityonlinetools\classes\webhook\jmwebhookdiscordmessage.c,172": Possible variable name conflict 'url'
SCRIPT    (W): @"JM/COT/Scripts/4_World/communityonlinetools\classes\webhook\jmwebhookdiscordmessage.c,180": Possible variable name conflict 'url'
SCRIPT       : 20:33:07.671 [EXPANSION DEBUG]: [ExpansionDebugSettings] Load existing setting file:$profile:ExpansionMod\Settings\DebugSettings.json
SCRIPT       : 20:33:07.679 [EXPANSION DEBUG]: [ExpansionLogSettings] Load existing setting file:$profile:ExpansionMod\Settings\LogsSettings.json
SCRIPT       : 20:33:07.687 [EXPANSION DEBUG]: [ExpansionNotificationSettings] Load existing setting file:$profile:ExpansionMod\Settings\NotificationSettings.json
SCRIPT       : 20:33:07.687 [EXPANSION DEBUG]: [ExpansionMonitoringSettings] Load existing setting file:$profile:ExpansionMod\Settings\MonitoringSettings.json
SCRIPT       : 20:33:07.695 [EXPANSION DEBUG]: [ExpansionDamageSystemSettings] Load existing setting file:$profile:ExpansionMod\Settings\DamageSystemSettings.json
SCRIPT       : 20:33:07.695 [EXPANSION DEBUG]: [ExpansionPartySettings] Load existing setting file:$profile:ExpansionMod\Settings\PartySettings.json
SCRIPT       : 20:33:07.703 [EXPANSION DEBUG]: [ExpansionHardlineSettings] Load existing setting file:$mission:expansion\settings\HardlineSettings.json
SCRIPT       : 20:33:07.710 [EXPANSION DEBUG]: [ExpansionMarketSettings] Load existing setting file:$mission:expansion\settings\MarketSettings.json
SCRIPT       : ExpansionMarketSettings::LoadCategories - Adding category ID 1 (Ammo)
SCRIPT       : ExpansionMarketSettings::LoadCategories - Adding category ID 2 (Ammo_Boxes)
SCRIPT       : ExpansionMarketSettings::LoadCategories - Adding category ID 3 (Armbands)
SCRIPT       : ExpansionMarketSettings::LoadCategories - Adding category ID 4 (Assault_Rifles)
SCRIPT       : ExpansionMarketSettings::LoadCategories - Adding category ID 5 (Backpacks)
SCRIPT       : ExpansionMarketSettings::LoadCategories - Adding category ID 6 (Bandanas)
SCRIPT       : ExpansionMarketSettings::LoadCategories - Adding category ID 7 (Batteries)
SCRIPT       : ExpansionMarketSettings::LoadCategories - Adding category ID 8 (Bayonets)
SCRIPT       : ExpansionMarketSettings::LoadCategories - Adding category ID 9 (Belts)
SCRIPT       : ExpansionMarketSettings::LoadCategories - Adding category ID 10 (Blouses_And_Suits)
SCRIPT       : ExpansionMarketSettings::LoadCategories - Adding category ID 11 (Boats)
SCRIPT       : ExpansionMarketSettings::LoadCategories - Adding category ID 12 (Boots_And_Shoes)
SCRIPT       : ExpansionMarketSettings::LoadCategories - Adding category ID 13 (Buttstocks)
SCRIPT       : ExpansionMarketSettings::LoadCategories - Adding category ID 14 (Caps)
SCRIPT       : ExpansionMarketSettings::LoadCategories - Adding category ID 15 (Cars)
SCRIPT       : ExpansionMarketSettings::LoadCategories - Adding category ID 16 (Coats_And_Jackets)
SCRIPT       : ExpansionMarketSettings::LoadCategories - Adding category ID 17 (Containers)
SCRIPT       : ExpansionMarketSettings::LoadCategories - Adding category ID 18 (Crossbows)
SCRIPT       : ExpansionMarketSettings::LoadCategories - Adding category ID 19 (Drinks)
SCRIPT       : ExpansionMarketSettings::LoadCategories - Adding category ID 20 (Electronics)
SCRIPT       : ExpansionMarketSettings::LoadCategories - Adding category ID 21 (Event)
SCRIPT       : ExpansionMarketSettings::LoadCategories - Adding category ID 22 (Exchange)
SCRIPT       : ExpansionMarketSettings::LoadCategories - Adding category ID 23 (Explosives_And_Grenades)
SCRIPT       : ExpansionMarketSettings::LoadCategories - Adding category ID 24 (Eyewear)
SCRIPT       : ExpansionMarketSettings::LoadCategories - Adding category ID 25 (Fish)
SCRIPT       : ExpansionMarketSettings::LoadCategories - Adding category ID 26 (Fishing)
SCRIPT       : ExpansionMarketSettings::LoadCategories - Adding category ID 27 (Flags)
SCRIPT       : ExpansionMarketSettings::LoadCategories - Adding category ID 28 (Food)
SCRIPT       : ExpansionMarketSettings::LoadCategories - Adding category ID 29 (Fruit_And_Vegetables)
SCRIPT       : ExpansionMarketSettings::LoadCategories - Adding category ID 30 (Furnishings)
SCRIPT       : ExpansionMarketSettings::LoadCategories - Adding category ID 31 (Gardening)
SCRIPT       : ExpansionMarketSettings::LoadCategories - Adding category ID 32 (Ghillies)
SCRIPT       : ExpansionMarketSettings::LoadCategories - Adding category ID 33 (Gloves)
SCRIPT       : ExpansionMarketSettings::LoadCategories - Adding category ID 34 (Handguards)
SCRIPT       : ExpansionMarketSettings::LoadCategories - Adding category ID 35 (Hats_And_Hoods)
SCRIPT       : ExpansionMarketSettings::LoadCategories - Adding category ID 36 (Helicopters)
SCRIPT       : ExpansionMarketSettings::LoadCategories - Adding category ID 37 (Helmets)
SCRIPT       : ExpansionMarketSettings::LoadCategories - Adding category ID 38 (Holsters_And_Pouches)
SCRIPT       : ExpansionMarketSettings::LoadCategories - Adding category ID 39 (Kits)
SCRIPT       : ExpansionMarketSettings::LoadCategories - Adding category ID 40 (Knifes)
SCRIPT       : ExpansionMarketSettings::LoadCategories - Adding category ID 41 (Launchers)
SCRIPT       : ExpansionMarketSettings::LoadCategories - Adding category ID 42 (Lights)
SCRIPT       : ExpansionMarketSettings::LoadCategories - Adding category ID 43 (Liquids)
SCRIPT       : ExpansionMarketSettings::LoadCategories - Adding category ID 44 (Locks)
SCRIPT       : ExpansionMarketSettings::LoadCategories - Adding category ID 45 (Magazines)
SCRIPT       : ExpansionMarketSettings::LoadCategories - Adding category ID 46 (Masks)
SCRIPT       : ExpansionMarketSettings::LoadCategories - Adding category ID 47 (Meat)
SCRIPT       : ExpansionMarketSettings::LoadCategories - Adding category ID 48 (Medical)
SCRIPT       : ExpansionMarketSettings::LoadCategories - Adding category ID 49 (Melee_Weapons)
SCRIPT       : ExpansionMarketSettings::LoadCategories - Adding category ID 50 (MMG_Armored_Helmet_Visor)
SCRIPT       : ExpansionMarketSettings::LoadCategories - Adding category ID 51 (MMG_BackPacks)
SCRIPT       : ExpansionMarketSettings::LoadCategories - Adding category ID 52 (MMG_Belts)
SCRIPT       : ExpansionMarketSettings::LoadCategories - Adding category ID 53 (MMG_Boots)
SCRIPT       : ExpansionMarketSettings::LoadCategories - Adding category ID 54 (MMG_Bottle)
SCRIPT       : ExpansionMarketSettings::LoadCategories - Adding category ID 55 (MMG_Carbine)
SCRIPT       : ExpansionMarketSettings::LoadCategories - Adding category ID 56 (MMG_Chest_Rigs)
SCRIPT       : ExpansionMarketSettings::LoadCategories - Adding category ID 57 (MMG_Facemask)
SCRIPT       : ExpansionMarketSettings::LoadCategories - Adding category ID 58 (MMG_Gloves)
SCRIPT       : ExpansionMarketSettings::LoadCategories - Adding category ID 59 (MMG_Goggles)
SCRIPT       : ExpansionMarketSettings::LoadCategories - Adding category ID 60 (MMG_Headphones)
SCRIPT       : ExpansionMarketSettings::LoadCategories - Adding category ID 61 (MMG_Holsters)
SCRIPT       : ExpansionMarketSettings::LoadCategories - Adding category ID 62 (MMG_NBC)
SCRIPT       : ExpansionMarketSettings::LoadCategories - Adding category ID 63 (MMG_Pants)
SCRIPT       : ExpansionMarketSettings::LoadCategories - Adding category ID 64 (MMG_Patches)
SCRIPT       : ExpansionMarketSettings::LoadCategories - Adding category ID 65 (MMG_Plate_Carriers)
SCRIPT       : ExpansionMarketSettings::LoadCategories - Adding category ID 66 (MMG_Pouches)
SCRIPT       : ExpansionMarketSettings::LoadCategories - Adding category ID 67 (MMG_Shirts)
SCRIPT       : ExpansionMarketSettings::LoadCategories - Adding category ID 68 (MMG_Sniper_Boonie)
SCRIPT       : ExpansionMarketSettings::LoadCategories - Adding category ID 69 (Muzzles)
SCRIPT       : ExpansionMarketSettings::LoadCategories - Adding category ID 70 (Navigation)
SCRIPT       : ExpansionMarketSettings::LoadCategories - Adding category ID 71 (Optics)
SCRIPT       : ExpansionMarketSettings::LoadCategories - Adding category ID 72 (Pants_And_Shorts)
SCRIPT       : ExpansionMarketSettings::LoadCategories - Adding category ID 73 (Pistols)
SCRIPT       : ExpansionMarketSettings::LoadCategories - Adding category ID 74 (Rifles)
SCRIPT       : ExpansionMarketSettings::LoadCategories - Adding category ID 75 (Shirts_And_TShirts)
SCRIPT       : ExpansionMarketSettings::LoadCategories - Adding category ID 76 (Shotguns)
SCRIPT       : ExpansionMarketSettings::LoadCategories - Adding category ID 77 (Skirts_And_Dresses)
SCRIPT       : ExpansionMarketSettings::LoadCategories - Adding category ID 78 (Sniper_Rifles)
SCRIPT       : ExpansionMarketSettings::LoadCategories - Adding category ID 79 (Spraycans)
SCRIPT       : ExpansionMarketSettings::LoadCategories - Adding category ID 80 (Submachine_Guns)
SCRIPT       : ExpansionMarketSettings::LoadCategories - Adding category ID 81 (Supplies)
SCRIPT       : ExpansionMarketSettings::LoadCategories - Adding category ID 82 (Sweaters_And_Hoodies)
SCRIPT       : ExpansionMarketSettings::LoadCategories - Adding category ID 83 (Tents)
SCRIPT       : ExpansionMarketSettings::LoadCategories - Adding category ID 84 (Tools)
SCRIPT       : ExpansionMarketSettings::LoadCategories - Adding category ID 85 (Vehicle_Parts)
SCRIPT       : ExpansionMarketSettings::LoadCategories - Adding category ID 86 (Vests)
SCRIPT       : 20:33:08.187 [EXPANSION DEBUG]: [ExpansionAirdropSettings] Load existing setting file:$profile:ExpansionMod\Settings\AirdropSettings.json
SCRIPT       : 20:33:08.312 [EXPANSION DEBUG]: [ExpansionMissionSettings] Load existing setting file:$profile:ExpansionMod\Settings\MissionSettings.json
SCRIPT       : 20:33:08.312 [EXPANSION DEBUG]: [ExpansionMapSettings] Load existing setting file:$mission:expansion\settings\MapSettings.json
SCRIPT       : 20:33:08.343 [EXPANSION DEBUG]: [ExpansionPersonalStorageNewSettings] Load existing setting file:$profile:ExpansionMod\Settings\PersonalStorageNewSettings.json
SCRIPT       : 20:33:08.343 [EXPANSION DEBUG]: [ExpansionGeneralSettings] Load existing setting file:$profile:ExpansionMod\Settings\GeneralSettings.json
SCRIPT       : 20:33:08.351 [EXPANSION DEBUG]: [ExpansionPlayerListSettings] Load existing setting file:$profile:ExpansionMod\Settings\PlayerListSettings.json
SCRIPT       : 20:33:08.351 [EXPANSION DEBUG]: [ExpansionSocialMediaSettings] Load existing setting file:$profile:ExpansionMod\Settings\SocialMediaSettings.json
SCRIPT       : 20:33:08.351 [EXPANSION DEBUG]: [ExpansionSpawnSettings] Load existing setting file:$mission:expansion\settings\SpawnSettings.json
SCRIPT       : 20:33:08.359 [EXPANSION DEBUG]: [ExpansionVehicleSettings] Load existing setting file:$profile:ExpansionMod\Settings\VehicleSettings.json
SCRIPT       : 20:33:08.367 [EXPANSION DEBUG]: [ExpansionAISettings] Load existing setting file:$profile:ExpansionMod\Settings\AISettings.json
SCRIPT       : 20:33:08.367 [EXPANSION DEBUG]: [ExpansionAIPatrolSettings] Load existing setting file:$mission:expansion\settings\AIPatrolSettings.json
SCRIPT       : 20:33:08.375 [EXPANSION DEBUG]: [ExpansionBaseBuildingSettings] Load existing setting file:$mission:expansion\settings\BaseBuildingSettings.json
SCRIPT       : 20:33:08.382 [EXPANSION DEBUG]: [ExpansionRaidSettings] Load existing setting file:$profile:ExpansionMod\Settings\RaidSettings.json
SCRIPT       : 20:33:08.382 [EXPANSION DEBUG]: [ExpansionTerritorySettings] Load existing setting file:$profile:ExpansionMod\Settings\TerritorySettings.json
SCRIPT       : 20:33:08.390 [EXPANSION DEBUG]: [ExpansionChatSettings] Load existing setting file:$profile:ExpansionMod\Settings\ChatSettings.json
SCRIPT       : Expansion version: 1.8.21
SCRIPT       : [DefineTest] EXPANSIONMOD is defined
SCRIPT       : [DefineTest] EXPANSIONMODAI is defined
SCRIPT       : [DefineTest] EXPANSIONMODANIMATIONS is defined
SCRIPT       : [DefineTest] EXPANSIONMODBASEBUILDING is defined
SCRIPT       : [DefineTest] EXPANSIONMODBOOK is defined
SCRIPT       : [DefineTest] EXPANSIONMODCHAT is defined
SCRIPT       : [DefineTest] EXPANSIONMODCORE is defined
SCRIPT       : [DefineTest] EXPANSIONMODGARAGE is defined
SCRIPT       : [DefineTest] EXPANSIONMODGROUPS is defined
SCRIPT       : [DefineTest] EXPANSIONMODHARDLINE is defined
SCRIPT       : [DefineTest] EXPANSIONMODKILLFEED is defined
SCRIPT       : [DefineTest] EXPANSIONMODMAPASSETS is defined
SCRIPT       : [DefineTest] EXPANSIONMODMARKET is defined
SCRIPT       : [DefineTest] EXPANSIONMODMISSIONS is defined
SCRIPT       : [DefineTest] EXPANSIONMODNAMETAGS is defined
SCRIPT       : [DefineTest] EXPANSIONMODNAVIGATION is defined
SCRIPT       : [DefineTest] EXPANSIONMODP2PMARKET is defined
SCRIPT       : [DefineTest] EXPANSIONMODPERSONALSTORAGE is defined
SCRIPT       : [DefineTest] EXPANSIONMODQUESTS is defined
SCRIPT       : [DefineTest] EXPANSIONMODSPAWNSELECTION is defined
SCRIPT       : [DefineTest] EXPANSIONMODVEHICLE is defined
SCRIPT       : [DefineTest] EXPANSIONMODWEAPONS is defined
SCRIPT       : [DefineTest] CfgMods:
SCRIPT       : defaultAction
SCRIPT       : DayZ
SCRIPT       : DZ_Expansion_AI_Preload
SCRIPT       : DZ_Expansion_Animations_Preload
SCRIPT       : DZ_Expansion_BaseBuilding_Preload
SCRIPT       : DZ_Expansion_Book_Preload
SCRIPT       : DZ_Expansion_Chat_Preload
SCRIPT       : DZ_Expansion_Core_Preload
SCRIPT       : DZ_Expansion_Garage_Preload
SCRIPT       : DZ_Expansion_Groups_Preload
SCRIPT       : DZ_Expansion_Hardline_Preload
SCRIPT       : DZ_Expansion_KillFeed_Preload
SCRIPT       : DZ_Expansion_MapAssets_Preload
SCRIPT       : DZ_Expansion_Market_Preload
SCRIPT       : DZ_Expansion_Missions_Preload
SCRIPT       : DZ_Expansion_ModStorage_Preload
SCRIPT       : DZ_Expansion_NameTags_Preload
SCRIPT       : DZ_Expansion_Navigation_Preload
SCRIPT       : DZ_Expansion_P2PMarket_Preload
SCRIPT       : DZ_Expansion_PersonalStorage_Preload
SCRIPT       : DZ_Expansion_Preload
SCRIPT       : DZ_Expansion_Quests_Preload
SCRIPT       : DZ_Expansion_SpawnSelection_Preload
SCRIPT       : DZ_Expansion_Vehicles_Preload
SCRIPT       : DZ_Expansion_Weapons_Preload
SCRIPT       : DZ_DabsFramework
SCRIPT       : DZ_Expansion_DefineTest
SCRIPT       : DZ_Expansion_MapAssets
SCRIPT       : bliss
SCRIPT       : JM_CommunityFramework
SCRIPT       : JM_CommunityOnlineTools
SCRIPT       : PvZmoD_CustomisableZombies
SCRIPT       : BoostZombiesVisionAddon
SCRIPT       : DZ_Editor_Loader
SCRIPT       : DZ_Expansion_ModStorage
SCRIPT       : DZ_Expansion_Core
SCRIPT       : DZ_Expansion_Garage
SCRIPT       : DZ_Expansion_Groups
SCRIPT       : DZ_Expansion_Market
SCRIPT       : DZ_Expansion_Missions
SCRIPT       : DZ_Expansion_NameTags
SCRIPT       : DZ_Expansion_Navigation
SCRIPT       : DZ_Expansion_NotificationScheduler
SCRIPT       : DZ_Expansion_P2PMarket
SCRIPT       : DZ_Expansion_PersonalStorage
SCRIPT       : DZ_Expansion_PersonalStorageNew
SCRIPT       : DZ_Expansion_PlayerList
SCRIPT       : DZ_Expansion
SCRIPT       : DZ_Expansion_SpawnSelection
SCRIPT       : DZ_Expansion_VanillaFixes
SCRIPT       : DZ_Expansion_Vehicles
SCRIPT       : DZ_Expansion_Weapons
SCRIPT       : jpc_vest
SCRIPT       : DZ_Expansion_AI
SCRIPT       : DZ_Expansion_BaseBuilding
SCRIPT       : DZ_Expansion_Book
SCRIPT       : DZ_Expansion_Chat
SCRIPT       : DZ_Expansion_Hardline
SCRIPT       : DZ_Expansion_Quests
SCRIPT       : DZ_Expansion_VirtualContainerStorage
SCRIPT       : DayZ_Expansion_AI_Dynamic
SCRIPT       : 20:33:09.031 [EXPANSION DEBUG]: ModStorage v5
SCRIPT       : 20:33:12.046 [EXPANSION DEBUG]: ExpansionTraderJudy<523ca010>::SetTraderObject ExpansionTraderObjectBase<cabf07a0> <4973.928711, 9.510984, 2436.782959>
SCRIPT       : 20:33:12.046 [EXPANSION DEBUG]: LoadMissionTradersFile trader ExpansionTraderJudy<523ca010> fileName Aircraft
SCRIPT       : 20:33:12.062 [EXPANSION DEBUG]: ExpansionTraderJose<cac4d020>::SetTraderObject ExpansionTraderObjectBase<cacd4190> <14353.624023, 3.326771, 13229.217773>
SCRIPT       : 20:33:12.062 [EXPANSION DEBUG]: LoadMissionTradersFile trader ExpansionTraderJose<cac4d020> fileName Boats
SCRIPT       : 20:33:12.070 [EXPANSION DEBUG]: ExpansionTraderEva<523d9e20>::SetTraderObject ExpansionTraderObjectBase<cacf2320> <14378.793945, 3.325975, 13271.585938>
SCRIPT       : 20:33:12.070 [EXPANSION DEBUG]: LoadMissionTradersFile trader ExpansionTraderEva<523d9e20> fileName Fishing
SCRIPT       : 20:33:12.078 [EXPANSION DEBUG]: ExpansionTraderLewis<7a60a2b0>::SetTraderObject ExpansionTraderObjectBase<d3f89840> <1756.656372, 1.415564, 2027.359741>
SCRIPT       : 20:33:12.078 [EXPANSION DEBUG]: LoadMissionTradersFile trader ExpansionTraderLewis<7a60a2b0> fileName Boats
SCRIPT       : 20:33:12.085 [EXPANSION DEBUG]: LoadMissionTradersFile trader ExpansionTraderStaticBase<b0ae37b0> fileName Exchange
SCRIPT       : 20:33:12.101 [EXPANSION DEBUG]: ExpansionTraderDenis<6dbf9c20>::SetTraderObject ExpansionTraderObjectBase<d416cbc0> <3697.249512, 402.010010, 5977.625488>
SCRIPT       : 20:33:12.101 [EXPANSION DEBUG]: LoadMissionTradersFile trader ExpansionTraderDenis<6dbf9c20> fileName Clothing
SCRIPT       : 20:33:12.117 [EXPANSION DEBUG]: ExpansionTraderMaria<d42ad010>::SetTraderObject ExpansionTraderObjectBase<d4253160> <3696.455811, 402.010010, 5980.193359>
SCRIPT       : 20:33:12.117 [EXPANSION DEBUG]: LoadMissionTradersFile trader ExpansionTraderMaria<d42ad010> fileName Clothing_Accessories
SCRIPT       : 20:33:12.132 [EXPANSION DEBUG]: ExpansionTraderQuinn<d412f020>::SetTraderObject ExpansionTraderObjectBase<d43bf310> <3710.121826, 402.010010, 5976.164063>
SCRIPT       : 20:33:12.132 [EXPANSION DEBUG]: LoadMissionTradersFile trader ExpansionTraderQuinn<d412f020> fileName Consumables
SCRIPT       : 20:33:12.148 [EXPANSION DEBUG]: ExpansionTraderNaomi<d3fbb010>::SetTraderObject ExpansionTraderObjectBase<d4530c70> <3708.786865, 402.010010, 5974.589844>
SCRIPT       : 20:33:12.148 [EXPANSION DEBUG]: LoadMissionTradersFile trader ExpansionTraderNaomi<d3fbb010> fileName Weapons
SCRIPT       : 20:33:12.171 [EXPANSION DEBUG]: ExpansionTraderSeth<89900320>::SetTraderObject ExpansionTraderObjectBase<d46eaf90> <3710.265137, 402.010010, 5973.340820>
SCRIPT       : 20:33:12.171 [EXPANSION DEBUG]: LoadMissionTradersFile trader ExpansionTraderSeth<89900320> fileName Attachments
SCRIPT       : 20:33:12.179 [EXPANSION DEBUG]: ExpansionTraderRolf<898f48f0>::SetTraderObject ExpansionTraderObjectBase<d47bf630> <3698.172607, 402.010010, 5995.337402>
SCRIPT       : 20:33:12.179 [EXPANSION DEBUG]: LoadMissionTradersFile trader ExpansionTraderRolf<898f48f0> fileName Vehicles
SCRIPT       : 20:33:12.195 [EXPANSION DEBUG]: ExpansionTraderIndar<89907f40>::SetTraderObject ExpansionTraderObjectBase<d4905d70> <3714.531006, 402.138000, 5961.776367>
SCRIPT       : 20:33:12.195 [EXPANSION DEBUG]: LoadMissionTradersFile trader ExpansionTraderIndar<89907f40> fileName Components
SCRIPT       : 20:33:12.203 [EXPANSION DEBUG]: ExpansionTraderJudy<8990bd50>::SetTraderObject ExpansionTraderObjectBase<d490db60> <3729.029541, 402.651001, 5969.476563>
SCRIPT       : 20:33:12.203 [EXPANSION DEBUG]: LoadMissionTradersFile trader ExpansionTraderJudy<8990bd50> fileName Medicals
SCRIPT       : 20:33:12.203 [EXPANSION DEBUG]: ExpansionTraderNaomi<898f0ae0>::SetTraderObject ExpansionTraderObjectBase<d49161c0> <3690.062988, 402.100067, 6006.763672>
SCRIPT       : 20:33:12.203 [EXPANSION DEBUG]: LoadMissionTradersFile trader ExpansionTraderNaomi<898f0ae0> fileName Vehicle_Parts
SCRIPT       : 20:33:12.210 [EXPANSION DEBUG]: ExpansionTraderJose<8990fb60>::SetTraderObject ExpansionTraderObjectBase<d491aef0> <3699.629883, 402.010010, 5993.970215>
SCRIPT       : 20:33:12.210 [EXPANSION DEBUG]: LoadMissionTradersFile trader ExpansionTraderJose<8990fb60> fileName Spraycans
SCRIPT       : 20:33:12.226 [EXPANSION DEBUG]: ExpansionTraderLinda<89913970>::SetTraderObject ExpansionTraderObjectBase<d4afb8e0> <3674.669922, 406.760010, 5990.390137>
SCRIPT       : 20:33:12.226 [EXPANSION DEBUG]: LoadMissionTradersFile trader ExpansionTraderLinda<89913970> fileName Special
SCRIPT       : 20:33:12.234 [EXPANSION DEBUG]: ExpansionTraderNiki<899231b0>::SetTraderObject ExpansionTraderObjectBase<d4bfeff0> <3699.030029, 402.013000, 5973.439941>
SCRIPT       : 20:33:12.234 [EXPANSION DEBUG]: LoadMissionTradersFile trader ExpansionTraderNiki<899231b0> fileName BuildingSupplies
SCRIPT       : 20:33:12.234 [EXPANSION DEBUG]: ExpansionTraderNiki<89917780>::SetTraderObject ExpansionTraderObjectBase<d4c058a0> <3697.030029, 402.013000, 5973.439941>
SCRIPT       : 20:33:12.234 [EXPANSION DEBUG]: LoadMissionTradersFile trader ExpansionTraderNiki<89917780> fileName MMG
SCRIPT       : 20:33:12.250 [EXPANSION DEBUG]: ExpansionTraderFrancis<8991b590>::SetTraderObject ExpansionTraderObjectBase<d4d2d590> <1153.964844, 6.463035, 2409.763184>
SCRIPT       : 20:33:12.250 [EXPANSION DEBUG]: LoadMissionTradersFile trader ExpansionTraderFrancis<8991b590> fileName Attachments
SCRIPT       : 20:33:12.257 [EXPANSION DEBUG]: ExpansionTraderKaito<8991f3a0>::SetTraderObject ExpansionTraderObjectBase<d4e30980> <1117.021240, 5.495151, 2413.766357>
SCRIPT       : 20:33:12.257 [EXPANSION DEBUG]: LoadMissionTradersFile trader ExpansionTraderKaito<8991f3a0> fileName Components
SCRIPT       : 20:33:12.265 [EXPANSION DEBUG]: ExpansionTraderCyril<89926fc0>::SetTraderObject ExpansionTraderObjectBase<d97b5690> <1136.987427, 5.908522, 2439.662598>
SCRIPT       : 20:33:12.265 [EXPANSION DEBUG]: LoadMissionTradersFile trader ExpansionTraderCyril<89926fc0> fileName Clothing
SCRIPT       : 20:33:12.273 [EXPANSION DEBUG]: ExpansionTraderGuo<8992add0>::SetTraderObject ExpansionTraderObjectBase<d981c8d0> <1133.974854, 5.909700, 2442.412598>
SCRIPT       : 20:33:12.273 [EXPANSION DEBUG]: LoadMissionTradersFile trader ExpansionTraderGuo<8992add0> fileName Clothing_Accessories
SCRIPT       : 20:33:12.281 [EXPANSION DEBUG]: ExpansionTraderBoris<d99836b0>::SetTraderObject ExpansionTraderObjectBase<d98fe760> <1123.468262, 15.349299, 2426.316162>
SCRIPT       : 20:33:12.281 [EXPANSION DEBUG]: LoadMissionTradersFile trader ExpansionTraderBoris<d99836b0> fileName Exchange
SCRIPT       : 20:33:12.281 [EXPANSION DEBUG]: ExpansionTraderLinda<d997ba90>::SetTraderObject ExpansionTraderObjectBase<d99046b0> <1135.892822, 5.908773, 2436.856689>
SCRIPT       : 20:33:12.281 [EXPANSION DEBUG]: LoadMissionTradersFile trader ExpansionTraderLinda<d997ba90> fileName Consumables
SCRIPT       : 20:33:12.289 [EXPANSION DEBUG]: ExpansionTraderKeiko<d99874c0>::SetTraderObject ExpansionTraderObjectBase<d9a2f840> <1130.731689, 5.951744, 2438.009277>
SCRIPT       : 20:33:12.289 [EXPANSION DEBUG]: LoadMissionTradersFile trader ExpansionTraderKeiko<d99874c0> fileName Medicals
SCRIPT       : 20:33:12.296 [EXPANSION DEBUG]: ExpansionTraderHelga<d9970060>::SetTraderObject ExpansionTraderObjectBase<d9b4bb30> <1141.654419, 5.906255, 2421.591309>
SCRIPT       : 20:33:12.296 [EXPANSION DEBUG]: LoadMissionTradersFile trader ExpansionTraderHelga<d9970060> fileName Special
SCRIPT       : 20:33:12.304 [EXPANSION DEBUG]: ExpansionTraderFrida<d997f8a0>::SetTraderObject ExpansionTraderObjectBase<d9c2c0f0> <1120.135132, 5.600746, 2417.465820>
SCRIPT       : 20:33:12.304 [EXPANSION DEBUG]: LoadMissionTradersFile trader ExpansionTraderFrida<d997f8a0> fileName Vehicles
SCRIPT       : 20:33:12.312 [EXPANSION DEBUG]: ExpansionTraderHassan<d998b2d0>::SetTraderObject ExpansionTraderObjectBase<d9d009a0> <1123.977905, 5.639271, 2417.411865>
SCRIPT       : 20:33:12.312 [EXPANSION DEBUG]: LoadMissionTradersFile trader ExpansionTraderHassan<d998b2d0> fileName Vehicle_Parts
SCRIPT       : 20:33:12.312 [EXPANSION DEBUG]: ExpansionTraderDenis<d998f0e0>::SetTraderObject ExpansionTraderObjectBase<d9d055e0> <1156.719727, 6.513331, 2406.355225>
SCRIPT       : 20:33:12.312 [EXPANSION DEBUG]: LoadMissionTradersFile trader ExpansionTraderDenis<d998f0e0> fileName Weapons
SCRIPT       : 20:33:12.320 [EXPANSION DEBUG]: ExpansionTraderGabi<d9973e70>::SetTraderObject ExpansionTraderObjectBase<d9e51080> <1135.689941, 5.900000, 2423.300049>
SCRIPT       : 20:33:12.320 [EXPANSION DEBUG]: LoadMissionTradersFile trader ExpansionTraderGabi<d9973e70> fileName BuildingSupplies
SCRIPT       : 20:33:12.328 [EXPANSION DEBUG]: ExpansionTraderFrancis<d9992ef0>::SetTraderObject ExpansionTraderObjectBase<d9e554a0> <11835.901367, 140.617874, 12474.744141>
SCRIPT       : 20:33:12.328 [EXPANSION DEBUG]: LoadMissionTradersFile trader ExpansionTraderFrancis<d9992ef0> fileName Attachments
SCRIPT       : 20:33:12.328 [EXPANSION DEBUG]: ExpansionTraderLinda<d9977c80>::SetTraderObject ExpansionTraderObjectBase<d9e59870> <11856.716797, 140.565109, 12461.438477>
SCRIPT       : 20:33:12.328 [EXPANSION DEBUG]: LoadMissionTradersFile trader ExpansionTraderLinda<d9977c80> fileName Consumables
SCRIPT       : 20:33:12.328 [EXPANSION DEBUG]: ExpansionTraderCyril<d9996d00>::SetTraderObject ExpansionTraderObjectBase<d9e5fe50> <11855.000000, 140.605103, 12466.099609>
SCRIPT       : 20:33:12.328 [EXPANSION DEBUG]: LoadMissionTradersFile trader ExpansionTraderCyril<d9996d00> fileName Clothing
SCRIPT       : 20:33:12.335 [EXPANSION DEBUG]: ExpansionTraderGuo<d999e920>::SetTraderObject ExpansionTraderObjectBase<d9e658a0> <11855.200195, 140.605103, 12470.487305>
SCRIPT       : 20:33:12.335 [EXPANSION DEBUG]: LoadMissionTradersFile trader ExpansionTraderGuo<d999e920> fileName Clothing_Accessories
SCRIPT       : 20:33:12.335 [EXPANSION DEBUG]: ExpansionTraderKaito<d999ab10>::SetTraderObject ExpansionTraderObjectBase<d9e69cc0> <11849.400391, 140.605087, 12466.200195>
SCRIPT       : 20:33:12.335 [EXPANSION DEBUG]: LoadMissionTradersFile trader ExpansionTraderKaito<d999ab10> fileName Components
SCRIPT       : 20:33:12.335 [EXPANSION DEBUG]: ExpansionTraderBoris<d99a2730>::SetTraderObject ExpansionTraderObjectBase<d9f23490> <11858.202148, 140.615112, 12463.234375>
SCRIPT       : 20:33:12.335 [EXPANSION DEBUG]: LoadMissionTradersFile trader ExpansionTraderBoris<d99a2730> fileName Exchange
SCRIPT       : 20:33:12.343 [EXPANSION DEBUG]: ExpansionTraderKeiko<d99aa350>::SetTraderObject ExpansionTraderObjectBase<d9f26640> <11853.218750, 140.605087, 12463.277344>
SCRIPT       : 20:33:12.343 [EXPANSION DEBUG]: LoadMissionTradersFile trader ExpansionTraderKeiko<d99aa350> fileName Medicals
SCRIPT       : 20:33:12.343 [EXPANSION DEBUG]: ExpansionTraderGabi<d99a6540>::SetTraderObject ExpansionTraderObjectBase<d9f2be60> <11833.200195, 140.605118, 12461.700195>
SCRIPT       : 20:33:12.343 [EXPANSION DEBUG]: LoadMissionTradersFile trader ExpansionTraderGabi<d99a6540> fileName Special
SCRIPT       : 20:33:12.351 [EXPANSION DEBUG]: ExpansionTraderElias<da029c80>::SetTraderObject ExpansionTraderObjectBase<da005f10> <11877.799805, 140.134796, 12441.599609>
SCRIPT       : 20:33:12.351 [EXPANSION DEBUG]: LoadMissionTradersFile trader ExpansionTraderElias<da029c80> fileName Vehicles
SCRIPT       : 20:33:12.351 [EXPANSION DEBUG]: ExpansionTraderHassan<da022060>::SetTraderObject ExpansionTraderObjectBase<da00bd20> <11878.674805, 140.134796, 12424.302734>
SCRIPT       : 20:33:12.351 [EXPANSION DEBUG]: LoadMissionTradersFile trader ExpansionTraderHassan<da022060> fileName Vehicle_Parts
SCRIPT       : 20:33:12.359 [EXPANSION DEBUG]: ExpansionTraderDenis<da0318a0>::SetTraderObject ExpansionTraderObjectBase<da010ff0> <11833.576172, 140.605072, 12469.492188>
SCRIPT       : 20:33:12.359 [EXPANSION DEBUG]: LoadMissionTradersFile trader ExpansionTraderDenis<da0318a0> fileName Weapons
SCRIPT       : 20:33:12.359 [EXPANSION DEBUG]: ExpansionTraderLinda<da025e70>::SetTraderObject ExpansionTraderObjectBase<da016e50> <11852.194336, 140.660980, 12472.387695>
SCRIPT       : 20:33:12.359 [EXPANSION DEBUG]: LoadMissionTradersFile trader ExpansionTraderLinda<da025e70> fileName BuildingSupplies
SCRIPT       : 20:33:12.367 [EXPANSION DEBUG]: ExpansionTraderManua<da0356b0>::SetTraderObject ExpansionTraderObjectBase<da12d8f0> <11879.722656, 140.094788, 12435.959961>
SCRIPT       : 20:33:12.367 [EXPANSION DEBUG]: LoadMissionTradersFile trader ExpansionTraderManua<da0356b0> fileName Spraycans
SCRIPT       : 20:33:12.375 [EXPANSION DEBUG]: ExpansionTraderIrena<da0410e0>::SetTraderObject ExpansionTraderObjectBase<da2104a0> <12160.279297, 140.580765, 12689.783203>
SCRIPT       : 20:33:12.375 [EXPANSION DEBUG]: LoadMissionTradersFile trader ExpansionTraderIrena<da0410e0> fileName Aircraft
SCRIPT       : [ExpansionQuestPersistentServerData] Load existing configuration file:$profile:ExpansionMod\Quests\PersistentServerData.json
SCRIPT       : [ExpansionQuestPersistentServerData] Load existing configuration file:$profile:ExpansionMod\Quests\PersistentServerData.json
SCRIPT       : [ExpansionQuestObjectiveTravelConfig] Load existing configuration file:$profile:ExpansionMod\Quests\Objectives\Travel\Objective_T_1.json
SCRIPT       : [ExpansionQuestObjectiveTravelConfig] Load existing configuration file:$profile:ExpansionMod\Quests\Objectives\Travel\Objective_T_2.json
SCRIPT       : [ExpansionQuestObjectiveTravelConfig] Load existing configuration file:$profile:ExpansionMod\Quests\Objectives\Travel\Objective_T_3.json
SCRIPT       : [ExpansionQuestObjectiveTravelConfig] Load existing configuration file:$profile:ExpansionMod\Quests\Objectives\Travel\Objective_T_4.json
SCRIPT       : [ExpansionQuestObjectiveTargetConfig] Load existing configuration file:$profile:ExpansionMod\Quests\Objectives\Target\Objective_TA_1_kill10sledge.json
SCRIPT       : [ExpansionQuestObjectiveTargetConfig] Load existing configuration file:$profile:ExpansionMod\Quests\Objectives\Target\Objective_TA_2_kill10.json
SCRIPT       : [ExpansionQuestObjectiveTargetConfig] Load existing configuration file:$profile:ExpansionMod\Quests\Objectives\Target\Objective_TA_31_kill_100.json
SCRIPT       : [ExpansionQuestObjectiveTargetConfig] Load existing configuration file:$profile:ExpansionMod\Quests\Objectives\Target\Objective_TA_3_kill50.json
SCRIPT       : [ExpansionQuestObjectiveTargetConfig] Load existing configuration file:$profile:ExpansionMod\Quests\Objectives\Target\Objective_TA_4_killmilitary.json
SCRIPT       : [ExpansionQuestObjectiveDeliveryConfig] Load existing configuration file:$profile:ExpansionMod\Quests\Objectives\Delivery\Objective_D_1.json
SCRIPT       : [ExpansionQuestObjectiveDeliveryConfig] Load existing configuration file:$profile:ExpansionMod\Quests\Objectives\Delivery\Objective_D_2.json
SCRIPT       : [ExpansionQuestObjectiveCollectionConfig] Load existing configuration file:$profile:ExpansionMod\Quests\Objectives\Collection\1-Collection-Apples.json
SCRIPT       : [ExpansionQuestObjectiveCollectionConfig] Load existing configuration file:$profile:ExpansionMod\Quests\Objectives\Collection\2-Collection-Mackerel.json
SCRIPT       : [ExpansionQuestObjectiveCollectionConfig] Load existing configuration file:$profile:ExpansionMod\Quests\Objectives\Collection\3-Collection-BrownChickens.json
SCRIPT       : [ExpansionQuestObjectiveCollectionConfig] Load existing configuration file:$profile:ExpansionMod\Quests\Objectives\Collection\4-Collection-BearPelt.json
SCRIPT       : [ExpansionQuestObjectiveCollectionConfig] Load existing configuration file:$profile:ExpansionMod\Quests\Objectives\Collection\5-Collection-DeerPelt.json
SCRIPT       : [ExpansionQuestObjectiveCollectionConfig] Load existing configuration file:$profile:ExpansionMod\Quests\Objectives\Collection\6-Collection-AgaricusMushroom.json
SCRIPT       : [ExpansionQuestObjectiveCollectionConfig] Load existing configuration file:$profile:ExpansionMod\Quests\Objectives\Collection\Objective_C_1.json
SCRIPT       : [ExpansionQuestObjectiveCollectionConfig] Load existing configuration file:$profile:ExpansionMod\Quests\Objectives\Collection\Objective_C_2.json
SCRIPT       : [ExpansionQuestObjectiveCollectionConfig] Load existing configuration file:$profile:ExpansionMod\Quests\Objectives\Collection\Objective_C_3.json
SCRIPT       : [ExpansionQuestObjectiveTreasureHuntConfig] Load existing configuration file:$profile:ExpansionMod\Quests\Objectives\TreasureHunt\Objective_TH_ammo_1.json
SCRIPT       : [ExpansionQuestObjectiveActionConfig] Load existing configuration file:$profile:ExpansionMod\Quests\Objectives\Action\1-Medic.json
SCRIPT       : [ExpansionQuestObjectiveActionConfig] Load existing configuration file:$profile:ExpansionMod\Quests\Objectives\Action\10-Medic.json
SCRIPT       : [ExpansionQuestObjectiveActionConfig] Load existing configuration file:$profile:ExpansionMod\Quests\Objectives\Action\11-Medic.json
SCRIPT       : [ExpansionQuestObjectiveActionConfig] Load existing configuration file:$profile:ExpansionMod\Quests\Objectives\Action\12-Medic.json
SCRIPT       : [ExpansionQuestObjectiveActionConfig] Load existing configuration file:$profile:ExpansionMod\Quests\Objectives\Action\13-Medic.json
SCRIPT       : [ExpansionQuestObjectiveActionConfig] Load existing configuration file:$profile:ExpansionMod\Quests\Objectives\Action\14-Medic.json
SCRIPT       : [ExpansionQuestObjectiveActionConfig] Load existing configuration file:$profile:ExpansionMod\Quests\Objectives\Action\15-Medic.json
SCRIPT       : [ExpansionQuestObjectiveActionConfig] Load existing configuration file:$profile:ExpansionMod\Quests\Objectives\Action\16-Medic.json
SCRIPT       : [ExpansionQuestObjectiveActionConfig] Load existing configuration file:$profile:ExpansionMod\Quests\Objectives\Action\17-Medic.json
SCRIPT       : [ExpansionQuestObjectiveActionConfig] Load existing configuration file:$profile:ExpansionMod\Quests\Objectives\Action\18-Horticulture.json
SCRIPT       : [ExpansionQuestObjectiveActionConfig] Load existing configuration file:$profile:ExpansionMod\Quests\Objectives\Action\19-Horticulture.json
SCRIPT       : [ExpansionQuestObjectiveActionConfig] Load existing configuration file:$profile:ExpansionMod\Quests\Objectives\Action\2-Medic.json
SCRIPT       : [ExpansionQuestObjectiveActionConfig] Load existing configuration file:$profile:ExpansionMod\Quests\Objectives\Action\20-Horticulture.json
SCRIPT       : [ExpansionQuestObjectiveActionConfig] Load existing configuration file:$profile:ExpansionMod\Quests\Objectives\Action\21-Horticulture.json
SCRIPT       : [ExpansionQuestObjectiveActionConfig] Load existing configuration file:$profile:ExpansionMod\Quests\Objectives\Action\22-Horticulture.json
SCRIPT       : [ExpansionQuestObjectiveActionConfig] Load existing configuration file:$profile:ExpansionMod\Quests\Objectives\Action\23-Horticulture.json
SCRIPT       : [ExpansionQuestObjectiveActionConfig] Load existing configuration file:$profile:ExpansionMod\Quests\Objectives\Action\24-Horticulture.json
SCRIPT       : [ExpansionQuestObjectiveActionConfig] Load existing configuration file:$profile:ExpansionMod\Quests\Objectives\Action\3-Medic.json
SCRIPT       : [ExpansionQuestObjectiveActionConfig] Load existing configuration file:$profile:ExpansionMod\Quests\Objectives\Action\4-Medic.json
SCRIPT       : [ExpansionQuestObjectiveActionConfig] Load existing configuration file:$profile:ExpansionMod\Quests\Objectives\Action\5-Medic.json
SCRIPT       : [ExpansionQuestObjectiveActionConfig] Load existing configuration file:$profile:ExpansionMod\Quests\Objectives\Action\6-Medic.json
SCRIPT       : [ExpansionQuestObjectiveActionConfig] Load existing configuration file:$profile:ExpansionMod\Quests\Objectives\Action\7-Medic.json
SCRIPT       : [ExpansionQuestObjectiveActionConfig] Load existing configuration file:$profile:ExpansionMod\Quests\Objectives\Action\8-Medic.json
SCRIPT       : [ExpansionQuestObjectiveActionConfig] Load existing configuration file:$profile:ExpansionMod\Quests\Objectives\Action\9-Medic.json
SCRIPT       : [ExpansionQuestObjectiveActionConfig] Load existing configuration file:$profile:ExpansionMod\Quests\Objectives\Action\Objective_A_1.json
SCRIPT       : [ExpansionQuestObjectiveActionConfig] Load existing configuration file:$profile:ExpansionMod\Quests\Objectives\Action\Objective_A_2.json
SCRIPT       : [ExpansionQuestObjectiveCraftingConfig] Load existing configuration file:$profile:ExpansionMod\Quests\Objectives\Crafting\1-Crafting-FishingRod.json
SCRIPT       : [ExpansionQuestObjectiveCraftingConfig] Load existing configuration file:$profile:ExpansionMod\Quests\Objectives\Crafting\Objective_CR_1.json
SCRIPT       : [ExpansionQuestObjectiveAIPatrolConfig] Load existing configuration file:$profile:ExpansionMod\Quests\Objectives\AIPatrol\Objective_AIP_1.json
SCRIPT       : [ExpansionQuestObjectiveAICampConfig] Load existing configuration file:$profile:ExpansionMod\Quests\Objectives\AICamp\Objective_AIC_1.json
SCRIPT       : [ExpansionQuestObjectiveAIEscortConfig] Load existing configuration file:$profile:ExpansionMod\Quests\Objectives\AIVIP\1-VIP.json
SCRIPT       : [ExpansionQuestObjectiveAIEscortConfig] Load existing configuration file:$profile:ExpansionMod\Quests\Objectives\AIVIP\2-VIP.json
SCRIPT       : [ExpansionQuestObjectiveAIEscortConfig] Load existing configuration file:$profile:ExpansionMod\Quests\Objectives\AIVIP\Objective_AIESCORT_1.json
SCRIPT       : [ExpansionQuestNPCData] Load existing configuration file:QuestNPC_Board_3.json
SCRIPT       : [ExpansionQuestNPCData] Load existing configuration file:QuestNPC_Peter_1.json
SCRIPT       : [ExpansionQuestNPCData] Load existing configuration file:QuestNPC_Steve_2.json
SCRIPT       : [EditorLoader] File found: $mission:\EditorFiles\TraderStorage.dze
SCRIPT       : [EditorLoader] Loaded files in 0.003s
SCRIPT       : [EditorLoader] 6 total objects created
SCRIPT       : [EditorLoader] 0 total objects deleted
SCRIPT       : [EditorLoader] Deleted & Created all objects in 0.025s
SCRIPT       : ExpansionMarketItem marketItem = ExpansionMarketItem<b600c670>
SCRIPT       : int worth =   1
SCRIPT       : 20:33:31.093 [EXPANSION DEBUG]: ExpansionP2PTraderAIIrena<6746a050>::SetP2PTraderID - ID: 1
SCRIPT       : ExpansionZonePolygon<58a9d940> position=<12015.854492, 0.000000, 12591.097656> radius=419.633
SCRIPT       : ExpansionZoneCircle<650613f0> position=<1143.140015, 0.000000, 2423.270020> radius=400
SCRIPT       : ExpansionZoneCircle<65061f90> position=<3728.270020, 0.000000, 6003.600098> radius=400
SCRIPT       : Found 3 zones!
SCRIPT       : 20:33:31.265 [EXPANSION DEBUG]: ExpansionQuestNPCAIDenis<650ad580>::OnEnterSafeZone
SCRIPT       : bool m_Expansion_LeavingSafeZone = 0
SCRIPT       : bool m_Expansion_IsInSafeZone = 0
SCRIPT       : bool m_Expansion_IsInSafeZoneSynchRemote = 0
SCRIPT       : 20:33:31.265 [EXPANSION DEBUG]: ExpansionP2PTraderAIIrena<6746a050>::OnEnterSafeZone
SCRIPT       : bool m_Expansion_LeavingSafeZone = 0
SCRIPT       : bool m_Expansion_IsInSafeZone = 0
SCRIPT       : bool m_Expansion_IsInSafeZoneSynchRemote = 0
SCRIPT       : 20:33:31.875 [EXPANSION DEBUG]: ExpansionItemSpawnHelper::Clone - created Aug:035634 at location { type=HANDS item=Aug:035612 parent=ExpansionQuestNPCAIDenis:045 }
SCRIPT       : 20:33:31.875 [EXPANSION DEBUG]: ExpansionItemSpawnHelper::Clone - created Mag_Aug_30Rnd:035635 at location { type=ATTACHMENT item=null parent=Aug:035634 slot=magazine }
SCRIPT       : [emote] ExpansionQuestNPCAIDenis:045 play emote id=46 IH=Aug:035634
SCRIPT       : [emote] ExpansionP2PTraderAIIrena:044 play emote id=46 IH=null
SCRIPT       : [emote] ExpansionQuestNPCAIElias:046 play emote id=14 IH=CZ75:035625
SCRIPT       : [EditorLoader] Sent Deleted objects in 0s
SCRIPT       : 20:34:23.843 [EXPANSION DEBUG]: ExpansionPartyData<ca785480>::OnJoin party Blorpus (ID 0) player Blorpus9000 (ID 3I2KPiMwtNrbRzLe964-q3OrI2Ligr9LBcsFxmVIl3Q=)
SCRIPT       : 20:34:23.867 [EXPANSION DEBUG]: ExpansionQuestModule<cb3759a0> Sending 58 quest configs to client with UID: 3I2KPiMwtNrbRzLe964-q3OrI2Ligr9LBcsFxmVIl3Q=
SCRIPT       : 20:34:23.867 [EXPANSION DEBUG]: ExpansionQuestModule<cb3759a0> Sending player quest data for 28 quests to player with UID: 3I2KPiMwtNrbRzLe964-q3OrI2Ligr9LBcsFxmVIl3Q=
SCRIPT       : 20:34:28.281 [EXPANSION DEBUG]: ExpansionItemSpawnHelper::Clone - created AugShort:035692 at location { type=HANDS item=AugShort:035679 parent=eAI_SurvivorM_Peter:051 }
SCRIPT       : 20:34:28.281 [EXPANSION DEBUG]: ExpansionItemSpawnHelper::Clone - created Mag_Aug_30Rnd:035693 at location { type=ATTACHMENT item=null parent=AugShort:035692 slot=magazine }
SCRIPT       : 20:34:28.281 [EXPANSION DEBUG]: ExpansionItemSpawnHelper::Clone - created AugOptic:035694 at location { type=ATTACHMENT item=null parent=AugShort:035692 slot=weaponOpticsAug }
SCRIPT       : 20:34:28.289 [EXPANSION DEBUG]: ExpansionItemSpawnHelper::Clone - created Scout:035680 at location { type=HANDS item=Scout:035642 parent=eAI_SurvivorF_Maria:048 }
SCRIPT       : 20:34:28.289 [EXPANSION DEBUG]: ExpansionItemSpawnHelper::Clone - created Mag_Scout_5Rnd:035679 at location { type=ATTACHMENT item=null parent=Scout:035680 slot=magazine }
SCRIPT       : 20:34:28.296 [EXPANSION DEBUG]: ExpansionItemSpawnHelper::Clone - created Aug:035691 at location { type=HANDS item=Aug:035653 parent=eAI_SurvivorF_Gabi:049 }
SCRIPT       : 20:34:28.296 [EXPANSION DEBUG]: ExpansionItemSpawnHelper::Clone - created Mag_Aug_30Rnd:035642 at location { type=ATTACHMENT item=null parent=Aug:035691 slot=magazine }
SCRIPT       : 20:34:28.367 [EXPANSION DEBUG]: ExpansionItemSpawnHelper::Clone - created FAMAS:035643 at location { type=HANDS item=FAMAS:035666 parent=eAI_SurvivorM_Indar:050 }
SCRIPT       : 20:34:28.367 [EXPANSION DEBUG]: ExpansionItemSpawnHelper::Clone - created Mag_FAMAS_25Rnd:035653 at location { type=ATTACHMENT item=null parent=FAMAS:035643 slot=magazine }
SCRIPT       : [inv] ReplaceItemWithNewLambdaBase Step B) remove OK, loc={ type=HANDS item=AmmoBox_762x39_20Rnd:035727 parent=SurvivorF_Irena:047 }
SCRIPT       : UnboxLambda::SetupNewMagazine new_item=Ammo_762x39<8c31ac40> count=20
SCRIPT       : [inv] ReplaceItemWithNewLambdaBase Step B) remove OK, loc={ type=HANDS item=AmmoBox_762x39_20Rnd:035726 parent=SurvivorF_Irena:047 }
SCRIPT       : UnboxLambda::SetupNewMagazine new_item=Ammo_762x39<8c31e390> count=20
SCRIPT    (E): NULL pointer to instance
Class:      'JMTeleportModule'
Function: 'Server_Location'
Stack trace:
JM/COT/Scripts/5_Mission/communityonlinetools\modules\teleport\jmteleportmodule.c:477
JM/COT/Scripts/5_Mission/communityonlinetools\modules\teleport\jmteleportmodule.c:497
JM/COT/Scripts/5_Mission/communityonlinetools\modules\teleport\jmteleportmodule.c:218
JM/CF/Scripts/4_World/communityframework\module\deprecated\jmmodulebase.c:84
JM/CF/Scripts/3_Game/communityframework\module\cf_modulegameevent.c:18
JM/CF/Scripts/3_Game/communityframework\module\cf_modulegamemanager.c:33
JM/CF/Scripts/3_Game/communityframework\game\dayzgame.c:87
DayZEditorLoader/scripts/3_Game/dayzeditorloader\dayzgame.c:10
DayZExpansion/Core/Scripts/3_Game/dayzexpansion_core\dayzgame.c:270
SCRIPT       : 20:37:52.617 [EXPANSION DEBUG]: ExpansionItemSpawnHelper::Clone - created Scout:035786 at location { type=HANDS item=Scout:035761 parent=eAI_SurvivorF_Helga:053 }
SCRIPT       : 20:37:52.617 [EXPANSION DEBUG]: ExpansionItemSpawnHelper::Clone - created Mag_Scout_5Rnd:035787 at location { type=ATTACHMENT item=null parent=Scout:035786 slot=magazine }
SCRIPT       : 20:37:52.640 [EXPANSION DEBUG]: ExpansionItemSpawnHelper::Clone - created Scout:035762 at location { type=HANDS item=Scout:035775 parent=eAI_SurvivorF_Gabi:054 }
SCRIPT       : 20:37:52.640 [EXPANSION DEBUG]: ExpansionItemSpawnHelper::Clone - created Mag_Scout_5Rnd:035761 at location { type=ATTACHMENT item=null parent=Scout:035762 slot=magazine }
SCRIPT       : 20:37:52.726 [EXPANSION DEBUG]: ExpansionItemSpawnHelper::Clone - created Scout:035776 at location { type=HANDS item=Scout:035750 parent=eAI_SurvivorM_Quinn:052 }
SCRIPT       : 20:37:52.726 [EXPANSION DEBUG]: ExpansionItemSpawnHelper::Clone - created Mag_Scout_5Rnd:035775 at location { type=ATTACHMENT item=null parent=Scout:035776 slot=magazine }
SCRIPT       : 20:38:08.031 [EXPANSION DEBUG]: ExpansionItemSpawnHelper::Clone - created M16A2:035824 at location { type=HANDS item=M16A2:035811 parent=eAI_SurvivorM_Cyril:057 }
SCRIPT       : 20:38:08.031 [EXPANSION DEBUG]: ExpansionItemSpawnHelper::Clone - created Mag_STANAG_30Rnd:035825 at location { type=ATTACHMENT item=null parent=M16A2:035824 slot=magazine }
SCRIPT       : 20:38:08.054 [EXPANSION DEBUG]: ExpansionItemSpawnHelper::Clone - created Aug:035812 at location { type=HANDS item=Aug:035751 parent=eAI_SurvivorF_Gabi:055 }
SCRIPT       : 20:38:08.054 [EXPANSION DEBUG]: ExpansionItemSpawnHelper::Clone - created Mag_Aug_30Rnd:035811 at location { type=ATTACHMENT item=null parent=Aug:035812 slot=magazine }
SCRIPT       : 20:38:08.125 [EXPANSION DEBUG]: ExpansionItemSpawnHelper::Clone - created Aug:035750 at location { type=HANDS item=Aug:035799 parent=eAI_SurvivorF_Irena:056 }
SCRIPT       : 20:38:08.125 [EXPANSION DEBUG]: ExpansionItemSpawnHelper::Clone - created Mag_Aug_30Rnd:035751 at location { type=ATTACHMENT item=null parent=Aug:035750 slot=magazine }
SCRIPT       : 20:38:11.195 [EXPANSION DEBUG]: ExpansionQuestModule<cb3759a0> Quest configs already synched for player with UID: 3I2KPiMwtNrbRzLe964-q3OrI2Ligr9LBcsFxmVIl3Q=
SCRIPT       : 20:38:11.195 [EXPANSION DEBUG]: ExpansionQuestModule<cb3759a0> Sending player quest data for quest ID 14 to player with UID: 3I2KPiMwtNrbRzLe964-q3OrI2Ligr9LBcsFxmVIl3Q=
SCRIPT       : 20:38:11.203 [EXPANSION DEBUG]: ExpansionQuestModule<cb3759a0> Quest configs already synched for player with UID: 3I2KPiMwtNrbRzLe964-q3OrI2Ligr9LBcsFxmVIl3Q=
SCRIPT       : 20:38:11.203 [EXPANSION DEBUG]: ExpansionQuestModule<cb3759a0> Sending player quest data for quest ID 14 to player with UID: 3I2KPiMwtNrbRzLe964-q3OrI2Ligr9LBcsFxmVIl3Q=
SCRIPT       : 20:38:11.773 [EXPANSION DEBUG]: SurvivorBase<7d8e80a0>::OnEnterSafeZone
SCRIPT       : bool m_Expansion_LeavingSafeZone = 0
SCRIPT       : bool m_Expansion_IsInSafeZone = 0
SCRIPT       : bool m_Expansion_IsInSafeZoneSynchRemote = 0
SCRIPT       : JMCameraModule::RPC_Leave - timestamp 326.278
SCRIPT       : JMCameraModule::Server_Leave - target SurvivorBase<7d8e80a0>
SCRIPT       : JMCameraModule::Server_Leave - spectated player NULL
SCRIPT       : 20:38:12.476 [EXPANSION DEBUG]: ExpansionItemSpawnHelper::Clone - created FAMAS:035869 at location { type=HANDS item=FAMAS:035856 parent=eAI_SurvivorF_Eva:060 }
SCRIPT       : 20:38:12.476 [EXPANSION DEBUG]: ExpansionItemSpawnHelper::Clone - created Mag_FAMAS_25Rnd:035870 at location { type=ATTACHMENT item=null parent=FAMAS:035869 slot=magazine }
SCRIPT       : 20:38:12.585 [EXPANSION DEBUG]: ExpansionItemSpawnHelper::Clone - created AugShort:035857 at location { type=HANDS item=AugShort:035641 parent=eAI_SurvivorF_Judy:058 }
SCRIPT       : 20:38:12.585 [EXPANSION DEBUG]: ExpansionItemSpawnHelper::Clone - created Mag_Aug_30Rnd:035856 at location { type=ATTACHMENT item=null parent=AugShort:035857 slot=magazine }
SCRIPT       : 20:38:12.585 [EXPANSION DEBUG]: ExpansionItemSpawnHelper::Clone - created AugOptic:035871 at location { type=ATTACHMENT item=null parent=AugShort:035857 slot=weaponOpticsAug }
SCRIPT       : 20:38:12.648 [EXPANSION DEBUG]: ExpansionItemSpawnHelper::Clone - created FAMAS:035830 at location { type=HANDS item=FAMAS:035843 parent=eAI_SurvivorF_Baty:059 }
SCRIPT       : 20:38:12.648 [EXPANSION DEBUG]: ExpansionItemSpawnHelper::Clone - created Mag_FAMAS_25Rnd:035641 at location { type=ATTACHMENT item=null parent=FAMAS:035830 slot=magazine }
SCRIPT       : 20:38:32.125 [EXPANSION DEBUG]: [ExpansionMissionEventAirdrop] Adjusted container weights:
SCRIPT       : 20:38:32.125 [EXPANSION DEBUG]: ExpansionAirdropContainer 166
SCRIPT       : 20:38:32.125 [EXPANSION DEBUG]: ExpansionAirdropContainer_Medical 171
SCRIPT       : 20:38:32.125 [EXPANSION DEBUG]: ExpansionAirdropContainer_Basebuilding 176
SCRIPT       : 20:38:32.125 [EXPANSION DEBUG]: ExpansionAirdropContainer_Military 181
SCRIPT       : 20:38:32.125 [EXPANSION DEBUG]: ExpansionAirdropPlane::GetSpawnPoint - drop position <9371.000000, 0.000000, 2229.000000> - map is chernarusplus - size 15360 - center <7100.000000, 300.000000, 7750.000000>
SCRIPT       : 20:38:32.125 [EXPANSION DEBUG]: ExpansionAirdropPlane::GetSpawnPoint - selected spawn point <497.175507, 885.276794, 15360.000000>
SCRIPT       : ExpansionActionOpenTraderMenu::OnStartServer - Start
SCRIPT       : ExpansionActionOpenTraderMenu::OnStartServer - Start
SCRIPT       : ExpansionActionOpenTraderMenu::OnStartServer - Start
SCRIPT       : [Logout]: New player 3I2KPiMwtNrbRzLe964-q3OrI2Ligr9LBcsFxmVIl3Q= with logout time 3
SCRIPT       : [emote] SurvivorF_Irena:047 play emote id=14 IH=null
SCRIPT       : 20:39:17.304 [EXPANSION DEBUG]: ExpansionPartyData<ca785480>::OnLeave party Blorpus (ID 0) player Blorpus9000 (ID 3I2KPiMwtNrbRzLe964-q3OrI2Ligr9LBcsFxmVIl3Q=)
SCRIPT       : 20:39:17.304 [EXPANSION DEBUG]: ExpansionQuestPersistentData<7a8bf8a0> ~ExpansionQuestPersistentData (28)
SCRIPT       : [Logout]: Player 3I2KPiMwtNrbRzLe964-q3OrI2Ligr9LBcsFxmVIl3Q= finished
