---------------------------------------------
Log C:\Program Files (x86)\Steam\steamapps\common\DayZServerAug2\config\script_2023-08-06_12-57-23.log started at 06.08. 12:57:23

SCRIPT       : Registered 395 temporary action enum(s), UAN==395
SCRIPT       : Registering faction type eAIFactionShamans ID -1484989417
SCRIPT       : Registering faction type eAIFactionObservers ID -563736721
SCRIPT       : Registering faction type eAIFactionInvincibleObservers ID -1227299746
SCRIPT       : Registering faction type eAIFactionEast ID 90522109
SCRIPT       : Registering faction type eAIFactionGuards ID 963933710
SCRIPT       : Registering faction type eAIFactionRaiders ID 1535276022
SCRIPT       : Registering faction type eAIFactionMercenaries ID 1629891834
SCRIPT       : Registering faction type eAIFactionWest ID 113880155
SCRIPT       : Registering faction type eAIFactionCivilian ID 1096178351
SCRIPT       : Registering faction type eAIFactionPassive ID -1159399789
SCRIPT       : Registering faction type eAIFactionInvincibleGuards ID 782746017
SCRIPT       : ... Backlit Effects Enabled
SCRIPT       : 12:57:25 [EXPANSION LOG]: DayZGame<f458cb0> Start time (local time) 2023-08-06 12:57:20
SCRIPT       : 12:57:25 [EXPANSION LOG]: DayZGame<f458cb0> Start time (UTC) 2023-08-06 17:57:20
SCRIPT       : 12:57:25 [EXPANSION LOG]: DayZGame<f458cb0> Runtime since start (seconds) 5.338
SCRIPT    (W): @"JM/COT/Scripts/4_World/communityonlinetools\classes\webhook\jmwebhookdiscordmessage.c,19": Possible variable name conflict 'username'
SCRIPT    (W): @"JM/COT/Scripts/4_World/communityonlinetools\classes\webhook\jmwebhookdiscordmessage.c,19": Possible variable name conflict 'avatar_url'
SCRIPT    (W): @"JM/COT/Scripts/4_World/communityonlinetools\classes\webhook\jmwebhookdiscordmessage.c,19": Possible variable name conflict 'content'
SCRIPT    (W): @"JM/COT/Scripts/4_World/communityonlinetools\classes\webhook\jmwebhookdiscordmessage.c,151": Possible variable name conflict 'url'
SCRIPT    (W): @"JM/COT/Scripts/4_World/communityonlinetools\classes\webhook\jmwebhookdiscordmessage.c,172": Possible variable name conflict 'url'
SCRIPT    (W): @"JM/COT/Scripts/4_World/communityonlinetools\classes\webhook\jmwebhookdiscordmessage.c,180": Possible variable name conflict 'url'
SCRIPT       : Expansion version: 1.8.20
SCRIPT       : 12:57:39.285 [EXPANSION DEBUG]: [ExpansionDebugSettings] No existing setting file:$profile:ExpansionMod\Settings\DebugSettings.json. Creating defaults!
SCRIPT       : [ExpansionDebugSettings] Saving settings
SCRIPT       : 12:57:39.285 [EXPANSION DEBUG]: [ExpansionLogSettings] No existing setting file:$profile:ExpansionMod\Settings\LogsSettings.json. Creating defaults!
SCRIPT       : [ExpansionLogSettings] Saving settings
SCRIPT       : 12:57:39.285 [EXPANSION DEBUG]: [ExpansionSafeZoneSettings] No existing setting file:$mission:expansion\settings\SafeZoneSettings.json. Creating defaults!
SCRIPT       : [ExpansionSafeZoneSettings] Saving settings
SCRIPT       : 12:57:39.285 [EXPANSION DEBUG]: [ExpansionNotificationSettings] No existing setting file:$profile:ExpansionMod\Settings\NotificationSettings.json. Creating defaults!
SCRIPT       : [ExpansionNotificationSettings] Saving settings
SCRIPT       : 12:57:39.289 [EXPANSION DEBUG]: [ExpansionMonitoringSettings] No existing setting file:$profile:ExpansionMod\Settings\MonitoringSettings.json. Creating defaults!
SCRIPT       : [ExpansionMonitoringSettings] Saving settings
SCRIPT       : 12:57:39.289 [EXPANSION DEBUG]: [ExpansionDamageSystemSettings] No existing setting file:$profile:ExpansionMod\Settings\DamageSystemSettings.json. Creating defaults!
SCRIPT       : 12:57:39.289 [EXPANSION DEBUG]: [ExpansionPartySettings] No existing setting file:$profile:ExpansionMod\Settings\PartySettings.json. Creating defaults!
SCRIPT       : [ExpansionPartySettings] Saving settings
SCRIPT       : 12:57:39.289 [EXPANSION DEBUG]: [ExpansionHardlineSettings] No existing setting file:$mission:expansion\settings\HardlineSettings.json. Creating defaults!
SCRIPT       : [ExpansionHardlineSettings] Saving settings
SCRIPT       : 12:57:39.289 [EXPANSION DEBUG]: [ExpansionMarketSettings] No existing setting files:$mission:expansion\settings\MarketSettings.json. Creating defaults!
SCRIPT       : 12:57:39.289 [EXPANSION DEBUG]: [ExpansionMarketSettings] No existing market category setting files at:$profile:ExpansionMod\Market\. Creating defaults!
SCRIPT       : 12:57:39.324 [EXPANSION DEBUG]: [ExpansionMarketSettings] No existing trader setting files at:$profile:ExpansionMod\Traders\. Creating defaults!
SCRIPT       : 12:57:39.332 [EXPANSION DEBUG]: [ExpansionMarketTrader] Error: Category Gardening does not exist!
SCRIPT       : 12:57:39.351 [EXPANSION DEBUG]: [ExpansionMarketSettings] No existing market zone setting files at:$mission:expansion\traderzones\. Creating defaults!
SCRIPT       : [ExpansionMarketSettings] Saving settings
SCRIPT       : 12:57:39.355 [EXPANSION DEBUG]: [ExpansionAirdropSettings] No existing setting file:$profile:ExpansionMod\Settings\AirdropSettings.json. Creating defaults!
SCRIPT       : [ExpansionAirdropSettings] Saving settings
SCRIPT       : 12:57:39.359 [EXPANSION DEBUG]: [ExpansionMissionSettings] No existing setting file:$profile:ExpansionMod\Settings\MissionSettings.json. Creating defaults!
SCRIPT       : [ExpansionMissionSettings] Saving settings
SCRIPT       : 12:57:39.359 [EXPANSION DEBUG]: [ExpansionMapSettings] No existing setting file:$mission:expansion\settings\MapSettings.json. Creating defaults!
SCRIPT       : [ExpansionMapSettings] Saving settings
SCRIPT       : 12:57:39.359 [EXPANSION DEBUG]: [ExpansionPersonalStorageNewSettings] No existing setting file:$profile:ExpansionMod\Settings\PersonalStorageNewSettings.json. Creating defaults!
SCRIPT       : [ExpansionPersonalStorageNewSettings] Saving settings
SCRIPT       : 12:57:39.359 [EXPANSION DEBUG]: [ExpansionGeneralSettings] No existing setting file:$profile:ExpansionMod\Settings\GeneralSettings.json. Creating defaults!
SCRIPT       : [ExpansionGeneralSettings] Saving settings
SCRIPT       : 12:57:39.363 [EXPANSION DEBUG]: [ExpansionPlayerListSettings] No existing setting file:$profile:ExpansionMod\Settings\PlayerListSettings.json. Creating defaults!
SCRIPT       : [ExpansionPlayerListSettings] Saving settings
SCRIPT       : 12:57:39.363 [EXPANSION DEBUG]: [ExpansionSocialMediaSettings] No existing setting file:$profile:ExpansionMod\Settings\SocialMediaSettings.json. Creating defaults!
SCRIPT       : [ExpansionSocialMediaSettings] Saving settings
SCRIPT       : 12:57:39.363 [EXPANSION DEBUG]: [ExpansionTerritorySettings] No existing setting file:$mission:expansion\settings\SpawnSettings.json. Creating defaults!
SCRIPT       : [ExpansionSpawnSettings] Saving settings
SCRIPT       : 12:57:39.363 [EXPANSION DEBUG]: [ExpansionVehicleSettings] No existing setting file:$profile:ExpansionMod\Settings\VehicleSettings.json. Creating defaults!
SCRIPT       : [ExpansionVehicleSettings] Saving settings
SCRIPT       : 12:57:39.363 [EXPANSION DEBUG]: [ExpansionAISettings] No existing setting file:$profile:ExpansionMod\Settings\AISettings.json. Creating defaults!
SCRIPT       : [ExpansionAISettings] Saving settings
SCRIPT       : 12:57:39.363 [EXPANSION DEBUG]: [ExpansionAIPatrolSettings] No existing setting file:$mission:expansion\settings\AIPatrolSettings.json. Creating defaults!
SCRIPT       : [ExpansionAIPatrolSettings] Saving settings
SCRIPT       : 12:57:39.363 [EXPANSION DEBUG]: [ExpansionBaseBuildingSettings] No existing setting file:$mission:expansion\settings\BaseBuildingSettings.json. Creating defaults!
SCRIPT       : [ExpansionBaseBuildingSettings] Saving settings
SCRIPT       : 12:57:39.363 [EXPANSION DEBUG]: [ExpansionRaidSettings] No existing setting file:$profile:ExpansionMod\Settings\RaidSettings.json. Creating defaults!
SCRIPT       : [ExpansionRaidSettings] Saving settings
SCRIPT       : 12:57:39.367 [EXPANSION DEBUG]: [ExpansionTerritorySettings] No existing setting file:$profile:ExpansionMod\Settings\TerritorySettings.json. Creating defaults!
SCRIPT       : [ExpansionTerritorySettings] Saving settings
SCRIPT       : 12:57:39.367 [EXPANSION DEBUG]: [ExpansionChatSettings] No existing setting file:$profile:ExpansionMod\Settings\ChatSettings.json. Creating defaults!
SCRIPT       : [ExpansionChatSettings] Saving settings
SCRIPT       : [DefineTest] EXPANSIONMOD is defined
SCRIPT       : [DefineTest] EXPANSIONMODAI is defined
SCRIPT       : [DefineTest] EXPANSIONMODANIMATIONS is defined
SCRIPT       : [DefineTest] EXPANSIONMODBASEBUILDING is defined
SCRIPT       : [DefineTest] EXPANSIONMODBOOK is defined
SCRIPT       : [DefineTest] EXPANSIONMODCHAT is defined
SCRIPT       : [DefineTest] EXPANSIONMODCORE is defined
SCRIPT       : [DefineTest] EXPANSIONMODGARAGE is defined
SCRIPT       : [DefineTest] EXPANSIONMODGROUPS is defined
SCRIPT       : [DefineTest] EXPANSIONMODHARDLINE is defined
SCRIPT       : [DefineTest] EXPANSIONMODKILLFEED is defined
SCRIPT       : [DefineTest] EXPANSIONMODMAPASSETS is defined
SCRIPT       : [DefineTest] EXPANSIONMODMARKET is defined
SCRIPT       : [DefineTest] EXPANSIONMODMISSIONS is defined
SCRIPT       : [DefineTest] EXPANSIONMODNAMETAGS is defined
SCRIPT       : [DefineTest] EXPANSIONMODNAVIGATION is defined
SCRIPT       : [DefineTest] EXPANSIONMODP2PMARKET is defined
SCRIPT       : [DefineTest] EXPANSIONMODPERSONALSTORAGE is defined
SCRIPT       : [DefineTest] EXPANSIONMODQUESTS is defined
SCRIPT       : [DefineTest] EXPANSIONMODSPAWNSELECTION is defined
SCRIPT       : [DefineTest] EXPANSIONMODVEHICLE is defined
SCRIPT       : [DefineTest] EXPANSIONMODWEAPONS is defined
SCRIPT       : [DefineTest] CfgMods:
SCRIPT       : defaultAction
SCRIPT       : DayZ
SCRIPT       : DZ_Expansion_AI_Preload
SCRIPT       : DZ_Expansion_Animations_Preload
SCRIPT       : DZ_Expansion_BaseBuilding_Preload
SCRIPT       : DZ_Expansion_Book_Preload
SCRIPT       : DZ_Expansion_Chat_Preload
SCRIPT       : DZ_Expansion_Core_Preload
SCRIPT       : DZ_Expansion_Garage_Preload
SCRIPT       : DZ_Expansion_Groups_Preload
SCRIPT       : DZ_Expansion_Hardline_Preload
SCRIPT       : DZ_Expansion_KillFeed_Preload
SCRIPT       : DZ_Expansion_MapAssets_Preload
SCRIPT       : DZ_Expansion_Market_Preload
SCRIPT       : DZ_Expansion_Missions_Preload
SCRIPT       : DZ_Expansion_ModStorage_Preload
SCRIPT       : DZ_Expansion_NameTags_Preload
SCRIPT       : DZ_Expansion_Navigation_Preload
SCRIPT       : DZ_Expansion_P2PMarket_Preload
SCRIPT       : DZ_Expansion_PersonalStorage_Preload
SCRIPT       : DZ_Expansion_Preload
SCRIPT       : DZ_Expansion_Quests_Preload
SCRIPT       : DZ_Expansion_SpawnSelection_Preload
SCRIPT       : DZ_Expansion_Vehicles_Preload
SCRIPT       : DZ_Expansion_Weapons_Preload
SCRIPT       : DZ_DabsFramework
SCRIPT       : DZ_Expansion_DefineTest
SCRIPT       : DZ_Expansion_MapAssets
SCRIPT       : bliss
SCRIPT       : JM_CommunityFramework
SCRIPT       : JM_CommunityOnlineTools
SCRIPT       : DZ_Expansion_ModStorage
SCRIPT       : DZ_Expansion_Core
SCRIPT       : DZ_Expansion_Garage
SCRIPT       : DZ_Expansion_Groups
SCRIPT       : DZ_Expansion_Market
SCRIPT       : DZ_Expansion_Missions
SCRIPT       : DZ_Expansion_NameTags
SCRIPT       : DZ_Expansion_Navigation
SCRIPT       : DZ_Expansion_NotificationScheduler
SCRIPT       : DZ_Expansion_P2PMarket
SCRIPT       : DZ_Expansion_PersonalStorage
SCRIPT       : DZ_Expansion_PersonalStorageNew
SCRIPT       : DZ_Expansion_PlayerList
SCRIPT       : DZ_Expansion
SCRIPT       : DZ_Expansion_SpawnSelection
SCRIPT       : DZ_Expansion_VanillaFixes
SCRIPT       : DZ_Expansion_Vehicles
SCRIPT       : DZ_Expansion_Weapons
SCRIPT       : DZ_Expansion_AI
SCRIPT       : DZ_Expansion_BaseBuilding
SCRIPT       : DZ_Expansion_Book
SCRIPT       : DZ_Expansion_Chat
SCRIPT       : DZ_Expansion_Hardline
SCRIPT       : DZ_Expansion_Quests
SCRIPT       : DZ_Expansion_VirtualContainerStorage
SCRIPT       : 12:57:39.382 [EXPANSION DEBUG]: ModStorage v5
