---------------------------------------------
Log C:\Program Files (x86)\Steam\steamapps\common\DayZServerAug2\config\script_2023-08-13_15-41-24.log started at 13.08. 15:41:24

SCRIPT       : Registered 397 temporary action enum(s), UAN==397
SCRIPT       : Registering faction type eAIFactionShamans ID -1484989417
SCRIPT       : Registering faction type eAIFactionObservers ID -563736721
SCRIPT       : Registering faction type eAIFactionInvincibleObservers ID -1227299746
SCRIPT       : Registering faction type eAIFactionEast ID 90522109
SCRIPT       : Registering faction type eAIFactionGuards ID 963933710
SCRIPT       : Registering faction type eAIFactionRaiders ID 1535276022
SCRIPT       : Registering faction type eAIFactionMercenaries ID 1629891834
SCRIPT       : Registering faction type eAIFactionWest ID 113880155
SCRIPT       : Registering faction type eAIFactionCivilian ID 1096178351
SCRIPT       : Registering faction type eAIFactionPassive ID -1159399789
SCRIPT       : Registering faction type eAIFactionInvincibleGuards ID 782746017
SCRIPT       : ... Backlit Effects Enabled
SCRIPT       : 15:41:25 [EXPANSION LOG]: DayZGame<bd1366d0> Start time (local time) 2023-08-13 15:41:21
SCRIPT       : 15:41:25 [EXPANSION LOG]: DayZGame<bd1366d0> Start time (UTC) 2023-08-13 20:41:21
SCRIPT       : 15:41:25 [EXPANSION LOG]: DayZGame<bd1366d0> Runtime since start (seconds) 4.537
SCRIPT    (W): @"JM/COT/Scripts/4_World/communityonlinetools\classes\webhook\jmwebhookdiscordmessage.c,19": Possible variable name conflict 'username'
SCRIPT    (W): @"JM/COT/Scripts/4_World/communityonlinetools\classes\webhook\jmwebhookdiscordmessage.c,19": Possible variable name conflict 'avatar_url'
SCRIPT    (W): @"JM/COT/Scripts/4_World/communityonlinetools\classes\webhook\jmwebhookdiscordmessage.c,19": Possible variable name conflict 'content'
SCRIPT    (W): @"JM/COT/Scripts/4_World/communityonlinetools\classes\webhook\jmwebhookdiscordmessage.c,151": Possible variable name conflict 'url'
SCRIPT    (W): @"JM/COT/Scripts/4_World/communityonlinetools\classes\webhook\jmwebhookdiscordmessage.c,172": Possible variable name conflict 'url'
SCRIPT    (W): @"JM/COT/Scripts/4_World/communityonlinetools\classes\webhook\jmwebhookdiscordmessage.c,180": Possible variable name conflict 'url'
SCRIPT       : 15:41:39.683 [EXPANSION DEBUG]: [ExpansionDebugSettings] Load existing setting file:$profile:ExpansionMod\Settings\DebugSettings.json
SCRIPT       : 15:41:39.687 [EXPANSION DEBUG]: [ExpansionLogSettings] Load existing setting file:$profile:ExpansionMod\Settings\LogsSettings.json
SCRIPT       : 15:41:39.703 [EXPANSION DEBUG]: [ExpansionNotificationSettings] Load existing setting file:$profile:ExpansionMod\Settings\NotificationSettings.json
SCRIPT       : 15:41:39.703 [EXPANSION DEBUG]: [ExpansionMonitoringSettings] Load existing setting file:$profile:ExpansionMod\Settings\MonitoringSettings.json
SCRIPT       : 15:41:39.703 [EXPANSION DEBUG]: [ExpansionDamageSystemSettings] Load existing setting file:$profile:ExpansionMod\Settings\DamageSystemSettings.json
SCRIPT       : 15:41:39.707 [EXPANSION DEBUG]: [ExpansionPartySettings] Load existing setting file:$profile:ExpansionMod\Settings\PartySettings.json
SCRIPT       : 15:41:39.710 [EXPANSION DEBUG]: [ExpansionHardlineSettings] Load existing setting file:$mission:expansion\settings\HardlineSettings.json
SCRIPT       : 15:41:39.718 [EXPANSION DEBUG]: [ExpansionMarketSettings] Load existing setting file:$mission:expansion\settings\MarketSettings.json
SCRIPT       : ExpansionMarketSettings::LoadCategories - Adding category ID 1 (Ammo)
SCRIPT       : ExpansionMarketSettings::LoadCategories - Adding category ID 2 (Ammo_Boxes)
SCRIPT       : ExpansionMarketSettings::LoadCategories - Adding category ID 3 (Armbands)
SCRIPT       : ExpansionMarketSettings::LoadCategories - Adding category ID 4 (Assault_Rifles)
SCRIPT       : ExpansionMarketSettings::LoadCategories - Adding category ID 5 (Backpacks)
SCRIPT       : ExpansionMarketSettings::LoadCategories - Adding category ID 6 (Bandanas)
SCRIPT       : ExpansionMarketSettings::LoadCategories - Adding category ID 7 (Batteries)
SCRIPT       : ExpansionMarketSettings::LoadCategories - Adding category ID 8 (Bayonets)
SCRIPT       : ExpansionMarketSettings::LoadCategories - Adding category ID 9 (Belts)
SCRIPT       : ExpansionMarketSettings::LoadCategories - Adding category ID 10 (Blouses_And_Suits)
SCRIPT       : ExpansionMarketSettings::LoadCategories - Adding category ID 11 (Boats)
SCRIPT       : ExpansionMarketSettings::LoadCategories - Adding category ID 12 (Boots_And_Shoes)
SCRIPT       : ExpansionMarketSettings::LoadCategories - Adding category ID 13 (Buttstocks)
SCRIPT       : ExpansionMarketSettings::LoadCategories - Adding category ID 14 (Caps)
SCRIPT       : ExpansionMarketSettings::LoadCategories - Adding category ID 15 (Cars)
SCRIPT       : ExpansionMarketSettings::LoadCategories - Adding category ID 16 (Coats_And_Jackets)
SCRIPT       : ExpansionMarketSettings::LoadCategories - Adding category ID 17 (Containers)
SCRIPT       : ExpansionMarketSettings::LoadCategories - Adding category ID 18 (Crossbows)
SCRIPT       : ExpansionMarketSettings::LoadCategories - Adding category ID 19 (Drinks)
SCRIPT       : ExpansionMarketSettings::LoadCategories - Adding category ID 20 (Electronics)
SCRIPT       : ExpansionMarketSettings::LoadCategories - Adding category ID 21 (Event)
SCRIPT       : ExpansionMarketSettings::LoadCategories - Adding category ID 22 (Exchange)
SCRIPT       : ExpansionMarketSettings::LoadCategories - Adding category ID 23 (Explosives_And_Grenades)
SCRIPT       : ExpansionMarketSettings::LoadCategories - Adding category ID 24 (Eyewear)
SCRIPT       : ExpansionMarketSettings::LoadCategories - Adding category ID 25 (Fish)
SCRIPT       : ExpansionMarketSettings::LoadCategories - Adding category ID 26 (Fishing)
SCRIPT       : ExpansionMarketSettings::LoadCategories - Adding category ID 27 (Flags)
SCRIPT       : ExpansionMarketSettings::LoadCategories - Adding category ID 28 (Food)
SCRIPT       : ExpansionMarketSettings::LoadCategories - Adding category ID 29 (Fruit_And_Vegetables)
SCRIPT       : ExpansionMarketSettings::LoadCategories - Adding category ID 30 (Furnishings)
SCRIPT       : ExpansionMarketSettings::LoadCategories - Adding category ID 31 (Gardening)
SCRIPT       : ExpansionMarketSettings::LoadCategories - Adding category ID 32 (Ghillies)
SCRIPT       : ExpansionMarketSettings::LoadCategories - Adding category ID 33 (Gloves)
SCRIPT       : ExpansionMarketSettings::LoadCategories - Adding category ID 34 (Handguards)
SCRIPT       : ExpansionMarketSettings::LoadCategories - Adding category ID 35 (Hats_And_Hoods)
SCRIPT       : ExpansionMarketSettings::LoadCategories - Adding category ID 36 (Helicopters)
SCRIPT       : ExpansionMarketSettings::LoadCategories - Adding category ID 37 (Helmets)
SCRIPT       : ExpansionMarketSettings::LoadCategories - Adding category ID 38 (Holsters_And_Pouches)
SCRIPT       : ExpansionMarketSettings::LoadCategories - Adding category ID 39 (Kits)
SCRIPT       : ExpansionMarketSettings::LoadCategories - Adding category ID 40 (Knifes)
SCRIPT       : ExpansionMarketSettings::LoadCategories - Adding category ID 41 (Launchers)
SCRIPT       : ExpansionMarketSettings::LoadCategories - Adding category ID 42 (Lights)
SCRIPT       : ExpansionMarketSettings::LoadCategories - Adding category ID 43 (Liquids)
SCRIPT       : ExpansionMarketSettings::LoadCategories - Adding category ID 44 (Locks)
SCRIPT       : ExpansionMarketSettings::LoadCategories - Adding category ID 45 (Magazines)
SCRIPT       : ExpansionMarketSettings::LoadCategories - Adding category ID 46 (Masks)
SCRIPT       : ExpansionMarketSettings::LoadCategories - Adding category ID 47 (Meat)
SCRIPT       : ExpansionMarketSettings::LoadCategories - Adding category ID 48 (Medical)
SCRIPT       : ExpansionMarketSettings::LoadCategories - Adding category ID 49 (Melee_Weapons)
SCRIPT       : ExpansionMarketSettings::LoadCategories - Adding category ID 50 (Muzzles)
SCRIPT       : ExpansionMarketSettings::LoadCategories - Adding category ID 51 (Navigation)
SCRIPT       : ExpansionMarketSettings::LoadCategories - Adding category ID 52 (Optics)
SCRIPT       : ExpansionMarketSettings::LoadCategories - Adding category ID 53 (Pants_And_Shorts)
SCRIPT       : ExpansionMarketSettings::LoadCategories - Adding category ID 54 (Pistols)
SCRIPT       : ExpansionMarketSettings::LoadCategories - Adding category ID 55 (Rifles)
SCRIPT       : ExpansionMarketSettings::LoadCategories - Adding category ID 56 (Shirts_And_TShirts)
SCRIPT       : ExpansionMarketSettings::LoadCategories - Adding category ID 57 (Shotguns)
SCRIPT       : ExpansionMarketSettings::LoadCategories - Adding category ID 58 (Skirts_And_Dresses)
SCRIPT       : ExpansionMarketSettings::LoadCategories - Adding category ID 59 (Sniper_Rifles)
SCRIPT       : ExpansionMarketSettings::LoadCategories - Adding category ID 60 (Spraycans)
SCRIPT       : ExpansionMarketSettings::LoadCategories - Adding category ID 61 (Submachine_Guns)
SCRIPT       : ExpansionMarketSettings::LoadCategories - Adding category ID 62 (Supplies)
SCRIPT       : ExpansionMarketSettings::LoadCategories - Adding category ID 63 (Sweaters_And_Hoodies)
SCRIPT       : ExpansionMarketSettings::LoadCategories - Adding category ID 64 (Tents)
SCRIPT       : ExpansionMarketSettings::LoadCategories - Adding category ID 65 (Tools)
SCRIPT       : ExpansionMarketSettings::LoadCategories - Adding category ID 66 (Vehicle_Parts)
SCRIPT       : ExpansionMarketSettings::LoadCategories - Adding category ID 67 (Vests)
SCRIPT       : 15:41:40.031 [EXPANSION DEBUG]: [ExpansionAirdropSettings] Load existing setting file:$profile:ExpansionMod\Settings\AirdropSettings.json
SCRIPT       : 15:41:40.152 [EXPANSION DEBUG]: [ExpansionMissionSettings] Load existing setting file:$profile:ExpansionMod\Settings\MissionSettings.json
SCRIPT       : 15:41:40.160 [EXPANSION DEBUG]: [ExpansionMapSettings] Load existing setting file:$mission:expansion\settings\MapSettings.json
SCRIPT       : 15:41:40.179 [EXPANSION DEBUG]: [ExpansionPersonalStorageNewSettings] Load existing setting file:$profile:ExpansionMod\Settings\PersonalStorageNewSettings.json
SCRIPT       : 15:41:40.183 [EXPANSION DEBUG]: [ExpansionGeneralSettings] Load existing setting file:$profile:ExpansionMod\Settings\GeneralSettings.json
SCRIPT       : 15:41:40.187 [EXPANSION DEBUG]: [ExpansionPlayerListSettings] Load existing setting file:$profile:ExpansionMod\Settings\PlayerListSettings.json
SCRIPT       : 15:41:40.187 [EXPANSION DEBUG]: [ExpansionSocialMediaSettings] Load existing setting file:$profile:ExpansionMod\Settings\SocialMediaSettings.json
SCRIPT       : 15:41:40.187 [EXPANSION DEBUG]: [ExpansionSpawnSettings] Load existing setting file:$mission:expansion\settings\SpawnSettings.json
SCRIPT       : 15:41:40.191 [EXPANSION DEBUG]: [ExpansionVehicleSettings] Load existing setting file:$profile:ExpansionMod\Settings\VehicleSettings.json
SCRIPT       : 15:41:40.195 [EXPANSION DEBUG]: [ExpansionAISettings] Load existing setting file:$profile:ExpansionMod\Settings\AISettings.json
SCRIPT       : 15:41:40.195 [EXPANSION DEBUG]: [ExpansionAIPatrolSettings] Load existing setting file:$mission:expansion\settings\AIPatrolSettings.json
SCRIPT       : 15:41:40.203 [EXPANSION DEBUG]: [ExpansionBaseBuildingSettings] Load existing setting file:$mission:expansion\settings\BaseBuildingSettings.json
SCRIPT       : 15:41:40.210 [EXPANSION DEBUG]: [ExpansionRaidSettings] Load existing setting file:$profile:ExpansionMod\Settings\RaidSettings.json
SCRIPT       : 15:41:40.210 [EXPANSION DEBUG]: [ExpansionTerritorySettings] Load existing setting file:$profile:ExpansionMod\Settings\TerritorySettings.json
SCRIPT       : 15:41:40.218 [EXPANSION DEBUG]: [ExpansionChatSettings] Load existing setting file:$profile:ExpansionMod\Settings\ChatSettings.json
SCRIPT    (E): JSON ERROR dolphin/DayZ-Expansion-AI-Dynamic/Scripts/5_Mission/modules\expansionrespawnhandlermodule.c:12
SCRIPT    (E): 
JSON ERROR:
Reading variable: data
Expecting instance
Reading variable: Point
Expecting array
At index 2, Expecting instance
Reading variable: Spatial_MinCount
Expecting int
Cannot convert to int

Function: 'Error'
Stack trace:
scripts/1_Core/proto\endebug.c:92
scripts/3_Game/tools\jsonfileloader.c:29
dolphin/DayZ-Expansion-AI-Dynamic/Scripts/3_Game/settings\spatialsettings.c:51
dolphin/DayZ-Expansion-AI-Dynamic/Scripts/3_Game/settings\spatialsettings.c:414
dolphin/DayZ-Expansion-AI-Dynamic/Scripts/5_Mission/modules\spatialai.c:24
dolphin/DayZ-Expansion-AI-Dynamic/Scripts/5_Mission/modules\expansionrespawnhandlermodule.c:12
SCRIPT       : Expansion version: 1.8.21
SCRIPT       : [DefineTest] EXPANSIONMOD is defined
SCRIPT       : [DefineTest] EXPANSIONMODAI is defined
SCRIPT       : [DefineTest] EXPANSIONMODANIMATIONS is defined
SCRIPT       : [DefineTest] EXPANSIONMODBASEBUILDING is defined
SCRIPT       : [DefineTest] EXPANSIONMODBOOK is defined
SCRIPT       : [DefineTest] EXPANSIONMODCHAT is defined
SCRIPT       : [DefineTest] EXPANSIONMODCORE is defined
SCRIPT       : [DefineTest] EXPANSIONMODGARAGE is defined
SCRIPT       : [DefineTest] EXPANSIONMODGROUPS is defined
SCRIPT       : [DefineTest] EXPANSIONMODHARDLINE is defined
SCRIPT       : [DefineTest] EXPANSIONMODKILLFEED is defined
SCRIPT       : [DefineTest] EXPANSIONMODMAPASSETS is defined
SCRIPT       : [DefineTest] EXPANSIONMODMARKET is defined
SCRIPT       : [DefineTest] EXPANSIONMODMISSIONS is defined
SCRIPT       : [DefineTest] EXPANSIONMODNAMETAGS is defined
SCRIPT       : [DefineTest] EXPANSIONMODNAVIGATION is defined
SCRIPT       : [DefineTest] EXPANSIONMODP2PMARKET is defined
SCRIPT       : [DefineTest] EXPANSIONMODPERSONALSTORAGE is defined
SCRIPT       : [DefineTest] EXPANSIONMODQUESTS is defined
SCRIPT       : [DefineTest] EXPANSIONMODSPAWNSELECTION is defined
SCRIPT       : [DefineTest] EXPANSIONMODVEHICLE is defined
SCRIPT       : [DefineTest] EXPANSIONMODWEAPONS is defined
SCRIPT       : [DefineTest] CfgMods:
SCRIPT       : defaultAction
SCRIPT       : DayZ
SCRIPT       : DZ_Expansion_AI_Preload
SCRIPT       : DZ_Expansion_Animations_Preload
SCRIPT       : DZ_Expansion_BaseBuilding_Preload
SCRIPT       : DZ_Expansion_Book_Preload
SCRIPT       : DZ_Expansion_Chat_Preload
SCRIPT       : DZ_Expansion_Core_Preload
SCRIPT       : DZ_Expansion_Garage_Preload
SCRIPT       : DZ_Expansion_Groups_Preload
SCRIPT       : DZ_Expansion_Hardline_Preload
SCRIPT       : DZ_Expansion_KillFeed_Preload
SCRIPT       : DZ_Expansion_MapAssets_Preload
SCRIPT       : DZ_Expansion_Market_Preload
SCRIPT       : DZ_Expansion_Missions_Preload
SCRIPT       : DZ_Expansion_ModStorage_Preload
SCRIPT       : DZ_Expansion_NameTags_Preload
SCRIPT       : DZ_Expansion_Navigation_Preload
SCRIPT       : DZ_Expansion_P2PMarket_Preload
SCRIPT       : DZ_Expansion_PersonalStorage_Preload
SCRIPT       : DZ_Expansion_Preload
SCRIPT       : DZ_Expansion_Quests_Preload
SCRIPT       : DZ_Expansion_SpawnSelection_Preload
SCRIPT       : DZ_Expansion_Vehicles_Preload
SCRIPT       : DZ_Expansion_Weapons_Preload
SCRIPT       : DZ_DabsFramework
SCRIPT       : DZ_Expansion_DefineTest
SCRIPT       : DZ_Expansion_MapAssets
SCRIPT       : bliss
SCRIPT       : JM_CommunityFramework
SCRIPT       : JM_CommunityOnlineTools
SCRIPT       : PvZmoD_CustomisableZombies
SCRIPT       : BoostZombiesVisionAddon
SCRIPT       : DZ_Editor_Loader
SCRIPT       : DZ_Expansion_ModStorage
SCRIPT       : DZ_Expansion_Core
SCRIPT       : DZ_Expansion_Garage
SCRIPT       : DZ_Expansion_Groups
SCRIPT       : DZ_Expansion_Market
SCRIPT       : DZ_Expansion_Missions
SCRIPT       : DZ_Expansion_NameTags
SCRIPT       : DZ_Expansion_Navigation
SCRIPT       : DZ_Expansion_NotificationScheduler
SCRIPT       : DZ_Expansion_P2PMarket
SCRIPT       : DZ_Expansion_PersonalStorage
SCRIPT       : DZ_Expansion_PersonalStorageNew
SCRIPT       : DZ_Expansion_PlayerList
SCRIPT       : DZ_Expansion
SCRIPT       : DZ_Expansion_SpawnSelection
SCRIPT       : DZ_Expansion_VanillaFixes
SCRIPT       : DZ_Expansion_Vehicles
SCRIPT       : DZ_Expansion_Weapons
SCRIPT       : jpc_vest
SCRIPT       : DZ_Expansion_AI
SCRIPT       : DZ_Expansion_BaseBuilding
SCRIPT       : DZ_Expansion_Book
SCRIPT       : DZ_Expansion_Chat
SCRIPT       : DZ_Expansion_Hardline
SCRIPT       : DZ_Expansion_Quests
SCRIPT       : DZ_Expansion_VirtualContainerStorage
SCRIPT       : DayZ_Expansion_AI_Dynamic
SCRIPT    (E): JSON ERROR $CurrentDir:mpmissions\Expansion.chernarusplus\init.c:99
SCRIPT    (E): 
JSON ERROR:
Reading variable: data
Expecting instance
Reading variable: Point
Expecting array
At index 2, Expecting instance
Reading variable: Spatial_MinCount
Expecting int
Cannot convert to int

Function: 'Error'
Stack trace:
scripts/1_Core/proto\endebug.c:92
scripts/3_Game/tools\jsonfileloader.c:29
dolphin/DayZ-Expansion-AI-Dynamic/Scripts/3_Game/settings\spatialsettings.c:51
dolphin/DayZ-Expansion-AI-Dynamic/Scripts/3_Game/settings\spatialsettings.c:20
dolphin/DayZ-Expansion-AI-Dynamic/Scripts/5_Mission/mission\missionserver.c:15
$CurrentDir:mpmissions\Expansion.chernarusplus\init.c:99
SCRIPT       : 15:41:40.816 [EXPANSION DEBUG]: ModStorage v5
SCRIPT       : 15:41:43.546 [EXPANSION DEBUG]: ExpansionTraderJudy<a48e6010>::SetTraderObject ExpansionTraderObjectBase<cab8f020> <4973.928711, 9.510984, 2436.782959>
SCRIPT       : 15:41:43.546 [EXPANSION DEBUG]: LoadMissionTradersFile trader ExpansionTraderJudy<a48e6010> fileName Aircraft
SCRIPT       : 15:41:43.558 [EXPANSION DEBUG]: ExpansionTraderJose<caf6c030>::SetTraderObject ExpansionTraderObjectBase<caf3b910> <14353.624023, 3.326771, 13229.217773>
SCRIPT       : 15:41:43.562 [EXPANSION DEBUG]: LoadMissionTradersFile trader ExpansionTraderJose<caf6c030> fileName Boats
SCRIPT       : 15:41:43.566 [EXPANSION DEBUG]: ExpansionTraderEva<fdf84010>::SetTraderObject ExpansionTraderObjectBase<cb0158b0> <14378.793945, 3.325975, 13271.585938>
SCRIPT       : 15:41:43.566 [EXPANSION DEBUG]: LoadMissionTradersFile trader ExpansionTraderEva<fdf84010> fileName Fishing
SCRIPT       : 15:41:43.578 [EXPANSION DEBUG]: ExpansionTraderLewis<6df89810>::SetTraderObject ExpansionTraderObjectBase<cb0bcb10> <1756.656372, 1.415564, 2027.359741>
SCRIPT       : 15:41:43.578 [EXPANSION DEBUG]: LoadMissionTradersFile trader ExpansionTraderLewis<6df89810> fileName Boats
SCRIPT       : 15:41:43.578 [EXPANSION DEBUG]: LoadMissionTradersFile trader ExpansionTraderStaticBase<518b8e60> fileName Exchange
SCRIPT       : 15:41:43.597 [EXPANSION DEBUG]: ExpansionTraderDenis<caf26010>::SetTraderObject ExpansionTraderObjectBase<cb1e04c0> <3697.249512, 402.010010, 5977.625488>
SCRIPT       : 15:41:43.597 [EXPANSION DEBUG]: LoadMissionTradersFile trader ExpansionTraderDenis<caf26010> fileName Clothing
SCRIPT       : 15:41:43.613 [EXPANSION DEBUG]: ExpansionTraderMaria<cb298800>::SetTraderObject ExpansionTraderObjectBase<d4b25570> <3696.455811, 402.010010, 5980.193359>
SCRIPT       : 15:41:43.613 [EXPANSION DEBUG]: LoadMissionTradersFile trader ExpansionTraderMaria<cb298800> fileName Clothing_Accessories
SCRIPT       : 15:41:43.628 [EXPANSION DEBUG]: ExpansionTraderQuinn<5fa20020>::SetTraderObject ExpansionTraderObjectBase<d4c14a90> <3710.121826, 402.010010, 5976.164063>
SCRIPT       : 15:41:43.628 [EXPANSION DEBUG]: LoadMissionTradersFile trader ExpansionTraderQuinn<5fa20020> fileName Consumables
SCRIPT       : 15:41:43.644 [EXPANSION DEBUG]: ExpansionTraderNaomi<26a70050>::SetTraderObject ExpansionTraderObjectBase<d4d6b500> <3708.786865, 402.010010, 5974.589844>
SCRIPT       : 15:41:43.644 [EXPANSION DEBUG]: LoadMissionTradersFile trader ExpansionTraderNaomi<26a70050> fileName Weapons
SCRIPT       : 15:41:43.660 [EXPANSION DEBUG]: ExpansionTraderSeth<894feea0>::SetTraderObject ExpansionTraderObjectBase<d4ec90f0> <3710.265137, 402.010010, 5973.340820>
SCRIPT       : 15:41:43.660 [EXPANSION DEBUG]: LoadMissionTradersFile trader ExpansionTraderSeth<894feea0> fileName Attachments
SCRIPT       : 15:41:43.671 [EXPANSION DEBUG]: ExpansionTraderRolf<894f7280>::SetTraderObject ExpansionTraderObjectBase<d4fead90> <3698.172607, 402.010010, 5995.337402>
SCRIPT       : 15:41:43.671 [EXPANSION DEBUG]: LoadMissionTradersFile trader ExpansionTraderRolf<894f7280> fileName Vehicles
SCRIPT       : 15:41:43.691 [EXPANSION DEBUG]: ExpansionTraderIndar<89516300>::SetTraderObject ExpansionTraderObjectBase<d50ade90> <3714.531006, 402.138000, 5961.776367>
SCRIPT       : 15:41:43.691 [EXPANSION DEBUG]: LoadMissionTradersFile trader ExpansionTraderIndar<89516300> fileName Components
SCRIPT       : 15:41:43.695 [EXPANSION DEBUG]: ExpansionTraderJudy<89502cb0>::SetTraderObject ExpansionTraderObjectBase<d50bab90> <3729.029541, 402.651001, 5969.476563>
SCRIPT       : 15:41:43.695 [EXPANSION DEBUG]: LoadMissionTradersFile trader ExpansionTraderJudy<89502cb0> fileName Medicals
SCRIPT       : 15:41:43.699 [EXPANSION DEBUG]: ExpansionTraderNaomi<894fb090>::SetTraderObject ExpansionTraderObjectBase<d51d47c0> <3690.062988, 402.100067, 6006.763672>
SCRIPT       : 15:41:43.699 [EXPANSION DEBUG]: LoadMissionTradersFile trader ExpansionTraderNaomi<894fb090> fileName Vehicle_Parts
SCRIPT       : 15:41:43.707 [EXPANSION DEBUG]: ExpansionTraderJose<8951a110>::SetTraderObject ExpansionTraderObjectBase<d51d87d0> <3699.629883, 402.010010, 5993.970215>
SCRIPT       : 15:41:43.707 [EXPANSION DEBUG]: LoadMissionTradersFile trader ExpansionTraderJose<8951a110> fileName Spraycans
SCRIPT       : 15:41:43.714 [EXPANSION DEBUG]: ExpansionTraderLinda<8951df20>::SetTraderObject ExpansionTraderObjectBase<d5310740> <3674.669922, 406.760010, 5990.390137>
SCRIPT       : 15:41:43.714 [EXPANSION DEBUG]: LoadMissionTradersFile trader ExpansionTraderLinda<8951df20> fileName Special
SCRIPT       : 15:41:43.722 [EXPANSION DEBUG]: ExpansionTraderNiki<89521d30>::SetTraderObject ExpansionTraderObjectBase<d5438fd0> <3699.030029, 402.013000, 5973.439941>
SCRIPT       : 15:41:43.722 [EXPANSION DEBUG]: LoadMissionTradersFile trader ExpansionTraderNiki<89521d30> fileName BuildingSupplies
SCRIPT       : 15:41:43.730 [EXPANSION DEBUG]: ExpansionTraderFrancis<89506ac0>::SetTraderObject ExpansionTraderObjectBase<d554a700> <1153.964844, 6.463035, 2409.763184>
SCRIPT       : 15:41:43.730 [EXPANSION DEBUG]: LoadMissionTradersFile trader ExpansionTraderFrancis<89506ac0> fileName Attachments
SCRIPT       : 15:41:43.738 [EXPANSION DEBUG]: ExpansionTraderKaito<89531570>::SetTraderObject ExpansionTraderObjectBase<d567a710> <1117.021240, 5.495151, 2413.766357>
SCRIPT       : 15:41:43.738 [EXPANSION DEBUG]: LoadMissionTradersFile trader ExpansionTraderKaito<89531570> fileName Components
SCRIPT       : 15:41:43.750 [EXPANSION DEBUG]: ExpansionTraderCyril<89529950>::SetTraderObject ExpansionTraderObjectBase<d5697f40> <1136.987427, 5.908522, 2439.662598>
SCRIPT       : 15:41:43.750 [EXPANSION DEBUG]: LoadMissionTradersFile trader ExpansionTraderCyril<89529950> fileName Clothing
SCRIPT       : 15:41:43.757 [EXPANSION DEBUG]: ExpansionTraderGuo<89525b40>::SetTraderObject ExpansionTraderObjectBase<d5746850> <1133.974854, 5.909700, 2442.412598>
SCRIPT       : 15:41:43.757 [EXPANSION DEBUG]: LoadMissionTradersFile trader ExpansionTraderGuo<89525b40> fileName Clothing_Accessories
SCRIPT       : 15:41:43.765 [EXPANSION DEBUG]: ExpansionTraderBoris<8952d760>::SetTraderObject ExpansionTraderObjectBase<d58290b0> <1123.468262, 15.349299, 2426.316162>
SCRIPT       : 15:41:43.765 [EXPANSION DEBUG]: LoadMissionTradersFile trader ExpansionTraderBoris<8952d760> fileName Exchange
SCRIPT       : 15:41:43.765 [EXPANSION DEBUG]: ExpansionTraderLinda<d98300d0>::SetTraderObject ExpansionTraderObjectBase<d582d980> <1135.892822, 5.908773, 2436.856689>
SCRIPT       : 15:41:43.765 [EXPANSION DEBUG]: LoadMissionTradersFile trader ExpansionTraderLinda<d98300d0> fileName Consumables
SCRIPT       : 15:41:43.773 [EXPANSION DEBUG]: ExpansionTraderKeiko<d983bb00>::SetTraderObject ExpansionTraderObjectBase<d98ee190> <1130.731689, 5.951744, 2438.009277>
SCRIPT       : 15:41:43.773 [EXPANSION DEBUG]: LoadMissionTradersFile trader ExpansionTraderKeiko<d983bb00> fileName Medicals
SCRIPT       : 15:41:43.781 [EXPANSION DEBUG]: ExpansionTraderHelga<d9847530>::SetTraderObject ExpansionTraderObjectBase<d99c8d40> <1141.654419, 5.906255, 2421.591309>
SCRIPT       : 15:41:43.781 [EXPANSION DEBUG]: LoadMissionTradersFile trader ExpansionTraderHelga<d9847530> fileName Special
SCRIPT       : 15:41:43.789 [EXPANSION DEBUG]: ExpansionTraderFrida<d984b340>::SetTraderObject ExpansionTraderObjectBase<d9a68400> <1120.135132, 5.600746, 2417.465820>
SCRIPT       : 15:41:43.789 [EXPANSION DEBUG]: LoadMissionTradersFile trader ExpansionTraderFrida<d984b340> fileName Vehicles
SCRIPT       : 15:41:43.796 [EXPANSION DEBUG]: ExpansionTraderHassan<d984f150>::SetTraderObject ExpansionTraderObjectBase<d9b15d40> <1123.977905, 5.639271, 2417.411865>
SCRIPT       : 15:41:43.796 [EXPANSION DEBUG]: LoadMissionTradersFile trader ExpansionTraderHassan<d984f150> fileName Vehicle_Parts
SCRIPT       : 15:41:43.796 [EXPANSION DEBUG]: ExpansionTraderDenis<d9833ee0>::SetTraderObject ExpansionTraderObjectBase<d9b1b330> <1156.719727, 6.513331, 2406.355225>
SCRIPT       : 15:41:43.796 [EXPANSION DEBUG]: LoadMissionTradersFile trader ExpansionTraderDenis<d9833ee0> fileName Weapons
SCRIPT       : 15:41:43.804 [EXPANSION DEBUG]: ExpansionTraderGabi<d9843720>::SetTraderObject ExpansionTraderObjectBase<d9bd6740> <1135.689941, 5.900000, 2423.300049>
SCRIPT       : 15:41:43.804 [EXPANSION DEBUG]: LoadMissionTradersFile trader ExpansionTraderGabi<d9843720> fileName BuildingSupplies
SCRIPT       : 15:41:43.808 [EXPANSION DEBUG]: ExpansionTraderFrancis<d983f910>::SetTraderObject ExpansionTraderObjectBase<d9bdb1a0> <11835.901367, 140.617874, 12474.744141>
SCRIPT       : 15:41:43.808 [EXPANSION DEBUG]: LoadMissionTradersFile trader ExpansionTraderFrancis<d983f910> fileName Attachments
SCRIPT       : 15:41:43.812 [EXPANSION DEBUG]: ExpansionTraderLinda<d9852f60>::SetTraderObject ExpansionTraderObjectBase<d9be16e0> <11856.716797, 140.565109, 12461.438477>
SCRIPT       : 15:41:43.812 [EXPANSION DEBUG]: LoadMissionTradersFile trader ExpansionTraderLinda<d9852f60> fileName Consumables
SCRIPT       : 15:41:43.816 [EXPANSION DEBUG]: ExpansionTraderCyril<d9837cf0>::SetTraderObject ExpansionTraderObjectBase<d9be5f10> <11855.000000, 140.605103, 12466.099609>
SCRIPT       : 15:41:43.816 [EXPANSION DEBUG]: LoadMissionTradersFile trader ExpansionTraderCyril<d9837cf0> fileName Clothing
SCRIPT       : 15:41:43.816 [EXPANSION DEBUG]: ExpansionTraderGuo<d9856d70>::SetTraderObject ExpansionTraderObjectBase<d9d4a750> <11855.200195, 140.605103, 12470.487305>
SCRIPT       : 15:41:43.816 [EXPANSION DEBUG]: LoadMissionTradersFile trader ExpansionTraderGuo<d9856d70> fileName Clothing_Accessories
SCRIPT       : 15:41:43.820 [EXPANSION DEBUG]: ExpansionTraderKaito<d985ab80>::SetTraderObject ExpansionTraderObjectBase<d9d4f7a0> <11849.400391, 140.605087, 12466.200195>
SCRIPT       : 15:41:43.820 [EXPANSION DEBUG]: LoadMissionTradersFile trader ExpansionTraderKaito<d985ab80> fileName Components
SCRIPT       : 15:41:43.820 [EXPANSION DEBUG]: ExpansionTraderBoris<d985e990>::SetTraderObject ExpansionTraderObjectBase<d9d54520> <11858.202148, 140.615112, 12463.234375>
SCRIPT       : 15:41:43.820 [EXPANSION DEBUG]: LoadMissionTradersFile trader ExpansionTraderBoris<d985e990> fileName Exchange
SCRIPT       : 15:41:43.824 [EXPANSION DEBUG]: ExpansionTraderKeiko<d98627a0>::SetTraderObject ExpansionTraderObjectBase<d9d591b0> <11853.218750, 140.605087, 12463.277344>
SCRIPT       : 15:41:43.824 [EXPANSION DEBUG]: LoadMissionTradersFile trader ExpansionTraderKeiko<d98627a0> fileName Medicals
SCRIPT       : 15:41:43.828 [EXPANSION DEBUG]: ExpansionTraderGabi<d98665b0>::SetTraderObject ExpansionTraderObjectBase<d9d5f880> <11833.200195, 140.605118, 12461.700195>
SCRIPT       : 15:41:43.828 [EXPANSION DEBUG]: LoadMissionTradersFile trader ExpansionTraderGabi<d98665b0> fileName Special
SCRIPT       : 15:41:43.835 [EXPANSION DEBUG]: ExpansionTraderElias<d986a3c0>::SetTraderObject ExpansionTraderObjectBase<d9e66b00> <11877.799805, 140.134796, 12441.599609>
SCRIPT       : 15:41:43.835 [EXPANSION DEBUG]: LoadMissionTradersFile trader ExpansionTraderElias<d986a3c0> fileName Vehicles
SCRIPT       : 15:41:43.835 [EXPANSION DEBUG]: ExpansionTraderHassan<d9f936c0>::SetTraderObject ExpansionTraderObjectBase<d9e6bd30> <11878.674805, 140.134796, 12424.302734>
SCRIPT       : 15:41:43.835 [EXPANSION DEBUG]: LoadMissionTradersFile trader ExpansionTraderHassan<d9f936c0> fileName Vehicle_Parts
SCRIPT       : 15:41:43.839 [EXPANSION DEBUG]: ExpansionTraderDenis<d9f80070>::SetTraderObject ExpansionTraderObjectBase<d9e70470> <11833.576172, 140.605072, 12469.492188>
SCRIPT       : 15:41:43.839 [EXPANSION DEBUG]: LoadMissionTradersFile trader ExpansionTraderDenis<d9f80070> fileName Weapons
SCRIPT       : 15:41:43.843 [EXPANSION DEBUG]: ExpansionTraderLinda<d9f974d0>::SetTraderObject ExpansionTraderObjectBase<da0264a0> <11852.194336, 140.660980, 12472.387695>
SCRIPT       : 15:41:43.843 [EXPANSION DEBUG]: LoadMissionTradersFile trader ExpansionTraderLinda<d9f974d0> fileName BuildingSupplies
SCRIPT       : 15:41:43.851 [EXPANSION DEBUG]: ExpansionTraderManua<d9f9b2e0>::SetTraderObject ExpansionTraderObjectBase<da0441d0> <11879.722656, 140.094788, 12435.959961>
SCRIPT       : 15:41:43.851 [EXPANSION DEBUG]: LoadMissionTradersFile trader ExpansionTraderManua<d9f9b2e0> fileName Spraycans
SCRIPT       : 15:41:43.859 [EXPANSION DEBUG]: ExpansionTraderIrena<d9f9f0f0>::SetTraderObject ExpansionTraderObjectBase<da0e50a0> <12160.279297, 140.580765, 12689.783203>
SCRIPT       : 15:41:43.859 [EXPANSION DEBUG]: LoadMissionTradersFile trader ExpansionTraderIrena<d9f9f0f0> fileName Aircraft
SCRIPT       : [ExpansionQuestPersistentServerData] Load existing configuration file:$profile:ExpansionMod\Quests\PersistentServerData.json
SCRIPT       : [ExpansionQuestPersistentServerData] Load existing configuration file:$profile:ExpansionMod\Quests\PersistentServerData.json
SCRIPT       : [ExpansionQuestObjectiveTravelConfig] Load existing configuration file:$profile:ExpansionMod\Quests\Objectives\Travel\Objective_T_1.json
SCRIPT       : [ExpansionQuestObjectiveTravelConfig] Load existing configuration file:$profile:ExpansionMod\Quests\Objectives\Travel\Objective_T_2.json
SCRIPT       : [ExpansionQuestObjectiveTravelConfig] Load existing configuration file:$profile:ExpansionMod\Quests\Objectives\Travel\Objective_T_3.json
SCRIPT       : [ExpansionQuestObjectiveTravelConfig] Load existing configuration file:$profile:ExpansionMod\Quests\Objectives\Travel\Objective_T_4.json
SCRIPT       : [ExpansionQuestObjectiveTargetConfig] Load existing configuration file:$profile:ExpansionMod\Quests\Objectives\Target\Objective_TA_1.json
SCRIPT       : [ExpansionQuestObjectiveTargetConfig] Load existing configuration file:$profile:ExpansionMod\Quests\Objectives\Target\Objective_TA_2.json
SCRIPT       : [ExpansionQuestObjectiveTargetConfig] Load existing configuration file:$profile:ExpansionMod\Quests\Objectives\Target\Objective_TA_3.json
SCRIPT       : [ExpansionQuestObjectiveTargetConfig] Load existing configuration file:$profile:ExpansionMod\Quests\Objectives\Target\Objective_TA_4.json
SCRIPT       : [ExpansionQuestObjectiveDeliveryConfig] Load existing configuration file:$profile:ExpansionMod\Quests\Objectives\Delivery\Objective_D_1.json
SCRIPT       : [ExpansionQuestObjectiveDeliveryConfig] Load existing configuration file:$profile:ExpansionMod\Quests\Objectives\Delivery\Objective_D_2.json
SCRIPT       : [ExpansionQuestObjectiveCollectionConfig] Load existing configuration file:$profile:ExpansionMod\Quests\Objectives\Collection\1-Collection-Apples.json
SCRIPT       : [ExpansionQuestObjectiveCollectionConfig] Load existing configuration file:$profile:ExpansionMod\Quests\Objectives\Collection\2-Collection-Mackerel.json
SCRIPT       : [ExpansionQuestObjectiveCollectionConfig] Load existing configuration file:$profile:ExpansionMod\Quests\Objectives\Collection\3-Collection-BrownChickens.json
SCRIPT       : [ExpansionQuestObjectiveCollectionConfig] Load existing configuration file:$profile:ExpansionMod\Quests\Objectives\Collection\4-Collection-BearPelt.json
SCRIPT       : [ExpansionQuestObjectiveCollectionConfig] Load existing configuration file:$profile:ExpansionMod\Quests\Objectives\Collection\5-Collection-DeerPelt.json
SCRIPT       : [ExpansionQuestObjectiveCollectionConfig] Load existing configuration file:$profile:ExpansionMod\Quests\Objectives\Collection\6-Collection-AgaricusMushroom.json
SCRIPT       : [ExpansionQuestObjectiveCollectionConfig] Load existing configuration file:$profile:ExpansionMod\Quests\Objectives\Collection\Objective_C_1.json
SCRIPT       : [ExpansionQuestObjectiveCollectionConfig] Load existing configuration file:$profile:ExpansionMod\Quests\Objectives\Collection\Objective_C_2.json
SCRIPT       : [ExpansionQuestObjectiveCollectionConfig] Load existing configuration file:$profile:ExpansionMod\Quests\Objectives\Collection\Objective_C_3.json
SCRIPT       : [ExpansionQuestObjectiveTreasureHuntConfig] Load existing configuration file:$profile:ExpansionMod\Quests\Objectives\TreasureHunt\Objective_TH_1.json
SCRIPT       : [ExpansionQuestObjectiveActionConfig] Load existing configuration file:$profile:ExpansionMod\Quests\Objectives\Action\1-Medic.json
SCRIPT       : [ExpansionQuestObjectiveActionConfig] Load existing configuration file:$profile:ExpansionMod\Quests\Objectives\Action\10-Medic.json
SCRIPT       : [ExpansionQuestObjectiveActionConfig] Load existing configuration file:$profile:ExpansionMod\Quests\Objectives\Action\11-Medic.json
SCRIPT       : [ExpansionQuestObjectiveActionConfig] Load existing configuration file:$profile:ExpansionMod\Quests\Objectives\Action\12-Medic.json
SCRIPT       : [ExpansionQuestObjectiveActionConfig] Load existing configuration file:$profile:ExpansionMod\Quests\Objectives\Action\13-Medic.json
SCRIPT       : [ExpansionQuestObjectiveActionConfig] Load existing configuration file:$profile:ExpansionMod\Quests\Objectives\Action\14-Medic.json
SCRIPT       : [ExpansionQuestObjectiveActionConfig] Load existing configuration file:$profile:ExpansionMod\Quests\Objectives\Action\15-Medic.json
SCRIPT       : [ExpansionQuestObjectiveActionConfig] Load existing configuration file:$profile:ExpansionMod\Quests\Objectives\Action\16-Medic.json
SCRIPT       : [ExpansionQuestObjectiveActionConfig] Load existing configuration file:$profile:ExpansionMod\Quests\Objectives\Action\17-Medic.json
SCRIPT       : [ExpansionQuestObjectiveActionConfig] Load existing configuration file:$profile:ExpansionMod\Quests\Objectives\Action\18-Horticulture.json
SCRIPT       : [ExpansionQuestObjectiveActionConfig] Load existing configuration file:$profile:ExpansionMod\Quests\Objectives\Action\19-Horticulture.json
SCRIPT       : [ExpansionQuestObjectiveActionConfig] Load existing configuration file:$profile:ExpansionMod\Quests\Objectives\Action\2-Medic.json
SCRIPT       : [ExpansionQuestObjectiveActionConfig] Load existing configuration file:$profile:ExpansionMod\Quests\Objectives\Action\20-Horticulture.json
SCRIPT       : [ExpansionQuestObjectiveActionConfig] Load existing configuration file:$profile:ExpansionMod\Quests\Objectives\Action\21-Horticulture.json
SCRIPT       : [ExpansionQuestObjectiveActionConfig] Load existing configuration file:$profile:ExpansionMod\Quests\Objectives\Action\22-Horticulture.json
SCRIPT       : [ExpansionQuestObjectiveActionConfig] Load existing configuration file:$profile:ExpansionMod\Quests\Objectives\Action\23-Horticulture.json
SCRIPT       : [ExpansionQuestObjectiveActionConfig] Load existing configuration file:$profile:ExpansionMod\Quests\Objectives\Action\24-Horticulture.json
SCRIPT       : [ExpansionQuestObjectiveActionConfig] Load existing configuration file:$profile:ExpansionMod\Quests\Objectives\Action\3-Medic.json
SCRIPT       : [ExpansionQuestObjectiveActionConfig] Load existing configuration file:$profile:ExpansionMod\Quests\Objectives\Action\4-Medic.json
SCRIPT       : [ExpansionQuestObjectiveActionConfig] Load existing configuration file:$profile:ExpansionMod\Quests\Objectives\Action\5-Medic.json
SCRIPT       : [ExpansionQuestObjectiveActionConfig] Load existing configuration file:$profile:ExpansionMod\Quests\Objectives\Action\6-Medic.json
SCRIPT       : [ExpansionQuestObjectiveActionConfig] Load existing configuration file:$profile:ExpansionMod\Quests\Objectives\Action\7-Medic.json
SCRIPT       : [ExpansionQuestObjectiveActionConfig] Load existing configuration file:$profile:ExpansionMod\Quests\Objectives\Action\8-Medic.json
SCRIPT       : [ExpansionQuestObjectiveActionConfig] Load existing configuration file:$profile:ExpansionMod\Quests\Objectives\Action\9-Medic.json
SCRIPT       : [ExpansionQuestObjectiveActionConfig] Load existing configuration file:$profile:ExpansionMod\Quests\Objectives\Action\Objective_A_1.json
SCRIPT       : [ExpansionQuestObjectiveActionConfig] Load existing configuration file:$profile:ExpansionMod\Quests\Objectives\Action\Objective_A_2.json
SCRIPT       : [ExpansionQuestObjectiveCraftingConfig] Load existing configuration file:$profile:ExpansionMod\Quests\Objectives\Crafting\1-Crafting-FishingRod.json
SCRIPT       : [ExpansionQuestObjectiveCraftingConfig] Load existing configuration file:$profile:ExpansionMod\Quests\Objectives\Crafting\Objective_CR_1.json
SCRIPT       : [ExpansionQuestObjectiveAIPatrolConfig] Load existing configuration file:$profile:ExpansionMod\Quests\Objectives\AIPatrol\Objective_AIP_1.json
SCRIPT       : [ExpansionQuestObjectiveAICampConfig] Load existing configuration file:$profile:ExpansionMod\Quests\Objectives\AICamp\Objective_AIC_1.json
SCRIPT       : [ExpansionQuestObjectiveAIEscortConfig] Load existing configuration file:$profile:ExpansionMod\Quests\Objectives\AIVIP\1-VIP.json
SCRIPT       : [ExpansionQuestObjectiveAIEscortConfig] Load existing configuration file:$profile:ExpansionMod\Quests\Objectives\AIVIP\2-VIP.json
SCRIPT       : [ExpansionQuestObjectiveAIEscortConfig] Load existing configuration file:$profile:ExpansionMod\Quests\Objectives\AIVIP\Objective_AIESCORT_1.json
SCRIPT       : [ExpansionQuestNPCData] Load existing configuration file:QuestNPC_1.json
SCRIPT       : [ExpansionQuestNPCData] Load existing configuration file:QuestNPC_2.json
SCRIPT       : [ExpansionQuestNPCData] Load existing configuration file:QuestNPC_3.json
SCRIPT       : [ExpansionQuestNPCData] Load existing configuration file:QuestNPC_5.json
SCRIPT       : [EditorLoader] File found: $mission:\EditorFiles\TraderStorage.dze
SCRIPT       : [EditorLoader] Loaded files in 0.003s
SCRIPT       : [EditorLoader] 6 total objects created
SCRIPT       : [EditorLoader] 0 total objects deleted
SCRIPT       : [EditorLoader] Deleted & Created all objects in 0.025s
SCRIPT       : ExpansionMarketItem marketItem = ExpansionMarketItem<7caa5b50>
SCRIPT       : int worth =   1
SCRIPT       : 15:42:01.574 [EXPANSION DEBUG]: ExpansionP2PTraderAIIrena<67e0a010>::SetP2PTraderID - ID: 1
SCRIPT       : ExpansionZonePolygon<548c7db0> position=<12015.854492, 0.000000, 12591.097656> radius=419.633
SCRIPT       : ExpansionZoneCircle<687b32a0> position=<1143.140015, 0.000000, 2423.270020> radius=400
SCRIPT       : ExpansionZoneCircle<687b2760> position=<3728.270020, 0.000000, 6003.600098> radius=400
SCRIPT       : Found 3 zones!
SCRIPT       : 15:42:01.683 [EXPANSION DEBUG]: ExpansionQuestNPCAIDenis<697fe620>::OnEnterSafeZone
SCRIPT       : bool m_Expansion_LeavingSafeZone = 0
SCRIPT       : bool m_Expansion_IsInSafeZone = 0
SCRIPT       : bool m_Expansion_IsInSafeZoneSynchRemote = 0
SCRIPT       : 15:42:01.683 [EXPANSION DEBUG]: ExpansionP2PTraderAIIrena<67e0a010>::OnEnterSafeZone
SCRIPT       : bool m_Expansion_LeavingSafeZone = 0
SCRIPT       : bool m_Expansion_IsInSafeZone = 0
SCRIPT       : bool m_Expansion_IsInSafeZoneSynchRemote = 0
SCRIPT       : 15:42:02.199 [EXPANSION DEBUG]: ExpansionItemSpawnHelper::Clone - created AugShort:031315 at location { type=HANDS item=AugShort:031292 parent=ExpansionQuestNPCAIDenis:044 }
SCRIPT       : 15:42:02.199 [EXPANSION DEBUG]: ExpansionItemSpawnHelper::Clone - created Mag_Aug_30Rnd:031316 at location { type=ATTACHMENT item=null parent=AugShort:031315 slot=magazine }
SCRIPT       : 15:42:02.203 [EXPANSION DEBUG]: ExpansionItemSpawnHelper::Clone - created AugOptic:031317 at location { type=ATTACHMENT item=null parent=AugShort:031315 slot=weaponOpticsAug }
SCRIPT       : [emote] ExpansionQuestNPCAIDenis:044 play emote id=46 IH=AugShort:031315
SCRIPT       : [emote] ExpansionP2PTraderAIIrena:043 play emote id=46 IH=null
SCRIPT       : 15:42:04.261 [EXPANSION DEBUG]: ExpansionItemSpawnHelper::Clone - created SKS:031293 at location { type=HANDS item=SKS:031304 parent=ExpansionQuestNPCAIElias:045 }
SCRIPT       : [emote] ExpansionQuestNPCAIElias:045 play emote id=14 IH=SKS:031293
SCRIPT       : 15:47:54.375 [EXPANSION DEBUG]: ExpansionHardlineModule<d689b650> ::LoadPlayerData - Loaded player hardline data for player Blorpus9000[3I2KPiMwtNrbRzLe964-q3OrI2Ligr9LBcsFxmVIl3Q=]
SCRIPT       : ---- PlayerBase OnStoreLoad SUCCESS ----
SCRIPT       : 15:48:10.964 [EXPANSION DEBUG]: SurvivorBase<9db403f0>::OnEnterSafeZone
SCRIPT       : bool m_Expansion_LeavingSafeZone = 0
SCRIPT       : bool m_Expansion_IsInSafeZone = 0
SCRIPT       : bool m_Expansion_IsInSafeZoneSynchRemote = 0
SCRIPT       : [EditorLoader] Sent Deleted objects in 0s
SCRIPT       : 15:48:10.968 [EXPANSION DEBUG]: ExpansionPartyData<caa1e070>::OnJoin party Blorpus (ID 0) player Blorpus9000 (ID 3I2KPiMwtNrbRzLe964-q3OrI2Ligr9LBcsFxmVIl3Q=)
SCRIPT       : 15:48:10.996 [EXPANSION DEBUG]: ExpansionQuestModule<d9c91fc0> Sending 59 quest configs to client with UID: 3I2KPiMwtNrbRzLe964-q3OrI2Ligr9LBcsFxmVIl3Q=
SCRIPT       : 15:48:10.996 [EXPANSION DEBUG]: ExpansionQuestModule<d9c91fc0> Sending player quest data for 28 quests to player with UID: 3I2KPiMwtNrbRzLe964-q3OrI2Ligr9LBcsFxmVIl3Q=
SCRIPT       : 15:48:12.621 [EXPANSION DEBUG]: ExpansionItemSpawnHelper::Clone - created Scout:031385 at location { type=HANDS item=Scout:031341 parent=eAI_SurvivorM_Denis:047 }
SCRIPT       : 15:48:12.621 [EXPANSION DEBUG]: ExpansionItemSpawnHelper::Clone - created Mag_Scout_5Rnd:031386 at location { type=ATTACHMENT item=null parent=Scout:031385 slot=magazine }
SCRIPT       : 15:48:12.738 [EXPANSION DEBUG]: ExpansionItemSpawnHelper::Clone - created Scout:031342 at location { type=HANDS item=Scout:031371 parent=eAI_SurvivorF_Linda:049 }
SCRIPT       : 15:48:12.738 [EXPANSION DEBUG]: ExpansionItemSpawnHelper::Clone - created ACOGOptic_6x:031341 at location { type=ATTACHMENT item=null parent=Scout:031342 slot=weaponOptics }
SCRIPT       : 15:48:12.742 [EXPANSION DEBUG]: ExpansionItemSpawnHelper::Clone - created Mag_Scout_5Rnd:031387 at location { type=ATTACHMENT item=null parent=Scout:031342 slot=magazine }
SCRIPT       : 15:48:12.761 [EXPANSION DEBUG]: ExpansionItemSpawnHelper::Clone - created M4A1:031372 at location { type=HANDS item=M4A1:031354 parent=eAI_SurvivorM_Seth:048 }
SCRIPT       : 15:48:12.761 [EXPANSION DEBUG]: ExpansionItemSpawnHelper::Clone - created M4_MPBttstck:031371 at location { type=ATTACHMENT item=null parent=M4A1:031372 slot=weaponButtstockM4 }
SCRIPT       : 15:48:12.761 [EXPANSION DEBUG]: ExpansionItemSpawnHelper::Clone - created M4_PlasticHndgrd:031373 at location { type=ATTACHMENT item=null parent=M4A1:031372 slot=weaponHandguardM4 }
SCRIPT       : 15:48:12.765 [EXPANSION DEBUG]: ExpansionItemSpawnHelper::Clone - created M4_CarryHandleOptic:031388 at location { type=ATTACHMENT item=null parent=M4A1:031372 slot=weaponOptics }
SCRIPT       : 15:48:12.765 [EXPANSION DEBUG]: ExpansionItemSpawnHelper::Clone - created Mag_STANAG_30Rnd:031389 at location { type=ATTACHMENT item=null parent=M4A1:031372 slot=magazine }
SCRIPT       : 15:48:13.531 [EXPANSION DEBUG]: ExpansionItemSpawnHelper::Clone - created Aug:031426 at location { type=HANDS item=Aug:031355 parent=eAI_SurvivorM_Cyril:050 }
SCRIPT       : 15:48:13.531 [EXPANSION DEBUG]: ExpansionItemSpawnHelper::Clone - created Mag_Aug_30Rnd:031427 at location { type=ATTACHMENT item=null parent=Aug:031426 slot=magazine }
SCRIPT       : 15:48:13.550 [EXPANSION DEBUG]: ExpansionItemSpawnHelper::Clone - created FAMAS:031354 at location { type=HANDS item=FAMAS:031397 parent=eAI_SurvivorF_Irena:051 }
SCRIPT       : 15:48:13.550 [EXPANSION DEBUG]: ExpansionItemSpawnHelper::Clone - created Mag_FAMAS_25Rnd:031355 at location { type=ATTACHMENT item=null parent=FAMAS:031354 slot=magazine }
SCRIPT       : 15:48:13.601 [EXPANSION DEBUG]: ExpansionItemSpawnHelper::Clone - created M4A1:031398 at location { type=HANDS item=M4A1:031411 parent=eAI_SurvivorF_Helga:052 }
SCRIPT       : 15:48:13.601 [EXPANSION DEBUG]: ExpansionItemSpawnHelper::Clone - created M4_OEBttstck:031397 at location { type=ATTACHMENT item=null parent=M4A1:031398 slot=weaponButtstockM4 }
SCRIPT       : 15:48:13.601 [EXPANSION DEBUG]: ExpansionItemSpawnHelper::Clone - created Mag_STANAG_30Rnd:031428 at location { type=ATTACHMENT item=null parent=M4A1:031398 slot=magazine }
SCRIPT       : 15:48:47.519 [EXPANSION DEBUG]: ExpansionQuestModule<d9c91fc0> Quest configs already synched for player with UID: 3I2KPiMwtNrbRzLe964-q3OrI2Ligr9LBcsFxmVIl3Q=
SCRIPT       : 15:48:47.519 [EXPANSION DEBUG]: ExpansionQuestModule<d9c91fc0> Sending player quest data for quest ID 200 to player with UID: 3I2KPiMwtNrbRzLe964-q3OrI2Ligr9LBcsFxmVIl3Q=
SCRIPT       : [inv] ReplaceItemWithNewLambdaBase Step B) remove OK, loc={ type=HANDS item=AmmoBox_545x39_20Rnd:05699 parent=SurvivorM_Quinn:046 }
SCRIPT       : UnboxLambda::SetupNewMagazine new_item=Ammo_545x39<a6f64b80> count=20
SCRIPT       : [inv] ReplaceItemWithNewLambdaBase Step B) remove OK, loc={ type=HANDS item=AmmoBox_545x39_20Rnd:014219 parent=SurvivorM_Quinn:046 }
SCRIPT       : UnboxLambda::SetupNewMagazine new_item=Ammo_545x39<a6f63560> count=20
SCRIPT       : [EditorLoader] Sent Deleted objects in 0s
SCRIPT       : 15:51:03.621 [EXPANSION DEBUG]: ExpansionQuestModule<d9c91fc0> Sending 59 quest configs to client with UID: b_yc4Onhw-D2uQBVhuw6XJrft-4R07aKo2PLIKDbPtE=
SCRIPT       : 15:51:03.621 [EXPANSION DEBUG]: ExpansionQuestModule<d9c91fc0> Sending player quest data for 28 quests to player with UID: b_yc4Onhw-D2uQBVhuw6XJrft-4R07aKo2PLIKDbPtE=
SCRIPT       : [inv] ReplaceItemWithNewLambdaBase Step B) remove OK, loc={ type=HANDS item=AmmoBox_545x39_20Rnd:031498 parent=SurvivorM_Quinn:046 }
SCRIPT       : UnboxLambda::SetupNewMagazine new_item=Ammo_545x39<a6f76b20> count=20
SCRIPT       : [inv] ReplaceItemWithNewLambdaBase Step B) remove OK, loc={ type=HANDS item=AmmoBox_545x39_20Rnd:016289 parent=SurvivorM_Quinn:046 }
SCRIPT       : UnboxLambda::SetupNewMagazine new_item=Ammo_545x39<a6f73ee0> count=20
SCRIPT       : 15:51:29.238 [EXPANSION DEBUG]: ExpansionQuestModule<d9c91fc0> Quest configs already synched for player with UID: b_yc4Onhw-D2uQBVhuw6XJrft-4R07aKo2PLIKDbPtE=
SCRIPT       : 15:51:29.238 [EXPANSION DEBUG]: ExpansionQuestModule<d9c91fc0> Sending player quest data for quest ID 14 to player with UID: b_yc4Onhw-D2uQBVhuw6XJrft-4R07aKo2PLIKDbPtE=
SCRIPT       : 15:51:29.238 [EXPANSION DEBUG]: ExpansionQuestModule<d9c91fc0> Quest configs already synched for player with UID: b_yc4Onhw-D2uQBVhuw6XJrft-4R07aKo2PLIKDbPtE=
SCRIPT       : 15:51:29.238 [EXPANSION DEBUG]: ExpansionQuestModule<d9c91fc0> Sending player quest data for quest ID 14 to player with UID: b_yc4Onhw-D2uQBVhuw6XJrft-4R07aKo2PLIKDbPtE=
SCRIPT       : 15:51:30.574 [EXPANSION DEBUG]: SurvivorBase<a67c96d0>::OnEnterSafeZone
SCRIPT       : bool m_Expansion_LeavingSafeZone = 0
SCRIPT       : bool m_Expansion_IsInSafeZone = 0
SCRIPT       : bool m_Expansion_IsInSafeZoneSynchRemote = 0
SCRIPT       : ExpansionActionOpenTraderMenu::OnStartServer - Start
SCRIPT       : ExpansionActionOpenTraderMenu::OnStartServer - Start
SCRIPT       : ExpansionActionOpenTraderMenu::OnStartServer - Start
SCRIPT       : ExpansionActionOpenTraderMenu::OnStartServer - Start
SCRIPT       : ExpansionActionOpenTraderMenu::OnStartServer - Start
SCRIPT       : 15:56:51.996 [EXPANSION DEBUG]: eAI_SurvivorM_Cyril<9eb09800>::OnEnterSafeZone
SCRIPT       : bool m_Expansion_LeavingSafeZone = 0
SCRIPT       : bool m_Expansion_IsInSafeZone = 0
SCRIPT       : bool m_Expansion_IsInSafeZoneSynchRemote = 0
SCRIPT       : 15:56:53.394 [EXPANSION DEBUG]: eAI_SurvivorF_Helga<9d61a800>::OnEnterSafeZone
SCRIPT       : bool m_Expansion_LeavingSafeZone = 0
SCRIPT       : bool m_Expansion_IsInSafeZone = 0
SCRIPT       : bool m_Expansion_IsInSafeZoneSynchRemote = 0
SCRIPT       : 15:56:53.394 [EXPANSION DEBUG]: eAI_SurvivorF_Irena<98b4a010>::OnEnterSafeZone
SCRIPT       : bool m_Expansion_LeavingSafeZone = 0
SCRIPT       : bool m_Expansion_IsInSafeZone = 0
SCRIPT       : bool m_Expansion_IsInSafeZoneSynchRemote = 0
SCRIPT       : ExpansionActionOpenTraderMenu::OnStartServer - Start
SCRIPT       : 15:56:59.015 [EXPANSION DEBUG]: eAI_SurvivorF_Helga<9d61a800>::OnEnterSafeZone
SCRIPT       : bool m_Expansion_LeavingSafeZone = 1
SCRIPT       : bool m_Expansion_IsInSafeZone = 1
SCRIPT       : bool m_Expansion_IsInSafeZoneSynchRemote = 0
SCRIPT       : ExpansionActionOpenTraderMenu::OnStartServer - Start
SCRIPT       : ExpansionActionOpenTraderMenu::OnStartServer - Start
SCRIPT       : ExpansionActionOpenTraderMenu::OnStartServer - Start
SCRIPT       : ExpansionActionOpenTraderMenu::OnStartServer - Start
SCRIPT       : ExpansionActionOpenTraderMenu::OnStartServer - Start
SCRIPT       : ExpansionActionOpenTraderMenu::OnStartServer - Start
SCRIPT       : ExpansionActionOpenTraderMenu::OnStartServer - Start
SCRIPT       : ExpansionActionOpenTraderMenu::OnStartServer - Start
SCRIPT       : ExpansionActionOpenTraderMenu::OnStartServer - Start
SCRIPT       : [inv] ReplaceItemWithNewLambdaBase Step B) remove OK, loc={ type=HANDS item=Lunchmeat:031590 parent=SurvivorM_Hassan:053 }
SCRIPT       : ExpansionActionOpenTraderMenu::OnStartServer - Start
SCRIPT       : ExpansionActionOpenTraderMenu::OnStartServer - Start
SCRIPT       : ExpansionActionOpenTraderMenu::OnStartServer - Start
SCRIPT       : [inv] ReplaceItemWithNewLambdaBase Step B) remove OK, loc={ type=HANDS item=AmmoBox_308Win_20Rnd:05760 parent=SurvivorM_Hassan:053 }
SCRIPT       : UnboxLambda::SetupNewMagazine new_item=Ammo_308Win<a8339880> count=20
SCRIPT       : [inv] ReplaceItemWithNewLambdaBase Step B) remove OK, loc={ type=HANDS item=AmmoBox_308Win_20Rnd:010180 parent=SurvivorM_Hassan:053 }
SCRIPT       : UnboxLambda::SetupNewMagazine new_item=Ammo_308Win<a833f100> count=20
SCRIPT       : [inv] ReplaceItemWithNewLambdaBase Step B) remove OK, loc={ type=HANDS item=AmmoBox_45ACP_25rnd:015284 parent=SurvivorM_Quinn:046 }
SCRIPT       : UnboxLambda::SetupNewMagazine new_item=Ammo_45ACP<a8340720> count=25
SCRIPT       : [inv] ReplaceItemWithNewLambdaBase Step B) remove OK, loc={ type=HANDS item=AmmoBox_308Win_20Rnd:09020 parent=SurvivorM_Hassan:053 }
SCRIPT       : UnboxLambda::SetupNewMagazine new_item=Ammo_308Win<a8345fa0> count=20
SCRIPT       : [inv] ReplaceItemWithNewLambdaBase Step B) remove OK, loc={ type=HANDS item=AmmoBox_308Win_20Rnd:011042 parent=SurvivorM_Hassan:053 }
SCRIPT       : UnboxLambda::SetupNewMagazine new_item=Ammo_308Win<a83480d0> count=20
SCRIPT       : [inv] ReplaceItemWithNewLambdaBase Step B) remove OK, loc={ type=HANDS item=AmmoBox_45ACP_25rnd:030103 parent=SurvivorM_Quinn:046 }
SCRIPT       : UnboxLambda::SetupNewMagazine new_item=Ammo_45ACP<a83496f0> count=25
SCRIPT       : [inv] ReplaceItemWithNewLambdaBase Step B) remove OK, loc={ type=HANDS item=AmmoBox_45ACP_25rnd:031623 parent=SurvivorM_Hassan:053 }
SCRIPT       : UnboxLambda::SetupNewMagazine new_item=Ammo_45ACP<a8344980> count=25
SCRIPT       : [inv] ReplaceItemWithNewLambdaBase Step B) remove OK, loc={ type=HANDS item=AmmoBox_45ACP_25rnd:031624 parent=SurvivorM_Hassan:053 }
SCRIPT       : UnboxLambda::SetupNewMagazine new_item=Ammo_45ACP<a8345490> count=25
SCRIPT       : [inv] ReplaceItemWithNewLambdaBase Step B) remove OK, loc={ type=HANDS item=AmmoBox_45ACP_25rnd:031625 parent=SurvivorM_Hassan:053 }
SCRIPT       : UnboxLambda::SetupNewMagazine new_item=Ammo_45ACP<a834ce40> count=25
SCRIPT       : ExpansionActionOpenTraderMenu::OnStartServer - Start
SCRIPT       : ExpansionActionOpenTraderMenu::OnStartServer - Start
SCRIPT       : ExpansionActionOpenTraderMenu::OnStartServer - Start
SCRIPT       : ExpansionActionOpenTraderMenu::OnStartServer - Start
SCRIPT       : ExpansionActionOpenTraderMenu::OnStartServer - Start
SCRIPT       : ExpansionActionOpenTraderMenu::OnStartServer - Start
SCRIPT       : ExpansionActionOpenTraderMenu::OnStartServer - Start
SCRIPT       : 16:10:54.777 [EXPANSION DEBUG]: ExpansionPartyData<caa1e070>::OnJoin party Blorpus (ID 0) player JB9200 (ID b_yc4Onhw-D2uQBVhuw6XJrft-4R07aKo2PLIKDbPtE=)
SCRIPT       : ExpansionPartyModule::RPC_UpdatePermissionsServer - Start
SCRIPT       : ExpansionPartyModule::RPC_UpdatePermissionsServer - End
SCRIPT       : 16:12:50.648 [EXPANSION DEBUG]: ExpansionQuestModule<d9c91fc0> Quest configs already synched for player with UID: b_yc4Onhw-D2uQBVhuw6XJrft-4R07aKo2PLIKDbPtE=
SCRIPT       : 16:12:50.648 [EXPANSION DEBUG]: ExpansionQuestModule<d9c91fc0> Sending player quest data for quest ID 504 to player with UID: b_yc4Onhw-D2uQBVhuw6XJrft-4R07aKo2PLIKDbPtE=
SCRIPT       : 16:13:15.929 [EXPANSION DEBUG]: ExpansionQuestModule<d9c91fc0> Quest configs already synched for player with UID: b_yc4Onhw-D2uQBVhuw6XJrft-4R07aKo2PLIKDbPtE=
SCRIPT       : 16:13:15.929 [EXPANSION DEBUG]: ExpansionQuestModule<d9c91fc0> Sending player quest data for quest ID 20 to player with UID: b_yc4Onhw-D2uQBVhuw6XJrft-4R07aKo2PLIKDbPtE=
SCRIPT       : 16:13:21.335 [EXPANSION DEBUG]: ExpansionQuestModule<d9c91fc0> Quest configs already synched for player with UID: b_yc4Onhw-D2uQBVhuw6XJrft-4R07aKo2PLIKDbPtE=
SCRIPT       : 16:13:21.335 [EXPANSION DEBUG]: ExpansionQuestModule<d9c91fc0> Sending player quest data for quest ID 21 to player with UID: b_yc4Onhw-D2uQBVhuw6XJrft-4R07aKo2PLIKDbPtE=
SCRIPT       : 16:14:21.750 [EXPANSION DEBUG]: ExpansionVodnik<896e27d0>::ExpansionSetLastDriverUID - 3I2KPiMwtNrbRzLe964-q3OrI2Ligr9LBcsFxmVIl3Q=
SCRIPT       : 16:14:22.750 [EXPANSION DEBUG]: ExpansionVodnik<896e27d0>::ExpansionResetLastDriverUIDSynch
SCRIPT       : ExpansionActionOpenTraderMenu::OnStartServer - Start
SCRIPT       : ExpansionActionOpenTraderMenu::OnStartServer - Start
SCRIPT       : 16:16:30.785 [EXPANSION DEBUG]: ExpansionVodnik<896e27d0>::ExpansionSetLastDriverUID - 3I2KPiMwtNrbRzLe964-q3OrI2Ligr9LBcsFxmVIl3Q=
SCRIPT       : 16:16:31.785 [EXPANSION DEBUG]: ExpansionVodnik<896e27d0>::ExpansionResetLastDriverUIDSynch
SCRIPT       : 16:18:45.621 [EXPANSION DEBUG]: ExpansionItemSpawnHelper::Clone - created AK74:024875 at location { type=HANDS item=AK74:017252 parent=eAI_SurvivorF_Eva:056 }
SCRIPT       : 16:18:45.625 [EXPANSION DEBUG]: ExpansionItemSpawnHelper::Clone - created AK_PlasticHndgrd:024961 at location { type=ATTACHMENT item=null parent=AK74:024875 slot=weaponHandguardAK }
SCRIPT       : 16:18:45.625 [EXPANSION DEBUG]: ExpansionItemSpawnHelper::Clone - created Mag_AK74_30Rnd:025578 at location { type=ATTACHMENT item=null parent=AK74:024875 slot=magazine }
SCRIPT       : 16:18:45.660 [EXPANSION DEBUG]: ExpansionItemSpawnHelper::Clone - created SVD:011392 at location { type=HANDS item=SVD:025409 parent=eAI_SurvivorM_Lewis:055 }
SCRIPT       : 16:18:45.660 [EXPANSION DEBUG]: ExpansionItemSpawnHelper::Clone - created Mag_SVD_10Rnd:013818 at location { type=ATTACHMENT item=null parent=SVD:011392 slot=magazine }
SCRIPT       : 16:18:45.742 [EXPANSION DEBUG]: ExpansionItemSpawnHelper::Clone - created AKS74U:015509 at location { type=HANDS item=AKS74U:07395 parent=eAI_SurvivorF_Helga:054 }
SCRIPT       : 16:18:45.742 [EXPANSION DEBUG]: ExpansionItemSpawnHelper::Clone - created AKS74U_Bttstck:015827 at location { type=ATTACHMENT item=null parent=AKS74U:015509 slot=weaponButtstockAK }
SCRIPT       : 16:18:45.742 [EXPANSION DEBUG]: ExpansionItemSpawnHelper::Clone - created Mag_AK74_30Rnd:016286 at location { type=ATTACHMENT item=null parent=AKS74U:015509 slot=magazine }
SCRIPT       : [emote] eAI_SurvivorF_Eva:056 play emote id=8 IH=AK74:024875
SCRIPT       : [emote] eAI_SurvivorF_Helga:054 play emote id=32 IH=AKS74U:015509
SCRIPT       : [emote] eAI_SurvivorF_Eva:056 play emote id=12 IH=AK74:024875
SCRIPT       : --- PvZmoD Customisable Zombies - Refresh values SteamID : 76561198081075225
SCRIPT       : --- PvZmoD Customisable Zombies - Refresh values SteamID : 76561198081075225
SCRIPT       : =================== Expansion Quest AI Patrol ===================
SCRIPT       : [QUESTS] Created trigger for 1 West bots at <4351.330078, 307.067993, 6400.520020>
SCRIPT       : =================== Expansion Quest AI Patrol ===================
SCRIPT       : =================== Expansion Quest AI Patrol ===================
SCRIPT       : [QUESTS] Created trigger for 1 West bots at <4389.029785, 302.802002, 6391.770020>
SCRIPT       : =================== Expansion Quest AI Patrol ===================
SCRIPT       : =================== Expansion Quest AI Patrol ===================
SCRIPT       : [QUESTS] Created trigger for 1 West bots at <4416.669922, 301.976990, 6395.700195>
SCRIPT       : =================== Expansion Quest AI Patrol ===================
SCRIPT       : =================== Expansion Quest AI Patrol ===================
SCRIPT       : [QUESTS] Created trigger for 1 West bots at <4431.819824, 298.901001, 6452.220215>
SCRIPT       : =================== Expansion Quest AI Patrol ===================
SCRIPT       : =================== Expansion Quest AI Patrol ===================
SCRIPT       : [QUESTS] Created trigger for 1 West bots at <4418.520020, 299.600006, 6441.919922>
SCRIPT       : =================== Expansion Quest AI Patrol ===================
SCRIPT       : =================== Expansion Quest AI Patrol ===================
SCRIPT       : [QUESTS] Created trigger for 1 West bots at <4475.160156, 295.220001, 6461.569824>
SCRIPT       : =================== Expansion Quest AI Patrol ===================
SCRIPT       : =================== Expansion Quest AI Patrol ===================
SCRIPT       : [QUESTS] Created trigger for 1 West bots at <4485.009766, 295.220001, 6466.970215>
SCRIPT       : =================== Expansion Quest AI Patrol ===================
SCRIPT       : =================== Expansion Quest AI Patrol ===================
SCRIPT       : [QUESTS] Created trigger for 1 West bots at <4435.540039, 297.747009, 6470.299805>
SCRIPT       : =================== Expansion Quest AI Patrol ===================
SCRIPT       : =================== Expansion Quest AI Patrol ===================
SCRIPT       : [QUESTS] Created trigger for 1 West bots at <4556.299805, 289.274994, 6390.839844>
SCRIPT       : =================== Expansion Quest AI Patrol ===================
SCRIPT       : =================== Expansion Quest AI Patrol ===================
SCRIPT       : [QUESTS] Created trigger for 1 West bots at <4523.009766, 290.427002, 6448.299805>
SCRIPT       : =================== Expansion Quest AI Patrol ===================
SCRIPT       : 16:22:35.800 [EXPANSION DEBUG]: ExpansionQuestModule<d9c91fc0> Quest configs already synched for player with UID: 3I2KPiMwtNrbRzLe964-q3OrI2Ligr9LBcsFxmVIl3Q=
SCRIPT       : 16:22:35.800 [EXPANSION DEBUG]: ExpansionQuestModule<d9c91fc0> Sending player quest data for quest ID 200 to player with UID: 3I2KPiMwtNrbRzLe964-q3OrI2Ligr9LBcsFxmVIl3Q=
SCRIPT       : 16:22:36.171 [EXPANSION DEBUG]: ExpansionItemSpawnHelper::Clone - created Mp133Shotgun:027660 at location { type=HANDS item=Mp133Shotgun:010078 parent=eAI_SurvivorF_Irena:057 }
SCRIPT       : 16:22:36.632 [EXPANSION DEBUG]: ExpansionItemSpawnHelper::Clone - created MP5K:027646 at location { type=HANDS item=MP5K:023828 parent=eAI_SurvivorF_Keiko:059 }
SCRIPT       : 16:22:36.636 [EXPANSION DEBUG]: ExpansionItemSpawnHelper::Clone - created Mag_MP5_30Rnd:031576 at location { type=ATTACHMENT item=null parent=MP5K:027646 slot=magazine }
SCRIPT       : 16:22:36.703 [EXPANSION DEBUG]: ExpansionItemSpawnHelper::Clone - created AK101:028192 at location { type=HANDS item=AK101:031173 parent=eAI_SurvivorM_Peter:058 }
SCRIPT       : 16:22:36.703 [EXPANSION DEBUG]: ExpansionItemSpawnHelper::Clone - created AK_PlasticBttstck:023828 at location { type=ATTACHMENT item=null parent=AK101:028192 slot=weaponButtstockAK }
SCRIPT       : 16:22:36.703 [EXPANSION DEBUG]: ExpansionItemSpawnHelper::Clone - created Mag_AK101_30Rnd:027809 at location { type=ATTACHMENT item=null parent=AK101:028192 slot=magazine }
SCRIPT       : 16:22:51.078 [EXPANSION DEBUG]: ExpansionItemSpawnHelper::Clone - created Mp133Shotgun:018319 at location { type=HANDS item=Mp133Shotgun:08780 parent=eAI_SurvivorM_Quinn:060 }
SCRIPT       : [emote] eAI_SurvivorM_Quinn:060 play emote id=39 IH=Mp133Shotgun:018319
SCRIPT       : 16:22:56.519 [EXPANSION DEBUG]: ExpansionItemSpawnHelper::Clone - created AK74:023506 at location { type=HANDS item=AK74:017307 parent=eAI_SurvivorM_Quinn:061 }
SCRIPT       : 16:22:56.523 [EXPANSION DEBUG]: ExpansionItemSpawnHelper::Clone - created AK_WoodBttstck:017704 at location { type=ATTACHMENT item=null parent=AK74:023506 slot=weaponButtstockAK }
SCRIPT       : 16:22:56.523 [EXPANSION DEBUG]: ExpansionItemSpawnHelper::Clone - created AK_WoodHndgrd:027319 at location { type=ATTACHMENT item=null parent=AK74:023506 slot=weaponHandguardAK }
SCRIPT       : 16:22:56.523 [EXPANSION DEBUG]: ExpansionItemSpawnHelper::Clone - created Mag_AK74_30Rnd:027137 at location { type=ATTACHMENT item=null parent=AK74:023506 slot=magazine }
SCRIPT       : 16:23:01.035 [EXPANSION DEBUG]: ExpansionItemSpawnHelper::Clone - created Mp133Shotgun:025238 at location { type=HANDS item=Mp133Shotgun:027301 parent=eAI_SurvivorF_Naomi:062 }
SCRIPT       : 16:23:12.617 [EXPANSION DEBUG]: ExpansionQuestModule<d9c91fc0> Quest configs already synched for player with UID: 3I2KPiMwtNrbRzLe964-q3OrI2Ligr9LBcsFxmVIl3Q=
SCRIPT       : 16:23:12.617 [EXPANSION DEBUG]: ExpansionQuestModule<d9c91fc0> Sending player quest data for quest ID 200 to player with UID: 3I2KPiMwtNrbRzLe964-q3OrI2Ligr9LBcsFxmVIl3Q=
SCRIPT       : 16:23:41.925 [EXPANSION DEBUG]: eAI_SurvivorF_Helga<9d61a800>::OnEnterSafeZone
SCRIPT       : bool m_Expansion_LeavingSafeZone = 0
SCRIPT       : bool m_Expansion_IsInSafeZone = 0
SCRIPT       : bool m_Expansion_IsInSafeZoneSynchRemote = 0
SCRIPT       : 16:23:41.925 [EXPANSION DEBUG]: eAI_SurvivorF_Irena<98b4a010>::OnEnterSafeZone
SCRIPT       : bool m_Expansion_LeavingSafeZone = 0
SCRIPT       : bool m_Expansion_IsInSafeZone = 0
SCRIPT       : bool m_Expansion_IsInSafeZoneSynchRemote = 0
SCRIPT       : 16:23:44.367 [EXPANSION DEBUG]: ExpansionItemSpawnHelper::Clone - created AK101:024469 at location { type=GROUND item=AK101:028192 pos=(4371.79, 305.363, 6375.85) dir=(-0.682019, -0.132584, -0.191271, 0.693316) }
SCRIPT       : 16:23:44.367 [EXPANSION DEBUG]: ExpansionItemSpawnHelper::Clone - created AK_PlasticBttstck:025375 at location { type=ATTACHMENT item=null parent=AK101:024469 slot=weaponButtstockAK }
SCRIPT       : 16:23:44.367 [EXPANSION DEBUG]: ExpansionItemSpawnHelper::Clone - created Mag_AK101_30Rnd:023850 at location { type=ATTACHMENT item=null parent=AK101:024469 slot=magazine }
SCRIPT       : 16:23:44.851 [EXPANSION DEBUG]: eAI_SurvivorF_Helga<9d61a800>::OnEnterSafeZone
SCRIPT       : bool m_Expansion_LeavingSafeZone = 1
SCRIPT       : bool m_Expansion_IsInSafeZone = 1
SCRIPT       : bool m_Expansion_IsInSafeZoneSynchRemote = 0
SCRIPT       : 16:23:44.878 [EXPANSION DEBUG]: eAI_SurvivorM_Cyril<9eb09800>::OnEnterSafeZone
SCRIPT       : bool m_Expansion_LeavingSafeZone = 0
SCRIPT       : bool m_Expansion_IsInSafeZone = 0
SCRIPT       : bool m_Expansion_IsInSafeZoneSynchRemote = 0
SCRIPT       : 16:23:56.191 [EXPANSION DEBUG]: ExpansionQuestModule<d9c91fc0> Quest configs already synched for player with UID: 3I2KPiMwtNrbRzLe964-q3OrI2Ligr9LBcsFxmVIl3Q=
SCRIPT       : 16:23:56.191 [EXPANSION DEBUG]: ExpansionQuestModule<d9c91fc0> Sending player quest data for quest ID 200 to player with UID: 3I2KPiMwtNrbRzLe964-q3OrI2Ligr9LBcsFxmVIl3Q=
SCRIPT       : 16:24:56.734 [EXPANSION DEBUG]: ExpansionItemSpawnHelper::Clone - created AK101:022327 at location { type=HANDS item=AK101:031113 parent=eAI_SurvivorM_Oliver:065 }
SCRIPT       : 16:24:56.734 [EXPANSION DEBUG]: ExpansionItemSpawnHelper::Clone - created AK_WoodHndgrd:023981 at location { type=ATTACHMENT item=null parent=AK101:022327 slot=weaponHandguardAK }
SCRIPT       : 16:24:56.738 [EXPANSION DEBUG]: ExpansionItemSpawnHelper::Clone - created AK_FoldingBttstck:026304 at location { type=ATTACHMENT item=null parent=AK101:022327 slot=weaponButtstockAK }
SCRIPT       : 16:24:56.738 [EXPANSION DEBUG]: ExpansionItemSpawnHelper::Clone - created Mag_AK101_30Rnd:027689 at location { type=ATTACHMENT item=null parent=AK101:022327 slot=magazine }
SCRIPT       : 16:25:03.109 [EXPRINT] eAI_SurvivorM_Quinn<b818d2e0> Weapon_Reloading - Reloading - failed (1)
SCRIPT       : 16:25:11.429 [EXPANSION DEBUG]: ExpansionItemSpawnHelper::Clone - created Mosin9130:023828 at location { type=HANDS item=Mosin9130:013763 parent=eAI_SurvivorF_Keiko:066 }
SCRIPT       : 16:25:11.812 [EXPANSION DEBUG]: ExpansionItemSpawnHelper::Clone - created Mp133Shotgun:08847 at location { type=GROUND item=Mp133Shotgun:018319 pos=(4411.94, 300.658, 6425.69) dir=(0.56185, -0.430877, 0.400052, 0.581917) }
SCRIPT       : 16:25:16.566 [EXPANSION DEBUG]: ExpansionQuestModule<d9c91fc0> Quest configs already synched for player with UID: 3I2KPiMwtNrbRzLe964-q3OrI2Ligr9LBcsFxmVIl3Q=
SCRIPT       : 16:25:16.566 [EXPANSION DEBUG]: ExpansionQuestModule<d9c91fc0> Sending player quest data for quest ID 200 to player with UID: 3I2KPiMwtNrbRzLe964-q3OrI2Ligr9LBcsFxmVIl3Q=
SCRIPT       : 16:25:32.722 [EXPANSION DEBUG]: ExpansionItemSpawnHelper::Clone - created AK74:026301 at location { type=GROUND item=AK74:023506 pos=(4429.87, 299.215, 6446.82) dir=(-0.300781, -0.617727, 0.66192, -0.299677) }
SCRIPT       : 16:25:32.722 [EXPANSION DEBUG]: ExpansionItemSpawnHelper::Clone - created AK_WoodBttstck:026501 at location { type=ATTACHMENT item=null parent=AK74:026301 slot=weaponButtstockAK }
SCRIPT       : 16:25:32.722 [EXPANSION DEBUG]: ExpansionItemSpawnHelper::Clone - created AK_WoodHndgrd:028009 at location { type=ATTACHMENT item=null parent=AK74:026301 slot=weaponHandguardAK }
SCRIPT       : 16:25:32.722 [EXPANSION DEBUG]: ExpansionItemSpawnHelper::Clone - created Mag_AK74_30Rnd:024998 at location { type=ATTACHMENT item=null parent=AK74:026301 slot=magazine }
SCRIPT       : 16:25:40.992 [EXPANSION DEBUG]: ExpansionQuestModule<d9c91fc0> Quest configs already synched for player with UID: 3I2KPiMwtNrbRzLe964-q3OrI2Ligr9LBcsFxmVIl3Q=
SCRIPT       : 16:25:40.992 [EXPANSION DEBUG]: ExpansionQuestModule<d9c91fc0> Sending player quest data for quest ID 200 to player with UID: 3I2KPiMwtNrbRzLe964-q3OrI2Ligr9LBcsFxmVIl3Q=
SCRIPT       : 16:26:08.234 [EXPANSION DEBUG]: ExpansionItemSpawnHelper::Clone - created MP5K:013411 at location { type=ATTACHMENT item=MP5K:027646 parent=eAI_SurvivorF_Keiko:059 slot=Shoulder }
SCRIPT       : 16:26:08.234 [EXPANSION DEBUG]: ExpansionItemSpawnHelper::Clone - created Mag_MP5_30Rnd:031573 at location { type=ATTACHMENT item=null parent=MP5K:013411 slot=magazine }
SCRIPT       : 16:26:11.445 [EXPANSION DEBUG]: ExpansionQuestModule<d9c91fc0> Quest configs already synched for player with UID: 3I2KPiMwtNrbRzLe964-q3OrI2Ligr9LBcsFxmVIl3Q=
SCRIPT       : 16:26:11.445 [EXPANSION DEBUG]: ExpansionQuestModule<d9c91fc0> Sending player quest data for quest ID 200 to player with UID: 3I2KPiMwtNrbRzLe964-q3OrI2Ligr9LBcsFxmVIl3Q=
SCRIPT       : 16:26:36.968 [EXPANSION DEBUG]: ExpansionItemSpawnHelper::Clone - created Mp133Shotgun:023506 at location { type=GROUND item=Mp133Shotgun:025238 pos=(4436.15, 297.782, 6470.31) dir=(-0.308258, 0.636378, 0.636378, 0.308258) }
SCRIPT       : [wpnfsm] Save occured in fsm transition! current state=WeaponChargingInnerMag<af433600> closes stable state=PumpShotgunFireout<af84b210> id=2
SCRIPT       : 16:26:38.628 [EXPANSION DEBUG]: ExpansionQuestModule<d9c91fc0> Quest configs already synched for player with UID: 3I2KPiMwtNrbRzLe964-q3OrI2Ligr9LBcsFxmVIl3Q=
SCRIPT       : 16:26:38.628 [EXPANSION DEBUG]: ExpansionQuestModule<d9c91fc0> Sending player quest data for quest ID 200 to player with UID: 3I2KPiMwtNrbRzLe964-q3OrI2Ligr9LBcsFxmVIl3Q=
SCRIPT       : 16:26:59.320 [EXPANSION DEBUG]: ExpansionItemSpawnHelper::Clone - created P1:029470 at location { type=CARGO item=P1:025646 parent=QuiltedJacket_Violet:027394 idx=0 row=0 col=1 f=false }
SCRIPT       : 16:26:59.320 [EXPANSION DEBUG]: ExpansionItemSpawnHelper::Clone - created Mag_P1_8Rnd:014467 at location { type=ATTACHMENT item=null parent=P1:029470 slot=magazine }
SCRIPT       : [wpnfsm] Save occured in fsm transition! current state=WeaponFireAndChamberNext<ad40db50> closes stable state=Pistol_CLO_CHG_BU1_MA1<ad40b090> id=9
SCRIPT       : 16:27:01.789 [EXPANSION DEBUG]: ExpansionItemSpawnHelper::Clone - created P1:020456 at location { type=HANDS item=P1:029470 parent=eAI_SurvivorM_Francis:063 }
SCRIPT       : 16:27:01.789 [EXPANSION DEBUG]: ExpansionItemSpawnHelper::Clone - created Mag_P1_8Rnd:06990 at location { type=ATTACHMENT item=null parent=P1:020456 slot=magazine }
SCRIPT       : 16:27:03.031 [EXPANSION DEBUG]: ExpansionItemSpawnHelper::Clone - created P1:025646 at location { type=CARGO item=P1:020456 parent=QuiltedJacket_Violet:027394 idx=0 row=0 col=1 f=false }
SCRIPT       : 16:27:03.031 [EXPANSION DEBUG]: ExpansionItemSpawnHelper::Clone - created Mag_P1_8Rnd:029470 at location { type=ATTACHMENT item=null parent=P1:025646 slot=magazine }
SCRIPT       : [wpnfsm] Save occured in fsm transition! current state=WeaponFireLast<b0386980> closes stable state=Pistol_OPE_DIS_BU0_MA1<b0383980> id=10
SCRIPT       : 16:27:05.488 [EXPANSION DEBUG]: ExpansionItemSpawnHelper::Clone - created P1:014467 at location { type=HANDS item=P1:025646 parent=eAI_SurvivorM_Francis:063 }
SCRIPT       : 16:27:05.488 [EXPANSION DEBUG]: ExpansionItemSpawnHelper::Clone - created Mag_P1_8Rnd:020456 at location { type=ATTACHMENT item=null parent=P1:014467 slot=magazine }
SCRIPT       : 16:27:10.828 [EXPANSION DEBUG]: ExpansionItemSpawnHelper::Clone - created P1:06990 at location { type=CARGO item=P1:014467 parent=QuiltedJacket_Violet:027394 idx=0 row=0 col=1 f=false }
SCRIPT       : 16:27:10.828 [EXPANSION DEBUG]: ExpansionItemSpawnHelper::Clone - created Mag_P1_8Rnd:025646 at location { type=ATTACHMENT item=null parent=P1:06990 slot=magazine }
SCRIPT       : 16:27:10.855 [EXPANSION DEBUG]: ExpansionItemSpawnHelper::Clone - created P1:029470 at location { type=HANDS item=P1:06990 parent=eAI_SurvivorM_Francis:063 }
SCRIPT       : 16:27:10.855 [EXPANSION DEBUG]: ExpansionItemSpawnHelper::Clone - created Mag_P1_8Rnd:014467 at location { type=ATTACHMENT item=null parent=P1:029470 slot=magazine }
SCRIPT       : 16:27:11.019 [EXPANSION DEBUG]: ExpansionItemSpawnHelper::Clone - created P1:026820 at location { type=CARGO item=P1:029470 parent=QuiltedJacket_Violet:027394 idx=0 row=0 col=1 f=false }
SCRIPT       : 16:27:11.023 [EXPANSION DEBUG]: ExpansionItemSpawnHelper::Clone - created Mag_P1_8Rnd:06990 at location { type=ATTACHMENT item=null parent=P1:026820 slot=magazine }
SCRIPT       : 16:27:12.722 [EXPANSION DEBUG]: ExpansionItemSpawnHelper::Clone - created P1:025646 at location { type=HANDS item=P1:026820 parent=eAI_SurvivorM_Francis:063 }
SCRIPT       : 16:27:12.722 [EXPANSION DEBUG]: ExpansionItemSpawnHelper::Clone - created Mag_P1_8Rnd:029470 at location { type=ATTACHMENT item=null parent=P1:025646 slot=magazine }
SCRIPT       : 16:27:12.789 [EXPANSION DEBUG]: ExpansionItemSpawnHelper::Clone - created P1:014467 at location { type=GROUND item=P1:025646 pos=(4435.12, 297.779, 6469.86) dir=(-0.420228, 0.56869, 0.56869, 0.420228) }
SCRIPT       : 16:27:12.789 [EXPANSION DEBUG]: ExpansionItemSpawnHelper::Clone - created Mag_P1_8Rnd:026820 at location { type=ATTACHMENT item=null parent=P1:014467 slot=magazine }
SCRIPT       : 16:27:15.460 [EXPANSION DEBUG]: ExpansionQuestModule<d9c91fc0> Quest configs already synched for player with UID: 3I2KPiMwtNrbRzLe964-q3OrI2Ligr9LBcsFxmVIl3Q=
SCRIPT       : 16:27:15.460 [EXPANSION DEBUG]: ExpansionQuestModule<d9c91fc0> Sending player quest data for quest ID 200 to player with UID: 3I2KPiMwtNrbRzLe964-q3OrI2Ligr9LBcsFxmVIl3Q=
SCRIPT       : 16:27:35.066 [EXPANSION DEBUG]: ExpansionItemSpawnHelper::Clone - created AK101:020060 at location { type=GROUND item=AK101:022327 pos=(4495.85, 293.978, 6449.78) dir=(-0.0831772, 0.700325, 0.678863, 0.204381) }
SCRIPT       : 16:27:35.070 [EXPANSION DEBUG]: ExpansionItemSpawnHelper::Clone - created AK_WoodHndgrd:06070 at location { type=ATTACHMENT item=null parent=AK101:020060 slot=weaponHandguardAK }
SCRIPT       : 16:27:35.070 [EXPANSION DEBUG]: ExpansionItemSpawnHelper::Clone - created AK_FoldingBttstck:08333 at location { type=ATTACHMENT item=null parent=AK101:020060 slot=weaponButtstockAK }
SCRIPT       : 16:27:35.070 [EXPANSION DEBUG]: ExpansionItemSpawnHelper::Clone - created Mag_AK101_30Rnd:08417 at location { type=ATTACHMENT item=null parent=AK101:020060 slot=magazine }
SCRIPT       : 16:27:35.468 [EXPANSION DEBUG]: ExpansionQuestModule<d9c91fc0> Quest configs already synched for player with UID: 3I2KPiMwtNrbRzLe964-q3OrI2Ligr9LBcsFxmVIl3Q=
SCRIPT       : 16:27:35.468 [EXPANSION DEBUG]: ExpansionQuestModule<d9c91fc0> Sending player quest data for quest ID 200 to player with UID: 3I2KPiMwtNrbRzLe964-q3OrI2Ligr9LBcsFxmVIl3Q=
SCRIPT       : 16:27:43.703 [EXPANSION DEBUG]: ExpansionItemSpawnHelper::Clone - created CZ75:027346 at location { type=GROUND item=CZ75:09156 pos=(4485.07, 295.289, 6469.02) dir=(0.623759, 0.333053, -0.333053, 0.623759) }
SCRIPT       : 16:27:43.703 [EXPANSION DEBUG]: ExpansionItemSpawnHelper::Clone - created Mag_CZ75_15Rnd:027166 at location { type=ATTACHMENT item=null parent=CZ75:027346 slot=magazine }
SCRIPT       : 16:27:43.964 [EXPANSION DEBUG]: ExpansionQuestModule<d9c91fc0> Quest configs already synched for player with UID: 3I2KPiMwtNrbRzLe964-q3OrI2Ligr9LBcsFxmVIl3Q=
SCRIPT       : 16:27:43.964 [EXPANSION DEBUG]: ExpansionQuestModule<d9c91fc0> Sending player quest data for quest ID 200 to player with UID: 3I2KPiMwtNrbRzLe964-q3OrI2Ligr9LBcsFxmVIl3Q=
SCRIPT       : [wpnfsm] ValidateAndRepair Attempting to repair: Scout:031385 - MagazineRepair - BAREM_CLO_BUF_MA0<9cf76860> - state: 0 != weapon: 1
SCRIPT       : [wpnfsm] ValidateAndRepair Attempting to repair: Scout:031342 - MagazineRepair - BAREM_CLO_BUF_MA0<98ae83e0> - state: 0 != weapon: 1
SCRIPT       : [emote] eAI_SurvivorM_Denis:047 play emote id=32 IH=Scout:031385
SCRIPT       : 16:32:10.289 [EXPANSION DEBUG]: ExpansionItemSpawnHelper::Clone - created SVD:024792 at location { type=ATTACHMENT item=SVD:011392 parent=eAI_SurvivorM_Lewis:055 slot=Shoulder }
SCRIPT       : 16:32:10.289 [EXPANSION DEBUG]: ExpansionItemSpawnHelper::Clone - created Mag_SVD_10Rnd:019814 at location { type=ATTACHMENT item=null parent=SVD:024792 slot=magazine }
SCRIPT       : 16:32:12.074 [EXPANSION DEBUG]: ExpansionItemSpawnHelper::Clone - created Scout:029918 at location { type=ATTACHMENT item=Scout:031342 parent=eAI_SurvivorF_Linda:049 slot=Shoulder }
SCRIPT       : 16:32:12.074 [EXPANSION DEBUG]: ExpansionItemSpawnHelper::Clone - created ACOGOptic_6x:028344 at location { type=ATTACHMENT item=null parent=Scout:029918 slot=weaponOptics }
SCRIPT       : 16:32:12.074 [EXPANSION DEBUG]: ExpansionItemSpawnHelper::Clone - created Mag_Scout_5Rnd:029367 at location { type=ATTACHMENT item=null parent=Scout:029918 slot=magazine }
SCRIPT       : [emote] eAI_SurvivorF_Eva:056 play emote id=32 IH=AK74:024875
SCRIPT       : [emote] eAI_SurvivorF_Helga:054 play emote id=32 IH=AKS74U:015509
SCRIPT       : 16:32:41.113 [EXPANSION DEBUG]: ExpansionQuestModule<d9c91fc0> Quest configs already synched for player with UID: 3I2KPiMwtNrbRzLe964-q3OrI2Ligr9LBcsFxmVIl3Q=
SCRIPT       : 16:32:41.113 [EXPANSION DEBUG]: ExpansionQuestModule<d9c91fc0> Sending player quest data for quest ID 200 to player with UID: 3I2KPiMwtNrbRzLe964-q3OrI2Ligr9LBcsFxmVIl3Q=
SCRIPT       : [emote] eAI_SurvivorF_Eva:056 play emote id=32 IH=AK74:024875
SCRIPT       : 16:35:31.453 [EXPANSION DEBUG]: ExpansionItemSpawnHelper::Clone - created Scout:010480 at location { type=ATTACHMENT item=Scout:031385 parent=eAI_SurvivorM_Denis:047 slot=Shoulder }
SCRIPT       : 16:35:31.453 [EXPANSION DEBUG]: ExpansionItemSpawnHelper::Clone - created Mag_Scout_5Rnd:019274 at location { type=ATTACHMENT item=null parent=Scout:010480 slot=magazine }
SCRIPT       : [emote] eAI_SurvivorM_Denis:047 play emote id=10 IH=null
SCRIPT       : [emote] eAI_SurvivorM_Denis:047 play emote id=12 IH=null
SCRIPT       : [emote] eAI_SurvivorM_Denis:047 play emote id=32 IH=null
SCRIPT       : 16:36:35.296 [EXPANSION DEBUG]: ExpansionItemSpawnHelper::Clone - created M4A1:023103 at location { type=ATTACHMENT item=M4A1:031372 parent=eAI_SurvivorM_Seth:048 slot=Shoulder }
SCRIPT       : 16:36:35.296 [EXPANSION DEBUG]: ExpansionItemSpawnHelper::Clone - created M4_MPBttstck:010750 at location { type=ATTACHMENT item=null parent=M4A1:023103 slot=weaponButtstockM4 }
SCRIPT       : 16:36:35.300 [EXPANSION DEBUG]: ExpansionItemSpawnHelper::Clone - created M4_PlasticHndgrd:09278 at location { type=ATTACHMENT item=null parent=M4A1:023103 slot=weaponHandguardM4 }
SCRIPT       : 16:36:35.300 [EXPANSION DEBUG]: ExpansionItemSpawnHelper::Clone - created M4_CarryHandleOptic:012725 at location { type=ATTACHMENT item=null parent=M4A1:023103 slot=weaponOptics }
SCRIPT       : 16:36:35.300 [EXPANSION DEBUG]: ExpansionItemSpawnHelper::Clone - created Mag_STANAG_30Rnd:031549 at location { type=ATTACHMENT item=null parent=M4A1:023103 slot=magazine }
SCRIPT       : 16:37:10.207 [EXPANSION DEBUG]: ExpansionItemSpawnHelper::Clone - created AKS74U:031699 at location { type=GROUND item=AKS74U:015509 pos=(4912.08, 290.798, 6266.31) dir=(-0.685539, 0.195018, 0.208948, 0.669585) }
SCRIPT       : 16:37:10.210 [EXPANSION DEBUG]: ExpansionItemSpawnHelper::Clone - created AKS74U_Bttstck:031702 at location { type=ATTACHMENT item=null parent=AKS74U:031699 slot=weaponButtstockAK }
SCRIPT       : 16:37:10.210 [EXPANSION DEBUG]: ExpansionItemSpawnHelper::Clone - created Mag_AK74_30Rnd:031704 at location { type=ATTACHMENT item=null parent=AKS74U:031699 slot=magazine }
SCRIPT       : 16:37:10.789 [EXPANSION DEBUG]: ExpansionItemSpawnHelper::Clone - created AKS74U:031703 at location { type=HANDS item=AKS74U:031699 parent=eAI_SurvivorM_Lewis:055 }
SCRIPT       : 16:37:10.792 [EXPANSION DEBUG]: ExpansionItemSpawnHelper::Clone - created AKS74U_Bttstck:015509 at location { type=ATTACHMENT item=null parent=AKS74U:031703 slot=weaponButtstockAK }
SCRIPT       : 16:37:10.792 [EXPANSION DEBUG]: ExpansionItemSpawnHelper::Clone - created Mag_AK74_30Rnd:031547 at location { type=ATTACHMENT item=null parent=AKS74U:031703 slot=magazine }
SCRIPT       : [emote] eAI_SurvivorF_Helga:054 play emote id=32 IH=null
SCRIPT       : [emote] eAI_SurvivorM_Lewis:055 play emote id=12 IH=AKS74U:031703
SCRIPT       : 16:37:47.957 [EXPANSION DEBUG]: ExpansionItemSpawnHelper::Clone - created AK74:031716 at location { type=GROUND item=AK74:024875 pos=(4917.6, 290.936, 6272.53) dir=(0.598903, 0.37325, -0.367504, 0.605756) }
SCRIPT       : 16:37:47.957 [EXPANSION DEBUG]: ExpansionItemSpawnHelper::Clone - created AK_PlasticHndgrd:06872 at location { type=ATTACHMENT item=null parent=AK74:031716 slot=weaponHandguardAK }
SCRIPT       : 16:37:47.957 [EXPANSION DEBUG]: ExpansionItemSpawnHelper::Clone - created Mag_AK74_30Rnd:011001 at location { type=ATTACHMENT item=null parent=AK74:031716 slot=magazine }
SCRIPT       : 16:37:48.441 [EXPANSION DEBUG]: ExpansionItemSpawnHelper::Clone - created AK74:010668 at location { type=HANDS item=AK74:031716 parent=eAI_SurvivorF_Helga:054 }
SCRIPT       : 16:37:48.441 [EXPANSION DEBUG]: ExpansionItemSpawnHelper::Clone - created AK_PlasticHndgrd:024875 at location { type=ATTACHMENT item=null parent=AK74:010668 slot=weaponHandguardAK }
SCRIPT       : 16:37:48.441 [EXPANSION DEBUG]: ExpansionItemSpawnHelper::Clone - created Mag_AK74_30Rnd:031151 at location { type=ATTACHMENT item=null parent=AK74:010668 slot=magazine }
SCRIPT       : 16:38:16.312 [EXPANSION DEBUG]: ExpansionQuestModule<d9c91fc0> Quest configs already synched for player with UID: b_yc4Onhw-D2uQBVhuw6XJrft-4R07aKo2PLIKDbPtE=
SCRIPT       : 16:38:16.312 [EXPANSION DEBUG]: ExpansionQuestModule<d9c91fc0> Sending player quest data for quest ID 504 to player with UID: b_yc4Onhw-D2uQBVhuw6XJrft-4R07aKo2PLIKDbPtE=
SCRIPT       : 16:38:16.339 [EXPANSION DEBUG]: ExpansionItemSpawnHelper::Clone - created AK74:031723 at location { type=GROUND item=AK74:010668 pos=(4912.45, 290.975, 6289.16) dir=(-0.368621, -0.602317, 0.602937, -0.371213) }
SCRIPT       : 16:38:16.343 [EXPANSION DEBUG]: ExpansionItemSpawnHelper::Clone - created AK_PlasticHndgrd:05504 at location { type=ATTACHMENT item=null parent=AK74:031723 slot=weaponHandguardAK }
SCRIPT       : 16:38:16.343 [EXPANSION DEBUG]: ExpansionItemSpawnHelper::Clone - created Mag_AK74_30Rnd:031586 at location { type=ATTACHMENT item=null parent=AK74:031723 slot=magazine }
SCRIPT       : 16:38:44.210 [EXPANSION DEBUG]: ExpansionItemSpawnHelper::Clone - created AK74:028951 at location { type=HANDS item=AK74:031723 parent=eAI_SurvivorF_Helga:054 }
SCRIPT       : 16:38:44.210 [EXPANSION DEBUG]: ExpansionItemSpawnHelper::Clone - created AK_PlasticHndgrd:06702 at location { type=ATTACHMENT item=null parent=AK74:028951 slot=weaponHandguardAK }
SCRIPT       : 16:38:44.210 [EXPANSION DEBUG]: ExpansionItemSpawnHelper::Clone - created Mag_AK74_30Rnd:09675 at location { type=ATTACHMENT item=null parent=AK74:028951 slot=magazine }
SCRIPT       : [emote] eAI_SurvivorF_Helga:054 play emote id=39 IH=AK74:028951
SCRIPT       : [inv] ReplaceItemWithNewLambdaBase Step B) remove OK, loc={ type=HANDS item=AmmoBox_545x39_20Rnd:031723 parent=SurvivorM_Quinn:046 }
SCRIPT       : UnboxLambda::SetupNewMagazine new_item=Ammo_545x39<abf12a80> count=20
SCRIPT       : [inv] ReplaceItemWithNewLambdaBase Step B) remove OK, loc={ type=HANDS item=AmmoBox_545x39_20Rnd:028192 parent=SurvivorM_Quinn:046 }
SCRIPT       : UnboxLambda::SetupNewMagazine new_item=Ammo_545x39<abf13590> count=20
SCRIPT       : 16:39:11.273 [EXPANSION DEBUG]: ExpansionItemSpawnHelper::Clone - created AK74:012309 at location { type=GROUND item=AK74:028951 pos=(4916.87, 290.945, 6272.68) dir=(0.204683, 0.679782, 0.671032, -0.213814) }
SCRIPT       : 16:39:11.273 [EXPANSION DEBUG]: ExpansionItemSpawnHelper::Clone - created AK_PlasticHndgrd:05481 at location { type=ATTACHMENT item=null parent=AK74:012309 slot=weaponHandguardAK }
SCRIPT       : 16:39:11.277 [EXPANSION DEBUG]: ExpansionItemSpawnHelper::Clone - created Mag_AK74_30Rnd:05875 at location { type=ATTACHMENT item=null parent=AK74:012309 slot=magazine }
SCRIPT       : 16:39:39.007 [EXPANSION DEBUG]: ExpansionItemSpawnHelper::Clone - created AK74:031796 at location { type=HANDS item=AK74:012309 parent=eAI_SurvivorF_Helga:054 }
SCRIPT       : 16:39:39.011 [EXPANSION DEBUG]: ExpansionItemSpawnHelper::Clone - created AK_PlasticHndgrd:05511 at location { type=ATTACHMENT item=null parent=AK74:031796 slot=weaponHandguardAK }
SCRIPT       : 16:39:39.011 [EXPANSION DEBUG]: ExpansionItemSpawnHelper::Clone - created Mag_AK74_30Rnd:07956 at location { type=ATTACHMENT item=null parent=AK74:031796 slot=magazine }
SCRIPT       : [emote] eAI_SurvivorF_Helga:054 play emote id=8 IH=AK74:031796
SCRIPT       : 16:39:54.394 [EXPANSION DEBUG]: ExpansionVodnik<896e27d0>::ExpansionSetLastDriverUID - 3I2KPiMwtNrbRzLe964-q3OrI2Ligr9LBcsFxmVIl3Q=
SCRIPT       : 16:39:55.390 [EXPANSION DEBUG]: ExpansionVodnik<896e27d0>::ExpansionResetLastDriverUIDSynch
SCRIPT       : 16:40:09.941 [EXPANSION DEBUG]: ExpansionItemSpawnHelper::Clone - created AK74:031837 at location { type=GROUND item=AK74:031796 pos=(4897.83, 290.578, 6274.3) dir=(-0.542092, -0.468463, -0.441192, 0.540396) }
SCRIPT       : 16:40:09.941 [EXPANSION DEBUG]: ExpansionItemSpawnHelper::Clone - created AK_PlasticHndgrd:029688 at location { type=ATTACHMENT item=null parent=AK74:031837 slot=weaponHandguardAK }
SCRIPT       : 16:40:09.941 [EXPANSION DEBUG]: ExpansionItemSpawnHelper::Clone - created Mag_AK74_30Rnd:06351 at location { type=ATTACHMENT item=null parent=AK74:031837 slot=magazine }
SCRIPT       : 16:40:37.441 [EXPANSION DEBUG]: ExpansionItemSpawnHelper::Clone - created AK74:031860 at location { type=HANDS item=AK74:031837 parent=eAI_SurvivorF_Helga:054 }
SCRIPT       : 16:40:37.441 [EXPANSION DEBUG]: ExpansionItemSpawnHelper::Clone - created AK_PlasticHndgrd:031611 at location { type=ATTACHMENT item=null parent=AK74:031860 slot=weaponHandguardAK }
SCRIPT       : 16:40:37.441 [EXPANSION DEBUG]: ExpansionItemSpawnHelper::Clone - created Mag_AK74_30Rnd:08985 at location { type=ATTACHMENT item=null parent=AK74:031860 slot=magazine }
SCRIPT       : [emote] eAI_SurvivorF_Helga:054 play emote id=8 IH=AK74:031860
SCRIPT       : 16:41:04.875 [EXPANSION DEBUG]: ExpansionItemSpawnHelper::Clone - created AK74:028215 at location { type=GROUND item=AK74:031860 pos=(4897.88, 290.937, 6295) dir=(-0.581514, 0.407236, 0.409358, 0.573085) }
SCRIPT       : 16:41:04.875 [EXPANSION DEBUG]: ExpansionItemSpawnHelper::Clone - created AK_PlasticHndgrd:09534 at location { type=ATTACHMENT item=null parent=AK74:028215 slot=weaponHandguardAK }
SCRIPT       : 16:41:04.875 [EXPANSION DEBUG]: ExpansionItemSpawnHelper::Clone - created Mag_AK74_30Rnd:015853 at location { type=ATTACHMENT item=null parent=AK74:028215 slot=magazine }
SCRIPT       : 16:41:33.976 [EXPANSION DEBUG]: ExpansionItemSpawnHelper::Clone - created AK74:029180 at location { type=HANDS item=AK74:028215 parent=eAI_SurvivorF_Helga:054 }
SCRIPT       : 16:41:33.976 [EXPANSION DEBUG]: ExpansionItemSpawnHelper::Clone - created AK_PlasticHndgrd:029127 at location { type=ATTACHMENT item=null parent=AK74:029180 slot=weaponHandguardAK }
SCRIPT       : 16:41:33.976 [EXPANSION DEBUG]: ExpansionItemSpawnHelper::Clone - created Mag_AK74_30Rnd:08335 at location { type=ATTACHMENT item=null parent=AK74:029180 slot=magazine }
SCRIPT       : [emote] eAI_SurvivorF_Helga:054 play emote id=32 IH=AK74:029180
SCRIPT       : 16:41:59.519 [EXPANSION DEBUG]: SurvivorBase<a67c96d0>::OnEnterSafeZone
SCRIPT       : bool m_Expansion_LeavingSafeZone = 0
SCRIPT       : bool m_Expansion_IsInSafeZone = 0
SCRIPT       : bool m_Expansion_IsInSafeZoneSynchRemote = 0
SCRIPT       : 16:41:59.734 [EXPANSION DEBUG]: SurvivorBase<9db403f0>::OnEnterSafeZone
SCRIPT       : bool m_Expansion_LeavingSafeZone = 0
SCRIPT       : bool m_Expansion_IsInSafeZone = 0
SCRIPT       : bool m_Expansion_IsInSafeZoneSynchRemote = 0
SCRIPT       : 16:42:42.046 [EXPANSION DEBUG]: ExpansionQuestModule<d9c91fc0> Quest configs already synched for player with UID: b_yc4Onhw-D2uQBVhuw6XJrft-4R07aKo2PLIKDbPtE=
SCRIPT       : 16:42:42.046 [EXPANSION DEBUG]: ExpansionQuestModule<d9c91fc0> Sending player quest data for quest ID 504 to player with UID: b_yc4Onhw-D2uQBVhuw6XJrft-4R07aKo2PLIKDbPtE=
SCRIPT       : 16:42:42.210 [EXPANSION DEBUG]: ExpansionQuestModule<d9c91fc0> Quest configs already synched for player with UID: 3I2KPiMwtNrbRzLe964-q3OrI2Ligr9LBcsFxmVIl3Q=
SCRIPT       : 16:42:42.210 [EXPANSION DEBUG]: ExpansionQuestModule<d9c91fc0> Sending player quest data for quest ID 200 to player with UID: 3I2KPiMwtNrbRzLe964-q3OrI2Ligr9LBcsFxmVIl3Q=
SCRIPT       : 16:42:54.531 [EXPANSION DEBUG]: ExpansionQuestModule<d9c91fc0> Quest configs already synched for player with UID: b_yc4Onhw-D2uQBVhuw6XJrft-4R07aKo2PLIKDbPtE=
SCRIPT       : 16:42:54.531 [EXPANSION DEBUG]: ExpansionQuestModule<d9c91fc0> Sending player quest data for quest ID 504 to player with UID: b_yc4Onhw-D2uQBVhuw6XJrft-4R07aKo2PLIKDbPtE=
SCRIPT       : 16:42:54.539 [EXPANSION DEBUG]: ExpansionQuestModule<d9c91fc0> Quest configs already synched for player with UID: b_yc4Onhw-D2uQBVhuw6XJrft-4R07aKo2PLIKDbPtE=
SCRIPT       : 16:42:54.539 [EXPANSION DEBUG]: ExpansionQuestModule<d9c91fc0> Sending player quest data for quest ID 504 to player with UID: b_yc4Onhw-D2uQBVhuw6XJrft-4R07aKo2PLIKDbPtE=
SCRIPT       : [Logout]: New player 3I2KPiMwtNrbRzLe964-q3OrI2Ligr9LBcsFxmVIl3Q= with logout time 3
SCRIPT       : [emote] SurvivorM_Quinn:046 play emote id=14 IH=null
SCRIPT       : [Logout]: New player b_yc4Onhw-D2uQBVhuw6XJrft-4R07aKo2PLIKDbPtE= with logout time 3
SCRIPT       : [emote] SurvivorM_Hassan:053 play emote id=14 IH=Expansion_M1A:015129
SCRIPT       : 16:43:10.339 [EXPANSION DEBUG]: ExpansionPartyData<caa1e070>::OnLeave party Blorpus (ID 0) player Blorpus9000 (ID 3I2KPiMwtNrbRzLe964-q3OrI2Ligr9LBcsFxmVIl3Q=)
SCRIPT       : 16:43:10.343 [EXPANSION DEBUG]: ExpansionQuestPersistentData<9fc295f0> ~ExpansionQuestPersistentData (29)
SCRIPT       : [Logout]: Player 3I2KPiMwtNrbRzLe964-q3OrI2Ligr9LBcsFxmVIl3Q= finished
SCRIPT       : 16:43:12.269 [EXPANSION DEBUG]: ExpansionPartyData<caa1e070>::OnLeave party Blorpus (ID 0) player JB9200 (ID b_yc4Onhw-D2uQBVhuw6XJrft-4R07aKo2PLIKDbPtE=)
SCRIPT       : 16:43:12.269 [EXPANSION DEBUG]: ExpansionQuestPersistentData<9330df20> ~ExpansionQuestPersistentData (31)
SCRIPT       : [Logout]: Player b_yc4Onhw-D2uQBVhuw6XJrft-4R07aKo2PLIKDbPtE= finished
