---------------------------------------------
Log C:\Program Files (x86)\Steam\steamapps\common\DayZServerAug2\config\script_2023-08-11_18-52-01.log started at 11.08. 18:52:02

SCRIPT       : Registered 397 temporary action enum(s), UAN==397
SCRIPT       : Registering faction type eAIFactionShamans ID -1484989417
SCRIPT       : Registering faction type eAIFactionObservers ID -563736721
SCRIPT       : Registering faction type eAIFactionInvincibleObservers ID -1227299746
SCRIPT       : Registering faction type eAIFactionEast ID 90522109
SCRIPT       : Registering faction type eAIFactionGuards ID 963933710
SCRIPT       : Registering faction type eAIFactionRaiders ID 1535276022
SCRIPT       : Registering faction type eAIFactionMercenaries ID 1629891834
SCRIPT       : Registering faction type eAIFactionWest ID 113880155
SCRIPT       : Registering faction type eAIFactionCivilian ID 1096178351
SCRIPT       : Registering faction type eAIFactionPassive ID -1159399789
SCRIPT       : Registering faction type eAIFactionInvincibleGuards ID 782746017
SCRIPT       : ... Backlit Effects Enabled
SCRIPT       : 18:52:03 [EXPANSION LOG]: DayZGame<45c063c0> Start time (local time) 2023-08-11 18:51:56
SCRIPT       : 18:52:03 [EXPANSION LOG]: DayZGame<45c063c0> Start time (UTC) 2023-08-11 23:51:56
SCRIPT       : 18:52:03 [EXPANSION LOG]: DayZGame<45c063c0> Runtime since start (seconds) 7.285
SCRIPT    (W): @"JM/COT/Scripts/4_World/communityonlinetools\classes\webhook\jmwebhookdiscordmessage.c,19": Possible variable name conflict 'username'
SCRIPT    (W): @"JM/COT/Scripts/4_World/communityonlinetools\classes\webhook\jmwebhookdiscordmessage.c,19": Possible variable name conflict 'avatar_url'
SCRIPT    (W): @"JM/COT/Scripts/4_World/communityonlinetools\classes\webhook\jmwebhookdiscordmessage.c,19": Possible variable name conflict 'content'
SCRIPT    (W): @"JM/COT/Scripts/4_World/communityonlinetools\classes\webhook\jmwebhookdiscordmessage.c,151": Possible variable name conflict 'url'
SCRIPT    (W): @"JM/COT/Scripts/4_World/communityonlinetools\classes\webhook\jmwebhookdiscordmessage.c,172": Possible variable name conflict 'url'
SCRIPT    (W): @"JM/COT/Scripts/4_World/communityonlinetools\classes\webhook\jmwebhookdiscordmessage.c,180": Possible variable name conflict 'url'
SCRIPT       : 18:52:19.867 [EXPANSION DEBUG]: [ExpansionDebugSettings] Load existing setting file:$profile:ExpansionMod\Settings\DebugSettings.json
SCRIPT       : 18:52:19.867 [EXPANSION DEBUG]: [ExpansionLogSettings] Load existing setting file:$profile:ExpansionMod\Settings\LogsSettings.json
SCRIPT       : 18:52:19.882 [EXPANSION DEBUG]: [ExpansionNotificationSettings] Load existing setting file:$profile:ExpansionMod\Settings\NotificationSettings.json
SCRIPT       : 18:52:19.882 [EXPANSION DEBUG]: [ExpansionMonitoringSettings] Load existing setting file:$profile:ExpansionMod\Settings\MonitoringSettings.json
SCRIPT       : 18:52:19.890 [EXPANSION DEBUG]: [ExpansionDamageSystemSettings] Load existing setting file:$profile:ExpansionMod\Settings\DamageSystemSettings.json
SCRIPT       : 18:52:19.890 [EXPANSION DEBUG]: [ExpansionPartySettings] Load existing setting file:$profile:ExpansionMod\Settings\PartySettings.json
SCRIPT       : 18:52:19.898 [EXPANSION DEBUG]: [ExpansionHardlineSettings] Load existing setting file:$mission:expansion\settings\HardlineSettings.json
SCRIPT       : 18:52:19.906 [EXPANSION DEBUG]: [ExpansionMarketSettings] Load existing setting file:$mission:expansion\settings\MarketSettings.json
SCRIPT       : ExpansionMarketSettings::LoadCategories - Adding category ID 1 (Ammo)
SCRIPT       : ExpansionMarketSettings::LoadCategories - Adding category ID 2 (Ammo_Boxes)
SCRIPT       : ExpansionMarketSettings::LoadCategories - Adding category ID 3 (Armbands)
SCRIPT       : ExpansionMarketSettings::LoadCategories - Adding category ID 4 (Assault_Rifles)
SCRIPT       : ExpansionMarketSettings::LoadCategories - Adding category ID 5 (Backpacks)
SCRIPT       : ExpansionMarketSettings::LoadCategories - Adding category ID 6 (Bandanas)
SCRIPT       : ExpansionMarketSettings::LoadCategories - Adding category ID 7 (Batteries)
SCRIPT       : ExpansionMarketSettings::LoadCategories - Adding category ID 8 (Bayonets)
SCRIPT       : ExpansionMarketSettings::LoadCategories - Adding category ID 9 (Belts)
SCRIPT       : ExpansionMarketSettings::LoadCategories - Adding category ID 10 (Blouses_And_Suits)
SCRIPT       : ExpansionMarketSettings::LoadCategories - Adding category ID 11 (Boats)
SCRIPT       : ExpansionMarketSettings::LoadCategories - Adding category ID 12 (Boots_And_Shoes)
SCRIPT       : ExpansionMarketSettings::LoadCategories - Adding category ID 13 (Buttstocks)
SCRIPT       : ExpansionMarketSettings::LoadCategories - Adding category ID 14 (Caps)
SCRIPT       : ExpansionMarketSettings::LoadCategories - Adding category ID 15 (Cars)
SCRIPT       : ExpansionMarketSettings::LoadCategories - Adding category ID 16 (Coats_And_Jackets)
SCRIPT       : ExpansionMarketSettings::LoadCategories - Adding category ID 17 (Containers)
SCRIPT       : ExpansionMarketSettings::LoadCategories - Adding category ID 18 (Crossbows)
SCRIPT       : ExpansionMarketSettings::LoadCategories - Adding category ID 19 (Drinks)
SCRIPT       : ExpansionMarketSettings::LoadCategories - Adding category ID 20 (Electronics)
SCRIPT       : ExpansionMarketSettings::LoadCategories - Adding category ID 21 (Event)
SCRIPT       : ExpansionMarketSettings::LoadCategories - Adding category ID 22 (Exchange)
SCRIPT       : ExpansionMarketSettings::LoadCategories - Adding category ID 23 (Explosives_And_Grenades)
SCRIPT       : ExpansionMarketSettings::LoadCategories - Adding category ID 24 (Eyewear)
SCRIPT       : ExpansionMarketSettings::LoadCategories - Adding category ID 25 (Fish)
SCRIPT       : ExpansionMarketSettings::LoadCategories - Adding category ID 26 (Fishing)
SCRIPT       : ExpansionMarketSettings::LoadCategories - Adding category ID 27 (Flags)
SCRIPT       : ExpansionMarketSettings::LoadCategories - Adding category ID 28 (Food)
SCRIPT       : ExpansionMarketSettings::LoadCategories - Adding category ID 29 (Fruit_And_Vegetables)
SCRIPT       : ExpansionMarketSettings::LoadCategories - Adding category ID 30 (Furnishings)
SCRIPT       : ExpansionMarketSettings::LoadCategories - Adding category ID 31 (Gardening)
SCRIPT       : ExpansionMarketSettings::LoadCategories - Adding category ID 32 (Ghillies)
SCRIPT       : ExpansionMarketSettings::LoadCategories - Adding category ID 33 (Gloves)
SCRIPT       : ExpansionMarketSettings::LoadCategories - Adding category ID 34 (Handguards)
SCRIPT       : ExpansionMarketSettings::LoadCategories - Adding category ID 35 (Hats_And_Hoods)
SCRIPT       : ExpansionMarketSettings::LoadCategories - Adding category ID 36 (Helicopters)
SCRIPT       : ExpansionMarketSettings::LoadCategories - Adding category ID 37 (Helmets)
SCRIPT       : ExpansionMarketSettings::LoadCategories - Adding category ID 38 (Holsters_And_Pouches)
SCRIPT       : ExpansionMarketSettings::LoadCategories - Adding category ID 39 (Kits)
SCRIPT       : ExpansionMarketSettings::LoadCategories - Adding category ID 40 (Knifes)
SCRIPT       : ExpansionMarketSettings::LoadCategories - Adding category ID 41 (Launchers)
SCRIPT       : ExpansionMarketSettings::LoadCategories - Adding category ID 42 (Lights)
SCRIPT       : ExpansionMarketSettings::LoadCategories - Adding category ID 43 (Liquids)
SCRIPT       : ExpansionMarketSettings::LoadCategories - Adding category ID 44 (Locks)
SCRIPT       : ExpansionMarketSettings::LoadCategories - Adding category ID 45 (Magazines)
SCRIPT       : ExpansionMarketSettings::LoadCategories - Adding category ID 46 (Masks)
SCRIPT       : ExpansionMarketSettings::LoadCategories - Adding category ID 47 (Meat)
SCRIPT       : ExpansionMarketSettings::LoadCategories - Adding category ID 48 (Medical)
SCRIPT       : ExpansionMarketSettings::LoadCategories - Adding category ID 49 (Melee_Weapons)
SCRIPT       : ExpansionMarketSettings::LoadCategories - Adding category ID 50 (Muzzles)
SCRIPT       : ExpansionMarketSettings::LoadCategories - Adding category ID 51 (Navigation)
SCRIPT       : ExpansionMarketSettings::LoadCategories - Adding category ID 52 (Optics)
SCRIPT       : ExpansionMarketSettings::LoadCategories - Adding category ID 53 (Pants_And_Shorts)
SCRIPT       : ExpansionMarketSettings::LoadCategories - Adding category ID 54 (Pistols)
SCRIPT       : ExpansionMarketSettings::LoadCategories - Adding category ID 55 (Rifles)
SCRIPT       : ExpansionMarketSettings::LoadCategories - Adding category ID 56 (Shirts_And_TShirts)
SCRIPT       : ExpansionMarketSettings::LoadCategories - Adding category ID 57 (Shotguns)
SCRIPT       : ExpansionMarketSettings::LoadCategories - Adding category ID 58 (Skirts_And_Dresses)
SCRIPT       : ExpansionMarketSettings::LoadCategories - Adding category ID 59 (Sniper_Rifles)
SCRIPT       : ExpansionMarketSettings::LoadCategories - Adding category ID 60 (Spraycans)
SCRIPT       : ExpansionMarketSettings::LoadCategories - Adding category ID 61 (Submachine_Guns)
SCRIPT       : ExpansionMarketSettings::LoadCategories - Adding category ID 62 (Supplies)
SCRIPT       : ExpansionMarketSettings::LoadCategories - Adding category ID 63 (Sweaters_And_Hoodies)
SCRIPT       : ExpansionMarketSettings::LoadCategories - Adding category ID 64 (Tents)
SCRIPT       : ExpansionMarketSettings::LoadCategories - Adding category ID 65 (Tools)
SCRIPT       : ExpansionMarketSettings::LoadCategories - Adding category ID 66 (Vehicle_Parts)
SCRIPT       : ExpansionMarketSettings::LoadCategories - Adding category ID 67 (Vests)
SCRIPT       : 18:52:20.304 [EXPANSION DEBUG]: [ExpansionAirdropSettings] Load existing setting file:$profile:ExpansionMod\Settings\AirdropSettings.json
SCRIPT       : 18:52:20.429 [EXPANSION DEBUG]: [ExpansionMissionSettings] Load existing setting file:$profile:ExpansionMod\Settings\MissionSettings.json
SCRIPT       : 18:52:20.437 [EXPANSION DEBUG]: [ExpansionMapSettings] Load existing setting file:$mission:expansion\settings\MapSettings.json
SCRIPT       : 18:52:20.460 [EXPANSION DEBUG]: [ExpansionPersonalStorageNewSettings] Load existing setting file:$profile:ExpansionMod\Settings\PersonalStorageNewSettings.json
SCRIPT       : 18:52:20.468 [EXPANSION DEBUG]: [ExpansionGeneralSettings] Load existing setting file:$profile:ExpansionMod\Settings\GeneralSettings.json
SCRIPT       : 18:52:20.468 [EXPANSION DEBUG]: [ExpansionPlayerListSettings] Load existing setting file:$profile:ExpansionMod\Settings\PlayerListSettings.json
SCRIPT       : 18:52:20.476 [EXPANSION DEBUG]: [ExpansionSocialMediaSettings] Load existing setting file:$profile:ExpansionMod\Settings\SocialMediaSettings.json
SCRIPT       : 18:52:20.476 [EXPANSION DEBUG]: [ExpansionSpawnSettings] Load existing setting file:$mission:expansion\settings\SpawnSettings.json
SCRIPT       : 18:52:20.484 [EXPANSION DEBUG]: [ExpansionVehicleSettings] Load existing setting file:$profile:ExpansionMod\Settings\VehicleSettings.json
SCRIPT       : 18:52:20.484 [EXPANSION DEBUG]: [ExpansionAISettings] Load existing setting file:$profile:ExpansionMod\Settings\AISettings.json
SCRIPT       : 18:52:20.492 [EXPANSION DEBUG]: [ExpansionAIPatrolSettings] Load existing setting file:$mission:expansion\settings\AIPatrolSettings.json
SCRIPT       : 18:52:20.492 [EXPANSION DEBUG]: [ExpansionBaseBuildingSettings] Load existing setting file:$mission:expansion\settings\BaseBuildingSettings.json
SCRIPT       : 18:52:20.500 [EXPANSION DEBUG]: [ExpansionRaidSettings] Load existing setting file:$profile:ExpansionMod\Settings\RaidSettings.json
SCRIPT       : 18:52:20.500 [EXPANSION DEBUG]: [ExpansionTerritorySettings] Load existing setting file:$profile:ExpansionMod\Settings\TerritorySettings.json
SCRIPT       : 18:52:20.515 [EXPANSION DEBUG]: [ExpansionChatSettings] Load existing setting file:$profile:ExpansionMod\Settings\ChatSettings.json
SCRIPT       : Expansion version: 1.8.21
SCRIPT       : [DefineTest] EXPANSIONMOD is defined
SCRIPT       : [DefineTest] EXPANSIONMODAI is defined
SCRIPT       : [DefineTest] EXPANSIONMODANIMATIONS is defined
SCRIPT       : [DefineTest] EXPANSIONMODBASEBUILDING is defined
SCRIPT       : [DefineTest] EXPANSIONMODBOOK is defined
SCRIPT       : [DefineTest] EXPANSIONMODCHAT is defined
SCRIPT       : [DefineTest] EXPANSIONMODCORE is defined
SCRIPT       : [DefineTest] EXPANSIONMODGARAGE is defined
SCRIPT       : [DefineTest] EXPANSIONMODGROUPS is defined
SCRIPT       : [DefineTest] EXPANSIONMODHARDLINE is defined
SCRIPT       : [DefineTest] EXPANSIONMODKILLFEED is defined
SCRIPT       : [DefineTest] EXPANSIONMODMAPASSETS is defined
SCRIPT       : [DefineTest] EXPANSIONMODMARKET is defined
SCRIPT       : [DefineTest] EXPANSIONMODMISSIONS is defined
SCRIPT       : [DefineTest] EXPANSIONMODNAMETAGS is defined
SCRIPT       : [DefineTest] EXPANSIONMODNAVIGATION is defined
SCRIPT       : [DefineTest] EXPANSIONMODP2PMARKET is defined
SCRIPT       : [DefineTest] EXPANSIONMODPERSONALSTORAGE is defined
SCRIPT       : [DefineTest] EXPANSIONMODQUESTS is defined
SCRIPT       : [DefineTest] EXPANSIONMODSPAWNSELECTION is defined
SCRIPT       : [DefineTest] EXPANSIONMODVEHICLE is defined
SCRIPT       : [DefineTest] EXPANSIONMODWEAPONS is defined
SCRIPT       : [DefineTest] CfgMods:
SCRIPT       : defaultAction
SCRIPT       : DayZ
SCRIPT       : DZ_Expansion_AI_Preload
SCRIPT       : DZ_Expansion_Animations_Preload
SCRIPT       : DZ_Expansion_BaseBuilding_Preload
SCRIPT       : DZ_Expansion_Book_Preload
SCRIPT       : DZ_Expansion_Chat_Preload
SCRIPT       : DZ_Expansion_Core_Preload
SCRIPT       : DZ_Expansion_Garage_Preload
SCRIPT       : DZ_Expansion_Groups_Preload
SCRIPT       : DZ_Expansion_Hardline_Preload
SCRIPT       : DZ_Expansion_KillFeed_Preload
SCRIPT       : DZ_Expansion_MapAssets_Preload
SCRIPT       : DZ_Expansion_Market_Preload
SCRIPT       : DZ_Expansion_Missions_Preload
SCRIPT       : DZ_Expansion_ModStorage_Preload
SCRIPT       : DZ_Expansion_NameTags_Preload
SCRIPT       : DZ_Expansion_Navigation_Preload
SCRIPT       : DZ_Expansion_P2PMarket_Preload
SCRIPT       : DZ_Expansion_PersonalStorage_Preload
SCRIPT       : DZ_Expansion_Preload
SCRIPT       : DZ_Expansion_Quests_Preload
SCRIPT       : DZ_Expansion_SpawnSelection_Preload
SCRIPT       : DZ_Expansion_Vehicles_Preload
SCRIPT       : DZ_Expansion_Weapons_Preload
SCRIPT       : DZ_DabsFramework
SCRIPT       : DZ_Expansion_DefineTest
SCRIPT       : DZ_Expansion_MapAssets
SCRIPT       : bliss
SCRIPT       : JM_CommunityFramework
SCRIPT       : JM_CommunityOnlineTools
SCRIPT       : PvZmoD_CustomisableZombies
SCRIPT       : BoostZombiesVisionAddon
SCRIPT       : DZ_Expansion_ModStorage
SCRIPT       : DZ_Expansion_Core
SCRIPT       : DZ_Expansion_Garage
SCRIPT       : DZ_Expansion_Groups
SCRIPT       : DZ_Expansion_Market
SCRIPT       : DZ_Expansion_Missions
SCRIPT       : DZ_Expansion_NameTags
SCRIPT       : DZ_Expansion_Navigation
SCRIPT       : DZ_Expansion_NotificationScheduler
SCRIPT       : DZ_Expansion_P2PMarket
SCRIPT       : DZ_Expansion_PersonalStorage
SCRIPT       : DZ_Expansion_PersonalStorageNew
SCRIPT       : DZ_Expansion_PlayerList
SCRIPT       : DZ_Expansion
SCRIPT       : DZ_Expansion_SpawnSelection
SCRIPT       : DZ_Expansion_VanillaFixes
SCRIPT       : DZ_Expansion_Vehicles
SCRIPT       : DZ_Expansion_Weapons
SCRIPT       : DZ_Expansion_AI
SCRIPT       : DZ_Expansion_BaseBuilding
SCRIPT       : DZ_Expansion_Book
SCRIPT       : DZ_Expansion_Chat
SCRIPT       : DZ_Expansion_Hardline
SCRIPT       : DZ_Expansion_Quests
SCRIPT       : DZ_Expansion_VirtualContainerStorage
SCRIPT       : DayZ_Expansion_AI_Dynamic
SCRIPT       : 18:52:21.062 [EXPANSION DEBUG]: ModStorage v5
SCRIPT       : 18:52:25.156 [EXPANSION DEBUG]: ExpansionTraderJudy<b5e8a010>::SetTraderObject ExpansionTraderObjectBase<4b718100> <4973.928711, 9.510984, 2436.782959>
SCRIPT       : 18:52:25.156 [EXPANSION DEBUG]: LoadMissionTradersFile trader ExpansionTraderJudy<b5e8a010> fileName Aircraft
SCRIPT       : 18:52:25.179 [EXPANSION DEBUG]: ExpansionTraderJose<a895a010>::SetTraderObject ExpansionTraderObjectBase<4b90f260> <14353.624023, 3.326771, 13229.217773>
SCRIPT       : 18:52:25.179 [EXPANSION DEBUG]: LoadMissionTradersFile trader ExpansionTraderJose<a895a010> fileName Boats
SCRIPT       : 18:52:25.187 [EXPANSION DEBUG]: ExpansionTraderEva<fcd7a240>::SetTraderObject ExpansionTraderObjectBase<4ba67270> <14378.793945, 3.325975, 13271.585938>
SCRIPT       : 18:52:25.187 [EXPANSION DEBUG]: LoadMissionTradersFile trader ExpansionTraderEva<fcd7a240> fileName Fishing
SCRIPT       : 18:52:25.203 [EXPANSION DEBUG]: ExpansionTraderLewis<d34462a0>::SetTraderObject ExpansionTraderObjectBase<4bb6b510> <1756.656372, 1.415564, 2027.359741>
SCRIPT       : 18:52:25.203 [EXPANSION DEBUG]: LoadMissionTradersFile trader ExpansionTraderLewis<d34462a0> fileName Boats
SCRIPT       : 18:52:25.203 [EXPANSION DEBUG]: LoadMissionTradersFile trader ExpansionTraderStaticBase<24459060> fileName Exchange
SCRIPT       : 18:52:25.226 [EXPANSION DEBUG]: ExpansionTraderDenis<d344a0a0>::SetTraderObject ExpansionTraderObjectBase<4bc06b00> <3697.249512, 402.010010, 5977.625488>
SCRIPT       : 18:52:25.226 [EXPANSION DEBUG]: LoadMissionTradersFile trader ExpansionTraderDenis<d344a0a0> fileName Clothing
SCRIPT       : 18:52:25.250 [EXPANSION DEBUG]: ExpansionTraderMaria<4bcc2010>::SetTraderObject ExpansionTraderObjectBase<4bd2ad90> <3696.455811, 402.010010, 5980.193359>
SCRIPT       : 18:52:25.250 [EXPANSION DEBUG]: LoadMissionTradersFile trader ExpansionTraderMaria<4bcc2010> fileName Clothing_Accessories
SCRIPT       : 18:52:25.265 [EXPANSION DEBUG]: ExpansionTraderQuinn<4bea5810>::SetTraderObject ExpansionTraderObjectBase<4be75fd0> <3710.121826, 402.010010, 5976.164063>
SCRIPT       : 18:52:25.265 [EXPANSION DEBUG]: LoadMissionTradersFile trader ExpansionTraderQuinn<4bea5810> fileName Consumables
SCRIPT       : 18:52:25.289 [EXPANSION DEBUG]: ExpansionTraderNaomi<4becd090>::SetTraderObject ExpansionTraderObjectBase<54af5bb0> <3708.786865, 402.010010, 5974.589844>
SCRIPT       : 18:52:25.289 [EXPANSION DEBUG]: LoadMissionTradersFile trader ExpansionTraderNaomi<4becd090> fileName Weapons
SCRIPT       : 18:52:25.312 [EXPANSION DEBUG]: ExpansionTraderSeth<746b6890>::SetTraderObject ExpansionTraderObjectBase<54c79130> <3710.265137, 402.010010, 5973.340820>
SCRIPT       : 18:52:25.312 [EXPANSION DEBUG]: LoadMissionTradersFile trader ExpansionTraderSeth<746b6890> fileName Attachments
SCRIPT       : 18:52:25.320 [EXPANSION DEBUG]: ExpansionTraderRolf<746ba6a0>::SetTraderObject ExpansionTraderObjectBase<54de4340> <3698.172607, 402.010010, 5995.337402>
SCRIPT       : 18:52:25.320 [EXPANSION DEBUG]: LoadMissionTradersFile trader ExpansionTraderRolf<746ba6a0> fileName Vehicles
SCRIPT       : 18:52:25.343 [EXPANSION DEBUG]: ExpansionTraderIndar<746ecd70>::SetTraderObject ExpansionTraderObjectBase<54f7d4f0> <3714.531006, 402.138000, 5961.776367>
SCRIPT       : 18:52:25.343 [EXPANSION DEBUG]: LoadMissionTradersFile trader ExpansionTraderIndar<746ecd70> fileName Components
SCRIPT       : 18:52:25.351 [EXPANSION DEBUG]: ExpansionTraderJudy<746d5910>::SetTraderObject ExpansionTraderObjectBase<54f88e90> <3729.029541, 402.651001, 5969.476563>
SCRIPT       : 18:52:25.351 [EXPANSION DEBUG]: LoadMissionTradersFile trader ExpansionTraderJudy<746d5910> fileName Medicals
SCRIPT       : 18:52:25.351 [EXPANSION DEBUG]: ExpansionTraderNaomi<746e8f60>::SetTraderObject ExpansionTraderObjectBase<550ee240> <3690.062988, 402.100067, 6006.763672>
SCRIPT       : 18:52:25.351 [EXPANSION DEBUG]: LoadMissionTradersFile trader ExpansionTraderNaomi<746e8f60> fileName Vehicle_Parts
SCRIPT       : 18:52:25.367 [EXPANSION DEBUG]: ExpansionTraderJose<746d9720>::SetTraderObject ExpansionTraderObjectBase<550f3b00> <3699.629883, 402.010010, 5993.970215>
SCRIPT       : 18:52:25.367 [EXPANSION DEBUG]: LoadMissionTradersFile trader ExpansionTraderJose<746d9720> fileName Spraycans
SCRIPT       : 18:52:25.375 [EXPANSION DEBUG]: ExpansionTraderLinda<746e1340>::SetTraderObject ExpansionTraderObjectBase<552694b0> <3674.669922, 406.760010, 5990.390137>
SCRIPT       : 18:52:25.375 [EXPANSION DEBUG]: LoadMissionTradersFile trader ExpansionTraderLinda<746e1340> fileName Special
SCRIPT       : 18:52:25.390 [EXPANSION DEBUG]: ExpansionTraderNiki<746dd530>::SetTraderObject ExpansionTraderObjectBase<5538eb60> <3699.030029, 402.013000, 5973.439941>
SCRIPT       : 18:52:25.390 [EXPANSION DEBUG]: LoadMissionTradersFile trader ExpansionTraderNiki<746dd530> fileName BuildingSupplies
SCRIPT       : 18:52:25.398 [EXPANSION DEBUG]: ExpansionTraderFrancis<746e5150>::SetTraderObject ExpansionTraderObjectBase<554e2030> <1153.964844, 6.463035, 2409.763184>
SCRIPT       : 18:52:25.398 [EXPANSION DEBUG]: LoadMissionTradersFile trader ExpansionTraderFrancis<746e5150> fileName Attachments
SCRIPT       : 18:52:25.414 [EXPANSION DEBUG]: ExpansionTraderKaito<555a38b0>::SetTraderObject ExpansionTraderObjectBase<555e3200> <1117.021240, 5.495151, 2413.766357>
SCRIPT       : 18:52:25.414 [EXPANSION DEBUG]: LoadMissionTradersFile trader ExpansionTraderKaito<555a38b0> fileName Components
SCRIPT       : 18:52:25.421 [EXPANSION DEBUG]: ExpansionTraderCyril<555a76c0>::SetTraderObject ExpansionTraderObjectBase<55694120> <1136.987427, 5.908522, 2439.662598>
SCRIPT       : 18:52:25.421 [EXPANSION DEBUG]: LoadMissionTradersFile trader ExpansionTraderCyril<555a76c0> fileName Clothing
SCRIPT       : 18:52:25.429 [EXPANSION DEBUG]: ExpansionTraderGuo<555ab4d0>::SetTraderObject ExpansionTraderObjectBase<556b0f50> <1133.974854, 5.909700, 2442.412598>
SCRIPT       : 18:52:25.429 [EXPANSION DEBUG]: LoadMissionTradersFile trader ExpansionTraderGuo<555ab4d0> fileName Clothing_Accessories
SCRIPT       : 18:52:25.437 [EXPANSION DEBUG]: ExpansionTraderBoris<555af2e0>::SetTraderObject ExpansionTraderObjectBase<55792b50> <1123.468262, 15.349299, 2426.316162>
SCRIPT       : 18:52:25.437 [EXPANSION DEBUG]: LoadMissionTradersFile trader ExpansionTraderBoris<555af2e0> fileName Exchange
SCRIPT       : 18:52:25.437 [EXPANSION DEBUG]: ExpansionTraderLinda<55594070>::SetTraderObject ExpansionTraderObjectBase<55797830> <1135.892822, 5.908773, 2436.856689>
SCRIPT       : 18:52:25.437 [EXPANSION DEBUG]: LoadMissionTradersFile trader ExpansionTraderLinda<55594070> fileName Consumables
SCRIPT       : 18:52:25.453 [EXPANSION DEBUG]: ExpansionTraderKeiko<5559bc90>::SetTraderObject ExpansionTraderObjectBase<55870a90> <1130.731689, 5.951744, 2438.009277>
SCRIPT       : 18:52:25.453 [EXPANSION DEBUG]: LoadMissionTradersFile trader ExpansionTraderKeiko<5559bc90> fileName Medicals
SCRIPT       : 18:52:25.460 [EXPANSION DEBUG]: ExpansionTraderHelga<555b30f0>::SetTraderObject ExpansionTraderObjectBase<559953f0> <1141.654419, 5.906255, 2421.591309>
SCRIPT       : 18:52:25.460 [EXPANSION DEBUG]: LoadMissionTradersFile trader ExpansionTraderHelga<555b30f0> fileName Special
SCRIPT       : 18:52:25.468 [EXPANSION DEBUG]: ExpansionTraderFrida<55597e80>::SetTraderObject ExpansionTraderObjectBase<58d8a7b0> <1120.135132, 5.600746, 2417.465820>
SCRIPT       : 18:52:25.468 [EXPANSION DEBUG]: LoadMissionTradersFile trader ExpansionTraderFrida<55597e80> fileName Vehicles
SCRIPT       : 18:52:25.476 [EXPANSION DEBUG]: ExpansionTraderHassan<555b6f00>::SetTraderObject ExpansionTraderObjectBase<58de7160> <1123.977905, 5.639271, 2417.411865>
SCRIPT       : 18:52:25.476 [EXPANSION DEBUG]: LoadMissionTradersFile trader ExpansionTraderHassan<555b6f00> fileName Vehicle_Parts
SCRIPT       : 18:52:25.476 [EXPANSION DEBUG]: ExpansionTraderDenis<555bad10>::SetTraderObject ExpansionTraderObjectBase<58dea540> <1156.719727, 6.513331, 2406.355225>
SCRIPT       : 18:52:25.476 [EXPANSION DEBUG]: LoadMissionTradersFile trader ExpansionTraderDenis<555bad10> fileName Weapons
SCRIPT       : 18:52:25.492 [EXPANSION DEBUG]: ExpansionTraderGabi<5559faa0>::SetTraderObject ExpansionTraderObjectBase<58f19c10> <1135.689941, 5.900000, 2423.300049>
SCRIPT       : 18:52:25.492 [EXPANSION DEBUG]: LoadMissionTradersFile trader ExpansionTraderGabi<5559faa0> fileName BuildingSupplies
SCRIPT       : 18:52:25.492 [EXPANSION DEBUG]: ExpansionTraderFrancis<555c6740>::SetTraderObject ExpansionTraderObjectBase<58f1e4e0> <11835.901367, 140.617874, 12474.744141>
SCRIPT       : 18:52:25.492 [EXPANSION DEBUG]: LoadMissionTradersFile trader ExpansionTraderFrancis<555c6740> fileName Attachments
SCRIPT       : 18:52:25.500 [EXPANSION DEBUG]: ExpansionTraderLinda<555beb20>::SetTraderObject ExpansionTraderObjectBase<58f230d0> <11856.716797, 140.565109, 12461.438477>
SCRIPT       : 18:52:25.500 [EXPANSION DEBUG]: LoadMissionTradersFile trader ExpansionTraderLinda<555beb20> fileName Consumables
SCRIPT       : 18:52:25.507 [EXPANSION DEBUG]: ExpansionTraderCyril<555c2930>::SetTraderObject ExpansionTraderObjectBase<58f292f0> <11855.000000, 140.605103, 12466.099609>
SCRIPT       : 18:52:25.507 [EXPANSION DEBUG]: LoadMissionTradersFile trader ExpansionTraderCyril<555c2930> fileName Clothing
SCRIPT       : 18:52:25.507 [EXPANSION DEBUG]: ExpansionTraderGuo<555ca550>::SetTraderObject ExpansionTraderObjectBase<3cd6f110> <11855.200195, 140.605103, 12470.487305>
SCRIPT       : 18:52:25.507 [EXPANSION DEBUG]: LoadMissionTradersFile trader ExpansionTraderGuo<555ca550> fileName Clothing_Accessories
SCRIPT       : 18:52:25.507 [EXPANSION DEBUG]: ExpansionTraderKaito<555ce360>::SetTraderObject ExpansionTraderObjectBase<3cd76230> <11849.400391, 140.605087, 12466.200195>
SCRIPT       : 18:52:25.507 [EXPANSION DEBUG]: LoadMissionTradersFile trader ExpansionTraderKaito<555ce360> fileName Components
SCRIPT       : 18:52:25.515 [EXPANSION DEBUG]: ExpansionTraderBoris<59168060>::SetTraderObject ExpansionTraderObjectBase<3cd7a740> <11858.202148, 140.615112, 12463.234375>
SCRIPT       : 18:52:25.515 [EXPANSION DEBUG]: LoadMissionTradersFile trader ExpansionTraderBoris<59168060> fileName Exchange
SCRIPT       : 18:52:25.515 [EXPANSION DEBUG]: ExpansionTraderKeiko<5917b6b0>::SetTraderObject ExpansionTraderObjectBase<3cd80410> <11853.218750, 140.605087, 12463.277344>
SCRIPT       : 18:52:25.515 [EXPANSION DEBUG]: LoadMissionTradersFile trader ExpansionTraderKeiko<5917b6b0> fileName Medicals
SCRIPT       : 18:52:25.523 [EXPANSION DEBUG]: ExpansionTraderGabi<591778a0>::SetTraderObject ExpansionTraderObjectBase<3cd85280> <11833.200195, 140.605118, 12461.700195>
SCRIPT       : 18:52:25.523 [EXPANSION DEBUG]: LoadMissionTradersFile trader ExpansionTraderGabi<591778a0> fileName Special
SCRIPT       : 18:52:25.531 [EXPANSION DEBUG]: ExpansionTraderElias<5916fc80>::SetTraderObject ExpansionTraderObjectBase<592026d0> <11877.799805, 140.134796, 12441.599609>
SCRIPT       : 18:52:25.531 [EXPANSION DEBUG]: LoadMissionTradersFile trader ExpansionTraderElias<5916fc80> fileName Vehicles
SCRIPT       : 18:52:25.531 [EXPANSION DEBUG]: ExpansionTraderHassan<591832d0>::SetTraderObject ExpansionTraderObjectBase<592076d0> <11878.674805, 140.134796, 12424.302734>
SCRIPT       : 18:52:25.531 [EXPANSION DEBUG]: LoadMissionTradersFile trader ExpansionTraderHassan<591832d0> fileName Vehicle_Parts
SCRIPT       : 18:52:25.531 [EXPANSION DEBUG]: ExpansionTraderDenis<5917f4c0>::SetTraderObject ExpansionTraderObjectBase<5920c360> <11833.576172, 140.605072, 12469.492188>
SCRIPT       : 18:52:25.531 [EXPANSION DEBUG]: LoadMissionTradersFile trader ExpansionTraderDenis<5917f4c0> fileName Weapons
SCRIPT       : 18:52:25.539 [EXPANSION DEBUG]: ExpansionTraderLinda<59173a90>::SetTraderObject ExpansionTraderObjectBase<592842d0> <11852.194336, 140.660980, 12472.387695>
SCRIPT       : 18:52:25.539 [EXPANSION DEBUG]: LoadMissionTradersFile trader ExpansionTraderLinda<59173a90> fileName BuildingSupplies
SCRIPT       : 18:52:25.546 [EXPANSION DEBUG]: ExpansionTraderManua<591870e0>::SetTraderObject ExpansionTraderObjectBase<593a04c0> <11879.722656, 140.094788, 12435.959961>
SCRIPT       : 18:52:25.546 [EXPANSION DEBUG]: LoadMissionTradersFile trader ExpansionTraderManua<591870e0> fileName Spraycans
SCRIPT       : 18:52:25.554 [EXPANSION DEBUG]: ExpansionTraderIrena<5916be70>::SetTraderObject ExpansionTraderObjectBase<593bd110> <12160.279297, 140.580765, 12689.783203>
SCRIPT       : 18:52:25.554 [EXPANSION DEBUG]: LoadMissionTradersFile trader ExpansionTraderIrena<5916be70> fileName Aircraft
SCRIPT       : [ExpansionQuestPersistentServerData] Load existing configuration file:$profile:ExpansionMod\Quests\PersistentServerData.json
SCRIPT       : [ExpansionQuestPersistentServerData] Load existing configuration file:$profile:ExpansionMod\Quests\PersistentServerData.json
SCRIPT       : [ExpansionQuestObjectiveTravelConfig] Load existing configuration file:$profile:ExpansionMod\Quests\Objectives\Travel\Objective_T_1.json
SCRIPT       : [ExpansionQuestObjectiveTravelConfig] Load existing configuration file:$profile:ExpansionMod\Quests\Objectives\Travel\Objective_T_2.json
SCRIPT       : [ExpansionQuestObjectiveTravelConfig] Load existing configuration file:$profile:ExpansionMod\Quests\Objectives\Travel\Objective_T_3.json
SCRIPT       : [ExpansionQuestObjectiveTravelConfig] Load existing configuration file:$profile:ExpansionMod\Quests\Objectives\Travel\Objective_T_4.json
SCRIPT       : [ExpansionQuestObjectiveTargetConfig] Load existing configuration file:$profile:ExpansionMod\Quests\Objectives\Target\Objective_TA_1.json
SCRIPT       : [ExpansionQuestObjectiveTargetConfig] Load existing configuration file:$profile:ExpansionMod\Quests\Objectives\Target\Objective_TA_2.json
SCRIPT       : [ExpansionQuestObjectiveTargetConfig] Load existing configuration file:$profile:ExpansionMod\Quests\Objectives\Target\Objective_TA_3.json
SCRIPT       : [ExpansionQuestObjectiveTargetConfig] Load existing configuration file:$profile:ExpansionMod\Quests\Objectives\Target\Objective_TA_4.json
SCRIPT       : [ExpansionQuestObjectiveDeliveryConfig] Load existing configuration file:$profile:ExpansionMod\Quests\Objectives\Delivery\Objective_D_1.json
SCRIPT       : [ExpansionQuestObjectiveDeliveryConfig] Load existing configuration file:$profile:ExpansionMod\Quests\Objectives\Delivery\Objective_D_2.json
SCRIPT       : [ExpansionQuestObjectiveCollectionConfig] Load existing configuration file:$profile:ExpansionMod\Quests\Objectives\Collection\Objective_C_1.json
SCRIPT       : [ExpansionQuestObjectiveCollectionConfig] Load existing configuration file:$profile:ExpansionMod\Quests\Objectives\Collection\Objective_C_2.json
SCRIPT       : [ExpansionQuestObjectiveCollectionConfig] Load existing configuration file:$profile:ExpansionMod\Quests\Objectives\Collection\Objective_C_3.json
SCRIPT       : [ExpansionQuestObjectiveTreasureHuntConfig] Load existing configuration file:$profile:ExpansionMod\Quests\Objectives\TreasureHunt\Objective_TH_1.json
SCRIPT       : [ExpansionQuestObjectiveActionConfig] Load existing configuration file:$profile:ExpansionMod\Quests\Objectives\Action\Objective_A_1.json
SCRIPT       : [ExpansionQuestObjectiveActionConfig] Load existing configuration file:$profile:ExpansionMod\Quests\Objectives\Action\Objective_A_2.json
SCRIPT       : [ExpansionQuestObjectiveCraftingConfig] Load existing configuration file:$profile:ExpansionMod\Quests\Objectives\Crafting\Objective_CR_1.json
SCRIPT       : [ExpansionQuestObjectiveAIPatrolConfig] Load existing configuration file:$profile:ExpansionMod\Quests\Objectives\AIPatrol\Objective_AIP_1.json
SCRIPT       : [ExpansionQuestObjectiveAICampConfig] Load existing configuration file:$profile:ExpansionMod\Quests\Objectives\AICamp\Objective_AIC_1.json
SCRIPT       : [ExpansionQuestObjectiveAIEscortConfig] Load existing configuration file:$profile:ExpansionMod\Quests\Objectives\AIVIP\Objective_AIESCORT_1.json
SCRIPT       : [ExpansionQuestNPCData] Load existing configuration file:QuestNPC_1.json
SCRIPT       : [ExpansionQuestNPCData] Load existing configuration file:QuestNPC_2.json
SCRIPT       : [ExpansionQuestNPCData] Load existing configuration file:QuestNPC_3.json
SCRIPT       : 18:52:44.445 [EXPANSION DEBUG]: ExpansionP2PTraderAIIrena<83df5df0>::SetP2PTraderID - ID: 1
SCRIPT       : ExpansionZonePolygon<c4142340> position=<12015.854492, 0.000000, 12591.097656> radius=419.633
SCRIPT       : ExpansionZoneCircle<d80b87a0> position=<1143.140015, 0.000000, 2423.270020> radius=400
SCRIPT       : ExpansionZoneCircle<d80b7720> position=<3728.270020, 0.000000, 6003.600098> radius=500
SCRIPT       : Found 3 zones!
SCRIPT       : ExpansionMarketItem marketItem = ExpansionMarketItem<360d26d0>
SCRIPT       : int worth =   1
SCRIPT       : 18:52:44.578 [EXPANSION DEBUG]: ExpansionQuestNPCAIDenis<83e15e30>::OnEnterSafeZone
SCRIPT       : bool m_Expansion_LeavingSafeZone = 0
SCRIPT       : bool m_Expansion_IsInSafeZone = 0
SCRIPT       : bool m_Expansion_IsInSafeZoneSynchRemote = 0
SCRIPT       : 18:52:44.578 [EXPANSION DEBUG]: ExpansionP2PTraderAIIrena<83df5df0>::OnEnterSafeZone
SCRIPT       : bool m_Expansion_LeavingSafeZone = 0
SCRIPT       : bool m_Expansion_IsInSafeZone = 0
SCRIPT       : bool m_Expansion_IsInSafeZoneSynchRemote = 0
SCRIPT       : [emote] ExpansionP2PTraderAIIrena:043 play emote id=46 IH=null
SCRIPT       : 18:52:46.046 [EXPANSION DEBUG]: ExpansionItemSpawnHelper::Clone - created PP19:030894 at location { type=HANDS item=PP19:030862 parent=ExpansionQuestNPCAIDenis:044 }
SCRIPT       : 18:52:46.046 [EXPANSION DEBUG]: ExpansionItemSpawnHelper::Clone - created Mag_PP19_64Rnd:030895 at location { type=ATTACHMENT item=null parent=PP19:030894 slot=magazine }
SCRIPT       : [emote] ExpansionQuestNPCAIDenis:044 play emote id=46 IH=PP19:030894
SCRIPT       : 18:52:47.117 [EXPANSION DEBUG]: ExpansionItemSpawnHelper::Clone - created AK74:030863 at location { type=HANDS item=AK74:030878 parent=ExpansionQuestNPCAIElias:045 }
SCRIPT       : 18:52:47.117 [EXPANSION DEBUG]: ExpansionItemSpawnHelper::Clone - created AK_PlasticHndgrd:030862 at location { type=ATTACHMENT item=null parent=AK74:030863 slot=weaponHandguardAK }
SCRIPT       : 18:52:47.117 [EXPANSION DEBUG]: ExpansionItemSpawnHelper::Clone - created Mag_AK74_30Rnd:030896 at location { type=ATTACHMENT item=null parent=AK74:030863 slot=magazine }
SCRIPT       : [emote] ExpansionQuestNPCAIElias:045 play emote id=14 IH=AK74:030863
SCRIPT       : 18:54:59.804 [EXPANSION DEBUG]: ExpansionHardlineModule<59f04800> ::LoadPlayerData - Loaded player hardline data for player Blorpus9000[3I2KPiMwtNrbRzLe964-q3OrI2Ligr9LBcsFxmVIl3Q=]
SCRIPT       : ---- PlayerBase OnStoreLoad SUCCESS ----
SCRIPT       : 18:55:11.437 [EXPANSION DEBUG]: ExpansionQuestModule<5ce584d0> Sending 21 quest configs to client with UID: 3I2KPiMwtNrbRzLe964-q3OrI2Ligr9LBcsFxmVIl3Q=
SCRIPT       : 18:55:11.437 [EXPANSION DEBUG]: ExpansionQuestModule<5ce584d0> Sending player quest data for 4 quests to player with UID: 3I2KPiMwtNrbRzLe964-q3OrI2Ligr9LBcsFxmVIl3Q=
SCRIPT    (E): NULL pointer to instance
Class:      'JMTeleportModule'
Function: 'Server_Location'
Stack trace:
JM/COT/Scripts/5_Mission/communityonlinetools\modules\teleport\jmteleportmodule.c:477
JM/COT/Scripts/5_Mission/communityonlinetools\modules\teleport\jmteleportmodule.c:497
JM/COT/Scripts/5_Mission/communityonlinetools\modules\teleport\jmteleportmodule.c:218
JM/CF/Scripts/4_World/communityframework\module\deprecated\jmmodulebase.c:84
JM/CF/Scripts/3_Game/communityframework\module\cf_modulegameevent.c:18
JM/CF/Scripts/3_Game/communityframework\module\cf_modulegamemanager.c:33
JM/CF/Scripts/3_Game/communityframework\game\dayzgame.c:87
DayZExpansion/Core/Scripts/3_Game/dayzexpansion_core\dayzgame.c:270
SCRIPT       : JMCameraModule::RPC_Leave - timestamp 343.285
SCRIPT       : JMCameraModule::Server_Leave - target SurvivorBase<d8b749c0>
SCRIPT       : JMCameraModule::Server_Leave - spectated player NULL
SCRIPT       : [Logout]: New player 3I2KPiMwtNrbRzLe964-q3OrI2Ligr9LBcsFxmVIl3Q= with logout time 3
SCRIPT       : [emote] SurvivorM_Quinn:046 play emote id=14 IH=null
SCRIPT       : 18:58:51.234 [EXPANSION DEBUG]: ExpansionQuestPersistentData<fce2e70> ~ExpansionQuestPersistentData (4)
SCRIPT       : [Logout]: Player 3I2KPiMwtNrbRzLe964-q3OrI2Ligr9LBcsFxmVIl3Q= finished
