---------------------------------------------
Log C:\Program Files (x86)\Steam\steamapps\common\DayZServerAug2\config\script_2023-08-16_19-26-07.log started at 16.08. 19:26:07

SCRIPT       : Registered 397 temporary action enum(s), UAN==397
SCRIPT       : Registering faction type eAIFactionShamans ID -1484989417
SCRIPT       : Registering faction type eAIFactionObservers ID -563736721
SCRIPT       : Registering faction type eAIFactionInvincibleObservers ID -1227299746
SCRIPT       : Registering faction type eAIFactionEast ID 90522109
SCRIPT       : Registering faction type eAIFactionGuards ID 963933710
SCRIPT       : Registering faction type eAIFactionRaiders ID 1535276022
SCRIPT       : Registering faction type eAIFactionMercenaries ID 1629891834
SCRIPT       : Registering faction type eAIFactionWest ID 113880155
SCRIPT       : Registering faction type eAIFactionCivilian ID 1096178351
SCRIPT       : Registering faction type eAIFactionPassive ID -1159399789
SCRIPT       : Registering faction type eAIFactionInvincibleGuards ID 782746017
SCRIPT       : ... Backlit Effects Enabled
SCRIPT       : 19:26:08 [EXPANSION LOG]: DayZGame<851d2ba0> Start time (local time) 2023-08-16 19:26:04
SCRIPT       : 19:26:08 [EXPANSION LOG]: DayZGame<851d2ba0> Start time (UTC) 2023-08-17 00:26:04
SCRIPT       : 19:26:08 [EXPANSION LOG]: DayZGame<851d2ba0> Runtime since start (seconds) 4.431
SCRIPT    (W): @"JM/COT/Scripts/4_World/communityonlinetools\classes\webhook\jmwebhookdiscordmessage.c,19": Possible variable name conflict 'username'
SCRIPT    (W): @"JM/COT/Scripts/4_World/communityonlinetools\classes\webhook\jmwebhookdiscordmessage.c,19": Possible variable name conflict 'avatar_url'
SCRIPT    (W): @"JM/COT/Scripts/4_World/communityonlinetools\classes\webhook\jmwebhookdiscordmessage.c,19": Possible variable name conflict 'content'
SCRIPT    (W): @"JM/COT/Scripts/4_World/communityonlinetools\classes\webhook\jmwebhookdiscordmessage.c,151": Possible variable name conflict 'url'
SCRIPT    (W): @"JM/COT/Scripts/4_World/communityonlinetools\classes\webhook\jmwebhookdiscordmessage.c,172": Possible variable name conflict 'url'
SCRIPT    (W): @"JM/COT/Scripts/4_World/communityonlinetools\classes\webhook\jmwebhookdiscordmessage.c,180": Possible variable name conflict 'url'
SCRIPT       : 19:26:22.507 [EXPANSION DEBUG]: [ExpansionDebugSettings] Load existing setting file:$profile:ExpansionMod\Settings\DebugSettings.json
SCRIPT       : 19:26:22.507 [EXPANSION DEBUG]: [ExpansionLogSettings] Load existing setting file:$profile:ExpansionMod\Settings\LogsSettings.json
SCRIPT       : 19:26:22.507 [EXPANSION DEBUG]: [ExpansionNotificationSettings] Load existing setting file:$profile:ExpansionMod\Settings\NotificationSettings.json
SCRIPT       : 19:26:22.507 [EXPANSION DEBUG]: [ExpansionMonitoringSettings] Load existing setting file:$profile:ExpansionMod\Settings\MonitoringSettings.json
SCRIPT       : 19:26:22.507 [EXPANSION DEBUG]: [ExpansionDamageSystemSettings] Load existing setting file:$profile:ExpansionMod\Settings\DamageSystemSettings.json
SCRIPT       : 19:26:22.507 [EXPANSION DEBUG]: [ExpansionPartySettings] Load existing setting file:$profile:ExpansionMod\Settings\PartySettings.json
SCRIPT       : 19:26:22.507 [EXPANSION DEBUG]: [ExpansionHardlineSettings] Load existing setting file:$mission:expansion\settings\HardlineSettings.json
SCRIPT       : 19:26:22.507 [EXPANSION DEBUG]: [ExpansionMarketSettings] Load existing setting file:$mission:expansion\settings\MarketSettings.json
SCRIPT       : ExpansionMarketSettings::LoadCategories - Adding category ID 1 (Ammo)
SCRIPT       : ExpansionMarketSettings::LoadCategories - Adding category ID 2 (Ammo_Boxes)
SCRIPT       : ExpansionMarketSettings::LoadCategories - Adding category ID 3 (Armbands)
SCRIPT       : ExpansionMarketSettings::LoadCategories - Adding category ID 4 (Assault_Rifles)
SCRIPT       : ExpansionMarketSettings::LoadCategories - Adding category ID 5 (Backpacks)
SCRIPT       : ExpansionMarketSettings::LoadCategories - Adding category ID 6 (Bandanas)
SCRIPT       : ExpansionMarketSettings::LoadCategories - Adding category ID 7 (Batteries)
SCRIPT       : ExpansionMarketSettings::LoadCategories - Adding category ID 8 (Bayonets)
SCRIPT       : ExpansionMarketSettings::LoadCategories - Adding category ID 9 (Belts)
SCRIPT       : ExpansionMarketSettings::LoadCategories - Adding category ID 10 (Blouses_And_Suits)
SCRIPT       : ExpansionMarketSettings::LoadCategories - Adding category ID 11 (Boats)
SCRIPT       : ExpansionMarketSettings::LoadCategories - Adding category ID 12 (Boots_And_Shoes)
SCRIPT       : ExpansionMarketSettings::LoadCategories - Adding category ID 13 (Buttstocks)
SCRIPT       : ExpansionMarketSettings::LoadCategories - Adding category ID 14 (Caps)
SCRIPT       : ExpansionMarketSettings::LoadCategories - Adding category ID 15 (Cars)
SCRIPT       : ExpansionMarketSettings::LoadCategories - Adding category ID 16 (Coats_And_Jackets)
SCRIPT       : ExpansionMarketSettings::LoadCategories - Adding category ID 17 (Containers)
SCRIPT       : ExpansionMarketSettings::LoadCategories - Adding category ID 18 (Crossbows)
SCRIPT       : ExpansionMarketSettings::LoadCategories - Adding category ID 19 (Drinks)
SCRIPT       : ExpansionMarketSettings::LoadCategories - Adding category ID 20 (Electronics)
SCRIPT       : ExpansionMarketSettings::LoadCategories - Adding category ID 21 (Event)
SCRIPT       : ExpansionMarketSettings::LoadCategories - Adding category ID 22 (Exchange)
SCRIPT       : ExpansionMarketSettings::LoadCategories - Adding category ID 23 (Explosives_And_Grenades)
SCRIPT       : ExpansionMarketSettings::LoadCategories - Adding category ID 24 (Eyewear)
SCRIPT       : ExpansionMarketSettings::LoadCategories - Adding category ID 25 (Fish)
SCRIPT       : ExpansionMarketSettings::LoadCategories - Adding category ID 26 (Fishing)
SCRIPT       : ExpansionMarketSettings::LoadCategories - Adding category ID 27 (Flags)
SCRIPT       : ExpansionMarketSettings::LoadCategories - Adding category ID 28 (Food)
SCRIPT       : ExpansionMarketSettings::LoadCategories - Adding category ID 29 (Fruit_And_Vegetables)
SCRIPT       : ExpansionMarketSettings::LoadCategories - Adding category ID 30 (Furnishings)
SCRIPT       : ExpansionMarketSettings::LoadCategories - Adding category ID 31 (Gardening)
SCRIPT       : ExpansionMarketSettings::LoadCategories - Adding category ID 32 (Ghillies)
SCRIPT       : ExpansionMarketSettings::LoadCategories - Adding category ID 33 (Gloves)
SCRIPT       : ExpansionMarketSettings::LoadCategories - Adding category ID 34 (Handguards)
SCRIPT       : ExpansionMarketSettings::LoadCategories - Adding category ID 35 (Hats_And_Hoods)
SCRIPT       : ExpansionMarketSettings::LoadCategories - Adding category ID 36 (Helicopters)
SCRIPT       : ExpansionMarketSettings::LoadCategories - Adding category ID 37 (Helmets)
SCRIPT       : ExpansionMarketSettings::LoadCategories - Adding category ID 38 (Holsters_And_Pouches)
SCRIPT       : ExpansionMarketSettings::LoadCategories - Adding category ID 39 (Kits)
SCRIPT       : ExpansionMarketSettings::LoadCategories - Adding category ID 40 (Knifes)
SCRIPT       : ExpansionMarketSettings::LoadCategories - Adding category ID 41 (Launchers)
SCRIPT       : ExpansionMarketSettings::LoadCategories - Adding category ID 42 (Lights)
SCRIPT       : ExpansionMarketSettings::LoadCategories - Adding category ID 43 (Liquids)
SCRIPT       : ExpansionMarketSettings::LoadCategories - Adding category ID 44 (Locks)
SCRIPT       : ExpansionMarketSettings::LoadCategories - Adding category ID 45 (Magazines)
SCRIPT       : ExpansionMarketSettings::LoadCategories - Adding category ID 46 (Masks)
SCRIPT       : ExpansionMarketSettings::LoadCategories - Adding category ID 47 (Meat)
SCRIPT       : ExpansionMarketSettings::LoadCategories - Adding category ID 48 (Medical)
SCRIPT       : ExpansionMarketSettings::LoadCategories - Adding category ID 49 (Melee_Weapons)
SCRIPT       : ExpansionMarketSettings::LoadCategories - Adding category ID 50 (MMG_Armored_Helmet_Visor)
SCRIPT       : ExpansionMarketSettings::LoadCategories - Adding category ID 51 (MMG_BackPacks)
SCRIPT       : ExpansionMarketSettings::LoadCategories - Adding category ID 52 (MMG_Belts)
SCRIPT       : ExpansionMarketSettings::LoadCategories - Adding category ID 53 (MMG_Boots)
SCRIPT       : ExpansionMarketSettings::LoadCategories - Adding category ID 54 (MMG_Bottle)
SCRIPT       : ExpansionMarketSettings::LoadCategories - Adding category ID 55 (MMG_Carbine)
SCRIPT       : ExpansionMarketSettings::LoadCategories - Adding category ID 56 (MMG_Chest_Rigs)
SCRIPT       : ExpansionMarketSettings::LoadCategories - Adding category ID 57 (MMG_Facemask)
SCRIPT       : ExpansionMarketSettings::LoadCategories - Adding category ID 58 (MMG_Gloves)
SCRIPT       : ExpansionMarketSettings::LoadCategories - Adding category ID 59 (MMG_Goggles)
SCRIPT       : ExpansionMarketSettings::LoadCategories - Adding category ID 60 (MMG_Headphones)
SCRIPT       : ExpansionMarketSettings::LoadCategories - Adding category ID 61 (MMG_Holsters)
SCRIPT       : ExpansionMarketSettings::LoadCategories - Adding category ID 62 (MMG_NBC)
SCRIPT       : ExpansionMarketSettings::LoadCategories - Adding category ID 63 (MMG_Pants)
SCRIPT       : ExpansionMarketSettings::LoadCategories - Adding category ID 64 (MMG_Patches)
SCRIPT       : ExpansionMarketSettings::LoadCategories - Adding category ID 65 (MMG_Plate_Carriers)
SCRIPT       : ExpansionMarketSettings::LoadCategories - Adding category ID 66 (MMG_Pouches)
SCRIPT       : ExpansionMarketSettings::LoadCategories - Adding category ID 67 (MMG_Shirts)
SCRIPT       : ExpansionMarketSettings::LoadCategories - Adding category ID 68 (MMG_Sniper_Boonie)
SCRIPT       : ExpansionMarketSettings::LoadCategories - Adding category ID 69 (Muzzles)
SCRIPT       : ExpansionMarketSettings::LoadCategories - Adding category ID 70 (Navigation)
SCRIPT       : ExpansionMarketSettings::LoadCategories - Adding category ID 71 (Optics)
SCRIPT       : ExpansionMarketSettings::LoadCategories - Adding category ID 72 (Pants_And_Shorts)
SCRIPT       : ExpansionMarketSettings::LoadCategories - Adding category ID 73 (Pistols)
SCRIPT       : ExpansionMarketSettings::LoadCategories - Adding category ID 74 (Rifles)
SCRIPT       : ExpansionMarketSettings::LoadCategories - Adding category ID 75 (Shirts_And_TShirts)
SCRIPT       : ExpansionMarketSettings::LoadCategories - Adding category ID 76 (Shotguns)
SCRIPT       : ExpansionMarketSettings::LoadCategories - Adding category ID 77 (Skirts_And_Dresses)
SCRIPT       : ExpansionMarketSettings::LoadCategories - Adding category ID 78 (Sniper_Rifles)
SCRIPT       : ExpansionMarketSettings::LoadCategories - Adding category ID 79 (Spraycans)
SCRIPT       : ExpansionMarketSettings::LoadCategories - Adding category ID 80 (Submachine_Guns)
SCRIPT       : ExpansionMarketSettings::LoadCategories - Adding category ID 81 (Supplies)
SCRIPT       : ExpansionMarketSettings::LoadCategories - Adding category ID 82 (Sweaters_And_Hoodies)
SCRIPT       : ExpansionMarketSettings::LoadCategories - Adding category ID 83 (Tents)
SCRIPT       : ExpansionMarketSettings::LoadCategories - Adding category ID 84 (Tools)
SCRIPT       : ExpansionMarketSettings::LoadCategories - Adding category ID 85 (Vehicle_Parts)
SCRIPT       : ExpansionMarketSettings::LoadCategories - Adding category ID 86 (Vests)
SCRIPT       : 19:26:22.648 [EXPANSION DEBUG]: [ExpansionAirdropSettings] Load existing setting file:$profile:ExpansionMod\Settings\AirdropSettings.json
SCRIPT       : 19:26:22.765 [EXPANSION DEBUG]: [ExpansionMissionSettings] Load existing setting file:$profile:ExpansionMod\Settings\MissionSettings.json
SCRIPT       : 19:26:22.765 [EXPANSION DEBUG]: [ExpansionMapSettings] Load existing setting file:$mission:expansion\settings\MapSettings.json
SCRIPT       : 19:26:22.781 [EXPANSION DEBUG]: [ExpansionPersonalStorageNewSettings] Load existing setting file:$profile:ExpansionMod\Settings\PersonalStorageNewSettings.json
SCRIPT       : 19:26:22.781 [EXPANSION DEBUG]: [ExpansionGeneralSettings] Load existing setting file:$profile:ExpansionMod\Settings\GeneralSettings.json
SCRIPT       : 19:26:22.781 [EXPANSION DEBUG]: [ExpansionPlayerListSettings] Load existing setting file:$profile:ExpansionMod\Settings\PlayerListSettings.json
SCRIPT       : 19:26:22.781 [EXPANSION DEBUG]: [ExpansionSocialMediaSettings] Load existing setting file:$profile:ExpansionMod\Settings\SocialMediaSettings.json
SCRIPT       : 19:26:22.781 [EXPANSION DEBUG]: [ExpansionSpawnSettings] Load existing setting file:$mission:expansion\settings\SpawnSettings.json
SCRIPT       : 19:26:22.781 [EXPANSION DEBUG]: [ExpansionVehicleSettings] Load existing setting file:$profile:ExpansionMod\Settings\VehicleSettings.json
SCRIPT       : 19:26:22.781 [EXPANSION DEBUG]: [ExpansionAISettings] Load existing setting file:$profile:ExpansionMod\Settings\AISettings.json
SCRIPT       : 19:26:22.781 [EXPANSION DEBUG]: [ExpansionAIPatrolSettings] Load existing setting file:$mission:expansion\settings\AIPatrolSettings.json
SCRIPT       : 19:26:22.789 [EXPANSION DEBUG]: [ExpansionBaseBuildingSettings] Load existing setting file:$mission:expansion\settings\BaseBuildingSettings.json
SCRIPT       : 19:26:22.789 [EXPANSION DEBUG]: [ExpansionRaidSettings] Load existing setting file:$profile:ExpansionMod\Settings\RaidSettings.json
SCRIPT       : 19:26:22.789 [EXPANSION DEBUG]: [ExpansionTerritorySettings] Load existing setting file:$profile:ExpansionMod\Settings\TerritorySettings.json
SCRIPT       : 19:26:22.789 [EXPANSION DEBUG]: [ExpansionChatSettings] Load existing setting file:$profile:ExpansionMod\Settings\ChatSettings.json
SCRIPT       : Expansion version: 1.8.21
SCRIPT       : [DefineTest] EXPANSIONMOD is defined
SCRIPT       : [DefineTest] EXPANSIONMODAI is defined
SCRIPT       : [DefineTest] EXPANSIONMODANIMATIONS is defined
SCRIPT       : [DefineTest] EXPANSIONMODBASEBUILDING is defined
SCRIPT       : [DefineTest] EXPANSIONMODBOOK is defined
SCRIPT       : [DefineTest] EXPANSIONMODCHAT is defined
SCRIPT       : [DefineTest] EXPANSIONMODCORE is defined
SCRIPT       : [DefineTest] EXPANSIONMODGARAGE is defined
SCRIPT       : [DefineTest] EXPANSIONMODGROUPS is defined
SCRIPT       : [DefineTest] EXPANSIONMODHARDLINE is defined
SCRIPT       : [DefineTest] EXPANSIONMODKILLFEED is defined
SCRIPT       : [DefineTest] EXPANSIONMODMAPASSETS is defined
SCRIPT       : [DefineTest] EXPANSIONMODMARKET is defined
SCRIPT       : [DefineTest] EXPANSIONMODMISSIONS is defined
SCRIPT       : [DefineTest] EXPANSIONMODNAMETAGS is defined
SCRIPT       : [DefineTest] EXPANSIONMODNAVIGATION is defined
SCRIPT       : [DefineTest] EXPANSIONMODP2PMARKET is defined
SCRIPT       : [DefineTest] EXPANSIONMODPERSONALSTORAGE is defined
SCRIPT       : [DefineTest] EXPANSIONMODQUESTS is defined
SCRIPT       : [DefineTest] EXPANSIONMODSPAWNSELECTION is defined
SCRIPT       : [DefineTest] EXPANSIONMODVEHICLE is defined
SCRIPT       : [DefineTest] EXPANSIONMODWEAPONS is defined
SCRIPT       : [DefineTest] CfgMods:
SCRIPT       : defaultAction
SCRIPT       : DayZ
SCRIPT       : DZ_Expansion_AI_Preload
SCRIPT       : DZ_Expansion_Animations_Preload
SCRIPT       : DZ_Expansion_BaseBuilding_Preload
SCRIPT       : DZ_Expansion_Book_Preload
SCRIPT       : DZ_Expansion_Chat_Preload
SCRIPT       : DZ_Expansion_Core_Preload
SCRIPT       : DZ_Expansion_Garage_Preload
SCRIPT       : DZ_Expansion_Groups_Preload
SCRIPT       : DZ_Expansion_Hardline_Preload
SCRIPT       : DZ_Expansion_KillFeed_Preload
SCRIPT       : DZ_Expansion_MapAssets_Preload
SCRIPT       : DZ_Expansion_Market_Preload
SCRIPT       : DZ_Expansion_Missions_Preload
SCRIPT       : DZ_Expansion_ModStorage_Preload
SCRIPT       : DZ_Expansion_NameTags_Preload
SCRIPT       : DZ_Expansion_Navigation_Preload
SCRIPT       : DZ_Expansion_P2PMarket_Preload
SCRIPT       : DZ_Expansion_PersonalStorage_Preload
SCRIPT       : DZ_Expansion_Preload
SCRIPT       : DZ_Expansion_Quests_Preload
SCRIPT       : DZ_Expansion_SpawnSelection_Preload
SCRIPT       : DZ_Expansion_Vehicles_Preload
SCRIPT       : DZ_Expansion_Weapons_Preload
SCRIPT       : DZ_DabsFramework
SCRIPT       : DZ_Expansion_DefineTest
SCRIPT       : DZ_Expansion_MapAssets
SCRIPT       : bliss
SCRIPT       : JM_CommunityFramework
SCRIPT       : JM_CommunityOnlineTools
SCRIPT       : PvZmoD_CustomisableZombies
SCRIPT       : BoostZombiesVisionAddon
SCRIPT       : DZ_Editor_Loader
SCRIPT       : DZ_Expansion_ModStorage
SCRIPT       : DZ_Expansion_Core
SCRIPT       : DZ_Expansion_Garage
SCRIPT       : DZ_Expansion_Groups
SCRIPT       : DZ_Expansion_Market
SCRIPT       : DZ_Expansion_Missions
SCRIPT       : DZ_Expansion_NameTags
SCRIPT       : DZ_Expansion_Navigation
SCRIPT       : DZ_Expansion_NotificationScheduler
SCRIPT       : DZ_Expansion_P2PMarket
SCRIPT       : DZ_Expansion_PersonalStorage
SCRIPT       : DZ_Expansion_PersonalStorageNew
SCRIPT       : DZ_Expansion_PlayerList
SCRIPT       : DZ_Expansion
SCRIPT       : DZ_Expansion_SpawnSelection
SCRIPT       : DZ_Expansion_VanillaFixes
SCRIPT       : DZ_Expansion_Vehicles
SCRIPT       : DZ_Expansion_Weapons
SCRIPT       : jpc_vest
SCRIPT       : DZ_Expansion_AI
SCRIPT       : DZ_Expansion_BaseBuilding
SCRIPT       : DZ_Expansion_Book
SCRIPT       : DZ_Expansion_Chat
SCRIPT       : DZ_Expansion_Hardline
SCRIPT       : DZ_Expansion_Quests
SCRIPT       : DZ_Expansion_VirtualContainerStorage
SCRIPT       : DayZ_Expansion_AI_Dynamic
SCRIPT       : 19:26:23.296 [EXPANSION DEBUG]: ModStorage v5
SCRIPT       : 19:26:26.078 [EXPANSION DEBUG]: ExpansionTraderJudy<25bc0010>::SetTraderObject ExpansionTraderObjectBase<cacdd4a0> <4973.928711, 9.510984, 2436.782959>
SCRIPT       : 19:26:26.078 [EXPANSION DEBUG]: LoadMissionTradersFile trader ExpansionTraderJudy<25bc0010> fileName Aircraft
SCRIPT       : 19:26:26.093 [EXPANSION DEBUG]: ExpansionTraderJose<b0e68030>::SetTraderObject ExpansionTraderObjectBase<cae569a0> <14353.624023, 3.326771, 13229.217773>
SCRIPT       : 19:26:26.093 [EXPANSION DEBUG]: LoadMissionTradersFile trader ExpansionTraderJose<b0e68030> fileName Boats
SCRIPT       : 19:26:26.101 [EXPANSION DEBUG]: ExpansionTraderEva<fb98e020>::SetTraderObject ExpansionTraderObjectBase<cae73550> <14378.793945, 3.325975, 13271.585938>
SCRIPT       : 19:26:26.101 [EXPANSION DEBUG]: LoadMissionTradersFile trader ExpansionTraderEva<fb98e020> fileName Fishing
SCRIPT       : 19:26:26.109 [EXPANSION DEBUG]: ExpansionTraderLewis<1805e010>::SetTraderObject ExpansionTraderObjectBase<caf23a00> <1756.656372, 1.415564, 2027.359741>
SCRIPT       : 19:26:26.109 [EXPANSION DEBUG]: LoadMissionTradersFile trader ExpansionTraderLewis<1805e010> fileName Boats
SCRIPT       : 19:26:26.109 [EXPANSION DEBUG]: LoadMissionTradersFile trader ExpansionTraderStaticBase<a2cdde30> fileName Exchange
SCRIPT       : 19:26:26.125 [EXPANSION DEBUG]: ExpansionTraderDenis<caf397f0>::SetTraderObject ExpansionTraderObjectBase<d4176ee0> <3697.249512, 402.010010, 5977.625488>
SCRIPT       : 19:26:26.125 [EXPANSION DEBUG]: LoadMissionTradersFile trader ExpansionTraderDenis<caf397f0> fileName Clothing
SCRIPT       : 19:26:26.140 [EXPANSION DEBUG]: ExpansionTraderMaria<b0e79610>::SetTraderObject ExpansionTraderObjectBase<d4223390> <3696.455811, 402.010010, 5980.193359>
SCRIPT       : 19:26:26.140 [EXPANSION DEBUG]: LoadMissionTradersFile trader ExpansionTraderMaria<b0e79610> fileName Clothing_Accessories
SCRIPT       : 19:26:26.156 [EXPANSION DEBUG]: ExpansionTraderQuinn<937284a0>::SetTraderObject ExpansionTraderObjectBase<d43a7eb0> <3710.121826, 402.010010, 5976.164063>
SCRIPT       : 19:26:26.156 [EXPANSION DEBUG]: LoadMissionTradersFile trader ExpansionTraderQuinn<937284a0> fileName Consumables
SCRIPT       : 19:26:26.171 [EXPANSION DEBUG]: ExpansionTraderNaomi<d44d5010>::SetTraderObject ExpansionTraderObjectBase<d455e350> <3708.786865, 402.010010, 5974.589844>
SCRIPT       : 19:26:26.171 [EXPANSION DEBUG]: LoadMissionTradersFile trader ExpansionTraderNaomi<d44d5010> fileName Weapons
SCRIPT       : 19:26:26.187 [EXPANSION DEBUG]: ExpansionTraderSeth<88727780>::SetTraderObject ExpansionTraderObjectBase<d471ddc0> <3710.265137, 402.010010, 5973.340820>
SCRIPT       : 19:26:26.187 [EXPANSION DEBUG]: LoadMissionTradersFile trader ExpansionTraderSeth<88727780> fileName Attachments
SCRIPT       : 19:26:26.195 [EXPANSION DEBUG]: ExpansionTraderRolf<887331b0>::SetTraderObject ExpansionTraderObjectBase<d4836c70> <3698.172607, 402.010010, 5995.337402>
SCRIPT       : 19:26:26.195 [EXPANSION DEBUG]: LoadMissionTradersFile trader ExpansionTraderRolf<887331b0> fileName Vehicles
SCRIPT       : 19:26:26.218 [EXPANSION DEBUG]: ExpansionTraderIndar<88723970>::SetTraderObject ExpansionTraderObjectBase<d497f800> <3714.531006, 402.138000, 5961.776367>
SCRIPT       : 19:26:26.218 [EXPANSION DEBUG]: LoadMissionTradersFile trader ExpansionTraderIndar<88723970> fileName Components
SCRIPT       : 19:26:26.226 [EXPANSION DEBUG]: ExpansionTraderJudy<8871bd50>::SetTraderObject ExpansionTraderObjectBase<d4986600> <3729.029541, 402.651001, 5969.476563>
SCRIPT       : 19:26:26.226 [EXPANSION DEBUG]: LoadMissionTradersFile trader ExpansionTraderJudy<8871bd50> fileName Medicals
SCRIPT       : 19:26:26.226 [EXPANSION DEBUG]: ExpansionTraderNaomi<8872f3a0>::SetTraderObject ExpansionTraderObjectBase<d498fcf0> <3690.062988, 402.100067, 6006.763672>
SCRIPT       : 19:26:26.226 [EXPANSION DEBUG]: LoadMissionTradersFile trader ExpansionTraderNaomi<8872f3a0> fileName Vehicle_Parts
SCRIPT       : 19:26:26.234 [EXPANSION DEBUG]: ExpansionTraderJose<88736fc0>::SetTraderObject ExpansionTraderObjectBase<d49947f0> <3699.629883, 402.010010, 5993.970215>
SCRIPT       : 19:26:26.234 [EXPANSION DEBUG]: LoadMissionTradersFile trader ExpansionTraderJose<88736fc0> fileName Spraycans
SCRIPT       : 19:26:26.242 [EXPANSION DEBUG]: ExpansionTraderLinda<8873add0>::SetTraderObject ExpansionTraderObjectBase<d4afe530> <3674.669922, 406.760010, 5990.390137>
SCRIPT       : 19:26:26.242 [EXPANSION DEBUG]: LoadMissionTradersFile trader ExpansionTraderLinda<8873add0> fileName Special
SCRIPT       : 19:26:26.250 [EXPANSION DEBUG]: ExpansionTraderNiki<8871fb60>::SetTraderObject ExpansionTraderObjectBase<d4c967b0> <3699.030029, 402.013000, 5973.439941>
SCRIPT       : 19:26:26.250 [EXPANSION DEBUG]: LoadMissionTradersFile trader ExpansionTraderNiki<8871fb60> fileName BuildingSupplies
SCRIPT       : 19:26:26.257 [EXPANSION DEBUG]: ExpansionTraderNiki<8874e420>::SetTraderObject ExpansionTraderObjectBase<d4c9d1a0> <3697.030029, 402.013000, 5973.439941>
SCRIPT       : 19:26:26.257 [EXPANSION DEBUG]: LoadMissionTradersFile trader ExpansionTraderNiki<8874e420> fileName MMG
SCRIPT       : 19:26:26.265 [EXPANSION DEBUG]: ExpansionTraderFrancis<8873ebe0>::SetTraderObject ExpansionTraderObjectBase<d4dbe9f0> <1153.964844, 6.463035, 2409.763184>
SCRIPT       : 19:26:26.265 [EXPANSION DEBUG]: LoadMissionTradersFile trader ExpansionTraderFrancis<8873ebe0> fileName Attachments
SCRIPT       : 19:26:26.265 [EXPANSION DEBUG]: ExpansionTraderKaito<887429f0>::SetTraderObject ExpansionTraderObjectBase<d4ebca90> <1117.021240, 5.495151, 2413.766357>
SCRIPT       : 19:26:26.265 [EXPANSION DEBUG]: LoadMissionTradersFile trader ExpansionTraderKaito<887429f0> fileName Components
SCRIPT       : 19:26:26.273 [EXPANSION DEBUG]: ExpansionTraderCyril<88746800>::SetTraderObject ExpansionTraderObjectBase<d4f76f50> <1136.987427, 5.908522, 2439.662598>
SCRIPT       : 19:26:26.273 [EXPANSION DEBUG]: LoadMissionTradersFile trader ExpansionTraderCyril<88746800> fileName Clothing
SCRIPT       : 19:26:26.289 [EXPANSION DEBUG]: ExpansionTraderGuo<8874a610>::SetTraderObject ExpansionTraderObjectBase<d981f330> <1133.974854, 5.909700, 2442.412598>
SCRIPT       : 19:26:26.289 [EXPANSION DEBUG]: LoadMissionTradersFile trader ExpansionTraderGuo<8874a610> fileName Clothing_Accessories
SCRIPT       : 19:26:26.289 [EXPANSION DEBUG]: ExpansionTraderBoris<d9929cb0>::SetTraderObject ExpansionTraderObjectBase<d98e1e70> <1123.468262, 15.349299, 2426.316162>
SCRIPT       : 19:26:26.289 [EXPANSION DEBUG]: LoadMissionTradersFile trader ExpansionTraderBoris<d9929cb0> fileName Exchange
SCRIPT       : 19:26:26.296 [EXPANSION DEBUG]: ExpansionTraderLinda<d9912850>::SetTraderObject ExpansionTraderObjectBase<d98e6d80> <1135.892822, 5.908773, 2436.856689>
SCRIPT       : 19:26:26.296 [EXPANSION DEBUG]: LoadMissionTradersFile trader ExpansionTraderLinda<d9912850> fileName Consumables
SCRIPT       : 19:26:26.304 [EXPANSION DEBUG]: ExpansionTraderKeiko<d992dac0>::SetTraderObject ExpansionTraderObjectBase<d9aa39d0> <1130.731689, 5.951744, 2438.009277>
SCRIPT       : 19:26:26.304 [EXPANSION DEBUG]: LoadMissionTradersFile trader ExpansionTraderKeiko<d992dac0> fileName Medicals
SCRIPT       : 19:26:26.304 [EXPANSION DEBUG]: ExpansionTraderHelga<d991a470>::SetTraderObject ExpansionTraderObjectBase<d9b6bd90> <1141.654419, 5.906255, 2421.591309>
SCRIPT       : 19:26:26.304 [EXPANSION DEBUG]: LoadMissionTradersFile trader ExpansionTraderHelga<d991a470> fileName Special
SCRIPT       : 19:26:26.312 [EXPANSION DEBUG]: ExpansionTraderFrida<d9925ea0>::SetTraderObject ExpansionTraderObjectBase<d9c6f130> <1120.135132, 5.600746, 2417.465820>
SCRIPT       : 19:26:26.312 [EXPANSION DEBUG]: LoadMissionTradersFile trader ExpansionTraderFrida<d9925ea0> fileName Vehicles
SCRIPT       : 19:26:26.320 [EXPANSION DEBUG]: ExpansionTraderHassan<d991e280>::SetTraderObject ExpansionTraderObjectBase<d9d28730> <1123.977905, 5.639271, 2417.411865>
SCRIPT       : 19:26:26.320 [EXPANSION DEBUG]: LoadMissionTradersFile trader ExpansionTraderHassan<d991e280> fileName Vehicle_Parts
SCRIPT       : 19:26:26.328 [EXPANSION DEBUG]: ExpansionTraderDenis<d9922090>::SetTraderObject ExpansionTraderObjectBase<d9d2c880> <1156.719727, 6.513331, 2406.355225>
SCRIPT       : 19:26:26.328 [EXPANSION DEBUG]: LoadMissionTradersFile trader ExpansionTraderDenis<d9922090> fileName Weapons
SCRIPT       : 19:26:26.335 [EXPANSION DEBUG]: ExpansionTraderGabi<d9916660>::SetTraderObject ExpansionTraderObjectBase<d9edd8b0> <1135.689941, 5.900000, 2423.300049>
SCRIPT       : 19:26:26.335 [EXPANSION DEBUG]: LoadMissionTradersFile trader ExpansionTraderGabi<d9916660> fileName BuildingSupplies
SCRIPT       : 19:26:26.335 [EXPANSION DEBUG]: ExpansionTraderFrancis<d9941110>::SetTraderObject ExpansionTraderObjectBase<d9ee29a0> <11835.901367, 140.617874, 12474.744141>
SCRIPT       : 19:26:26.335 [EXPANSION DEBUG]: LoadMissionTradersFile trader ExpansionTraderFrancis<d9941110> fileName Attachments
SCRIPT       : 19:26:26.335 [EXPANSION DEBUG]: ExpansionTraderLinda<d9948d30>::SetTraderObject ExpansionTraderObjectBase<d9ee8080> <11856.716797, 140.565109, 12461.438477>
SCRIPT       : 19:26:26.335 [EXPANSION DEBUG]: LoadMissionTradersFile trader ExpansionTraderLinda<d9948d30> fileName Consumables
SCRIPT       : 19:26:26.343 [EXPANSION DEBUG]: ExpansionTraderCyril<d994cb40>::SetTraderObject ExpansionTraderObjectBase<d9eecc70> <11855.000000, 140.605103, 12466.099609>
SCRIPT       : 19:26:26.343 [EXPANSION DEBUG]: LoadMissionTradersFile trader ExpansionTraderCyril<d994cb40> fileName Clothing
SCRIPT       : 19:26:26.343 [EXPANSION DEBUG]: ExpansionTraderGuo<d99394f0>::SetTraderObject ExpansionTraderObjectBase<d9ef1900> <11855.200195, 140.605103, 12470.487305>
SCRIPT       : 19:26:26.343 [EXPANSION DEBUG]: LoadMissionTradersFile trader ExpansionTraderGuo<d99394f0> fileName Clothing_Accessories
SCRIPT       : 19:26:26.343 [EXPANSION DEBUG]: ExpansionTraderKaito<d99318d0>::SetTraderObject ExpansionTraderObjectBase<d9ef5d20> <11849.400391, 140.605087, 12466.200195>
SCRIPT       : 19:26:26.343 [EXPANSION DEBUG]: LoadMissionTradersFile trader ExpansionTraderKaito<d99318d0> fileName Components
SCRIPT       : 19:26:26.351 [EXPANSION DEBUG]: ExpansionTraderBoris<d99356e0>::SetTraderObject ExpansionTraderObjectBase<d9fb0d40> <11858.202148, 140.615112, 12463.234375>
SCRIPT       : 19:26:26.351 [EXPANSION DEBUG]: LoadMissionTradersFile trader ExpansionTraderBoris<d99356e0> fileName Exchange
SCRIPT       : 19:26:26.351 [EXPANSION DEBUG]: ExpansionTraderKeiko<d993d300>::SetTraderObject ExpansionTraderObjectBase<d9fb5a20> <11853.218750, 140.605087, 12463.277344>
SCRIPT       : 19:26:26.351 [EXPANSION DEBUG]: LoadMissionTradersFile trader ExpansionTraderKeiko<d993d300> fileName Medicals
SCRIPT       : 19:26:26.351 [EXPANSION DEBUG]: ExpansionTraderGabi<d9944f20>::SetTraderObject ExpansionTraderObjectBase<d9fb9fd0> <11833.200195, 140.605118, 12461.700195>
SCRIPT       : 19:26:26.351 [EXPANSION DEBUG]: LoadMissionTradersFile trader ExpansionTraderGabi<d9944f20> fileName Special
SCRIPT       : 19:26:26.359 [EXPANSION DEBUG]: ExpansionTraderElias<da0d46c0>::SetTraderObject ExpansionTraderObjectBase<da065170> <11877.799805, 140.134796, 12441.599609>
SCRIPT       : 19:26:26.359 [EXPANSION DEBUG]: LoadMissionTradersFile trader ExpansionTraderElias<da0d46c0> fileName Vehicles
SCRIPT       : 19:26:26.359 [EXPANSION DEBUG]: ExpansionTraderHassan<da0d84d0>::SetTraderObject ExpansionTraderObjectBase<da06c4c0> <11878.674805, 140.134796, 12424.302734>
SCRIPT       : 19:26:26.359 [EXPANSION DEBUG]: LoadMissionTradersFile trader ExpansionTraderHassan<da0d84d0> fileName Vehicle_Parts
SCRIPT       : 19:26:26.367 [EXPANSION DEBUG]: ExpansionTraderDenis<da0ccaa0>::SetTraderObject ExpansionTraderObjectBase<da0713d0> <11833.576172, 140.605072, 12469.492188>
SCRIPT       : 19:26:26.367 [EXPANSION DEBUG]: LoadMissionTradersFile trader ExpansionTraderDenis<da0ccaa0> fileName Weapons
SCRIPT       : 19:26:26.367 [EXPANSION DEBUG]: ExpansionTraderLinda<da0c4e80>::SetTraderObject ExpansionTraderObjectBase<da075d90> <11852.194336, 140.660980, 12472.387695>
SCRIPT       : 19:26:26.367 [EXPANSION DEBUG]: LoadMissionTradersFile trader ExpansionTraderLinda<da0c4e80> fileName BuildingSupplies
SCRIPT       : 19:26:26.375 [EXPANSION DEBUG]: ExpansionTraderManua<da0c8c90>::SetTraderObject ExpansionTraderObjectBase<da1a2c40> <11879.722656, 140.094788, 12435.959961>
SCRIPT       : 19:26:26.375 [EXPANSION DEBUG]: LoadMissionTradersFile trader ExpansionTraderManua<da0c8c90> fileName Spraycans
SCRIPT       : 19:26:26.382 [EXPANSION DEBUG]: ExpansionTraderIrena<da0d08b0>::SetTraderObject ExpansionTraderObjectBase<da2b1de0> <12160.279297, 140.580765, 12689.783203>
SCRIPT       : 19:26:26.382 [EXPANSION DEBUG]: LoadMissionTradersFile trader ExpansionTraderIrena<da0d08b0> fileName Aircraft
SCRIPT       : [ExpansionQuestPersistentServerData] Load existing configuration file:$profile:ExpansionMod\Quests\PersistentServerData.json
SCRIPT       : [ExpansionQuestPersistentServerData] Load existing configuration file:$profile:ExpansionMod\Quests\PersistentServerData.json
SCRIPT       : [ExpansionQuestObjectiveTravelConfig] Load existing configuration file:$profile:ExpansionMod\Quests\Objectives\Travel\Objective_T_1.json
SCRIPT       : [ExpansionQuestObjectiveTravelConfig] Load existing configuration file:$profile:ExpansionMod\Quests\Objectives\Travel\Objective_T_2.json
SCRIPT       : [ExpansionQuestObjectiveTravelConfig] Load existing configuration file:$profile:ExpansionMod\Quests\Objectives\Travel\Objective_T_3.json
SCRIPT       : [ExpansionQuestObjectiveTravelConfig] Load existing configuration file:$profile:ExpansionMod\Quests\Objectives\Travel\Objective_T_4.json
SCRIPT       : [ExpansionQuestObjectiveTargetConfig] Load existing configuration file:$profile:ExpansionMod\Quests\Objectives\Target\Objective_TA_1_kill10sledge.json
SCRIPT       : [ExpansionQuestObjectiveTargetConfig] Load existing configuration file:$profile:ExpansionMod\Quests\Objectives\Target\Objective_TA_2_kill10.json
SCRIPT       : [ExpansionQuestObjectiveTargetConfig] Load existing configuration file:$profile:ExpansionMod\Quests\Objectives\Target\Objective_TA_31_kill_100.json
SCRIPT       : [ExpansionQuestObjectiveTargetConfig] Load existing configuration file:$profile:ExpansionMod\Quests\Objectives\Target\Objective_TA_3_kill50.json
SCRIPT       : [ExpansionQuestObjectiveTargetConfig] Load existing configuration file:$profile:ExpansionMod\Quests\Objectives\Target\Objective_TA_4_killmilitary.json
SCRIPT       : [ExpansionQuestObjectiveDeliveryConfig] Load existing configuration file:$profile:ExpansionMod\Quests\Objectives\Delivery\Objective_D_1.json
SCRIPT       : [ExpansionQuestObjectiveDeliveryConfig] Load existing configuration file:$profile:ExpansionMod\Quests\Objectives\Delivery\Objective_D_2.json
SCRIPT       : [ExpansionQuestObjectiveCollectionConfig] Load existing configuration file:$profile:ExpansionMod\Quests\Objectives\Collection\1-Collection-Apples.json
SCRIPT       : [ExpansionQuestObjectiveCollectionConfig] Load existing configuration file:$profile:ExpansionMod\Quests\Objectives\Collection\2-Collection-Mackerel.json
SCRIPT       : [ExpansionQuestObjectiveCollectionConfig] Load existing configuration file:$profile:ExpansionMod\Quests\Objectives\Collection\3-Collection-BrownChickens.json
SCRIPT       : [ExpansionQuestObjectiveCollectionConfig] Load existing configuration file:$profile:ExpansionMod\Quests\Objectives\Collection\4-Collection-BearPelt.json
SCRIPT       : [ExpansionQuestObjectiveCollectionConfig] Load existing configuration file:$profile:ExpansionMod\Quests\Objectives\Collection\5-Collection-DeerPelt.json
SCRIPT       : [ExpansionQuestObjectiveCollectionConfig] Load existing configuration file:$profile:ExpansionMod\Quests\Objectives\Collection\6-Collection-AgaricusMushroom.json
SCRIPT       : [ExpansionQuestObjectiveCollectionConfig] Load existing configuration file:$profile:ExpansionMod\Quests\Objectives\Collection\Objective_C_1.json
SCRIPT       : [ExpansionQuestObjectiveCollectionConfig] Load existing configuration file:$profile:ExpansionMod\Quests\Objectives\Collection\Objective_C_2.json
SCRIPT       : [ExpansionQuestObjectiveCollectionConfig] Load existing configuration file:$profile:ExpansionMod\Quests\Objectives\Collection\Objective_C_3.json
SCRIPT       : [ExpansionQuestObjectiveTreasureHuntConfig] Load existing configuration file:$profile:ExpansionMod\Quests\Objectives\TreasureHunt\Objective_TH_1.json
SCRIPT       : [ExpansionQuestObjectiveActionConfig] Load existing configuration file:$profile:ExpansionMod\Quests\Objectives\Action\1-Medic.json
SCRIPT       : [ExpansionQuestObjectiveActionConfig] Load existing configuration file:$profile:ExpansionMod\Quests\Objectives\Action\10-Medic.json
SCRIPT       : [ExpansionQuestObjectiveActionConfig] Load existing configuration file:$profile:ExpansionMod\Quests\Objectives\Action\11-Medic.json
SCRIPT       : [ExpansionQuestObjectiveActionConfig] Load existing configuration file:$profile:ExpansionMod\Quests\Objectives\Action\12-Medic.json
SCRIPT       : [ExpansionQuestObjectiveActionConfig] Load existing configuration file:$profile:ExpansionMod\Quests\Objectives\Action\13-Medic.json
SCRIPT       : [ExpansionQuestObjectiveActionConfig] Load existing configuration file:$profile:ExpansionMod\Quests\Objectives\Action\14-Medic.json
SCRIPT       : [ExpansionQuestObjectiveActionConfig] Load existing configuration file:$profile:ExpansionMod\Quests\Objectives\Action\15-Medic.json
SCRIPT       : [ExpansionQuestObjectiveActionConfig] Load existing configuration file:$profile:ExpansionMod\Quests\Objectives\Action\16-Medic.json
SCRIPT       : [ExpansionQuestObjectiveActionConfig] Load existing configuration file:$profile:ExpansionMod\Quests\Objectives\Action\17-Medic.json
SCRIPT       : [ExpansionQuestObjectiveActionConfig] Load existing configuration file:$profile:ExpansionMod\Quests\Objectives\Action\18-Horticulture.json
SCRIPT       : [ExpansionQuestObjectiveActionConfig] Load existing configuration file:$profile:ExpansionMod\Quests\Objectives\Action\19-Horticulture.json
SCRIPT       : [ExpansionQuestObjectiveActionConfig] Load existing configuration file:$profile:ExpansionMod\Quests\Objectives\Action\2-Medic.json
SCRIPT       : [ExpansionQuestObjectiveActionConfig] Load existing configuration file:$profile:ExpansionMod\Quests\Objectives\Action\20-Horticulture.json
SCRIPT       : [ExpansionQuestObjectiveActionConfig] Load existing configuration file:$profile:ExpansionMod\Quests\Objectives\Action\21-Horticulture.json
SCRIPT       : [ExpansionQuestObjectiveActionConfig] Load existing configuration file:$profile:ExpansionMod\Quests\Objectives\Action\22-Horticulture.json
SCRIPT       : [ExpansionQuestObjectiveActionConfig] Load existing configuration file:$profile:ExpansionMod\Quests\Objectives\Action\23-Horticulture.json
SCRIPT       : [ExpansionQuestObjectiveActionConfig] Load existing configuration file:$profile:ExpansionMod\Quests\Objectives\Action\24-Horticulture.json
SCRIPT       : [ExpansionQuestObjectiveActionConfig] Load existing configuration file:$profile:ExpansionMod\Quests\Objectives\Action\3-Medic.json
SCRIPT       : [ExpansionQuestObjectiveActionConfig] Load existing configuration file:$profile:ExpansionMod\Quests\Objectives\Action\4-Medic.json
SCRIPT       : [ExpansionQuestObjectiveActionConfig] Load existing configuration file:$profile:ExpansionMod\Quests\Objectives\Action\5-Medic.json
SCRIPT       : [ExpansionQuestObjectiveActionConfig] Load existing configuration file:$profile:ExpansionMod\Quests\Objectives\Action\6-Medic.json
SCRIPT       : [ExpansionQuestObjectiveActionConfig] Load existing configuration file:$profile:ExpansionMod\Quests\Objectives\Action\7-Medic.json
SCRIPT       : [ExpansionQuestObjectiveActionConfig] Load existing configuration file:$profile:ExpansionMod\Quests\Objectives\Action\8-Medic.json
SCRIPT       : [ExpansionQuestObjectiveActionConfig] Load existing configuration file:$profile:ExpansionMod\Quests\Objectives\Action\9-Medic.json
SCRIPT       : [ExpansionQuestObjectiveActionConfig] Load existing configuration file:$profile:ExpansionMod\Quests\Objectives\Action\Objective_A_1.json
SCRIPT       : [ExpansionQuestObjectiveActionConfig] Load existing configuration file:$profile:ExpansionMod\Quests\Objectives\Action\Objective_A_2.json
SCRIPT       : [ExpansionQuestObjectiveCraftingConfig] Load existing configuration file:$profile:ExpansionMod\Quests\Objectives\Crafting\1-Crafting-FishingRod.json
SCRIPT       : [ExpansionQuestObjectiveCraftingConfig] Load existing configuration file:$profile:ExpansionMod\Quests\Objectives\Crafting\Objective_CR_1.json
SCRIPT       : [ExpansionQuestObjectiveAIPatrolConfig] Load existing configuration file:$profile:ExpansionMod\Quests\Objectives\AIPatrol\Objective_AIP_1.json
SCRIPT       : [ExpansionQuestObjectiveAICampConfig] Load existing configuration file:$profile:ExpansionMod\Quests\Objectives\AICamp\Objective_AIC_1.json
SCRIPT       : [ExpansionQuestObjectiveAIEscortConfig] Load existing configuration file:$profile:ExpansionMod\Quests\Objectives\AIVIP\1-VIP.json
SCRIPT       : [ExpansionQuestObjectiveAIEscortConfig] Load existing configuration file:$profile:ExpansionMod\Quests\Objectives\AIVIP\2-VIP.json
SCRIPT       : [ExpansionQuestObjectiveAIEscortConfig] Load existing configuration file:$profile:ExpansionMod\Quests\Objectives\AIVIP\Objective_AIESCORT_1.json
SCRIPT       : [ExpansionQuestNPCData] Load existing configuration file:QuestNPC_Board_3.json
SCRIPT       : [ExpansionQuestNPCData] Load existing configuration file:QuestNPC_Peter_1.json
SCRIPT       : [ExpansionQuestNPCData] Load existing configuration file:QuestNPC_Steve_2.json
SCRIPT       : [EditorLoader] File found: $mission:\EditorFiles\TraderStorage.dze
SCRIPT       : [EditorLoader] Loaded files in 0s
SCRIPT       : [EditorLoader] 6 total objects created
SCRIPT       : [EditorLoader] 0 total objects deleted
SCRIPT       : [EditorLoader] Deleted & Created all objects in 0.022s
SCRIPT       : ExpansionMarketItem marketItem = ExpansionMarketItem<b32cdc90>
SCRIPT       : int worth =   1
SCRIPT       : 19:26:44.390 [EXPANSION DEBUG]: ExpansionP2PTraderAIIrena<6610a010>::SetP2PTraderID - ID: 1
SCRIPT       : ExpansionZonePolygon<5ae366c0> position=<12015.854492, 0.000000, 12591.097656> radius=419.633
SCRIPT       : ExpansionZoneCircle<65aed760> position=<1143.140015, 0.000000, 2423.270020> radius=400
SCRIPT       : ExpansionZoneCircle<65aed700> position=<3728.270020, 0.000000, 6003.600098> radius=400
SCRIPT       : Found 3 zones!
SCRIPT       : 19:26:44.445 [EXPANSION DEBUG]: ExpansionQuestNPCAIDenis<66f5d020>::OnEnterSafeZone
SCRIPT       : bool m_Expansion_LeavingSafeZone = 0
SCRIPT       : bool m_Expansion_IsInSafeZone = 0
SCRIPT       : bool m_Expansion_IsInSafeZoneSynchRemote = 0
SCRIPT       : 19:26:44.445 [EXPANSION DEBUG]: ExpansionP2PTraderAIIrena<6610a010>::OnEnterSafeZone
SCRIPT       : bool m_Expansion_LeavingSafeZone = 0
SCRIPT       : bool m_Expansion_IsInSafeZone = 0
SCRIPT       : bool m_Expansion_IsInSafeZoneSynchRemote = 0
SCRIPT       : 19:26:45.906 [EXPANSION DEBUG]: ExpansionItemSpawnHelper::Clone - created SVD:035708 at location { type=HANDS item=SVD:035684 parent=ExpansionQuestNPCAIDenis:045 }
SCRIPT       : 19:26:45.906 [EXPANSION DEBUG]: ExpansionItemSpawnHelper::Clone - created Mag_SVD_10Rnd:035709 at location { type=ATTACHMENT item=null parent=SVD:035708 slot=magazine }
SCRIPT       : [emote] ExpansionQuestNPCAIDenis:045 play emote id=46 IH=SVD:035708
SCRIPT       : [emote] ExpansionP2PTraderAIIrena:044 play emote id=46 IH=null
SCRIPT       : 19:26:46.992 [EXPANSION DEBUG]: ExpansionItemSpawnHelper::Clone - created SKS:035685 at location { type=HANDS item=SKS:035699 parent=ExpansionQuestNPCAIElias:046 }
SCRIPT       : [emote] ExpansionQuestNPCAIElias:046 play emote id=14 IH=SKS:035685
SCRIPT       : 19:27:23.007 [EXPANSION DEBUG]: ExpansionHardlineModule<9e8362c0> ::LoadPlayerData - Loaded player hardline data for player Blorpus9000[3I2KPiMwtNrbRzLe964-q3OrI2Ligr9LBcsFxmVIl3Q=]
SCRIPT       : ---- PlayerBase OnStoreLoad SUCCESS ----
SCRIPT       : 19:27:37.343 [EXPANSION DEBUG]: SurvivorBase<7cb28050>::OnEnterSafeZone
SCRIPT       : bool m_Expansion_LeavingSafeZone = 0
SCRIPT       : bool m_Expansion_IsInSafeZone = 0
SCRIPT       : bool m_Expansion_IsInSafeZoneSynchRemote = 0
SCRIPT       : [EditorLoader] Sent Deleted objects in 0s
SCRIPT       : 19:27:37.351 [EXPANSION DEBUG]: ExpansionPartyData<ca7060c0>::OnJoin party Blorpus (ID 0) player Blorpus9000 (ID 3I2KPiMwtNrbRzLe964-q3OrI2Ligr9LBcsFxmVIl3Q=)
SCRIPT       : 19:27:37.367 [EXPANSION DEBUG]: ExpansionQuestModule<a16ecc30> Sending 60 quest configs to client with UID: 3I2KPiMwtNrbRzLe964-q3OrI2Ligr9LBcsFxmVIl3Q=
SCRIPT       : 19:27:37.367 [EXPANSION DEBUG]: ExpansionQuestModule<a16ecc30> Sending player quest data for 28 quests to player with UID: 3I2KPiMwtNrbRzLe964-q3OrI2Ligr9LBcsFxmVIl3Q=
SCRIPT       : 19:27:41.062 [EXPANSION DEBUG]: ExpansionItemSpawnHelper::Clone - created M4A1:035756 at location { type=HANDS item=M4A1:035729 parent=eAI_SurvivorF_Naomi:049 }
SCRIPT       : 19:27:41.062 [EXPANSION DEBUG]: ExpansionItemSpawnHelper::Clone - created ACOGOptic_6x:035757 at location { type=ATTACHMENT item=null parent=M4A1:035756 slot=weaponOptics }
SCRIPT       : 19:27:41.062 [EXPANSION DEBUG]: ExpansionItemSpawnHelper::Clone - created M4_PlasticHndgrd:035758 at location { type=ATTACHMENT item=null parent=M4A1:035756 slot=weaponHandguardM4 }
SCRIPT       : 19:27:41.062 [EXPANSION DEBUG]: ExpansionItemSpawnHelper::Clone - created M4_OEBttstck:035759 at location { type=ATTACHMENT item=null parent=M4A1:035756 slot=weaponButtstockM4 }
SCRIPT       : 19:27:41.062 [EXPANSION DEBUG]: ExpansionItemSpawnHelper::Clone - created Mag_STANAG_30Rnd:035760 at location { type=ATTACHMENT item=null parent=M4A1:035756 slot=magazine }
SCRIPT       : 19:27:41.125 [EXPANSION DEBUG]: ExpansionItemSpawnHelper::Clone - created FAMAS:035730 at location { type=HANDS item=FAMAS:035744 parent=eAI_SurvivorM_Manua:050 }
SCRIPT       : 19:27:41.125 [EXPANSION DEBUG]: ExpansionItemSpawnHelper::Clone - created Mag_FAMAS_25Rnd:035729 at location { type=ATTACHMENT item=null parent=FAMAS:035730 slot=magazine }
SCRIPT       : 19:27:41.164 [EXPANSION DEBUG]: ExpansionItemSpawnHelper::Clone - created M16A2:035733 at location { type=HANDS item=M16A2:035715 parent=eAI_SurvivorF_Maria:048 }
SCRIPT       : 19:27:41.164 [EXPANSION DEBUG]: ExpansionItemSpawnHelper::Clone - created Mag_STANAG_30Rnd:035744 at location { type=ATTACHMENT item=null parent=M16A2:035733 slot=magazine }
SCRIPT       : 19:27:41.421 [EXPANSION DEBUG]: ExpansionItemSpawnHelper::Clone - created AugShort:035793 at location { type=HANDS item=AugShort:035745 parent=eAI_SurvivorF_Judy:051 }
SCRIPT       : 19:27:41.421 [EXPANSION DEBUG]: ExpansionItemSpawnHelper::Clone - created Mag_Aug_30Rnd:035794 at location { type=ATTACHMENT item=null parent=AugShort:035793 slot=magazine }
SCRIPT       : 19:27:41.421 [EXPANSION DEBUG]: ExpansionItemSpawnHelper::Clone - created AugOptic:035795 at location { type=ATTACHMENT item=null parent=AugShort:035793 slot=weaponOpticsAug }
SCRIPT       : 19:27:41.437 [EXPANSION DEBUG]: ExpansionItemSpawnHelper::Clone - created FAMAS:035715 at location { type=HANDS item=FAMAS:035769 parent=eAI_SurvivorM_Hassan:052 }
SCRIPT       : 19:27:41.437 [EXPANSION DEBUG]: ExpansionItemSpawnHelper::Clone - created Mag_FAMAS_25Rnd:035745 at location { type=ATTACHMENT item=null parent=FAMAS:035715 slot=magazine }
SCRIPT       : 19:27:41.445 [EXPANSION DEBUG]: ExpansionItemSpawnHelper::Clone - created FAMAS:035792 at location { type=HANDS item=FAMAS:035780 parent=eAI_SurvivorM_Jose:053 }
SCRIPT       : 19:27:41.445 [EXPANSION DEBUG]: ExpansionItemSpawnHelper::Clone - created Mag_FAMAS_25Rnd:035769 at location { type=ATTACHMENT item=null parent=FAMAS:035792 slot=magazine }
SCRIPT       : [Logout]: New player 3I2KPiMwtNrbRzLe964-q3OrI2Ligr9LBcsFxmVIl3Q= with logout time 3
SCRIPT       : [emote] SurvivorM_Guo:047 play emote id=14 IH=null
SCRIPT       : 19:27:57.726 [EXPANSION DEBUG]: ExpansionPartyData<ca7060c0>::OnLeave party Blorpus (ID 0) player Blorpus9000 (ID 3I2KPiMwtNrbRzLe964-q3OrI2Ligr9LBcsFxmVIl3Q=)
SCRIPT       : 19:27:57.726 [EXPANSION DEBUG]: ExpansionQuestPersistentData<782cd440> ~ExpansionQuestPersistentData (28)
SCRIPT       : [Logout]: Player 3I2KPiMwtNrbRzLe964-q3OrI2Ligr9LBcsFxmVIl3Q= finished
