---------------------------------------------
Log C:\Program Files (x86)\Steam\steamapps\common\DayZServerAug2\config\script_2023-08-12_18-41-13.log started at 12.08. 18:41:13

SCRIPT       : Registered 397 temporary action enum(s), UAN==397
SCRIPT       : Registering faction type eAIFactionShamans ID -1484989417
SCRIPT       : Registering faction type eAIFactionObservers ID -563736721
SCRIPT       : Registering faction type eAIFactionInvincibleObservers ID -1227299746
SCRIPT       : Registering faction type eAIFactionEast ID 90522109
SCRIPT       : Registering faction type eAIFactionGuards ID 963933710
SCRIPT       : Registering faction type eAIFactionRaiders ID 1535276022
SCRIPT       : Registering faction type eAIFactionMercenaries ID 1629891834
SCRIPT       : Registering faction type eAIFactionWest ID 113880155
SCRIPT       : Registering faction type eAIFactionCivilian ID 1096178351
SCRIPT       : Registering faction type eAIFactionPassive ID -1159399789
SCRIPT       : Registering faction type eAIFactionInvincibleGuards ID 782746017
SCRIPT       : ... Backlit Effects Enabled
SCRIPT       : 18:41:14 [EXPANSION LOG]: DayZGame<88ce3dd0> Start time (local time) 2023-08-12 18:41:10
SCRIPT       : 18:41:14 [EXPANSION LOG]: DayZGame<88ce3dd0> Start time (UTC) 2023-08-12 23:41:10
SCRIPT       : 18:41:14 [EXPANSION LOG]: DayZGame<88ce3dd0> Runtime since start (seconds) 4.48
SCRIPT    (W): @"JM/COT/Scripts/4_World/communityonlinetools\classes\webhook\jmwebhookdiscordmessage.c,19": Possible variable name conflict 'username'
SCRIPT    (W): @"JM/COT/Scripts/4_World/communityonlinetools\classes\webhook\jmwebhookdiscordmessage.c,19": Possible variable name conflict 'avatar_url'
SCRIPT    (W): @"JM/COT/Scripts/4_World/communityonlinetools\classes\webhook\jmwebhookdiscordmessage.c,19": Possible variable name conflict 'content'
SCRIPT    (W): @"JM/COT/Scripts/4_World/communityonlinetools\classes\webhook\jmwebhookdiscordmessage.c,151": Possible variable name conflict 'url'
SCRIPT    (W): @"JM/COT/Scripts/4_World/communityonlinetools\classes\webhook\jmwebhookdiscordmessage.c,172": Possible variable name conflict 'url'
SCRIPT    (W): @"JM/COT/Scripts/4_World/communityonlinetools\classes\webhook\jmwebhookdiscordmessage.c,180": Possible variable name conflict 'url'
SCRIPT       : 18:41:28.851 [EXPANSION DEBUG]: [ExpansionDebugSettings] Load existing setting file:$profile:ExpansionMod\Settings\DebugSettings.json
SCRIPT       : 18:41:28.851 [EXPANSION DEBUG]: [ExpansionLogSettings] Load existing setting file:$profile:ExpansionMod\Settings\LogsSettings.json
SCRIPT       : 18:41:28.867 [EXPANSION DEBUG]: [ExpansionNotificationSettings] Load existing setting file:$profile:ExpansionMod\Settings\NotificationSettings.json
SCRIPT       : 18:41:28.867 [EXPANSION DEBUG]: [ExpansionMonitoringSettings] Load existing setting file:$profile:ExpansionMod\Settings\MonitoringSettings.json
SCRIPT       : 18:41:28.867 [EXPANSION DEBUG]: [ExpansionDamageSystemSettings] Load existing setting file:$profile:ExpansionMod\Settings\DamageSystemSettings.json
SCRIPT       : 18:41:28.867 [EXPANSION DEBUG]: [ExpansionPartySettings] Load existing setting file:$profile:ExpansionMod\Settings\PartySettings.json
SCRIPT       : 18:41:28.867 [EXPANSION DEBUG]: [ExpansionHardlineSettings] Load existing setting file:$mission:expansion\settings\HardlineSettings.json
SCRIPT       : 18:41:28.867 [EXPANSION DEBUG]: [ExpansionMarketSettings] Load existing setting file:$mission:expansion\settings\MarketSettings.json
SCRIPT       : ExpansionMarketSettings::LoadCategories - Adding category ID 1 (Ammo)
SCRIPT       : ExpansionMarketSettings::LoadCategories - Adding category ID 2 (Ammo_Boxes)
SCRIPT       : ExpansionMarketSettings::LoadCategories - Adding category ID 3 (Armbands)
SCRIPT       : ExpansionMarketSettings::LoadCategories - Adding category ID 4 (Assault_Rifles)
SCRIPT       : ExpansionMarketSettings::LoadCategories - Adding category ID 5 (Backpacks)
SCRIPT       : ExpansionMarketSettings::LoadCategories - Adding category ID 6 (Bandanas)
SCRIPT       : ExpansionMarketSettings::LoadCategories - Adding category ID 7 (Batteries)
SCRIPT       : ExpansionMarketSettings::LoadCategories - Adding category ID 8 (Bayonets)
SCRIPT       : ExpansionMarketSettings::LoadCategories - Adding category ID 9 (Belts)
SCRIPT       : ExpansionMarketSettings::LoadCategories - Adding category ID 10 (Blouses_And_Suits)
SCRIPT       : ExpansionMarketSettings::LoadCategories - Adding category ID 11 (Boats)
SCRIPT       : ExpansionMarketSettings::LoadCategories - Adding category ID 12 (Boots_And_Shoes)
SCRIPT       : ExpansionMarketSettings::LoadCategories - Adding category ID 13 (Buttstocks)
SCRIPT       : ExpansionMarketSettings::LoadCategories - Adding category ID 14 (Caps)
SCRIPT       : ExpansionMarketSettings::LoadCategories - Adding category ID 15 (Cars)
SCRIPT       : ExpansionMarketSettings::LoadCategories - Adding category ID 16 (Coats_And_Jackets)
SCRIPT       : ExpansionMarketSettings::LoadCategories - Adding category ID 17 (Containers)
SCRIPT       : ExpansionMarketSettings::LoadCategories - Adding category ID 18 (Crossbows)
SCRIPT       : ExpansionMarketSettings::LoadCategories - Adding category ID 19 (Drinks)
SCRIPT       : ExpansionMarketSettings::LoadCategories - Adding category ID 20 (Electronics)
SCRIPT       : ExpansionMarketSettings::LoadCategories - Adding category ID 21 (Event)
SCRIPT       : ExpansionMarketSettings::LoadCategories - Adding category ID 22 (Exchange)
SCRIPT       : ExpansionMarketSettings::LoadCategories - Adding category ID 23 (Explosives_And_Grenades)
SCRIPT       : ExpansionMarketSettings::LoadCategories - Adding category ID 24 (Eyewear)
SCRIPT       : ExpansionMarketSettings::LoadCategories - Adding category ID 25 (Fish)
SCRIPT       : ExpansionMarketSettings::LoadCategories - Adding category ID 26 (Fishing)
SCRIPT       : ExpansionMarketSettings::LoadCategories - Adding category ID 27 (Flags)
SCRIPT       : ExpansionMarketSettings::LoadCategories - Adding category ID 28 (Food)
SCRIPT       : ExpansionMarketSettings::LoadCategories - Adding category ID 29 (Fruit_And_Vegetables)
SCRIPT       : ExpansionMarketSettings::LoadCategories - Adding category ID 30 (Furnishings)
SCRIPT       : ExpansionMarketSettings::LoadCategories - Adding category ID 31 (Gardening)
SCRIPT       : ExpansionMarketSettings::LoadCategories - Adding category ID 32 (Ghillies)
SCRIPT       : ExpansionMarketSettings::LoadCategories - Adding category ID 33 (Gloves)
SCRIPT       : ExpansionMarketSettings::LoadCategories - Adding category ID 34 (Handguards)
SCRIPT       : ExpansionMarketSettings::LoadCategories - Adding category ID 35 (Hats_And_Hoods)
SCRIPT       : ExpansionMarketSettings::LoadCategories - Adding category ID 36 (Helicopters)
SCRIPT       : ExpansionMarketSettings::LoadCategories - Adding category ID 37 (Helmets)
SCRIPT       : ExpansionMarketSettings::LoadCategories - Adding category ID 38 (Holsters_And_Pouches)
SCRIPT       : ExpansionMarketSettings::LoadCategories - Adding category ID 39 (Kits)
SCRIPT       : ExpansionMarketSettings::LoadCategories - Adding category ID 40 (Knifes)
SCRIPT       : ExpansionMarketSettings::LoadCategories - Adding category ID 41 (Launchers)
SCRIPT       : ExpansionMarketSettings::LoadCategories - Adding category ID 42 (Lights)
SCRIPT       : ExpansionMarketSettings::LoadCategories - Adding category ID 43 (Liquids)
SCRIPT       : ExpansionMarketSettings::LoadCategories - Adding category ID 44 (Locks)
SCRIPT       : ExpansionMarketSettings::LoadCategories - Adding category ID 45 (Magazines)
SCRIPT       : ExpansionMarketSettings::LoadCategories - Adding category ID 46 (Masks)
SCRIPT       : ExpansionMarketSettings::LoadCategories - Adding category ID 47 (Meat)
SCRIPT       : ExpansionMarketSettings::LoadCategories - Adding category ID 48 (Medical)
SCRIPT       : ExpansionMarketSettings::LoadCategories - Adding category ID 49 (Melee_Weapons)
SCRIPT       : ExpansionMarketSettings::LoadCategories - Adding category ID 50 (Muzzles)
SCRIPT       : ExpansionMarketSettings::LoadCategories - Adding category ID 51 (Navigation)
SCRIPT       : ExpansionMarketSettings::LoadCategories - Adding category ID 52 (Optics)
SCRIPT       : ExpansionMarketSettings::LoadCategories - Adding category ID 53 (Pants_And_Shorts)
SCRIPT       : ExpansionMarketSettings::LoadCategories - Adding category ID 54 (Pistols)
SCRIPT       : ExpansionMarketSettings::LoadCategories - Adding category ID 55 (Rifles)
SCRIPT       : ExpansionMarketSettings::LoadCategories - Adding category ID 56 (Shirts_And_TShirts)
SCRIPT       : ExpansionMarketSettings::LoadCategories - Adding category ID 57 (Shotguns)
SCRIPT       : ExpansionMarketSettings::LoadCategories - Adding category ID 58 (Skirts_And_Dresses)
SCRIPT       : ExpansionMarketSettings::LoadCategories - Adding category ID 59 (Sniper_Rifles)
SCRIPT       : ExpansionMarketSettings::LoadCategories - Adding category ID 60 (Spraycans)
SCRIPT       : ExpansionMarketSettings::LoadCategories - Adding category ID 61 (Submachine_Guns)
SCRIPT       : ExpansionMarketSettings::LoadCategories - Adding category ID 62 (Supplies)
SCRIPT       : ExpansionMarketSettings::LoadCategories - Adding category ID 63 (Sweaters_And_Hoodies)
SCRIPT       : ExpansionMarketSettings::LoadCategories - Adding category ID 64 (Tents)
SCRIPT       : ExpansionMarketSettings::LoadCategories - Adding category ID 65 (Tools)
SCRIPT       : ExpansionMarketSettings::LoadCategories - Adding category ID 66 (Vehicle_Parts)
SCRIPT       : ExpansionMarketSettings::LoadCategories - Adding category ID 67 (Vests)
SCRIPT       : 18:41:28.992 [EXPANSION DEBUG]: [ExpansionAirdropSettings] Load existing setting file:$profile:ExpansionMod\Settings\AirdropSettings.json
SCRIPT       : 18:41:29.117 [EXPANSION DEBUG]: [ExpansionMissionSettings] Load existing setting file:$profile:ExpansionMod\Settings\MissionSettings.json
SCRIPT       : 18:41:29.117 [EXPANSION DEBUG]: [ExpansionMapSettings] Load existing setting file:$mission:expansion\settings\MapSettings.json
SCRIPT       : 18:41:29.132 [EXPANSION DEBUG]: [ExpansionPersonalStorageNewSettings] Load existing setting file:$profile:ExpansionMod\Settings\PersonalStorageNewSettings.json
SCRIPT       : 18:41:29.132 [EXPANSION DEBUG]: [ExpansionGeneralSettings] Load existing setting file:$profile:ExpansionMod\Settings\GeneralSettings.json
SCRIPT       : 18:41:29.132 [EXPANSION DEBUG]: [ExpansionPlayerListSettings] Load existing setting file:$profile:ExpansionMod\Settings\PlayerListSettings.json
SCRIPT       : 18:41:29.132 [EXPANSION DEBUG]: [ExpansionSocialMediaSettings] Load existing setting file:$profile:ExpansionMod\Settings\SocialMediaSettings.json
SCRIPT       : 18:41:29.132 [EXPANSION DEBUG]: [ExpansionSpawnSettings] Load existing setting file:$mission:expansion\settings\SpawnSettings.json
SCRIPT       : 18:41:29.132 [EXPANSION DEBUG]: [ExpansionVehicleSettings] Load existing setting file:$profile:ExpansionMod\Settings\VehicleSettings.json
SCRIPT       : 18:41:29.132 [EXPANSION DEBUG]: [ExpansionAISettings] Load existing setting file:$profile:ExpansionMod\Settings\AISettings.json
SCRIPT       : 18:41:29.132 [EXPANSION DEBUG]: [ExpansionAIPatrolSettings] Load existing setting file:$mission:expansion\settings\AIPatrolSettings.json
SCRIPT       : 18:41:29.140 [EXPANSION DEBUG]: [ExpansionBaseBuildingSettings] Load existing setting file:$mission:expansion\settings\BaseBuildingSettings.json
SCRIPT       : 18:41:29.140 [EXPANSION DEBUG]: [ExpansionRaidSettings] Load existing setting file:$profile:ExpansionMod\Settings\RaidSettings.json
SCRIPT       : 18:41:29.140 [EXPANSION DEBUG]: [ExpansionTerritorySettings] Load existing setting file:$profile:ExpansionMod\Settings\TerritorySettings.json
SCRIPT       : 18:41:29.140 [EXPANSION DEBUG]: [ExpansionChatSettings] Load existing setting file:$profile:ExpansionMod\Settings\ChatSettings.json
SCRIPT    (E): JSON ERROR dolphin/DayZ-Expansion-AI-Dynamic/Scripts/5_Mission/modules\expansionrespawnhandlermodule.c:12
SCRIPT    (E): 
JSON ERROR:
Reading variable: data
Expecting instance
Reading variable: Point
Expecting array
At index 2, Expecting instance
Reading variable: Spatial_MinCount
Expecting int
Cannot convert to int

Function: 'Error'
Stack trace:
scripts/1_Core/proto\endebug.c:92
scripts/3_Game/tools\jsonfileloader.c:29
dolphin/DayZ-Expansion-AI-Dynamic/Scripts/3_Game/settings\spatialsettings.c:51
dolphin/DayZ-Expansion-AI-Dynamic/Scripts/3_Game/settings\spatialsettings.c:414
dolphin/DayZ-Expansion-AI-Dynamic/Scripts/5_Mission/modules\spatialai.c:24
dolphin/DayZ-Expansion-AI-Dynamic/Scripts/5_Mission/modules\expansionrespawnhandlermodule.c:12
SCRIPT       : Expansion version: 1.8.21
SCRIPT       : [DefineTest] EXPANSIONMOD is defined
SCRIPT       : [DefineTest] EXPANSIONMODAI is defined
SCRIPT       : [DefineTest] EXPANSIONMODANIMATIONS is defined
SCRIPT       : [DefineTest] EXPANSIONMODBASEBUILDING is defined
SCRIPT       : [DefineTest] EXPANSIONMODBOOK is defined
SCRIPT       : [DefineTest] EXPANSIONMODCHAT is defined
SCRIPT       : [DefineTest] EXPANSIONMODCORE is defined
SCRIPT       : [DefineTest] EXPANSIONMODGARAGE is defined
SCRIPT       : [DefineTest] EXPANSIONMODGROUPS is defined
SCRIPT       : [DefineTest] EXPANSIONMODHARDLINE is defined
SCRIPT       : [DefineTest] EXPANSIONMODKILLFEED is defined
SCRIPT       : [DefineTest] EXPANSIONMODMAPASSETS is defined
SCRIPT       : [DefineTest] EXPANSIONMODMARKET is defined
SCRIPT       : [DefineTest] EXPANSIONMODMISSIONS is defined
SCRIPT       : [DefineTest] EXPANSIONMODNAMETAGS is defined
SCRIPT       : [DefineTest] EXPANSIONMODNAVIGATION is defined
SCRIPT       : [DefineTest] EXPANSIONMODP2PMARKET is defined
SCRIPT       : [DefineTest] EXPANSIONMODPERSONALSTORAGE is defined
SCRIPT       : [DefineTest] EXPANSIONMODQUESTS is defined
SCRIPT       : [DefineTest] EXPANSIONMODSPAWNSELECTION is defined
SCRIPT       : [DefineTest] EXPANSIONMODVEHICLE is defined
SCRIPT       : [DefineTest] EXPANSIONMODWEAPONS is defined
SCRIPT       : [DefineTest] CfgMods:
SCRIPT       : defaultAction
SCRIPT       : DayZ
SCRIPT       : DZ_Expansion_AI_Preload
SCRIPT       : DZ_Expansion_Animations_Preload
SCRIPT       : DZ_Expansion_BaseBuilding_Preload
SCRIPT       : DZ_Expansion_Book_Preload
SCRIPT       : DZ_Expansion_Chat_Preload
SCRIPT       : DZ_Expansion_Core_Preload
SCRIPT       : DZ_Expansion_Garage_Preload
SCRIPT       : DZ_Expansion_Groups_Preload
SCRIPT       : DZ_Expansion_Hardline_Preload
SCRIPT       : DZ_Expansion_KillFeed_Preload
SCRIPT       : DZ_Expansion_MapAssets_Preload
SCRIPT       : DZ_Expansion_Market_Preload
SCRIPT       : DZ_Expansion_Missions_Preload
SCRIPT       : DZ_Expansion_ModStorage_Preload
SCRIPT       : DZ_Expansion_NameTags_Preload
SCRIPT       : DZ_Expansion_Navigation_Preload
SCRIPT       : DZ_Expansion_P2PMarket_Preload
SCRIPT       : DZ_Expansion_PersonalStorage_Preload
SCRIPT       : DZ_Expansion_Preload
SCRIPT       : DZ_Expansion_Quests_Preload
SCRIPT       : DZ_Expansion_SpawnSelection_Preload
SCRIPT       : DZ_Expansion_Vehicles_Preload
SCRIPT       : DZ_Expansion_Weapons_Preload
SCRIPT       : DZ_DabsFramework
SCRIPT       : DZ_Expansion_DefineTest
SCRIPT       : DZ_Expansion_MapAssets
SCRIPT       : bliss
SCRIPT       : JM_CommunityFramework
SCRIPT       : JM_CommunityOnlineTools
SCRIPT       : PvZmoD_CustomisableZombies
SCRIPT       : BoostZombiesVisionAddon
SCRIPT       : DZ_Editor_Loader
SCRIPT       : DZ_Expansion_ModStorage
SCRIPT       : DZ_Expansion_Core
SCRIPT       : DZ_Expansion_Garage
SCRIPT       : DZ_Expansion_Groups
SCRIPT       : DZ_Expansion_Market
SCRIPT       : DZ_Expansion_Missions
SCRIPT       : DZ_Expansion_NameTags
SCRIPT       : DZ_Expansion_Navigation
SCRIPT       : DZ_Expansion_NotificationScheduler
SCRIPT       : DZ_Expansion_P2PMarket
SCRIPT       : DZ_Expansion_PersonalStorage
SCRIPT       : DZ_Expansion_PersonalStorageNew
SCRIPT       : DZ_Expansion_PlayerList
SCRIPT       : DZ_Expansion
SCRIPT       : DZ_Expansion_SpawnSelection
SCRIPT       : DZ_Expansion_VanillaFixes
SCRIPT       : DZ_Expansion_Vehicles
SCRIPT       : DZ_Expansion_Weapons
SCRIPT       : DZ_Expansion_AI
SCRIPT       : DZ_Expansion_BaseBuilding
SCRIPT       : DZ_Expansion_Book
SCRIPT       : DZ_Expansion_Chat
SCRIPT       : DZ_Expansion_Hardline
SCRIPT       : DZ_Expansion_Quests
SCRIPT       : DZ_Expansion_VirtualContainerStorage
SCRIPT       : DayZ_Expansion_AI_Dynamic
SCRIPT    (E): JSON ERROR $CurrentDir:mpmissions\Expansion.chernarusplus\init.c:99
SCRIPT    (E): 
JSON ERROR:
Reading variable: data
Expecting instance
Reading variable: Point
Expecting array
At index 2, Expecting instance
Reading variable: Spatial_MinCount
Expecting int
Cannot convert to int

Function: 'Error'
Stack trace:
scripts/1_Core/proto\endebug.c:92
scripts/3_Game/tools\jsonfileloader.c:29
dolphin/DayZ-Expansion-AI-Dynamic/Scripts/3_Game/settings\spatialsettings.c:51
dolphin/DayZ-Expansion-AI-Dynamic/Scripts/3_Game/settings\spatialsettings.c:20
dolphin/DayZ-Expansion-AI-Dynamic/Scripts/5_Mission/mission\missionserver.c:15
$CurrentDir:mpmissions\Expansion.chernarusplus\init.c:99
SCRIPT       : 18:41:29.617 [EXPANSION DEBUG]: ModStorage v5
SCRIPT       : 18:41:33.242 [EXPANSION DEBUG]: ExpansionTraderJudy<fdba4070>::SetTraderObject ExpansionTraderObjectBase<cb6d6cf0> <4973.928711, 9.510984, 2436.782959>
SCRIPT       : 18:41:33.242 [EXPANSION DEBUG]: LoadMissionTradersFile trader ExpansionTraderJudy<fdba4070> fileName Aircraft
SCRIPT       : 18:41:33.257 [EXPANSION DEBUG]: ExpansionTraderJose<5ffc4020>::SetTraderObject ExpansionTraderObjectBase<cb89eb20> <14353.624023, 3.326771, 13229.217773>
SCRIPT       : 18:41:33.257 [EXPANSION DEBUG]: LoadMissionTradersFile trader ExpansionTraderJose<5ffc4020> fileName Boats
SCRIPT       : 18:41:33.265 [EXPANSION DEBUG]: ExpansionTraderEva<cba8a010>::SetTraderObject ExpansionTraderObjectBase<cba72120> <14378.793945, 3.325975, 13271.585938>
SCRIPT       : 18:41:33.265 [EXPANSION DEBUG]: LoadMissionTradersFile trader ExpansionTraderEva<cba8a010> fileName Fishing
SCRIPT       : 18:41:33.273 [EXPANSION DEBUG]: ExpansionTraderLewis<261ba010>::SetTraderObject ExpansionTraderObjectBase<cbb59f00> <1756.656372, 1.415564, 2027.359741>
SCRIPT       : 18:41:33.273 [EXPANSION DEBUG]: LoadMissionTradersFile trader ExpansionTraderLewis<261ba010> fileName Boats
SCRIPT       : 18:41:33.273 [EXPANSION DEBUG]: LoadMissionTradersFile trader ExpansionTraderStaticBase<b0247db0> fileName Exchange
SCRIPT       : 18:41:33.296 [EXPANSION DEBUG]: ExpansionTraderDenis<89e39800>::SetTraderObject ExpansionTraderObjectBase<cbc231a0> <3697.249512, 402.010010, 5977.625488>
SCRIPT       : 18:41:33.296 [EXPANSION DEBUG]: LoadMissionTradersFile trader ExpansionTraderDenis<89e39800> fileName Clothing
SCRIPT       : 18:41:33.320 [EXPANSION DEBUG]: ExpansionTraderMaria<cbd2c010>::SetTraderObject ExpansionTraderObjectBase<cbd3c740> <3696.455811, 402.010010, 5980.193359>
SCRIPT       : 18:41:33.320 [EXPANSION DEBUG]: LoadMissionTradersFile trader ExpansionTraderMaria<cbd2c010> fileName Clothing_Accessories
SCRIPT       : 18:41:33.335 [EXPANSION DEBUG]: ExpansionTraderQuinn<7c794020>::SetTraderObject ExpansionTraderObjectBase<d45ef950> <3710.121826, 402.010010, 5976.164063>
SCRIPT       : 18:41:33.335 [EXPANSION DEBUG]: LoadMissionTradersFile trader ExpansionTraderQuinn<7c794020> fileName Consumables
SCRIPT       : 18:41:33.351 [EXPANSION DEBUG]: ExpansionTraderNaomi<cb87b020>::SetTraderObject ExpansionTraderObjectBase<d477f540> <3708.786865, 402.010010, 5974.589844>
SCRIPT       : 18:41:33.351 [EXPANSION DEBUG]: LoadMissionTradersFile trader ExpansionTraderNaomi<cb87b020> fileName Weapons
SCRIPT       : 18:41:33.367 [EXPANSION DEBUG]: ExpansionTraderSeth<8a567eb0>::SetTraderObject ExpansionTraderObjectBase<d48b1bb0> <3710.265137, 402.010010, 5973.340820>
SCRIPT       : 18:41:33.367 [EXPANSION DEBUG]: LoadMissionTradersFile trader ExpansionTraderSeth<8a567eb0> fileName Attachments
SCRIPT       : 18:41:33.382 [EXPANSION DEBUG]: ExpansionTraderRolf<8a560290>::SetTraderObject ExpansionTraderObjectBase<d4a41460> <3698.172607, 402.010010, 5995.337402>
SCRIPT       : 18:41:33.382 [EXPANSION DEBUG]: LoadMissionTradersFile trader ExpansionTraderRolf<8a560290> fileName Vehicles
SCRIPT       : 18:41:33.398 [EXPANSION DEBUG]: ExpansionTraderIndar<8a54cc40>::SetTraderObject ExpansionTraderObjectBase<d4b344b0> <3714.531006, 402.138000, 5961.776367>
SCRIPT       : 18:41:33.398 [EXPANSION DEBUG]: LoadMissionTradersFile trader ExpansionTraderIndar<8a54cc40> fileName Components
SCRIPT       : 18:41:33.406 [EXPANSION DEBUG]: ExpansionTraderJudy<8a558670>::SetTraderObject ExpansionTraderObjectBase<d4b419d0> <3729.029541, 402.651001, 5969.476563>
SCRIPT       : 18:41:33.406 [EXPANSION DEBUG]: LoadMissionTradersFile trader ExpansionTraderJudy<8a558670> fileName Medicals
SCRIPT       : 18:41:33.406 [EXPANSION DEBUG]: ExpansionTraderNaomi<8a550a50>::SetTraderObject ExpansionTraderObjectBase<d4b49180> <3690.062988, 402.100067, 6006.763672>
SCRIPT       : 18:41:33.406 [EXPANSION DEBUG]: LoadMissionTradersFile trader ExpansionTraderNaomi<8a550a50> fileName Vehicle_Parts
SCRIPT       : 18:41:33.421 [EXPANSION DEBUG]: ExpansionTraderJose<8a5776f0>::SetTraderObject ExpansionTraderObjectBase<d4bcfbc0> <3699.629883, 402.010010, 5993.970215>
SCRIPT       : 18:41:33.421 [EXPANSION DEBUG]: LoadMissionTradersFile trader ExpansionTraderJose<8a5776f0> fileName Spraycans
SCRIPT       : 18:41:33.429 [EXPANSION DEBUG]: ExpansionTraderLinda<8a56fad0>::SetTraderObject ExpansionTraderObjectBase<d4d3a280> <3674.669922, 406.760010, 5990.390137>
SCRIPT       : 18:41:33.429 [EXPANSION DEBUG]: LoadMissionTradersFile trader ExpansionTraderLinda<8a56fad0> fileName Special
SCRIPT       : 18:41:33.437 [EXPANSION DEBUG]: ExpansionTraderNiki<8a56bcc0>::SetTraderObject ExpansionTraderObjectBase<d4ed28e0> <3699.030029, 402.013000, 5973.439941>
SCRIPT       : 18:41:33.437 [EXPANSION DEBUG]: LoadMissionTradersFile trader ExpansionTraderNiki<8a56bcc0> fileName BuildingSupplies
SCRIPT       : 18:41:33.445 [EXPANSION DEBUG]: ExpansionTraderFrancis<8a5738e0>::SetTraderObject ExpansionTraderObjectBase<d4fa44d0> <1153.964844, 6.463035, 2409.763184>
SCRIPT       : 18:41:33.445 [EXPANSION DEBUG]: LoadMissionTradersFile trader ExpansionTraderFrancis<8a5738e0> fileName Attachments
SCRIPT       : 18:41:33.453 [EXPANSION DEBUG]: ExpansionTraderKaito<8a55c480>::SetTraderObject ExpansionTraderObjectBase<d4fc0450> <1117.021240, 5.495151, 2413.766357>
SCRIPT       : 18:41:33.453 [EXPANSION DEBUG]: LoadMissionTradersFile trader ExpansionTraderKaito<8a55c480> fileName Components
SCRIPT       : 18:41:33.460 [EXPANSION DEBUG]: ExpansionTraderCyril<8a57b500>::SetTraderObject ExpansionTraderObjectBase<d50cc6c0> <1136.987427, 5.908522, 2439.662598>
SCRIPT       : 18:41:33.460 [EXPANSION DEBUG]: LoadMissionTradersFile trader ExpansionTraderCyril<8a57b500> fileName Clothing
SCRIPT       : 18:41:33.476 [EXPANSION DEBUG]: ExpansionTraderGuo<8a57f310>::SetTraderObject ExpansionTraderObjectBase<d519bb70> <1133.974854, 5.909700, 2442.412598>
SCRIPT       : 18:41:33.476 [EXPANSION DEBUG]: LoadMissionTradersFile trader ExpansionTraderGuo<8a57f310> fileName Clothing_Accessories
SCRIPT       : 18:41:33.484 [EXPANSION DEBUG]: ExpansionTraderBoris<8a583120>::SetTraderObject ExpansionTraderObjectBase<d5275340> <1123.468262, 15.349299, 2426.316162>
SCRIPT       : 18:41:33.484 [EXPANSION DEBUG]: LoadMissionTradersFile trader ExpansionTraderBoris<8a583120> fileName Exchange
SCRIPT       : 18:41:33.484 [EXPANSION DEBUG]: ExpansionTraderLinda<d52f4a90>::SetTraderObject ExpansionTraderObjectBase<d5279cb0> <1135.892822, 5.908773, 2436.856689>
SCRIPT       : 18:41:33.484 [EXPANSION DEBUG]: LoadMissionTradersFile trader ExpansionTraderLinda<d52f4a90> fileName Consumables
SCRIPT       : 18:41:33.492 [EXPANSION DEBUG]: ExpansionTraderKeiko<d53042d0>::SetTraderObject ExpansionTraderObjectBase<d53d7570> <1130.731689, 5.951744, 2438.009277>
SCRIPT       : 18:41:33.492 [EXPANSION DEBUG]: LoadMissionTradersFile trader ExpansionTraderKeiko<d53042d0> fileName Medicals
SCRIPT       : 18:41:33.500 [EXPANSION DEBUG]: ExpansionTraderHelga<d53004c0>::SetTraderObject ExpansionTraderObjectBase<d8d40af0> <1141.654419, 5.906255, 2421.591309>
SCRIPT       : 18:41:33.500 [EXPANSION DEBUG]: LoadMissionTradersFile trader ExpansionTraderHelga<d53004c0> fileName Special
SCRIPT       : 18:41:33.507 [EXPANSION DEBUG]: ExpansionTraderFrida<d52f0c80>::SetTraderObject ExpansionTraderObjectBase<d8e10670> <1120.135132, 5.600746, 2417.465820>
SCRIPT       : 18:41:33.507 [EXPANSION DEBUG]: LoadMissionTradersFile trader ExpansionTraderFrida<d52f0c80> fileName Vehicles
SCRIPT       : 18:41:33.515 [EXPANSION DEBUG]: ExpansionTraderHassan<d52fc6b0>::SetTraderObject ExpansionTraderObjectBase<d8f2fe60> <1123.977905, 5.639271, 2417.411865>
SCRIPT       : 18:41:33.515 [EXPANSION DEBUG]: LoadMissionTradersFile trader ExpansionTraderHassan<d52fc6b0> fileName Vehicle_Parts
SCRIPT       : 18:41:33.515 [EXPANSION DEBUG]: ExpansionTraderDenis<d52f88a0>::SetTraderObject ExpansionTraderObjectBase<d8f347d0> <1156.719727, 6.513331, 2406.355225>
SCRIPT       : 18:41:33.515 [EXPANSION DEBUG]: LoadMissionTradersFile trader ExpansionTraderDenis<d52f88a0> fileName Weapons
SCRIPT       : 18:41:33.523 [EXPANSION DEBUG]: ExpansionTraderGabi<d52e9060>::SetTraderObject ExpansionTraderObjectBase<d8fbdab0> <1135.689941, 5.900000, 2423.300049>
SCRIPT       : 18:41:33.523 [EXPANSION DEBUG]: LoadMissionTradersFile trader ExpansionTraderGabi<d52e9060> fileName BuildingSupplies
SCRIPT       : 18:41:33.531 [EXPANSION DEBUG]: ExpansionTraderFrancis<d53080e0>::SetTraderObject ExpansionTraderObjectBase<d8fc2ce0> <11835.901367, 140.617874, 12474.744141>
SCRIPT       : 18:41:33.531 [EXPANSION DEBUG]: LoadMissionTradersFile trader ExpansionTraderFrancis<d53080e0> fileName Attachments
SCRIPT       : 18:41:33.531 [EXPANSION DEBUG]: ExpansionTraderLinda<d52ece70>::SetTraderObject ExpansionTraderObjectBase<d8fc7880> <11856.716797, 140.565109, 12461.438477>
SCRIPT       : 18:41:33.531 [EXPANSION DEBUG]: LoadMissionTradersFile trader ExpansionTraderLinda<d52ece70> fileName Consumables
SCRIPT       : 18:41:33.539 [EXPANSION DEBUG]: ExpansionTraderCyril<d530bef0>::SetTraderObject ExpansionTraderObjectBase<d8fcc6f0> <11855.000000, 140.605103, 12466.099609>
SCRIPT       : 18:41:33.539 [EXPANSION DEBUG]: LoadMissionTradersFile trader ExpansionTraderCyril<d530bef0> fileName Clothing
SCRIPT       : 18:41:33.539 [EXPANSION DEBUG]: ExpansionTraderGuo<d531f540>::SetTraderObject ExpansionTraderObjectBase<d8fd1e20> <11855.200195, 140.605103, 12470.487305>
SCRIPT       : 18:41:33.539 [EXPANSION DEBUG]: LoadMissionTradersFile trader ExpansionTraderGuo<d531f540> fileName Clothing_Accessories
SCRIPT       : 18:41:33.539 [EXPANSION DEBUG]: ExpansionTraderKaito<d531b730>::SetTraderObject ExpansionTraderObjectBase<d90c4f50> <11849.400391, 140.605087, 12466.200195>
SCRIPT       : 18:41:33.539 [EXPANSION DEBUG]: LoadMissionTradersFile trader ExpansionTraderKaito<d531b730> fileName Components
SCRIPT       : 18:41:33.546 [EXPANSION DEBUG]: ExpansionTraderBoris<d5317920>::SetTraderObject ExpansionTraderObjectBase<d90c9a50> <11858.202148, 140.615112, 12463.234375>
SCRIPT       : 18:41:33.546 [EXPANSION DEBUG]: LoadMissionTradersFile trader ExpansionTraderBoris<d5317920> fileName Exchange
SCRIPT       : 18:41:33.546 [EXPANSION DEBUG]: ExpansionTraderKeiko<d5323350>::SetTraderObject ExpansionTraderObjectBase<d90cdfb0> <11853.218750, 140.605087, 12463.277344>
SCRIPT       : 18:41:33.546 [EXPANSION DEBUG]: LoadMissionTradersFile trader ExpansionTraderKeiko<d5323350> fileName Medicals
SCRIPT       : 18:41:33.546 [EXPANSION DEBUG]: ExpansionTraderGabi<d530fd00>::SetTraderObject ExpansionTraderObjectBase<d90d30f0> <11833.200195, 140.605118, 12461.700195>
SCRIPT       : 18:41:33.546 [EXPANSION DEBUG]: LoadMissionTradersFile trader ExpansionTraderGabi<d530fd00> fileName Special
SCRIPT       : 18:41:33.554 [EXPANSION DEBUG]: ExpansionTraderElias<d5313b10>::SetTraderObject ExpansionTraderObjectBase<d9200b00> <11877.799805, 140.134796, 12441.599609>
SCRIPT       : 18:41:33.554 [EXPANSION DEBUG]: LoadMissionTradersFile trader ExpansionTraderElias<d5313b10> fileName Vehicles
SCRIPT       : 18:41:33.562 [EXPANSION DEBUG]: ExpansionTraderHassan<d91a1d30>::SetTraderObject ExpansionTraderObjectBase<d9207950> <11878.674805, 140.134796, 12424.302734>
SCRIPT       : 18:41:33.562 [EXPANSION DEBUG]: LoadMissionTradersFile trader ExpansionTraderHassan<d91a1d30> fileName Vehicle_Parts
SCRIPT       : 18:41:33.562 [EXPANSION DEBUG]: ExpansionTraderDenis<d91a5b40>::SetTraderObject ExpansionTraderObjectBase<d920c810> <11833.576172, 140.605072, 12469.492188>
SCRIPT       : 18:41:33.562 [EXPANSION DEBUG]: LoadMissionTradersFile trader ExpansionTraderDenis<d91a5b40> fileName Weapons
SCRIPT       : 18:41:33.570 [EXPANSION DEBUG]: ExpansionTraderLinda<d919df20>::SetTraderObject ExpansionTraderObjectBase<d92117c0> <11852.194336, 140.660980, 12472.387695>
SCRIPT       : 18:41:33.570 [EXPANSION DEBUG]: LoadMissionTradersFile trader ExpansionTraderLinda<d919df20> fileName BuildingSupplies
SCRIPT       : 18:41:33.578 [EXPANSION DEBUG]: ExpansionTraderManua<d91a9950>::SetTraderObject ExpansionTraderObjectBase<d9318c10> <11879.722656, 140.094788, 12435.959961>
SCRIPT       : 18:41:33.578 [EXPANSION DEBUG]: LoadMissionTradersFile trader ExpansionTraderManua<d91a9950> fileName Spraycans
SCRIPT       : 18:41:33.585 [EXPANSION DEBUG]: ExpansionTraderIrena<d91ad760>::SetTraderObject ExpansionTraderObjectBase<d9456380> <12160.279297, 140.580765, 12689.783203>
SCRIPT       : 18:41:33.585 [EXPANSION DEBUG]: LoadMissionTradersFile trader ExpansionTraderIrena<d91ad760> fileName Aircraft
SCRIPT       : [ExpansionQuestPersistentServerData] Load existing configuration file:$profile:ExpansionMod\Quests\PersistentServerData.json
SCRIPT       : [ExpansionQuestPersistentServerData] Load existing configuration file:$profile:ExpansionMod\Quests\PersistentServerData.json
SCRIPT       : [ExpansionQuestObjectiveTravelConfig] Load existing configuration file:$profile:ExpansionMod\Quests\Objectives\Travel\Objective_T_1.json
SCRIPT       : [ExpansionQuestObjectiveTravelConfig] Load existing configuration file:$profile:ExpansionMod\Quests\Objectives\Travel\Objective_T_2.json
SCRIPT       : [ExpansionQuestObjectiveTravelConfig] Load existing configuration file:$profile:ExpansionMod\Quests\Objectives\Travel\Objective_T_3.json
SCRIPT       : [ExpansionQuestObjectiveTravelConfig] Load existing configuration file:$profile:ExpansionMod\Quests\Objectives\Travel\Objective_T_4.json
SCRIPT       : [ExpansionQuestObjectiveTargetConfig] Load existing configuration file:$profile:ExpansionMod\Quests\Objectives\Target\Objective_TA_1.json
SCRIPT       : [ExpansionQuestObjectiveTargetConfig] Load existing configuration file:$profile:ExpansionMod\Quests\Objectives\Target\Objective_TA_2.json
SCRIPT       : [ExpansionQuestObjectiveTargetConfig] Load existing configuration file:$profile:ExpansionMod\Quests\Objectives\Target\Objective_TA_3.json
SCRIPT       : [ExpansionQuestObjectiveTargetConfig] Load existing configuration file:$profile:ExpansionMod\Quests\Objectives\Target\Objective_TA_4.json
SCRIPT       : [ExpansionQuestObjectiveDeliveryConfig] Load existing configuration file:$profile:ExpansionMod\Quests\Objectives\Delivery\Objective_D_1.json
SCRIPT       : [ExpansionQuestObjectiveDeliveryConfig] Load existing configuration file:$profile:ExpansionMod\Quests\Objectives\Delivery\Objective_D_2.json
SCRIPT       : [ExpansionQuestObjectiveCollectionConfig] Load existing configuration file:$profile:ExpansionMod\Quests\Objectives\Collection\Objective_C_1.json
SCRIPT       : [ExpansionQuestObjectiveCollectionConfig] Load existing configuration file:$profile:ExpansionMod\Quests\Objectives\Collection\Objective_C_2.json
SCRIPT       : [ExpansionQuestObjectiveCollectionConfig] Load existing configuration file:$profile:ExpansionMod\Quests\Objectives\Collection\Objective_C_3.json
SCRIPT       : [ExpansionQuestObjectiveTreasureHuntConfig] Load existing configuration file:$profile:ExpansionMod\Quests\Objectives\TreasureHunt\Objective_TH_1.json
SCRIPT       : [ExpansionQuestObjectiveActionConfig] Load existing configuration file:$profile:ExpansionMod\Quests\Objectives\Action\Objective_A_1.json
SCRIPT       : [ExpansionQuestObjectiveActionConfig] Load existing configuration file:$profile:ExpansionMod\Quests\Objectives\Action\Objective_A_2.json
SCRIPT       : [ExpansionQuestObjectiveCraftingConfig] Load existing configuration file:$profile:ExpansionMod\Quests\Objectives\Crafting\Objective_CR_1.json
SCRIPT       : [ExpansionQuestObjectiveAIPatrolConfig] Load existing configuration file:$profile:ExpansionMod\Quests\Objectives\AIPatrol\Objective_AIP_1.json
SCRIPT       : [ExpansionQuestObjectiveAICampConfig] Load existing configuration file:$profile:ExpansionMod\Quests\Objectives\AICamp\Objective_AIC_1.json
SCRIPT       : [ExpansionQuestObjectiveAIEscortConfig] Load existing configuration file:$profile:ExpansionMod\Quests\Objectives\AIVIP\Objective_AIESCORT_1.json
SCRIPT       : [ExpansionQuestNPCData] Load existing configuration file:QuestNPC_1.json
SCRIPT       : [ExpansionQuestNPCData] Load existing configuration file:QuestNPC_2.json
SCRIPT       : [ExpansionQuestNPCData] Load existing configuration file:QuestNPC_3.json
SCRIPT       : [EditorLoader] File found: $mission:\EditorFiles\TraderStorage.dze
SCRIPT       : [EditorLoader] Loaded files in 0.004s
SCRIPT       : [EditorLoader] 6 total objects created
SCRIPT       : [EditorLoader] 0 total objects deleted
SCRIPT       : [EditorLoader] Deleted & Created all objects in 0.04s
SCRIPT       : ExpansionMarketItem marketItem = ExpansionMarketItem<b6263620>
SCRIPT       : int worth =   1
SCRIPT       : 18:41:50.679 [EXPANSION DEBUG]: ExpansionP2PTraderAIIrena<5926f040>::SetP2PTraderID - ID: 1
SCRIPT       : ExpansionZonePolygon<52583fc0> position=<12015.854492, 0.000000, 12591.097656> radius=419.633
SCRIPT       : ExpansionZoneCircle<592b5020> position=<1143.140015, 0.000000, 2423.270020> radius=400
SCRIPT       : ExpansionZoneCircle<592b4f00> position=<3728.270020, 0.000000, 6003.600098> radius=400
SCRIPT       : Found 3 zones!
SCRIPT       : 18:41:50.726 [EXPANSION DEBUG]: ExpansionQuestNPCAIDenis<58b63b00>::OnEnterSafeZone
SCRIPT       : bool m_Expansion_LeavingSafeZone = 0
SCRIPT       : bool m_Expansion_IsInSafeZone = 0
SCRIPT       : bool m_Expansion_IsInSafeZoneSynchRemote = 0
SCRIPT       : 18:41:50.726 [EXPANSION DEBUG]: ExpansionP2PTraderAIIrena<5926f040>::OnEnterSafeZone
SCRIPT       : bool m_Expansion_LeavingSafeZone = 0
SCRIPT       : bool m_Expansion_IsInSafeZone = 0
SCRIPT       : bool m_Expansion_IsInSafeZoneSynchRemote = 0
SCRIPT       : 18:41:51.234 [EXPANSION DEBUG]: ExpansionItemSpawnHelper::Clone - created FAL:030935 at location { type=HANDS item=FAL:030902 parent=ExpansionQuestNPCAIDenis:044 }
SCRIPT       : 18:41:51.234 [EXPANSION DEBUG]: ExpansionItemSpawnHelper::Clone - created ReflexOptic:030936 at location { type=ATTACHMENT item=null parent=FAL:030935 slot=weaponOptics }
SCRIPT       : 18:41:51.234 [EXPANSION DEBUG]: ExpansionItemSpawnHelper::Clone - created Battery9V:030937 at location { type=ATTACHMENT item=null parent=ReflexOptic:030936 slot=BatteryD }
SCRIPT       : 18:41:51.234 [EXPANSION DEBUG]: ExpansionItemSpawnHelper::Clone - created Fal_FoldingBttstck:030938 at location { type=ATTACHMENT item=null parent=FAL:030935 slot=weaponButtstockFal }
SCRIPT       : 18:41:51.234 [EXPANSION DEBUG]: ExpansionItemSpawnHelper::Clone - created Mag_FAL_20Rnd:030939 at location { type=ATTACHMENT item=null parent=FAL:030935 slot=magazine }
SCRIPT       : [emote] ExpansionQuestNPCAIDenis:044 play emote id=46 IH=FAL:030935
SCRIPT       : [emote] ExpansionP2PTraderAIIrena:043 play emote id=46 IH=null
SCRIPT       : 18:41:53.281 [EXPANSION DEBUG]: ExpansionItemSpawnHelper::Clone - created M16A2:030904 at location { type=HANDS item=M16A2:030921 parent=ExpansionQuestNPCAIElias:045 }
SCRIPT       : 18:41:53.281 [EXPANSION DEBUG]: ExpansionItemSpawnHelper::Clone - created Mag_STANAG_30Rnd:030902 at location { type=ATTACHMENT item=null parent=M16A2:030904 slot=magazine }
SCRIPT       : [emote] ExpansionQuestNPCAIElias:045 play emote id=14 IH=M16A2:030904
SCRIPT       : 18:42:31.968 [EXPANSION DEBUG]: ExpansionHardlineModule<9b121b20> ::LoadPlayerData - Loaded player hardline data for player Blorpus9000[3I2KPiMwtNrbRzLe964-q3OrI2Ligr9LBcsFxmVIl3Q=]
SCRIPT       : ---- PlayerBase OnStoreLoad SUCCESS ----
SCRIPT       : [EditorLoader] Sent Deleted objects in 0s
SCRIPT       : 18:42:44.132 [EXPANSION DEBUG]: ExpansionPartyData<bd1540a0>::OnJoin party Blorpus (ID 0) player Blorpus9000 (ID 3I2KPiMwtNrbRzLe964-q3OrI2Ligr9LBcsFxmVIl3Q=)
SCRIPT       : 18:42:44.156 [EXPANSION DEBUG]: ExpansionQuestModule<9df694d0> Sending 21 quest configs to client with UID: 3I2KPiMwtNrbRzLe964-q3OrI2Ligr9LBcsFxmVIl3Q=
SCRIPT       : 18:42:44.156 [EXPANSION DEBUG]: ExpansionQuestModule<9df694d0> Sending player quest data for 4 quests to player with UID: 3I2KPiMwtNrbRzLe964-q3OrI2Ligr9LBcsFxmVIl3Q=
SCRIPT       : 18:43:42.203 [EXPANSION DEBUG]: ExpansionItemSpawnHelper::Clone - created AugShort:031182 at location { type=HANDS item=AugShort:031157 parent=eAI_SurvivorM_Mirek:048 }
SCRIPT       : 18:43:42.210 [EXPANSION DEBUG]: ExpansionItemSpawnHelper::Clone - created Mag_Aug_30Rnd:031183 at location { type=ATTACHMENT item=null parent=AugShort:031182 slot=magazine }
SCRIPT       : 18:43:42.210 [EXPANSION DEBUG]: ExpansionItemSpawnHelper::Clone - created AugOptic:031184 at location { type=ATTACHMENT item=null parent=AugShort:031182 slot=weaponOpticsAug }
SCRIPT       : 18:43:42.210 [EXPANSION DEBUG]: ExpansionItemSpawnHelper::Clone - created M16A2:031158 at location { type=HANDS item=M16A2:031168 parent=eAI_SurvivorM_Cyril:049 }
SCRIPT       : 18:43:42.210 [EXPANSION DEBUG]: ExpansionItemSpawnHelper::Clone - created Mag_STANAG_60Rnd:031157 at location { type=ATTACHMENT item=null parent=M16A2:031158 slot=magazine }
SCRIPT       : 18:43:42.289 [EXPANSION DEBUG]: ExpansionItemSpawnHelper::Clone - created M4A1:031181 at location { type=HANDS item=M4A1:025968 parent=eAI_SurvivorM_Denis:047 }
SCRIPT       : 18:43:42.289 [EXPANSION DEBUG]: ExpansionItemSpawnHelper::Clone - created M4_CarryHandleOptic:031168 at location { type=ATTACHMENT item=null parent=M4A1:031181 slot=weaponOptics }
SCRIPT       : 18:43:42.289 [EXPANSION DEBUG]: ExpansionItemSpawnHelper::Clone - created M4_PlasticHndgrd:031169 at location { type=ATTACHMENT item=null parent=M4A1:031181 slot=weaponHandguardM4 }
SCRIPT       : 18:43:42.289 [EXPANSION DEBUG]: ExpansionItemSpawnHelper::Clone - created Mag_STANAG_30Rnd:031185 at location { type=ATTACHMENT item=null parent=M4A1:031181 slot=magazine }
SCRIPT       : JMCameraModule::RPC_Leave - timestamp 152.512
SCRIPT       : JMCameraModule::Server_Leave - target SurvivorBase<6d11f040>
SCRIPT       : JMCameraModule::Server_Leave - spectated player NULL
SCRIPT       : 18:43:42.960 [EXPANSION DEBUG]: SurvivorBase<6d11f040>::OnEnterSafeZone
SCRIPT       : bool m_Expansion_LeavingSafeZone = 0
SCRIPT       : bool m_Expansion_IsInSafeZone = 0
SCRIPT       : bool m_Expansion_IsInSafeZoneSynchRemote = 0
SCRIPT       : 18:43:46.796 [EXPANSION DEBUG]: ExpansionItemSpawnHelper::Clone - created Scout:031346 at location { type=HANDS item=Scout:031304 parent=eAI_SurvivorF_Judy:050 }
SCRIPT       : 18:43:46.796 [EXPANSION DEBUG]: ExpansionItemSpawnHelper::Clone - created ACOGOptic:031347 at location { type=ATTACHMENT item=null parent=Scout:031346 slot=weaponOptics }
SCRIPT       : 18:43:46.796 [EXPANSION DEBUG]: ExpansionItemSpawnHelper::Clone - created Mag_Scout_5Rnd:031348 at location { type=ATTACHMENT item=null parent=Scout:031346 slot=magazine }
SCRIPT       : 18:43:46.867 [EXPANSION DEBUG]: ExpansionItemSpawnHelper::Clone - created M4A1:031305 at location { type=HANDS item=M4A1:031317 parent=eAI_SurvivorM_Indar:051 }
SCRIPT       : 18:43:46.867 [EXPANSION DEBUG]: ExpansionItemSpawnHelper::Clone - created ACOGOptic:031304 at location { type=ATTACHMENT item=null parent=M4A1:031305 slot=weaponOptics }
SCRIPT       : 18:43:46.867 [EXPANSION DEBUG]: ExpansionItemSpawnHelper::Clone - created M4_MPBttstck:031306 at location { type=ATTACHMENT item=null parent=M4A1:031305 slot=weaponButtstockM4 }
SCRIPT       : 18:43:46.867 [EXPANSION DEBUG]: ExpansionItemSpawnHelper::Clone - created M4_PlasticHndgrd:031349 at location { type=ATTACHMENT item=null parent=M4A1:031305 slot=weaponHandguardM4 }
SCRIPT       : 18:43:46.867 [EXPANSION DEBUG]: ExpansionItemSpawnHelper::Clone - created M4A1:031318 at location { type=HANDS item=M4A1:031332 parent=eAI_SurvivorF_Baty:052 }
SCRIPT       : 18:43:46.867 [EXPANSION DEBUG]: ExpansionItemSpawnHelper::Clone - created M4_CQBBttstck:031317 at location { type=ATTACHMENT item=null parent=M4A1:031318 slot=weaponButtstockM4 }
SCRIPT       : 18:43:46.875 [EXPANSION DEBUG]: ExpansionItemSpawnHelper::Clone - created M4_MPHndgrd:031320 at location { type=ATTACHMENT item=null parent=M4A1:031318 slot=weaponHandguardM4 }
SCRIPT       : 18:43:46.875 [EXPANSION DEBUG]: ExpansionItemSpawnHelper::Clone - created ACOGOptic:031319 at location { type=ATTACHMENT item=null parent=M4A1:031318 slot=weaponOptics }
SCRIPT       : 18:43:46.875 [EXPANSION DEBUG]: ExpansionItemSpawnHelper::Clone - created Mag_STANAG_30Rnd:031350 at location { type=ATTACHMENT item=null parent=M4A1:031318 slot=magazine }
SCRIPT       : 18:43:49.835 [EXPANSION DEBUG]: ExpansionQuestModule<9df694d0> Quest configs already synched for player with UID: 3I2KPiMwtNrbRzLe964-q3OrI2Ligr9LBcsFxmVIl3Q=
SCRIPT       : 18:43:49.835 [EXPANSION DEBUG]: ExpansionQuestModule<9df694d0> Sending player quest data for quest ID 14 to player with UID: 3I2KPiMwtNrbRzLe964-q3OrI2Ligr9LBcsFxmVIl3Q=
SCRIPT       : [emote] ExpansionQuestNPCAIDenis:044 play emote id=39 IH=FAL:030935
SCRIPT       : 18:43:49.835 [EXPANSION DEBUG]: ExpansionQuestModule<9df694d0> Quest configs already synched for player with UID: 3I2KPiMwtNrbRzLe964-q3OrI2Ligr9LBcsFxmVIl3Q=
SCRIPT       : 18:43:49.835 [EXPANSION DEBUG]: ExpansionQuestModule<9df694d0> Sending player quest data for quest ID 14 to player with UID: 3I2KPiMwtNrbRzLe964-q3OrI2Ligr9LBcsFxmVIl3Q=
SCRIPT       : [Logout]: New player 3I2KPiMwtNrbRzLe964-q3OrI2Ligr9LBcsFxmVIl3Q= with logout time 3
SCRIPT       : [emote] SurvivorM_Quinn:046 play emote id=14 IH=null
SCRIPT       : 18:44:22.812 [EXPANSION DEBUG]: ExpansionPartyData<bd1540a0>::OnLeave party Blorpus (ID 0) player Blorpus9000 (ID 3I2KPiMwtNrbRzLe964-q3OrI2Ligr9LBcsFxmVIl3Q=)
SCRIPT       : 18:44:22.812 [EXPANSION DEBUG]: ExpansionQuestPersistentData<720989c0> ~ExpansionQuestPersistentData (4)
SCRIPT       : [Logout]: Player 3I2KPiMwtNrbRzLe964-q3OrI2Ligr9LBcsFxmVIl3Q= finished
