---------------------------------------------
Log C:\Program Files (x86)\Steam\steamapps\common\DayZServerAug2\config\script_2023-08-11_19-19-29.log started at 11.08. 19:19:29

SCRIPT       : Registered 397 temporary action enum(s), UAN==397
SCRIPT       : Registering faction type eAIFactionShamans ID -1484989417
SCRIPT       : Registering faction type eAIFactionObservers ID -563736721
SCRIPT       : Registering faction type eAIFactionInvincibleObservers ID -1227299746
SCRIPT       : Registering faction type eAIFactionEast ID 90522109
SCRIPT       : Registering faction type eAIFactionGuards ID 963933710
SCRIPT       : Registering faction type eAIFactionRaiders ID 1535276022
SCRIPT       : Registering faction type eAIFactionMercenaries ID 1629891834
SCRIPT       : Registering faction type eAIFactionWest ID 113880155
SCRIPT       : Registering faction type eAIFactionCivilian ID 1096178351
SCRIPT       : Registering faction type eAIFactionPassive ID -1159399789
SCRIPT       : Registering faction type eAIFactionInvincibleGuards ID 782746017
SCRIPT       : ... Backlit Effects Enabled
SCRIPT       : 19:19:30 [EXPANSION LOG]: DayZGame<7d89dde0> Start time (local time) 2023-08-11 19:19:26
SCRIPT       : 19:19:30 [EXPANSION LOG]: DayZGame<7d89dde0> Start time (UTC) 2023-08-12 00:19:26
SCRIPT       : 19:19:30 [EXPANSION LOG]: DayZGame<7d89dde0> Runtime since start (seconds) 4.455
SCRIPT    (W): @"JM/COT/Scripts/4_World/communityonlinetools\classes\webhook\jmwebhookdiscordmessage.c,19": Possible variable name conflict 'username'
SCRIPT    (W): @"JM/COT/Scripts/4_World/communityonlinetools\classes\webhook\jmwebhookdiscordmessage.c,19": Possible variable name conflict 'avatar_url'
SCRIPT    (W): @"JM/COT/Scripts/4_World/communityonlinetools\classes\webhook\jmwebhookdiscordmessage.c,19": Possible variable name conflict 'content'
SCRIPT    (W): @"JM/COT/Scripts/4_World/communityonlinetools\classes\webhook\jmwebhookdiscordmessage.c,151": Possible variable name conflict 'url'
SCRIPT    (W): @"JM/COT/Scripts/4_World/communityonlinetools\classes\webhook\jmwebhookdiscordmessage.c,172": Possible variable name conflict 'url'
SCRIPT    (W): @"JM/COT/Scripts/4_World/communityonlinetools\classes\webhook\jmwebhookdiscordmessage.c,180": Possible variable name conflict 'url'
SCRIPT       : 19:19:45.093 [EXPANSION DEBUG]: [ExpansionDebugSettings] Load existing setting file:$profile:ExpansionMod\Settings\DebugSettings.json
SCRIPT       : 19:19:45.093 [EXPANSION DEBUG]: [ExpansionLogSettings] Load existing setting file:$profile:ExpansionMod\Settings\LogsSettings.json
SCRIPT       : 19:19:45.101 [EXPANSION DEBUG]: [ExpansionNotificationSettings] Load existing setting file:$profile:ExpansionMod\Settings\NotificationSettings.json
SCRIPT       : 19:19:45.101 [EXPANSION DEBUG]: [ExpansionMonitoringSettings] Load existing setting file:$profile:ExpansionMod\Settings\MonitoringSettings.json
SCRIPT       : 19:19:45.101 [EXPANSION DEBUG]: [ExpansionDamageSystemSettings] Load existing setting file:$profile:ExpansionMod\Settings\DamageSystemSettings.json
SCRIPT       : 19:19:45.101 [EXPANSION DEBUG]: [ExpansionPartySettings] Load existing setting file:$profile:ExpansionMod\Settings\PartySettings.json
SCRIPT       : 19:19:45.101 [EXPANSION DEBUG]: [ExpansionHardlineSettings] Load existing setting file:$mission:expansion\settings\HardlineSettings.json
SCRIPT       : 19:19:45.109 [EXPANSION DEBUG]: [ExpansionMarketSettings] Load existing setting file:$mission:expansion\settings\MarketSettings.json
SCRIPT       : ExpansionMarketSettings::LoadCategories - Adding category ID 1 (Ammo)
SCRIPT       : ExpansionMarketSettings::LoadCategories - Adding category ID 2 (Ammo_Boxes)
SCRIPT       : ExpansionMarketSettings::LoadCategories - Adding category ID 3 (Armbands)
SCRIPT       : ExpansionMarketSettings::LoadCategories - Adding category ID 4 (Assault_Rifles)
SCRIPT       : ExpansionMarketSettings::LoadCategories - Adding category ID 5 (Backpacks)
SCRIPT       : ExpansionMarketSettings::LoadCategories - Adding category ID 6 (Bandanas)
SCRIPT       : ExpansionMarketSettings::LoadCategories - Adding category ID 7 (Batteries)
SCRIPT       : ExpansionMarketSettings::LoadCategories - Adding category ID 8 (Bayonets)
SCRIPT       : ExpansionMarketSettings::LoadCategories - Adding category ID 9 (Belts)
SCRIPT       : ExpansionMarketSettings::LoadCategories - Adding category ID 10 (Blouses_And_Suits)
SCRIPT       : ExpansionMarketSettings::LoadCategories - Adding category ID 11 (Boats)
SCRIPT       : ExpansionMarketSettings::LoadCategories - Adding category ID 12 (Boots_And_Shoes)
SCRIPT       : ExpansionMarketSettings::LoadCategories - Adding category ID 13 (Buttstocks)
SCRIPT       : ExpansionMarketSettings::LoadCategories - Adding category ID 14 (Caps)
SCRIPT       : ExpansionMarketSettings::LoadCategories - Adding category ID 15 (Cars)
SCRIPT       : ExpansionMarketSettings::LoadCategories - Adding category ID 16 (Coats_And_Jackets)
SCRIPT       : ExpansionMarketSettings::LoadCategories - Adding category ID 17 (Containers)
SCRIPT       : ExpansionMarketSettings::LoadCategories - Adding category ID 18 (Crossbows)
SCRIPT       : ExpansionMarketSettings::LoadCategories - Adding category ID 19 (Drinks)
SCRIPT       : ExpansionMarketSettings::LoadCategories - Adding category ID 20 (Electronics)
SCRIPT       : ExpansionMarketSettings::LoadCategories - Adding category ID 21 (Event)
SCRIPT       : ExpansionMarketSettings::LoadCategories - Adding category ID 22 (Exchange)
SCRIPT       : ExpansionMarketSettings::LoadCategories - Adding category ID 23 (Explosives_And_Grenades)
SCRIPT       : ExpansionMarketSettings::LoadCategories - Adding category ID 24 (Eyewear)
SCRIPT       : ExpansionMarketSettings::LoadCategories - Adding category ID 25 (Fish)
SCRIPT       : ExpansionMarketSettings::LoadCategories - Adding category ID 26 (Fishing)
SCRIPT       : ExpansionMarketSettings::LoadCategories - Adding category ID 27 (Flags)
SCRIPT       : ExpansionMarketSettings::LoadCategories - Adding category ID 28 (Food)
SCRIPT       : ExpansionMarketSettings::LoadCategories - Adding category ID 29 (Fruit_And_Vegetables)
SCRIPT       : ExpansionMarketSettings::LoadCategories - Adding category ID 30 (Furnishings)
SCRIPT       : ExpansionMarketSettings::LoadCategories - Adding category ID 31 (Gardening)
SCRIPT       : ExpansionMarketSettings::LoadCategories - Adding category ID 32 (Ghillies)
SCRIPT       : ExpansionMarketSettings::LoadCategories - Adding category ID 33 (Gloves)
SCRIPT       : ExpansionMarketSettings::LoadCategories - Adding category ID 34 (Handguards)
SCRIPT       : ExpansionMarketSettings::LoadCategories - Adding category ID 35 (Hats_And_Hoods)
SCRIPT       : ExpansionMarketSettings::LoadCategories - Adding category ID 36 (Helicopters)
SCRIPT       : ExpansionMarketSettings::LoadCategories - Adding category ID 37 (Helmets)
SCRIPT       : ExpansionMarketSettings::LoadCategories - Adding category ID 38 (Holsters_And_Pouches)
SCRIPT       : ExpansionMarketSettings::LoadCategories - Adding category ID 39 (Kits)
SCRIPT       : ExpansionMarketSettings::LoadCategories - Adding category ID 40 (Knifes)
SCRIPT       : ExpansionMarketSettings::LoadCategories - Adding category ID 41 (Launchers)
SCRIPT       : ExpansionMarketSettings::LoadCategories - Adding category ID 42 (Lights)
SCRIPT       : ExpansionMarketSettings::LoadCategories - Adding category ID 43 (Liquids)
SCRIPT       : ExpansionMarketSettings::LoadCategories - Adding category ID 44 (Locks)
SCRIPT       : ExpansionMarketSettings::LoadCategories - Adding category ID 45 (Magazines)
SCRIPT       : ExpansionMarketSettings::LoadCategories - Adding category ID 46 (Masks)
SCRIPT       : ExpansionMarketSettings::LoadCategories - Adding category ID 47 (Meat)
SCRIPT       : ExpansionMarketSettings::LoadCategories - Adding category ID 48 (Medical)
SCRIPT       : ExpansionMarketSettings::LoadCategories - Adding category ID 49 (Melee_Weapons)
SCRIPT       : ExpansionMarketSettings::LoadCategories - Adding category ID 50 (Muzzles)
SCRIPT       : ExpansionMarketSettings::LoadCategories - Adding category ID 51 (Navigation)
SCRIPT       : ExpansionMarketSettings::LoadCategories - Adding category ID 52 (Optics)
SCRIPT       : ExpansionMarketSettings::LoadCategories - Adding category ID 53 (Pants_And_Shorts)
SCRIPT       : ExpansionMarketSettings::LoadCategories - Adding category ID 54 (Pistols)
SCRIPT       : ExpansionMarketSettings::LoadCategories - Adding category ID 55 (Rifles)
SCRIPT       : ExpansionMarketSettings::LoadCategories - Adding category ID 56 (Shirts_And_TShirts)
SCRIPT       : ExpansionMarketSettings::LoadCategories - Adding category ID 57 (Shotguns)
SCRIPT       : ExpansionMarketSettings::LoadCategories - Adding category ID 58 (Skirts_And_Dresses)
SCRIPT       : ExpansionMarketSettings::LoadCategories - Adding category ID 59 (Sniper_Rifles)
SCRIPT       : ExpansionMarketSettings::LoadCategories - Adding category ID 60 (Spraycans)
SCRIPT       : ExpansionMarketSettings::LoadCategories - Adding category ID 61 (Submachine_Guns)
SCRIPT       : ExpansionMarketSettings::LoadCategories - Adding category ID 62 (Supplies)
SCRIPT       : ExpansionMarketSettings::LoadCategories - Adding category ID 63 (Sweaters_And_Hoodies)
SCRIPT       : ExpansionMarketSettings::LoadCategories - Adding category ID 64 (Tents)
SCRIPT       : ExpansionMarketSettings::LoadCategories - Adding category ID 65 (Tools)
SCRIPT       : ExpansionMarketSettings::LoadCategories - Adding category ID 66 (Vehicle_Parts)
SCRIPT       : ExpansionMarketSettings::LoadCategories - Adding category ID 67 (Vests)
SCRIPT       : 19:19:45.242 [EXPANSION DEBUG]: [ExpansionAirdropSettings] Load existing setting file:$profile:ExpansionMod\Settings\AirdropSettings.json
SCRIPT       : 19:19:45.359 [EXPANSION DEBUG]: [ExpansionMissionSettings] Load existing setting file:$profile:ExpansionMod\Settings\MissionSettings.json
SCRIPT       : 19:19:45.359 [EXPANSION DEBUG]: [ExpansionMapSettings] Load existing setting file:$mission:expansion\settings\MapSettings.json
SCRIPT       : 19:19:45.375 [EXPANSION DEBUG]: [ExpansionPersonalStorageNewSettings] Load existing setting file:$profile:ExpansionMod\Settings\PersonalStorageNewSettings.json
SCRIPT       : 19:19:45.375 [EXPANSION DEBUG]: [ExpansionGeneralSettings] Load existing setting file:$profile:ExpansionMod\Settings\GeneralSettings.json
SCRIPT       : 19:19:45.375 [EXPANSION DEBUG]: [ExpansionPlayerListSettings] Load existing setting file:$profile:ExpansionMod\Settings\PlayerListSettings.json
SCRIPT       : 19:19:45.375 [EXPANSION DEBUG]: [ExpansionSocialMediaSettings] Load existing setting file:$profile:ExpansionMod\Settings\SocialMediaSettings.json
SCRIPT       : 19:19:45.375 [EXPANSION DEBUG]: [ExpansionSpawnSettings] Load existing setting file:$mission:expansion\settings\SpawnSettings.json
SCRIPT       : 19:19:45.375 [EXPANSION DEBUG]: [ExpansionVehicleSettings] Load existing setting file:$profile:ExpansionMod\Settings\VehicleSettings.json
SCRIPT       : 19:19:45.375 [EXPANSION DEBUG]: [ExpansionAISettings] Load existing setting file:$profile:ExpansionMod\Settings\AISettings.json
SCRIPT       : 19:19:45.375 [EXPANSION DEBUG]: [ExpansionAIPatrolSettings] Load existing setting file:$mission:expansion\settings\AIPatrolSettings.json
SCRIPT       : 19:19:45.382 [EXPANSION DEBUG]: [ExpansionBaseBuildingSettings] Load existing setting file:$mission:expansion\settings\BaseBuildingSettings.json
SCRIPT       : 19:19:45.382 [EXPANSION DEBUG]: [ExpansionRaidSettings] Load existing setting file:$profile:ExpansionMod\Settings\RaidSettings.json
SCRIPT       : 19:19:45.382 [EXPANSION DEBUG]: [ExpansionTerritorySettings] Load existing setting file:$profile:ExpansionMod\Settings\TerritorySettings.json
SCRIPT       : 19:19:45.390 [EXPANSION DEBUG]: [ExpansionChatSettings] Load existing setting file:$profile:ExpansionMod\Settings\ChatSettings.json
SCRIPT    (E): JSON ERROR dolphin/DayZ-Expansion-AI-Dynamic/Scripts/5_Mission/modules\expansionrespawnhandlermodule.c:12
SCRIPT    (E): 
JSON ERROR:
Reading variable: data
Expecting instance
Reading variable: Point
Expecting array
At index 2, Expecting instance
Reading variable: Spatial_MinCount
Expecting int
Cannot convert to int

Function: 'Error'
Stack trace:
scripts/1_Core/proto\endebug.c:92
scripts/3_Game/tools\jsonfileloader.c:29
dolphin/DayZ-Expansion-AI-Dynamic/Scripts/3_Game/settings\spatialsettings.c:51
dolphin/DayZ-Expansion-AI-Dynamic/Scripts/3_Game/settings\spatialsettings.c:414
dolphin/DayZ-Expansion-AI-Dynamic/Scripts/5_Mission/modules\spatialai.c:24
dolphin/DayZ-Expansion-AI-Dynamic/Scripts/5_Mission/modules\expansionrespawnhandlermodule.c:12
SCRIPT       : Expansion version: 1.8.21
SCRIPT       : [DefineTest] EXPANSIONMOD is defined
SCRIPT       : [DefineTest] EXPANSIONMODAI is defined
SCRIPT       : [DefineTest] EXPANSIONMODANIMATIONS is defined
SCRIPT       : [DefineTest] EXPANSIONMODBASEBUILDING is defined
SCRIPT       : [DefineTest] EXPANSIONMODBOOK is defined
SCRIPT       : [DefineTest] EXPANSIONMODCHAT is defined
SCRIPT       : [DefineTest] EXPANSIONMODCORE is defined
SCRIPT       : [DefineTest] EXPANSIONMODGARAGE is defined
SCRIPT       : [DefineTest] EXPANSIONMODGROUPS is defined
SCRIPT       : [DefineTest] EXPANSIONMODHARDLINE is defined
SCRIPT       : [DefineTest] EXPANSIONMODKILLFEED is defined
SCRIPT       : [DefineTest] EXPANSIONMODMAPASSETS is defined
SCRIPT       : [DefineTest] EXPANSIONMODMARKET is defined
SCRIPT       : [DefineTest] EXPANSIONMODMISSIONS is defined
SCRIPT       : [DefineTest] EXPANSIONMODNAMETAGS is defined
SCRIPT       : [DefineTest] EXPANSIONMODNAVIGATION is defined
SCRIPT       : [DefineTest] EXPANSIONMODP2PMARKET is defined
SCRIPT       : [DefineTest] EXPANSIONMODPERSONALSTORAGE is defined
SCRIPT       : [DefineTest] EXPANSIONMODQUESTS is defined
SCRIPT       : [DefineTest] EXPANSIONMODSPAWNSELECTION is defined
SCRIPT       : [DefineTest] EXPANSIONMODVEHICLE is defined
SCRIPT       : [DefineTest] EXPANSIONMODWEAPONS is defined
SCRIPT       : [DefineTest] CfgMods:
SCRIPT       : defaultAction
SCRIPT       : DayZ
SCRIPT       : DZ_Expansion_AI_Preload
SCRIPT       : DZ_Expansion_Animations_Preload
SCRIPT       : DZ_Expansion_BaseBuilding_Preload
SCRIPT       : DZ_Expansion_Book_Preload
SCRIPT       : DZ_Expansion_Chat_Preload
SCRIPT       : DZ_Expansion_Core_Preload
SCRIPT       : DZ_Expansion_Garage_Preload
SCRIPT       : DZ_Expansion_Groups_Preload
SCRIPT       : DZ_Expansion_Hardline_Preload
SCRIPT       : DZ_Expansion_KillFeed_Preload
SCRIPT       : DZ_Expansion_MapAssets_Preload
SCRIPT       : DZ_Expansion_Market_Preload
SCRIPT       : DZ_Expansion_Missions_Preload
SCRIPT       : DZ_Expansion_ModStorage_Preload
SCRIPT       : DZ_Expansion_NameTags_Preload
SCRIPT       : DZ_Expansion_Navigation_Preload
SCRIPT       : DZ_Expansion_P2PMarket_Preload
SCRIPT       : DZ_Expansion_PersonalStorage_Preload
SCRIPT       : DZ_Expansion_Preload
SCRIPT       : DZ_Expansion_Quests_Preload
SCRIPT       : DZ_Expansion_SpawnSelection_Preload
SCRIPT       : DZ_Expansion_Vehicles_Preload
SCRIPT       : DZ_Expansion_Weapons_Preload
SCRIPT       : DZ_DabsFramework
SCRIPT       : DZ_Expansion_DefineTest
SCRIPT       : DZ_Expansion_MapAssets
SCRIPT       : bliss
SCRIPT       : JM_CommunityFramework
SCRIPT       : JM_CommunityOnlineTools
SCRIPT       : PvZmoD_CustomisableZombies
SCRIPT       : BoostZombiesVisionAddon
SCRIPT       : DZ_Expansion_ModStorage
SCRIPT       : DZ_Expansion_Core
SCRIPT       : DZ_Expansion_Garage
SCRIPT       : DZ_Expansion_Groups
SCRIPT       : DZ_Expansion_Market
SCRIPT       : DZ_Expansion_Missions
SCRIPT       : DZ_Expansion_NameTags
SCRIPT       : DZ_Expansion_Navigation
SCRIPT       : DZ_Expansion_NotificationScheduler
SCRIPT       : DZ_Expansion_P2PMarket
SCRIPT       : DZ_Expansion_PersonalStorage
SCRIPT       : DZ_Expansion_PersonalStorageNew
SCRIPT       : DZ_Expansion_PlayerList
SCRIPT       : DZ_Expansion
SCRIPT       : DZ_Expansion_SpawnSelection
SCRIPT       : DZ_Expansion_VanillaFixes
SCRIPT       : DZ_Expansion_Vehicles
SCRIPT       : DZ_Expansion_Weapons
SCRIPT       : DZ_Expansion_AI
SCRIPT       : DZ_Expansion_BaseBuilding
SCRIPT       : DZ_Expansion_Book
SCRIPT       : DZ_Expansion_Chat
SCRIPT       : DZ_Expansion_Hardline
SCRIPT       : DZ_Expansion_Quests
SCRIPT       : DZ_Expansion_VirtualContainerStorage
SCRIPT       : DayZ_Expansion_AI_Dynamic
SCRIPT    (E): JSON ERROR $CurrentDir:mpmissions\Expansion.chernarusplus\init.c:99
SCRIPT    (E): 
JSON ERROR:
Reading variable: data
Expecting instance
Reading variable: Point
Expecting array
At index 2, Expecting instance
Reading variable: Spatial_MinCount
Expecting int
Cannot convert to int

Function: 'Error'
Stack trace:
scripts/1_Core/proto\endebug.c:92
scripts/3_Game/tools\jsonfileloader.c:29
dolphin/DayZ-Expansion-AI-Dynamic/Scripts/3_Game/settings\spatialsettings.c:51
dolphin/DayZ-Expansion-AI-Dynamic/Scripts/3_Game/settings\spatialsettings.c:20
dolphin/DayZ-Expansion-AI-Dynamic/Scripts/5_Mission/mission\missionserver.c:15
$CurrentDir:mpmissions\Expansion.chernarusplus\init.c:99
SCRIPT       : 19:19:45.890 [EXPANSION DEBUG]: ModStorage v5
SCRIPT       : 19:19:48.773 [EXPANSION DEBUG]: ExpansionTraderJudy<a90c2010>::SetTraderObject ExpansionTraderObjectBase<4c46d9f0> <4973.928711, 9.510984, 2436.782959>
SCRIPT       : 19:19:48.773 [EXPANSION DEBUG]: LoadMissionTradersFile trader ExpansionTraderJudy<a90c2010> fileName Aircraft
SCRIPT       : 19:19:48.789 [EXPANSION DEBUG]: ExpansionTraderJose<b6949800>::SetTraderObject ExpansionTraderObjectBase<4c6c6130> <14353.624023, 3.326771, 13229.217773>
SCRIPT       : 19:19:48.789 [EXPANSION DEBUG]: LoadMissionTradersFile trader ExpansionTraderJose<b6949800> fileName Boats
SCRIPT       : 19:19:48.796 [EXPANSION DEBUG]: ExpansionTraderEva<4c858020>::SetTraderObject ExpansionTraderObjectBase<4c7eb7a0> <14378.793945, 3.325975, 13271.585938>
SCRIPT       : 19:19:48.796 [EXPANSION DEBUG]: LoadMissionTradersFile trader ExpansionTraderEva<4c858020> fileName Fishing
SCRIPT       : 19:19:48.796 [EXPANSION DEBUG]: ExpansionTraderLewis<c4ef0020>::SetTraderObject ExpansionTraderObjectBase<4c884d20> <1756.656372, 1.415564, 2027.359741>
SCRIPT       : 19:19:48.796 [EXPANSION DEBUG]: LoadMissionTradersFile trader ExpansionTraderLewis<c4ef0020> fileName Boats
SCRIPT       : 19:19:48.804 [EXPANSION DEBUG]: LoadMissionTradersFile trader ExpansionTraderStaticBase<3057be40> fileName Exchange
SCRIPT       : 19:19:48.820 [EXPANSION DEBUG]: ExpansionTraderDenis<14d3a2b0>::SetTraderObject ExpansionTraderObjectBase<4c9bf230> <3697.249512, 402.010010, 5977.625488>
SCRIPT       : 19:19:48.820 [EXPANSION DEBUG]: LoadMissionTradersFile trader ExpansionTraderDenis<14d3a2b0> fileName Clothing
SCRIPT       : 19:19:48.835 [EXPANSION DEBUG]: ExpansionTraderMaria<4c728020>::SetTraderObject ExpansionTraderObjectBase<4cab4bc0> <3696.455811, 402.010010, 5980.193359>
SCRIPT       : 19:19:48.835 [EXPANSION DEBUG]: LoadMissionTradersFile trader ExpansionTraderMaria<4c728020> fileName Clothing_Accessories
SCRIPT       : 19:19:48.851 [EXPANSION DEBUG]: ExpansionTraderQuinn<4cc04010>::SetTraderObject ExpansionTraderObjectBase<54692030> <3710.121826, 402.010010, 5976.164063>
SCRIPT       : 19:19:48.851 [EXPANSION DEBUG]: LoadMissionTradersFile trader ExpansionTraderQuinn<4cc04010> fileName Consumables
SCRIPT       : 19:19:48.867 [EXPANSION DEBUG]: ExpansionTraderNaomi<d35d8020>::SetTraderObject ExpansionTraderObjectBase<54756ce0> <3708.786865, 402.010010, 5974.589844>
SCRIPT       : 19:19:48.867 [EXPANSION DEBUG]: LoadMissionTradersFile trader ExpansionTraderNaomi<d35d8020> fileName Weapons
SCRIPT       : 19:19:48.882 [EXPANSION DEBUG]: ExpansionTraderSeth<b9da290>::SetTraderObject ExpansionTraderObjectBase<5491b7e0> <3710.265137, 402.010010, 5973.340820>
SCRIPT       : 19:19:48.882 [EXPANSION DEBUG]: LoadMissionTradersFile trader ExpansionTraderSeth<b9da290> fileName Attachments
SCRIPT       : 19:19:48.890 [EXPANSION DEBUG]: ExpansionTraderRolf<b9e5cc0>::SetTraderObject ExpansionTraderObjectBase<54a63aa0> <3698.172607, 402.010010, 5995.337402>
SCRIPT       : 19:19:48.890 [EXPANSION DEBUG]: LoadMissionTradersFile trader ExpansionTraderRolf<b9e5cc0> fileName Vehicles
SCRIPT       : 19:19:48.914 [EXPANSION DEBUG]: ExpansionTraderIndar<b9e9ad0>::SetTraderObject ExpansionTraderObjectBase<54b9ebe0> <3714.531006, 402.138000, 5961.776367>
SCRIPT       : 19:19:48.914 [EXPANSION DEBUG]: LoadMissionTradersFile trader ExpansionTraderIndar<b9e9ad0> fileName Components
SCRIPT       : 19:19:48.914 [EXPANSION DEBUG]: ExpansionTraderJudy<b9d6480>::SetTraderObject ExpansionTraderObjectBase<54c3e4a0> <3729.029541, 402.651001, 5969.476563>
SCRIPT       : 19:19:48.914 [EXPANSION DEBUG]: LoadMissionTradersFile trader ExpansionTraderJudy<b9d6480> fileName Medicals
SCRIPT       : 19:19:48.921 [EXPANSION DEBUG]: ExpansionTraderNaomi<b9f9310>::SetTraderObject ExpansionTraderObjectBase<54c44800> <3690.062988, 402.100067, 6006.763672>
SCRIPT       : 19:19:48.921 [EXPANSION DEBUG]: LoadMissionTradersFile trader ExpansionTraderNaomi<b9f9310> fileName Vehicle_Parts
SCRIPT       : 19:19:48.929 [EXPANSION DEBUG]: ExpansionTraderJose<b9f5500>::SetTraderObject ExpansionTraderObjectBase<54c498f0> <3699.629883, 402.010010, 5993.970215>
SCRIPT       : 19:19:48.929 [EXPANSION DEBUG]: LoadMissionTradersFile trader ExpansionTraderJose<b9f5500> fileName Spraycans
SCRIPT       : 19:19:48.937 [EXPANSION DEBUG]: ExpansionTraderLinda<b9fd120>::SetTraderObject ExpansionTraderObjectBase<54d836b0> <3674.669922, 406.760010, 5990.390137>
SCRIPT       : 19:19:48.937 [EXPANSION DEBUG]: LoadMissionTradersFile trader ExpansionTraderLinda<b9fd120> fileName Special
SCRIPT       : 19:19:48.945 [EXPANSION DEBUG]: ExpansionTraderNiki<ba00f30>::SetTraderObject ExpansionTraderObjectBase<54e75db0> <3699.030029, 402.013000, 5973.439941>
SCRIPT       : 19:19:48.945 [EXPANSION DEBUG]: LoadMissionTradersFile trader ExpansionTraderNiki<ba00f30> fileName BuildingSupplies
SCRIPT       : 19:19:48.953 [EXPANSION DEBUG]: ExpansionTraderFrancis<ba04d40>::SetTraderObject ExpansionTraderObjectBase<54f76cb0> <1153.964844, 6.463035, 2409.763184>
SCRIPT       : 19:19:48.953 [EXPANSION DEBUG]: LoadMissionTradersFile trader ExpansionTraderFrancis<ba04d40> fileName Attachments
SCRIPT       : 19:19:48.960 [EXPANSION DEBUG]: ExpansionTraderKaito<b9ed8e0>::SetTraderObject ExpansionTraderObjectBase<55086960> <1117.021240, 5.495151, 2413.766357>
SCRIPT       : 19:19:48.960 [EXPANSION DEBUG]: LoadMissionTradersFile trader ExpansionTraderKaito<b9ed8e0> fileName Components
SCRIPT       : 19:19:48.968 [EXPANSION DEBUG]: ExpansionTraderCyril<ba0c960>::SetTraderObject ExpansionTraderObjectBase<55226300> <1136.987427, 5.908522, 2439.662598>
SCRIPT       : 19:19:48.968 [EXPANSION DEBUG]: LoadMissionTradersFile trader ExpansionTraderCyril<ba0c960> fileName Clothing
SCRIPT       : 19:19:48.976 [EXPANSION DEBUG]: ExpansionTraderGuo<ba08b50>::SetTraderObject ExpansionTraderObjectBase<552449e0> <1133.974854, 5.909700, 2442.412598>
SCRIPT       : 19:19:48.976 [EXPANSION DEBUG]: LoadMissionTradersFile trader ExpansionTraderGuo<ba08b50> fileName Clothing_Accessories
SCRIPT       : 19:19:48.984 [EXPANSION DEBUG]: ExpansionTraderBoris<b9f16f0>::SetTraderObject ExpansionTraderObjectBase<552ca800> <1123.468262, 15.349299, 2426.316162>
SCRIPT       : 19:19:48.984 [EXPANSION DEBUG]: LoadMissionTradersFile trader ExpansionTraderBoris<b9f16f0> fileName Exchange
SCRIPT       : 19:19:48.984 [EXPANSION DEBUG]: ExpansionTraderLinda<553d32d0>::SetTraderObject ExpansionTraderObjectBase<552d0890> <1135.892822, 5.908773, 2436.856689>
SCRIPT       : 19:19:48.984 [EXPANSION DEBUG]: LoadMissionTradersFile trader ExpansionTraderLinda<553d32d0> fileName Consumables
SCRIPT       : 19:19:48.992 [EXPANSION DEBUG]: ExpansionTraderKeiko<553cb6b0>::SetTraderObject ExpansionTraderObjectBase<55421b60> <1130.731689, 5.951744, 2438.009277>
SCRIPT       : 19:19:48.992 [EXPANSION DEBUG]: LoadMissionTradersFile trader ExpansionTraderKeiko<553cb6b0> fileName Medicals
SCRIPT       : 19:19:49.000 [EXPANSION DEBUG]: ExpansionTraderHelga<553b8060>::SetTraderObject ExpansionTraderObjectBase<55577490> <1141.654419, 5.906255, 2421.591309>
SCRIPT       : 19:19:49.000 [EXPANSION DEBUG]: LoadMissionTradersFile trader ExpansionTraderHelga<553b8060> fileName Special
SCRIPT       : 19:19:49.007 [EXPANSION DEBUG]: ExpansionTraderFrida<553d70e0>::SetTraderObject ExpansionTraderObjectBase<555f0240> <1120.135132, 5.600746, 2417.465820>
SCRIPT       : 19:19:49.007 [EXPANSION DEBUG]: LoadMissionTradersFile trader ExpansionTraderFrida<553d70e0> fileName Vehicles
SCRIPT       : 19:19:49.015 [EXPANSION DEBUG]: ExpansionTraderHassan<553cf4c0>::SetTraderObject ExpansionTraderObjectBase<58cf64e0> <1123.977905, 5.639271, 2417.411865>
SCRIPT       : 19:19:49.015 [EXPANSION DEBUG]: LoadMissionTradersFile trader ExpansionTraderHassan<553cf4c0> fileName Vehicle_Parts
SCRIPT       : 19:19:49.015 [EXPANSION DEBUG]: ExpansionTraderDenis<553bfc80>::SetTraderObject ExpansionTraderObjectBase<58cfa5e0> <1156.719727, 6.513331, 2406.355225>
SCRIPT       : 19:19:49.015 [EXPANSION DEBUG]: LoadMissionTradersFile trader ExpansionTraderDenis<553bfc80> fileName Weapons
SCRIPT       : 19:19:49.023 [EXPANSION DEBUG]: ExpansionTraderGabi<553c3a90>::SetTraderObject ExpansionTraderObjectBase<58d93390> <1135.689941, 5.900000, 2423.300049>
SCRIPT       : 19:19:49.023 [EXPANSION DEBUG]: LoadMissionTradersFile trader ExpansionTraderGabi<553c3a90> fileName BuildingSupplies
SCRIPT       : 19:19:49.031 [EXPANSION DEBUG]: ExpansionTraderFrancis<553c78a0>::SetTraderObject ExpansionTraderObjectBase<58d96e00> <11835.901367, 140.617874, 12474.744141>
SCRIPT       : 19:19:49.031 [EXPANSION DEBUG]: LoadMissionTradersFile trader ExpansionTraderFrancis<553c78a0> fileName Attachments
SCRIPT       : 19:19:49.031 [EXPANSION DEBUG]: ExpansionTraderLinda<553bbe70>::SetTraderObject ExpansionTraderObjectBase<58d9af50> <11856.716797, 140.565109, 12461.438477>
SCRIPT       : 19:19:49.031 [EXPANSION DEBUG]: LoadMissionTradersFile trader ExpansionTraderLinda<553bbe70> fileName Consumables
SCRIPT       : 19:19:49.031 [EXPANSION DEBUG]: ExpansionTraderCyril<553ee540>::SetTraderObject ExpansionTraderObjectBase<58f315d0> <11855.000000, 140.605103, 12466.099609>
SCRIPT       : 19:19:49.031 [EXPANSION DEBUG]: LoadMissionTradersFile trader ExpansionTraderCyril<553ee540> fileName Clothing
SCRIPT       : 19:19:49.039 [EXPANSION DEBUG]: ExpansionTraderGuo<553daef0>::SetTraderObject ExpansionTraderObjectBase<58f36cb0> <11855.200195, 140.605103, 12470.487305>
SCRIPT       : 19:19:49.039 [EXPANSION DEBUG]: LoadMissionTradersFile trader ExpansionTraderGuo<553daef0> fileName Clothing_Accessories
SCRIPT       : 19:19:49.039 [EXPANSION DEBUG]: ExpansionTraderKaito<553ded00>::SetTraderObject ExpansionTraderObjectBase<58f3b760> <11849.400391, 140.605087, 12466.200195>
SCRIPT       : 19:19:49.039 [EXPANSION DEBUG]: LoadMissionTradersFile trader ExpansionTraderKaito<553ded00> fileName Components
SCRIPT       : 19:19:49.039 [EXPANSION DEBUG]: ExpansionTraderBoris<553e2b10>::SetTraderObject ExpansionTraderObjectBase<58f411b0> <11858.202148, 140.615112, 12463.234375>
SCRIPT       : 19:19:49.046 [EXPANSION DEBUG]: LoadMissionTradersFile trader ExpansionTraderBoris<553e2b10> fileName Exchange
SCRIPT       : 19:19:49.046 [EXPANSION DEBUG]: ExpansionTraderKeiko<553e6920>::SetTraderObject ExpansionTraderObjectBase<58f46ac0> <11853.218750, 140.605087, 12463.277344>
SCRIPT       : 19:19:49.046 [EXPANSION DEBUG]: LoadMissionTradersFile trader ExpansionTraderKeiko<553e6920> fileName Medicals
SCRIPT       : 19:19:49.046 [EXPANSION DEBUG]: ExpansionTraderGabi<553ea730>::SetTraderObject ExpansionTraderObjectBase<58f4b430> <11833.200195, 140.605118, 12461.700195>
SCRIPT       : 19:19:49.046 [EXPANSION DEBUG]: LoadMissionTradersFile trader ExpansionTraderGabi<553ea730> fileName Special
SCRIPT       : 19:19:49.054 [EXPANSION DEBUG]: ExpansionTraderElias<553f2350>::SetTraderObject ExpansionTraderObjectBase<590650f0> <11877.799805, 140.134796, 12441.599609>
SCRIPT       : 19:19:49.054 [EXPANSION DEBUG]: LoadMissionTradersFile trader ExpansionTraderElias<553f2350> fileName Vehicles
SCRIPT       : 19:19:49.054 [EXPANSION DEBUG]: ExpansionTraderHassan<590d5700>::SetTraderObject ExpansionTraderObjectBase<5906a910> <11878.674805, 140.134796, 12424.302734>
SCRIPT       : 19:19:49.054 [EXPANSION DEBUG]: LoadMissionTradersFile trader ExpansionTraderHassan<590d5700> fileName Vehicle_Parts
SCRIPT       : 19:19:49.062 [EXPANSION DEBUG]: ExpansionTraderDenis<590d9510>::SetTraderObject ExpansionTraderObjectBase<591378a0> <11833.576172, 140.605072, 12469.492188>
SCRIPT       : 19:19:49.062 [EXPANSION DEBUG]: LoadMissionTradersFile trader ExpansionTraderDenis<590d9510> fileName Weapons
SCRIPT       : 19:19:49.062 [EXPANSION DEBUG]: ExpansionTraderLinda<590dd320>::SetTraderObject ExpansionTraderObjectBase<5913c800> <11852.194336, 140.660980, 12472.387695>
SCRIPT       : 19:19:49.062 [EXPANSION DEBUG]: LoadMissionTradersFile trader ExpansionTraderLinda<590dd320> fileName BuildingSupplies
SCRIPT       : 19:19:49.070 [EXPANSION DEBUG]: ExpansionTraderManua<590e4f40>::SetTraderObject ExpansionTraderObjectBase<59237090> <11879.722656, 140.094788, 12435.959961>
SCRIPT       : 19:19:49.070 [EXPANSION DEBUG]: LoadMissionTradersFile trader ExpansionTraderManua<590e4f40> fileName Spraycans
SCRIPT       : 19:19:49.078 [EXPANSION DEBUG]: ExpansionTraderIrena<590e1130>::SetTraderObject ExpansionTraderObjectBase<592fc7a0> <12160.279297, 140.580765, 12689.783203>
SCRIPT       : 19:19:49.078 [EXPANSION DEBUG]: LoadMissionTradersFile trader ExpansionTraderIrena<590e1130> fileName Aircraft
SCRIPT       : [ExpansionQuestPersistentServerData] Load existing configuration file:$profile:ExpansionMod\Quests\PersistentServerData.json
SCRIPT       : [ExpansionQuestPersistentServerData] Load existing configuration file:$profile:ExpansionMod\Quests\PersistentServerData.json
SCRIPT       : [ExpansionQuestObjectiveTravelConfig] Load existing configuration file:$profile:ExpansionMod\Quests\Objectives\Travel\Objective_T_1.json
SCRIPT       : [ExpansionQuestObjectiveTravelConfig] Load existing configuration file:$profile:ExpansionMod\Quests\Objectives\Travel\Objective_T_2.json
SCRIPT       : [ExpansionQuestObjectiveTravelConfig] Load existing configuration file:$profile:ExpansionMod\Quests\Objectives\Travel\Objective_T_3.json
SCRIPT       : [ExpansionQuestObjectiveTravelConfig] Load existing configuration file:$profile:ExpansionMod\Quests\Objectives\Travel\Objective_T_4.json
SCRIPT       : [ExpansionQuestObjectiveTargetConfig] Load existing configuration file:$profile:ExpansionMod\Quests\Objectives\Target\Objective_TA_1.json
SCRIPT       : [ExpansionQuestObjectiveTargetConfig] Load existing configuration file:$profile:ExpansionMod\Quests\Objectives\Target\Objective_TA_2.json
SCRIPT       : [ExpansionQuestObjectiveTargetConfig] Load existing configuration file:$profile:ExpansionMod\Quests\Objectives\Target\Objective_TA_3.json
SCRIPT       : [ExpansionQuestObjectiveTargetConfig] Load existing configuration file:$profile:ExpansionMod\Quests\Objectives\Target\Objective_TA_4.json
SCRIPT       : [ExpansionQuestObjectiveDeliveryConfig] Load existing configuration file:$profile:ExpansionMod\Quests\Objectives\Delivery\Objective_D_1.json
SCRIPT       : [ExpansionQuestObjectiveDeliveryConfig] Load existing configuration file:$profile:ExpansionMod\Quests\Objectives\Delivery\Objective_D_2.json
SCRIPT       : [ExpansionQuestObjectiveCollectionConfig] Load existing configuration file:$profile:ExpansionMod\Quests\Objectives\Collection\Objective_C_1.json
SCRIPT       : [ExpansionQuestObjectiveCollectionConfig] Load existing configuration file:$profile:ExpansionMod\Quests\Objectives\Collection\Objective_C_2.json
SCRIPT       : [ExpansionQuestObjectiveCollectionConfig] Load existing configuration file:$profile:ExpansionMod\Quests\Objectives\Collection\Objective_C_3.json
SCRIPT       : [ExpansionQuestObjectiveTreasureHuntConfig] Load existing configuration file:$profile:ExpansionMod\Quests\Objectives\TreasureHunt\Objective_TH_1.json
SCRIPT       : [ExpansionQuestObjectiveActionConfig] Load existing configuration file:$profile:ExpansionMod\Quests\Objectives\Action\Objective_A_1.json
SCRIPT       : [ExpansionQuestObjectiveActionConfig] Load existing configuration file:$profile:ExpansionMod\Quests\Objectives\Action\Objective_A_2.json
SCRIPT       : [ExpansionQuestObjectiveCraftingConfig] Load existing configuration file:$profile:ExpansionMod\Quests\Objectives\Crafting\Objective_CR_1.json
SCRIPT       : [ExpansionQuestObjectiveAIPatrolConfig] Load existing configuration file:$profile:ExpansionMod\Quests\Objectives\AIPatrol\Objective_AIP_1.json
SCRIPT       : [ExpansionQuestObjectiveAICampConfig] Load existing configuration file:$profile:ExpansionMod\Quests\Objectives\AICamp\Objective_AIC_1.json
SCRIPT       : [ExpansionQuestObjectiveAIEscortConfig] Load existing configuration file:$profile:ExpansionMod\Quests\Objectives\AIVIP\Objective_AIESCORT_1.json
SCRIPT       : [ExpansionQuestNPCData] Load existing configuration file:QuestNPC_1.json
SCRIPT       : [ExpansionQuestNPCData] Load existing configuration file:QuestNPC_2.json
SCRIPT       : [ExpansionQuestNPCData] Load existing configuration file:QuestNPC_3.json
SCRIPT       : 19:20:05.117 [EXPANSION DEBUG]: ExpansionP2PTraderAIIrena<841127b0>::SetP2PTraderID - ID: 1
SCRIPT       : ExpansionZonePolygon<c4b1aeb0> position=<12015.854492, 0.000000, 12591.097656> radius=419.633
SCRIPT       : ExpansionZoneCircle<d4d5d260> position=<1143.140015, 0.000000, 2423.270020> radius=400
SCRIPT       : ExpansionZoneCircle<d4d5dec0> position=<3728.270020, 0.000000, 6003.600098> radius=500
SCRIPT       : Found 3 zones!
SCRIPT       : ExpansionMarketItem marketItem = ExpansionMarketItem<36070de0>
SCRIPT       : int worth =   1
SCRIPT       : 19:20:05.171 [EXPANSION DEBUG]: ExpansionQuestNPCAIDenis<841227d0>::OnEnterSafeZone
SCRIPT       : bool m_Expansion_LeavingSafeZone = 0
SCRIPT       : bool m_Expansion_IsInSafeZone = 0
SCRIPT       : bool m_Expansion_IsInSafeZoneSynchRemote = 0
SCRIPT       : 19:20:05.171 [EXPANSION DEBUG]: ExpansionP2PTraderAIIrena<841127b0>::OnEnterSafeZone
SCRIPT       : bool m_Expansion_LeavingSafeZone = 0
SCRIPT       : bool m_Expansion_IsInSafeZone = 0
SCRIPT       : bool m_Expansion_IsInSafeZoneSynchRemote = 0
SCRIPT       : [emote] ExpansionP2PTraderAIIrena:043 play emote id=46 IH=null
SCRIPT       : 19:20:06.664 [EXPANSION DEBUG]: ExpansionItemSpawnHelper::Clone - created Aug:030923 at location { type=HANDS item=Aug:030897 parent=ExpansionQuestNPCAIDenis:044 }
SCRIPT       : 19:20:06.664 [EXPANSION DEBUG]: ExpansionItemSpawnHelper::Clone - created Mag_Aug_30Rnd:030924 at location { type=ATTACHMENT item=null parent=Aug:030923 slot=magazine }
SCRIPT       : [emote] ExpansionQuestNPCAIDenis:044 play emote id=46 IH=Aug:030923
SCRIPT       : 19:20:07.718 [EXPANSION DEBUG]: ExpansionItemSpawnHelper::Clone - created AK74:030898 at location { type=HANDS item=AK74:030906 parent=ExpansionQuestNPCAIElias:045 }
SCRIPT       : 19:20:07.718 [EXPANSION DEBUG]: ExpansionItemSpawnHelper::Clone - created AK_WoodBttstck:030897 at location { type=ATTACHMENT item=null parent=AK74:030898 slot=weaponButtstockAK }
SCRIPT       : 19:20:07.718 [EXPANSION DEBUG]: ExpansionItemSpawnHelper::Clone - created AK_PlasticHndgrd:030925 at location { type=ATTACHMENT item=null parent=AK74:030898 slot=weaponHandguardAK }
SCRIPT       : 19:20:07.718 [EXPANSION DEBUG]: ExpansionItemSpawnHelper::Clone - created Mag_AK74_30Rnd:030926 at location { type=ATTACHMENT item=null parent=AK74:030898 slot=magazine }
SCRIPT       : [emote] ExpansionQuestNPCAIElias:045 play emote id=14 IH=AK74:030898
SCRIPT       : 19:20:40.390 [EXPANSION DEBUG]: ExpansionHardlineModule<e6b2270> ::LoadPlayerData - Loaded player hardline data for player Blorpus9000[3I2KPiMwtNrbRzLe964-q3OrI2Ligr9LBcsFxmVIl3Q=]
SCRIPT       : ---- PlayerBase OnStoreLoad SUCCESS ----
SCRIPT       : 19:20:52.210 [EXPANSION DEBUG]: ExpansionPartyData<4bf95af0>::OnJoin party Blorpus (ID 0) player Blorpus9000 (ID 3I2KPiMwtNrbRzLe964-q3OrI2Ligr9LBcsFxmVIl3Q=)
SCRIPT       : 19:20:52.226 [EXPANSION DEBUG]: ExpansionQuestModule<16e40f90> Sending 21 quest configs to client with UID: 3I2KPiMwtNrbRzLe964-q3OrI2Ligr9LBcsFxmVIl3Q=
SCRIPT       : 19:20:52.226 [EXPANSION DEBUG]: ExpansionQuestModule<16e40f90> Sending player quest data for 4 quests to player with UID: 3I2KPiMwtNrbRzLe964-q3OrI2Ligr9LBcsFxmVIl3Q=
SCRIPT       : JMCameraModule::RPC_Leave - timestamp 102.013
SCRIPT       : JMCameraModule::Server_Leave - target SurvivorBase<8beeaf00>
SCRIPT       : JMCameraModule::Server_Leave - spectated player NULL
SCRIPT       : 19:23:06.320 [EXPANSION DEBUG]: ExpansionItemSpawnHelper::Clone - created AugShort:030991 at location { type=HANDS item=AugShort:030976 parent=eAI_SurvivorF_Eva:047 }
SCRIPT       : 19:23:06.320 [EXPANSION DEBUG]: ExpansionItemSpawnHelper::Clone - created Mag_Aug_30Rnd:030992 at location { type=ATTACHMENT item=null parent=AugShort:030991 slot=magazine }
SCRIPT       : 19:23:06.320 [EXPANSION DEBUG]: ExpansionItemSpawnHelper::Clone - created AugOptic:030993 at location { type=ATTACHMENT item=null parent=AugShort:030991 slot=weaponOpticsAug }
SCRIPT       : ==============================================WARNING=======================================================
SCRIPT       : [WARNING 2023-08-11 19:23:27] ASSERTION NULL: Player has no identity or improperly programmed AI mod
SCRIPT       : Do you see this message? Unless the time is within a second of the crash than this was not the cause.
SCRIPT       : 	FormatSteamWebhook() JM/COT/Scripts/4_World/communityonlinetools\entities\player\playerbase.c : 299
SCRIPT       : 	PlayerHitBy() JM/COT/Scripts/4_World/communityonlinetools\plugins\pluginadminlog.c : 114
SCRIPT       : 	PlayerHitBy() DayZExpansion/AI/Scripts/4_World/dayzexpansion_ai\plugins\pluginadminlog.c : 58
SCRIPT       : 	EEHitBy() scripts/4_World/entities\manbase\playerbase.c : 827
SCRIPT       : 	EEHitBy() LIVEN/PvZmoD_CustomisableZombies/Scripts/4_World/pvz_cz_4_world\cz_entities\manbase\pvz_cz_playerbase.c : 57
SCRIPT       : 	EEHitBy() DayZExpansion/Scripts/4_World/dayzexpansion\entities\manbase\playerbase.c : 111
SCRIPT       : 	EEHitBy() DayZExpansion/Weapons/Scripts/4_World/dayzexpansion_weapons\entities\manbase\playerbase.c : 22
SCRIPT       : ============================================================================================================
SCRIPT       : 19:24:35.453 [EXPRINT] eAI_SurvivorF_Eva<9474010> Weapon_Reloading - Reloading - failed (1)
SCRIPT       : 19:24:41.257 [EXPRINT] eAI_SurvivorF_Eva<9474010> Weapon_Reloading - Reloading - failed (2)
SCRIPT       : 19:24:42.625 [EXPRINT] eAI_SurvivorF_Eva<9474010> Weapon_Reloading - Reloading - failed (3)
SCRIPT       : 19:24:51.320 [EXPANSION DEBUG]: ExpansionItemSpawnHelper::Clone - created AugShort:030996 at location { type=GROUND item=AugShort:030991 pos=(5580.67, 307.52, 7274.28) dir=(0.675689, 0.198621, -0.237094, 0.669164) }
SCRIPT       : 19:24:51.320 [EXPANSION DEBUG]: ExpansionItemSpawnHelper::Clone - created AugOptic:030997 at location { type=ATTACHMENT item=null parent=AugShort:030996 slot=weaponOpticsAug }
SCRIPT       : 19:24:51.320 [EXPANSION DEBUG]: ExpansionItemSpawnHelper::Clone - created Mag_Aug_30Rnd:030998 at location { type=ATTACHMENT item=null parent=AugShort:030996 slot=magazine }
SCRIPT       : 19:24:55.476 [EXPANSION DEBUG]: ExpansionQuestModule<16e40f90> Quest configs already synched for player with UID: 3I2KPiMwtNrbRzLe964-q3OrI2Ligr9LBcsFxmVIl3Q=
SCRIPT       : 19:24:55.476 [EXPANSION DEBUG]: ExpansionQuestModule<16e40f90> Sending player quest data for quest ID 9 to player with UID: 3I2KPiMwtNrbRzLe964-q3OrI2Ligr9LBcsFxmVIl3Q=
SCRIPT       : JMCameraModule::RPC_Leave - timestamp 390.48
SCRIPT       : JMCameraModule::Server_Leave - target SurvivorBase<8beeaf00>
SCRIPT       : JMCameraModule::Server_Leave - spectated player NULL
SCRIPT       : 19:27:06.437 [EXPANSION DEBUG]: ExpansionItemSpawnHelper::Clone - created FAL:031018 at location { type=HANDS item=FAL:031003 parent=eAI_SurvivorM_Peter:049 }
SCRIPT       : 19:27:06.437 [EXPANSION DEBUG]: ExpansionItemSpawnHelper::Clone - created Fal_FoldingBttstck:031019 at location { type=ATTACHMENT item=null parent=FAL:031018 slot=weaponButtstockFal }
SCRIPT       : 19:27:06.445 [EXPANSION DEBUG]: ExpansionItemSpawnHelper::Clone - created Mag_FAL_20Rnd:031020 at location { type=ATTACHMENT item=null parent=FAL:031018 slot=magazine }
SCRIPT       : 19:27:06.476 [EXPANSION DEBUG]: ExpansionItemSpawnHelper::Clone - created Scout:031004 at location { type=HANDS item=Scout:026292 parent=eAI_SurvivorM_Guo:048 }
SCRIPT       : 19:27:06.476 [EXPANSION DEBUG]: ExpansionItemSpawnHelper::Clone - created Mag_Scout_5Rnd:031003 at location { type=ATTACHMENT item=null parent=Scout:031004 slot=magazine }
SCRIPT       : 19:28:06.812 [EXPANSION DEBUG]: ExpansionItemSpawnHelper::Clone - created FAL:031044 at location { type=HANDS item=FAL:031030 parent=eAI_SurvivorM_Seth:051 }
SCRIPT       : 19:28:06.812 [EXPANSION DEBUG]: ExpansionItemSpawnHelper::Clone - created Mag_FAL_20Rnd:031045 at location { type=ATTACHMENT item=null parent=FAL:031044 slot=magazine }
SCRIPT       : 19:28:06.968 [EXPANSION DEBUG]: ExpansionItemSpawnHelper::Clone - created AK74:031031 at location { type=HANDS item=AK74:07058 parent=eAI_SurvivorM_Niki:050 }
SCRIPT       : 19:28:06.968 [EXPANSION DEBUG]: ExpansionItemSpawnHelper::Clone - created AK74_Hndgrd:031030 at location { type=ATTACHMENT item=null parent=AK74:031031 slot=weaponHandguardAK }
SCRIPT       : 19:28:06.976 [EXPANSION DEBUG]: ExpansionItemSpawnHelper::Clone - created Mag_AK74_30Rnd:031046 at location { type=ATTACHMENT item=null parent=AK74:031031 slot=magazine }
SCRIPT       : [wpnfsm] ValidateAndRepair Attempting to repair: Scout:031004 - MagazineRepair - BAREM_CLO_BUF_MA0<9372bc0> - state: 0 != weapon: 1
SCRIPT       : 19:28:40.242 [EXPANSION DEBUG]: ExpansionItemSpawnHelper::Clone - created FAL:07058 at location { type=GROUND item=FAL:031018 pos=(5833.97, 310.021, 7485.38) dir=(-0.708861, 0.0827471, 0.0941894, 0.694116) }
SCRIPT       : 19:28:40.242 [EXPANSION DEBUG]: ExpansionItemSpawnHelper::Clone - created Fal_FoldingBttstck:019981 at location { type=ATTACHMENT item=null parent=FAL:07058 slot=weaponButtstockFal }
SCRIPT       : 19:28:40.242 [EXPANSION DEBUG]: ExpansionItemSpawnHelper::Clone - created Mag_FAL_20Rnd:031047 at location { type=ATTACHMENT item=null parent=FAL:07058 slot=magazine }
SCRIPT       : 19:29:03.437 [EXPANSION DEBUG]: ExpansionItemSpawnHelper::Clone - created AK74:031019 at location { type=GROUND item=AK74:031031 pos=(5772.87, 309.938, 7479.55) dir=(0.507288, 0.471886, -0.489022, 0.529944) }
SCRIPT       : 19:29:03.437 [EXPANSION DEBUG]: ExpansionItemSpawnHelper::Clone - created AK74_Hndgrd:07735 at location { type=ATTACHMENT item=null parent=AK74:031019 slot=weaponHandguardAK }
SCRIPT       : 19:29:03.437 [EXPANSION DEBUG]: ExpansionItemSpawnHelper::Clone - created Mag_AK74_30Rnd:022423 at location { type=ATTACHMENT item=null parent=AK74:031019 slot=magazine }
SCRIPT       : 19:29:12.882 [EXPANSION DEBUG]: ExpansionItemSpawnHelper::Clone - created FAL:031018 at location { type=GROUND item=FAL:031044 pos=(5777.29, 310.702, 7498.09) dir=(-0.465072, 0.551685, 0.532907, 0.441998) }
SCRIPT       : 19:29:12.882 [EXPANSION DEBUG]: ExpansionItemSpawnHelper::Clone - created Mag_FAL_20Rnd:028843 at location { type=ATTACHMENT item=null parent=FAL:031018 slot=magazine }
SCRIPT       : 19:29:15.570 [EXPANSION DEBUG]: ExpansionItemSpawnHelper::Clone - created AK74:031031 at location { type=HANDS item=AK74:031019 parent=eAI_SurvivorM_Niki:050 }
SCRIPT       : 19:29:15.570 [EXPANSION DEBUG]: ExpansionItemSpawnHelper::Clone - created AK74_Hndgrd:024273 at location { type=ATTACHMENT item=null parent=AK74:031031 slot=weaponHandguardAK }
SCRIPT       : 19:29:15.570 [EXPANSION DEBUG]: ExpansionItemSpawnHelper::Clone - created Mag_AK74_30Rnd:027001 at location { type=ATTACHMENT item=null parent=AK74:031031 slot=magazine }
SCRIPT       : 19:29:25.648 [EXPANSION DEBUG]: ExpansionItemSpawnHelper::Clone - created MakarovIJ70:031044 at location { type=HANDS item=MakarovIJ70:031037 parent=eAI_SurvivorM_Seth:051 }
SCRIPT       : 19:29:44.265 [EXPANSION DEBUG]: ExpansionItemSpawnHelper::Clone - created AK101:031084 at location { type=HANDS item=AK101:031069 parent=eAI_SurvivorM_Rolf:054 }
SCRIPT       : 19:29:44.265 [EXPANSION DEBUG]: ExpansionItemSpawnHelper::Clone - created Mag_AK101_30Rnd:031085 at location { type=ATTACHMENT item=null parent=AK101:031084 slot=magazine }
SCRIPT       : 19:29:44.296 [EXPANSION DEBUG]: ExpansionItemSpawnHelper::Clone - created M4A1:031070 at location { type=HANDS item=M4A1:022423 parent=eAI_SurvivorM_Mirek:052 }
SCRIPT       : 19:29:44.296 [EXPANSION DEBUG]: ExpansionItemSpawnHelper::Clone - created Mag_STANAG_30Rnd:031069 at location { type=ATTACHMENT item=null parent=M4A1:031070 slot=magazine }
SCRIPT       : 19:29:44.359 [EXPANSION DEBUG]: ExpansionItemSpawnHelper::Clone - created FAMAS:021893 at location { type=HANDS item=FAMAS:031055 parent=eAI_SurvivorF_Maria:053 }
SCRIPT       : 19:29:44.359 [EXPANSION DEBUG]: ExpansionItemSpawnHelper::Clone - created Mag_FAMAS_25Rnd:022423 at location { type=ATTACHMENT item=null parent=FAMAS:021893 slot=magazine }
SCRIPT       : 19:30:06.226 [EXPANSION DEBUG]: ExpansionItemSpawnHelper::Clone - created AKM:031126 at location { type=HANDS item=AKM:031097 parent=eAI_SurvivorM_Cyril:055 }
SCRIPT       : 19:30:06.234 [EXPANSION DEBUG]: ExpansionItemSpawnHelper::Clone - created AK_WoodHndgrd:031127 at location { type=ATTACHMENT item=null parent=AKM:031126 slot=weaponHandguardAK }
SCRIPT       : 19:30:06.234 [EXPANSION DEBUG]: ExpansionItemSpawnHelper::Clone - created AK_PlasticBttstck:031128 at location { type=ATTACHMENT item=null parent=AKM:031126 slot=weaponButtstockAK }
SCRIPT       : 19:30:06.234 [EXPANSION DEBUG]: ExpansionItemSpawnHelper::Clone - created Mag_AKM_Drum75Rnd:031129 at location { type=ATTACHMENT item=null parent=AKM:031126 slot=magazine }
SCRIPT       : 19:30:06.234 [EXPANSION DEBUG]: ExpansionItemSpawnHelper::Clone - created AKM:031098 at location { type=HANDS item=AKM:031110 parent=eAI_SurvivorM_Denis:056 }
SCRIPT       : 19:30:06.234 [EXPANSION DEBUG]: ExpansionItemSpawnHelper::Clone - created AK_PlasticHndgrd:031097 at location { type=ATTACHMENT item=null parent=AKM:031098 slot=weaponHandguardAK }
SCRIPT       : 19:30:06.234 [EXPANSION DEBUG]: ExpansionItemSpawnHelper::Clone - created Mag_AKM_Drum75Rnd:031100 at location { type=ATTACHMENT item=null parent=AKM:031098 slot=magazine }
SCRIPT       : 19:30:06.359 [EXPANSION DEBUG]: ExpansionItemSpawnHelper::Clone - created AKM:031099 at location { type=HANDS item=AKM:031122 parent=eAI_SurvivorM_Taiki:057 }
SCRIPT       : 19:30:06.359 [EXPANSION DEBUG]: ExpansionItemSpawnHelper::Clone - created AK_PlasticHndgrd:031110 at location { type=ATTACHMENT item=null parent=AKM:031099 slot=weaponHandguardAK }
SCRIPT       : 19:30:06.359 [EXPANSION DEBUG]: ExpansionItemSpawnHelper::Clone - created AK_WoodBttstck:031112 at location { type=ATTACHMENT item=null parent=AKM:031099 slot=weaponButtstockAK }
SCRIPT       : 19:30:06.359 [EXPANSION DEBUG]: ExpansionItemSpawnHelper::Clone - created Mag_AKM_Drum75Rnd:031111 at location { type=ATTACHMENT item=null parent=AKM:031099 slot=magazine }
SCRIPT       : 19:31:06.296 [EXPANSION DEBUG]: ExpansionItemSpawnHelper::Clone - created AK74:031154 at location { type=HANDS item=AK74:027438 parent=eAI_SurvivorF_Eva:058 }
SCRIPT       : 19:31:06.296 [EXPANSION DEBUG]: ExpansionItemSpawnHelper::Clone - created AK_PlasticHndgrd:031155 at location { type=ATTACHMENT item=null parent=AK74:031154 slot=weaponHandguardAK }
SCRIPT       : 19:31:06.296 [EXPANSION DEBUG]: ExpansionItemSpawnHelper::Clone - created Mag_AK74_30Rnd:031156 at location { type=ATTACHMENT item=null parent=AK74:031154 slot=magazine }
SCRIPT       : 19:31:06.468 [EXPANSION DEBUG]: ExpansionItemSpawnHelper::Clone - created AK74:018027 at location { type=HANDS item=AK74:031137 parent=eAI_SurvivorF_Irena:059 }
SCRIPT       : 19:31:06.468 [EXPANSION DEBUG]: ExpansionItemSpawnHelper::Clone - created AK74_Hndgrd:027438 at location { type=ATTACHMENT item=null parent=AK74:018027 slot=weaponHandguardAK }
SCRIPT       : 19:31:06.468 [EXPANSION DEBUG]: ExpansionItemSpawnHelper::Clone - created Mag_AK74_30Rnd:09750 at location { type=ATTACHMENT item=null parent=AK74:018027 slot=magazine }
SCRIPT       : 19:31:09.632 [EXPANSION DEBUG]: ExpansionItemSpawnHelper::Clone - created AKM:031138 at location { type=GROUND item=AKM:031126 pos=(5715.39, 309.588, 7459.45) dir=(-0.603619, 0.38424, 0.371194, 0.591794) }
SCRIPT       : 19:31:09.632 [EXPANSION DEBUG]: ExpansionItemSpawnHelper::Clone - created AK_WoodHndgrd:031137 at location { type=ATTACHMENT item=null parent=AKM:031138 slot=weaponHandguardAK }
SCRIPT       : 19:31:09.632 [EXPANSION DEBUG]: ExpansionItemSpawnHelper::Clone - created AK_PlasticBttstck:031139 at location { type=ATTACHMENT item=null parent=AKM:031138 slot=weaponButtstockAK }
SCRIPT       : 19:31:09.632 [EXPANSION DEBUG]: ExpansionItemSpawnHelper::Clone - created Mag_AKM_Drum75Rnd:031157 at location { type=ATTACHMENT item=null parent=AKM:031138 slot=magazine }
SCRIPT       : 19:31:13.226 [EXPANSION DEBUG]: ExpansionItemSpawnHelper::Clone - created AKM:031127 at location { type=ATTACHMENT item=AKM:031099 parent=eAI_SurvivorM_Taiki:057 slot=Shoulder }
SCRIPT       : 19:31:13.226 [EXPANSION DEBUG]: ExpansionItemSpawnHelper::Clone - created AK_PlasticHndgrd:031126 at location { type=ATTACHMENT item=null parent=AKM:031127 slot=weaponHandguardAK }
SCRIPT       : 19:31:13.226 [EXPANSION DEBUG]: ExpansionItemSpawnHelper::Clone - created AK_WoodBttstck:031129 at location { type=ATTACHMENT item=null parent=AKM:031127 slot=weaponButtstockAK }
SCRIPT       : 19:31:13.226 [EXPANSION DEBUG]: ExpansionItemSpawnHelper::Clone - created Mag_AKM_Drum75Rnd:031128 at location { type=ATTACHMENT item=null parent=AKM:031127 slot=magazine }
SCRIPT       : 19:31:14.390 [EXPANSION DEBUG]: ExpansionItemSpawnHelper::Clone - created AKM:031110 at location { type=HANDS item=AKM:031138 parent=eAI_SurvivorM_Taiki:057 }
SCRIPT       : 19:31:14.390 [EXPANSION DEBUG]: ExpansionItemSpawnHelper::Clone - created AK_WoodHndgrd:031099 at location { type=ATTACHMENT item=null parent=AKM:031110 slot=weaponHandguardAK }
SCRIPT       : 19:31:14.390 [EXPANSION DEBUG]: ExpansionItemSpawnHelper::Clone - created AK_PlasticBttstck:031111 at location { type=ATTACHMENT item=null parent=AKM:031110 slot=weaponButtstockAK }
SCRIPT       : 19:31:14.390 [EXPANSION DEBUG]: ExpansionItemSpawnHelper::Clone - created Mag_AKM_Drum75Rnd:031112 at location { type=ATTACHMENT item=null parent=AKM:031110 slot=magazine }
SCRIPT       : 19:31:15.437 [EXPANSION DEBUG]: ExpansionItemSpawnHelper::Clone - created AKM:031137 at location { type=ATTACHMENT item=AKM:031098 parent=eAI_SurvivorM_Denis:056 slot=Shoulder }
SCRIPT       : 19:31:15.437 [EXPANSION DEBUG]: ExpansionItemSpawnHelper::Clone - created AK_PlasticHndgrd:031138 at location { type=ATTACHMENT item=null parent=AKM:031137 slot=weaponHandguardAK }
SCRIPT       : 19:31:15.437 [EXPANSION DEBUG]: ExpansionItemSpawnHelper::Clone - created Mag_AKM_Drum75Rnd:031157 at location { type=ATTACHMENT item=null parent=AKM:031137 slot=magazine }
SCRIPT       : 19:31:22.960 [EXPANSION DEBUG]: ExpansionItemSpawnHelper::Clone - created AKM:031100 at location { type=GROUND item=AKM:031110 pos=(5720.23, 309.647, 7463.45) dir=(-0.591265, 0.403817, 0.389092, 0.579607) }
SCRIPT       : 19:31:22.960 [EXPANSION DEBUG]: ExpansionItemSpawnHelper::Clone - created AK_WoodHndgrd:031097 at location { type=ATTACHMENT item=null parent=AKM:031100 slot=weaponHandguardAK }
SCRIPT       : 19:31:22.960 [EXPANSION DEBUG]: ExpansionItemSpawnHelper::Clone - created AK_PlasticBttstck:031158 at location { type=ATTACHMENT item=null parent=AKM:031100 slot=weaponButtstockAK }
SCRIPT       : 19:31:22.960 [EXPANSION DEBUG]: ExpansionItemSpawnHelper::Clone - created Mag_AKM_Drum75Rnd:031159 at location { type=ATTACHMENT item=null parent=AKM:031100 slot=magazine }
SCRIPT       : 19:31:28.101 [EXPANSION DEBUG]: ExpansionItemSpawnHelper::Clone - created FAL:031099 at location { type=HANDS item=FAL:031018 parent=eAI_SurvivorM_Denis:056 }
SCRIPT       : 19:31:28.101 [EXPANSION DEBUG]: ExpansionItemSpawnHelper::Clone - created Mag_FAL_20Rnd:031110 at location { type=ATTACHMENT item=null parent=FAL:031099 slot=magazine }
SCRIPT       : 19:31:33.070 [EXPANSION DEBUG]: ExpansionItemSpawnHelper::Clone - created FAL:031112 at location { type=GROUND item=FAL:031099 pos=(5775.06, 310.702, 7498.41) dir=(0.301149, 0.654696, 0.628319, -0.293084) }
SCRIPT       : 19:31:33.070 [EXPANSION DEBUG]: ExpansionItemSpawnHelper::Clone - created Mag_FAL_20Rnd:016313 at location { type=ATTACHMENT item=null parent=FAL:031112 slot=magazine }
SCRIPT       : 19:31:36.507 [EXPANSION DEBUG]: ExpansionItemSpawnHelper::Clone - created MakarovIJ70:017859 at location { type=HANDS item=MakarovIJ70:031044 parent=eAI_SurvivorM_Denis:056 }
SCRIPT       : 19:31:36.507 [EXPANSION DEBUG]: ExpansionItemSpawnHelper::Clone - created Mag_IJ70_8Rnd:031099 at location { type=ATTACHMENT item=null parent=MakarovIJ70:017859 slot=magazine }
SCRIPT       : 19:31:47.203 [EXPANSION DEBUG]: ExpansionItemSpawnHelper::Clone - created MakarovIJ70:031036 at location { type=CARGO item=MakarovIJ70:017859 parent=HikingJacket_Black:031101 idx=0 row=0 col=0 f=false }
SCRIPT       : 19:31:47.203 [EXPANSION DEBUG]: ExpansionItemSpawnHelper::Clone - created Mag_IJ70_8Rnd:031018 at location { type=ATTACHMENT item=null parent=MakarovIJ70:031036 slot=magazine }
SCRIPT       : 19:31:53.265 [EXPANSION DEBUG]: ExpansionItemSpawnHelper::Clone - created AugShort:028843 at location { type=HANDS item=AugShort:030996 parent=eAI_SurvivorM_Denis:056 }
SCRIPT       : 19:31:53.273 [EXPANSION DEBUG]: ExpansionItemSpawnHelper::Clone - created AugOptic:017859 at location { type=ATTACHMENT item=null parent=AugShort:028843 slot=weaponOpticsAug }
SCRIPT       : 19:31:53.273 [EXPANSION DEBUG]: ExpansionItemSpawnHelper::Clone - created Mag_Aug_30Rnd:031099 at location { type=ATTACHMENT item=null parent=AugShort:028843 slot=magazine }
SCRIPT       : 19:31:55.234 [EXPANSION DEBUG]: ExpansionItemSpawnHelper::Clone - created AugShort:031111 at location { type=CARGO item=AugShort:028843 parent=HikingJacket_Black:031101 idx=0 row=2 col=0 f=false }
SCRIPT       : 19:31:55.234 [EXPANSION DEBUG]: ExpansionItemSpawnHelper::Clone - created AugOptic:022867 at location { type=ATTACHMENT item=null parent=AugShort:031111 slot=weaponOpticsAug }
SCRIPT       : 19:31:55.234 [EXPANSION DEBUG]: ExpansionItemSpawnHelper::Clone - created Mag_Aug_30Rnd:030996 at location { type=ATTACHMENT item=null parent=AugShort:031111 slot=magazine }
SCRIPT       : 19:31:59.773 [EXPANSION DEBUG]: ExpansionItemSpawnHelper::Clone - created Scout:030998 at location { type=HANDS item=Scout:031004 parent=eAI_SurvivorM_Denis:056 }
SCRIPT       : 19:31:59.773 [EXPANSION DEBUG]: ExpansionItemSpawnHelper::Clone - created Mag_Scout_5Rnd:019788 at location { type=ATTACHMENT item=null parent=Scout:030998 slot=magazine }
SCRIPT       : 19:32:07.671 [EXPANSION DEBUG]: ExpansionItemSpawnHelper::Clone - created Scout:031161 at location { type=GROUND item=Scout:030998 pos=(5800.82, 310.72, 7493.39) dir=(0.410687, 0.593843, 0.565349, -0.398832) }
SCRIPT       : 19:32:07.671 [EXPANSION DEBUG]: ExpansionItemSpawnHelper::Clone - created Mag_Scout_5Rnd:031162 at location { type=ATTACHMENT item=null parent=Scout:031161 slot=magazine }
SCRIPT       : 19:32:08.492 [EXPANSION DEBUG]: ExpansionItemSpawnHelper::Clone - created UMP45_Blue:019788 at location { type=HANDS item=UMP45_Blue:028843 parent=eAI_SurvivorM_Taiki:057 }
SCRIPT       : 19:32:08.492 [EXPANSION DEBUG]: ExpansionItemSpawnHelper::Clone - created PistolSuppressor:030998 at location { type=ATTACHMENT item=null parent=UMP45_Blue:019788 slot=pistolMuzzle }
SCRIPT       : 19:32:08.492 [EXPANSION DEBUG]: ExpansionItemSpawnHelper::Clone - created ReflexOptic:031163 at location { type=ATTACHMENT item=null parent=UMP45_Blue:019788 slot=weaponOptics }
SCRIPT       : 19:32:08.492 [EXPANSION DEBUG]: ExpansionItemSpawnHelper::Clone - created Battery9V:031164 at location { type=ATTACHMENT item=null parent=ReflexOptic:031163 slot=BatteryD }
SCRIPT       : 19:32:08.492 [EXPANSION DEBUG]: ExpansionItemSpawnHelper::Clone - created UniversalLight:031165 at location { type=ATTACHMENT item=null parent=UMP45_Blue:019788 slot=weaponFlashlight }
SCRIPT       : 19:32:08.492 [EXPANSION DEBUG]: ExpansionItemSpawnHelper::Clone - created Battery9V:031166 at location { type=ATTACHMENT item=null parent=UniversalLight:031165 slot=BatteryD }
SCRIPT       : 19:32:08.492 [EXPANSION DEBUG]: ExpansionItemSpawnHelper::Clone - created Mag_UMP_25Rnd:031167 at location { type=ATTACHMENT item=null parent=UMP45_Blue:019788 slot=magazine }
SCRIPT       : 19:32:13.226 [EXPANSION DEBUG]: ExpansionItemSpawnHelper::Clone - created UMP45_Blue:031160 at location { type=GROUND item=UMP45_Blue:019788 pos=(5748.91, 309.856, 7476.12) dir=(-0.093812, -0.689352, 0.712148, -0.0940145) }
SCRIPT       : 19:32:13.226 [EXPANSION DEBUG]: ExpansionItemSpawnHelper::Clone - created PistolSuppressor:031099 at location { type=ATTACHMENT item=null parent=UMP45_Blue:031160 slot=pistolMuzzle }
SCRIPT       : 19:32:13.226 [EXPANSION DEBUG]: ExpansionItemSpawnHelper::Clone - created ReflexOptic:030997 at location { type=ATTACHMENT item=null parent=UMP45_Blue:031160 slot=weaponOptics }
SCRIPT       : 19:32:13.226 [EXPANSION DEBUG]: ExpansionItemSpawnHelper::Clone - created Battery9V:031002 at location { type=ATTACHMENT item=null parent=ReflexOptic:030997 slot=BatteryD }
SCRIPT       : 19:32:13.226 [EXPANSION DEBUG]: ExpansionItemSpawnHelper::Clone - created UniversalLight:017859 at location { type=ATTACHMENT item=null parent=UMP45_Blue:031160 slot=weaponFlashlight }
SCRIPT       : 19:32:13.226 [EXPANSION DEBUG]: ExpansionItemSpawnHelper::Clone - created Battery9V:031168 at location { type=ATTACHMENT item=null parent=UniversalLight:017859 slot=BatteryD }
SCRIPT       : 19:32:13.226 [EXPANSION DEBUG]: ExpansionItemSpawnHelper::Clone - created Mag_UMP_25Rnd:031169 at location { type=ATTACHMENT item=null parent=UMP45_Blue:031160 slot=magazine }
SCRIPT       : 19:32:14.906 [EXPANSION DEBUG]: ExpansionItemSpawnHelper::Clone - created FAL:030998 at location { type=HANDS item=FAL:07058 parent=eAI_SurvivorM_Denis:056 }
SCRIPT       : 19:32:14.906 [EXPANSION DEBUG]: ExpansionItemSpawnHelper::Clone - created Fal_FoldingBttstck:019788 at location { type=ATTACHMENT item=null parent=FAL:030998 slot=weaponButtstockFal }
SCRIPT       : 19:32:14.906 [EXPANSION DEBUG]: ExpansionItemSpawnHelper::Clone - created Mag_FAL_20Rnd:031167 at location { type=ATTACHMENT item=null parent=FAL:030998 slot=magazine }
SCRIPT       : 19:32:19.906 [EXPANSION DEBUG]: ExpansionItemSpawnHelper::Clone - created FAL:031165 at location { type=GROUND item=FAL:030998 pos=(5833.56, 310.071, 7488.16) dir=(0.46927, -0.51813, 0.540744, 0.467891) }
SCRIPT       : 19:32:19.906 [EXPANSION DEBUG]: ExpansionItemSpawnHelper::Clone - created Fal_FoldingBttstck:07058 at location { type=ATTACHMENT item=null parent=FAL:031165 slot=weaponButtstockFal }
SCRIPT       : 19:32:19.906 [EXPANSION DEBUG]: ExpansionItemSpawnHelper::Clone - created Mag_FAL_20Rnd:031047 at location { type=ATTACHMENT item=null parent=FAL:031165 slot=magazine }
SCRIPT       : 19:32:37.234 [EXPANSION DEBUG]: ExpansionItemSpawnHelper::Clone - created AK74:019981 at location { type=HANDS item=AK74:031154 parent=eAI_SurvivorM_Denis:056 }
SCRIPT       : 19:32:37.234 [EXPANSION DEBUG]: ExpansionItemSpawnHelper::Clone - created AK_PlasticHndgrd:015189 at location { type=ATTACHMENT item=null parent=AK74:019981 slot=weaponHandguardAK }
SCRIPT       : 19:32:37.234 [EXPANSION DEBUG]: ExpansionItemSpawnHelper::Clone - created Mag_AK74_30Rnd:017717 at location { type=ATTACHMENT item=null parent=AK74:019981 slot=magazine }
SCRIPT       : 19:32:48.507 [EXPANSION DEBUG]: ExpansionItemSpawnHelper::Clone - created AK74:031136 at location { type=GROUND item=AK74:019981 pos=(5749.89, 309.407, 7462.27) dir=(0.694824, -0.0623742, 0.0593023, 0.714011) }
SCRIPT       : 19:32:48.507 [EXPANSION DEBUG]: ExpansionItemSpawnHelper::Clone - created AK_PlasticHndgrd:027120 at location { type=ATTACHMENT item=null parent=AK74:031136 slot=weaponHandguardAK }
SCRIPT       : 19:32:48.507 [EXPANSION DEBUG]: ExpansionItemSpawnHelper::Clone - created Mag_AK74_30Rnd:028875 at location { type=ATTACHMENT item=null parent=AK74:031136 slot=magazine }
SCRIPT       : 19:32:51.734 [EXPANSION DEBUG]: ExpansionItemSpawnHelper::Clone - created AK74:031155 at location { type=HANDS item=AK74:018027 parent=eAI_SurvivorM_Denis:056 }
SCRIPT       : 19:32:51.734 [EXPANSION DEBUG]: ExpansionItemSpawnHelper::Clone - created AK74_Hndgrd:015302 at location { type=ATTACHMENT item=null parent=AK74:031155 slot=weaponHandguardAK }
SCRIPT       : 19:32:51.734 [EXPANSION DEBUG]: ExpansionItemSpawnHelper::Clone - created Mag_AK74_30Rnd:019981 at location { type=ATTACHMENT item=null parent=AK74:031155 slot=magazine }
SCRIPT       : 19:32:58.640 [EXPANSION DEBUG]: ExpansionItemSpawnHelper::Clone - created AK74:017717 at location { type=GROUND item=AK74:031155 pos=(5745.58, 309.871, 7476.26) dir=(-0.47559, 0.538954, 0.520058, 0.461391) }
SCRIPT       : 19:32:58.640 [EXPANSION DEBUG]: ExpansionItemSpawnHelper::Clone - created AK74_Hndgrd:018027 at location { type=ATTACHMENT item=null parent=AK74:017717 slot=weaponHandguardAK }
SCRIPT       : 19:32:58.640 [EXPANSION DEBUG]: ExpansionItemSpawnHelper::Clone - created Mag_AK74_30Rnd:031153 at location { type=ATTACHMENT item=null parent=AK74:017717 slot=magazine }
SCRIPT       : [Logout]: New player 3I2KPiMwtNrbRzLe964-q3OrI2Ligr9LBcsFxmVIl3Q= with logout time 3
SCRIPT       : [emote] SurvivorM_Quinn:046 play emote id=14 IH=null
SCRIPT       : 19:33:16.523 [EXPANSION DEBUG]: ExpansionPartyData<4bf95af0>::OnLeave party Blorpus (ID 0) player Blorpus9000 (ID 3I2KPiMwtNrbRzLe964-q3OrI2Ligr9LBcsFxmVIl3Q=)
SCRIPT       : 19:33:16.523 [EXPANSION DEBUG]: ExpansionQuestPersistentData<eff6e180> ~ExpansionQuestPersistentData (4)
SCRIPT       : [Logout]: Player 3I2KPiMwtNrbRzLe964-q3OrI2Ligr9LBcsFxmVIl3Q= finished
SCRIPT       : 19:33:59.070 [EXPANSION DEBUG]: ExpansionItemSpawnHelper::Clone - created UMP45_Blue:030941 at location { type=HANDS item=UMP45_Blue:031160 parent=eAI_SurvivorM_Denis:056 }
SCRIPT       : 19:33:59.070 [EXPANSION DEBUG]: ExpansionItemSpawnHelper::Clone - created PistolSuppressor:012422 at location { type=ATTACHMENT item=null parent=UMP45_Blue:030941 slot=pistolMuzzle }
SCRIPT       : 19:33:59.070 [EXPANSION DEBUG]: ExpansionItemSpawnHelper::Clone - created ReflexOptic:030942 at location { type=ATTACHMENT item=null parent=UMP45_Blue:030941 slot=weaponOptics }
SCRIPT       : 19:33:59.070 [EXPANSION DEBUG]: ExpansionItemSpawnHelper::Clone - created Battery9V:030943 at location { type=ATTACHMENT item=null parent=ReflexOptic:030942 slot=BatteryD }
SCRIPT       : 19:33:59.070 [EXPANSION DEBUG]: ExpansionItemSpawnHelper::Clone - created UniversalLight:030940 at location { type=ATTACHMENT item=null parent=UMP45_Blue:030941 slot=weaponFlashlight }
SCRIPT       : 19:33:59.070 [EXPANSION DEBUG]: ExpansionItemSpawnHelper::Clone - created Battery9V:030930 at location { type=ATTACHMENT item=null parent=UniversalLight:030940 slot=BatteryD }
SCRIPT       : 19:33:59.070 [EXPANSION DEBUG]: ExpansionItemSpawnHelper::Clone - created Mag_UMP_25Rnd:030936 at location { type=ATTACHMENT item=null parent=UMP45_Blue:030941 slot=magazine }
SCRIPT       : [emote] eAI_SurvivorM_Denis:056 play emote id=12 IH=UMP45_Blue:030941
