---------------------------------------------
Log C:\Program Files (x86)\Steam\steamapps\common\DayZServerAug2\config\script_2023-08-17_14-36-41.log started at 17.08. 14:36:41

SCRIPT       : Registered 397 temporary action enum(s), UAN==397
SCRIPT       : Registering faction type eAIFactionShamans ID -1484989417
SCRIPT       : Registering faction type eAIFactionObservers ID -563736721
SCRIPT       : Registering faction type eAIFactionInvincibleObservers ID -1227299746
SCRIPT       : Registering faction type eAIFactionEast ID 90522109
SCRIPT       : Registering faction type eAIFactionGuards ID 963933710
SCRIPT       : Registering faction type eAIFactionRaiders ID 1535276022
SCRIPT       : Registering faction type eAIFactionMercenaries ID 1629891834
SCRIPT       : Registering faction type eAIFactionWest ID 113880155
SCRIPT       : Registering faction type eAIFactionCivilian ID 1096178351
SCRIPT       : Registering faction type eAIFactionPassive ID -1159399789
SCRIPT       : Registering faction type eAIFactionInvincibleGuards ID 782746017
SCRIPT       : ... Backlit Effects Enabled
SCRIPT       : 14:36:42 [EXPANSION LOG]: DayZGame<80d85070> Start time (local time) 2023-08-17 14:36:38
SCRIPT       : 14:36:42 [EXPANSION LOG]: DayZGame<80d85070> Start time (UTC) 2023-08-17 19:36:38
SCRIPT       : 14:36:42 [EXPANSION LOG]: DayZGame<80d85070> Runtime since start (seconds) 4.468
SCRIPT    (W): @"JM/COT/Scripts/4_World/communityonlinetools\classes\webhook\jmwebhookdiscordmessage.c,19": Possible variable name conflict 'username'
SCRIPT    (W): @"JM/COT/Scripts/4_World/communityonlinetools\classes\webhook\jmwebhookdiscordmessage.c,19": Possible variable name conflict 'avatar_url'
SCRIPT    (W): @"JM/COT/Scripts/4_World/communityonlinetools\classes\webhook\jmwebhookdiscordmessage.c,19": Possible variable name conflict 'content'
SCRIPT    (W): @"JM/COT/Scripts/4_World/communityonlinetools\classes\webhook\jmwebhookdiscordmessage.c,151": Possible variable name conflict 'url'
SCRIPT    (W): @"JM/COT/Scripts/4_World/communityonlinetools\classes\webhook\jmwebhookdiscordmessage.c,172": Possible variable name conflict 'url'
SCRIPT    (W): @"JM/COT/Scripts/4_World/communityonlinetools\classes\webhook\jmwebhookdiscordmessage.c,180": Possible variable name conflict 'url'
SCRIPT       : 14:36:56.285 [EXPANSION DEBUG]: [ExpansionDebugSettings] Load existing setting file:$profile:ExpansionMod\Settings\DebugSettings.json
SCRIPT       : 14:36:56.285 [EXPANSION DEBUG]: [ExpansionLogSettings] Load existing setting file:$profile:ExpansionMod\Settings\LogsSettings.json
SCRIPT       : 14:36:56.296 [EXPANSION DEBUG]: [ExpansionNotificationSettings] Load existing setting file:$profile:ExpansionMod\Settings\NotificationSettings.json
SCRIPT       : 14:36:56.296 [EXPANSION DEBUG]: [ExpansionMonitoringSettings] Load existing setting file:$profile:ExpansionMod\Settings\MonitoringSettings.json
SCRIPT       : 14:36:56.296 [EXPANSION DEBUG]: [ExpansionDamageSystemSettings] Load existing setting file:$profile:ExpansionMod\Settings\DamageSystemSettings.json
SCRIPT       : 14:36:56.296 [EXPANSION DEBUG]: [ExpansionPartySettings] Load existing setting file:$profile:ExpansionMod\Settings\PartySettings.json
SCRIPT       : 14:36:56.296 [EXPANSION DEBUG]: [ExpansionHardlineSettings] Load existing setting file:$mission:expansion\settings\HardlineSettings.json
SCRIPT       : 14:36:56.300 [EXPANSION DEBUG]: [ExpansionMarketSettings] Load existing setting file:$mission:expansion\settings\MarketSettings.json
SCRIPT       : ExpansionMarketSettings::LoadCategories - Adding category ID 1 (Ammo)
SCRIPT       : ExpansionMarketSettings::LoadCategories - Adding category ID 2 (Ammo_Boxes)
SCRIPT       : ExpansionMarketSettings::LoadCategories - Adding category ID 3 (Armbands)
SCRIPT       : ExpansionMarketSettings::LoadCategories - Adding category ID 4 (Assault_Rifles)
SCRIPT       : ExpansionMarketSettings::LoadCategories - Adding category ID 5 (Backpacks)
SCRIPT       : ExpansionMarketSettings::LoadCategories - Adding category ID 6 (Bandanas)
SCRIPT       : ExpansionMarketSettings::LoadCategories - Adding category ID 7 (Batteries)
SCRIPT       : ExpansionMarketSettings::LoadCategories - Adding category ID 8 (Bayonets)
SCRIPT       : ExpansionMarketSettings::LoadCategories - Adding category ID 9 (Belts)
SCRIPT       : ExpansionMarketSettings::LoadCategories - Adding category ID 10 (Blouses_And_Suits)
SCRIPT       : ExpansionMarketSettings::LoadCategories - Adding category ID 11 (Boats)
SCRIPT       : ExpansionMarketSettings::LoadCategories - Adding category ID 12 (Boots_And_Shoes)
SCRIPT       : ExpansionMarketSettings::LoadCategories - Adding category ID 13 (Buttstocks)
SCRIPT       : ExpansionMarketSettings::LoadCategories - Adding category ID 14 (Caps)
SCRIPT       : ExpansionMarketSettings::LoadCategories - Adding category ID 15 (Cars)
SCRIPT       : ExpansionMarketSettings::LoadCategories - Adding category ID 16 (Coats_And_Jackets)
SCRIPT       : ExpansionMarketSettings::LoadCategories - Adding category ID 17 (Containers)
SCRIPT       : ExpansionMarketSettings::LoadCategories - Adding category ID 18 (Crossbows)
SCRIPT       : ExpansionMarketSettings::LoadCategories - Adding category ID 19 (Drinks)
SCRIPT       : ExpansionMarketSettings::LoadCategories - Adding category ID 20 (Electronics)
SCRIPT       : ExpansionMarketSettings::LoadCategories - Adding category ID 21 (Event)
SCRIPT       : ExpansionMarketSettings::LoadCategories - Adding category ID 22 (Exchange)
SCRIPT       : ExpansionMarketSettings::LoadCategories - Adding category ID 23 (Explosives_And_Grenades)
SCRIPT       : ExpansionMarketSettings::LoadCategories - Adding category ID 24 (Eyewear)
SCRIPT       : ExpansionMarketSettings::LoadCategories - Adding category ID 25 (Fish)
SCRIPT       : ExpansionMarketSettings::LoadCategories - Adding category ID 26 (Fishing)
SCRIPT       : ExpansionMarketSettings::LoadCategories - Adding category ID 27 (Flags)
SCRIPT       : ExpansionMarketSettings::LoadCategories - Adding category ID 28 (Food)
SCRIPT       : ExpansionMarketSettings::LoadCategories - Adding category ID 29 (Fruit_And_Vegetables)
SCRIPT       : ExpansionMarketSettings::LoadCategories - Adding category ID 30 (Furnishings)
SCRIPT       : ExpansionMarketSettings::LoadCategories - Adding category ID 31 (Gardening)
SCRIPT       : ExpansionMarketSettings::LoadCategories - Adding category ID 32 (Ghillies)
SCRIPT       : ExpansionMarketSettings::LoadCategories - Adding category ID 33 (Gloves)
SCRIPT       : ExpansionMarketSettings::LoadCategories - Adding category ID 34 (Handguards)
SCRIPT       : ExpansionMarketSettings::LoadCategories - Adding category ID 35 (Hats_And_Hoods)
SCRIPT       : ExpansionMarketSettings::LoadCategories - Adding category ID 36 (Helicopters)
SCRIPT       : ExpansionMarketSettings::LoadCategories - Adding category ID 37 (Helmets)
SCRIPT       : ExpansionMarketSettings::LoadCategories - Adding category ID 38 (Holsters_And_Pouches)
SCRIPT       : ExpansionMarketSettings::LoadCategories - Adding category ID 39 (Kits)
SCRIPT       : ExpansionMarketSettings::LoadCategories - Adding category ID 40 (Knifes)
SCRIPT       : ExpansionMarketSettings::LoadCategories - Adding category ID 41 (Launchers)
SCRIPT       : ExpansionMarketSettings::LoadCategories - Adding category ID 42 (Lights)
SCRIPT       : ExpansionMarketSettings::LoadCategories - Adding category ID 43 (Liquids)
SCRIPT       : ExpansionMarketSettings::LoadCategories - Adding category ID 44 (Locks)
SCRIPT       : ExpansionMarketSettings::LoadCategories - Adding category ID 45 (Magazines)
SCRIPT       : ExpansionMarketSettings::LoadCategories - Adding category ID 46 (Masks)
SCRIPT       : ExpansionMarketSettings::LoadCategories - Adding category ID 47 (Meat)
SCRIPT       : ExpansionMarketSettings::LoadCategories - Adding category ID 48 (Medical)
SCRIPT       : ExpansionMarketSettings::LoadCategories - Adding category ID 49 (Melee_Weapons)
SCRIPT       : ExpansionMarketSettings::LoadCategories - Adding category ID 50 (MMG_Armored_Helmet_Visor)
SCRIPT       : ExpansionMarketSettings::LoadCategories - Adding category ID 51 (MMG_BackPacks)
SCRIPT       : ExpansionMarketSettings::LoadCategories - Adding category ID 52 (MMG_Belts)
SCRIPT       : ExpansionMarketSettings::LoadCategories - Adding category ID 53 (MMG_Boots)
SCRIPT       : ExpansionMarketSettings::LoadCategories - Adding category ID 54 (MMG_Bottle)
SCRIPT       : ExpansionMarketSettings::LoadCategories - Adding category ID 55 (MMG_Carbine)
SCRIPT       : ExpansionMarketSettings::LoadCategories - Adding category ID 56 (MMG_Chest_Rigs)
SCRIPT       : ExpansionMarketSettings::LoadCategories - Adding category ID 57 (MMG_Facemask)
SCRIPT       : ExpansionMarketSettings::LoadCategories - Adding category ID 58 (MMG_Gloves)
SCRIPT       : ExpansionMarketSettings::LoadCategories - Adding category ID 59 (MMG_Goggles)
SCRIPT       : ExpansionMarketSettings::LoadCategories - Adding category ID 60 (MMG_Headphones)
SCRIPT       : ExpansionMarketSettings::LoadCategories - Adding category ID 61 (MMG_Holsters)
SCRIPT       : ExpansionMarketSettings::LoadCategories - Adding category ID 62 (MMG_NBC)
SCRIPT       : ExpansionMarketSettings::LoadCategories - Adding category ID 63 (MMG_Pants)
SCRIPT       : ExpansionMarketSettings::LoadCategories - Adding category ID 64 (MMG_Patches)
SCRIPT       : ExpansionMarketSettings::LoadCategories - Adding category ID 65 (MMG_Plate_Carriers)
SCRIPT       : ExpansionMarketSettings::LoadCategories - Adding category ID 66 (MMG_Pouches)
SCRIPT       : ExpansionMarketSettings::LoadCategories - Adding category ID 67 (MMG_Shirts)
SCRIPT       : ExpansionMarketSettings::LoadCategories - Adding category ID 68 (MMG_Sniper_Boonie)
SCRIPT       : ExpansionMarketSettings::LoadCategories - Adding category ID 69 (Muzzles)
SCRIPT       : ExpansionMarketSettings::LoadCategories - Adding category ID 70 (Navigation)
SCRIPT       : ExpansionMarketSettings::LoadCategories - Adding category ID 71 (Optics)
SCRIPT       : ExpansionMarketSettings::LoadCategories - Adding category ID 72 (Pants_And_Shorts)
SCRIPT       : ExpansionMarketSettings::LoadCategories - Adding category ID 73 (Pistols)
SCRIPT       : ExpansionMarketSettings::LoadCategories - Adding category ID 74 (Rifles)
SCRIPT       : ExpansionMarketSettings::LoadCategories - Adding category ID 75 (Shirts_And_TShirts)
SCRIPT       : ExpansionMarketSettings::LoadCategories - Adding category ID 76 (Shotguns)
SCRIPT       : ExpansionMarketSettings::LoadCategories - Adding category ID 77 (Skirts_And_Dresses)
SCRIPT       : ExpansionMarketSettings::LoadCategories - Adding category ID 78 (Sniper_Rifles)
SCRIPT       : ExpansionMarketSettings::LoadCategories - Adding category ID 79 (Spraycans)
SCRIPT       : ExpansionMarketSettings::LoadCategories - Adding category ID 80 (Submachine_Guns)
SCRIPT       : ExpansionMarketSettings::LoadCategories - Adding category ID 81 (Supplies)
SCRIPT       : ExpansionMarketSettings::LoadCategories - Adding category ID 82 (Sweaters_And_Hoodies)
SCRIPT       : ExpansionMarketSettings::LoadCategories - Adding category ID 83 (Tents)
SCRIPT       : ExpansionMarketSettings::LoadCategories - Adding category ID 84 (Tools)
SCRIPT       : ExpansionMarketSettings::LoadCategories - Adding category ID 85 (Vehicle_Parts)
SCRIPT       : ExpansionMarketSettings::LoadCategories - Adding category ID 86 (Vests)
SCRIPT       : 14:36:56.445 [EXPANSION DEBUG]: [ExpansionAirdropSettings] Load existing setting file:$profile:ExpansionMod\Settings\AirdropSettings.json
SCRIPT       : 14:36:56.562 [EXPANSION DEBUG]: [ExpansionMissionSettings] Load existing setting file:$profile:ExpansionMod\Settings\MissionSettings.json
SCRIPT       : 14:36:56.562 [EXPANSION DEBUG]: [ExpansionMapSettings] Load existing setting file:$mission:expansion\settings\MapSettings.json
SCRIPT       : 14:36:56.578 [EXPANSION DEBUG]: [ExpansionPersonalStorageNewSettings] Load existing setting file:$profile:ExpansionMod\Settings\PersonalStorageNewSettings.json
SCRIPT       : 14:36:56.578 [EXPANSION DEBUG]: [ExpansionGeneralSettings] Load existing setting file:$profile:ExpansionMod\Settings\GeneralSettings.json
SCRIPT       : 14:36:56.578 [EXPANSION DEBUG]: [ExpansionPlayerListSettings] Load existing setting file:$profile:ExpansionMod\Settings\PlayerListSettings.json
SCRIPT       : 14:36:56.578 [EXPANSION DEBUG]: [ExpansionSocialMediaSettings] Load existing setting file:$profile:ExpansionMod\Settings\SocialMediaSettings.json
SCRIPT       : 14:36:56.578 [EXPANSION DEBUG]: [ExpansionSpawnSettings] Load existing setting file:$mission:expansion\settings\SpawnSettings.json
SCRIPT       : 14:36:56.578 [EXPANSION DEBUG]: [ExpansionVehicleSettings] Load existing setting file:$profile:ExpansionMod\Settings\VehicleSettings.json
SCRIPT       : 14:36:56.582 [EXPANSION DEBUG]: [ExpansionAISettings] Load existing setting file:$profile:ExpansionMod\Settings\AISettings.json
SCRIPT       : 14:36:56.582 [EXPANSION DEBUG]: [ExpansionAIPatrolSettings] Load existing setting file:$mission:expansion\settings\AIPatrolSettings.json
SCRIPT       : 14:36:56.585 [EXPANSION DEBUG]: [ExpansionBaseBuildingSettings] Load existing setting file:$mission:expansion\settings\BaseBuildingSettings.json
SCRIPT       : 14:36:56.585 [EXPANSION DEBUG]: [ExpansionRaidSettings] Load existing setting file:$profile:ExpansionMod\Settings\RaidSettings.json
SCRIPT       : 14:36:56.589 [EXPANSION DEBUG]: [ExpansionTerritorySettings] Load existing setting file:$profile:ExpansionMod\Settings\TerritorySettings.json
SCRIPT       : 14:36:56.589 [EXPANSION DEBUG]: [ExpansionChatSettings] Load existing setting file:$profile:ExpansionMod\Settings\ChatSettings.json
SCRIPT       : Expansion version: 1.8.21
SCRIPT       : [DefineTest] EXPANSIONMOD is defined
SCRIPT       : [DefineTest] EXPANSIONMODAI is defined
SCRIPT       : [DefineTest] EXPANSIONMODANIMATIONS is defined
SCRIPT       : [DefineTest] EXPANSIONMODBASEBUILDING is defined
SCRIPT       : [DefineTest] EXPANSIONMODBOOK is defined
SCRIPT       : [DefineTest] EXPANSIONMODCHAT is defined
SCRIPT       : [DefineTest] EXPANSIONMODCORE is defined
SCRIPT       : [DefineTest] EXPANSIONMODGARAGE is defined
SCRIPT       : [DefineTest] EXPANSIONMODGROUPS is defined
SCRIPT       : [DefineTest] EXPANSIONMODHARDLINE is defined
SCRIPT       : [DefineTest] EXPANSIONMODKILLFEED is defined
SCRIPT       : [DefineTest] EXPANSIONMODMAPASSETS is defined
SCRIPT       : [DefineTest] EXPANSIONMODMARKET is defined
SCRIPT       : [DefineTest] EXPANSIONMODMISSIONS is defined
SCRIPT       : [DefineTest] EXPANSIONMODNAMETAGS is defined
SCRIPT       : [DefineTest] EXPANSIONMODNAVIGATION is defined
SCRIPT       : [DefineTest] EXPANSIONMODP2PMARKET is defined
SCRIPT       : [DefineTest] EXPANSIONMODPERSONALSTORAGE is defined
SCRIPT       : [DefineTest] EXPANSIONMODQUESTS is defined
SCRIPT       : [DefineTest] EXPANSIONMODSPAWNSELECTION is defined
SCRIPT       : [DefineTest] EXPANSIONMODVEHICLE is defined
SCRIPT       : [DefineTest] EXPANSIONMODWEAPONS is defined
SCRIPT       : [DefineTest] CfgMods:
SCRIPT       : defaultAction
SCRIPT       : DayZ
SCRIPT       : DZ_Expansion_AI_Preload
SCRIPT       : DZ_Expansion_Animations_Preload
SCRIPT       : DZ_Expansion_BaseBuilding_Preload
SCRIPT       : DZ_Expansion_Book_Preload
SCRIPT       : DZ_Expansion_Chat_Preload
SCRIPT       : DZ_Expansion_Core_Preload
SCRIPT       : DZ_Expansion_Garage_Preload
SCRIPT       : DZ_Expansion_Groups_Preload
SCRIPT       : DZ_Expansion_Hardline_Preload
SCRIPT       : DZ_Expansion_KillFeed_Preload
SCRIPT       : DZ_Expansion_MapAssets_Preload
SCRIPT       : DZ_Expansion_Market_Preload
SCRIPT       : DZ_Expansion_Missions_Preload
SCRIPT       : DZ_Expansion_ModStorage_Preload
SCRIPT       : DZ_Expansion_NameTags_Preload
SCRIPT       : DZ_Expansion_Navigation_Preload
SCRIPT       : DZ_Expansion_P2PMarket_Preload
SCRIPT       : DZ_Expansion_PersonalStorage_Preload
SCRIPT       : DZ_Expansion_Preload
SCRIPT       : DZ_Expansion_Quests_Preload
SCRIPT       : DZ_Expansion_SpawnSelection_Preload
SCRIPT       : DZ_Expansion_Vehicles_Preload
SCRIPT       : DZ_Expansion_Weapons_Preload
SCRIPT       : DZ_DabsFramework
SCRIPT       : DZ_Expansion_DefineTest
SCRIPT       : DZ_Expansion_MapAssets
SCRIPT       : bliss
SCRIPT       : JM_CommunityFramework
SCRIPT       : JM_CommunityOnlineTools
SCRIPT       : PvZmoD_CustomisableZombies
SCRIPT       : BoostZombiesVisionAddon
SCRIPT       : DZ_Editor_Loader
SCRIPT       : DZ_Expansion_ModStorage
SCRIPT       : DZ_Expansion_Core
SCRIPT       : DZ_Expansion_Garage
SCRIPT       : DZ_Expansion_Groups
SCRIPT       : DZ_Expansion_Market
SCRIPT       : DZ_Expansion_Missions
SCRIPT       : DZ_Expansion_NameTags
SCRIPT       : DZ_Expansion_Navigation
SCRIPT       : DZ_Expansion_NotificationScheduler
SCRIPT       : DZ_Expansion_P2PMarket
SCRIPT       : DZ_Expansion_PersonalStorage
SCRIPT       : DZ_Expansion_PersonalStorageNew
SCRIPT       : DZ_Expansion_PlayerList
SCRIPT       : DZ_Expansion
SCRIPT       : DZ_Expansion_SpawnSelection
SCRIPT       : DZ_Expansion_VanillaFixes
SCRIPT       : DZ_Expansion_Vehicles
SCRIPT       : DZ_Expansion_Weapons
SCRIPT       : jpc_vest
SCRIPT       : DZ_Expansion_AI
SCRIPT       : DZ_Expansion_BaseBuilding
SCRIPT       : DZ_Expansion_Book
SCRIPT       : DZ_Expansion_Chat
SCRIPT       : DZ_Expansion_Hardline
SCRIPT       : DZ_Expansion_Quests
SCRIPT       : DZ_Expansion_VirtualContainerStorage
SCRIPT       : DayZ_Expansion_AI_Dynamic
SCRIPT       : 14:36:57.140 [EXPANSION DEBUG]: ModStorage v5
SCRIPT       : 14:36:59.886 [EXPANSION DEBUG]: ExpansionTraderJudy<4f2f2020>::SetTraderObject ExpansionTraderObjectBase<c9f35ea0> <4973.928711, 9.510984, 2436.782959>
SCRIPT       : 14:36:59.886 [EXPANSION DEBUG]: LoadMissionTradersFile trader ExpansionTraderJudy<4f2f2020> fileName Aircraft
SCRIPT       : 14:36:59.898 [EXPANSION DEBUG]: ExpansionTraderJose<6bcb9010>::SetTraderObject ExpansionTraderObjectBase<ca1544b0> <14353.624023, 3.326771, 13229.217773>
SCRIPT       : 14:36:59.898 [EXPANSION DEBUG]: LoadMissionTradersFile trader ExpansionTraderJose<6bcb9010> fileName Boats
SCRIPT       : 14:36:59.902 [EXPANSION DEBUG]: ExpansionTraderEva<d38c1010>::SetTraderObject ExpansionTraderObjectBase<d38b23e0> <14378.793945, 3.325975, 13271.585938>
SCRIPT       : 14:36:59.902 [EXPANSION DEBUG]: LoadMissionTradersFile trader ExpansionTraderEva<d38c1010> fileName Fishing
SCRIPT       : 14:36:59.914 [EXPANSION DEBUG]: ExpansionTraderLewis<91538020>::SetTraderObject ExpansionTraderObjectBase<d3967140> <1756.656372, 1.415564, 2027.359741>
SCRIPT       : 14:36:59.914 [EXPANSION DEBUG]: LoadMissionTradersFile trader ExpansionTraderLewis<91538020> fileName Boats
SCRIPT       : 14:36:59.914 [EXPANSION DEBUG]: LoadMissionTradersFile trader ExpansionTraderStaticBase<ae6144b0> fileName Exchange
SCRIPT       : 14:36:59.933 [EXPANSION DEBUG]: ExpansionTraderDenis<8cb8010>::SetTraderObject ExpansionTraderObjectBase<d3aedc50> <3697.249512, 402.010010, 5977.625488>
SCRIPT       : 14:36:59.933 [EXPANSION DEBUG]: LoadMissionTradersFile trader ExpansionTraderDenis<8cb8010> fileName Clothing
SCRIPT       : 14:36:59.953 [EXPANSION DEBUG]: ExpansionTraderMaria<d3c91810>::SetTraderObject ExpansionTraderObjectBase<d3c62020> <3696.455811, 402.010010, 5980.193359>
SCRIPT       : 14:36:59.953 [EXPANSION DEBUG]: LoadMissionTradersFile trader ExpansionTraderMaria<d3c91810> fileName Clothing_Accessories
SCRIPT       : 14:36:59.968 [EXPANSION DEBUG]: ExpansionTraderQuinn<d3c00020>::SetTraderObject ExpansionTraderObjectBase<d3d5cb40> <3710.121826, 402.010010, 5976.164063>
SCRIPT       : 14:36:59.968 [EXPANSION DEBUG]: LoadMissionTradersFile trader ExpansionTraderQuinn<d3c00020> fileName Consumables
SCRIPT       : 14:36:59.984 [EXPANSION DEBUG]: ExpansionTraderNaomi<d3ed9800>::SetTraderObject ExpansionTraderObjectBase<d3e96620> <3708.786865, 402.010010, 5974.589844>
SCRIPT       : 14:36:59.984 [EXPANSION DEBUG]: LoadMissionTradersFile trader ExpansionTraderNaomi<d3ed9800> fileName Weapons
SCRIPT       : 14:37:00.003 [EXPANSION DEBUG]: ExpansionTraderSeth<8e147e60>::SetTraderObject ExpansionTraderObjectBase<d4037080> <3710.265137, 402.010010, 5973.340820>
SCRIPT       : 14:37:00.003 [EXPANSION DEBUG]: LoadMissionTradersFile trader ExpansionTraderSeth<8e147e60> fileName Attachments
SCRIPT       : 14:37:00.015 [EXPANSION DEBUG]: ExpansionTraderRolf<8e15b4b0>::SetTraderObject ExpansionTraderObjectBase<d41c6f10> <3698.172607, 402.010010, 5995.337402>
SCRIPT       : 14:37:00.015 [EXPANSION DEBUG]: LoadMissionTradersFile trader ExpansionTraderRolf<8e15b4b0> fileName Vehicles
SCRIPT       : 14:37:00.031 [EXPANSION DEBUG]: ExpansionTraderIndar<8e14fa80>::SetTraderObject ExpansionTraderObjectBase<d4289830> <3714.531006, 402.138000, 5961.776367>
SCRIPT       : 14:37:00.031 [EXPANSION DEBUG]: LoadMissionTradersFile trader ExpansionTraderIndar<8e14fa80> fileName Components
SCRIPT       : 14:37:00.039 [EXPANSION DEBUG]: ExpansionTraderJudy<8e166ee0>::SetTraderObject ExpansionTraderObjectBase<d438ccc0> <3729.029541, 402.651001, 5969.476563>
SCRIPT       : 14:37:00.039 [EXPANSION DEBUG]: LoadMissionTradersFile trader ExpansionTraderJudy<8e166ee0> fileName Medicals
SCRIPT       : 14:37:00.042 [EXPANSION DEBUG]: ExpansionTraderNaomi<8e15f2c0>::SetTraderObject ExpansionTraderObjectBase<d4393a70> <3690.062988, 402.100067, 6006.763672>
SCRIPT       : 14:37:00.042 [EXPANSION DEBUG]: LoadMissionTradersFile trader ExpansionTraderNaomi<8e15f2c0> fileName Vehicle_Parts
SCRIPT       : 14:37:00.050 [EXPANSION DEBUG]: ExpansionTraderJose<d44262d0>::SetTraderObject ExpansionTraderObjectBase<d4398a70> <3699.629883, 402.010010, 5993.970215>
SCRIPT       : 14:37:00.050 [EXPANSION DEBUG]: LoadMissionTradersFile trader ExpansionTraderJose<d44262d0> fileName Spraycans
SCRIPT       : 14:37:00.058 [EXPANSION DEBUG]: ExpansionTraderLinda<d440ee70>::SetTraderObject ExpansionTraderObjectBase<d4542d60> <3674.669922, 406.760010, 5990.390137>
SCRIPT       : 14:37:00.058 [EXPANSION DEBUG]: LoadMissionTradersFile trader ExpansionTraderLinda<d440ee70> fileName Special
SCRIPT       : 14:37:00.070 [EXPANSION DEBUG]: ExpansionTraderNiki<d441a8a0>::SetTraderObject ExpansionTraderObjectBase<d468c940> <3699.030029, 402.013000, 5973.439941>
SCRIPT       : 14:37:00.070 [EXPANSION DEBUG]: LoadMissionTradersFile trader ExpansionTraderNiki<d441a8a0> fileName BuildingSupplies
SCRIPT       : 14:37:00.074 [EXPANSION DEBUG]: ExpansionTraderNiki<d4412c80>::SetTraderObject ExpansionTraderObjectBase<d4693a60> <3697.030029, 402.013000, 5973.439941>
SCRIPT       : 14:37:00.074 [EXPANSION DEBUG]: LoadMissionTradersFile trader ExpansionTraderNiki<d4412c80> fileName MMG
SCRIPT       : 14:37:00.078 [EXPANSION DEBUG]: ExpansionTraderFrancis<d4416a90>::SetTraderObject ExpansionTraderObjectBase<d478c8c0> <1153.964844, 6.463035, 2409.763184>
SCRIPT       : 14:37:00.078 [EXPANSION DEBUG]: LoadMissionTradersFile trader ExpansionTraderFrancis<d4416a90> fileName Attachments
SCRIPT       : 14:37:00.089 [EXPANSION DEBUG]: ExpansionTraderKaito<d44224c0>::SetTraderObject ExpansionTraderObjectBase<d96c28f0> <1117.021240, 5.495151, 2413.766357>
SCRIPT       : 14:37:00.089 [EXPANSION DEBUG]: LoadMissionTradersFile trader ExpansionTraderKaito<d44224c0> fileName Components
SCRIPT       : 14:37:00.097 [EXPANSION DEBUG]: ExpansionTraderCyril<d441e6b0>::SetTraderObject ExpansionTraderObjectBase<d9789b80> <1136.987427, 5.908522, 2439.662598>
SCRIPT       : 14:37:00.097 [EXPANSION DEBUG]: LoadMissionTradersFile trader ExpansionTraderCyril<d441e6b0> fileName Clothing
SCRIPT       : 14:37:00.105 [EXPANSION DEBUG]: ExpansionTraderGuo<d440b060>::SetTraderObject ExpansionTraderObjectBase<d9884420> <1133.974854, 5.909700, 2442.412598>
SCRIPT       : 14:37:00.105 [EXPANSION DEBUG]: LoadMissionTradersFile trader ExpansionTraderGuo<d440b060> fileName Clothing_Accessories
SCRIPT       : 14:37:00.113 [EXPANSION DEBUG]: ExpansionTraderBoris<d4435b10>::SetTraderObject ExpansionTraderObjectBase<d99d2350> <1123.468262, 15.349299, 2426.316162>
SCRIPT       : 14:37:00.113 [EXPANSION DEBUG]: LoadMissionTradersFile trader ExpansionTraderBoris<d4435b10> fileName Exchange
SCRIPT       : 14:37:00.113 [EXPANSION DEBUG]: ExpansionTraderLinda<d442def0>::SetTraderObject ExpansionTraderObjectBase<d99d6720> <1135.892822, 5.908773, 2436.856689>
SCRIPT       : 14:37:00.113 [EXPANSION DEBUG]: LoadMissionTradersFile trader ExpansionTraderLinda<d442def0> fileName Consumables
SCRIPT       : 14:37:00.121 [EXPANSION DEBUG]: ExpansionTraderKeiko<d4431d00>::SetTraderObject ExpansionTraderObjectBase<d9ac3630> <1130.731689, 5.951744, 2438.009277>
SCRIPT       : 14:37:00.121 [EXPANSION DEBUG]: LoadMissionTradersFile trader ExpansionTraderKeiko<d4431d00> fileName Medicals
SCRIPT       : 14:37:00.132 [EXPANSION DEBUG]: ExpansionTraderHelga<d443d730>::SetTraderObject ExpansionTraderObjectBase<d9adf420> <1141.654419, 5.906255, 2421.591309>
SCRIPT       : 14:37:00.132 [EXPANSION DEBUG]: LoadMissionTradersFile trader ExpansionTraderHelga<d443d730> fileName Special
SCRIPT       : 14:37:00.136 [EXPANSION DEBUG]: ExpansionTraderFrida<d4441540>::SetTraderObject ExpansionTraderObjectBase<d9bb1ca0> <1120.135132, 5.600746, 2417.465820>
SCRIPT       : 14:37:00.136 [EXPANSION DEBUG]: LoadMissionTradersFile trader ExpansionTraderFrida<d4441540> fileName Vehicles
SCRIPT       : 14:37:00.144 [EXPANSION DEBUG]: ExpansionTraderHassan<d4439920>::SetTraderObject ExpansionTraderObjectBase<d9c3ed30> <1123.977905, 5.639271, 2417.411865>
SCRIPT       : 14:37:00.144 [EXPANSION DEBUG]: LoadMissionTradersFile trader ExpansionTraderHassan<d4439920> fileName Vehicle_Parts
SCRIPT       : 14:37:00.148 [EXPANSION DEBUG]: ExpansionTraderDenis<d4445350>::SetTraderObject ExpansionTraderObjectBase<d9c44e60> <1156.719727, 6.513331, 2406.355225>
SCRIPT       : 14:37:00.148 [EXPANSION DEBUG]: LoadMissionTradersFile trader ExpansionTraderDenis<d4445350> fileName Weapons
SCRIPT       : 14:37:00.156 [EXPANSION DEBUG]: ExpansionTraderGabi<d442a0e0>::SetTraderObject ExpansionTraderObjectBase<bd278050> <1135.689941, 5.900000, 2423.300049>
SCRIPT       : 14:37:00.156 [EXPANSION DEBUG]: LoadMissionTradersFile trader ExpansionTraderGabi<d442a0e0> fileName BuildingSupplies
SCRIPT       : 14:37:00.156 [EXPANSION DEBUG]: ExpansionTraderFrancis<d9ee0c70>::SetTraderObject ExpansionTraderObjectBase<bd27cd30> <11835.901367, 140.617874, 12474.744141>
SCRIPT       : 14:37:00.156 [EXPANSION DEBUG]: LoadMissionTradersFile trader ExpansionTraderFrancis<d9ee0c70> fileName Attachments
SCRIPT       : 14:37:00.160 [EXPANSION DEBUG]: ExpansionTraderLinda<d9ef42c0>::SetTraderObject ExpansionTraderObjectBase<d9f30d60> <11856.716797, 140.565109, 12461.438477>
SCRIPT       : 14:37:00.160 [EXPANSION DEBUG]: LoadMissionTradersFile trader ExpansionTraderLinda<d9ef42c0> fileName Consumables
SCRIPT       : 14:37:00.164 [EXPANSION DEBUG]: ExpansionTraderCyril<d9ef04b0>::SetTraderObject ExpansionTraderObjectBase<d9f354f0> <11855.000000, 140.605103, 12466.099609>
SCRIPT       : 14:37:00.164 [EXPANSION DEBUG]: LoadMissionTradersFile trader ExpansionTraderCyril<d9ef04b0> fileName Clothing
SCRIPT       : 14:37:00.167 [EXPANSION DEBUG]: ExpansionTraderGuo<d9ee4a80>::SetTraderObject ExpansionTraderObjectBase<d9f3a630> <11855.200195, 140.605103, 12470.487305>
SCRIPT       : 14:37:00.167 [EXPANSION DEBUG]: LoadMissionTradersFile trader ExpansionTraderGuo<d9ee4a80> fileName Clothing_Accessories
SCRIPT       : 14:37:00.171 [EXPANSION DEBUG]: ExpansionTraderKaito<d9ee8890>::SetTraderObject ExpansionTraderObjectBase<d9f40df0> <11849.400391, 140.605087, 12466.200195>
SCRIPT       : 14:37:00.171 [EXPANSION DEBUG]: LoadMissionTradersFile trader ExpansionTraderKaito<d9ee8890> fileName Components
SCRIPT       : 14:37:00.171 [EXPANSION DEBUG]: ExpansionTraderBoris<d9eec6a0>::SetTraderObject ExpansionTraderObjectBase<d9f45cb0> <11858.202148, 140.615112, 12463.234375>
SCRIPT       : 14:37:00.171 [EXPANSION DEBUG]: LoadMissionTradersFile trader ExpansionTraderBoris<d9eec6a0> fileName Exchange
SCRIPT       : 14:37:00.175 [EXPANSION DEBUG]: ExpansionTraderKeiko<d9ed9050>::SetTraderObject ExpansionTraderObjectBase<d9f4a990> <11853.218750, 140.605087, 12463.277344>
SCRIPT       : 14:37:00.175 [EXPANSION DEBUG]: LoadMissionTradersFile trader ExpansionTraderKeiko<d9ed9050> fileName Medicals
SCRIPT       : 14:37:00.175 [EXPANSION DEBUG]: ExpansionTraderGabi<d9ef80d0>::SetTraderObject ExpansionTraderObjectBase<da025c10> <11833.200195, 140.605118, 12461.700195>
SCRIPT       : 14:37:00.175 [EXPANSION DEBUG]: LoadMissionTradersFile trader ExpansionTraderGabi<d9ef80d0> fileName Special
SCRIPT       : 14:37:00.183 [EXPANSION DEBUG]: ExpansionTraderElias<d9edce60>::SetTraderObject ExpansionTraderObjectBase<da0407e0> <11877.799805, 140.134796, 12441.599609>
SCRIPT       : 14:37:00.183 [EXPANSION DEBUG]: LoadMissionTradersFile trader ExpansionTraderElias<d9edce60> fileName Vehicles
SCRIPT       : 14:37:00.187 [EXPANSION DEBUG]: ExpansionTraderHassan<d9f07910>::SetTraderObject ExpansionTraderObjectBase<da0e2810> <11878.674805, 140.134796, 12424.302734>
SCRIPT       : 14:37:00.187 [EXPANSION DEBUG]: LoadMissionTradersFile trader ExpansionTraderHassan<d9f07910> fileName Vehicle_Parts
SCRIPT       : 14:37:00.191 [EXPANSION DEBUG]: ExpansionTraderDenis<d9efbee0>::SetTraderObject ExpansionTraderObjectBase<da0e6aa0> <11833.576172, 140.605072, 12469.492188>
SCRIPT       : 14:37:00.191 [EXPANSION DEBUG]: LoadMissionTradersFile trader ExpansionTraderDenis<d9efbee0> fileName Weapons
SCRIPT       : 14:37:00.191 [EXPANSION DEBUG]: ExpansionTraderLinda<d9f0f530>::SetTraderObject ExpansionTraderObjectBase<da0ecb30> <11852.194336, 140.660980, 12472.387695>
SCRIPT       : 14:37:00.191 [EXPANSION DEBUG]: LoadMissionTradersFile trader ExpansionTraderLinda<d9f0f530> fileName BuildingSupplies
SCRIPT       : 14:37:00.199 [EXPANSION DEBUG]: ExpansionTraderManua<d9f0b720>::SetTraderObject ExpansionTraderObjectBase<da1adf10> <11879.722656, 140.094788, 12435.959961>
SCRIPT       : 14:37:00.199 [EXPANSION DEBUG]: LoadMissionTradersFile trader ExpansionTraderManua<d9f0b720> fileName Spraycans
SCRIPT       : 14:37:00.207 [EXPANSION DEBUG]: ExpansionTraderIrena<d9f03b00>::SetTraderObject ExpansionTraderObjectBase<da29b2c0> <12160.279297, 140.580765, 12689.783203>
SCRIPT       : 14:37:00.207 [EXPANSION DEBUG]: LoadMissionTradersFile trader ExpansionTraderIrena<d9f03b00> fileName Aircraft
SCRIPT       : [ExpansionQuestPersistentServerData] Load existing configuration file:$profile:ExpansionMod\Quests\PersistentServerData.json
SCRIPT       : [ExpansionQuestPersistentServerData] Load existing configuration file:$profile:ExpansionMod\Quests\PersistentServerData.json
SCRIPT       : [ExpansionQuestObjectiveTravelConfig] Load existing configuration file:$profile:ExpansionMod\Quests\Objectives\Travel\Objective_T_1.json
SCRIPT       : [ExpansionQuestObjectiveTravelConfig] Load existing configuration file:$profile:ExpansionMod\Quests\Objectives\Travel\Objective_T_2.json
SCRIPT       : [ExpansionQuestObjectiveTravelConfig] Load existing configuration file:$profile:ExpansionMod\Quests\Objectives\Travel\Objective_T_3.json
SCRIPT       : [ExpansionQuestObjectiveTravelConfig] Load existing configuration file:$profile:ExpansionMod\Quests\Objectives\Travel\Objective_T_4.json
SCRIPT       : [ExpansionQuestObjectiveTargetConfig] Load existing configuration file:$profile:ExpansionMod\Quests\Objectives\Target\Objective_TA_1_kill10sledge.json
SCRIPT       : [ExpansionQuestObjectiveTargetConfig] Load existing configuration file:$profile:ExpansionMod\Quests\Objectives\Target\Objective_TA_2_kill10.json
SCRIPT       : [ExpansionQuestObjectiveTargetConfig] Load existing configuration file:$profile:ExpansionMod\Quests\Objectives\Target\Objective_TA_31_kill_100.json
SCRIPT       : [ExpansionQuestObjectiveTargetConfig] Load existing configuration file:$profile:ExpansionMod\Quests\Objectives\Target\Objective_TA_3_kill50.json
SCRIPT       : [ExpansionQuestObjectiveTargetConfig] Load existing configuration file:$profile:ExpansionMod\Quests\Objectives\Target\Objective_TA_4_killmilitary.json
SCRIPT       : [ExpansionQuestObjectiveDeliveryConfig] Load existing configuration file:$profile:ExpansionMod\Quests\Objectives\Delivery\Objective_D_1.json
SCRIPT       : [ExpansionQuestObjectiveDeliveryConfig] Load existing configuration file:$profile:ExpansionMod\Quests\Objectives\Delivery\Objective_D_2.json
SCRIPT       : [ExpansionQuestObjectiveCollectionConfig] Load existing configuration file:$profile:ExpansionMod\Quests\Objectives\Collection\1-Collection-Apples.json
SCRIPT       : [ExpansionQuestObjectiveCollectionConfig] Load existing configuration file:$profile:ExpansionMod\Quests\Objectives\Collection\2-Collection-Mackerel.json
SCRIPT       : [ExpansionQuestObjectiveCollectionConfig] Load existing configuration file:$profile:ExpansionMod\Quests\Objectives\Collection\3-Collection-BrownChickens.json
SCRIPT       : [ExpansionQuestObjectiveCollectionConfig] Load existing configuration file:$profile:ExpansionMod\Quests\Objectives\Collection\4-Collection-BearPelt.json
SCRIPT       : [ExpansionQuestObjectiveCollectionConfig] Load existing configuration file:$profile:ExpansionMod\Quests\Objectives\Collection\5-Collection-DeerPelt.json
SCRIPT       : [ExpansionQuestObjectiveCollectionConfig] Load existing configuration file:$profile:ExpansionMod\Quests\Objectives\Collection\6-Collection-AgaricusMushroom.json
SCRIPT       : [ExpansionQuestObjectiveCollectionConfig] Load existing configuration file:$profile:ExpansionMod\Quests\Objectives\Collection\Objective_C_1.json
SCRIPT       : [ExpansionQuestObjectiveCollectionConfig] Load existing configuration file:$profile:ExpansionMod\Quests\Objectives\Collection\Objective_C_2.json
SCRIPT       : [ExpansionQuestObjectiveCollectionConfig] Load existing configuration file:$profile:ExpansionMod\Quests\Objectives\Collection\Objective_C_3.json
SCRIPT       : [ExpansionQuestObjectiveTreasureHuntConfig] Load existing configuration file:$profile:ExpansionMod\Quests\Objectives\TreasureHunt\Objective_TH_ammo_1.json
SCRIPT       : [ExpansionQuestObjectiveActionConfig] Load existing configuration file:$profile:ExpansionMod\Quests\Objectives\Action\1-Medic.json
SCRIPT       : [ExpansionQuestObjectiveActionConfig] Load existing configuration file:$profile:ExpansionMod\Quests\Objectives\Action\10-Medic.json
SCRIPT       : [ExpansionQuestObjectiveActionConfig] Load existing configuration file:$profile:ExpansionMod\Quests\Objectives\Action\11-Medic.json
SCRIPT       : [ExpansionQuestObjectiveActionConfig] Load existing configuration file:$profile:ExpansionMod\Quests\Objectives\Action\12-Medic.json
SCRIPT       : [ExpansionQuestObjectiveActionConfig] Load existing configuration file:$profile:ExpansionMod\Quests\Objectives\Action\13-Medic.json
SCRIPT       : [ExpansionQuestObjectiveActionConfig] Load existing configuration file:$profile:ExpansionMod\Quests\Objectives\Action\14-Medic.json
SCRIPT       : [ExpansionQuestObjectiveActionConfig] Load existing configuration file:$profile:ExpansionMod\Quests\Objectives\Action\15-Medic.json
SCRIPT       : [ExpansionQuestObjectiveActionConfig] Load existing configuration file:$profile:ExpansionMod\Quests\Objectives\Action\16-Medic.json
SCRIPT       : [ExpansionQuestObjectiveActionConfig] Load existing configuration file:$profile:ExpansionMod\Quests\Objectives\Action\17-Medic.json
SCRIPT       : [ExpansionQuestObjectiveActionConfig] Load existing configuration file:$profile:ExpansionMod\Quests\Objectives\Action\18-Horticulture.json
SCRIPT       : [ExpansionQuestObjectiveActionConfig] Load existing configuration file:$profile:ExpansionMod\Quests\Objectives\Action\19-Horticulture.json
SCRIPT       : [ExpansionQuestObjectiveActionConfig] Load existing configuration file:$profile:ExpansionMod\Quests\Objectives\Action\2-Medic.json
SCRIPT       : [ExpansionQuestObjectiveActionConfig] Load existing configuration file:$profile:ExpansionMod\Quests\Objectives\Action\20-Horticulture.json
SCRIPT       : [ExpansionQuestObjectiveActionConfig] Load existing configuration file:$profile:ExpansionMod\Quests\Objectives\Action\21-Horticulture.json
SCRIPT       : [ExpansionQuestObjectiveActionConfig] Load existing configuration file:$profile:ExpansionMod\Quests\Objectives\Action\22-Horticulture.json
SCRIPT       : [ExpansionQuestObjectiveActionConfig] Load existing configuration file:$profile:ExpansionMod\Quests\Objectives\Action\23-Horticulture.json
SCRIPT       : [ExpansionQuestObjectiveActionConfig] Load existing configuration file:$profile:ExpansionMod\Quests\Objectives\Action\24-Horticulture.json
SCRIPT       : [ExpansionQuestObjectiveActionConfig] Load existing configuration file:$profile:ExpansionMod\Quests\Objectives\Action\3-Medic.json
SCRIPT       : [ExpansionQuestObjectiveActionConfig] Load existing configuration file:$profile:ExpansionMod\Quests\Objectives\Action\4-Medic.json
SCRIPT       : [ExpansionQuestObjectiveActionConfig] Load existing configuration file:$profile:ExpansionMod\Quests\Objectives\Action\5-Medic.json
SCRIPT       : [ExpansionQuestObjectiveActionConfig] Load existing configuration file:$profile:ExpansionMod\Quests\Objectives\Action\6-Medic.json
SCRIPT       : [ExpansionQuestObjectiveActionConfig] Load existing configuration file:$profile:ExpansionMod\Quests\Objectives\Action\7-Medic.json
SCRIPT       : [ExpansionQuestObjectiveActionConfig] Load existing configuration file:$profile:ExpansionMod\Quests\Objectives\Action\8-Medic.json
SCRIPT       : [ExpansionQuestObjectiveActionConfig] Load existing configuration file:$profile:ExpansionMod\Quests\Objectives\Action\9-Medic.json
SCRIPT       : [ExpansionQuestObjectiveActionConfig] Load existing configuration file:$profile:ExpansionMod\Quests\Objectives\Action\Objective_A_1.json
SCRIPT       : [ExpansionQuestObjectiveActionConfig] Load existing configuration file:$profile:ExpansionMod\Quests\Objectives\Action\Objective_A_2.json
SCRIPT       : [ExpansionQuestObjectiveCraftingConfig] Load existing configuration file:$profile:ExpansionMod\Quests\Objectives\Crafting\1-Crafting-FishingRod.json
SCRIPT       : [ExpansionQuestObjectiveCraftingConfig] Load existing configuration file:$profile:ExpansionMod\Quests\Objectives\Crafting\Objective_CR_1.json
SCRIPT       : [ExpansionQuestObjectiveAIPatrolConfig] Load existing configuration file:$profile:ExpansionMod\Quests\Objectives\AIPatrol\Objective_AIP_1.json
SCRIPT       : [ExpansionQuestObjectiveAICampConfig] Load existing configuration file:$profile:ExpansionMod\Quests\Objectives\AICamp\Objective_AIC_1.json
SCRIPT       : [ExpansionQuestObjectiveAIEscortConfig] Load existing configuration file:$profile:ExpansionMod\Quests\Objectives\AIVIP\1-VIP.json
SCRIPT       : [ExpansionQuestObjectiveAIEscortConfig] Load existing configuration file:$profile:ExpansionMod\Quests\Objectives\AIVIP\2-VIP.json
SCRIPT       : [ExpansionQuestObjectiveAIEscortConfig] Load existing configuration file:$profile:ExpansionMod\Quests\Objectives\AIVIP\Objective_AIESCORT_1.json
SCRIPT       : [ExpansionQuestNPCData] Load existing configuration file:QuestNPC_Board_3.json
SCRIPT       : [ExpansionQuestNPCData] Load existing configuration file:QuestNPC_Peter_1.json
SCRIPT       : [ExpansionQuestNPCData] Load existing configuration file:QuestNPC_Steve_2.json
SCRIPT       : [EditorLoader] File found: $mission:\EditorFiles\TraderStorage.dze
SCRIPT       : [EditorLoader] Loaded files in 0s
SCRIPT       : [EditorLoader] 6 total objects created
SCRIPT       : [EditorLoader] 0 total objects deleted
SCRIPT       : [EditorLoader] Deleted & Created all objects in 0.022s
SCRIPT       : ExpansionMarketItem marketItem = ExpansionMarketItem<b51ae670>
SCRIPT       : int worth =   1
SCRIPT       : 14:37:17.984 [EXPANSION DEBUG]: ExpansionP2PTraderAIIrena<66a8e820>::SetP2PTraderID - ID: 1
SCRIPT       : ExpansionZonePolygon<5be40830> position=<12015.854492, 0.000000, 12591.097656> radius=419.633
SCRIPT       : ExpansionZoneCircle<66a445f0> position=<1143.140015, 0.000000, 2423.270020> radius=400
SCRIPT       : ExpansionZoneCircle<66a44dd0> position=<3728.270020, 0.000000, 6003.600098> radius=400
SCRIPT       : Found 3 zones!
SCRIPT       : 14:37:18.035 [EXPANSION DEBUG]: ExpansionQuestNPCAIDenis<65fbc0e0>::OnEnterSafeZone
SCRIPT       : bool m_Expansion_LeavingSafeZone = 0
SCRIPT       : bool m_Expansion_IsInSafeZone = 0
SCRIPT       : bool m_Expansion_IsInSafeZoneSynchRemote = 0
SCRIPT       : 14:37:18.035 [EXPANSION DEBUG]: ExpansionP2PTraderAIIrena<66a8e820>::OnEnterSafeZone
SCRIPT       : bool m_Expansion_LeavingSafeZone = 0
SCRIPT       : bool m_Expansion_IsInSafeZone = 0
SCRIPT       : bool m_Expansion_IsInSafeZoneSynchRemote = 0
SCRIPT       : 14:37:18.621 [EXPANSION DEBUG]: ExpansionItemSpawnHelper::Clone - created FAL:035713 at location { type=HANDS item=FAL:035690 parent=ExpansionQuestNPCAIDenis:045 }
SCRIPT       : 14:37:18.621 [EXPANSION DEBUG]: ExpansionItemSpawnHelper::Clone - created ACOGOptic:035714 at location { type=ATTACHMENT item=null parent=FAL:035713 slot=weaponOptics }
SCRIPT       : 14:37:18.621 [EXPANSION DEBUG]: ExpansionItemSpawnHelper::Clone - created Fal_OeBttstck:035715 at location { type=ATTACHMENT item=null parent=FAL:035713 slot=weaponButtstockFal }
SCRIPT       : 14:37:18.621 [EXPANSION DEBUG]: ExpansionItemSpawnHelper::Clone - created Mag_FAL_20Rnd:035716 at location { type=ATTACHMENT item=null parent=FAL:035713 slot=magazine }
SCRIPT       : [emote] ExpansionQuestNPCAIDenis:045 play emote id=46 IH=FAL:035713
SCRIPT       : [emote] ExpansionP2PTraderAIIrena:044 play emote id=46 IH=null
SCRIPT       : [emote] ExpansionQuestNPCAIElias:046 play emote id=14 IH=CZ75:035704
