---------------------------------------------
Log C:\Program Files (x86)\Steam\steamapps\common\DayZServerAug2\config\script_2023-08-08_15-19-40.log started at 08.08. 15:19:41

SCRIPT       : Registered 397 temporary action enum(s), UAN==397
SCRIPT       : Registering faction type eAIFactionShamans ID -1484989417
SCRIPT       : Registering faction type eAIFactionObservers ID -563736721
SCRIPT       : Registering faction type eAIFactionInvincibleObservers ID -1227299746
SCRIPT       : Registering faction type eAIFactionEast ID 90522109
SCRIPT       : Registering faction type eAIFactionGuards ID 963933710
SCRIPT       : Registering faction type eAIFactionRaiders ID 1535276022
SCRIPT       : Registering faction type eAIFactionMercenaries ID 1629891834
SCRIPT       : Registering faction type eAIFactionWest ID 113880155
SCRIPT       : Registering faction type eAIFactionCivilian ID 1096178351
SCRIPT       : Registering faction type eAIFactionPassive ID -1159399789
SCRIPT       : Registering faction type eAIFactionInvincibleGuards ID 782746017
SCRIPT       : ... Backlit Effects Enabled
SCRIPT       : 15:19:42 [EXPANSION LOG]: DayZGame<6c213330> Start time (local time) 2023-08-08 15:19:36
SCRIPT       : 15:19:42 [EXPANSION LOG]: DayZGame<6c213330> Start time (UTC) 2023-08-08 20:19:36
SCRIPT       : 15:19:42 [EXPANSION LOG]: DayZGame<6c213330> Runtime since start (seconds) 6.951
SCRIPT    (W): @"JM/COT/Scripts/4_World/communityonlinetools\classes\webhook\jmwebhookdiscordmessage.c,19": Possible variable name conflict 'username'
SCRIPT    (W): @"JM/COT/Scripts/4_World/communityonlinetools\classes\webhook\jmwebhookdiscordmessage.c,19": Possible variable name conflict 'avatar_url'
SCRIPT    (W): @"JM/COT/Scripts/4_World/communityonlinetools\classes\webhook\jmwebhookdiscordmessage.c,19": Possible variable name conflict 'content'
SCRIPT    (W): @"JM/COT/Scripts/4_World/communityonlinetools\classes\webhook\jmwebhookdiscordmessage.c,151": Possible variable name conflict 'url'
SCRIPT    (W): @"JM/COT/Scripts/4_World/communityonlinetools\classes\webhook\jmwebhookdiscordmessage.c,172": Possible variable name conflict 'url'
SCRIPT    (W): @"JM/COT/Scripts/4_World/communityonlinetools\classes\webhook\jmwebhookdiscordmessage.c,180": Possible variable name conflict 'url'
SCRIPT       : Expansion version: 1.8.20
SCRIPT       : 15:19:57.742 [EXPANSION DEBUG]: [ExpansionDebugSettings] Load existing setting file:$profile:ExpansionMod\Settings\DebugSettings.json
SCRIPT       : 15:19:57.746 [EXPANSION DEBUG]: [ExpansionLogSettings] Load existing setting file:$profile:ExpansionMod\Settings\LogsSettings.json
SCRIPT       : 15:19:57.753 [EXPANSION DEBUG]: [ExpansionNotificationSettings] Load existing setting file:$profile:ExpansionMod\Settings\NotificationSettings.json
SCRIPT       : 15:19:57.757 [EXPANSION DEBUG]: [ExpansionMonitoringSettings] Load existing setting file:$profile:ExpansionMod\Settings\MonitoringSettings.json
SCRIPT       : 15:19:57.761 [EXPANSION DEBUG]: [ExpansionDamageSystemSettings] Load existing setting file:$profile:ExpansionMod\Settings\DamageSystemSettings.json
SCRIPT       : 15:19:57.765 [EXPANSION DEBUG]: [ExpansionPartySettings] Load existing setting file:$profile:ExpansionMod\Settings\PartySettings.json
SCRIPT       : 15:19:57.769 [EXPANSION DEBUG]: [ExpansionHardlineSettings] Load existing setting file:$mission:expansion\settings\HardlineSettings.json
SCRIPT       : 15:19:57.773 [EXPANSION DEBUG]: [ExpansionMarketSettings] Load existing setting file:$mission:expansion\settings\MarketSettings.json
SCRIPT       : ExpansionMarketSettings::LoadCategories - Adding category ID 1 (Ammo)
SCRIPT       : ExpansionMarketSettings::LoadCategories - Adding category ID 2 (Ammo_Boxes)
SCRIPT       : ExpansionMarketSettings::LoadCategories - Adding category ID 3 (Armbands)
SCRIPT       : ExpansionMarketSettings::LoadCategories - Adding category ID 4 (Assault_Rifles)
SCRIPT       : ExpansionMarketSettings::LoadCategories - Adding category ID 5 (Backpacks)
SCRIPT       : ExpansionMarketSettings::LoadCategories - Adding category ID 6 (Bandanas)
SCRIPT       : ExpansionMarketSettings::LoadCategories - Adding category ID 7 (Batteries)
SCRIPT       : ExpansionMarketSettings::LoadCategories - Adding category ID 8 (Bayonets)
SCRIPT       : ExpansionMarketSettings::LoadCategories - Adding category ID 9 (Belts)
SCRIPT       : ExpansionMarketSettings::LoadCategories - Adding category ID 10 (Blouses_And_Suits)
SCRIPT       : ExpansionMarketSettings::LoadCategories - Adding category ID 11 (Boats)
SCRIPT       : ExpansionMarketSettings::LoadCategories - Adding category ID 12 (Boots_And_Shoes)
SCRIPT       : ExpansionMarketSettings::LoadCategories - Adding category ID 13 (Buttstocks)
SCRIPT       : ExpansionMarketSettings::LoadCategories - Adding category ID 14 (Caps)
SCRIPT       : ExpansionMarketSettings::LoadCategories - Adding category ID 15 (Cars)
SCRIPT       : ExpansionMarketSettings::LoadCategories - Adding category ID 16 (Coats_And_Jackets)
SCRIPT       : ExpansionMarketSettings::LoadCategories - Adding category ID 17 (Containers)
SCRIPT       : ExpansionMarketSettings::LoadCategories - Adding category ID 18 (Crossbows)
SCRIPT       : ExpansionMarketSettings::LoadCategories - Adding category ID 19 (Drinks)
SCRIPT       : ExpansionMarketSettings::LoadCategories - Adding category ID 20 (Electronics)
SCRIPT       : ExpansionMarketSettings::LoadCategories - Adding category ID 21 (Event)
SCRIPT       : ExpansionMarketSettings::LoadCategories - Adding category ID 22 (Exchange)
SCRIPT       : ExpansionMarketSettings::LoadCategories - Adding category ID 23 (Explosives_And_Grenades)
SCRIPT       : ExpansionMarketSettings::LoadCategories - Adding category ID 24 (Eyewear)
SCRIPT       : ExpansionMarketSettings::LoadCategories - Adding category ID 25 (Fish)
SCRIPT       : ExpansionMarketSettings::LoadCategories - Adding category ID 26 (Fishing)
SCRIPT       : ExpansionMarketSettings::LoadCategories - Adding category ID 27 (Flags)
SCRIPT       : ExpansionMarketSettings::LoadCategories - Adding category ID 28 (Food)
SCRIPT       : ExpansionMarketSettings::LoadCategories - Adding category ID 29 (Fruit_And_Vegetables)
SCRIPT       : ExpansionMarketSettings::LoadCategories - Adding category ID 30 (Furnishings)
SCRIPT       : ExpansionMarketSettings::LoadCategories - Adding category ID 31 (Gardening)
SCRIPT       : ExpansionMarketSettings::LoadCategories - Adding category ID 32 (Ghillies)
SCRIPT       : ExpansionMarketSettings::LoadCategories - Adding category ID 33 (Gloves)
SCRIPT       : ExpansionMarketSettings::LoadCategories - Adding category ID 34 (Handguards)
SCRIPT       : ExpansionMarketSettings::LoadCategories - Adding category ID 35 (Hats_And_Hoods)
SCRIPT       : ExpansionMarketSettings::LoadCategories - Adding category ID 36 (Helicopters)
SCRIPT       : ExpansionMarketSettings::LoadCategories - Adding category ID 37 (Helmets)
SCRIPT       : ExpansionMarketSettings::LoadCategories - Adding category ID 38 (Holsters_And_Pouches)
SCRIPT       : ExpansionMarketSettings::LoadCategories - Adding category ID 39 (Kits)
SCRIPT       : ExpansionMarketSettings::LoadCategories - Adding category ID 40 (Knifes)
SCRIPT       : ExpansionMarketSettings::LoadCategories - Adding category ID 41 (Launchers)
SCRIPT       : ExpansionMarketSettings::LoadCategories - Adding category ID 42 (Lights)
SCRIPT       : ExpansionMarketSettings::LoadCategories - Adding category ID 43 (Liquids)
SCRIPT       : ExpansionMarketSettings::LoadCategories - Adding category ID 44 (Locks)
SCRIPT       : ExpansionMarketSettings::LoadCategories - Adding category ID 45 (Magazines)
SCRIPT       : ExpansionMarketSettings::LoadCategories - Adding category ID 46 (Masks)
SCRIPT       : ExpansionMarketSettings::LoadCategories - Adding category ID 47 (Meat)
SCRIPT       : ExpansionMarketSettings::LoadCategories - Adding category ID 48 (Medical)
SCRIPT       : ExpansionMarketSettings::LoadCategories - Adding category ID 49 (Melee_Weapons)
SCRIPT       : ExpansionMarketSettings::LoadCategories - Adding category ID 50 (Muzzles)
SCRIPT       : ExpansionMarketSettings::LoadCategories - Adding category ID 51 (Navigation)
SCRIPT       : ExpansionMarketSettings::LoadCategories - Adding category ID 52 (Optics)
SCRIPT       : ExpansionMarketSettings::LoadCategories - Adding category ID 53 (Pants_And_Shorts)
SCRIPT       : ExpansionMarketSettings::LoadCategories - Adding category ID 54 (Pistols)
SCRIPT       : ExpansionMarketSettings::LoadCategories - Adding category ID 55 (Rifles)
SCRIPT       : ExpansionMarketSettings::LoadCategories - Adding category ID 56 (Shirts_And_TShirts)
SCRIPT       : ExpansionMarketSettings::LoadCategories - Adding category ID 57 (Shotguns)
SCRIPT       : ExpansionMarketSettings::LoadCategories - Adding category ID 58 (Skirts_And_Dresses)
SCRIPT       : ExpansionMarketSettings::LoadCategories - Adding category ID 59 (Sniper_Rifles)
SCRIPT       : ExpansionMarketSettings::LoadCategories - Adding category ID 60 (Spraycans)
SCRIPT       : ExpansionMarketSettings::LoadCategories - Adding category ID 61 (Submachine_Guns)
SCRIPT       : ExpansionMarketSettings::LoadCategories - Adding category ID 62 (Supplies)
SCRIPT       : ExpansionMarketSettings::LoadCategories - Adding category ID 63 (Sweaters_And_Hoodies)
SCRIPT       : ExpansionMarketSettings::LoadCategories - Adding category ID 64 (Tents)
SCRIPT       : ExpansionMarketSettings::LoadCategories - Adding category ID 65 (Tools)
SCRIPT       : ExpansionMarketSettings::LoadCategories - Adding category ID 66 (Vehicle_Parts)
SCRIPT       : ExpansionMarketSettings::LoadCategories - Adding category ID 67 (Vests)
SCRIPT       : 15:19:58.152 [EXPANSION DEBUG]: [ExpansionAirdropSettings] Load existing setting file:$profile:ExpansionMod\Settings\AirdropSettings.json
SCRIPT       : 15:19:58.300 [EXPANSION DEBUG]: [ExpansionMissionSettings] Load existing setting file:$profile:ExpansionMod\Settings\MissionSettings.json
SCRIPT       : 15:19:58.308 [EXPANSION DEBUG]: [ExpansionMapSettings] Load existing setting file:$mission:expansion\settings\MapSettings.json
SCRIPT       : 15:19:58.328 [EXPANSION DEBUG]: [ExpansionPersonalStorageNewSettings] Load existing setting file:$profile:ExpansionMod\Settings\PersonalStorageNewSettings.json
SCRIPT       : 15:19:58.332 [EXPANSION DEBUG]: [ExpansionGeneralSettings] Load existing setting file:$profile:ExpansionMod\Settings\GeneralSettings.json
SCRIPT       : 15:19:58.335 [EXPANSION DEBUG]: [ExpansionPlayerListSettings] Load existing setting file:$profile:ExpansionMod\Settings\PlayerListSettings.json
SCRIPT       : 15:19:58.339 [EXPANSION DEBUG]: [ExpansionSocialMediaSettings] Load existing setting file:$profile:ExpansionMod\Settings\SocialMediaSettings.json
SCRIPT       : 15:19:58.343 [EXPANSION DEBUG]: [ExpansionSpawnSettings] Load existing setting file:$mission:expansion\settings\SpawnSettings.json
SCRIPT       : 15:19:58.347 [EXPANSION DEBUG]: [ExpansionVehicleSettings] Load existing setting file:$profile:ExpansionMod\Settings\VehicleSettings.json
SCRIPT       : 15:19:58.351 [EXPANSION DEBUG]: [ExpansionAISettings] Load existing setting file:$profile:ExpansionMod\Settings\AISettings.json
SCRIPT       : 15:19:58.355 [EXPANSION DEBUG]: [ExpansionAIPatrolSettings] Load existing setting file:$mission:expansion\settings\AIPatrolSettings.json
SCRIPT       : 15:19:58.363 [EXPANSION DEBUG]: [ExpansionBaseBuildingSettings] Load existing setting file:$mission:expansion\settings\BaseBuildingSettings.json
SCRIPT       : 15:19:58.367 [EXPANSION DEBUG]: [ExpansionRaidSettings] Load existing setting file:$profile:ExpansionMod\Settings\RaidSettings.json
SCRIPT       : 15:19:58.371 [EXPANSION DEBUG]: [ExpansionTerritorySettings] Load existing setting file:$profile:ExpansionMod\Settings\TerritorySettings.json
SCRIPT       : 15:19:58.378 [EXPANSION DEBUG]: [ExpansionChatSettings] Load existing setting file:$profile:ExpansionMod\Settings\ChatSettings.json
SCRIPT       : [DefineTest] EXPANSIONMOD is defined
SCRIPT       : [DefineTest] EXPANSIONMODAI is defined
SCRIPT       : [DefineTest] EXPANSIONMODANIMATIONS is defined
SCRIPT       : [DefineTest] EXPANSIONMODBASEBUILDING is defined
SCRIPT       : [DefineTest] EXPANSIONMODBOOK is defined
SCRIPT       : [DefineTest] EXPANSIONMODCHAT is defined
SCRIPT       : [DefineTest] EXPANSIONMODCORE is defined
SCRIPT       : [DefineTest] EXPANSIONMODGARAGE is defined
SCRIPT       : [DefineTest] EXPANSIONMODGROUPS is defined
SCRIPT       : [DefineTest] EXPANSIONMODHARDLINE is defined
SCRIPT       : [DefineTest] EXPANSIONMODKILLFEED is defined
SCRIPT       : [DefineTest] EXPANSIONMODMAPASSETS is defined
SCRIPT       : [DefineTest] EXPANSIONMODMARKET is defined
SCRIPT       : [DefineTest] EXPANSIONMODMISSIONS is defined
SCRIPT       : [DefineTest] EXPANSIONMODNAMETAGS is defined
SCRIPT       : [DefineTest] EXPANSIONMODNAVIGATION is defined
SCRIPT       : [DefineTest] EXPANSIONMODP2PMARKET is defined
SCRIPT       : [DefineTest] EXPANSIONMODPERSONALSTORAGE is defined
SCRIPT       : [DefineTest] EXPANSIONMODQUESTS is defined
SCRIPT       : [DefineTest] EXPANSIONMODSPAWNSELECTION is defined
SCRIPT       : [DefineTest] EXPANSIONMODVEHICLE is defined
SCRIPT       : [DefineTest] EXPANSIONMODWEAPONS is defined
SCRIPT       : [DefineTest] CfgMods:
SCRIPT       : defaultAction
SCRIPT       : DayZ
SCRIPT       : DZ_Expansion_AI_Preload
SCRIPT       : DZ_Expansion_Animations_Preload
SCRIPT       : DZ_Expansion_BaseBuilding_Preload
SCRIPT       : DZ_Expansion_Book_Preload
SCRIPT       : DZ_Expansion_Chat_Preload
SCRIPT       : DZ_Expansion_Core_Preload
SCRIPT       : DZ_Expansion_Garage_Preload
SCRIPT       : DZ_Expansion_Groups_Preload
SCRIPT       : DZ_Expansion_Hardline_Preload
SCRIPT       : DZ_Expansion_KillFeed_Preload
SCRIPT       : DZ_Expansion_MapAssets_Preload
SCRIPT       : DZ_Expansion_Market_Preload
SCRIPT       : DZ_Expansion_Missions_Preload
SCRIPT       : DZ_Expansion_ModStorage_Preload
SCRIPT       : DZ_Expansion_NameTags_Preload
SCRIPT       : DZ_Expansion_Navigation_Preload
SCRIPT       : DZ_Expansion_P2PMarket_Preload
SCRIPT       : DZ_Expansion_PersonalStorage_Preload
SCRIPT       : DZ_Expansion_Preload
SCRIPT       : DZ_Expansion_Quests_Preload
SCRIPT       : DZ_Expansion_SpawnSelection_Preload
SCRIPT       : DZ_Expansion_Vehicles_Preload
SCRIPT       : DZ_Expansion_Weapons_Preload
SCRIPT       : DZ_DabsFramework
SCRIPT       : DZ_Expansion_DefineTest
SCRIPT       : DZ_Expansion_MapAssets
SCRIPT       : bliss
SCRIPT       : JM_CommunityFramework
SCRIPT       : JM_CommunityOnlineTools
SCRIPT       : PvZmoD_CustomisableZombies
SCRIPT       : BoostZombiesVisionAddon
SCRIPT       : DZ_Expansion_ModStorage
SCRIPT       : DZ_Expansion_Core
SCRIPT       : DZ_Expansion_Garage
SCRIPT       : DZ_Expansion_Groups
SCRIPT       : DZ_Expansion_Market
SCRIPT       : DZ_Expansion_Missions
SCRIPT       : DZ_Expansion_NameTags
SCRIPT       : DZ_Expansion_Navigation
SCRIPT       : DZ_Expansion_NotificationScheduler
SCRIPT       : DZ_Expansion_P2PMarket
SCRIPT       : DZ_Expansion_PersonalStorage
SCRIPT       : DZ_Expansion_PersonalStorageNew
SCRIPT       : DZ_Expansion_PlayerList
SCRIPT       : DZ_Expansion
SCRIPT       : DZ_Expansion_SpawnSelection
SCRIPT       : DZ_Expansion_VanillaFixes
SCRIPT       : DZ_Expansion_Vehicles
SCRIPT       : DZ_Expansion_Weapons
SCRIPT       : DZ_Expansion_AI
SCRIPT       : DZ_Expansion_BaseBuilding
SCRIPT       : DZ_Expansion_Book
SCRIPT       : DZ_Expansion_Chat
SCRIPT       : DZ_Expansion_Hardline
SCRIPT       : DZ_Expansion_Quests
SCRIPT       : DZ_Expansion_VirtualContainerStorage
SCRIPT       : DayZ_Expansion_AI_Dynamic
SCRIPT       : 15:19:58.777 [EXPANSION DEBUG]: ModStorage v5
SCRIPT       : 15:20:01.582 [EXPANSION DEBUG]: ExpansionTraderJudy<4d0d6010>::SetTraderObject ExpansionTraderObjectBase<4d036f60> <4973.928711, 9.510984, 2436.782959>
SCRIPT       : 15:20:01.582 [EXPANSION DEBUG]: LoadMissionTradersFile trader ExpansionTraderJudy<4d0d6010> fileName Aircraft
SCRIPT       : 15:20:01.597 [EXPANSION DEBUG]: ExpansionTraderJose<fd586020>::SetTraderObject ExpansionTraderObjectBase<4d2e54a0> <14353.624023, 3.326771, 13229.217773>
SCRIPT       : 15:20:01.597 [EXPANSION DEBUG]: LoadMissionTradersFile trader ExpansionTraderJose<fd586020> fileName Boats
SCRIPT       : 15:20:01.605 [EXPANSION DEBUG]: ExpansionTraderEva<1784a030>::SetTraderObject ExpansionTraderObjectBase<4d3f08d0> <14378.793945, 3.325975, 13271.585938>
SCRIPT       : 15:20:01.605 [EXPANSION DEBUG]: LoadMissionTradersFile trader ExpansionTraderEva<1784a030> fileName Fishing
SCRIPT       : 15:20:01.617 [EXPANSION DEBUG]: ExpansionTraderLewis<c299800>::SetTraderObject ExpansionTraderObjectBase<4d540f60> <1756.656372, 1.415564, 2027.359741>
SCRIPT       : 15:20:01.617 [EXPANSION DEBUG]: LoadMissionTradersFile trader ExpansionTraderLewis<c299800> fileName Boats
SCRIPT       : 15:20:01.621 [EXPANSION DEBUG]: LoadMissionTradersFile trader ExpansionTraderStaticBase<323ee1f0> fileName Exchange
SCRIPT       : 15:20:01.636 [EXPANSION DEBUG]: ExpansionTraderDenis<4d647010>::SetTraderObject ExpansionTraderObjectBase<4d656d40> <3697.249512, 402.010010, 5977.625488>
SCRIPT       : 15:20:01.636 [EXPANSION DEBUG]: LoadMissionTradersFile trader ExpansionTraderDenis<4d647010> fileName Clothing
SCRIPT       : 15:20:01.652 [EXPANSION DEBUG]: ExpansionTraderMaria<4d702010>::SetTraderObject ExpansionTraderObjectBase<4d7118e0> <3696.455811, 402.010010, 5980.193359>
SCRIPT       : 15:20:01.652 [EXPANSION DEBUG]: LoadMissionTradersFile trader ExpansionTraderMaria<4d702010> fileName Clothing_Accessories
SCRIPT       : 15:20:01.667 [EXPANSION DEBUG]: ExpansionTraderQuinn<4d616010>::SetTraderObject ExpansionTraderObjectBase<4d7c0000> <3710.121826, 402.010010, 5976.164063>
SCRIPT       : 15:20:01.667 [EXPANSION DEBUG]: LoadMissionTradersFile trader ExpansionTraderQuinn<4d616010> fileName Consumables
SCRIPT       : 15:20:01.683 [EXPANSION DEBUG]: ExpansionTraderNaomi<e19f22b0>::SetTraderObject ExpansionTraderObjectBase<4d895110> <3708.786865, 402.010010, 5974.589844>
SCRIPT       : 15:20:01.683 [EXPANSION DEBUG]: LoadMissionTradersFile trader ExpansionTraderNaomi<e19f22b0> fileName Weapons
SCRIPT       : 15:20:01.699 [EXPANSION DEBUG]: ExpansionTraderSeth<aae98d0>::SetTraderObject ExpansionTraderObjectBase<55bc9460> <3710.265137, 402.010010, 5973.340820>
SCRIPT       : 15:20:01.699 [EXPANSION DEBUG]: LoadMissionTradersFile trader ExpansionTraderSeth<aae98d0> fileName Attachments
SCRIPT       : 15:20:01.710 [EXPANSION DEBUG]: ExpansionTraderRolf<aae5ac0>::SetTraderObject ExpansionTraderObjectBase<55cdc210> <3698.172607, 402.010010, 5995.337402>
SCRIPT       : 15:20:01.710 [EXPANSION DEBUG]: LoadMissionTradersFile trader ExpansionTraderRolf<aae5ac0> fileName Vehicles
SCRIPT       : 15:20:01.726 [EXPANSION DEBUG]: ExpansionTraderIndar<aaed6e0>::SetTraderObject ExpansionTraderObjectBase<55dd60b0> <3714.531006, 402.138000, 5961.776367>
SCRIPT       : 15:20:01.726 [EXPANSION DEBUG]: LoadMissionTradersFile trader ExpansionTraderIndar<aaed6e0> fileName Components
SCRIPT       : 15:20:01.730 [EXPANSION DEBUG]: ExpansionTraderJudy<aaf14f0>::SetTraderObject ExpansionTraderObjectBase<55de27c0> <3729.029541, 402.651001, 5969.476563>
SCRIPT       : 15:20:01.734 [EXPANSION DEBUG]: LoadMissionTradersFile trader ExpansionTraderJudy<aaf14f0> fileName Medicals
SCRIPT       : 15:20:01.738 [EXPANSION DEBUG]: ExpansionTraderNaomi<aad6280>::SetTraderObject ExpansionTraderObjectBase<55f3e3b0> <3690.062988, 402.100067, 6006.763672>
SCRIPT       : 15:20:01.738 [EXPANSION DEBUG]: LoadMissionTradersFile trader ExpansionTraderNaomi<aad6280> fileName Vehicle_Parts
SCRIPT       : 15:20:01.742 [EXPANSION DEBUG]: ExpansionTraderJose<ab08950>::SetTraderObject ExpansionTraderObjectBase<55f42780> <3699.629883, 402.010010, 5993.970215>
SCRIPT       : 15:20:01.742 [EXPANSION DEBUG]: LoadMissionTradersFile trader ExpansionTraderJose<ab08950> fileName Spraycans
SCRIPT       : 15:20:01.753 [EXPANSION DEBUG]: ExpansionTraderLinda<aafcf20>::SetTraderObject ExpansionTraderObjectBase<560ccb40> <3674.669922, 406.760010, 5990.390137>
SCRIPT       : 15:20:01.753 [EXPANSION DEBUG]: LoadMissionTradersFile trader ExpansionTraderLinda<aafcf20> fileName Special
SCRIPT       : 15:20:01.761 [EXPANSION DEBUG]: ExpansionTraderNiki<ab0c760>::SetTraderObject ExpansionTraderObjectBase<56234a60> <3699.030029, 402.013000, 5973.439941>
SCRIPT       : 15:20:01.761 [EXPANSION DEBUG]: LoadMissionTradersFile trader ExpansionTraderNiki<ab0c760> fileName BuildingSupplies
SCRIPT       : 15:20:01.773 [EXPANSION DEBUG]: ExpansionTraderFrancis<aaf5300>::SetTraderObject ExpansionTraderObjectBase<56338070> <1153.964844, 6.463035, 2409.763184>
SCRIPT       : 15:20:01.773 [EXPANSION DEBUG]: LoadMissionTradersFile trader ExpansionTraderFrancis<aaf5300> fileName Attachments
SCRIPT       : 15:20:01.781 [EXPANSION DEBUG]: ExpansionTraderKaito<aaf9110>::SetTraderObject ExpansionTraderObjectBase<56355490> <1117.021240, 5.495151, 2413.766357>
SCRIPT       : 15:20:01.781 [EXPANSION DEBUG]: LoadMissionTradersFile trader ExpansionTraderKaito<aaf9110> fileName Components
SCRIPT       : 15:20:01.789 [EXPANSION DEBUG]: ExpansionTraderCyril<ab00d30>::SetTraderObject ExpansionTraderObjectBase<564047b0> <1136.987427, 5.908522, 2439.662598>
SCRIPT       : 15:20:01.789 [EXPANSION DEBUG]: LoadMissionTradersFile trader ExpansionTraderCyril<ab00d30> fileName Clothing
SCRIPT       : 15:20:01.796 [EXPANSION DEBUG]: ExpansionTraderGuo<ab04b40>::SetTraderObject ExpansionTraderObjectBase<56493980> <1133.974854, 5.909700, 2442.412598>
SCRIPT       : 15:20:01.796 [EXPANSION DEBUG]: LoadMissionTradersFile trader ExpansionTraderGuo<ab04b40> fileName Clothing_Accessories
SCRIPT       : 15:20:01.800 [EXPANSION DEBUG]: ExpansionTraderBoris<ab10570>::SetTraderObject ExpansionTraderObjectBase<5652bfd0> <1123.468262, 15.349299, 2426.316162>
SCRIPT       : 15:20:01.800 [EXPANSION DEBUG]: LoadMissionTradersFile trader ExpansionTraderBoris<ab10570> fileName Exchange
SCRIPT       : 15:20:01.804 [EXPANSION DEBUG]: ExpansionTraderLinda<565fd060>::SetTraderObject ExpansionTraderObjectBase<56530e90> <1135.892822, 5.908773, 2436.856689>
SCRIPT       : 15:20:01.804 [EXPANSION DEBUG]: LoadMissionTradersFile trader ExpansionTraderLinda<565fd060> fileName Consumables
SCRIPT       : 15:20:01.812 [EXPANSION DEBUG]: ExpansionTraderKeiko<5661c0e0>::SetTraderObject ExpansionTraderObjectBase<566ec550> <1130.731689, 5.951744, 2438.009277>
SCRIPT       : 15:20:01.812 [EXPANSION DEBUG]: LoadMissionTradersFile trader ExpansionTraderKeiko<5661c0e0> fileName Medicals
SCRIPT       : 15:20:01.820 [EXPANSION DEBUG]: ExpansionTraderHelga<56608a90>::SetTraderObject ExpansionTraderObjectBase<567fdce0> <1141.654419, 5.906255, 2421.591309>
SCRIPT       : 15:20:01.820 [EXPANSION DEBUG]: LoadMissionTradersFile trader ExpansionTraderHelga<56608a90> fileName Special
SCRIPT       : 15:20:01.828 [EXPANSION DEBUG]: ExpansionTraderFrida<5660c8a0>::SetTraderObject ExpansionTraderObjectBase<568d07f0> <1120.135132, 5.600746, 2417.465820>
SCRIPT       : 15:20:01.828 [EXPANSION DEBUG]: LoadMissionTradersFile trader ExpansionTraderFrida<5660c8a0> fileName Vehicles
SCRIPT       : 15:20:01.835 [EXPANSION DEBUG]: ExpansionTraderHassan<566144c0>::SetTraderObject ExpansionTraderObjectBase<569add10> <1123.977905, 5.639271, 2417.411865>
SCRIPT       : 15:20:01.835 [EXPANSION DEBUG]: LoadMissionTradersFile trader ExpansionTraderHassan<566144c0> fileName Vehicle_Parts
SCRIPT       : 15:20:01.835 [EXPANSION DEBUG]: ExpansionTraderDenis<566106b0>::SetTraderObject ExpansionTraderObjectBase<569b1be0> <1156.719727, 6.513331, 2406.355225>
SCRIPT       : 15:20:01.835 [EXPANSION DEBUG]: LoadMissionTradersFile trader ExpansionTraderDenis<566106b0> fileName Weapons
SCRIPT       : 15:20:01.843 [EXPANSION DEBUG]: ExpansionTraderGabi<566182d0>::SetTraderObject ExpansionTraderObjectBase<56abd2f0> <1135.689941, 5.900000, 2423.300049>
SCRIPT       : 15:20:01.843 [EXPANSION DEBUG]: LoadMissionTradersFile trader ExpansionTraderGabi<566182d0> fileName BuildingSupplies
SCRIPT       : 15:20:01.847 [EXPANSION DEBUG]: ExpansionTraderFrancis<56604c80>::SetTraderObject ExpansionTraderObjectBase<56ac2250> <11835.901367, 140.617874, 12474.744141>
SCRIPT       : 15:20:01.847 [EXPANSION DEBUG]: LoadMissionTradersFile trader ExpansionTraderFrancis<56604c80> fileName Attachments
SCRIPT       : 15:20:01.851 [EXPANSION DEBUG]: ExpansionTraderLinda<56600e70>::SetTraderObject ExpansionTraderObjectBase<56ac78e0> <11856.716797, 140.565109, 12461.438477>
SCRIPT       : 15:20:01.851 [EXPANSION DEBUG]: LoadMissionTradersFile trader ExpansionTraderLinda<56600e70> fileName Consumables
SCRIPT       : 15:20:01.855 [EXPANSION DEBUG]: ExpansionTraderCyril<56637350>::SetTraderObject ExpansionTraderObjectBase<56acbf30> <11855.000000, 140.605103, 12466.099609>
SCRIPT       : 15:20:01.855 [EXPANSION DEBUG]: LoadMissionTradersFile trader ExpansionTraderCyril<56637350> fileName Clothing
SCRIPT       : 15:20:01.859 [EXPANSION DEBUG]: ExpansionTraderGuo<56633540>::SetTraderObject ExpansionTraderObjectBase<56ad1340> <11855.200195, 140.605103, 12470.487305>
SCRIPT       : 15:20:01.859 [EXPANSION DEBUG]: LoadMissionTradersFile trader ExpansionTraderGuo<56633540> fileName Clothing_Accessories
SCRIPT       : 15:20:01.859 [EXPANSION DEBUG]: ExpansionTraderKaito<5661fef0>::SetTraderObject ExpansionTraderObjectBase<59320dd0> <11849.400391, 140.605087, 12466.200195>
SCRIPT       : 15:20:01.859 [EXPANSION DEBUG]: LoadMissionTradersFile trader ExpansionTraderKaito<5661fef0> fileName Components
SCRIPT       : 15:20:01.863 [EXPANSION DEBUG]: ExpansionTraderBoris<56623d00>::SetTraderObject ExpansionTraderObjectBase<593256a0> <11858.202148, 140.615112, 12463.234375>
SCRIPT       : 15:20:01.863 [EXPANSION DEBUG]: LoadMissionTradersFile trader ExpansionTraderBoris<56623d00> fileName Exchange
SCRIPT       : 15:20:01.863 [EXPANSION DEBUG]: ExpansionTraderKeiko<56627b10>::SetTraderObject ExpansionTraderObjectBase<5932ad30> <11853.218750, 140.605087, 12463.277344>
SCRIPT       : 15:20:01.863 [EXPANSION DEBUG]: LoadMissionTradersFile trader ExpansionTraderKeiko<56627b10> fileName Medicals
SCRIPT       : 15:20:01.867 [EXPANSION DEBUG]: ExpansionTraderGabi<5662b920>::SetTraderObject ExpansionTraderObjectBase<593303c0> <11833.200195, 140.605118, 12461.700195>
SCRIPT       : 15:20:01.867 [EXPANSION DEBUG]: LoadMissionTradersFile trader ExpansionTraderGabi<5662b920> fileName Special
SCRIPT       : 15:20:01.875 [EXPANSION DEBUG]: ExpansionTraderElias<5662f730>::SetTraderObject ExpansionTraderObjectBase<59402950> <11877.799805, 140.134796, 12441.599609>
SCRIPT       : 15:20:01.875 [EXPANSION DEBUG]: LoadMissionTradersFile trader ExpansionTraderElias<5662f730> fileName Vehicles
SCRIPT       : 15:20:01.878 [EXPANSION DEBUG]: ExpansionTraderHassan<594482f0>::SetTraderObject ExpansionTraderObjectBase<59407b30> <11878.674805, 140.134796, 12424.302734>
SCRIPT       : 15:20:01.878 [EXPANSION DEBUG]: LoadMissionTradersFile trader ExpansionTraderHassan<594482f0> fileName Vehicle_Parts
SCRIPT       : 15:20:01.882 [EXPANSION DEBUG]: ExpansionTraderDenis<59457b30>::SetTraderObject ExpansionTraderObjectBase<5940cef0> <11833.576172, 140.605072, 12469.492188>
SCRIPT       : 15:20:01.882 [EXPANSION DEBUG]: LoadMissionTradersFile trader ExpansionTraderDenis<59457b30> fileName Weapons
SCRIPT       : 15:20:01.882 [EXPANSION DEBUG]: ExpansionTraderLinda<5945b940>::SetTraderObject ExpansionTraderObjectBase<594115e0> <11852.194336, 140.660980, 12472.387695>
SCRIPT       : 15:20:01.882 [EXPANSION DEBUG]: LoadMissionTradersFile trader ExpansionTraderLinda<5945b940> fileName BuildingSupplies
SCRIPT       : 15:20:01.890 [EXPANSION DEBUG]: ExpansionTraderManua<5945f750>::SetTraderObject ExpansionTraderObjectBase<594e4c20> <11879.722656, 140.094788, 12435.959961>
SCRIPT       : 15:20:01.890 [EXPANSION DEBUG]: LoadMissionTradersFile trader ExpansionTraderManua<5945f750> fileName Spraycans
SCRIPT       : 15:20:01.898 [EXPANSION DEBUG]: ExpansionTraderIrena<59453d20>::SetTraderObject ExpansionTraderObjectBase<5962abf0> <12160.279297, 140.580765, 12689.783203>
SCRIPT       : 15:20:01.898 [EXPANSION DEBUG]: LoadMissionTradersFile trader ExpansionTraderIrena<59453d20> fileName Aircraft
SCRIPT       : [ExpansionQuestPersistentServerData] Load existing configuration file:$profile:ExpansionMod\Quests\PersistentServerData.json
SCRIPT       : [ExpansionQuestPersistentServerData] Load existing configuration file:$profile:ExpansionMod\Quests\PersistentServerData.json
SCRIPT       : [ExpansionQuestObjectiveTravelConfig] Load existing configuration file:$profile:ExpansionMod\Quests\Objectives\Travel\Objective_T_1.json
SCRIPT       : [ExpansionQuestObjectiveTravelConfig] Load existing configuration file:$profile:ExpansionMod\Quests\Objectives\Travel\Objective_T_2.json
SCRIPT       : [ExpansionQuestObjectiveTravelConfig] Load existing configuration file:$profile:ExpansionMod\Quests\Objectives\Travel\Objective_T_3.json
SCRIPT       : [ExpansionQuestObjectiveTravelConfig] Load existing configuration file:$profile:ExpansionMod\Quests\Objectives\Travel\Objective_T_4.json
SCRIPT       : [ExpansionQuestObjectiveTargetConfig] Load existing configuration file:$profile:ExpansionMod\Quests\Objectives\Target\Objective_TA_1.json
SCRIPT       : [ExpansionQuestObjectiveTargetConfig] Load existing configuration file:$profile:ExpansionMod\Quests\Objectives\Target\Objective_TA_2.json
SCRIPT       : [ExpansionQuestObjectiveTargetConfig] Load existing configuration file:$profile:ExpansionMod\Quests\Objectives\Target\Objective_TA_3.json
SCRIPT       : [ExpansionQuestObjectiveTargetConfig] Load existing configuration file:$profile:ExpansionMod\Quests\Objectives\Target\Objective_TA_4.json
SCRIPT       : [ExpansionQuestObjectiveDeliveryConfig] Load existing configuration file:$profile:ExpansionMod\Quests\Objectives\Delivery\Objective_D_1.json
SCRIPT       : [ExpansionQuestObjectiveDeliveryConfig] Load existing configuration file:$profile:ExpansionMod\Quests\Objectives\Delivery\Objective_D_2.json
SCRIPT       : [ExpansionQuestObjectiveCollectionConfig] Load existing configuration file:$profile:ExpansionMod\Quests\Objectives\Collection\Objective_C_1.json
SCRIPT       : [ExpansionQuestObjectiveCollectionConfig] Load existing configuration file:$profile:ExpansionMod\Quests\Objectives\Collection\Objective_C_2.json
SCRIPT       : [ExpansionQuestObjectiveCollectionConfig] Load existing configuration file:$profile:ExpansionMod\Quests\Objectives\Collection\Objective_C_3.json
SCRIPT       : [ExpansionQuestObjectiveTreasureHuntConfig] Load existing configuration file:$profile:ExpansionMod\Quests\Objectives\TreasureHunt\Objective_TH_1.json
SCRIPT       : [ExpansionQuestObjectiveActionConfig] Load existing configuration file:$profile:ExpansionMod\Quests\Objectives\Action\Objective_A_1.json
SCRIPT       : [ExpansionQuestObjectiveActionConfig] Load existing configuration file:$profile:ExpansionMod\Quests\Objectives\Action\Objective_A_2.json
SCRIPT       : [ExpansionQuestObjectiveCraftingConfig] Load existing configuration file:$profile:ExpansionMod\Quests\Objectives\Crafting\Objective_CR_1.json
SCRIPT       : [ExpansionQuestObjectiveAIPatrolConfig] Load existing configuration file:$profile:ExpansionMod\Quests\Objectives\AIPatrol\Objective_AIP_1.json
SCRIPT       : [ExpansionQuestObjectiveAICampConfig] Load existing configuration file:$profile:ExpansionMod\Quests\Objectives\AICamp\Objective_AIC_1.json
SCRIPT       : [ExpansionQuestObjectiveAIEscortConfig] Load existing configuration file:$profile:ExpansionMod\Quests\Objectives\AIVIP\Objective_AIESCORT_1.json
SCRIPT       : [ExpansionQuestNPCData] Load existing configuration file:QuestNPC_1.json
SCRIPT       : [ExpansionQuestNPCData] Load existing configuration file:QuestNPC_2.json
SCRIPT       : [ExpansionQuestNPCData] Load existing configuration file:QuestNPC_3.json
SCRIPT       : 15:20:17.792 [EXPANSION DEBUG]: ExpansionP2PTraderAIIrena<8662a310>::SetP2PTraderID - ID: 1
SCRIPT       : ExpansionZonePolygon<cbc10b40> position=<12015.854492, 0.000000, 12591.097656> radius=419.633
SCRIPT       : ExpansionZoneCircle<d93837d0> position=<1143.140015, 0.000000, 2423.270020> radius=700
SCRIPT       : ExpansionZoneCircle<d9383770> position=<3728.270020, 0.000000, 6003.600098> radius=500
SCRIPT       : Found 3 zones!
SCRIPT       : ExpansionMarketItem marketItem = ExpansionMarketItem<2cc82010>
SCRIPT       : int worth =   1
SCRIPT       : 15:20:17.914 [EXPANSION DEBUG]: ExpansionQuestNPCAIDenis<8665a370>::OnEnterSafeZone
SCRIPT       : bool m_Expansion_LeavingSafeZone = 0
SCRIPT       : bool m_Expansion_IsInSafeZone = 0
SCRIPT       : bool m_Expansion_IsInSafeZoneSynchRemote = 0
SCRIPT       : 15:20:17.914 [EXPANSION DEBUG]: ExpansionP2PTraderAIIrena<8662a310>::OnEnterSafeZone
SCRIPT       : bool m_Expansion_LeavingSafeZone = 0
SCRIPT       : bool m_Expansion_IsInSafeZone = 0
SCRIPT       : bool m_Expansion_IsInSafeZoneSynchRemote = 0
SCRIPT       : [emote] ExpansionP2PTraderAIIrena:043 play emote id=46 IH=null
SCRIPT       : 15:20:19.164 [EXPANSION DEBUG]: ExpansionItemSpawnHelper::Clone - created AugShort:030874 at location { type=HANDS item=AugShort:030844 parent=ExpansionQuestNPCAIDenis:044 }
SCRIPT       : 15:20:19.164 [EXPANSION DEBUG]: ExpansionItemSpawnHelper::Clone - created Mag_Aug_30Rnd:030875 at location { type=ATTACHMENT item=null parent=AugShort:030874 slot=magazine }
SCRIPT       : 15:20:19.164 [EXPANSION DEBUG]: ExpansionItemSpawnHelper::Clone - created AugOptic:030876 at location { type=ATTACHMENT item=null parent=AugShort:030874 slot=weaponOpticsAug }
SCRIPT       : [emote] ExpansionQuestNPCAIDenis:044 play emote id=46 IH=AugShort:030874
SCRIPT       : 15:20:20.183 [EXPANSION DEBUG]: ExpansionItemSpawnHelper::Clone - created AK101:030845 at location { type=HANDS item=AK101:030863 parent=ExpansionQuestNPCAIElias:045 }
SCRIPT       : 15:20:20.183 [EXPANSION DEBUG]: ExpansionItemSpawnHelper::Clone - created AK_PlasticBttstck:030844 at location { type=ATTACHMENT item=null parent=AK101:030845 slot=weaponButtstockAK }
SCRIPT       : 15:20:20.183 [EXPANSION DEBUG]: ExpansionItemSpawnHelper::Clone - created AK_PlasticHndgrd:030873 at location { type=ATTACHMENT item=null parent=AK101:030845 slot=weaponHandguardAK }
SCRIPT       : 15:20:20.187 [EXPANSION DEBUG]: ExpansionItemSpawnHelper::Clone - created Mag_AK101_30Rnd:030877 at location { type=ATTACHMENT item=null parent=AK101:030845 slot=magazine }
SCRIPT       : [emote] ExpansionQuestNPCAIElias:045 play emote id=14 IH=AK101:030845
SCRIPT       : 15:21:58.562 [EXPANSION DEBUG]: ExpansionHardlineModule<7d53a400> ::LoadPlayerData - Loaded player hardline data for player Blorpus9000[3I2KPiMwtNrbRzLe964-q3OrI2Ligr9LBcsFxmVIl3Q=]
SCRIPT       : ---- PlayerBase OnStoreLoad SUCCESS ----
SCRIPT       : 15:22:09.441 [EXPANSION DEBUG]: ExpansionQuestModule<10ed3f0> Sending 21 quest configs to client with UID: 3I2KPiMwtNrbRzLe964-q3OrI2Ligr9LBcsFxmVIl3Q=
SCRIPT       : 15:22:09.441 [EXPANSION DEBUG]: ExpansionQuestModule<10ed3f0> Sending player quest data for 4 quests to player with UID: 3I2KPiMwtNrbRzLe964-q3OrI2Ligr9LBcsFxmVIl3Q=
SCRIPT       : --- PvZmoD Customisable Zombies - Refresh values SteamID : 76561198081075225
SCRIPT       : [Logout]: New player 3I2KPiMwtNrbRzLe964-q3OrI2Ligr9LBcsFxmVIl3Q= with logout time 3
SCRIPT       : [emote] SurvivorF_Gabi:046 play emote id=14 IH=null
SCRIPT       : 15:22:36.492 [EXPANSION DEBUG]: ExpansionQuestPersistentData<84697e0> ~ExpansionQuestPersistentData (4)
SCRIPT       : [Logout]: Player 3I2KPiMwtNrbRzLe964-q3OrI2Ligr9LBcsFxmVIl3Q= finished
