---------------------------------------------
Log C:\Program Files (x86)\Steam\steamapps\common\DayZServerAug2\config\script_2023-08-20_14-47-25.log started at 20.08. 14:47:25

SCRIPT       : Registered 397 temporary action enum(s), UAN==397
SCRIPT       : Registering faction type eAIFactionShamans ID -1484989417
SCRIPT       : Registering faction type eAIFactionObservers ID -563736721
SCRIPT       : Registering faction type eAIFactionInvincibleObservers ID -1227299746
SCRIPT       : Registering faction type eAIFactionEast ID 90522109
SCRIPT       : Registering faction type eAIFactionGuards ID 963933710
SCRIPT       : Registering faction type eAIFactionRaiders ID 1535276022
SCRIPT       : Registering faction type eAIFactionMercenaries ID 1629891834
SCRIPT       : Registering faction type eAIFactionWest ID 113880155
SCRIPT       : Registering faction type eAIFactionCivilian ID 1096178351
SCRIPT       : Registering faction type eAIFactionPassive ID -1159399789
SCRIPT       : Registering faction type eAIFactionInvincibleGuards ID 782746017
SCRIPT       : ... Backlit Effects Enabled
SCRIPT       : 14:47:27 [EXPANSION LOG]: DayZGame<fc3edbd0> Start time (local time) 2023-08-20 14:47:20
SCRIPT       : 14:47:27 [EXPANSION LOG]: DayZGame<fc3edbd0> Start time (UTC) 2023-08-20 19:47:20
SCRIPT       : 14:47:27 [EXPANSION LOG]: DayZGame<fc3edbd0> Runtime since start (seconds) 7.128
SCRIPT    (W): @"JM/COT/Scripts/4_World/communityonlinetools\classes\webhook\jmwebhookdiscordmessage.c,19": Possible variable name conflict 'username'
SCRIPT    (W): @"JM/COT/Scripts/4_World/communityonlinetools\classes\webhook\jmwebhookdiscordmessage.c,19": Possible variable name conflict 'avatar_url'
SCRIPT    (W): @"JM/COT/Scripts/4_World/communityonlinetools\classes\webhook\jmwebhookdiscordmessage.c,19": Possible variable name conflict 'content'
SCRIPT    (W): @"JM/COT/Scripts/4_World/communityonlinetools\classes\webhook\jmwebhookdiscordmessage.c,151": Possible variable name conflict 'url'
SCRIPT    (W): @"JM/COT/Scripts/4_World/communityonlinetools\classes\webhook\jmwebhookdiscordmessage.c,172": Possible variable name conflict 'url'
SCRIPT    (W): @"JM/COT/Scripts/4_World/communityonlinetools\classes\webhook\jmwebhookdiscordmessage.c,180": Possible variable name conflict 'url'
SCRIPT       : 14:47:41.074 [EXPANSION DEBUG]: [ExpansionDebugSettings] Load existing setting file:$profile:ExpansionMod\Settings\DebugSettings.json
SCRIPT       : 14:47:41.078 [EXPANSION DEBUG]: [ExpansionLogSettings] Load existing setting file:$profile:ExpansionMod\Settings\LogsSettings.json
SCRIPT       : 14:47:41.089 [EXPANSION DEBUG]: [ExpansionNotificationSettings] Load existing setting file:$profile:ExpansionMod\Settings\NotificationSettings.json
SCRIPT       : 14:47:41.093 [EXPANSION DEBUG]: [ExpansionMonitoringSettings] Load existing setting file:$profile:ExpansionMod\Settings\MonitoringSettings.json
SCRIPT       : 14:47:41.097 [EXPANSION DEBUG]: [ExpansionDamageSystemSettings] Load existing setting file:$profile:ExpansionMod\Settings\DamageSystemSettings.json
SCRIPT       : 14:47:41.101 [EXPANSION DEBUG]: [ExpansionPartySettings] Load existing setting file:$profile:ExpansionMod\Settings\PartySettings.json
SCRIPT       : 14:47:41.101 [EXPANSION DEBUG]: [ExpansionHardlineSettings] Load existing setting file:$mission:expansion\settings\HardlineSettings.json
SCRIPT       : 14:47:41.109 [EXPANSION DEBUG]: [ExpansionMarketSettings] Load existing setting file:$mission:expansion\settings\MarketSettings.json
SCRIPT       : ExpansionMarketSettings::LoadCategories - Adding category ID 1 (Ammo)
SCRIPT       : ExpansionMarketSettings::LoadCategories - Adding category ID 2 (Ammo_Boxes)
SCRIPT       : ExpansionMarketSettings::LoadCategories - Adding category ID 3 (Armbands)
SCRIPT       : ExpansionMarketSettings::LoadCategories - Adding category ID 4 (Assault_Rifles)
SCRIPT       : ExpansionMarketSettings::LoadCategories - Adding category ID 5 (Backpacks)
SCRIPT       : ExpansionMarketSettings::LoadCategories - Adding category ID 6 (Bandanas)
SCRIPT       : ExpansionMarketSettings::LoadCategories - Adding category ID 7 (Batteries)
SCRIPT       : ExpansionMarketSettings::LoadCategories - Adding category ID 8 (Bayonets)
SCRIPT       : ExpansionMarketSettings::LoadCategories - Adding category ID 9 (Belts)
SCRIPT       : ExpansionMarketSettings::LoadCategories - Adding category ID 10 (Blouses_And_Suits)
SCRIPT       : ExpansionMarketSettings::LoadCategories - Adding category ID 11 (Boats)
SCRIPT       : ExpansionMarketSettings::LoadCategories - Adding category ID 12 (Boots_And_Shoes)
SCRIPT       : ExpansionMarketSettings::LoadCategories - Adding category ID 13 (Buttstocks)
SCRIPT       : ExpansionMarketSettings::LoadCategories - Adding category ID 14 (Caps)
SCRIPT       : ExpansionMarketSettings::LoadCategories - Adding category ID 15 (Cars)
SCRIPT       : ExpansionMarketSettings::LoadCategories - Adding category ID 16 (Coats_And_Jackets)
SCRIPT       : ExpansionMarketSettings::LoadCategories - Adding category ID 17 (Containers)
SCRIPT       : ExpansionMarketSettings::LoadCategories - Adding category ID 18 (Crossbows)
SCRIPT       : ExpansionMarketSettings::LoadCategories - Adding category ID 19 (Drinks)
SCRIPT       : ExpansionMarketSettings::LoadCategories - Adding category ID 20 (Electronics)
SCRIPT       : ExpansionMarketSettings::LoadCategories - Adding category ID 21 (Event)
SCRIPT       : ExpansionMarketSettings::LoadCategories - Adding category ID 22 (Exchange)
SCRIPT       : ExpansionMarketSettings::LoadCategories - Adding category ID 23 (Explosives_And_Grenades)
SCRIPT       : ExpansionMarketSettings::LoadCategories - Adding category ID 24 (Eyewear)
SCRIPT       : ExpansionMarketSettings::LoadCategories - Adding category ID 25 (Fish)
SCRIPT       : ExpansionMarketSettings::LoadCategories - Adding category ID 26 (Fishing)
SCRIPT       : ExpansionMarketSettings::LoadCategories - Adding category ID 27 (Flags)
SCRIPT       : ExpansionMarketSettings::LoadCategories - Adding category ID 28 (Food)
SCRIPT       : ExpansionMarketSettings::LoadCategories - Adding category ID 29 (Fruit_And_Vegetables)
SCRIPT       : ExpansionMarketSettings::LoadCategories - Adding category ID 30 (Furnishings)
SCRIPT       : ExpansionMarketSettings::LoadCategories - Adding category ID 31 (Gardening)
SCRIPT       : ExpansionMarketSettings::LoadCategories - Adding category ID 32 (Ghillies)
SCRIPT       : ExpansionMarketSettings::LoadCategories - Adding category ID 33 (Gloves)
SCRIPT       : ExpansionMarketSettings::LoadCategories - Adding category ID 34 (Handguards)
SCRIPT       : ExpansionMarketSettings::LoadCategories - Adding category ID 35 (Hats_And_Hoods)
SCRIPT       : ExpansionMarketSettings::LoadCategories - Adding category ID 36 (Helicopters)
SCRIPT       : ExpansionMarketSettings::LoadCategories - Adding category ID 37 (Helmets)
SCRIPT       : ExpansionMarketSettings::LoadCategories - Adding category ID 38 (Holsters_And_Pouches)
SCRIPT       : ExpansionMarketSettings::LoadCategories - Adding category ID 39 (Kits)
SCRIPT       : ExpansionMarketSettings::LoadCategories - Adding category ID 40 (Knifes)
SCRIPT       : ExpansionMarketSettings::LoadCategories - Adding category ID 41 (Launchers)
SCRIPT       : ExpansionMarketSettings::LoadCategories - Adding category ID 42 (Lights)
SCRIPT       : ExpansionMarketSettings::LoadCategories - Adding category ID 43 (Liquids)
SCRIPT       : ExpansionMarketSettings::LoadCategories - Adding category ID 44 (Locks)
SCRIPT       : ExpansionMarketSettings::LoadCategories - Adding category ID 45 (Magazines)
SCRIPT       : ExpansionMarketSettings::LoadCategories - Adding category ID 46 (Masks)
SCRIPT       : ExpansionMarketSettings::LoadCategories - Adding category ID 47 (Meat)
SCRIPT       : ExpansionMarketSettings::LoadCategories - Adding category ID 48 (Medical)
SCRIPT       : ExpansionMarketSettings::LoadCategories - Adding category ID 49 (Melee_Weapons)
SCRIPT       : ExpansionMarketSettings::LoadCategories - Adding category ID 50 (MMG_Armored_Helmet_Visor)
SCRIPT       : ExpansionMarketSettings::LoadCategories - Adding category ID 51 (MMG_BackPacks)
SCRIPT       : ExpansionMarketSettings::LoadCategories - Adding category ID 52 (MMG_Belts)
SCRIPT       : ExpansionMarketSettings::LoadCategories - Adding category ID 53 (MMG_Boots)
SCRIPT       : ExpansionMarketSettings::LoadCategories - Adding category ID 54 (MMG_Bottle)
SCRIPT       : ExpansionMarketSettings::LoadCategories - Adding category ID 55 (MMG_Carbine)
SCRIPT       : ExpansionMarketSettings::LoadCategories - Adding category ID 56 (MMG_Chest_Rigs)
SCRIPT       : ExpansionMarketSettings::LoadCategories - Adding category ID 57 (MMG_Facemask)
SCRIPT       : ExpansionMarketSettings::LoadCategories - Adding category ID 58 (MMG_Gloves)
SCRIPT       : ExpansionMarketSettings::LoadCategories - Adding category ID 59 (MMG_Goggles)
SCRIPT       : ExpansionMarketSettings::LoadCategories - Adding category ID 60 (MMG_Headphones)
SCRIPT       : ExpansionMarketSettings::LoadCategories - Adding category ID 61 (MMG_Holsters)
SCRIPT       : ExpansionMarketSettings::LoadCategories - Adding category ID 62 (MMG_NBC)
SCRIPT       : ExpansionMarketSettings::LoadCategories - Adding category ID 63 (MMG_Pants)
SCRIPT       : ExpansionMarketSettings::LoadCategories - Adding category ID 64 (MMG_Patches)
SCRIPT       : ExpansionMarketSettings::LoadCategories - Adding category ID 65 (MMG_Plate_Carriers)
SCRIPT       : ExpansionMarketSettings::LoadCategories - Adding category ID 66 (MMG_Pouches)
SCRIPT       : ExpansionMarketSettings::LoadCategories - Adding category ID 67 (MMG_Shirts)
SCRIPT       : ExpansionMarketSettings::LoadCategories - Adding category ID 68 (MMG_Sniper_Boonie)
SCRIPT       : ExpansionMarketSettings::LoadCategories - Adding category ID 69 (Muzzles)
SCRIPT       : ExpansionMarketSettings::LoadCategories - Adding category ID 70 (Navigation)
SCRIPT       : ExpansionMarketSettings::LoadCategories - Adding category ID 71 (Optics)
SCRIPT       : ExpansionMarketSettings::LoadCategories - Adding category ID 72 (Pants_And_Shorts)
SCRIPT       : ExpansionMarketSettings::LoadCategories - Adding category ID 73 (Pelts)
SCRIPT       : ExpansionMarketSettings::LoadCategories - Adding category ID 74 (Pistols)
SCRIPT       : ExpansionMarketSettings::LoadCategories - Adding category ID 75 (Rifles)
SCRIPT       : ExpansionMarketSettings::LoadCategories - Adding category ID 76 (Shirts_And_TShirts)
SCRIPT       : ExpansionMarketSettings::LoadCategories - Adding category ID 77 (Shotguns)
SCRIPT       : ExpansionMarketSettings::LoadCategories - Adding category ID 78 (Skirts_And_Dresses)
SCRIPT       : ExpansionMarketSettings::LoadCategories - Adding category ID 79 (Sniper_Rifles)
SCRIPT       : ExpansionMarketSettings::LoadCategories - Adding category ID 80 (Spraycans)
SCRIPT       : ExpansionMarketSettings::LoadCategories - Adding category ID 81 (Submachine_Guns)
SCRIPT       : ExpansionMarketSettings::LoadCategories - Adding category ID 82 (Supplies)
SCRIPT       : ExpansionMarketSettings::LoadCategories - Adding category ID 83 (Sweaters_And_Hoodies)
SCRIPT       : ExpansionMarketSettings::LoadCategories - Adding category ID 84 (Tents)
SCRIPT       : ExpansionMarketSettings::LoadCategories - Adding category ID 85 (Tools)
SCRIPT       : ExpansionMarketSettings::LoadCategories - Adding category ID 86 (Vehicle_Parts)
SCRIPT       : ExpansionMarketSettings::LoadCategories - Adding category ID 87 (Vests)
SCRIPT       : 14:47:41.328 [EXPANSION DEBUG]: [ExpansionAirdropSettings] Load existing setting file:$profile:ExpansionMod\Settings\AirdropSettings.json
SCRIPT       : 14:47:41.449 [EXPANSION DEBUG]: [ExpansionMissionSettings] Load existing setting file:$profile:ExpansionMod\Settings\MissionSettings.json
SCRIPT       : 14:47:41.457 [EXPANSION DEBUG]: [ExpansionMapSettings] Load existing setting file:$mission:expansion\settings\MapSettings.json
SCRIPT       : 14:47:41.480 [EXPANSION DEBUG]: [ExpansionPersonalStorageNewSettings] Load existing setting file:$profile:ExpansionMod\Settings\PersonalStorageNewSettings.json
SCRIPT       : 14:47:41.484 [EXPANSION DEBUG]: [ExpansionGeneralSettings] Load existing setting file:$profile:ExpansionMod\Settings\GeneralSettings.json
SCRIPT       : 14:47:41.484 [EXPANSION DEBUG]: [ExpansionPlayerListSettings] Load existing setting file:$profile:ExpansionMod\Settings\PlayerListSettings.json
SCRIPT       : 14:47:41.488 [EXPANSION DEBUG]: [ExpansionSocialMediaSettings] Load existing setting file:$profile:ExpansionMod\Settings\SocialMediaSettings.json
SCRIPT       : 14:47:41.488 [EXPANSION DEBUG]: [ExpansionSpawnSettings] Load existing setting file:$mission:expansion\settings\SpawnSettings.json
SCRIPT       : 14:47:41.496 [EXPANSION DEBUG]: [ExpansionVehicleSettings] Load existing setting file:$profile:ExpansionMod\Settings\VehicleSettings.json
SCRIPT       : 14:47:41.500 [EXPANSION DEBUG]: [ExpansionAISettings] Load existing setting file:$profile:ExpansionMod\Settings\AISettings.json
SCRIPT       : 14:47:41.503 [EXPANSION DEBUG]: [ExpansionAIPatrolSettings] Load existing setting file:$mission:expansion\settings\AIPatrolSettings.json
SCRIPT       : 14:47:41.507 [EXPANSION DEBUG]: [ExpansionBaseBuildingSettings] Load existing setting file:$mission:expansion\settings\BaseBuildingSettings.json
SCRIPT       : 14:47:41.511 [EXPANSION DEBUG]: [ExpansionRaidSettings] Load existing setting file:$profile:ExpansionMod\Settings\RaidSettings.json
SCRIPT       : 14:47:41.515 [EXPANSION DEBUG]: [ExpansionTerritorySettings] Load existing setting file:$profile:ExpansionMod\Settings\TerritorySettings.json
SCRIPT       : 14:47:41.523 [EXPANSION DEBUG]: [ExpansionChatSettings] Load existing setting file:$profile:ExpansionMod\Settings\ChatSettings.json
SCRIPT       : Expansion version: 1.8.21
SCRIPT       : [DefineTest] EXPANSIONMOD is defined
SCRIPT       : [DefineTest] EXPANSIONMODAI is defined
SCRIPT       : [DefineTest] EXPANSIONMODANIMATIONS is defined
SCRIPT       : [DefineTest] EXPANSIONMODBASEBUILDING is defined
SCRIPT       : [DefineTest] EXPANSIONMODBOOK is defined
SCRIPT       : [DefineTest] EXPANSIONMODCHAT is defined
SCRIPT       : [DefineTest] EXPANSIONMODCORE is defined
SCRIPT       : [DefineTest] EXPANSIONMODGARAGE is defined
SCRIPT       : [DefineTest] EXPANSIONMODGROUPS is defined
SCRIPT       : [DefineTest] EXPANSIONMODHARDLINE is defined
SCRIPT       : [DefineTest] EXPANSIONMODKILLFEED is defined
SCRIPT       : [DefineTest] EXPANSIONMODMAPASSETS is defined
SCRIPT       : [DefineTest] EXPANSIONMODMARKET is defined
SCRIPT       : [DefineTest] EXPANSIONMODMISSIONS is defined
SCRIPT       : [DefineTest] EXPANSIONMODNAMETAGS is defined
SCRIPT       : [DefineTest] EXPANSIONMODNAVIGATION is defined
SCRIPT       : [DefineTest] EXPANSIONMODP2PMARKET is defined
SCRIPT       : [DefineTest] EXPANSIONMODPERSONALSTORAGE is defined
SCRIPT       : [DefineTest] EXPANSIONMODQUESTS is defined
SCRIPT       : [DefineTest] EXPANSIONMODSPAWNSELECTION is defined
SCRIPT       : [DefineTest] EXPANSIONMODVEHICLE is defined
SCRIPT       : [DefineTest] EXPANSIONMODWEAPONS is defined
SCRIPT       : [DefineTest] CfgMods:
SCRIPT       : defaultAction
SCRIPT       : DayZ
SCRIPT       : DZ_Expansion_AI_Preload
SCRIPT       : DZ_Expansion_Animations_Preload
SCRIPT       : DZ_Expansion_BaseBuilding_Preload
SCRIPT       : DZ_Expansion_Book_Preload
SCRIPT       : DZ_Expansion_Chat_Preload
SCRIPT       : DZ_Expansion_Core_Preload
SCRIPT       : DZ_Expansion_Garage_Preload
SCRIPT       : DZ_Expansion_Groups_Preload
SCRIPT       : DZ_Expansion_Hardline_Preload
SCRIPT       : DZ_Expansion_KillFeed_Preload
SCRIPT       : DZ_Expansion_MapAssets_Preload
SCRIPT       : DZ_Expansion_Market_Preload
SCRIPT       : DZ_Expansion_Missions_Preload
SCRIPT       : DZ_Expansion_ModStorage_Preload
SCRIPT       : DZ_Expansion_NameTags_Preload
SCRIPT       : DZ_Expansion_Navigation_Preload
SCRIPT       : DZ_Expansion_P2PMarket_Preload
SCRIPT       : DZ_Expansion_PersonalStorage_Preload
SCRIPT       : DZ_Expansion_Preload
SCRIPT       : DZ_Expansion_Quests_Preload
SCRIPT       : DZ_Expansion_SpawnSelection_Preload
SCRIPT       : DZ_Expansion_Vehicles_Preload
SCRIPT       : DZ_Expansion_Weapons_Preload
SCRIPT       : DZ_DabsFramework
SCRIPT       : DZ_Expansion_DefineTest
SCRIPT       : DZ_Expansion_MapAssets
SCRIPT       : bliss
SCRIPT       : JM_CommunityFramework
SCRIPT       : JM_CommunityOnlineTools
SCRIPT       : PvZmoD_CustomisableZombies
SCRIPT       : BoostZombiesVisionAddon
SCRIPT       : DZ_Editor_Loader
SCRIPT       : DZ_Expansion_ModStorage
SCRIPT       : BulletStacksPlusPlusEnhanced
SCRIPT       : DZ_Expansion_Core
SCRIPT       : DZ_Expansion_Garage
SCRIPT       : DZ_Expansion_Groups
SCRIPT       : DZ_Expansion_Market
SCRIPT       : DZ_Expansion_Missions
SCRIPT       : DZ_Expansion_NameTags
SCRIPT       : DZ_Expansion_Navigation
SCRIPT       : DZ_Expansion_NotificationScheduler
SCRIPT       : DZ_Expansion_P2PMarket
SCRIPT       : DZ_Expansion_PersonalStorage
SCRIPT       : DZ_Expansion_PersonalStorageNew
SCRIPT       : DZ_Expansion_PlayerList
SCRIPT       : DZ_Expansion
SCRIPT       : DZ_Expansion_SpawnSelection
SCRIPT       : DZ_Expansion_VanillaFixes
SCRIPT       : DZ_Expansion_Vehicles
SCRIPT       : DZ_Expansion_Weapons
SCRIPT       : jpc_vest
SCRIPT       : DZ_Expansion_AI
SCRIPT       : DZ_Expansion_BaseBuilding
SCRIPT       : DZ_Expansion_Book
SCRIPT       : DZ_Expansion_Chat
SCRIPT       : DZ_Expansion_Hardline
SCRIPT       : DZ_Expansion_Quests
SCRIPT       : DZ_Expansion_VirtualContainerStorage
SCRIPT       : DayZ_Expansion_AI_Dynamic
SCRIPT       : 14:47:42.105 [EXPANSION DEBUG]: ModStorage v5
SCRIPT       : 14:47:44.894 [EXPANSION DEBUG]: ExpansionTraderJudy<6c01a4b0>::SetTraderObject ExpansionTraderObjectBase<c8e12c00> <4973.928711, 9.510984, 2436.782959>
SCRIPT       : 14:47:44.894 [EXPANSION DEBUG]: LoadMissionTradersFile trader ExpansionTraderJudy<6c01a4b0> fileName Aircraft
SCRIPT       : 14:47:44.910 [EXPANSION DEBUG]: ExpansionTraderJose<c8fc3010>::SetTraderObject ExpansionTraderObjectBase<c901a3d0> <14353.624023, 3.326771, 13229.217773>
SCRIPT       : 14:47:44.910 [EXPANSION DEBUG]: LoadMissionTradersFile trader ExpansionTraderJose<c8fc3010> fileName Boats
SCRIPT       : 14:47:44.917 [EXPANSION DEBUG]: ExpansionTraderEva<c91c9020>::SetTraderObject ExpansionTraderObjectBase<c9189830> <14378.793945, 3.325975, 13271.585938>
SCRIPT       : 14:47:44.917 [EXPANSION DEBUG]: LoadMissionTradersFile trader ExpansionTraderEva<c91c9020> fileName Fishing
SCRIPT       : 14:47:44.929 [EXPANSION DEBUG]: ExpansionTraderLewis<d4090810>::SetTraderObject ExpansionTraderObjectBase<d405db00> <1756.656372, 1.415564, 2027.359741>
SCRIPT       : 14:47:44.929 [EXPANSION DEBUG]: LoadMissionTradersFile trader ExpansionTraderLewis<d4090810> fileName Boats
SCRIPT       : 14:47:44.933 [EXPANSION DEBUG]: LoadMissionTradersFile trader ExpansionTraderStaticBase<91d06230> fileName Exchange
SCRIPT       : 14:47:44.949 [EXPANSION DEBUG]: ExpansionTraderDenis<d416d810>::SetTraderObject ExpansionTraderObjectBase<d4138cd0> <3697.249512, 402.010010, 5977.625488>
SCRIPT       : 14:47:44.949 [EXPANSION DEBUG]: LoadMissionTradersFile trader ExpansionTraderDenis<d416d810> fileName Clothing
SCRIPT       : 14:47:44.964 [EXPANSION DEBUG]: ExpansionTraderMaria<d4226810>::SetTraderObject ExpansionTraderObjectBase<d41e4a30> <3696.455811, 402.010010, 5980.193359>
SCRIPT       : 14:47:44.964 [EXPANSION DEBUG]: LoadMissionTradersFile trader ExpansionTraderMaria<d4226810> fileName Clothing_Accessories
SCRIPT       : 14:47:44.980 [EXPANSION DEBUG]: ExpansionTraderQuinn<d41a6020>::SetTraderObject ExpansionTraderObjectBase<d4371800> <3710.121826, 402.010010, 5976.164063>
SCRIPT       : 14:47:44.980 [EXPANSION DEBUG]: LoadMissionTradersFile trader ExpansionTraderQuinn<d41a6020> fileName Consumables
SCRIPT       : 14:47:44.996 [EXPANSION DEBUG]: ExpansionTraderNaomi<d44b4030>::SetTraderObject ExpansionTraderObjectBase<d44f2570> <3708.786865, 402.010010, 5974.589844>
SCRIPT       : 14:47:44.996 [EXPANSION DEBUG]: LoadMissionTradersFile trader ExpansionTraderNaomi<d44b4030> fileName Weapons
SCRIPT       : 14:47:45.011 [EXPANSION DEBUG]: ExpansionTraderSeth<86fd9130>::SetTraderObject ExpansionTraderObjectBase<d46fe510> <3710.265137, 402.010010, 5973.340820>
SCRIPT       : 14:47:45.011 [EXPANSION DEBUG]: LoadMissionTradersFile trader ExpansionTraderSeth<86fd9130> fileName Attachments
SCRIPT       : 14:47:45.023 [EXPANSION DEBUG]: ExpansionTraderRolf<86ff0590>::SetTraderObject ExpansionTraderObjectBase<d48858a0> <3698.172607, 402.010010, 5995.337402>
SCRIPT       : 14:47:45.023 [EXPANSION DEBUG]: LoadMissionTradersFile trader ExpansionTraderRolf<86ff0590> fileName Vehicles
SCRIPT       : 14:47:45.042 [EXPANSION DEBUG]: ExpansionTraderIndar<86ff43a0>::SetTraderObject ExpansionTraderObjectBase<d49591c0> <3714.531006, 402.138000, 5961.776367>
SCRIPT       : 14:47:45.042 [EXPANSION DEBUG]: LoadMissionTradersFile trader ExpansionTraderIndar<86ff43a0> fileName Components
SCRIPT       : 14:47:45.046 [EXPANSION DEBUG]: ExpansionTraderJudy<86ff81b0>::SetTraderObject ExpansionTraderObjectBase<d4aa3a70> <3729.029541, 402.651001, 5969.476563>
SCRIPT       : 14:47:45.046 [EXPANSION DEBUG]: LoadMissionTradersFile trader ExpansionTraderJudy<86ff81b0> fileName Medicals
SCRIPT       : 14:47:45.050 [EXPANSION DEBUG]: ExpansionTraderNaomi<86fe8970>::SetTraderObject ExpansionTraderObjectBase<d4aaa7d0> <3690.062988, 402.100067, 6006.763672>
SCRIPT       : 14:47:45.050 [EXPANSION DEBUG]: LoadMissionTradersFile trader ExpansionTraderNaomi<86fe8970> fileName Vehicle_Parts
SCRIPT       : 14:47:45.058 [EXPANSION DEBUG]: ExpansionTraderJose<86ffbfc0>::SetTraderObject ExpansionTraderObjectBase<d4ab0540> <3699.629883, 402.010010, 5993.970215>
SCRIPT       : 14:47:45.058 [EXPANSION DEBUG]: LoadMissionTradersFile trader ExpansionTraderJose<86ffbfc0> fileName Spraycans
SCRIPT       : 14:47:45.066 [EXPANSION DEBUG]: ExpansionTraderLinda<86fe0d50>::SetTraderObject ExpansionTraderObjectBase<d4b70ec0> <3674.669922, 406.760010, 5990.390137>
SCRIPT       : 14:47:45.066 [EXPANSION DEBUG]: LoadMissionTradersFile trader ExpansionTraderLinda<86fe0d50> fileName Special
SCRIPT       : 14:47:45.074 [EXPANSION DEBUG]: ExpansionTraderNiki<87003be0>::SetTraderObject ExpansionTraderObjectBase<d4d10d80> <3699.030029, 402.013000, 5973.439941>
SCRIPT       : 14:47:45.074 [EXPANSION DEBUG]: LoadMissionTradersFile trader ExpansionTraderNiki<87003be0> fileName BuildingSupplies
SCRIPT       : 14:47:45.078 [EXPANSION DEBUG]: ExpansionTraderNiki<870079f0>::SetTraderObject ExpansionTraderObjectBase<d4d17720> <3697.030029, 402.013000, 5973.439941>
SCRIPT       : 14:47:45.078 [EXPANSION DEBUG]: LoadMissionTradersFile trader ExpansionTraderNiki<870079f0> fileName MMG
SCRIPT       : 14:47:45.089 [EXPANSION DEBUG]: ExpansionTraderFrancis<86fffdd0>::SetTraderObject ExpansionTraderObjectBase<d4eaf7a0> <1153.964844, 6.463035, 2409.763184>
SCRIPT       : 14:47:45.089 [EXPANSION DEBUG]: LoadMissionTradersFile trader ExpansionTraderFrancis<86fffdd0> fileName Attachments
SCRIPT       : 14:47:45.097 [EXPANSION DEBUG]: ExpansionTraderKaito<8700b800>::SetTraderObject ExpansionTraderObjectBase<d96ec060> <1117.021240, 5.495151, 2413.766357>
SCRIPT       : 14:47:45.097 [EXPANSION DEBUG]: LoadMissionTradersFile trader ExpansionTraderKaito<8700b800> fileName Components
SCRIPT       : 14:47:45.105 [EXPANSION DEBUG]: ExpansionTraderCyril<8700f610>::SetTraderObject ExpansionTraderObjectBase<d97d7650> <1136.987427, 5.908522, 2439.662598>
SCRIPT       : 14:47:45.105 [EXPANSION DEBUG]: LoadMissionTradersFile trader ExpansionTraderCyril<8700f610> fileName Clothing
SCRIPT       : 14:47:45.113 [EXPANSION DEBUG]: ExpansionTraderGuo<87013420>::SetTraderObject ExpansionTraderObjectBase<d98afd80> <1133.974854, 5.909700, 2442.412598>
SCRIPT       : 14:47:45.113 [EXPANSION DEBUG]: LoadMissionTradersFile trader ExpansionTraderGuo<87013420> fileName Clothing_Accessories
SCRIPT       : 14:47:45.117 [EXPANSION DEBUG]: ExpansionTraderBoris<d9971e80>::SetTraderObject ExpansionTraderObjectBase<d99bcfd0> <1123.468262, 15.349299, 2426.316162>
SCRIPT       : 14:47:45.117 [EXPANSION DEBUG]: LoadMissionTradersFile trader ExpansionTraderBoris<d9971e80> fileName Exchange
SCRIPT       : 14:47:45.121 [EXPANSION DEBUG]: ExpansionTraderLinda<d996e070>::SetTraderObject ExpansionTraderObjectBase<d99c1d00> <1135.892822, 5.908773, 2436.856689>
SCRIPT       : 14:47:45.121 [EXPANSION DEBUG]: LoadMissionTradersFile trader ExpansionTraderLinda<d996e070> fileName Consumables
SCRIPT       : 14:47:45.128 [EXPANSION DEBUG]: ExpansionTraderKeiko<d9975c90>::SetTraderObject ExpansionTraderObjectBase<d9a500b0> <1130.731689, 5.951744, 2438.009277>
SCRIPT       : 14:47:45.128 [EXPANSION DEBUG]: LoadMissionTradersFile trader ExpansionTraderKeiko<d9975c90> fileName Medicals
SCRIPT       : 14:47:45.136 [EXPANSION DEBUG]: ExpansionTraderHelga<d9994d10>::SetTraderObject ExpansionTraderObjectBase<d9b8e0e0> <1141.654419, 5.906255, 2421.591309>
SCRIPT       : 14:47:45.136 [EXPANSION DEBUG]: LoadMissionTradersFile trader ExpansionTraderHelga<d9994d10> fileName Special
SCRIPT       : 14:47:45.144 [EXPANSION DEBUG]: ExpansionTraderFrida<d998d0f0>::SetTraderObject ExpansionTraderObjectBase<d9baabf0> <1120.135132, 5.600746, 2417.465820>
SCRIPT       : 14:47:45.144 [EXPANSION DEBUG]: LoadMissionTradersFile trader ExpansionTraderFrida<d998d0f0> fileName Vehicles
SCRIPT       : 14:47:45.148 [EXPANSION DEBUG]: ExpansionTraderHassan<d9979aa0>::SetTraderObject ExpansionTraderObjectBase<d9cc6cb0> <1123.977905, 5.639271, 2417.411865>
SCRIPT       : 14:47:45.148 [EXPANSION DEBUG]: LoadMissionTradersFile trader ExpansionTraderHassan<d9979aa0> fileName Vehicle_Parts
SCRIPT       : 14:47:45.152 [EXPANSION DEBUG]: ExpansionTraderDenis<d99892e0>::SetTraderObject ExpansionTraderObjectBase<d9ccc2a0> <1156.719727, 6.513331, 2406.355225>
SCRIPT       : 14:47:45.152 [EXPANSION DEBUG]: LoadMissionTradersFile trader ExpansionTraderDenis<d99892e0> fileName Weapons
SCRIPT       : 14:47:45.160 [EXPANSION DEBUG]: ExpansionTraderGabi<d997d8b0>::SetTraderObject ExpansionTraderObjectBase<bd061ec0> <1135.689941, 5.900000, 2423.300049>
SCRIPT       : 14:47:45.160 [EXPANSION DEBUG]: LoadMissionTradersFile trader ExpansionTraderGabi<d997d8b0> fileName BuildingSupplies
SCRIPT       : 14:47:45.167 [EXPANSION DEBUG]: ExpansionTraderFrancis<d9990f00>::SetTraderObject ExpansionTraderObjectBase<d9e831b0> <11835.901367, 140.617874, 12474.744141>
SCRIPT       : 14:47:45.167 [EXPANSION DEBUG]: LoadMissionTradersFile trader ExpansionTraderFrancis<d9990f00> fileName Attachments
SCRIPT       : 14:47:45.171 [EXPANSION DEBUG]: ExpansionTraderLinda<d99854d0>::SetTraderObject ExpansionTraderObjectBase<d9e86ae0> <11856.716797, 140.565109, 12461.438477>
SCRIPT       : 14:47:45.171 [EXPANSION DEBUG]: LoadMissionTradersFile trader ExpansionTraderLinda<d99854d0> fileName Consumables
SCRIPT       : 14:47:45.171 [EXPANSION DEBUG]: ExpansionTraderCyril<d9998b20>::SetTraderObject ExpansionTraderObjectBase<d9e8d570> <11855.000000, 140.605103, 12466.099609>
SCRIPT       : 14:47:45.171 [EXPANSION DEBUG]: LoadMissionTradersFile trader ExpansionTraderCyril<d9998b20> fileName Clothing
SCRIPT       : 14:47:45.175 [EXPANSION DEBUG]: ExpansionTraderGuo<d999c930>::SetTraderObject ExpansionTraderObjectBase<d9e91d00> <11855.200195, 140.605103, 12470.487305>
SCRIPT       : 14:47:45.175 [EXPANSION DEBUG]: LoadMissionTradersFile trader ExpansionTraderGuo<d999c930> fileName Clothing_Accessories
SCRIPT       : 14:47:45.179 [EXPANSION DEBUG]: ExpansionTraderKaito<d99816c0>::SetTraderObject ExpansionTraderObjectBase<d9e96e40> <11849.400391, 140.605087, 12466.200195>
SCRIPT       : 14:47:45.179 [EXPANSION DEBUG]: LoadMissionTradersFile trader ExpansionTraderKaito<d99816c0> fileName Components
SCRIPT       : 14:47:45.179 [EXPANSION DEBUG]: ExpansionTraderBoris<d99a0740>::SetTraderObject ExpansionTraderObjectBase<d9e9b8a0> <11858.202148, 140.615112, 12463.234375>
SCRIPT       : 14:47:45.179 [EXPANSION DEBUG]: LoadMissionTradersFile trader ExpansionTraderBoris<d99a0740> fileName Exchange
SCRIPT       : 14:47:45.183 [EXPANSION DEBUG]: ExpansionTraderKeiko<d99a4550>::SetTraderObject ExpansionTraderObjectBase<d9ea08f0> <11853.218750, 140.605087, 12463.277344>
SCRIPT       : 14:47:45.183 [EXPANSION DEBUG]: LoadMissionTradersFile trader ExpansionTraderKeiko<d99a4550> fileName Medicals
SCRIPT       : 14:47:45.183 [EXPANSION DEBUG]: ExpansionTraderGabi<d99a8360>::SetTraderObject ExpansionTraderObjectBase<d9f51960> <11833.200195, 140.605118, 12461.700195>
SCRIPT       : 14:47:45.183 [EXPANSION DEBUG]: LoadMissionTradersFile trader ExpansionTraderGabi<d99a8360> fileName Special
SCRIPT       : 14:47:45.191 [EXPANSION DEBUG]: ExpansionTraderElias<da000490>::SetTraderObject ExpansionTraderObjectBase<da087df0> <11877.799805, 140.134796, 12441.599609>
SCRIPT       : 14:47:45.191 [EXPANSION DEBUG]: LoadMissionTradersFile trader ExpansionTraderElias<da000490> fileName Vehicles
SCRIPT       : 14:47:45.195 [EXPANSION DEBUG]: ExpansionTraderHassan<da00fcd0>::SetTraderObject ExpansionTraderObjectBase<da08d430> <11878.674805, 140.134796, 12424.302734>
SCRIPT       : 14:47:45.195 [EXPANSION DEBUG]: LoadMissionTradersFile trader ExpansionTraderHassan<da00fcd0> fileName Vehicle_Parts
SCRIPT       : 14:47:45.199 [EXPANSION DEBUG]: ExpansionTraderDenis<d9ffc680>::SetTraderObject ExpansionTraderObjectBase<da091bc0> <11833.576172, 140.605072, 12469.492188>
SCRIPT       : 14:47:45.199 [EXPANSION DEBUG]: LoadMissionTradersFile trader ExpansionTraderDenis<d9ffc680> fileName Weapons
SCRIPT       : 14:47:45.199 [EXPANSION DEBUG]: ExpansionTraderLinda<da0042a0>::SetTraderObject ExpansionTraderObjectBase<da097520> <11852.194336, 140.660980, 12472.387695>
SCRIPT       : 14:47:45.199 [EXPANSION DEBUG]: LoadMissionTradersFile trader ExpansionTraderLinda<da0042a0> fileName BuildingSupplies
SCRIPT       : 14:47:45.207 [EXPANSION DEBUG]: ExpansionTraderManua<d9ff8870>::SetTraderObject ExpansionTraderObjectBase<da1410c0> <11879.722656, 140.094788, 12435.959961>
SCRIPT       : 14:47:45.207 [EXPANSION DEBUG]: LoadMissionTradersFile trader ExpansionTraderManua<d9ff8870> fileName Spraycans
SCRIPT       : 14:47:45.214 [EXPANSION DEBUG]: ExpansionTraderIrena<da013ae0>::SetTraderObject ExpansionTraderObjectBase<da27cb70> <12160.279297, 140.580765, 12689.783203>
SCRIPT       : 14:47:45.214 [EXPANSION DEBUG]: LoadMissionTradersFile trader ExpansionTraderIrena<da013ae0> fileName Aircraft
SCRIPT       : [ExpansionQuestPersistentServerData] Load existing configuration file:$profile:ExpansionMod\Quests\PersistentServerData.json
SCRIPT       : [ExpansionQuestPersistentServerData] Load existing configuration file:$profile:ExpansionMod\Quests\PersistentServerData.json
SCRIPT       : [ExpansionQuestObjectiveTravelConfig] Load existing configuration file:$profile:ExpansionMod\Quests\Objectives\Travel\Objective_T_1.json
SCRIPT       : [ExpansionQuestObjectiveTravelConfig] Load existing configuration file:$profile:ExpansionMod\Quests\Objectives\Travel\Objective_T_2.json
SCRIPT       : [ExpansionQuestObjectiveTravelConfig] Load existing configuration file:$profile:ExpansionMod\Quests\Objectives\Travel\Objective_T_3.json
SCRIPT       : [ExpansionQuestObjectiveTravelConfig] Load existing configuration file:$profile:ExpansionMod\Quests\Objectives\Travel\Objective_T_4.json
SCRIPT       : [ExpansionQuestObjectiveTargetConfig] Load existing configuration file:$profile:ExpansionMod\Quests\Objectives\Target\Objective_TA_1_kill10sledge.json
SCRIPT       : [ExpansionQuestObjectiveTargetConfig] Load existing configuration file:$profile:ExpansionMod\Quests\Objectives\Target\Objective_TA_2_kill10.json
SCRIPT       : [ExpansionQuestObjectiveTargetConfig] Load existing configuration file:$profile:ExpansionMod\Quests\Objectives\Target\Objective_TA_31_kill_100.json
SCRIPT       : [ExpansionQuestObjectiveTargetConfig] Load existing configuration file:$profile:ExpansionMod\Quests\Objectives\Target\Objective_TA_3_kill50.json
SCRIPT       : [ExpansionQuestObjectiveTargetConfig] Load existing configuration file:$profile:ExpansionMod\Quests\Objectives\Target\Objective_TA_4_killmilitary.json
SCRIPT       : [ExpansionQuestObjectiveDeliveryConfig] Load existing configuration file:$profile:ExpansionMod\Quests\Objectives\Delivery\Objective_D_1.json
SCRIPT       : [ExpansionQuestObjectiveDeliveryConfig] Load existing configuration file:$profile:ExpansionMod\Quests\Objectives\Delivery\Objective_D_2.json
SCRIPT       : [ExpansionQuestObjectiveCollectionConfig] Load existing configuration file:$profile:ExpansionMod\Quests\Objectives\Collection\1-Collection-Apples.json
SCRIPT       : [ExpansionQuestObjectiveCollectionConfig] Load existing configuration file:$profile:ExpansionMod\Quests\Objectives\Collection\2-Collection-Mackerel.json
SCRIPT       : [ExpansionQuestObjectiveCollectionConfig] Load existing configuration file:$profile:ExpansionMod\Quests\Objectives\Collection\3-Collection-BrownChickens.json
SCRIPT       : [ExpansionQuestObjectiveCollectionConfig] Load existing configuration file:$profile:ExpansionMod\Quests\Objectives\Collection\4-Collection-BearPelt.json
SCRIPT       : [ExpansionQuestObjectiveCollectionConfig] Load existing configuration file:$profile:ExpansionMod\Quests\Objectives\Collection\5-Collection-DeerPelt.json
SCRIPT       : [ExpansionQuestObjectiveCollectionConfig] Load existing configuration file:$profile:ExpansionMod\Quests\Objectives\Collection\6-Collection-AgaricusMushroom.json
SCRIPT       : [ExpansionQuestObjectiveCollectionConfig] Load existing configuration file:$profile:ExpansionMod\Quests\Objectives\Collection\Objective_C_1.json
SCRIPT       : [ExpansionQuestObjectiveCollectionConfig] Load existing configuration file:$profile:ExpansionMod\Quests\Objectives\Collection\Objective_C_2.json
SCRIPT       : [ExpansionQuestObjectiveCollectionConfig] Load existing configuration file:$profile:ExpansionMod\Quests\Objectives\Collection\Objective_C_3.json
SCRIPT       : [ExpansionQuestObjectiveTreasureHuntConfig] Load existing configuration file:$profile:ExpansionMod\Quests\Objectives\TreasureHunt\Objective_TH_ammo_1.json
SCRIPT       : [ExpansionQuestObjectiveActionConfig] Load existing configuration file:$profile:ExpansionMod\Quests\Objectives\Action\1-Medic.json
SCRIPT       : [ExpansionQuestObjectiveActionConfig] Load existing configuration file:$profile:ExpansionMod\Quests\Objectives\Action\10-Medic.json
SCRIPT       : [ExpansionQuestObjectiveActionConfig] Load existing configuration file:$profile:ExpansionMod\Quests\Objectives\Action\11-Medic.json
SCRIPT       : [ExpansionQuestObjectiveActionConfig] Load existing configuration file:$profile:ExpansionMod\Quests\Objectives\Action\12-Medic.json
SCRIPT       : [ExpansionQuestObjectiveActionConfig] Load existing configuration file:$profile:ExpansionMod\Quests\Objectives\Action\13-Medic.json
SCRIPT       : [ExpansionQuestObjectiveActionConfig] Load existing configuration file:$profile:ExpansionMod\Quests\Objectives\Action\14-Medic.json
SCRIPT       : [ExpansionQuestObjectiveActionConfig] Load existing configuration file:$profile:ExpansionMod\Quests\Objectives\Action\15-Medic.json
SCRIPT       : [ExpansionQuestObjectiveActionConfig] Load existing configuration file:$profile:ExpansionMod\Quests\Objectives\Action\16-Medic.json
SCRIPT       : [ExpansionQuestObjectiveActionConfig] Load existing configuration file:$profile:ExpansionMod\Quests\Objectives\Action\17-Medic.json
SCRIPT       : [ExpansionQuestObjectiveActionConfig] Load existing configuration file:$profile:ExpansionMod\Quests\Objectives\Action\18-Horticulture.json
SCRIPT       : [ExpansionQuestObjectiveActionConfig] Load existing configuration file:$profile:ExpansionMod\Quests\Objectives\Action\19-Horticulture.json
SCRIPT       : [ExpansionQuestObjectiveActionConfig] Load existing configuration file:$profile:ExpansionMod\Quests\Objectives\Action\2-Medic.json
SCRIPT       : [ExpansionQuestObjectiveActionConfig] Load existing configuration file:$profile:ExpansionMod\Quests\Objectives\Action\20-Horticulture.json
SCRIPT       : [ExpansionQuestObjectiveActionConfig] Load existing configuration file:$profile:ExpansionMod\Quests\Objectives\Action\21-Horticulture.json
SCRIPT       : [ExpansionQuestObjectiveActionConfig] Load existing configuration file:$profile:ExpansionMod\Quests\Objectives\Action\22-Horticulture.json
SCRIPT       : [ExpansionQuestObjectiveActionConfig] Load existing configuration file:$profile:ExpansionMod\Quests\Objectives\Action\23-Horticulture.json
SCRIPT       : [ExpansionQuestObjectiveActionConfig] Load existing configuration file:$profile:ExpansionMod\Quests\Objectives\Action\24-Horticulture.json
SCRIPT       : [ExpansionQuestObjectiveActionConfig] Load existing configuration file:$profile:ExpansionMod\Quests\Objectives\Action\3-Medic.json
SCRIPT       : [ExpansionQuestObjectiveActionConfig] Load existing configuration file:$profile:ExpansionMod\Quests\Objectives\Action\4-Medic.json
SCRIPT       : [ExpansionQuestObjectiveActionConfig] Load existing configuration file:$profile:ExpansionMod\Quests\Objectives\Action\5-Medic.json
SCRIPT       : [ExpansionQuestObjectiveActionConfig] Load existing configuration file:$profile:ExpansionMod\Quests\Objectives\Action\6-Medic.json
SCRIPT       : [ExpansionQuestObjectiveActionConfig] Load existing configuration file:$profile:ExpansionMod\Quests\Objectives\Action\7-Medic.json
SCRIPT       : [ExpansionQuestObjectiveActionConfig] Load existing configuration file:$profile:ExpansionMod\Quests\Objectives\Action\8-Medic.json
SCRIPT       : [ExpansionQuestObjectiveActionConfig] Load existing configuration file:$profile:ExpansionMod\Quests\Objectives\Action\9-Medic.json
SCRIPT       : [ExpansionQuestObjectiveActionConfig] Load existing configuration file:$profile:ExpansionMod\Quests\Objectives\Action\Objective_A_1.json
SCRIPT       : [ExpansionQuestObjectiveActionConfig] Load existing configuration file:$profile:ExpansionMod\Quests\Objectives\Action\Objective_A_2.json
SCRIPT       : [ExpansionQuestObjectiveCraftingConfig] Load existing configuration file:$profile:ExpansionMod\Quests\Objectives\Crafting\1-Crafting-FishingRod.json
SCRIPT       : [ExpansionQuestObjectiveCraftingConfig] Load existing configuration file:$profile:ExpansionMod\Quests\Objectives\Crafting\Objective_CR_1.json
SCRIPT       : [ExpansionQuestObjectiveAIPatrolConfig] Load existing configuration file:$profile:ExpansionMod\Quests\Objectives\AIPatrol\Objective_AIP_1.json
SCRIPT       : [ExpansionQuestObjectiveAICampConfig] Load existing configuration file:$profile:ExpansionMod\Quests\Objectives\AICamp\Objective_AIC_1.json
SCRIPT       : [ExpansionQuestObjectiveAIEscortConfig] Load existing configuration file:$profile:ExpansionMod\Quests\Objectives\AIVIP\1-VIP.json
SCRIPT       : [ExpansionQuestObjectiveAIEscortConfig] Load existing configuration file:$profile:ExpansionMod\Quests\Objectives\AIVIP\2-VIP.json
SCRIPT       : [ExpansionQuestObjectiveAIEscortConfig] Load existing configuration file:$profile:ExpansionMod\Quests\Objectives\AIVIP\Objective_AIESCORT_1.json
SCRIPT       : [ExpansionQuestNPCData] Load existing configuration file:QuestNPC_Board_3.json
SCRIPT       : [ExpansionQuestNPCData] Load existing configuration file:QuestNPC_Peter_1.json
SCRIPT       : [ExpansionQuestNPCData] Load existing configuration file:QuestNPC_Steve_2.json
SCRIPT       : [EditorLoader] File found: $mission:\EditorFiles\TraderStorage.dze
SCRIPT       : [EditorLoader] Loaded files in 0.003s
SCRIPT       : [EditorLoader] 6 total objects created
SCRIPT       : [EditorLoader] 0 total objects deleted
SCRIPT       : [EditorLoader] Deleted & Created all objects in 0.024s
SCRIPT       : ExpansionMarketItem marketItem = ExpansionMarketItem<b34bacc0>
SCRIPT       : int worth =   1
SCRIPT       : 14:48:03.417 [EXPANSION DEBUG]: ExpansionP2PTraderAIIrena<67ed1030>::SetP2PTraderID - ID: 1
SCRIPT       : ExpansionZonePolygon<60b047d0> position=<12015.854492, 0.000000, 12591.097656> radius=419.633
SCRIPT       : ExpansionZoneCircle<67eb1130> position=<1143.140015, 0.000000, 2423.270020> radius=400
SCRIPT       : ExpansionZoneCircle<67eb1d30> position=<3728.270020, 0.000000, 6003.600098> radius=400
SCRIPT       : Found 3 zones!
SCRIPT       : 14:48:03.589 [EXPANSION DEBUG]: ExpansionQuestNPCAIDenis<68aa5020>::OnEnterSafeZone
SCRIPT       : bool m_Expansion_LeavingSafeZone = 0
SCRIPT       : bool m_Expansion_IsInSafeZone = 0
SCRIPT       : bool m_Expansion_IsInSafeZoneSynchRemote = 0
SCRIPT       : 14:48:03.589 [EXPANSION DEBUG]: ExpansionP2PTraderAIIrena<67ed1030>::OnEnterSafeZone
SCRIPT       : bool m_Expansion_LeavingSafeZone = 0
SCRIPT       : bool m_Expansion_IsInSafeZone = 0
SCRIPT       : bool m_Expansion_IsInSafeZoneSynchRemote = 0
SCRIPT       : 14:48:05.175 [EXPANSION DEBUG]: ExpansionItemSpawnHelper::Clone - created FAL:035655 at location { type=HANDS item=FAL:035626 parent=ExpansionQuestNPCAIDenis:045 }
SCRIPT       : 14:48:05.175 [EXPANSION DEBUG]: ExpansionItemSpawnHelper::Clone - created Fal_OeBttstck:035656 at location { type=ATTACHMENT item=null parent=FAL:035655 slot=weaponButtstockFal }
SCRIPT       : 14:48:05.179 [EXPANSION DEBUG]: ExpansionItemSpawnHelper::Clone - created Mag_FAL_20Rnd:035657 at location { type=ATTACHMENT item=null parent=FAL:035655 slot=magazine }
SCRIPT       : [emote] ExpansionQuestNPCAIDenis:045 play emote id=46 IH=FAL:035655
SCRIPT       : [emote] ExpansionP2PTraderAIIrena:044 play emote id=46 IH=null
SCRIPT       : [emote] ExpansionQuestNPCAIElias:046 play emote id=14 IH=MKII:035645
SCRIPT       : 14:48:43.558 [EXPANSION DEBUG]: ExpansionHardlineModule<92380fe0> ::LoadPlayerData - Loaded player hardline data for player Blorpus9000[3I2KPiMwtNrbRzLe964-q3OrI2Ligr9LBcsFxmVIl3Q=]
SCRIPT       : ---- PlayerBase OnStoreLoad SUCCESS ----
SCRIPT       : 14:48:58.140 [EXPANSION DEBUG]: SurvivorBase<82e14330>::OnEnterSafeZone
SCRIPT       : bool m_Expansion_LeavingSafeZone = 0
SCRIPT       : bool m_Expansion_IsInSafeZone = 0
SCRIPT       : bool m_Expansion_IsInSafeZoneSynchRemote = 0
SCRIPT       : [EditorLoader] Sent Deleted objects in 0s
SCRIPT       : 14:48:58.140 [EXPANSION DEBUG]: ExpansionPartyData<d4cff640>::OnJoin party Blorpus (ID 0) player Blorpus9000 (ID 3I2KPiMwtNrbRzLe964-q3OrI2Ligr9LBcsFxmVIl3Q=)
SCRIPT       : 14:48:58.171 [EXPANSION DEBUG]: ExpansionQuestModule<95154180> Sending 58 quest configs to client with UID: 3I2KPiMwtNrbRzLe964-q3OrI2Ligr9LBcsFxmVIl3Q=
SCRIPT       : 14:48:58.171 [EXPANSION DEBUG]: ExpansionQuestModule<95154180> Sending player quest data for 28 quests to player with UID: 3I2KPiMwtNrbRzLe964-q3OrI2Ligr9LBcsFxmVIl3Q=
SCRIPT       : 14:48:59.777 [EXPANSION DEBUG]: ExpansionItemSpawnHelper::Clone - created Aug:035704 at location { type=HANDS item=Aug:035691 parent=eAI_SurvivorF_Irena:050 }
SCRIPT       : 14:48:59.777 [EXPANSION DEBUG]: ExpansionItemSpawnHelper::Clone - created Mag_Aug_30Rnd:035705 at location { type=ATTACHMENT item=null parent=Aug:035704 slot=magazine }
SCRIPT       : 14:48:59.902 [EXPANSION DEBUG]: ExpansionItemSpawnHelper::Clone - created Aug:035692 at location { type=HANDS item=Aug:035668 parent=eAI_SurvivorF_Judy:048 }
SCRIPT       : 14:48:59.906 [EXPANSION DEBUG]: ExpansionItemSpawnHelper::Clone - created Mag_Aug_30Rnd:035691 at location { type=ATTACHMENT item=null parent=Aug:035692 slot=magazine }
SCRIPT       : 14:48:59.914 [EXPANSION DEBUG]: ExpansionItemSpawnHelper::Clone - created M16A2:035669 at location { type=HANDS item=M16A2:035680 parent=eAI_SurvivorM_Cyril:049 }
SCRIPT       : 14:48:59.914 [EXPANSION DEBUG]: ExpansionItemSpawnHelper::Clone - created Mag_STANAG_30Rnd:035668 at location { type=ATTACHMENT item=null parent=M16A2:035669 slot=magazine }
SCRIPT       : 14:49:00.273 [EXPANSION DEBUG]: ExpansionItemSpawnHelper::Clone - created Aug:035740 at location { type=HANDS item=Aug:035728 parent=eAI_SurvivorM_Peter:053 }
SCRIPT       : 14:49:00.273 [EXPANSION DEBUG]: ExpansionItemSpawnHelper::Clone - created Mag_Aug_30Rnd:035741 at location { type=ATTACHMENT item=null parent=Aug:035740 slot=magazine }
SCRIPT       : 14:49:00.332 [EXPANSION DEBUG]: ExpansionItemSpawnHelper::Clone - created Scout:035729 at location { type=HANDS item=Scout:035716 parent=eAI_SurvivorF_Eva:052 }
SCRIPT       : 14:49:00.335 [EXPANSION DEBUG]: ExpansionItemSpawnHelper::Clone - created Mag_Scout_5Rnd:035728 at location { type=ATTACHMENT item=null parent=Scout:035729 slot=magazine }
SCRIPT       : 14:49:00.390 [EXPANSION DEBUG]: ExpansionItemSpawnHelper::Clone - created Aug:035717 at location { type=HANDS item=Aug:035681 parent=eAI_SurvivorM_Seth:051 }
SCRIPT       : 14:49:00.390 [EXPANSION DEBUG]: ExpansionItemSpawnHelper::Clone - created Mag_Aug_30Rnd:035716 at location { type=ATTACHMENT item=null parent=Aug:035717 slot=magazine }
SCRIPT       : ExpansionActionOpenTraderMenu::OnStartServer - Start
SCRIPT       : ExpansionActionOpenTraderMenu::OnStartServer - Start
SCRIPT       : ExpansionActionOpenTraderMenu::OnStartServer - Start
SCRIPT       : ExpansionActionOpenTraderMenu::OnStartServer - Start
SCRIPT       : ExpansionActionOpenTraderMenu::OnStartServer - Start
SCRIPT       : ExpansionActionOpenTraderMenu::OnStartServer - Start
SCRIPT       : ExpansionActionOpenTraderMenu::OnStartServer - Start
SCRIPT       : 14:52:42.375 [EXPANSION DEBUG]: ExpansionVodnik<85f78e30>::ExpansionSetLastDriverUID - 3I2KPiMwtNrbRzLe964-q3OrI2Ligr9LBcsFxmVIl3Q=
SCRIPT       : 14:52:43.375 [EXPANSION DEBUG]: ExpansionVodnik<85f78e30>::ExpansionResetLastDriverUIDSynch
SCRIPT       : 14:53:04.535 [EXPANSION DEBUG]: [ExpansionMissionEventAirdrop] Adjusted container weights:
SCRIPT       : 14:53:04.535 [EXPANSION DEBUG]: ExpansionAirdropContainer 106
SCRIPT       : 14:53:04.535 [EXPANSION DEBUG]: ExpansionAirdropContainer_Medical 111
SCRIPT       : 14:53:04.535 [EXPANSION DEBUG]: ExpansionAirdropContainer_Basebuilding 116
SCRIPT       : 14:53:04.535 [EXPANSION DEBUG]: ExpansionAirdropContainer_Military 121
SCRIPT       : 14:53:04.535 [EXPANSION DEBUG]: ExpansionAirdropPlane::GetSpawnPoint - drop position <2036.000000, 0.000000, 7491.000000> - map is chernarusplus - size 15360 - center <7100.000000, 300.000000, 7750.000000>
SCRIPT       : 14:53:04.535 [EXPANSION DEBUG]: ExpansionAirdropPlane::GetSpawnPoint - selected spawn point <15360.000000, 450.295410, 13442.544922>
SCRIPT       : 14:57:49.925 [EXPANSION DEBUG]: eAI_SurvivorF_Eva<7ab13030>::OnEnterSafeZone
SCRIPT       : bool m_Expansion_LeavingSafeZone = 0
SCRIPT       : bool m_Expansion_IsInSafeZone = 0
SCRIPT       : bool m_Expansion_IsInSafeZoneSynchRemote = 0
SCRIPT       : 14:57:49.925 [EXPANSION DEBUG]: eAI_SurvivorM_Seth<862a79f0>::OnEnterSafeZone
SCRIPT       : bool m_Expansion_LeavingSafeZone = 0
SCRIPT       : bool m_Expansion_IsInSafeZone = 0
SCRIPT       : bool m_Expansion_IsInSafeZoneSynchRemote = 0
SCRIPT       : 14:57:51.761 [EXPANSION DEBUG]: eAI_SurvivorM_Peter<83360b40>::OnEnterSafeZone
SCRIPT       : bool m_Expansion_LeavingSafeZone = 0
SCRIPT       : bool m_Expansion_IsInSafeZone = 0
SCRIPT       : bool m_Expansion_IsInSafeZoneSynchRemote = 0
SCRIPT       : 14:57:59.093 [EXPANSION DEBUG]: eAI_SurvivorM_Peter<83360b40>::OnEnterSafeZone
SCRIPT       : bool m_Expansion_LeavingSafeZone = 1
SCRIPT       : bool m_Expansion_IsInSafeZone = 1
SCRIPT       : bool m_Expansion_IsInSafeZoneSynchRemote = 0
SCRIPT       : 14:57:59.093 [EXPANSION DEBUG]: eAI_SurvivorF_Eva<7ab13030>::OnEnterSafeZone
SCRIPT       : bool m_Expansion_LeavingSafeZone = 1
SCRIPT       : bool m_Expansion_IsInSafeZone = 1
SCRIPT       : bool m_Expansion_IsInSafeZoneSynchRemote = 0
SCRIPT       : 14:57:59.117 [EXPANSION DEBUG]: eAI_SurvivorM_Seth<862a79f0>::OnEnterSafeZone
SCRIPT       : bool m_Expansion_LeavingSafeZone = 1
SCRIPT       : bool m_Expansion_IsInSafeZone = 1
SCRIPT       : bool m_Expansion_IsInSafeZoneSynchRemote = 0
SCRIPT       : 14:58:11.796 [EXPANSION DEBUG]: eAI_SurvivorF_Eva<7ab13030>::OnEnterSafeZone
SCRIPT       : bool m_Expansion_LeavingSafeZone = 1
SCRIPT       : bool m_Expansion_IsInSafeZone = 1
SCRIPT       : bool m_Expansion_IsInSafeZoneSynchRemote = 0
SCRIPT       : 14:58:23.375 [EXPANSION DEBUG]: OffroadHatchback_Blue<728e260>::ExpansionSetLastDriverUID - 3I2KPiMwtNrbRzLe964-q3OrI2Ligr9LBcsFxmVIl3Q=
SCRIPT       : 14:58:24.375 [EXPANSION DEBUG]: OffroadHatchback_Blue<728e260>::ExpansionResetLastDriverUIDSynch
SCRIPT       : 15:00:07.199 [EXPANSION DEBUG]: OffroadHatchback_Blue<728e260>::ExpansionSetLastDriverUID - 3I2KPiMwtNrbRzLe964-q3OrI2Ligr9LBcsFxmVIl3Q=
SCRIPT       : 15:00:08.199 [EXPANSION DEBUG]: OffroadHatchback_Blue<728e260>::ExpansionResetLastDriverUIDSynch
SCRIPT       : 15:02:26.769 [EXPANSION DEBUG]: ExpansionMerlin<92004dc0>::ExpansionSetLastDriverUID - 3I2KPiMwtNrbRzLe964-q3OrI2Ligr9LBcsFxmVIl3Q=
SCRIPT       : 15:02:27.769 [EXPANSION DEBUG]: ExpansionMerlin<92004dc0>::ExpansionResetLastDriverUIDSynch
SCRIPT       : 15:02:48.582 [EXPANSION LOG]: ExpansionAirdropContainerBase<aca450d0> InitAirdrop - total weight (kg) 331.131 - nominal fall speed 4.57783 m/s, wind impact strength 0.147406
SCRIPT       : 15:05:34.035 [EXPANSION DEBUG]: ExpansionMerlin<92004dc0>::ExpansionSetLastDriverUID - 3I2KPiMwtNrbRzLe964-q3OrI2Ligr9LBcsFxmVIl3Q=
SCRIPT       : 15:05:35.035 [EXPANSION DEBUG]: ExpansionMerlin<92004dc0>::ExpansionResetLastDriverUIDSynch
SCRIPT       : JMCameraModule::RPC_Leave - timestamp 1142.37
SCRIPT       : JMCameraModule::Server_Leave - target SurvivorBase<82e14330>
SCRIPT       : JMCameraModule::Server_Leave - spectated player NULL
SCRIPT       : 15:07:05.179 [EXPANSION DEBUG]: ExpansionMerlin<91ffc990>::ExpansionSetLastDriverUID - 3I2KPiMwtNrbRzLe964-q3OrI2Ligr9LBcsFxmVIl3Q=
SCRIPT       : 15:07:06.179 [EXPANSION DEBUG]: ExpansionMerlin<91ffc990>::ExpansionResetLastDriverUIDSynch
SCRIPT       : 15:08:49.914 [EXPANSION DEBUG]: ExpansionMerlin<91ffc990>::ExpansionSetLastDriverUID - 3I2KPiMwtNrbRzLe964-q3OrI2Ligr9LBcsFxmVIl3Q=
SCRIPT       : 15:08:50.914 [EXPANSION DEBUG]: ExpansionMerlin<91ffc990>::ExpansionResetLastDriverUIDSynch
SCRIPT       : 15:12:41.886 [EXPANSION DEBUG]: SurvivorBase<82e14330>::OnEnterSafeZone
SCRIPT       : bool m_Expansion_LeavingSafeZone = 0
SCRIPT       : bool m_Expansion_IsInSafeZone = 0
SCRIPT       : bool m_Expansion_IsInSafeZoneSynchRemote = 0
SCRIPT       : [Logout]: New player 3I2KPiMwtNrbRzLe964-q3OrI2Ligr9LBcsFxmVIl3Q= with logout time 3
SCRIPT       : [emote] SurvivorF_Irena:047 play emote id=14 IH=null
SCRIPT       : 15:14:16.515 [EXPANSION DEBUG]: ExpansionPartyData<d4cff640>::OnLeave party Blorpus (ID 0) player Blorpus9000 (ID 3I2KPiMwtNrbRzLe964-q3OrI2Ligr9LBcsFxmVIl3Q=)
SCRIPT       : 15:14:16.519 [EXPANSION DEBUG]: ExpansionQuestPersistentData<86b55260> ~ExpansionQuestPersistentData (28)
SCRIPT       : [Logout]: Player 3I2KPiMwtNrbRzLe964-q3OrI2Ligr9LBcsFxmVIl3Q= finished
