---------------------------------------------
Log C:\Program Files (x86)\Steam\steamapps\common\DayZServerAug2\config\script_2023-08-10_15-27-18.log started at 10.08. 15:27:18

SCRIPT       : Registered 397 temporary action enum(s), UAN==397
SCRIPT       : Registering faction type eAIFactionShamans ID -1484989417
SCRIPT       : Registering faction type eAIFactionObservers ID -563736721
SCRIPT       : Registering faction type eAIFactionInvincibleObservers ID -1227299746
SCRIPT       : Registering faction type eAIFactionEast ID 90522109
SCRIPT       : Registering faction type eAIFactionGuards ID 963933710
SCRIPT       : Registering faction type eAIFactionRaiders ID 1535276022
SCRIPT       : Registering faction type eAIFactionMercenaries ID 1629891834
SCRIPT       : Registering faction type eAIFactionWest ID 113880155
SCRIPT       : Registering faction type eAIFactionCivilian ID 1096178351
SCRIPT       : Registering faction type eAIFactionPassive ID -1159399789
SCRIPT       : Registering faction type eAIFactionInvincibleGuards ID 782746017
SCRIPT       : ... Backlit Effects Enabled
SCRIPT       : 15:27:19 [EXPANSION LOG]: DayZGame<57ed4db0> Start time (local time) 2023-08-10 15:27:15
SCRIPT       : 15:27:19 [EXPANSION LOG]: DayZGame<57ed4db0> Start time (UTC) 2023-08-10 20:27:15
SCRIPT       : 15:27:19 [EXPANSION LOG]: DayZGame<57ed4db0> Runtime since start (seconds) 4.283
SCRIPT    (W): @"JM/COT/Scripts/4_World/communityonlinetools\classes\webhook\jmwebhookdiscordmessage.c,19": Possible variable name conflict 'username'
SCRIPT    (W): @"JM/COT/Scripts/4_World/communityonlinetools\classes\webhook\jmwebhookdiscordmessage.c,19": Possible variable name conflict 'avatar_url'
SCRIPT    (W): @"JM/COT/Scripts/4_World/communityonlinetools\classes\webhook\jmwebhookdiscordmessage.c,19": Possible variable name conflict 'content'
SCRIPT    (W): @"JM/COT/Scripts/4_World/communityonlinetools\classes\webhook\jmwebhookdiscordmessage.c,151": Possible variable name conflict 'url'
SCRIPT    (W): @"JM/COT/Scripts/4_World/communityonlinetools\classes\webhook\jmwebhookdiscordmessage.c,172": Possible variable name conflict 'url'
SCRIPT    (W): @"JM/COT/Scripts/4_World/communityonlinetools\classes\webhook\jmwebhookdiscordmessage.c,180": Possible variable name conflict 'url'
SCRIPT       : 15:27:32.812 [EXPANSION DEBUG]: [ExpansionDebugSettings] Load existing setting file:$profile:ExpansionMod\Settings\DebugSettings.json
SCRIPT       : 15:27:32.812 [EXPANSION DEBUG]: [ExpansionLogSettings] Load existing setting file:$profile:ExpansionMod\Settings\LogsSettings.json
SCRIPT       : 15:27:32.824 [EXPANSION DEBUG]: [ExpansionNotificationSettings] Load existing setting file:$profile:ExpansionMod\Settings\NotificationSettings.json
SCRIPT       : 15:27:32.824 [EXPANSION DEBUG]: [ExpansionMonitoringSettings] Load existing setting file:$profile:ExpansionMod\Settings\MonitoringSettings.json
SCRIPT       : 15:27:32.824 [EXPANSION DEBUG]: [ExpansionDamageSystemSettings] Load existing setting file:$profile:ExpansionMod\Settings\DamageSystemSettings.json
SCRIPT       : 15:27:32.824 [EXPANSION DEBUG]: [ExpansionPartySettings] Load existing setting file:$profile:ExpansionMod\Settings\PartySettings.json
SCRIPT       : 15:27:32.824 [EXPANSION DEBUG]: [ExpansionHardlineSettings] Load existing setting file:$mission:expansion\settings\HardlineSettings.json
SCRIPT       : 15:27:32.828 [EXPANSION DEBUG]: [ExpansionMarketSettings] Load existing setting file:$mission:expansion\settings\MarketSettings.json
SCRIPT       : ExpansionMarketSettings::LoadCategories - Adding category ID 1 (Ammo)
SCRIPT       : ExpansionMarketSettings::LoadCategories - Adding category ID 2 (Ammo_Boxes)
SCRIPT       : ExpansionMarketSettings::LoadCategories - Adding category ID 3 (Armbands)
SCRIPT       : ExpansionMarketSettings::LoadCategories - Adding category ID 4 (Assault_Rifles)
SCRIPT       : ExpansionMarketSettings::LoadCategories - Adding category ID 5 (Backpacks)
SCRIPT       : ExpansionMarketSettings::LoadCategories - Adding category ID 6 (Bandanas)
SCRIPT       : ExpansionMarketSettings::LoadCategories - Adding category ID 7 (Batteries)
SCRIPT       : ExpansionMarketSettings::LoadCategories - Adding category ID 8 (Bayonets)
SCRIPT       : ExpansionMarketSettings::LoadCategories - Adding category ID 9 (Belts)
SCRIPT       : ExpansionMarketSettings::LoadCategories - Adding category ID 10 (Blouses_And_Suits)
SCRIPT       : ExpansionMarketSettings::LoadCategories - Adding category ID 11 (Boats)
SCRIPT       : ExpansionMarketSettings::LoadCategories - Adding category ID 12 (Boots_And_Shoes)
SCRIPT       : ExpansionMarketSettings::LoadCategories - Adding category ID 13 (Buttstocks)
SCRIPT       : ExpansionMarketSettings::LoadCategories - Adding category ID 14 (Caps)
SCRIPT       : ExpansionMarketSettings::LoadCategories - Adding category ID 15 (Cars)
SCRIPT       : ExpansionMarketSettings::LoadCategories - Adding category ID 16 (Coats_And_Jackets)
SCRIPT       : ExpansionMarketSettings::LoadCategories - Adding category ID 17 (Containers)
SCRIPT       : ExpansionMarketSettings::LoadCategories - Adding category ID 18 (Crossbows)
SCRIPT       : ExpansionMarketSettings::LoadCategories - Adding category ID 19 (Drinks)
SCRIPT       : ExpansionMarketSettings::LoadCategories - Adding category ID 20 (Electronics)
SCRIPT       : ExpansionMarketSettings::LoadCategories - Adding category ID 21 (Event)
SCRIPT       : ExpansionMarketSettings::LoadCategories - Adding category ID 22 (Exchange)
SCRIPT       : ExpansionMarketSettings::LoadCategories - Adding category ID 23 (Explosives_And_Grenades)
SCRIPT       : ExpansionMarketSettings::LoadCategories - Adding category ID 24 (Eyewear)
SCRIPT       : ExpansionMarketSettings::LoadCategories - Adding category ID 25 (Fish)
SCRIPT       : ExpansionMarketSettings::LoadCategories - Adding category ID 26 (Fishing)
SCRIPT       : ExpansionMarketSettings::LoadCategories - Adding category ID 27 (Flags)
SCRIPT       : ExpansionMarketSettings::LoadCategories - Adding category ID 28 (Food)
SCRIPT       : ExpansionMarketSettings::LoadCategories - Adding category ID 29 (Fruit_And_Vegetables)
SCRIPT       : ExpansionMarketSettings::LoadCategories - Adding category ID 30 (Furnishings)
SCRIPT       : ExpansionMarketSettings::LoadCategories - Adding category ID 31 (Gardening)
SCRIPT       : ExpansionMarketSettings::LoadCategories - Adding category ID 32 (Ghillies)
SCRIPT       : ExpansionMarketSettings::LoadCategories - Adding category ID 33 (Gloves)
SCRIPT       : ExpansionMarketSettings::LoadCategories - Adding category ID 34 (Handguards)
SCRIPT       : ExpansionMarketSettings::LoadCategories - Adding category ID 35 (Hats_And_Hoods)
SCRIPT       : ExpansionMarketSettings::LoadCategories - Adding category ID 36 (Helicopters)
SCRIPT       : ExpansionMarketSettings::LoadCategories - Adding category ID 37 (Helmets)
SCRIPT       : ExpansionMarketSettings::LoadCategories - Adding category ID 38 (Holsters_And_Pouches)
SCRIPT       : ExpansionMarketSettings::LoadCategories - Adding category ID 39 (Kits)
SCRIPT       : ExpansionMarketSettings::LoadCategories - Adding category ID 40 (Knifes)
SCRIPT       : ExpansionMarketSettings::LoadCategories - Adding category ID 41 (Launchers)
SCRIPT       : ExpansionMarketSettings::LoadCategories - Adding category ID 42 (Lights)
SCRIPT       : ExpansionMarketSettings::LoadCategories - Adding category ID 43 (Liquids)
SCRIPT       : ExpansionMarketSettings::LoadCategories - Adding category ID 44 (Locks)
SCRIPT       : ExpansionMarketSettings::LoadCategories - Adding category ID 45 (Magazines)
SCRIPT       : ExpansionMarketSettings::LoadCategories - Adding category ID 46 (Masks)
SCRIPT       : ExpansionMarketSettings::LoadCategories - Adding category ID 47 (Meat)
SCRIPT       : ExpansionMarketSettings::LoadCategories - Adding category ID 48 (Medical)
SCRIPT       : ExpansionMarketSettings::LoadCategories - Adding category ID 49 (Melee_Weapons)
SCRIPT       : ExpansionMarketSettings::LoadCategories - Adding category ID 50 (Muzzles)
SCRIPT       : ExpansionMarketSettings::LoadCategories - Adding category ID 51 (Navigation)
SCRIPT       : ExpansionMarketSettings::LoadCategories - Adding category ID 52 (Optics)
SCRIPT       : ExpansionMarketSettings::LoadCategories - Adding category ID 53 (Pants_And_Shorts)
SCRIPT       : ExpansionMarketSettings::LoadCategories - Adding category ID 54 (Pistols)
SCRIPT       : ExpansionMarketSettings::LoadCategories - Adding category ID 55 (Rifles)
SCRIPT       : ExpansionMarketSettings::LoadCategories - Adding category ID 56 (Shirts_And_TShirts)
SCRIPT       : ExpansionMarketSettings::LoadCategories - Adding category ID 57 (Shotguns)
SCRIPT       : ExpansionMarketSettings::LoadCategories - Adding category ID 58 (Skirts_And_Dresses)
SCRIPT       : ExpansionMarketSettings::LoadCategories - Adding category ID 59 (Sniper_Rifles)
SCRIPT       : ExpansionMarketSettings::LoadCategories - Adding category ID 60 (Spraycans)
SCRIPT       : ExpansionMarketSettings::LoadCategories - Adding category ID 61 (Submachine_Guns)
SCRIPT       : ExpansionMarketSettings::LoadCategories - Adding category ID 62 (Supplies)
SCRIPT       : ExpansionMarketSettings::LoadCategories - Adding category ID 63 (Sweaters_And_Hoodies)
SCRIPT       : ExpansionMarketSettings::LoadCategories - Adding category ID 64 (Tents)
SCRIPT       : ExpansionMarketSettings::LoadCategories - Adding category ID 65 (Tools)
SCRIPT       : ExpansionMarketSettings::LoadCategories - Adding category ID 66 (Vehicle_Parts)
SCRIPT       : ExpansionMarketSettings::LoadCategories - Adding category ID 67 (Vests)
SCRIPT       : 15:27:32.945 [EXPANSION DEBUG]: [ExpansionAirdropSettings] Load existing setting file:$profile:ExpansionMod\Settings\AirdropSettings.json
SCRIPT       : 15:27:33.062 [EXPANSION DEBUG]: [ExpansionMissionSettings] Load existing setting file:$profile:ExpansionMod\Settings\MissionSettings.json
SCRIPT       : 15:27:33.062 [EXPANSION DEBUG]: [ExpansionMapSettings] Load existing setting file:$mission:expansion\settings\MapSettings.json
SCRIPT       : 15:27:33.074 [EXPANSION DEBUG]: [ExpansionPersonalStorageNewSettings] Load existing setting file:$profile:ExpansionMod\Settings\PersonalStorageNewSettings.json
SCRIPT       : 15:27:33.074 [EXPANSION DEBUG]: [ExpansionGeneralSettings] Load existing setting file:$profile:ExpansionMod\Settings\GeneralSettings.json
SCRIPT       : 15:27:33.074 [EXPANSION DEBUG]: [ExpansionPlayerListSettings] Load existing setting file:$profile:ExpansionMod\Settings\PlayerListSettings.json
SCRIPT       : 15:27:33.074 [EXPANSION DEBUG]: [ExpansionSocialMediaSettings] Load existing setting file:$profile:ExpansionMod\Settings\SocialMediaSettings.json
SCRIPT       : 15:27:33.074 [EXPANSION DEBUG]: [ExpansionSpawnSettings] Load existing setting file:$mission:expansion\settings\SpawnSettings.json
SCRIPT    (E): JSON ERROR dolphin/DayZ-Expansion-AI-Dynamic/Scripts/5_Mission/modules\expansionrespawnhandlermodule.c:12
SCRIPT    (E): 
JSON ERROR:
Missing a comma or '}' after an object member.
Function: 'Error'
Stack trace:
scripts/1_Core/proto\endebug.c:92
scripts/3_Game/tools\jsonfileloader.c:29
DayZExpansion/SpawnSelection/Scripts/3_Game/dayzexpansion_spawnselection\settings\spawning\expansionspawnsettings.c:229
DayZExpansion/Core/Scripts/3_Game/dayzexpansion_core\settings\expansionsettingbase.c:45
DayZExpansion/Core/Scripts/3_Game/dayzexpansion_core\settings\expansionsettings.c:55
DayZExpansion/Core/Scripts/3_Game/dayzexpansion_core\settings\expansionsettings.c:35
DayZExpansion/Core/Scripts/3_Game/dayzexpansion_core\settings\expansionsettings.c:265
dolphin/DayZ-Expansion-AI-Dynamic/Scripts/5_Mission/modules\spatialai.c:267
dolphin/DayZ-Expansion-AI-Dynamic/Scripts/5_Mission/modules\spatialai.c:24
dolphin/DayZ-Expansion-AI-Dynamic/Scripts/5_Mission/modules\expansionrespawnhandlermodule.c:12
SCRIPT       : 15:27:33.078 [EXPANSION DEBUG]: [ExpansionVehicleSettings] Load existing setting file:$profile:ExpansionMod\Settings\VehicleSettings.json
SCRIPT       : 15:27:33.078 [EXPANSION DEBUG]: [ExpansionAISettings] Load existing setting file:$profile:ExpansionMod\Settings\AISettings.json
SCRIPT       : 15:27:33.078 [EXPANSION DEBUG]: [ExpansionAIPatrolSettings] Load existing setting file:$mission:expansion\settings\AIPatrolSettings.json
SCRIPT       : 15:27:33.082 [EXPANSION DEBUG]: [ExpansionBaseBuildingSettings] Load existing setting file:$mission:expansion\settings\BaseBuildingSettings.json
SCRIPT       : 15:27:33.085 [EXPANSION DEBUG]: [ExpansionRaidSettings] Load existing setting file:$profile:ExpansionMod\Settings\RaidSettings.json
SCRIPT       : 15:27:33.085 [EXPANSION DEBUG]: [ExpansionTerritorySettings] Load existing setting file:$profile:ExpansionMod\Settings\TerritorySettings.json
SCRIPT       : 15:27:33.085 [EXPANSION DEBUG]: [ExpansionChatSettings] Load existing setting file:$profile:ExpansionMod\Settings\ChatSettings.json
SCRIPT    (E): JSON ERROR dolphin/DayZ-Expansion-AI-Dynamic/Scripts/5_Mission/modules\expansionrespawnhandlermodule.c:12
SCRIPT    (E): 
JSON ERROR:
Reading variable: data
Expecting instance
Reading variable: Point
Expecting array
At index 0, Expecting instance
Reading variable: Spatial_MinCount
Expecting int
Cannot convert to int

Function: 'Error'
Stack trace:
scripts/1_Core/proto\endebug.c:92
scripts/3_Game/tools\jsonfileloader.c:29
dolphin/DayZ-Expansion-AI-Dynamic/Scripts/3_Game/settings\spatialsettings.c:51
dolphin/DayZ-Expansion-AI-Dynamic/Scripts/3_Game/settings\spatialsettings.c:414
dolphin/DayZ-Expansion-AI-Dynamic/Scripts/5_Mission/modules\spatialai.c:25
dolphin/DayZ-Expansion-AI-Dynamic/Scripts/5_Mission/modules\expansionrespawnhandlermodule.c:12
SCRIPT    (E): JSON ERROR dolphin/DayZ-Expansion-AI-Dynamic/Scripts/5_Mission/modules\expansionrespawnhandlermodule.c:12
SCRIPT    (E): 
JSON ERROR:
Reading variable: data
Expecting instance
Reading variable: Point
Expecting array
At index 0, Expecting instance
Reading variable: Spatial_MinCount
Expecting int
Cannot convert to int

Function: 'Error'
Stack trace:
scripts/1_Core/proto\endebug.c:92
scripts/3_Game/tools\jsonfileloader.c:29
dolphin/DayZ-Expansion-AI-Dynamic/Scripts/3_Game/settings\spatialsettings.c:51
dolphin/DayZ-Expansion-AI-Dynamic/Scripts/3_Game/settings\spatialsettings.c:20
dolphin/DayZ-Expansion-AI-Dynamic/Scripts/5_Mission/modules\spatialai.c:25
dolphin/DayZ-Expansion-AI-Dynamic/Scripts/5_Mission/modules\expansionrespawnhandlermodule.c:12
SCRIPT       : Spatial AI Config Error - Disabled
SCRIPT       : Expansion version: 1.8.20
SCRIPT       : [DefineTest] EXPANSIONMOD is defined
SCRIPT       : [DefineTest] EXPANSIONMODAI is defined
SCRIPT       : [DefineTest] EXPANSIONMODANIMATIONS is defined
SCRIPT       : [DefineTest] EXPANSIONMODBASEBUILDING is defined
SCRIPT       : [DefineTest] EXPANSIONMODBOOK is defined
SCRIPT       : [DefineTest] EXPANSIONMODCHAT is defined
SCRIPT       : [DefineTest] EXPANSIONMODCORE is defined
SCRIPT       : [DefineTest] EXPANSIONMODGARAGE is defined
SCRIPT       : [DefineTest] EXPANSIONMODGROUPS is defined
SCRIPT       : [DefineTest] EXPANSIONMODHARDLINE is defined
SCRIPT       : [DefineTest] EXPANSIONMODKILLFEED is defined
SCRIPT       : [DefineTest] EXPANSIONMODMAPASSETS is defined
SCRIPT       : [DefineTest] EXPANSIONMODMARKET is defined
SCRIPT       : [DefineTest] EXPANSIONMODMISSIONS is defined
SCRIPT       : [DefineTest] EXPANSIONMODNAMETAGS is defined
SCRIPT       : [DefineTest] EXPANSIONMODNAVIGATION is defined
SCRIPT       : [DefineTest] EXPANSIONMODP2PMARKET is defined
SCRIPT       : [DefineTest] EXPANSIONMODPERSONALSTORAGE is defined
SCRIPT       : [DefineTest] EXPANSIONMODQUESTS is defined
SCRIPT       : [DefineTest] EXPANSIONMODSPAWNSELECTION is defined
SCRIPT       : [DefineTest] EXPANSIONMODVEHICLE is defined
SCRIPT       : [DefineTest] EXPANSIONMODWEAPONS is defined
SCRIPT       : [DefineTest] CfgMods:
SCRIPT       : defaultAction
SCRIPT       : DayZ
SCRIPT       : DZ_Expansion_AI_Preload
SCRIPT       : DZ_Expansion_Animations_Preload
SCRIPT       : DZ_Expansion_BaseBuilding_Preload
SCRIPT       : DZ_Expansion_Book_Preload
SCRIPT       : DZ_Expansion_Chat_Preload
SCRIPT       : DZ_Expansion_Core_Preload
SCRIPT       : DZ_Expansion_Garage_Preload
SCRIPT       : DZ_Expansion_Groups_Preload
SCRIPT       : DZ_Expansion_Hardline_Preload
SCRIPT       : DZ_Expansion_KillFeed_Preload
SCRIPT       : DZ_Expansion_MapAssets_Preload
SCRIPT       : DZ_Expansion_Market_Preload
SCRIPT       : DZ_Expansion_Missions_Preload
SCRIPT       : DZ_Expansion_ModStorage_Preload
SCRIPT       : DZ_Expansion_NameTags_Preload
SCRIPT       : DZ_Expansion_Navigation_Preload
SCRIPT       : DZ_Expansion_P2PMarket_Preload
SCRIPT       : DZ_Expansion_PersonalStorage_Preload
SCRIPT       : DZ_Expansion_Preload
SCRIPT       : DZ_Expansion_Quests_Preload
SCRIPT       : DZ_Expansion_SpawnSelection_Preload
SCRIPT       : DZ_Expansion_Vehicles_Preload
SCRIPT       : DZ_Expansion_Weapons_Preload
SCRIPT       : DZ_DabsFramework
SCRIPT       : DZ_Expansion_DefineTest
SCRIPT       : DZ_Expansion_MapAssets
SCRIPT       : bliss
SCRIPT       : JM_CommunityFramework
SCRIPT       : JM_CommunityOnlineTools
SCRIPT       : PvZmoD_CustomisableZombies
SCRIPT       : BoostZombiesVisionAddon
SCRIPT       : DZ_Expansion_ModStorage
SCRIPT       : DZ_Expansion_Core
SCRIPT       : DZ_Expansion_Garage
SCRIPT       : DZ_Expansion_Groups
SCRIPT       : DZ_Expansion_Market
SCRIPT       : DZ_Expansion_Missions
SCRIPT       : DZ_Expansion_NameTags
SCRIPT       : DZ_Expansion_Navigation
SCRIPT       : DZ_Expansion_NotificationScheduler
SCRIPT       : DZ_Expansion_P2PMarket
SCRIPT       : DZ_Expansion_PersonalStorage
SCRIPT       : DZ_Expansion_PersonalStorageNew
SCRIPT       : DZ_Expansion_PlayerList
SCRIPT       : DZ_Expansion
SCRIPT       : DZ_Expansion_SpawnSelection
SCRIPT       : DZ_Expansion_VanillaFixes
SCRIPT       : DZ_Expansion_Vehicles
SCRIPT       : DZ_Expansion_Weapons
SCRIPT       : DZ_Expansion_AI
SCRIPT       : DZ_Expansion_BaseBuilding
SCRIPT       : DZ_Expansion_Book
SCRIPT       : DZ_Expansion_Chat
SCRIPT       : DZ_Expansion_Hardline
SCRIPT       : DZ_Expansion_Quests
SCRIPT       : DZ_Expansion_VirtualContainerStorage
SCRIPT       : DayZ_Expansion_AI_Dynamic
SCRIPT    (E): JSON ERROR $CurrentDir:mpmissions\Expansion.chernarusplus\init.c:99
SCRIPT    (E): 
JSON ERROR:
Reading variable: data
Expecting instance
Reading variable: Point
Expecting array
At index 0, Expecting instance
Reading variable: Spatial_MinCount
Expecting int
Cannot convert to int

Function: 'Error'
Stack trace:
scripts/1_Core/proto\endebug.c:92
scripts/3_Game/tools\jsonfileloader.c:29
dolphin/DayZ-Expansion-AI-Dynamic/Scripts/3_Game/settings\spatialsettings.c:51
dolphin/DayZ-Expansion-AI-Dynamic/Scripts/3_Game/settings\spatialsettings.c:20
dolphin/DayZ-Expansion-AI-Dynamic/Scripts/5_Mission/mission\missionserver.c:14
$CurrentDir:mpmissions\Expansion.chernarusplus\init.c:99
SCRIPT       : Spatial AI Config Error - Disabled
SCRIPT       : 15:27:33.550 [EXPANSION DEBUG]: ModStorage v5
SCRIPT       : 15:27:36.382 [EXPANSION DEBUG]: ExpansionTraderJudy<26f24020>::SetTraderObject ExpansionTraderObjectBase<4dfc7c90> <4973.928711, 9.510984, 2436.782959>
SCRIPT       : 15:27:36.382 [EXPANSION DEBUG]: LoadMissionTradersFile trader ExpansionTraderJudy<26f24020> fileName Aircraft
SCRIPT       : 15:27:36.394 [EXPANSION DEBUG]: ExpansionTraderJose<70e2b030>::SetTraderObject ExpansionTraderObjectBase<4e132530> <14353.624023, 3.326771, 13229.217773>
SCRIPT       : 15:27:36.394 [EXPANSION DEBUG]: LoadMissionTradersFile trader ExpansionTraderJose<70e2b030> fileName Boats
SCRIPT       : 15:27:36.402 [EXPANSION DEBUG]: ExpansionTraderEva<4126f800>::SetTraderObject ExpansionTraderObjectBase<3ec53a90> <14378.793945, 3.325975, 13271.585938>
SCRIPT       : 15:27:36.402 [EXPANSION DEBUG]: LoadMissionTradersFile trader ExpansionTraderEva<4126f800> fileName Fishing
SCRIPT       : 15:27:36.410 [EXPANSION DEBUG]: ExpansionTraderLewis<4e2a8020>::SetTraderObject ExpansionTraderObjectBase<4e1fa350> <1756.656372, 1.415564, 2027.359741>
SCRIPT       : 15:27:36.410 [EXPANSION DEBUG]: LoadMissionTradersFile trader ExpansionTraderLewis<4e2a8020> fileName Boats
SCRIPT       : 15:27:36.410 [EXPANSION DEBUG]: LoadMissionTradersFile trader ExpansionTraderStaticBase<26a0be40> fileName Exchange
SCRIPT       : 15:27:36.429 [EXPANSION DEBUG]: ExpansionTraderDenis<b8d97f0>::SetTraderObject ExpansionTraderObjectBase<4e3187d0> <3697.249512, 402.010010, 5977.625488>
SCRIPT       : 15:27:36.429 [EXPANSION DEBUG]: LoadMissionTradersFile trader ExpansionTraderDenis<b8d97f0> fileName Clothing
SCRIPT       : 15:27:36.445 [EXPANSION DEBUG]: ExpansionTraderMaria<4e069010>::SetTraderObject ExpansionTraderObjectBase<4e509d50> <3696.455811, 402.010010, 5980.193359>
SCRIPT       : 15:27:36.445 [EXPANSION DEBUG]: LoadMissionTradersFile trader ExpansionTraderMaria<4e069010> fileName Clothing_Accessories
SCRIPT       : 15:27:36.460 [EXPANSION DEBUG]: ExpansionTraderQuinn<4e5d1010>::SetTraderObject ExpansionTraderObjectBase<391b6cd0> <3710.121826, 402.010010, 5976.164063>
SCRIPT       : 15:27:36.460 [EXPANSION DEBUG]: LoadMissionTradersFile trader ExpansionTraderQuinn<4e5d1010> fileName Consumables
SCRIPT       : 15:27:36.476 [EXPANSION DEBUG]: ExpansionTraderNaomi<fdc362b0>::SetTraderObject ExpansionTraderObjectBase<4e814d00> <3708.786865, 402.010010, 5974.589844>
SCRIPT       : 15:27:36.476 [EXPANSION DEBUG]: LoadMissionTradersFile trader ExpansionTraderNaomi<fdc362b0> fileName Weapons
SCRIPT       : 15:27:36.492 [EXPANSION DEBUG]: ExpansionTraderSeth<de198f0>::SetTraderObject ExpansionTraderObjectBase<5505b6e0> <3710.265137, 402.010010, 5973.340820>
SCRIPT       : 15:27:36.492 [EXPANSION DEBUG]: LoadMissionTradersFile trader ExpansionTraderSeth<de198f0> fileName Attachments
SCRIPT       : 15:27:36.503 [EXPANSION DEBUG]: ExpansionTraderRolf<de062a0>::SetTraderObject ExpansionTraderObjectBase<55161430> <3698.172607, 402.010010, 5995.337402>
SCRIPT       : 15:27:36.503 [EXPANSION DEBUG]: LoadMissionTradersFile trader ExpansionTraderRolf<de062a0> fileName Vehicles
SCRIPT       : 15:27:36.523 [EXPANSION DEBUG]: ExpansionTraderIndar<ddfe680>::SetTraderObject ExpansionTraderObjectBase<551e8a00> <3714.531006, 402.138000, 5961.776367>
SCRIPT       : 15:27:36.523 [EXPANSION DEBUG]: LoadMissionTradersFile trader ExpansionTraderIndar<ddfe680> fileName Components
SCRIPT       : 15:27:36.527 [EXPANSION DEBUG]: ExpansionTraderJudy<de1d700>::SetTraderObject ExpansionTraderObjectBase<551f23c0> <3729.029541, 402.651001, 5969.476563>
SCRIPT       : 15:27:36.527 [EXPANSION DEBUG]: LoadMissionTradersFile trader ExpansionTraderJudy<de1d700> fileName Medicals
SCRIPT       : 15:27:36.531 [EXPANSION DEBUG]: ExpansionTraderNaomi<de21510>::SetTraderObject ExpansionTraderObjectBase<551faf20> <3690.062988, 402.100067, 6006.763672>
SCRIPT       : 15:27:36.531 [EXPANSION DEBUG]: LoadMissionTradersFile trader ExpansionTraderNaomi<de21510> fileName Vehicle_Parts
SCRIPT       : 15:27:36.535 [EXPANSION DEBUG]: ExpansionTraderJose<de0a0b0>::SetTraderObject ExpansionTraderObjectBase<55200a10> <3699.629883, 402.010010, 5993.970215>
SCRIPT       : 15:27:36.535 [EXPANSION DEBUG]: LoadMissionTradersFile trader ExpansionTraderJose<de0a0b0> fileName Spraycans
SCRIPT       : 15:27:36.546 [EXPANSION DEBUG]: ExpansionTraderLinda<de25320>::SetTraderObject ExpansionTraderObjectBase<553d5fa0> <3674.669922, 406.760010, 5990.390137>
SCRIPT       : 15:27:36.546 [EXPANSION DEBUG]: LoadMissionTradersFile trader ExpansionTraderLinda<de25320> fileName Special
SCRIPT       : 15:27:36.554 [EXPANSION DEBUG]: ExpansionTraderNiki<de29130>::SetTraderObject ExpansionTraderObjectBase<5552b290> <3699.030029, 402.013000, 5973.439941>
SCRIPT       : 15:27:36.554 [EXPANSION DEBUG]: LoadMissionTradersFile trader ExpansionTraderNiki<de29130> fileName BuildingSupplies
SCRIPT       : 15:27:36.562 [EXPANSION DEBUG]: ExpansionTraderFrancis<de0dec0>::SetTraderObject ExpansionTraderObjectBase<555ab110> <1153.964844, 6.463035, 2409.763184>
SCRIPT       : 15:27:36.562 [EXPANSION DEBUG]: LoadMissionTradersFile trader ExpansionTraderFrancis<de0dec0> fileName Attachments
SCRIPT       : 15:27:36.570 [EXPANSION DEBUG]: ExpansionTraderKaito<de2cf40>::SetTraderObject ExpansionTraderObjectBase<556fd0a0> <1117.021240, 5.495151, 2413.766357>
SCRIPT       : 15:27:36.570 [EXPANSION DEBUG]: LoadMissionTradersFile trader ExpansionTraderKaito<de2cf40> fileName Components
SCRIPT       : 15:27:36.578 [EXPANSION DEBUG]: ExpansionTraderCyril<de38970>::SetTraderObject ExpansionTraderObjectBase<557ae7d0> <1136.987427, 5.908522, 2439.662598>
SCRIPT       : 15:27:36.578 [EXPANSION DEBUG]: LoadMissionTradersFile trader ExpansionTraderCyril<de38970> fileName Clothing
SCRIPT       : 15:27:36.585 [EXPANSION DEBUG]: ExpansionTraderGuo<de30d50>::SetTraderObject ExpansionTraderObjectBase<5588f970> <1133.974854, 5.909700, 2442.412598>
SCRIPT       : 15:27:36.585 [EXPANSION DEBUG]: LoadMissionTradersFile trader ExpansionTraderGuo<de30d50> fileName Clothing_Accessories
SCRIPT       : 15:27:36.593 [EXPANSION DEBUG]: ExpansionTraderBoris<de34b60>::SetTraderObject ExpansionTraderObjectBase<5598b300> <1123.468262, 15.349299, 2426.316162>
SCRIPT       : 15:27:36.593 [EXPANSION DEBUG]: LoadMissionTradersFile trader ExpansionTraderBoris<de34b60> fileName Exchange
SCRIPT       : 15:27:36.593 [EXPANSION DEBUG]: ExpansionTraderLinda<55a428a0>::SetTraderObject ExpansionTraderObjectBase<55991390> <1135.892822, 5.908773, 2436.856689>
SCRIPT       : 15:27:36.593 [EXPANSION DEBUG]: LoadMissionTradersFile trader ExpansionTraderLinda<55a428a0> fileName Consumables
SCRIPT       : 15:27:36.601 [EXPANSION DEBUG]: ExpansionTraderKeiko<55a3ac80>::SetTraderObject ExpansionTraderObjectBase<55acc2f0> <1130.731689, 5.951744, 2438.009277>
SCRIPT       : 15:27:36.601 [EXPANSION DEBUG]: LoadMissionTradersFile trader ExpansionTraderKeiko<55a3ac80> fileName Medicals
SCRIPT       : 15:27:36.609 [EXPANSION DEBUG]: ExpansionTraderHelga<55a4a4c0>::SetTraderObject ExpansionTraderObjectBase<55c00ae0> <1141.654419, 5.906255, 2421.591309>
SCRIPT       : 15:27:36.609 [EXPANSION DEBUG]: LoadMissionTradersFile trader ExpansionTraderHelga<55a4a4c0> fileName Special
SCRIPT       : 15:27:36.617 [EXPANSION DEBUG]: ExpansionTraderFrida<55a33060>::SetTraderObject ExpansionTraderObjectBase<55d0d9d0> <1120.135132, 5.600746, 2417.465820>
SCRIPT       : 15:27:36.617 [EXPANSION DEBUG]: LoadMissionTradersFile trader ExpansionTraderFrida<55a33060> fileName Vehicles
SCRIPT       : 15:27:36.625 [EXPANSION DEBUG]: ExpansionTraderHassan<55a4e2d0>::SetTraderObject ExpansionTraderObjectBase<55d29180> <1123.977905, 5.639271, 2417.411865>
SCRIPT       : 15:27:36.625 [EXPANSION DEBUG]: LoadMissionTradersFile trader ExpansionTraderHassan<55a4e2d0> fileName Vehicle_Parts
SCRIPT       : 15:27:36.628 [EXPANSION DEBUG]: ExpansionTraderDenis<55a3ea90>::SetTraderObject ExpansionTraderObjectBase<55df0b90> <1156.719727, 6.513331, 2406.355225>
SCRIPT       : 15:27:36.628 [EXPANSION DEBUG]: LoadMissionTradersFile trader ExpansionTraderDenis<55a3ea90> fileName Weapons
SCRIPT       : 15:27:36.632 [EXPANSION DEBUG]: ExpansionTraderGabi<55a520e0>::SetTraderObject ExpansionTraderObjectBase<55e0df10> <1135.689941, 5.900000, 2423.300049>
SCRIPT       : 15:27:36.632 [EXPANSION DEBUG]: LoadMissionTradersFile trader ExpansionTraderGabi<55a520e0> fileName BuildingSupplies
SCRIPT       : 15:27:36.636 [EXPANSION DEBUG]: ExpansionTraderFrancis<55a466b0>::SetTraderObject ExpansionTraderObjectBase<55ee3af0> <11835.901367, 140.617874, 12474.744141>
SCRIPT       : 15:27:36.636 [EXPANSION DEBUG]: LoadMissionTradersFile trader ExpansionTraderFrancis<55a466b0> fileName Attachments
SCRIPT       : 15:27:36.640 [EXPANSION DEBUG]: ExpansionTraderLinda<55a36e70>::SetTraderObject ExpansionTraderObjectBase<55ee8fa0> <11856.716797, 140.565109, 12461.438477>
SCRIPT       : 15:27:36.640 [EXPANSION DEBUG]: LoadMissionTradersFile trader ExpansionTraderLinda<55a36e70> fileName Consumables
SCRIPT       : 15:27:36.644 [EXPANSION DEBUG]: ExpansionTraderCyril<55a61920>::SetTraderObject ExpansionTraderObjectBase<55eecf10> <11855.000000, 140.605103, 12466.099609>
SCRIPT       : 15:27:36.644 [EXPANSION DEBUG]: LoadMissionTradersFile trader ExpansionTraderCyril<55a61920> fileName Clothing
SCRIPT       : 15:27:36.644 [EXPANSION DEBUG]: ExpansionTraderGuo<55a5db10>::SetTraderObject ExpansionTraderObjectBase<55ef27d0> <11855.200195, 140.605103, 12470.487305>
SCRIPT       : 15:27:36.644 [EXPANSION DEBUG]: LoadMissionTradersFile trader ExpansionTraderGuo<55a5db10> fileName Clothing_Accessories
SCRIPT       : 15:27:36.648 [EXPANSION DEBUG]: ExpansionTraderKaito<55a65730>::SetTraderObject ExpansionTraderObjectBase<55ef7dc0> <11849.400391, 140.605087, 12466.200195>
SCRIPT       : 15:27:36.648 [EXPANSION DEBUG]: LoadMissionTradersFile trader ExpansionTraderKaito<55a65730> fileName Components
SCRIPT       : 15:27:36.652 [EXPANSION DEBUG]: ExpansionTraderBoris<55a69540>::SetTraderObject ExpansionTraderObjectBase<55efe210> <11858.202148, 140.615112, 12463.234375>
SCRIPT       : 15:27:36.652 [EXPANSION DEBUG]: LoadMissionTradersFile trader ExpansionTraderBoris<55a69540> fileName Exchange
SCRIPT       : 15:27:36.652 [EXPANSION DEBUG]: ExpansionTraderKeiko<55a55ef0>::SetTraderObject ExpansionTraderObjectBase<58d5f940> <11853.218750, 140.605087, 12463.277344>
SCRIPT       : 15:27:36.652 [EXPANSION DEBUG]: LoadMissionTradersFile trader ExpansionTraderKeiko<55a55ef0> fileName Medicals
SCRIPT       : 15:27:36.656 [EXPANSION DEBUG]: ExpansionTraderGabi<55a6d350>::SetTraderObject ExpansionTraderObjectBase<58d66b00> <11833.200195, 140.605118, 12461.700195>
SCRIPT       : 15:27:36.656 [EXPANSION DEBUG]: LoadMissionTradersFile trader ExpansionTraderGabi<55a6d350> fileName Special
SCRIPT       : 15:27:36.664 [EXPANSION DEBUG]: ExpansionTraderElias<55a59d00>::SetTraderObject ExpansionTraderObjectBase<58e20380> <11877.799805, 140.134796, 12441.599609>
SCRIPT       : 15:27:36.664 [EXPANSION DEBUG]: LoadMissionTradersFile trader ExpansionTraderElias<55a59d00> fileName Vehicles
SCRIPT       : 15:27:36.664 [EXPANSION DEBUG]: ExpansionTraderHassan<58e558b0>::SetTraderObject ExpansionTraderObjectBase<58e25970> <11878.674805, 140.134796, 12424.302734>
SCRIPT       : 15:27:36.664 [EXPANSION DEBUG]: LoadMissionTradersFile trader ExpansionTraderHassan<58e558b0> fileName Vehicle_Parts
SCRIPT       : 15:27:36.667 [EXPANSION DEBUG]: ExpansionTraderDenis<58e49e80>::SetTraderObject ExpansionTraderObjectBase<58e2add0> <11833.576172, 140.605072, 12469.492188>
SCRIPT       : 15:27:36.667 [EXPANSION DEBUG]: LoadMissionTradersFile trader ExpansionTraderDenis<58e49e80> fileName Weapons
SCRIPT       : 15:27:36.671 [EXPANSION DEBUG]: ExpansionTraderLinda<58e46070>::SetTraderObject ExpansionTraderObjectBase<58e30280> <11852.194336, 140.660980, 12472.387695>
SCRIPT       : 15:27:36.671 [EXPANSION DEBUG]: LoadMissionTradersFile trader ExpansionTraderLinda<58e46070> fileName BuildingSupplies
SCRIPT       : 15:27:36.679 [EXPANSION DEBUG]: ExpansionTraderManua<58e612e0>::SetTraderObject ExpansionTraderObjectBase<58f224d0> <11879.722656, 140.094788, 12435.959961>
SCRIPT       : 15:27:36.679 [EXPANSION DEBUG]: LoadMissionTradersFile trader ExpansionTraderManua<58e612e0> fileName Spraycans
SCRIPT       : 15:27:36.687 [EXPANSION DEBUG]: ExpansionTraderIrena<58e68f00>::SetTraderObject ExpansionTraderObjectBase<58ff3500> <12160.279297, 140.580765, 12689.783203>
SCRIPT       : 15:27:36.687 [EXPANSION DEBUG]: LoadMissionTradersFile trader ExpansionTraderIrena<58e68f00> fileName Aircraft
SCRIPT       : [ExpansionQuestPersistentServerData] Load existing configuration file:$profile:ExpansionMod\Quests\PersistentServerData.json
SCRIPT       : [ExpansionQuestPersistentServerData] Load existing configuration file:$profile:ExpansionMod\Quests\PersistentServerData.json
SCRIPT       : [ExpansionQuestObjectiveTravelConfig] Load existing configuration file:$profile:ExpansionMod\Quests\Objectives\Travel\Objective_T_1.json
SCRIPT       : [ExpansionQuestObjectiveTravelConfig] Load existing configuration file:$profile:ExpansionMod\Quests\Objectives\Travel\Objective_T_2.json
SCRIPT       : [ExpansionQuestObjectiveTravelConfig] Load existing configuration file:$profile:ExpansionMod\Quests\Objectives\Travel\Objective_T_3.json
SCRIPT       : [ExpansionQuestObjectiveTravelConfig] Load existing configuration file:$profile:ExpansionMod\Quests\Objectives\Travel\Objective_T_4.json
SCRIPT       : [ExpansionQuestObjectiveTargetConfig] Load existing configuration file:$profile:ExpansionMod\Quests\Objectives\Target\Objective_TA_1.json
SCRIPT       : [ExpansionQuestObjectiveTargetConfig] Load existing configuration file:$profile:ExpansionMod\Quests\Objectives\Target\Objective_TA_2.json
SCRIPT       : [ExpansionQuestObjectiveTargetConfig] Load existing configuration file:$profile:ExpansionMod\Quests\Objectives\Target\Objective_TA_3.json
SCRIPT       : [ExpansionQuestObjectiveTargetConfig] Load existing configuration file:$profile:ExpansionMod\Quests\Objectives\Target\Objective_TA_4.json
SCRIPT       : [ExpansionQuestObjectiveDeliveryConfig] Load existing configuration file:$profile:ExpansionMod\Quests\Objectives\Delivery\Objective_D_1.json
SCRIPT       : [ExpansionQuestObjectiveDeliveryConfig] Load existing configuration file:$profile:ExpansionMod\Quests\Objectives\Delivery\Objective_D_2.json
SCRIPT       : [ExpansionQuestObjectiveCollectionConfig] Load existing configuration file:$profile:ExpansionMod\Quests\Objectives\Collection\Objective_C_1.json
SCRIPT       : [ExpansionQuestObjectiveCollectionConfig] Load existing configuration file:$profile:ExpansionMod\Quests\Objectives\Collection\Objective_C_2.json
SCRIPT       : [ExpansionQuestObjectiveCollectionConfig] Load existing configuration file:$profile:ExpansionMod\Quests\Objectives\Collection\Objective_C_3.json
SCRIPT       : [ExpansionQuestObjectiveTreasureHuntConfig] Load existing configuration file:$profile:ExpansionMod\Quests\Objectives\TreasureHunt\Objective_TH_1.json
SCRIPT       : [ExpansionQuestObjectiveActionConfig] Load existing configuration file:$profile:ExpansionMod\Quests\Objectives\Action\Objective_A_1.json
SCRIPT       : [ExpansionQuestObjectiveActionConfig] Load existing configuration file:$profile:ExpansionMod\Quests\Objectives\Action\Objective_A_2.json
SCRIPT       : [ExpansionQuestObjectiveCraftingConfig] Load existing configuration file:$profile:ExpansionMod\Quests\Objectives\Crafting\Objective_CR_1.json
SCRIPT       : [ExpansionQuestObjectiveAIPatrolConfig] Load existing configuration file:$profile:ExpansionMod\Quests\Objectives\AIPatrol\Objective_AIP_1.json
SCRIPT       : [ExpansionQuestObjectiveAICampConfig] Load existing configuration file:$profile:ExpansionMod\Quests\Objectives\AICamp\Objective_AIC_1.json
SCRIPT       : [ExpansionQuestObjectiveAIEscortConfig] Load existing configuration file:$profile:ExpansionMod\Quests\Objectives\AIVIP\Objective_AIESCORT_1.json
SCRIPT       : [ExpansionQuestNPCData] Load existing configuration file:QuestNPC_1.json
SCRIPT       : [ExpansionQuestNPCData] Load existing configuration file:QuestNPC_2.json
SCRIPT       : [ExpansionQuestNPCData] Load existing configuration file:QuestNPC_3.json
SCRIPT       : 15:27:50.722 [EXPANSION DEBUG]: ExpansionP2PTraderAIIrena<3bf8020>::SetP2PTraderID - ID: 1
SCRIPT       : ExpansionZonePolygon<be4b4db0> position=<12015.854492, 0.000000, 12591.097656> radius=419.633
SCRIPT       : ExpansionZoneCircle<3ae4e20> position=<1143.140015, 0.000000, 2423.270020> radius=700
SCRIPT       : ExpansionZoneCircle<3ae3ec0> position=<3728.270020, 0.000000, 6003.600098> radius=500
SCRIPT       : Found 3 zones!
SCRIPT       : ExpansionMarketItem marketItem = ExpansionMarketItem<2d44c290>
SCRIPT       : int worth =   1
SCRIPT       : 15:27:50.789 [EXPANSION DEBUG]: ExpansionQuestNPCAIDenis<279a040>::OnEnterSafeZone
SCRIPT       : bool m_Expansion_LeavingSafeZone = 0
SCRIPT       : bool m_Expansion_IsInSafeZone = 0
SCRIPT       : bool m_Expansion_IsInSafeZoneSynchRemote = 0
SCRIPT       : 15:27:50.789 [EXPANSION DEBUG]: ExpansionP2PTraderAIIrena<3bf8020>::OnEnterSafeZone
SCRIPT       : bool m_Expansion_LeavingSafeZone = 0
SCRIPT       : bool m_Expansion_IsInSafeZone = 0
SCRIPT       : bool m_Expansion_IsInSafeZoneSynchRemote = 0
SCRIPT       : [emote] ExpansionP2PTraderAIIrena:043 play emote id=46 IH=null
SCRIPT       : 15:27:52.277 [EXPANSION DEBUG]: ExpansionItemSpawnHelper::Clone - created AugShort:030748 at location { type=HANDS item=AugShort:030657 parent=ExpansionQuestNPCAIDenis:044 }
SCRIPT       : 15:27:52.277 [EXPANSION DEBUG]: ExpansionItemSpawnHelper::Clone - created Mag_Aug_30Rnd:030749 at location { type=ATTACHMENT item=null parent=AugShort:030748 slot=magazine }
SCRIPT       : 15:27:52.277 [EXPANSION DEBUG]: ExpansionItemSpawnHelper::Clone - created AugOptic:030750 at location { type=ATTACHMENT item=null parent=AugShort:030748 slot=weaponOpticsAug }
SCRIPT       : [emote] ExpansionQuestNPCAIDenis:044 play emote id=46 IH=AugShort:030748
SCRIPT       : 15:27:53.343 [EXPANSION DEBUG]: ExpansionItemSpawnHelper::Clone - created PP19:030658 at location { type=HANDS item=PP19:030671 parent=ExpansionQuestNPCAIElias:045 }
SCRIPT       : 15:27:53.343 [EXPANSION DEBUG]: ExpansionItemSpawnHelper::Clone - created PP19_Bttstck:030657 at location { type=ATTACHMENT item=null parent=PP19:030658 slot=weaponButtstockPP19 }
SCRIPT       : 15:27:53.343 [EXPANSION DEBUG]: ExpansionItemSpawnHelper::Clone - created Mag_PP19_64Rnd:030747 at location { type=ATTACHMENT item=null parent=PP19:030658 slot=magazine }
SCRIPT       : [emote] ExpansionQuestNPCAIElias:045 play emote id=14 IH=PP19:030658
SCRIPT       : 15:28:27.156 [EXPANSION DEBUG]: ExpansionHardlineModule<70c37570> ::LoadPlayerData - Loaded player hardline data for player Blorpus9000[3I2KPiMwtNrbRzLe964-q3OrI2Ligr9LBcsFxmVIl3Q=]
SCRIPT       : 15:28:39.511 [EXPANSION DEBUG]: ExpansionQuestModule<739ec060> Sending 21 quest configs to client with UID: 3I2KPiMwtNrbRzLe964-q3OrI2Ligr9LBcsFxmVIl3Q=
SCRIPT       : 15:28:39.511 [EXPANSION DEBUG]: ExpansionQuestModule<739ec060> Sending player quest data for 4 quests to player with UID: 3I2KPiMwtNrbRzLe964-q3OrI2Ligr9LBcsFxmVIl3Q=
SCRIPT       : [Logout]: New player 3I2KPiMwtNrbRzLe964-q3OrI2Ligr9LBcsFxmVIl3Q= with logout time 3
SCRIPT       : [emote] SurvivorM_Cyril:046 play emote id=14 IH=null
SCRIPT       : 15:29:10.558 [EXPANSION DEBUG]: ExpansionQuestPersistentData<13774c20> ~ExpansionQuestPersistentData (4)
SCRIPT       : [Logout]: Player 3I2KPiMwtNrbRzLe964-q3OrI2Ligr9LBcsFxmVIl3Q= finished
