---------------------------------------------
Log C:\Program Files (x86)\Steam\steamapps\common\DayZServerAug2\config\script_2023-08-08_18-33-37.log started at 08.08. 18:33:37

SCRIPT       : Registered 397 temporary action enum(s), UAN==397
SCRIPT       : Registering faction type eAIFactionShamans ID -1484989417
SCRIPT       : Registering faction type eAIFactionObservers ID -563736721
SCRIPT       : Registering faction type eAIFactionInvincibleObservers ID -1227299746
SCRIPT       : Registering faction type eAIFactionEast ID 90522109
SCRIPT       : Registering faction type eAIFactionGuards ID 963933710
SCRIPT       : Registering faction type eAIFactionRaiders ID 1535276022
SCRIPT       : Registering faction type eAIFactionMercenaries ID 1629891834
SCRIPT       : Registering faction type eAIFactionWest ID 113880155
SCRIPT       : Registering faction type eAIFactionCivilian ID 1096178351
SCRIPT       : Registering faction type eAIFactionPassive ID -1159399789
SCRIPT       : Registering faction type eAIFactionInvincibleGuards ID 782746017
SCRIPT       : ... Backlit Effects Enabled
SCRIPT       : 18:33:38 [EXPANSION LOG]: DayZGame<ca3b8690> Start time (local time) 2023-08-08 18:33:34
SCRIPT       : 18:33:38 [EXPANSION LOG]: DayZGame<ca3b8690> Start time (UTC) 2023-08-08 23:33:34
SCRIPT       : 18:33:38 [EXPANSION LOG]: DayZGame<ca3b8690> Runtime since start (seconds) 4.527
SCRIPT    (W): @"JM/COT/Scripts/4_World/communityonlinetools\classes\webhook\jmwebhookdiscordmessage.c,19": Possible variable name conflict 'username'
SCRIPT    (W): @"JM/COT/Scripts/4_World/communityonlinetools\classes\webhook\jmwebhookdiscordmessage.c,19": Possible variable name conflict 'avatar_url'
SCRIPT    (W): @"JM/COT/Scripts/4_World/communityonlinetools\classes\webhook\jmwebhookdiscordmessage.c,19": Possible variable name conflict 'content'
SCRIPT    (W): @"JM/COT/Scripts/4_World/communityonlinetools\classes\webhook\jmwebhookdiscordmessage.c,151": Possible variable name conflict 'url'
SCRIPT    (W): @"JM/COT/Scripts/4_World/communityonlinetools\classes\webhook\jmwebhookdiscordmessage.c,172": Possible variable name conflict 'url'
SCRIPT    (W): @"JM/COT/Scripts/4_World/communityonlinetools\classes\webhook\jmwebhookdiscordmessage.c,180": Possible variable name conflict 'url'
SCRIPT       : Expansion version: 1.8.20
SCRIPT       : 18:33:52.539 [EXPANSION DEBUG]: [ExpansionDebugSettings] Load existing setting file:$profile:ExpansionMod\Settings\DebugSettings.json
SCRIPT       : 18:33:52.539 [EXPANSION DEBUG]: [ExpansionLogSettings] Load existing setting file:$profile:ExpansionMod\Settings\LogsSettings.json
SCRIPT       : 18:33:52.539 [EXPANSION DEBUG]: [ExpansionNotificationSettings] Load existing setting file:$profile:ExpansionMod\Settings\NotificationSettings.json
SCRIPT       : 18:33:52.539 [EXPANSION DEBUG]: [ExpansionMonitoringSettings] Load existing setting file:$profile:ExpansionMod\Settings\MonitoringSettings.json
SCRIPT       : 18:33:52.539 [EXPANSION DEBUG]: [ExpansionDamageSystemSettings] Load existing setting file:$profile:ExpansionMod\Settings\DamageSystemSettings.json
SCRIPT       : 18:33:52.539 [EXPANSION DEBUG]: [ExpansionPartySettings] Load existing setting file:$profile:ExpansionMod\Settings\PartySettings.json
SCRIPT       : 18:33:52.539 [EXPANSION DEBUG]: [ExpansionHardlineSettings] Load existing setting file:$mission:expansion\settings\HardlineSettings.json
SCRIPT       : 18:33:52.539 [EXPANSION DEBUG]: [ExpansionMarketSettings] Load existing setting file:$mission:expansion\settings\MarketSettings.json
SCRIPT       : ExpansionMarketSettings::LoadCategories - Adding category ID 1 (Ammo)
SCRIPT       : ExpansionMarketSettings::LoadCategories - Adding category ID 2 (Ammo_Boxes)
SCRIPT       : ExpansionMarketSettings::LoadCategories - Adding category ID 3 (Armbands)
SCRIPT       : ExpansionMarketSettings::LoadCategories - Adding category ID 4 (Assault_Rifles)
SCRIPT       : ExpansionMarketSettings::LoadCategories - Adding category ID 5 (Backpacks)
SCRIPT       : ExpansionMarketSettings::LoadCategories - Adding category ID 6 (Bandanas)
SCRIPT       : ExpansionMarketSettings::LoadCategories - Adding category ID 7 (Batteries)
SCRIPT       : ExpansionMarketSettings::LoadCategories - Adding category ID 8 (Bayonets)
SCRIPT       : ExpansionMarketSettings::LoadCategories - Adding category ID 9 (Belts)
SCRIPT       : ExpansionMarketSettings::LoadCategories - Adding category ID 10 (Blouses_And_Suits)
SCRIPT       : ExpansionMarketSettings::LoadCategories - Adding category ID 11 (Boats)
SCRIPT       : ExpansionMarketSettings::LoadCategories - Adding category ID 12 (Boots_And_Shoes)
SCRIPT       : ExpansionMarketSettings::LoadCategories - Adding category ID 13 (Buttstocks)
SCRIPT       : ExpansionMarketSettings::LoadCategories - Adding category ID 14 (Caps)
SCRIPT       : ExpansionMarketSettings::LoadCategories - Adding category ID 15 (Cars)
SCRIPT       : ExpansionMarketSettings::LoadCategories - Adding category ID 16 (Coats_And_Jackets)
SCRIPT       : ExpansionMarketSettings::LoadCategories - Adding category ID 17 (Containers)
SCRIPT       : ExpansionMarketSettings::LoadCategories - Adding category ID 18 (Crossbows)
SCRIPT       : ExpansionMarketSettings::LoadCategories - Adding category ID 19 (Drinks)
SCRIPT       : ExpansionMarketSettings::LoadCategories - Adding category ID 20 (Electronics)
SCRIPT       : ExpansionMarketSettings::LoadCategories - Adding category ID 21 (Event)
SCRIPT       : ExpansionMarketSettings::LoadCategories - Adding category ID 22 (Exchange)
SCRIPT       : ExpansionMarketSettings::LoadCategories - Adding category ID 23 (Explosives_And_Grenades)
SCRIPT       : ExpansionMarketSettings::LoadCategories - Adding category ID 24 (Eyewear)
SCRIPT       : ExpansionMarketSettings::LoadCategories - Adding category ID 25 (Fish)
SCRIPT       : ExpansionMarketSettings::LoadCategories - Adding category ID 26 (Fishing)
SCRIPT       : ExpansionMarketSettings::LoadCategories - Adding category ID 27 (Flags)
SCRIPT       : ExpansionMarketSettings::LoadCategories - Adding category ID 28 (Food)
SCRIPT       : ExpansionMarketSettings::LoadCategories - Adding category ID 29 (Fruit_And_Vegetables)
SCRIPT       : ExpansionMarketSettings::LoadCategories - Adding category ID 30 (Furnishings)
SCRIPT       : ExpansionMarketSettings::LoadCategories - Adding category ID 31 (Gardening)
SCRIPT       : ExpansionMarketSettings::LoadCategories - Adding category ID 32 (Ghillies)
SCRIPT       : ExpansionMarketSettings::LoadCategories - Adding category ID 33 (Gloves)
SCRIPT       : ExpansionMarketSettings::LoadCategories - Adding category ID 34 (Handguards)
SCRIPT       : ExpansionMarketSettings::LoadCategories - Adding category ID 35 (Hats_And_Hoods)
SCRIPT       : ExpansionMarketSettings::LoadCategories - Adding category ID 36 (Helicopters)
SCRIPT       : ExpansionMarketSettings::LoadCategories - Adding category ID 37 (Helmets)
SCRIPT       : ExpansionMarketSettings::LoadCategories - Adding category ID 38 (Holsters_And_Pouches)
SCRIPT       : ExpansionMarketSettings::LoadCategories - Adding category ID 39 (Kits)
SCRIPT       : ExpansionMarketSettings::LoadCategories - Adding category ID 40 (Knifes)
SCRIPT       : ExpansionMarketSettings::LoadCategories - Adding category ID 41 (Launchers)
SCRIPT       : ExpansionMarketSettings::LoadCategories - Adding category ID 42 (Lights)
SCRIPT       : ExpansionMarketSettings::LoadCategories - Adding category ID 43 (Liquids)
SCRIPT       : ExpansionMarketSettings::LoadCategories - Adding category ID 44 (Locks)
SCRIPT       : ExpansionMarketSettings::LoadCategories - Adding category ID 45 (Magazines)
SCRIPT       : ExpansionMarketSettings::LoadCategories - Adding category ID 46 (Masks)
SCRIPT       : ExpansionMarketSettings::LoadCategories - Adding category ID 47 (Meat)
SCRIPT       : ExpansionMarketSettings::LoadCategories - Adding category ID 48 (Medical)
SCRIPT       : ExpansionMarketSettings::LoadCategories - Adding category ID 49 (Melee_Weapons)
SCRIPT       : ExpansionMarketSettings::LoadCategories - Adding category ID 50 (Muzzles)
SCRIPT       : ExpansionMarketSettings::LoadCategories - Adding category ID 51 (Navigation)
SCRIPT       : ExpansionMarketSettings::LoadCategories - Adding category ID 52 (Optics)
SCRIPT       : ExpansionMarketSettings::LoadCategories - Adding category ID 53 (Pants_And_Shorts)
SCRIPT       : ExpansionMarketSettings::LoadCategories - Adding category ID 54 (Pistols)
SCRIPT       : ExpansionMarketSettings::LoadCategories - Adding category ID 55 (Rifles)
SCRIPT       : ExpansionMarketSettings::LoadCategories - Adding category ID 56 (Shirts_And_TShirts)
SCRIPT       : ExpansionMarketSettings::LoadCategories - Adding category ID 57 (Shotguns)
SCRIPT       : ExpansionMarketSettings::LoadCategories - Adding category ID 58 (Skirts_And_Dresses)
SCRIPT       : ExpansionMarketSettings::LoadCategories - Adding category ID 59 (Sniper_Rifles)
SCRIPT       : ExpansionMarketSettings::LoadCategories - Adding category ID 60 (Spraycans)
SCRIPT       : ExpansionMarketSettings::LoadCategories - Adding category ID 61 (Submachine_Guns)
SCRIPT       : ExpansionMarketSettings::LoadCategories - Adding category ID 62 (Supplies)
SCRIPT       : ExpansionMarketSettings::LoadCategories - Adding category ID 63 (Sweaters_And_Hoodies)
SCRIPT       : ExpansionMarketSettings::LoadCategories - Adding category ID 64 (Tents)
SCRIPT       : ExpansionMarketSettings::LoadCategories - Adding category ID 65 (Tools)
SCRIPT       : ExpansionMarketSettings::LoadCategories - Adding category ID 66 (Vehicle_Parts)
SCRIPT       : ExpansionMarketSettings::LoadCategories - Adding category ID 67 (Vests)
SCRIPT       : 18:33:52.656 [EXPANSION DEBUG]: [ExpansionAirdropSettings] Load existing setting file:$profile:ExpansionMod\Settings\AirdropSettings.json
SCRIPT       : 18:33:52.773 [EXPANSION DEBUG]: [ExpansionMissionSettings] Load existing setting file:$profile:ExpansionMod\Settings\MissionSettings.json
SCRIPT       : 18:33:52.773 [EXPANSION DEBUG]: [ExpansionMapSettings] Load existing setting file:$mission:expansion\settings\MapSettings.json
SCRIPT       : 18:33:52.789 [EXPANSION DEBUG]: [ExpansionPersonalStorageNewSettings] Load existing setting file:$profile:ExpansionMod\Settings\PersonalStorageNewSettings.json
SCRIPT       : 18:33:52.789 [EXPANSION DEBUG]: [ExpansionGeneralSettings] Load existing setting file:$profile:ExpansionMod\Settings\GeneralSettings.json
SCRIPT       : 18:33:52.789 [EXPANSION DEBUG]: [ExpansionPlayerListSettings] Load existing setting file:$profile:ExpansionMod\Settings\PlayerListSettings.json
SCRIPT       : 18:33:52.789 [EXPANSION DEBUG]: [ExpansionSocialMediaSettings] Load existing setting file:$profile:ExpansionMod\Settings\SocialMediaSettings.json
SCRIPT       : 18:33:52.789 [EXPANSION DEBUG]: [ExpansionSpawnSettings] Load existing setting file:$mission:expansion\settings\SpawnSettings.json
SCRIPT       : 18:33:52.796 [EXPANSION DEBUG]: [ExpansionVehicleSettings] Load existing setting file:$profile:ExpansionMod\Settings\VehicleSettings.json
SCRIPT       : 18:33:52.796 [EXPANSION DEBUG]: [ExpansionAISettings] Load existing setting file:$profile:ExpansionMod\Settings\AISettings.json
SCRIPT       : 18:33:52.796 [EXPANSION DEBUG]: [ExpansionAIPatrolSettings] Load existing setting file:$mission:expansion\settings\AIPatrolSettings.json
SCRIPT       : 18:33:52.796 [EXPANSION DEBUG]: [ExpansionBaseBuildingSettings] Load existing setting file:$mission:expansion\settings\BaseBuildingSettings.json
SCRIPT       : 18:33:52.796 [EXPANSION DEBUG]: [ExpansionRaidSettings] Load existing setting file:$profile:ExpansionMod\Settings\RaidSettings.json
SCRIPT       : 18:33:52.796 [EXPANSION DEBUG]: [ExpansionTerritorySettings] Load existing setting file:$profile:ExpansionMod\Settings\TerritorySettings.json
SCRIPT       : 18:33:52.804 [EXPANSION DEBUG]: [ExpansionChatSettings] Load existing setting file:$profile:ExpansionMod\Settings\ChatSettings.json
SCRIPT       : [DefineTest] EXPANSIONMOD is defined
SCRIPT       : [DefineTest] EXPANSIONMODAI is defined
SCRIPT       : [DefineTest] EXPANSIONMODANIMATIONS is defined
SCRIPT       : [DefineTest] EXPANSIONMODBASEBUILDING is defined
SCRIPT       : [DefineTest] EXPANSIONMODBOOK is defined
SCRIPT       : [DefineTest] EXPANSIONMODCHAT is defined
SCRIPT       : [DefineTest] EXPANSIONMODCORE is defined
SCRIPT       : [DefineTest] EXPANSIONMODGARAGE is defined
SCRIPT       : [DefineTest] EXPANSIONMODGROUPS is defined
SCRIPT       : [DefineTest] EXPANSIONMODHARDLINE is defined
SCRIPT       : [DefineTest] EXPANSIONMODKILLFEED is defined
SCRIPT       : [DefineTest] EXPANSIONMODMAPASSETS is defined
SCRIPT       : [DefineTest] EXPANSIONMODMARKET is defined
SCRIPT       : [DefineTest] EXPANSIONMODMISSIONS is defined
SCRIPT       : [DefineTest] EXPANSIONMODNAMETAGS is defined
SCRIPT       : [DefineTest] EXPANSIONMODNAVIGATION is defined
SCRIPT       : [DefineTest] EXPANSIONMODP2PMARKET is defined
SCRIPT       : [DefineTest] EXPANSIONMODPERSONALSTORAGE is defined
SCRIPT       : [DefineTest] EXPANSIONMODQUESTS is defined
SCRIPT       : [DefineTest] EXPANSIONMODSPAWNSELECTION is defined
SCRIPT       : [DefineTest] EXPANSIONMODVEHICLE is defined
SCRIPT       : [DefineTest] EXPANSIONMODWEAPONS is defined
SCRIPT       : [DefineTest] CfgMods:
SCRIPT       : defaultAction
SCRIPT       : DayZ
SCRIPT       : DZ_Expansion_AI_Preload
SCRIPT       : DZ_Expansion_Animations_Preload
SCRIPT       : DZ_Expansion_BaseBuilding_Preload
SCRIPT       : DZ_Expansion_Book_Preload
SCRIPT       : DZ_Expansion_Chat_Preload
SCRIPT       : DZ_Expansion_Core_Preload
SCRIPT       : DZ_Expansion_Garage_Preload
SCRIPT       : DZ_Expansion_Groups_Preload
SCRIPT       : DZ_Expansion_Hardline_Preload
SCRIPT       : DZ_Expansion_KillFeed_Preload
SCRIPT       : DZ_Expansion_MapAssets_Preload
SCRIPT       : DZ_Expansion_Market_Preload
SCRIPT       : DZ_Expansion_Missions_Preload
SCRIPT       : DZ_Expansion_ModStorage_Preload
SCRIPT       : DZ_Expansion_NameTags_Preload
SCRIPT       : DZ_Expansion_Navigation_Preload
SCRIPT       : DZ_Expansion_P2PMarket_Preload
SCRIPT       : DZ_Expansion_PersonalStorage_Preload
SCRIPT       : DZ_Expansion_Preload
SCRIPT       : DZ_Expansion_Quests_Preload
SCRIPT       : DZ_Expansion_SpawnSelection_Preload
SCRIPT       : DZ_Expansion_Vehicles_Preload
SCRIPT       : DZ_Expansion_Weapons_Preload
SCRIPT       : DZ_DabsFramework
SCRIPT       : DZ_Expansion_DefineTest
SCRIPT       : DZ_Expansion_MapAssets
SCRIPT       : bliss
SCRIPT       : JM_CommunityFramework
SCRIPT       : JM_CommunityOnlineTools
SCRIPT       : PvZmoD_CustomisableZombies
SCRIPT       : BoostZombiesVisionAddon
SCRIPT       : DZ_Expansion_ModStorage
SCRIPT       : DZ_Expansion_Core
SCRIPT       : DZ_Expansion_Garage
SCRIPT       : DZ_Expansion_Groups
SCRIPT       : DZ_Expansion_Market
SCRIPT       : DZ_Expansion_Missions
SCRIPT       : DZ_Expansion_NameTags
SCRIPT       : DZ_Expansion_Navigation
SCRIPT       : DZ_Expansion_NotificationScheduler
SCRIPT       : DZ_Expansion_P2PMarket
SCRIPT       : DZ_Expansion_PersonalStorage
SCRIPT       : DZ_Expansion_PersonalStorageNew
SCRIPT       : DZ_Expansion_PlayerList
SCRIPT       : DZ_Expansion
SCRIPT       : DZ_Expansion_SpawnSelection
SCRIPT       : DZ_Expansion_VanillaFixes
SCRIPT       : DZ_Expansion_Vehicles
SCRIPT       : DZ_Expansion_Weapons
SCRIPT       : DZ_Expansion_AI
SCRIPT       : DZ_Expansion_BaseBuilding
SCRIPT       : DZ_Expansion_Book
SCRIPT       : DZ_Expansion_Chat
SCRIPT       : DZ_Expansion_Hardline
SCRIPT       : DZ_Expansion_Quests
SCRIPT       : DZ_Expansion_VirtualContainerStorage
SCRIPT       : DayZ_Expansion_AI_Dynamic
SCRIPT       : 18:33:53.140 [EXPANSION DEBUG]: ModStorage v5
SCRIPT       : 18:33:55.960 [EXPANSION DEBUG]: ExpansionTraderJudy<a3c56010>::SetTraderObject ExpansionTraderObjectBase<cb45af00> <4973.928711, 9.510984, 2436.782959>
SCRIPT       : 18:33:55.960 [EXPANSION DEBUG]: LoadMissionTradersFile trader ExpansionTraderJudy<a3c56010> fileName Aircraft
SCRIPT       : 18:33:55.968 [EXPANSION DEBUG]: ExpansionTraderJose<c7446040>::SetTraderObject ExpansionTraderObjectBase<cb64ba50> <14353.624023, 3.326771, 13229.217773>
SCRIPT       : 18:33:55.968 [EXPANSION DEBUG]: LoadMissionTradersFile trader ExpansionTraderJose<c7446040> fileName Boats
SCRIPT       : 18:33:55.976 [EXPANSION DEBUG]: ExpansionTraderEva<ee4fa4e0>::SetTraderObject ExpansionTraderObjectBase<cb7d5630> <14378.793945, 3.325975, 13271.585938>
SCRIPT       : 18:33:55.976 [EXPANSION DEBUG]: LoadMissionTradersFile trader ExpansionTraderEva<ee4fa4e0> fileName Fishing
SCRIPT       : 18:33:55.984 [EXPANSION DEBUG]: ExpansionTraderLewis<b1a8a490>::SetTraderObject ExpansionTraderObjectBase<cb90cca0> <1756.656372, 1.415564, 2027.359741>
SCRIPT       : 18:33:55.984 [EXPANSION DEBUG]: LoadMissionTradersFile trader ExpansionTraderLewis<b1a8a490> fileName Boats
SCRIPT       : 18:33:55.984 [EXPANSION DEBUG]: LoadMissionTradersFile trader ExpansionTraderStaticBase<94c81460> fileName Exchange
SCRIPT       : 18:33:56.000 [EXPANSION DEBUG]: ExpansionTraderDenis<cb943800>::SetTraderObject ExpansionTraderObjectBase<cb9c3310> <3697.249512, 402.010010, 5977.625488>
SCRIPT       : 18:33:56.000 [EXPANSION DEBUG]: LoadMissionTradersFile trader ExpansionTraderDenis<cb943800> fileName Clothing
SCRIPT       : 18:33:56.023 [EXPANSION DEBUG]: ExpansionTraderMaria<7ba48030>::SetTraderObject ExpansionTraderObjectBase<cbac9260> <3696.455811, 402.010010, 5980.193359>
SCRIPT       : 18:33:56.023 [EXPANSION DEBUG]: LoadMissionTradersFile trader ExpansionTraderMaria<7ba48030> fileName Clothing_Accessories
SCRIPT       : 18:33:56.031 [EXPANSION DEBUG]: ExpansionTraderQuinn<cbb0a3f0>::SetTraderObject ExpansionTraderObjectBase<d4306150> <3710.121826, 402.010010, 5976.164063>
SCRIPT       : 18:33:56.031 [EXPANSION DEBUG]: LoadMissionTradersFile trader ExpansionTraderQuinn<cbb0a3f0> fileName Consumables
SCRIPT       : 18:33:56.054 [EXPANSION DEBUG]: ExpansionTraderNaomi<d43fd010>::SetTraderObject ExpansionTraderObjectBase<d440dec0> <3708.786865, 402.010010, 5974.589844>
SCRIPT       : 18:33:56.054 [EXPANSION DEBUG]: LoadMissionTradersFile trader ExpansionTraderNaomi<d43fd010> fileName Weapons
SCRIPT       : 18:33:56.070 [EXPANSION DEBUG]: ExpansionTraderSeth<89a91360>::SetTraderObject ExpansionTraderObjectBase<d4595950> <3710.265137, 402.010010, 5973.340820>
SCRIPT       : 18:33:56.070 [EXPANSION DEBUG]: LoadMissionTradersFile trader ExpansionTraderSeth<89a91360> fileName Attachments
SCRIPT       : 18:33:56.078 [EXPANSION DEBUG]: ExpansionTraderRolf<89a760f0>::SetTraderObject ExpansionTraderObjectBase<d468edd0> <3698.172607, 402.010010, 5995.337402>
SCRIPT       : 18:33:56.078 [EXPANSION DEBUG]: LoadMissionTradersFile trader ExpansionTraderRolf<89a760f0> fileName Vehicles
SCRIPT       : 18:33:56.093 [EXPANSION DEBUG]: ExpansionTraderIndar<89a79f00>::SetTraderObject ExpansionTraderObjectBase<d4775790> <3714.531006, 402.138000, 5961.776367>
SCRIPT       : 18:33:56.093 [EXPANSION DEBUG]: LoadMissionTradersFile trader ExpansionTraderIndar<89a79f00> fileName Components
SCRIPT       : 18:33:56.101 [EXPANSION DEBUG]: ExpansionTraderJudy<89a89740>::SetTraderObject ExpansionTraderObjectBase<d47801e0> <3729.029541, 402.651001, 5969.476563>
SCRIPT       : 18:33:56.101 [EXPANSION DEBUG]: LoadMissionTradersFile trader ExpansionTraderJudy<89a89740> fileName Medicals
SCRIPT       : 18:33:56.109 [EXPANSION DEBUG]: ExpansionTraderNaomi<89a95170>::SetTraderObject ExpansionTraderObjectBase<d4788d40> <3690.062988, 402.100067, 6006.763672>
SCRIPT       : 18:33:56.109 [EXPANSION DEBUG]: LoadMissionTradersFile trader ExpansionTraderNaomi<89a95170> fileName Vehicle_Parts
SCRIPT       : 18:33:56.109 [EXPANSION DEBUG]: ExpansionTraderJose<89a98f80>::SetTraderObject ExpansionTraderObjectBase<d48bb600> <3699.629883, 402.010010, 5993.970215>
SCRIPT       : 18:33:56.109 [EXPANSION DEBUG]: LoadMissionTradersFile trader ExpansionTraderJose<89a98f80> fileName Spraycans
SCRIPT       : 18:33:56.125 [EXPANSION DEBUG]: ExpansionTraderLinda<89a7dd10>::SetTraderObject ExpansionTraderObjectBase<d4adb0d0> <3674.669922, 406.760010, 5990.390137>
SCRIPT       : 18:33:56.125 [EXPANSION DEBUG]: LoadMissionTradersFile trader ExpansionTraderLinda<89a7dd10> fileName Special
SCRIPT       : 18:33:56.132 [EXPANSION DEBUG]: ExpansionTraderNiki<89a9cd90>::SetTraderObject ExpansionTraderObjectBase<d4c453a0> <3699.030029, 402.013000, 5973.439941>
SCRIPT       : 18:33:56.132 [EXPANSION DEBUG]: LoadMissionTradersFile trader ExpansionTraderNiki<89a9cd90> fileName BuildingSupplies
SCRIPT       : 18:33:56.140 [EXPANSION DEBUG]: ExpansionTraderFrancis<89a81b20>::SetTraderObject ExpansionTraderObjectBase<d4c61eb0> <1153.964844, 6.463035, 2409.763184>
SCRIPT       : 18:33:56.140 [EXPANSION DEBUG]: LoadMissionTradersFile trader ExpansionTraderFrancis<89a81b20> fileName Attachments
SCRIPT       : 18:33:56.148 [EXPANSION DEBUG]: ExpansionTraderKaito<89aa0ba0>::SetTraderObject ExpansionTraderObjectBase<d4d221d0> <1117.021240, 5.495151, 2413.766357>
SCRIPT       : 18:33:56.148 [EXPANSION DEBUG]: LoadMissionTradersFile trader ExpansionTraderKaito<89aa0ba0> fileName Components
SCRIPT       : 18:33:56.156 [EXPANSION DEBUG]: ExpansionTraderCyril<89aa49b0>::SetTraderObject ExpansionTraderObjectBase<d4d7da80> <1136.987427, 5.908522, 2439.662598>
SCRIPT       : 18:33:56.156 [EXPANSION DEBUG]: LoadMissionTradersFile trader ExpansionTraderCyril<89aa49b0> fileName Clothing
SCRIPT       : 18:33:56.164 [EXPANSION DEBUG]: ExpansionTraderGuo<89aa87c0>::SetTraderObject ExpansionTraderObjectBase<d4e7af20> <1133.974854, 5.909700, 2442.412598>
SCRIPT       : 18:33:56.164 [EXPANSION DEBUG]: LoadMissionTradersFile trader ExpansionTraderGuo<89aa87c0> fileName Clothing_Accessories
SCRIPT       : 18:33:56.171 [EXPANSION DEBUG]: ExpansionTraderBoris<d4fa3ac0>::SetTraderObject ExpansionTraderObjectBase<d4f5e5d0> <1123.468262, 15.349299, 2426.316162>
SCRIPT       : 18:33:56.171 [EXPANSION DEBUG]: LoadMissionTradersFile trader ExpansionTraderBoris<d4fa3ac0> fileName Exchange
SCRIPT       : 18:33:56.171 [EXPANSION DEBUG]: ExpansionTraderLinda<d4f94280>::SetTraderObject ExpansionTraderObjectBase<d4f617d0> <1135.892822, 5.908773, 2436.856689>
SCRIPT       : 18:33:56.171 [EXPANSION DEBUG]: LoadMissionTradersFile trader ExpansionTraderLinda<d4f94280> fileName Consumables
SCRIPT       : 18:33:56.179 [EXPANSION DEBUG]: ExpansionTraderKeiko<d4f98090>::SetTraderObject ExpansionTraderObjectBase<d507cce0> <1130.731689, 5.951744, 2438.009277>
SCRIPT       : 18:33:56.179 [EXPANSION DEBUG]: LoadMissionTradersFile trader ExpansionTraderKeiko<d4f98090> fileName Medicals
SCRIPT       : 18:33:56.187 [EXPANSION DEBUG]: ExpansionTraderHelga<d4f88850>::SetTraderObject ExpansionTraderObjectBase<d8cfabb0> <1141.654419, 5.906255, 2421.591309>
SCRIPT       : 18:33:56.187 [EXPANSION DEBUG]: LoadMissionTradersFile trader ExpansionTraderHelga<d4f88850> fileName Special
SCRIPT       : 18:33:56.195 [EXPANSION DEBUG]: ExpansionTraderFrida<d4fa78d0>::SetTraderObject ExpansionTraderObjectBase<d8de95c0> <1120.135132, 5.600746, 2417.465820>
SCRIPT       : 18:33:56.195 [EXPANSION DEBUG]: LoadMissionTradersFile trader ExpansionTraderFrida<d4fa78d0> fileName Vehicles
SCRIPT       : 18:33:56.203 [EXPANSION DEBUG]: ExpansionTraderHassan<d4f9fcb0>::SetTraderObject ExpansionTraderObjectBase<d8ed6c10> <1123.977905, 5.639271, 2417.411865>
SCRIPT       : 18:33:56.203 [EXPANSION DEBUG]: LoadMissionTradersFile trader ExpansionTraderHassan<d4f9fcb0> fileName Vehicle_Parts
SCRIPT       : 18:33:56.203 [EXPANSION DEBUG]: ExpansionTraderDenis<d4f9bea0>::SetTraderObject ExpansionTraderObjectBase<d8edc250> <1156.719727, 6.513331, 2406.355225>
SCRIPT       : 18:33:56.203 [EXPANSION DEBUG]: LoadMissionTradersFile trader ExpansionTraderDenis<d4f9bea0> fileName Weapons
SCRIPT       : 18:33:56.210 [EXPANSION DEBUG]: ExpansionTraderGabi<d4f8c660>::SetTraderObject ExpansionTraderObjectBase<d8fc8150> <1135.689941, 5.900000, 2423.300049>
SCRIPT       : 18:33:56.210 [EXPANSION DEBUG]: LoadMissionTradersFile trader ExpansionTraderGabi<d4f8c660> fileName BuildingSupplies
SCRIPT       : 18:33:56.210 [EXPANSION DEBUG]: ExpansionTraderFrancis<d4fab6e0>::SetTraderObject ExpansionTraderObjectBase<d8fcba30> <11835.901367, 140.617874, 12474.744141>
SCRIPT       : 18:33:56.210 [EXPANSION DEBUG]: LoadMissionTradersFile trader ExpansionTraderFrancis<d4fab6e0> fileName Attachments
SCRIPT       : 18:33:56.218 [EXPANSION DEBUG]: ExpansionTraderLinda<d4f90470>::SetTraderObject ExpansionTraderObjectBase<d8fd1ed0> <11856.716797, 140.565109, 12461.438477>
SCRIPT       : 18:33:56.218 [EXPANSION DEBUG]: LoadMissionTradersFile trader ExpansionTraderLinda<d4f90470> fileName Consumables
SCRIPT       : 18:33:56.218 [EXPANSION DEBUG]: ExpansionTraderCyril<d4fb3300>::SetTraderObject ExpansionTraderObjectBase<d8fd7100> <11855.000000, 140.605103, 12466.099609>
SCRIPT       : 18:33:56.218 [EXPANSION DEBUG]: LoadMissionTradersFile trader ExpansionTraderCyril<d4fb3300> fileName Clothing
SCRIPT       : 18:33:56.218 [EXPANSION DEBUG]: ExpansionTraderGuo<d4fb7110>::SetTraderObject ExpansionTraderObjectBase<d8fdcbf0> <11855.200195, 140.605103, 12470.487305>
SCRIPT       : 18:33:56.218 [EXPANSION DEBUG]: LoadMissionTradersFile trader ExpansionTraderGuo<d4fb7110> fileName Clothing_Accessories
SCRIPT       : 18:33:56.226 [EXPANSION DEBUG]: ExpansionTraderKaito<d4fbaf20>::SetTraderObject ExpansionTraderObjectBase<bcabf5d0> <11849.400391, 140.605087, 12466.200195>
SCRIPT       : 18:33:56.226 [EXPANSION DEBUG]: LoadMissionTradersFile trader ExpansionTraderKaito<d4fbaf20> fileName Components
SCRIPT       : 18:33:56.226 [EXPANSION DEBUG]: ExpansionTraderBoris<d4fbed30>::SetTraderObject ExpansionTraderObjectBase<bcac34f0> <11858.202148, 140.615112, 12463.234375>
SCRIPT       : 18:33:56.226 [EXPANSION DEBUG]: LoadMissionTradersFile trader ExpansionTraderBoris<d4fbed30> fileName Exchange
SCRIPT       : 18:33:56.226 [EXPANSION DEBUG]: ExpansionTraderKeiko<d4fc2b40>::SetTraderObject ExpansionTraderObjectBase<bcac8180> <11853.218750, 140.605087, 12463.277344>
SCRIPT       : 18:33:56.226 [EXPANSION DEBUG]: LoadMissionTradersFile trader ExpansionTraderKeiko<d4fc2b40> fileName Medicals
SCRIPT       : 18:33:56.234 [EXPANSION DEBUG]: ExpansionTraderGabi<d4faf4f0>::SetTraderObject ExpansionTraderObjectBase<bcacdc20> <11833.200195, 140.605118, 12461.700195>
SCRIPT       : 18:33:56.234 [EXPANSION DEBUG]: LoadMissionTradersFile trader ExpansionTraderGabi<d4faf4f0> fileName Special
SCRIPT       : 18:33:56.242 [EXPANSION DEBUG]: ExpansionTraderElias<d921feb0>::SetTraderObject ExpansionTraderObjectBase<d91dd890> <11877.799805, 140.134796, 12441.599609>
SCRIPT       : 18:33:56.242 [EXPANSION DEBUG]: LoadMissionTradersFile trader ExpansionTraderElias<d921feb0> fileName Vehicles
SCRIPT       : 18:33:56.242 [EXPANSION DEBUG]: ExpansionTraderHassan<d9227ad0>::SetTraderObject ExpansionTraderObjectBase<d91e1e90> <11878.674805, 140.134796, 12424.302734>
SCRIPT       : 18:33:56.242 [EXPANSION DEBUG]: LoadMissionTradersFile trader ExpansionTraderHassan<d9227ad0> fileName Vehicle_Parts
SCRIPT       : 18:33:56.242 [EXPANSION DEBUG]: ExpansionTraderDenis<d9223cc0>::SetTraderObject ExpansionTraderObjectBase<d91e6da0> <11833.576172, 140.605072, 12469.492188>
SCRIPT       : 18:33:56.242 [EXPANSION DEBUG]: LoadMissionTradersFile trader ExpansionTraderDenis<d9223cc0> fileName Weapons
SCRIPT       : 18:33:56.250 [EXPANSION DEBUG]: ExpansionTraderLinda<d920c860>::SetTraderObject ExpansionTraderObjectBase<d91ec2f0> <11852.194336, 140.660980, 12472.387695>
SCRIPT       : 18:33:56.250 [EXPANSION DEBUG]: LoadMissionTradersFile trader ExpansionTraderLinda<d920c860> fileName BuildingSupplies
SCRIPT       : 18:33:56.257 [EXPANSION DEBUG]: ExpansionTraderManua<d922b8e0>::SetTraderObject ExpansionTraderObjectBase<d92f4880> <11879.722656, 140.094788, 12435.959961>
SCRIPT       : 18:33:56.257 [EXPANSION DEBUG]: LoadMissionTradersFile trader ExpansionTraderManua<d922b8e0> fileName Spraycans
SCRIPT       : 18:33:56.265 [EXPANSION DEBUG]: ExpansionTraderIrena<d921c0a0>::SetTraderObject ExpansionTraderObjectBase<d93cd090> <12160.279297, 140.580765, 12689.783203>
SCRIPT       : 18:33:56.265 [EXPANSION DEBUG]: LoadMissionTradersFile trader ExpansionTraderIrena<d921c0a0> fileName Aircraft
SCRIPT       : [ExpansionQuestPersistentServerData] Load existing configuration file:$profile:ExpansionMod\Quests\PersistentServerData.json
SCRIPT       : [ExpansionQuestPersistentServerData] Load existing configuration file:$profile:ExpansionMod\Quests\PersistentServerData.json
SCRIPT       : [ExpansionQuestObjectiveTravelConfig] Load existing configuration file:$profile:ExpansionMod\Quests\Objectives\Travel\Objective_T_1.json
SCRIPT       : [ExpansionQuestObjectiveTravelConfig] Load existing configuration file:$profile:ExpansionMod\Quests\Objectives\Travel\Objective_T_2.json
SCRIPT       : [ExpansionQuestObjectiveTravelConfig] Load existing configuration file:$profile:ExpansionMod\Quests\Objectives\Travel\Objective_T_3.json
SCRIPT       : [ExpansionQuestObjectiveTravelConfig] Load existing configuration file:$profile:ExpansionMod\Quests\Objectives\Travel\Objective_T_4.json
SCRIPT       : [ExpansionQuestObjectiveTargetConfig] Load existing configuration file:$profile:ExpansionMod\Quests\Objectives\Target\Objective_TA_1.json
SCRIPT       : [ExpansionQuestObjectiveTargetConfig] Load existing configuration file:$profile:ExpansionMod\Quests\Objectives\Target\Objective_TA_2.json
SCRIPT       : [ExpansionQuestObjectiveTargetConfig] Load existing configuration file:$profile:ExpansionMod\Quests\Objectives\Target\Objective_TA_3.json
SCRIPT       : [ExpansionQuestObjectiveTargetConfig] Load existing configuration file:$profile:ExpansionMod\Quests\Objectives\Target\Objective_TA_4.json
SCRIPT       : [ExpansionQuestObjectiveDeliveryConfig] Load existing configuration file:$profile:ExpansionMod\Quests\Objectives\Delivery\Objective_D_1.json
SCRIPT       : [ExpansionQuestObjectiveDeliveryConfig] Load existing configuration file:$profile:ExpansionMod\Quests\Objectives\Delivery\Objective_D_2.json
SCRIPT       : [ExpansionQuestObjectiveCollectionConfig] Load existing configuration file:$profile:ExpansionMod\Quests\Objectives\Collection\Objective_C_1.json
SCRIPT       : [ExpansionQuestObjectiveCollectionConfig] Load existing configuration file:$profile:ExpansionMod\Quests\Objectives\Collection\Objective_C_2.json
SCRIPT       : [ExpansionQuestObjectiveCollectionConfig] Load existing configuration file:$profile:ExpansionMod\Quests\Objectives\Collection\Objective_C_3.json
SCRIPT       : [ExpansionQuestObjectiveTreasureHuntConfig] Load existing configuration file:$profile:ExpansionMod\Quests\Objectives\TreasureHunt\Objective_TH_1.json
SCRIPT       : [ExpansionQuestObjectiveActionConfig] Load existing configuration file:$profile:ExpansionMod\Quests\Objectives\Action\Objective_A_1.json
SCRIPT       : [ExpansionQuestObjectiveActionConfig] Load existing configuration file:$profile:ExpansionMod\Quests\Objectives\Action\Objective_A_2.json
SCRIPT       : [ExpansionQuestObjectiveCraftingConfig] Load existing configuration file:$profile:ExpansionMod\Quests\Objectives\Crafting\Objective_CR_1.json
SCRIPT       : [ExpansionQuestObjectiveAIPatrolConfig] Load existing configuration file:$profile:ExpansionMod\Quests\Objectives\AIPatrol\Objective_AIP_1.json
SCRIPT       : [ExpansionQuestObjectiveAICampConfig] Load existing configuration file:$profile:ExpansionMod\Quests\Objectives\AICamp\Objective_AIC_1.json
SCRIPT       : [ExpansionQuestObjectiveAIEscortConfig] Load existing configuration file:$profile:ExpansionMod\Quests\Objectives\AIVIP\Objective_AIESCORT_1.json
SCRIPT       : [ExpansionQuestNPCData] Load existing configuration file:QuestNPC_1.json
SCRIPT       : [ExpansionQuestNPCData] Load existing configuration file:QuestNPC_2.json
SCRIPT       : [ExpansionQuestNPCData] Load existing configuration file:QuestNPC_3.json
SCRIPT       : 18:34:10.070 [EXPANSION DEBUG]: ExpansionP2PTraderAIIrena<852c7010>::SetP2PTraderID - ID: 1
SCRIPT       : ExpansionZonePolygon<1e22aa40> position=<12015.854492, 0.000000, 12591.097656> radius=419.633
SCRIPT       : ExpansionZoneCircle<83ee16e0> position=<1143.140015, 0.000000, 2423.270020> radius=700
SCRIPT       : ExpansionZoneCircle<83ee1da0> position=<3728.270020, 0.000000, 6003.600098> radius=500
SCRIPT       : Found 3 zones!
SCRIPT       : ExpansionMarketItem marketItem = ExpansionMarketItem<b4c74b00>
SCRIPT       : int worth =   1
SCRIPT       : 18:34:10.125 [EXPANSION DEBUG]: ExpansionQuestNPCAIDenis<85947010>::OnEnterSafeZone
SCRIPT       : bool m_Expansion_LeavingSafeZone = 0
SCRIPT       : bool m_Expansion_IsInSafeZone = 0
SCRIPT       : bool m_Expansion_IsInSafeZoneSynchRemote = 0
SCRIPT       : 18:34:10.125 [EXPANSION DEBUG]: ExpansionP2PTraderAIIrena<852c7010>::OnEnterSafeZone
SCRIPT       : bool m_Expansion_LeavingSafeZone = 0
SCRIPT       : bool m_Expansion_IsInSafeZone = 0
SCRIPT       : bool m_Expansion_IsInSafeZoneSynchRemote = 0
SCRIPT       : [emote] ExpansionP2PTraderAIIrena:043 play emote id=46 IH=null
SCRIPT       : 18:34:11.632 [EXPANSION DEBUG]: ExpansionItemSpawnHelper::Clone - created AKM:030834 at location { type=HANDS item=AKM:030736 parent=ExpansionQuestNPCAIDenis:044 }
SCRIPT       : 18:34:11.632 [EXPANSION DEBUG]: ExpansionItemSpawnHelper::Clone - created AK_WoodHndgrd:030835 at location { type=ATTACHMENT item=null parent=AKM:030834 slot=weaponHandguardAK }
SCRIPT       : 18:34:11.632 [EXPANSION DEBUG]: ExpansionItemSpawnHelper::Clone - created PSO1Optic:030836 at location { type=ATTACHMENT item=null parent=AKM:030834 slot=weaponOpticsAK }
SCRIPT       : 18:34:11.640 [EXPANSION DEBUG]: ExpansionItemSpawnHelper::Clone - created Battery9V:030837 at location { type=ATTACHMENT item=null parent=PSO1Optic:030836 slot=BatteryD }
SCRIPT       : 18:34:11.640 [EXPANSION DEBUG]: ExpansionItemSpawnHelper::Clone - created AK_WoodBttstck:030838 at location { type=ATTACHMENT item=null parent=AKM:030834 slot=weaponButtstockAK }
SCRIPT       : 18:34:11.640 [EXPANSION DEBUG]: ExpansionItemSpawnHelper::Clone - created Mag_AKM_Drum75Rnd:030839 at location { type=ATTACHMENT item=null parent=AKM:030834 slot=magazine }
SCRIPT       : [emote] ExpansionQuestNPCAIDenis:044 play emote id=46 IH=AKM:030834
SCRIPT       : 18:34:12.375 [EXPANSION DEBUG]: ExpansionItemSpawnHelper::Clone - created FAMAS:030737 at location { type=HANDS item=FAMAS:030760 parent=ExpansionQuestNPCAIElias:045 }
SCRIPT       : 18:34:12.375 [EXPANSION DEBUG]: ExpansionItemSpawnHelper::Clone - created Mag_FAMAS_25Rnd:030736 at location { type=ATTACHMENT item=null parent=FAMAS:030737 slot=magazine }
SCRIPT       : [emote] ExpansionQuestNPCAIElias:045 play emote id=14 IH=FAMAS:030737
SCRIPT       : 18:34:45.421 [EXPANSION DEBUG]: ExpansionHardlineModule<ce5287e0> ::LoadPlayerData - Loaded player hardline data for player Blorpus9000[3I2KPiMwtNrbRzLe964-q3OrI2Ligr9LBcsFxmVIl3Q=]
SCRIPT    (E): NULL pointer to instance when trying to access variable 'Reputation' (Parent instance is null)
Class:      'SurvivorBase'
Entity id:2982466

Function: 'Expansion_SaveHardlineData'
Stack trace:
DayZExpansion/Hardline/Scripts/4_World/dayzexpansion_hardline\entities\manbase\playerbase.c:36
DayZExpansion/Hardline/Scripts/4_World/dayzexpansion_hardline\entities\manbase\playerbase.c:84
$CurrentDir:mpmissions\Expansion.chernarusplus\init.c:43
scripts/5_Mission/mission\missionserver.c:281
JM/CF/Scripts/5_Mission/communityframework\mission\missionserver.c:10
scripts/3_Game/dayzgame.c:1692
DabsFramework/scripts/3_Game/dabsframework\dayzgame.c:72
JM/CF/Scripts/3_Game/communityframework\game\dayzgame.c:97
SCRIPT       : ==============Faction set=========
SCRIPT       : Blorpus9000 has been assigned to faction: eAIFactionEast<9ae7c040>
SCRIPT       : The Player belongs to: eAIGroup<9a922c90>
SCRIPT       : ==================================
SCRIPT       : 18:34:57.492 [EXPANSION DEBUG]: ExpansionQuestModule<de7cade0> Sending 21 quest configs to client with UID: 3I2KPiMwtNrbRzLe964-q3OrI2Ligr9LBcsFxmVIl3Q=
SCRIPT       : 18:34:57.492 [EXPANSION DEBUG]: ExpansionQuestModule<de7cade0> Sending player quest data for 4 quests to player with UID: 3I2KPiMwtNrbRzLe964-q3OrI2Ligr9LBcsFxmVIl3Q=
SCRIPT       : [Logout]: New player 3I2KPiMwtNrbRzLe964-q3OrI2Ligr9LBcsFxmVIl3Q= with logout time 3
SCRIPT       : [emote] SurvivorF_Irena:046 play emote id=14 IH=null
SCRIPT       : 18:35:21.429 [EXPANSION DEBUG]: ExpansionQuestPersistentData<9ae7d0d0> ~ExpansionQuestPersistentData (4)
SCRIPT       : [Logout]: Player 3I2KPiMwtNrbRzLe964-q3OrI2Ligr9LBcsFxmVIl3Q= finished
