---------------------------------------------
Log C:\Program Files (x86)\Steam\steamapps\common\DayZServerAug2\config\script_2023-08-13_13-19-22.log started at 13.08. 13:19:22

SCRIPT       : Registered 395 temporary action enum(s), UAN==395
SCRIPT       : Registering faction type eAIFactionShamans ID -1484989417
SCRIPT       : Registering faction type eAIFactionObservers ID -563736721
SCRIPT       : Registering faction type eAIFactionInvincibleObservers ID -1227299746
SCRIPT       : Registering faction type eAIFactionEast ID 90522109
SCRIPT       : Registering faction type eAIFactionGuards ID 963933710
SCRIPT       : Registering faction type eAIFactionRaiders ID 1535276022
SCRIPT       : Registering faction type eAIFactionMercenaries ID 1629891834
SCRIPT       : Registering faction type eAIFactionWest ID 113880155
SCRIPT       : Registering faction type eAIFactionCivilian ID 1096178351
SCRIPT       : Registering faction type eAIFactionPassive ID -1159399789
SCRIPT       : Registering faction type eAIFactionInvincibleGuards ID 782746017
SCRIPT       : ... Backlit Effects Enabled
SCRIPT       : 13:19:24 [EXPANSION LOG]: DayZGame<94122c40> Start time (local time) 2023-08-13 13:19:18
SCRIPT       : 13:19:24 [EXPANSION LOG]: DayZGame<94122c40> Start time (UTC) 2023-08-13 18:19:18
SCRIPT       : 13:19:24 [EXPANSION LOG]: DayZGame<94122c40> Runtime since start (seconds) 6.926
SCRIPT    (W): @"JM/COT/Scripts/4_World/communityonlinetools\classes\webhook\jmwebhookdiscordmessage.c,19": Possible variable name conflict 'username'
SCRIPT    (W): @"JM/COT/Scripts/4_World/communityonlinetools\classes\webhook\jmwebhookdiscordmessage.c,19": Possible variable name conflict 'avatar_url'
SCRIPT    (W): @"JM/COT/Scripts/4_World/communityonlinetools\classes\webhook\jmwebhookdiscordmessage.c,19": Possible variable name conflict 'content'
SCRIPT    (W): @"JM/COT/Scripts/4_World/communityonlinetools\classes\webhook\jmwebhookdiscordmessage.c,151": Possible variable name conflict 'url'
SCRIPT    (W): @"JM/COT/Scripts/4_World/communityonlinetools\classes\webhook\jmwebhookdiscordmessage.c,172": Possible variable name conflict 'url'
SCRIPT    (W): @"JM/COT/Scripts/4_World/communityonlinetools\classes\webhook\jmwebhookdiscordmessage.c,180": Possible variable name conflict 'url'
SCRIPT       : 13:19:39.265 [EXPANSION DEBUG]: [ExpansionDebugSettings] Load existing setting file:$profile:ExpansionMod\Settings\DebugSettings.json
SCRIPT       : 13:19:39.269 [EXPANSION DEBUG]: [ExpansionLogSettings] Load existing setting file:$profile:ExpansionMod\Settings\LogsSettings.json
SCRIPT       : 13:19:39.273 [EXPANSION DEBUG]: [ExpansionNotificationSettings] Load existing setting file:$profile:ExpansionMod\Settings\NotificationSettings.json
SCRIPT       : 13:19:39.277 [EXPANSION DEBUG]: [ExpansionMonitoringSettings] Load existing setting file:$profile:ExpansionMod\Settings\MonitoringSettings.json
SCRIPT       : 13:19:39.281 [EXPANSION DEBUG]: [ExpansionDamageSystemSettings] Load existing setting file:$profile:ExpansionMod\Settings\DamageSystemSettings.json
SCRIPT       : 13:19:39.285 [EXPANSION DEBUG]: [ExpansionPartySettings] Load existing setting file:$profile:ExpansionMod\Settings\PartySettings.json
SCRIPT       : 13:19:39.289 [EXPANSION DEBUG]: [ExpansionHardlineSettings] Load existing setting file:$mission:expansion\settings\HardlineSettings.json
SCRIPT       : 13:19:39.296 [EXPANSION DEBUG]: [ExpansionMarketSettings] Load existing setting file:$mission:expansion\settings\MarketSettings.json
SCRIPT       : ExpansionMarketSettings::LoadCategories - Adding category ID 1 (Ammo)
SCRIPT       : ExpansionMarketSettings::LoadCategories - Adding category ID 2 (Ammo_Boxes)
SCRIPT       : ExpansionMarketSettings::LoadCategories - Adding category ID 3 (Armbands)
SCRIPT       : ExpansionMarketSettings::LoadCategories - Adding category ID 4 (Assault_Rifles)
SCRIPT       : ExpansionMarketSettings::LoadCategories - Adding category ID 5 (Backpacks)
SCRIPT       : ExpansionMarketSettings::LoadCategories - Adding category ID 6 (Bandanas)
SCRIPT       : ExpansionMarketSettings::LoadCategories - Adding category ID 7 (Batteries)
SCRIPT       : ExpansionMarketSettings::LoadCategories - Adding category ID 8 (Bayonets)
SCRIPT       : ExpansionMarketSettings::LoadCategories - Adding category ID 9 (Belts)
SCRIPT       : ExpansionMarketSettings::LoadCategories - Adding category ID 10 (Blouses_And_Suits)
SCRIPT       : ExpansionMarketSettings::LoadCategories - Adding category ID 11 (Boats)
SCRIPT       : ExpansionMarketSettings::LoadCategories - Adding category ID 12 (Boots_And_Shoes)
SCRIPT       : ExpansionMarketSettings::LoadCategories - Adding category ID 13 (Buttstocks)
SCRIPT       : ExpansionMarketSettings::LoadCategories - Adding category ID 14 (Caps)
SCRIPT       : ExpansionMarketSettings::LoadCategories - Adding category ID 15 (Cars)
SCRIPT       : ExpansionMarketSettings::LoadCategories - Adding category ID 16 (Coats_And_Jackets)
SCRIPT       : ExpansionMarketSettings::LoadCategories - Adding category ID 17 (Containers)
SCRIPT       : ExpansionMarketSettings::LoadCategories - Adding category ID 18 (Crossbows)
SCRIPT       : ExpansionMarketSettings::LoadCategories - Adding category ID 19 (Drinks)
SCRIPT       : ExpansionMarketSettings::LoadCategories - Adding category ID 20 (Electronics)
SCRIPT       : ExpansionMarketSettings::LoadCategories - Adding category ID 21 (Event)
SCRIPT       : ExpansionMarketSettings::LoadCategories - Adding category ID 22 (Exchange)
SCRIPT       : ExpansionMarketSettings::LoadCategories - Adding category ID 23 (Explosives_And_Grenades)
SCRIPT       : ExpansionMarketSettings::LoadCategories - Adding category ID 24 (Eyewear)
SCRIPT       : ExpansionMarketSettings::LoadCategories - Adding category ID 25 (Fish)
SCRIPT       : ExpansionMarketSettings::LoadCategories - Adding category ID 26 (Fishing)
SCRIPT       : ExpansionMarketSettings::LoadCategories - Adding category ID 27 (Flags)
SCRIPT       : ExpansionMarketSettings::LoadCategories - Adding category ID 28 (Food)
SCRIPT       : ExpansionMarketSettings::LoadCategories - Adding category ID 29 (Fruit_And_Vegetables)
SCRIPT       : ExpansionMarketSettings::LoadCategories - Adding category ID 30 (Furnishings)
SCRIPT       : ExpansionMarketSettings::LoadCategories - Adding category ID 31 (Gardening)
SCRIPT       : ExpansionMarketSettings::LoadCategories - Adding category ID 32 (Ghillies)
SCRIPT       : ExpansionMarketSettings::LoadCategories - Adding category ID 33 (Gloves)
SCRIPT       : ExpansionMarketSettings::LoadCategories - Adding category ID 34 (Handguards)
SCRIPT       : ExpansionMarketSettings::LoadCategories - Adding category ID 35 (Hats_And_Hoods)
SCRIPT       : ExpansionMarketSettings::LoadCategories - Adding category ID 36 (Helicopters)
SCRIPT       : ExpansionMarketSettings::LoadCategories - Adding category ID 37 (Helmets)
SCRIPT       : ExpansionMarketSettings::LoadCategories - Adding category ID 38 (Holsters_And_Pouches)
SCRIPT       : ExpansionMarketSettings::LoadCategories - Adding category ID 39 (Kits)
SCRIPT       : ExpansionMarketSettings::LoadCategories - Adding category ID 40 (Knifes)
SCRIPT       : ExpansionMarketSettings::LoadCategories - Adding category ID 41 (Launchers)
SCRIPT       : ExpansionMarketSettings::LoadCategories - Adding category ID 42 (Lights)
SCRIPT       : ExpansionMarketSettings::LoadCategories - Adding category ID 43 (Liquids)
SCRIPT       : ExpansionMarketSettings::LoadCategories - Adding category ID 44 (Locks)
SCRIPT       : ExpansionMarketSettings::LoadCategories - Adding category ID 45 (Magazines)
SCRIPT       : ExpansionMarketSettings::LoadCategories - Adding category ID 46 (Masks)
SCRIPT       : ExpansionMarketSettings::LoadCategories - Adding category ID 47 (Meat)
SCRIPT       : ExpansionMarketSettings::LoadCategories - Adding category ID 48 (Medical)
SCRIPT       : ExpansionMarketSettings::LoadCategories - Adding category ID 49 (Melee_Weapons)
SCRIPT       : ExpansionMarketSettings::LoadCategories - Adding category ID 50 (Muzzles)
SCRIPT       : ExpansionMarketSettings::LoadCategories - Adding category ID 51 (Navigation)
SCRIPT       : ExpansionMarketSettings::LoadCategories - Adding category ID 52 (Optics)
SCRIPT       : ExpansionMarketSettings::LoadCategories - Adding category ID 53 (Pants_And_Shorts)
SCRIPT       : ExpansionMarketSettings::LoadCategories - Adding category ID 54 (Pistols)
SCRIPT       : ExpansionMarketSettings::LoadCategories - Adding category ID 55 (Rifles)
SCRIPT       : ExpansionMarketSettings::LoadCategories - Adding category ID 56 (Shirts_And_TShirts)
SCRIPT       : ExpansionMarketSettings::LoadCategories - Adding category ID 57 (Shotguns)
SCRIPT       : ExpansionMarketSettings::LoadCategories - Adding category ID 58 (Skirts_And_Dresses)
SCRIPT       : ExpansionMarketSettings::LoadCategories - Adding category ID 59 (Sniper_Rifles)
SCRIPT       : ExpansionMarketSettings::LoadCategories - Adding category ID 60 (Spraycans)
SCRIPT       : ExpansionMarketSettings::LoadCategories - Adding category ID 61 (Submachine_Guns)
SCRIPT       : ExpansionMarketSettings::LoadCategories - Adding category ID 62 (Supplies)
SCRIPT       : ExpansionMarketSettings::LoadCategories - Adding category ID 63 (Sweaters_And_Hoodies)
SCRIPT       : ExpansionMarketSettings::LoadCategories - Adding category ID 64 (Tents)
SCRIPT       : ExpansionMarketSettings::LoadCategories - Adding category ID 65 (Tools)
SCRIPT       : ExpansionMarketSettings::LoadCategories - Adding category ID 66 (Vehicle_Parts)
SCRIPT       : ExpansionMarketSettings::LoadCategories - Adding category ID 67 (Vests)
SCRIPT       : 13:19:39.730 [EXPANSION DEBUG]: [ExpansionAirdropSettings] Load existing setting file:$profile:ExpansionMod\Settings\AirdropSettings.json
SCRIPT       : 13:19:39.851 [EXPANSION DEBUG]: [ExpansionMissionSettings] Load existing setting file:$profile:ExpansionMod\Settings\MissionSettings.json
SCRIPT       : 13:19:39.855 [EXPANSION DEBUG]: [ExpansionMapSettings] Load existing setting file:$mission:expansion\settings\MapSettings.json
SCRIPT       : 13:19:39.878 [EXPANSION DEBUG]: [ExpansionPersonalStorageNewSettings] Load existing setting file:$profile:ExpansionMod\Settings\PersonalStorageNewSettings.json
SCRIPT       : 13:19:39.882 [EXPANSION DEBUG]: [ExpansionGeneralSettings] Load existing setting file:$profile:ExpansionMod\Settings\GeneralSettings.json
SCRIPT       : 13:19:39.886 [EXPANSION DEBUG]: [ExpansionPlayerListSettings] Load existing setting file:$profile:ExpansionMod\Settings\PlayerListSettings.json
SCRIPT       : 13:19:39.890 [EXPANSION DEBUG]: [ExpansionSocialMediaSettings] Load existing setting file:$profile:ExpansionMod\Settings\SocialMediaSettings.json
SCRIPT       : 13:19:39.894 [EXPANSION DEBUG]: [ExpansionSpawnSettings] Load existing setting file:$mission:expansion\settings\SpawnSettings.json
SCRIPT       : 13:19:39.898 [EXPANSION DEBUG]: [ExpansionVehicleSettings] Load existing setting file:$profile:ExpansionMod\Settings\VehicleSettings.json
SCRIPT       : 13:19:39.902 [EXPANSION DEBUG]: [ExpansionAISettings] Load existing setting file:$profile:ExpansionMod\Settings\AISettings.json
SCRIPT       : 13:19:39.906 [EXPANSION DEBUG]: [ExpansionAIPatrolSettings] Load existing setting file:$mission:expansion\settings\AIPatrolSettings.json
SCRIPT       : 13:19:39.914 [EXPANSION DEBUG]: [ExpansionBaseBuildingSettings] Load existing setting file:$mission:expansion\settings\BaseBuildingSettings.json
SCRIPT       : 13:19:39.917 [EXPANSION DEBUG]: [ExpansionRaidSettings] Load existing setting file:$profile:ExpansionMod\Settings\RaidSettings.json
SCRIPT       : 13:19:39.921 [EXPANSION DEBUG]: [ExpansionTerritorySettings] Load existing setting file:$profile:ExpansionMod\Settings\TerritorySettings.json
SCRIPT       : 13:19:39.929 [EXPANSION DEBUG]: [ExpansionChatSettings] Load existing setting file:$profile:ExpansionMod\Settings\ChatSettings.json
SCRIPT    (E): JSON ERROR dolphin/DayZ-Expansion-AI-Dynamic/Scripts/5_Mission/modules\expansionrespawnhandlermodule.c:12
SCRIPT    (E): 
JSON ERROR:
Reading variable: data
Expecting instance
Reading variable: Point
Expecting array
At index 2, Expecting instance
Reading variable: Spatial_MinCount
Expecting int
Cannot convert to int

Function: 'Error'
Stack trace:
scripts/1_Core/proto\endebug.c:92
scripts/3_Game/tools\jsonfileloader.c:29
dolphin/DayZ-Expansion-AI-Dynamic/Scripts/3_Game/settings\spatialsettings.c:51
dolphin/DayZ-Expansion-AI-Dynamic/Scripts/3_Game/settings\spatialsettings.c:414
dolphin/DayZ-Expansion-AI-Dynamic/Scripts/5_Mission/modules\spatialai.c:24
dolphin/DayZ-Expansion-AI-Dynamic/Scripts/5_Mission/modules\expansionrespawnhandlermodule.c:12
SCRIPT       : Expansion version: 1.8.21
SCRIPT       : [DefineTest] EXPANSIONMOD is defined
SCRIPT       : [DefineTest] EXPANSIONMODAI is defined
SCRIPT       : [DefineTest] EXPANSIONMODANIMATIONS is defined
SCRIPT       : [DefineTest] EXPANSIONMODBASEBUILDING is defined
SCRIPT       : [DefineTest] EXPANSIONMODBOOK is defined
SCRIPT       : [DefineTest] EXPANSIONMODCHAT is defined
SCRIPT       : [DefineTest] EXPANSIONMODCORE is defined
SCRIPT       : [DefineTest] EXPANSIONMODGARAGE is defined
SCRIPT       : [DefineTest] EXPANSIONMODGROUPS is defined
SCRIPT       : [DefineTest] EXPANSIONMODHARDLINE is defined
SCRIPT       : [DefineTest] EXPANSIONMODKILLFEED is defined
SCRIPT       : [DefineTest] EXPANSIONMODMAPASSETS is defined
SCRIPT       : [DefineTest] EXPANSIONMODMARKET is defined
SCRIPT       : [DefineTest] EXPANSIONMODMISSIONS is defined
SCRIPT       : [DefineTest] EXPANSIONMODNAMETAGS is defined
SCRIPT       : [DefineTest] EXPANSIONMODNAVIGATION is defined
SCRIPT       : [DefineTest] EXPANSIONMODP2PMARKET is defined
SCRIPT       : [DefineTest] EXPANSIONMODPERSONALSTORAGE is defined
SCRIPT       : [DefineTest] EXPANSIONMODQUESTS is defined
SCRIPT       : [DefineTest] EXPANSIONMODSPAWNSELECTION is defined
SCRIPT       : [DefineTest] EXPANSIONMODVEHICLE is defined
SCRIPT       : [DefineTest] EXPANSIONMODWEAPONS is defined
SCRIPT       : [DefineTest] CfgMods:
SCRIPT       : defaultAction
SCRIPT       : DayZ
SCRIPT       : DZ_Expansion_AI_Preload
SCRIPT       : DZ_Expansion_Animations_Preload
SCRIPT       : DZ_Expansion_BaseBuilding_Preload
SCRIPT       : DZ_Expansion_Book_Preload
SCRIPT       : DZ_Expansion_Chat_Preload
SCRIPT       : DZ_Expansion_Core_Preload
SCRIPT       : DZ_Expansion_Garage_Preload
SCRIPT       : DZ_Expansion_Groups_Preload
SCRIPT       : DZ_Expansion_Hardline_Preload
SCRIPT       : DZ_Expansion_KillFeed_Preload
SCRIPT       : DZ_Expansion_MapAssets_Preload
SCRIPT       : DZ_Expansion_Market_Preload
SCRIPT       : DZ_Expansion_Missions_Preload
SCRIPT       : DZ_Expansion_ModStorage_Preload
SCRIPT       : DZ_Expansion_NameTags_Preload
SCRIPT       : DZ_Expansion_Navigation_Preload
SCRIPT       : DZ_Expansion_P2PMarket_Preload
SCRIPT       : DZ_Expansion_PersonalStorage_Preload
SCRIPT       : DZ_Expansion_Preload
SCRIPT       : DZ_Expansion_Quests_Preload
SCRIPT       : DZ_Expansion_SpawnSelection_Preload
SCRIPT       : DZ_Expansion_Vehicles_Preload
SCRIPT       : DZ_Expansion_Weapons_Preload
SCRIPT       : DZ_DabsFramework
SCRIPT       : DZ_Expansion_DefineTest
SCRIPT       : DZ_Expansion_MapAssets
SCRIPT       : bliss
SCRIPT       : JM_CommunityFramework
SCRIPT       : JM_CommunityOnlineTools
SCRIPT       : DZ_Editor_Loader
SCRIPT       : DZ_Expansion_ModStorage
SCRIPT       : DZ_Expansion_Core
SCRIPT       : DZ_Expansion_Garage
SCRIPT       : DZ_Expansion_Groups
SCRIPT       : DZ_Expansion_Market
SCRIPT       : DZ_Expansion_Missions
SCRIPT       : DZ_Expansion_NameTags
SCRIPT       : DZ_Expansion_Navigation
SCRIPT       : DZ_Expansion_NotificationScheduler
SCRIPT       : DZ_Expansion_P2PMarket
SCRIPT       : DZ_Expansion_PersonalStorage
SCRIPT       : DZ_Expansion_PersonalStorageNew
SCRIPT       : DZ_Expansion_PlayerList
SCRIPT       : DZ_Expansion
SCRIPT       : DZ_Expansion_SpawnSelection
SCRIPT       : DZ_Expansion_VanillaFixes
SCRIPT       : DZ_Expansion_Vehicles
SCRIPT       : DZ_Expansion_Weapons
SCRIPT       : DZ_Expansion_AI
SCRIPT       : DZ_Expansion_BaseBuilding
SCRIPT       : DZ_Expansion_Book
SCRIPT       : DZ_Expansion_Chat
SCRIPT       : DZ_Expansion_Hardline
SCRIPT       : DZ_Expansion_Quests
SCRIPT       : DZ_Expansion_VirtualContainerStorage
SCRIPT       : DayZ_Expansion_AI_Dynamic
SCRIPT    (E): JSON ERROR $CurrentDir:mpmissions\Expansion.chernarusplus\init.c:99
SCRIPT    (E): 
JSON ERROR:
Reading variable: data
Expecting instance
Reading variable: Point
Expecting array
At index 2, Expecting instance
Reading variable: Spatial_MinCount
Expecting int
Cannot convert to int

Function: 'Error'
Stack trace:
scripts/1_Core/proto\endebug.c:92
scripts/3_Game/tools\jsonfileloader.c:29
dolphin/DayZ-Expansion-AI-Dynamic/Scripts/3_Game/settings\spatialsettings.c:51
dolphin/DayZ-Expansion-AI-Dynamic/Scripts/3_Game/settings\spatialsettings.c:20
dolphin/DayZ-Expansion-AI-Dynamic/Scripts/5_Mission/mission\missionserver.c:15
$CurrentDir:mpmissions\Expansion.chernarusplus\init.c:99
SCRIPT       : 13:19:40.503 [EXPANSION DEBUG]: ModStorage v5
SCRIPT       : 13:19:43.324 [EXPANSION DEBUG]: ExpansionTraderJudy<35b14010>::SetTraderObject ExpansionTraderObjectBase<ca9305f0> <4973.928711, 9.510984, 2436.782959>
SCRIPT       : 13:19:43.324 [EXPANSION DEBUG]: LoadMissionTradersFile trader ExpansionTraderJudy<35b14010> fileName Aircraft
SCRIPT       : 13:19:43.343 [EXPANSION DEBUG]: ExpansionTraderJose<ca9f2030>::SetTraderObject ExpansionTraderObjectBase<ca9f7a80> <14353.624023, 3.326771, 13229.217773>
SCRIPT       : 13:19:43.343 [EXPANSION DEBUG]: LoadMissionTradersFile trader ExpansionTraderJose<ca9f2030> fileName Boats
SCRIPT       : 13:19:43.351 [EXPANSION DEBUG]: ExpansionTraderEva<eef80070>::SetTraderObject ExpansionTraderObjectBase<cab1f110> <14378.793945, 3.325975, 13271.585938>
SCRIPT       : 13:19:43.351 [EXPANSION DEBUG]: LoadMissionTradersFile trader ExpansionTraderEva<eef80070> fileName Fishing
SCRIPT       : 13:19:43.359 [EXPANSION DEBUG]: ExpansionTraderLewis<18d58020>::SetTraderObject ExpansionTraderObjectBase<cab3b5e0> <1756.656372, 1.415564, 2027.359741>
SCRIPT       : 13:19:43.359 [EXPANSION DEBUG]: LoadMissionTradersFile trader ExpansionTraderLewis<18d58020> fileName Boats
SCRIPT       : 13:19:43.363 [EXPANSION DEBUG]: LoadMissionTradersFile trader ExpansionTraderStaticBase<6d600e60> fileName Exchange
SCRIPT       : 13:19:43.382 [EXPANSION DEBUG]: ExpansionTraderDenis<cad65010>::SetTraderObject ExpansionTraderObjectBase<cacbfba0> <3697.249512, 402.010010, 5977.625488>
SCRIPT       : 13:19:43.382 [EXPANSION DEBUG]: LoadMissionTradersFile trader ExpansionTraderDenis<cad65010> fileName Clothing
SCRIPT       : 13:19:43.398 [EXPANSION DEBUG]: ExpansionTraderMaria<cad24010>::SetTraderObject ExpansionTraderObjectBase<d2dd9dc0> <3696.455811, 402.010010, 5980.193359>
SCRIPT       : 13:19:43.398 [EXPANSION DEBUG]: LoadMissionTradersFile trader ExpansionTraderMaria<cad24010> fileName Clothing_Accessories
SCRIPT       : 13:19:43.414 [EXPANSION DEBUG]: ExpansionTraderQuinn<7a23a020>::SetTraderObject ExpansionTraderObjectBase<d2ef69a0> <3710.121826, 402.010010, 5976.164063>
SCRIPT       : 13:19:43.414 [EXPANSION DEBUG]: LoadMissionTradersFile trader ExpansionTraderQuinn<7a23a020> fileName Consumables
SCRIPT       : 13:19:43.429 [EXPANSION DEBUG]: ExpansionTraderNaomi<d2f18020>::SetTraderObject ExpansionTraderObjectBase<d2fa5360> <3708.786865, 402.010010, 5974.589844>
SCRIPT       : 13:19:43.429 [EXPANSION DEBUG]: LoadMissionTradersFile trader ExpansionTraderNaomi<d2f18020> fileName Weapons
SCRIPT       : 13:19:43.449 [EXPANSION DEBUG]: ExpansionTraderSeth<884ea2d0>::SetTraderObject ExpansionTraderObjectBase<d30f3900> <3710.265137, 402.010010, 5973.340820>
SCRIPT       : 13:19:43.449 [EXPANSION DEBUG]: LoadMissionTradersFile trader ExpansionTraderSeth<884ea2d0> fileName Attachments
SCRIPT       : 13:19:43.457 [EXPANSION DEBUG]: ExpansionTraderRolf<884e64c0>::SetTraderObject ExpansionTraderObjectBase<d31f65e0> <3698.172607, 402.010010, 5995.337402>
SCRIPT       : 13:19:43.457 [EXPANSION DEBUG]: LoadMissionTradersFile trader ExpansionTraderRolf<884e64c0> fileName Vehicles
SCRIPT       : 13:19:43.476 [EXPANSION DEBUG]: ExpansionTraderIndar<884d6c80>::SetTraderObject ExpansionTraderObjectBase<d32cb750> <3714.531006, 402.138000, 5961.776367>
SCRIPT       : 13:19:43.476 [EXPANSION DEBUG]: LoadMissionTradersFile trader ExpansionTraderIndar<884d6c80> fileName Components
SCRIPT       : 13:19:43.480 [EXPANSION DEBUG]: ExpansionTraderJudy<884ee0e0>::SetTraderObject ExpansionTraderObjectBase<d32d6470> <3729.029541, 402.651001, 5969.476563>
SCRIPT       : 13:19:43.480 [EXPANSION DEBUG]: LoadMissionTradersFile trader ExpansionTraderJudy<884ee0e0> fileName Medicals
SCRIPT       : 13:19:43.484 [EXPANSION DEBUG]: ExpansionTraderNaomi<884d2e70>::SetTraderObject ExpansionTraderObjectBase<d32dd130> <3690.062988, 402.100067, 6006.763672>
SCRIPT       : 13:19:43.484 [EXPANSION DEBUG]: LoadMissionTradersFile trader ExpansionTraderNaomi<884d2e70> fileName Vehicle_Parts
SCRIPT       : 13:19:43.492 [EXPANSION DEBUG]: ExpansionTraderJose<884f1ef0>::SetTraderObject ExpansionTraderObjectBase<d32e3da0> <3699.629883, 402.010010, 5993.970215>
SCRIPT       : 13:19:43.492 [EXPANSION DEBUG]: LoadMissionTradersFile trader ExpansionTraderJose<884f1ef0> fileName Spraycans
SCRIPT       : 13:19:43.503 [EXPANSION DEBUG]: ExpansionTraderLinda<884f5d00>::SetTraderObject ExpansionTraderObjectBase<d347a630> <3674.669922, 406.760010, 5990.390137>
SCRIPT       : 13:19:43.503 [EXPANSION DEBUG]: LoadMissionTradersFile trader ExpansionTraderLinda<884f5d00> fileName Special
SCRIPT       : 13:19:43.511 [EXPANSION DEBUG]: ExpansionTraderNiki<884daa90>::SetTraderObject ExpansionTraderObjectBase<d350b790> <3699.030029, 402.013000, 5973.439941>
SCRIPT       : 13:19:43.511 [EXPANSION DEBUG]: LoadMissionTradersFile trader ExpansionTraderNiki<884daa90> fileName BuildingSupplies
SCRIPT       : 13:19:43.519 [EXPANSION DEBUG]: ExpansionTraderFrancis<884f9b10>::SetTraderObject ExpansionTraderObjectBase<d369f770> <1153.964844, 6.463035, 2409.763184>
SCRIPT       : 13:19:43.519 [EXPANSION DEBUG]: LoadMissionTradersFile trader ExpansionTraderFrancis<884f9b10> fileName Attachments
SCRIPT       : 13:19:43.527 [EXPANSION DEBUG]: ExpansionTraderKaito<884fd920>::SetTraderObject ExpansionTraderObjectBase<d373c650> <1117.021240, 5.495151, 2413.766357>
SCRIPT       : 13:19:43.527 [EXPANSION DEBUG]: LoadMissionTradersFile trader ExpansionTraderKaito<884fd920> fileName Components
SCRIPT       : 13:19:43.535 [EXPANSION DEBUG]: ExpansionTraderCyril<88501730>::SetTraderObject ExpansionTraderObjectBase<d382ee50> <1136.987427, 5.908522, 2439.662598>
SCRIPT       : 13:19:43.535 [EXPANSION DEBUG]: LoadMissionTradersFile trader ExpansionTraderCyril<88501730> fileName Clothing
SCRIPT       : 13:19:43.546 [EXPANSION DEBUG]: ExpansionTraderGuo<88505540>::SetTraderObject ExpansionTraderObjectBase<d38abce0> <1133.974854, 5.909700, 2442.412598>
SCRIPT       : 13:19:43.546 [EXPANSION DEBUG]: LoadMissionTradersFile trader ExpansionTraderGuo<88505540> fileName Clothing_Accessories
SCRIPT       : 13:19:43.550 [EXPANSION DEBUG]: ExpansionTraderBoris<88509350>::SetTraderObject ExpansionTraderObjectBase<d39540b0> <1123.468262, 15.349299, 2426.316162>
SCRIPT       : 13:19:43.550 [EXPANSION DEBUG]: LoadMissionTradersFile trader ExpansionTraderBoris<88509350> fileName Exchange
SCRIPT       : 13:19:43.554 [EXPANSION DEBUG]: ExpansionTraderLinda<d398e110>::SetTraderObject ExpansionTraderObjectBase<d3958d40> <1135.892822, 5.908773, 2436.856689>
SCRIPT       : 13:19:43.554 [EXPANSION DEBUG]: LoadMissionTradersFile trader ExpansionTraderLinda<d398e110> fileName Consumables
SCRIPT       : 13:19:43.562 [EXPANSION DEBUG]: ExpansionTraderKeiko<d3999b40>::SetTraderObject ExpansionTraderObjectBase<d3a9afd0> <1130.731689, 5.951744, 2438.009277>
SCRIPT       : 13:19:43.562 [EXPANSION DEBUG]: LoadMissionTradersFile trader ExpansionTraderKeiko<d3999b40> fileName Medicals
SCRIPT       : 13:19:43.570 [EXPANSION DEBUG]: ExpansionTraderHelga<d399d950>::SetTraderObject ExpansionTraderObjectBase<d3bad1c0> <1141.654419, 5.906255, 2421.591309>
SCRIPT       : 13:19:43.570 [EXPANSION DEBUG]: LoadMissionTradersFile trader ExpansionTraderHelga<d399d950> fileName Special
SCRIPT       : 13:19:43.578 [EXPANSION DEBUG]: ExpansionTraderFrida<d39a1760>::SetTraderObject ExpansionTraderObjectBase<d84faac0> <1120.135132, 5.600746, 2417.465820>
SCRIPT       : 13:19:43.578 [EXPANSION DEBUG]: LoadMissionTradersFile trader ExpansionTraderFrida<d39a1760> fileName Vehicles
SCRIPT       : 13:19:43.585 [EXPANSION DEBUG]: ExpansionTraderHassan<d39a5570>::SetTraderObject ExpansionTraderObjectBase<d8516ef0> <1123.977905, 5.639271, 2417.411865>
SCRIPT       : 13:19:43.585 [EXPANSION DEBUG]: LoadMissionTradersFile trader ExpansionTraderHassan<d39a5570> fileName Vehicle_Parts
SCRIPT       : 13:19:43.585 [EXPANSION DEBUG]: ExpansionTraderDenis<d398a300>::SetTraderObject ExpansionTraderObjectBase<d862dc00> <1156.719727, 6.513331, 2406.355225>
SCRIPT       : 13:19:43.585 [EXPANSION DEBUG]: LoadMissionTradersFile trader ExpansionTraderDenis<d398a300> fileName Weapons
SCRIPT       : 13:19:43.593 [EXPANSION DEBUG]: ExpansionTraderGabi<d39a9380>::SetTraderObject ExpansionTraderObjectBase<d8649b30> <1135.689941, 5.900000, 2423.300049>
SCRIPT       : 13:19:43.593 [EXPANSION DEBUG]: LoadMissionTradersFile trader ExpansionTraderGabi<d39a9380> fileName BuildingSupplies
SCRIPT       : 13:19:43.601 [EXPANSION DEBUG]: ExpansionTraderFrancis<d39ad190>::SetTraderObject ExpansionTraderObjectBase<d8760160> <11835.901367, 140.617874, 12474.744141>
SCRIPT       : 13:19:43.601 [EXPANSION DEBUG]: LoadMissionTradersFile trader ExpansionTraderFrancis<d39ad190> fileName Attachments
SCRIPT       : 13:19:43.605 [EXPANSION DEBUG]: ExpansionTraderLinda<d3991f20>::SetTraderObject ExpansionTraderObjectBase<d87648f0> <11856.716797, 140.565109, 12461.438477>
SCRIPT       : 13:19:43.605 [EXPANSION DEBUG]: LoadMissionTradersFile trader ExpansionTraderLinda<d3991f20> fileName Consumables
SCRIPT       : 13:19:43.605 [EXPANSION DEBUG]: ExpansionTraderCyril<d39b0fa0>::SetTraderObject ExpansionTraderObjectBase<d8769760> <11855.000000, 140.605103, 12466.099609>
SCRIPT       : 13:19:43.605 [EXPANSION DEBUG]: LoadMissionTradersFile trader ExpansionTraderCyril<d39b0fa0> fileName Clothing
SCRIPT       : 13:19:43.609 [EXPANSION DEBUG]: ExpansionTraderGuo<d3995d30>::SetTraderObject ExpansionTraderObjectBase<d876ef80> <11855.200195, 140.605103, 12470.487305>
SCRIPT       : 13:19:43.609 [EXPANSION DEBUG]: LoadMissionTradersFile trader ExpansionTraderGuo<d3995d30> fileName Clothing_Accessories
SCRIPT       : 13:19:43.613 [EXPANSION DEBUG]: ExpansionTraderKaito<d39bc9d0>::SetTraderObject ExpansionTraderObjectBase<d8774610> <11849.400391, 140.605087, 12466.200195>
SCRIPT       : 13:19:43.613 [EXPANSION DEBUG]: LoadMissionTradersFile trader ExpansionTraderKaito<d39bc9d0> fileName Components
SCRIPT       : 13:19:43.613 [EXPANSION DEBUG]: ExpansionTraderBoris<d39b8bc0>::SetTraderObject ExpansionTraderObjectBase<d877a290> <11858.202148, 140.615112, 12463.234375>
SCRIPT       : 13:19:43.613 [EXPANSION DEBUG]: LoadMissionTradersFile trader ExpansionTraderBoris<d39b8bc0> fileName Exchange
SCRIPT       : 13:19:43.617 [EXPANSION DEBUG]: ExpansionTraderKeiko<d39b4db0>::SetTraderObject ExpansionTraderObjectBase<d8938890> <11853.218750, 140.605087, 12463.277344>
SCRIPT       : 13:19:43.617 [EXPANSION DEBUG]: LoadMissionTradersFile trader ExpansionTraderKeiko<d39b4db0> fileName Medicals
SCRIPT       : 13:19:43.621 [EXPANSION DEBUG]: ExpansionTraderGabi<d39c07e0>::SetTraderObject ExpansionTraderObjectBase<d893d160> <11833.200195, 140.605118, 12461.700195>
SCRIPT       : 13:19:43.621 [EXPANSION DEBUG]: LoadMissionTradersFile trader ExpansionTraderGabi<d39c07e0> fileName Special
SCRIPT       : 13:19:43.628 [EXPANSION DEBUG]: ExpansionTraderElias<d39c45f0>::SetTraderObject ExpansionTraderObjectBase<d8aaf0c0> <11877.799805, 140.134796, 12441.599609>
SCRIPT       : 13:19:43.628 [EXPANSION DEBUG]: LoadMissionTradersFile trader ExpansionTraderElias<d39c45f0> fileName Vehicles
SCRIPT       : 13:19:43.632 [EXPANSION DEBUG]: ExpansionTraderHassan<d8b1baa0>::SetTraderObject ExpansionTraderObjectBase<d8ab4c00> <11878.674805, 140.134796, 12424.302734>
SCRIPT       : 13:19:43.632 [EXPANSION DEBUG]: LoadMissionTradersFile trader ExpansionTraderHassan<d8b1baa0> fileName Vehicle_Parts
SCRIPT       : 13:19:43.632 [EXPANSION DEBUG]: ExpansionTraderDenis<d8b1f8b0>::SetTraderObject ExpansionTraderObjectBase<d8ab9020> <11833.576172, 140.605072, 12469.492188>
SCRIPT       : 13:19:43.632 [EXPANSION DEBUG]: LoadMissionTradersFile trader ExpansionTraderDenis<d8b1f8b0> fileName Weapons
SCRIPT       : 13:19:43.636 [EXPANSION DEBUG]: ExpansionTraderLinda<d8b274d0>::SetTraderObject ExpansionTraderObjectBase<d8abf2e0> <11852.194336, 140.660980, 12472.387695>
SCRIPT       : 13:19:43.636 [EXPANSION DEBUG]: LoadMissionTradersFile trader ExpansionTraderLinda<d8b274d0> fileName BuildingSupplies
SCRIPT       : 13:19:43.644 [EXPANSION DEBUG]: ExpansionTraderManua<d8b13e80>::SetTraderObject ExpansionTraderObjectBase<d8bed680> <11879.722656, 140.094788, 12435.959961>
SCRIPT       : 13:19:43.644 [EXPANSION DEBUG]: LoadMissionTradersFile trader ExpansionTraderManua<d8b13e80> fileName Spraycans
SCRIPT       : 13:19:43.652 [EXPANSION DEBUG]: ExpansionTraderIrena<d8b236c0>::SetTraderObject ExpansionTraderObjectBase<d8c86bc0> <12160.279297, 140.580765, 12689.783203>
SCRIPT       : 13:19:43.652 [EXPANSION DEBUG]: LoadMissionTradersFile trader ExpansionTraderIrena<d8b236c0> fileName Aircraft
SCRIPT       : [ExpansionQuestPersistentServerData] Load existing configuration file:$profile:ExpansionMod\Quests\PersistentServerData.json
SCRIPT       : [ExpansionQuestPersistentServerData] Load existing configuration file:$profile:ExpansionMod\Quests\PersistentServerData.json
SCRIPT       : [ExpansionQuestObjectiveTravelConfig] Load existing configuration file:$profile:ExpansionMod\Quests\Objectives\Travel\Objective_T_1.json
SCRIPT       : [ExpansionQuestObjectiveTravelConfig] Load existing configuration file:$profile:ExpansionMod\Quests\Objectives\Travel\Objective_T_2.json
SCRIPT       : [ExpansionQuestObjectiveTravelConfig] Load existing configuration file:$profile:ExpansionMod\Quests\Objectives\Travel\Objective_T_3.json
SCRIPT       : [ExpansionQuestObjectiveTravelConfig] Load existing configuration file:$profile:ExpansionMod\Quests\Objectives\Travel\Objective_T_4.json
SCRIPT       : [ExpansionQuestObjectiveTargetConfig] Load existing configuration file:$profile:ExpansionMod\Quests\Objectives\Target\Objective_TA_1.json
SCRIPT       : [ExpansionQuestObjectiveTargetConfig] Load existing configuration file:$profile:ExpansionMod\Quests\Objectives\Target\Objective_TA_2.json
SCRIPT       : [ExpansionQuestObjectiveTargetConfig] Load existing configuration file:$profile:ExpansionMod\Quests\Objectives\Target\Objective_TA_3.json
SCRIPT       : [ExpansionQuestObjectiveTargetConfig] Load existing configuration file:$profile:ExpansionMod\Quests\Objectives\Target\Objective_TA_4.json
SCRIPT       : [ExpansionQuestObjectiveDeliveryConfig] Load existing configuration file:$profile:ExpansionMod\Quests\Objectives\Delivery\Objective_D_1.json
SCRIPT       : [ExpansionQuestObjectiveDeliveryConfig] Load existing configuration file:$profile:ExpansionMod\Quests\Objectives\Delivery\Objective_D_2.json
SCRIPT       : [ExpansionQuestObjectiveCollectionConfig] Load existing configuration file:$profile:ExpansionMod\Quests\Objectives\Collection\1-Collection-Apples.json
SCRIPT       : [ExpansionQuestObjectiveCollectionConfig] Convert existing configuration file:$profile:ExpansionMod\Quests\Objectives\Collection\1-Collection-Apples.json to version 18
SCRIPT       : [ExpansionQuestObjectiveCollectionConfig] Load existing configuration file:$profile:ExpansionMod\Quests\Objectives\Collection\2-Collection-Mackerel.json
SCRIPT       : [ExpansionQuestObjectiveCollectionConfig] Convert existing configuration file:$profile:ExpansionMod\Quests\Objectives\Collection\2-Collection-Mackerel.json to version 18
SCRIPT       : [ExpansionQuestObjectiveCollectionConfig] Load existing configuration file:$profile:ExpansionMod\Quests\Objectives\Collection\3-Collection-BrownChickens.json
SCRIPT       : [ExpansionQuestObjectiveCollectionConfig] Convert existing configuration file:$profile:ExpansionMod\Quests\Objectives\Collection\3-Collection-BrownChickens.json to version 18
SCRIPT       : [ExpansionQuestObjectiveCollectionConfig] Load existing configuration file:$profile:ExpansionMod\Quests\Objectives\Collection\4-Collection-BearPelt.json
SCRIPT       : [ExpansionQuestObjectiveCollectionConfig] Convert existing configuration file:$profile:ExpansionMod\Quests\Objectives\Collection\4-Collection-BearPelt.json to version 18
SCRIPT       : [ExpansionQuestObjectiveCollectionConfig] Load existing configuration file:$profile:ExpansionMod\Quests\Objectives\Collection\5-Collection-DeerPelt.json
SCRIPT       : [ExpansionQuestObjectiveCollectionConfig] Convert existing configuration file:$profile:ExpansionMod\Quests\Objectives\Collection\5-Collection-DeerPelt.json to version 18
SCRIPT       : [ExpansionQuestObjectiveCollectionConfig] Load existing configuration file:$profile:ExpansionMod\Quests\Objectives\Collection\6-Collection-AgaricusMushroom.json
SCRIPT       : [ExpansionQuestObjectiveCollectionConfig] Convert existing configuration file:$profile:ExpansionMod\Quests\Objectives\Collection\6-Collection-AgaricusMushroom.json to version 18
SCRIPT       : [ExpansionQuestObjectiveCollectionConfig] Load existing configuration file:$profile:ExpansionMod\Quests\Objectives\Collection\Objective_C_1.json
SCRIPT       : [ExpansionQuestObjectiveCollectionConfig] Load existing configuration file:$profile:ExpansionMod\Quests\Objectives\Collection\Objective_C_2.json
SCRIPT       : [ExpansionQuestObjectiveCollectionConfig] Load existing configuration file:$profile:ExpansionMod\Quests\Objectives\Collection\Objective_C_3.json
SCRIPT       : [ExpansionQuestObjectiveTreasureHuntConfig] Load existing configuration file:$profile:ExpansionMod\Quests\Objectives\TreasureHunt\Objective_TH_1.json
SCRIPT       : [ExpansionQuestObjectiveActionConfig] Load existing configuration file:$profile:ExpansionMod\Quests\Objectives\Action\1-Medic.json
SCRIPT       : [ExpansionQuestObjectiveActionConfig] Convert existing configuration file:$profile:ExpansionMod\Quests\Objectives\Action\1-Medic.json to version 18
SCRIPT       : [ExpansionQuestObjectiveActionConfig] Load existing configuration file:$profile:ExpansionMod\Quests\Objectives\Action\10-Medic.json
SCRIPT       : [ExpansionQuestObjectiveActionConfig] Convert existing configuration file:$profile:ExpansionMod\Quests\Objectives\Action\10-Medic.json to version 18
SCRIPT       : [ExpansionQuestObjectiveActionConfig] Load existing configuration file:$profile:ExpansionMod\Quests\Objectives\Action\11-Medic.json
SCRIPT       : [ExpansionQuestObjectiveActionConfig] Convert existing configuration file:$profile:ExpansionMod\Quests\Objectives\Action\11-Medic.json to version 18
SCRIPT       : [ExpansionQuestObjectiveActionConfig] Load existing configuration file:$profile:ExpansionMod\Quests\Objectives\Action\12-Medic.json
SCRIPT       : [ExpansionQuestObjectiveActionConfig] Convert existing configuration file:$profile:ExpansionMod\Quests\Objectives\Action\12-Medic.json to version 18
SCRIPT       : [ExpansionQuestObjectiveActionConfig] Load existing configuration file:$profile:ExpansionMod\Quests\Objectives\Action\13-Medic.json
SCRIPT       : [ExpansionQuestObjectiveActionConfig] Convert existing configuration file:$profile:ExpansionMod\Quests\Objectives\Action\13-Medic.json to version 18
SCRIPT       : [ExpansionQuestObjectiveActionConfig] Load existing configuration file:$profile:ExpansionMod\Quests\Objectives\Action\14-Medic.json
SCRIPT       : [ExpansionQuestObjectiveActionConfig] Convert existing configuration file:$profile:ExpansionMod\Quests\Objectives\Action\14-Medic.json to version 18
SCRIPT       : [ExpansionQuestObjectiveActionConfig] Load existing configuration file:$profile:ExpansionMod\Quests\Objectives\Action\15-Medic.json
SCRIPT       : [ExpansionQuestObjectiveActionConfig] Convert existing configuration file:$profile:ExpansionMod\Quests\Objectives\Action\15-Medic.json to version 18
SCRIPT       : [ExpansionQuestObjectiveActionConfig] Load existing configuration file:$profile:ExpansionMod\Quests\Objectives\Action\16-Medic.json
SCRIPT       : [ExpansionQuestObjectiveActionConfig] Convert existing configuration file:$profile:ExpansionMod\Quests\Objectives\Action\16-Medic.json to version 18
SCRIPT       : [ExpansionQuestObjectiveActionConfig] Load existing configuration file:$profile:ExpansionMod\Quests\Objectives\Action\17-Medic.json
SCRIPT       : [ExpansionQuestObjectiveActionConfig] Convert existing configuration file:$profile:ExpansionMod\Quests\Objectives\Action\17-Medic.json to version 18
SCRIPT       : [ExpansionQuestObjectiveActionConfig] Load existing configuration file:$profile:ExpansionMod\Quests\Objectives\Action\18-Horticulture.json
SCRIPT       : [ExpansionQuestObjectiveActionConfig] Convert existing configuration file:$profile:ExpansionMod\Quests\Objectives\Action\18-Horticulture.json to version 18
SCRIPT       : [ExpansionQuestObjectiveActionConfig] Load existing configuration file:$profile:ExpansionMod\Quests\Objectives\Action\19-Horticulture.json
SCRIPT       : [ExpansionQuestObjectiveActionConfig] Convert existing configuration file:$profile:ExpansionMod\Quests\Objectives\Action\19-Horticulture.json to version 18
SCRIPT       : [ExpansionQuestObjectiveActionConfig] Load existing configuration file:$profile:ExpansionMod\Quests\Objectives\Action\2-Medic.json
SCRIPT       : [ExpansionQuestObjectiveActionConfig] Convert existing configuration file:$profile:ExpansionMod\Quests\Objectives\Action\2-Medic.json to version 18
SCRIPT       : [ExpansionQuestObjectiveActionConfig] Load existing configuration file:$profile:ExpansionMod\Quests\Objectives\Action\20-Horticulture.json
SCRIPT       : [ExpansionQuestObjectiveActionConfig] Convert existing configuration file:$profile:ExpansionMod\Quests\Objectives\Action\20-Horticulture.json to version 18
SCRIPT       : [ExpansionQuestObjectiveActionConfig] Load existing configuration file:$profile:ExpansionMod\Quests\Objectives\Action\21-Horticulture.json
SCRIPT       : [ExpansionQuestObjectiveActionConfig] Convert existing configuration file:$profile:ExpansionMod\Quests\Objectives\Action\21-Horticulture.json to version 18
SCRIPT       : [ExpansionQuestObjectiveActionConfig] Load existing configuration file:$profile:ExpansionMod\Quests\Objectives\Action\22-Horticulture.json
SCRIPT       : [ExpansionQuestObjectiveActionConfig] Convert existing configuration file:$profile:ExpansionMod\Quests\Objectives\Action\22-Horticulture.json to version 18
SCRIPT       : [ExpansionQuestObjectiveActionConfig] Load existing configuration file:$profile:ExpansionMod\Quests\Objectives\Action\23-Horticulture.json
SCRIPT       : [ExpansionQuestObjectiveActionConfig] Convert existing configuration file:$profile:ExpansionMod\Quests\Objectives\Action\23-Horticulture.json to version 18
SCRIPT       : [ExpansionQuestObjectiveActionConfig] Load existing configuration file:$profile:ExpansionMod\Quests\Objectives\Action\24-Horticulture.json
SCRIPT       : [ExpansionQuestObjectiveActionConfig] Convert existing configuration file:$profile:ExpansionMod\Quests\Objectives\Action\24-Horticulture.json to version 18
SCRIPT       : [ExpansionQuestObjectiveActionConfig] Load existing configuration file:$profile:ExpansionMod\Quests\Objectives\Action\3-Medic.json
SCRIPT       : [ExpansionQuestObjectiveActionConfig] Convert existing configuration file:$profile:ExpansionMod\Quests\Objectives\Action\3-Medic.json to version 18
SCRIPT       : [ExpansionQuestObjectiveActionConfig] Load existing configuration file:$profile:ExpansionMod\Quests\Objectives\Action\4-Medic.json
SCRIPT       : [ExpansionQuestObjectiveActionConfig] Convert existing configuration file:$profile:ExpansionMod\Quests\Objectives\Action\4-Medic.json to version 18
SCRIPT       : [ExpansionQuestObjectiveActionConfig] Load existing configuration file:$profile:ExpansionMod\Quests\Objectives\Action\5-Medic.json
SCRIPT       : [ExpansionQuestObjectiveActionConfig] Convert existing configuration file:$profile:ExpansionMod\Quests\Objectives\Action\5-Medic.json to version 18
SCRIPT       : [ExpansionQuestObjectiveActionConfig] Load existing configuration file:$profile:ExpansionMod\Quests\Objectives\Action\6-Medic.json
SCRIPT       : [ExpansionQuestObjectiveActionConfig] Convert existing configuration file:$profile:ExpansionMod\Quests\Objectives\Action\6-Medic.json to version 18
SCRIPT       : [ExpansionQuestObjectiveActionConfig] Load existing configuration file:$profile:ExpansionMod\Quests\Objectives\Action\7-Medic.json
SCRIPT       : [ExpansionQuestObjectiveActionConfig] Convert existing configuration file:$profile:ExpansionMod\Quests\Objectives\Action\7-Medic.json to version 18
SCRIPT       : [ExpansionQuestObjectiveActionConfig] Load existing configuration file:$profile:ExpansionMod\Quests\Objectives\Action\8-Medic.json
SCRIPT       : [ExpansionQuestObjectiveActionConfig] Convert existing configuration file:$profile:ExpansionMod\Quests\Objectives\Action\8-Medic.json to version 18
SCRIPT       : [ExpansionQuestObjectiveActionConfig] Load existing configuration file:$profile:ExpansionMod\Quests\Objectives\Action\9-Medic.json
SCRIPT       : [ExpansionQuestObjectiveActionConfig] Convert existing configuration file:$profile:ExpansionMod\Quests\Objectives\Action\9-Medic.json to version 18
SCRIPT       : [ExpansionQuestObjectiveActionConfig] Load existing configuration file:$profile:ExpansionMod\Quests\Objectives\Action\Objective_A_1.json
SCRIPT       : [ExpansionQuestObjectiveActionConfig] Load existing configuration file:$profile:ExpansionMod\Quests\Objectives\Action\Objective_A_2.json
SCRIPT       : [ExpansionQuestObjectiveCraftingConfig] Load existing configuration file:$profile:ExpansionMod\Quests\Objectives\Crafting\1-Crafting-FishingRod.json
SCRIPT       : [ExpansionQuestObjectiveCraftingConfig] Convert existing configuration file:$profile:ExpansionMod\Quests\Objectives\Crafting\1-Crafting-FishingRod.json to version 18
SCRIPT       : [ExpansionQuestObjectiveCraftingConfig] Load existing configuration file:$profile:ExpansionMod\Quests\Objectives\Crafting\Objective_CR_1.json
SCRIPT       : [ExpansionQuestObjectiveAIPatrolConfig] Load existing configuration file:$profile:ExpansionMod\Quests\Objectives\AIPatrol\Objective_AIP_1.json
SCRIPT       : [ExpansionQuestObjectiveAICampConfig] Load existing configuration file:$profile:ExpansionMod\Quests\Objectives\AICamp\Objective_AIC_1.json
SCRIPT       : [ExpansionQuestObjectiveAIEscortConfig] Load existing configuration file:$profile:ExpansionMod\Quests\Objectives\AIVIP\1-VIP.json
SCRIPT       : [ExpansionQuestObjectiveAIEscortConfig] Load existing configuration file:$profile:ExpansionMod\Quests\Objectives\AIVIP\2-VIP.json
SCRIPT       : [ExpansionQuestObjectiveAIEscortConfig] Load existing configuration file:$profile:ExpansionMod\Quests\Objectives\AIVIP\Objective_AIESCORT_1.json
SCRIPT       : [ExpansionQuestNPCData] Load existing configuration file:QuestNPC_1.json
SCRIPT       : [ExpansionQuestNPCData] Load existing configuration file:QuestNPC_2.json
SCRIPT       : [ExpansionQuestNPCData] Load existing configuration file:QuestNPC_3.json
SCRIPT       : [ExpansionQuestNPCData] Load existing configuration file:QuestNPC_5.json
SCRIPT       : [EditorLoader] File found: $mission:\EditorFiles\TraderStorage.dze
SCRIPT       : [EditorLoader] Loaded files in 0.003s
SCRIPT       : [EditorLoader] 6 total objects created
SCRIPT       : [EditorLoader] 0 total objects deleted
SCRIPT       : [EditorLoader] Deleted & Created all objects in 0.025s
SCRIPT       : 13:20:01.648 [EXPANSION DEBUG]: ExpansionP2PTraderAIIrena<58e200a0>::SetP2PTraderID - ID: 1
SCRIPT       : ExpansionMarketItem marketItem = ExpansionMarketItem<b48e9820>
SCRIPT       : int worth =   1
SCRIPT       : ExpansionZonePolygon<4e3d96b0> position=<12015.854492, 0.000000, 12591.097656> radius=419.633
SCRIPT       : ExpansionZoneCircle<59c5eff0> position=<1143.140015, 0.000000, 2423.270020> radius=400
SCRIPT       : ExpansionZoneCircle<59c5e7b0> position=<3728.270020, 0.000000, 6003.600098> radius=400
SCRIPT       : Found 3 zones!
SCRIPT       : ERROR !!! Unknwon loadout requested (TraderGroup)
SCRIPT       : 13:20:01.761 [EXPANSION DEBUG]: ExpansionQuestNPCAIDenis<59aa9030>::OnEnterSafeZone
SCRIPT       : bool m_Expansion_LeavingSafeZone = 0
SCRIPT       : bool m_Expansion_IsInSafeZone = 0
SCRIPT       : bool m_Expansion_IsInSafeZoneSynchRemote = 0
SCRIPT       : 13:20:01.761 [EXPANSION DEBUG]: ExpansionP2PTraderAIIrena<58e200a0>::OnEnterSafeZone
SCRIPT       : bool m_Expansion_LeavingSafeZone = 0
SCRIPT       : bool m_Expansion_IsInSafeZone = 0
SCRIPT       : bool m_Expansion_IsInSafeZoneSynchRemote = 0
SCRIPT       : [emote] ExpansionQuestNPCAIDenis:044 play emote id=46 IH=null
SCRIPT       : [emote] ExpansionP2PTraderAIIrena:043 play emote id=46 IH=null
SCRIPT       : [emote] ExpansionQuestNPCAIElias:045 play emote id=14 IH=null
