---------------------------------------------
Log C:\Program Files (x86)\Steam\steamapps\common\DayZServerAug2\config\script_2023-08-06_15-34-20.log started at 06.08. 15:34:21

SCRIPT       : Registered 395 temporary action enum(s), UAN==395
SCRIPT       : Registering faction type eAIFactionShamans ID -1484989417
SCRIPT       : Registering faction type eAIFactionObservers ID -563736721
SCRIPT       : Registering faction type eAIFactionInvincibleObservers ID -1227299746
SCRIPT       : Registering faction type eAIFactionEast ID 90522109
SCRIPT       : Registering faction type eAIFactionGuards ID 963933710
SCRIPT       : Registering faction type eAIFactionRaiders ID 1535276022
SCRIPT       : Registering faction type eAIFactionMercenaries ID 1629891834
SCRIPT       : Registering faction type eAIFactionWest ID 113880155
SCRIPT       : Registering faction type eAIFactionCivilian ID 1096178351
SCRIPT       : Registering faction type eAIFactionPassive ID -1159399789
SCRIPT       : Registering faction type eAIFactionInvincibleGuards ID 782746017
SCRIPT       : ... Backlit Effects Enabled
SCRIPT       : 15:34:22 [EXPANSION LOG]: DayZGame<70f3bd60> Start time (local time) 2023-08-06 15:34:18
SCRIPT       : 15:34:22 [EXPANSION LOG]: DayZGame<70f3bd60> Start time (UTC) 2023-08-06 20:34:18
SCRIPT       : 15:34:22 [EXPANSION LOG]: DayZGame<70f3bd60> Runtime since start (seconds) 4.323
SCRIPT    (W): @"JM/COT/Scripts/4_World/communityonlinetools\classes\webhook\jmwebhookdiscordmessage.c,19": Possible variable name conflict 'username'
SCRIPT    (W): @"JM/COT/Scripts/4_World/communityonlinetools\classes\webhook\jmwebhookdiscordmessage.c,19": Possible variable name conflict 'avatar_url'
SCRIPT    (W): @"JM/COT/Scripts/4_World/communityonlinetools\classes\webhook\jmwebhookdiscordmessage.c,19": Possible variable name conflict 'content'
SCRIPT    (W): @"JM/COT/Scripts/4_World/communityonlinetools\classes\webhook\jmwebhookdiscordmessage.c,151": Possible variable name conflict 'url'
SCRIPT    (W): @"JM/COT/Scripts/4_World/communityonlinetools\classes\webhook\jmwebhookdiscordmessage.c,172": Possible variable name conflict 'url'
SCRIPT    (W): @"JM/COT/Scripts/4_World/communityonlinetools\classes\webhook\jmwebhookdiscordmessage.c,180": Possible variable name conflict 'url'
SCRIPT       : Expansion version: 1.8.20
SCRIPT       : 15:34:36.593 [EXPANSION DEBUG]: [ExpansionDebugSettings] Load existing setting file:$profile:ExpansionMod\Settings\DebugSettings.json
SCRIPT       : 15:34:36.593 [EXPANSION DEBUG]: [ExpansionLogSettings] Load existing setting file:$profile:ExpansionMod\Settings\LogsSettings.json
SCRIPT       : 15:34:36.593 [EXPANSION DEBUG]: [ExpansionNotificationSettings] Load existing setting file:$profile:ExpansionMod\Settings\NotificationSettings.json
SCRIPT       : 15:34:36.593 [EXPANSION DEBUG]: [ExpansionMonitoringSettings] Load existing setting file:$profile:ExpansionMod\Settings\MonitoringSettings.json
SCRIPT       : 15:34:36.593 [EXPANSION DEBUG]: [ExpansionDamageSystemSettings] Load existing setting file:$profile:ExpansionMod\Settings\DamageSystemSettings.json
SCRIPT       : 15:34:36.593 [EXPANSION DEBUG]: [ExpansionPartySettings] Load existing setting file:$profile:ExpansionMod\Settings\PartySettings.json
SCRIPT       : 15:34:36.593 [EXPANSION DEBUG]: [ExpansionHardlineSettings] Load existing setting file:$mission:expansion\settings\HardlineSettings.json
SCRIPT       : 15:34:36.597 [EXPANSION DEBUG]: [ExpansionMarketSettings] Load existing setting file:$mission:expansion\settings\MarketSettings.json
SCRIPT       : ExpansionMarketSettings::LoadCategories - Adding category ID 1 (Ammo)
SCRIPT       : ExpansionMarketSettings::LoadCategories - Adding category ID 2 (Ammo_Boxes)
SCRIPT       : ExpansionMarketSettings::LoadCategories - Adding category ID 3 (Armbands)
SCRIPT       : ExpansionMarketSettings::LoadCategories - Adding category ID 4 (Assault_Rifles)
SCRIPT       : ExpansionMarketSettings::LoadCategories - Adding category ID 5 (Backpacks)
SCRIPT       : ExpansionMarketSettings::LoadCategories - Adding category ID 6 (Bandanas)
SCRIPT       : ExpansionMarketSettings::LoadCategories - Adding category ID 7 (Batteries)
SCRIPT       : ExpansionMarketSettings::LoadCategories - Adding category ID 8 (Bayonets)
SCRIPT       : ExpansionMarketSettings::LoadCategories - Adding category ID 9 (Belts)
SCRIPT       : ExpansionMarketSettings::LoadCategories - Adding category ID 10 (Blouses_And_Suits)
SCRIPT       : ExpansionMarketSettings::LoadCategories - Adding category ID 11 (Boats)
SCRIPT       : ExpansionMarketSettings::LoadCategories - Adding category ID 12 (Boots_And_Shoes)
SCRIPT       : ExpansionMarketSettings::LoadCategories - Adding category ID 13 (Buttstocks)
SCRIPT       : ExpansionMarketSettings::LoadCategories - Adding category ID 14 (Caps)
SCRIPT       : ExpansionMarketSettings::LoadCategories - Adding category ID 15 (Cars)
SCRIPT       : ExpansionMarketSettings::LoadCategories - Adding category ID 16 (Coats_And_Jackets)
SCRIPT       : ExpansionMarketSettings::LoadCategories - Adding category ID 17 (Containers)
SCRIPT       : ExpansionMarketSettings::LoadCategories - Adding category ID 18 (Crossbows)
SCRIPT       : ExpansionMarketSettings::LoadCategories - Adding category ID 19 (Drinks)
SCRIPT       : ExpansionMarketSettings::LoadCategories - Adding category ID 20 (Electronics)
SCRIPT       : ExpansionMarketSettings::LoadCategories - Adding category ID 21 (Event)
SCRIPT       : ExpansionMarketSettings::LoadCategories - Adding category ID 22 (Exchange)
SCRIPT       : ExpansionMarketSettings::LoadCategories - Adding category ID 23 (Explosives_And_Grenades)
SCRIPT       : ExpansionMarketSettings::LoadCategories - Adding category ID 24 (Eyewear)
SCRIPT       : ExpansionMarketSettings::LoadCategories - Adding category ID 25 (Fish)
SCRIPT       : ExpansionMarketSettings::LoadCategories - Adding category ID 26 (Fishing)
SCRIPT       : ExpansionMarketSettings::LoadCategories - Adding category ID 27 (Flags)
SCRIPT       : ExpansionMarketSettings::LoadCategories - Adding category ID 28 (Food)
SCRIPT       : ExpansionMarketSettings::LoadCategories - Adding category ID 29 (Fruit_And_Vegetables)
SCRIPT       : ExpansionMarketSettings::LoadCategories - Adding category ID 30 (Furnishings)
SCRIPT       : ExpansionMarketSettings::LoadCategories - Adding category ID 31 (Gardening)
SCRIPT       : ExpansionMarketSettings::LoadCategories - Adding category ID 32 (Ghillies)
SCRIPT       : ExpansionMarketSettings::LoadCategories - Adding category ID 33 (Gloves)
SCRIPT       : ExpansionMarketSettings::LoadCategories - Adding category ID 34 (Handguards)
SCRIPT       : ExpansionMarketSettings::LoadCategories - Adding category ID 35 (Hats_And_Hoods)
SCRIPT       : ExpansionMarketSettings::LoadCategories - Adding category ID 36 (Helicopters)
SCRIPT       : ExpansionMarketSettings::LoadCategories - Adding category ID 37 (Helmets)
SCRIPT       : ExpansionMarketSettings::LoadCategories - Adding category ID 38 (Holsters_And_Pouches)
SCRIPT       : ExpansionMarketSettings::LoadCategories - Adding category ID 39 (Kits)
SCRIPT       : ExpansionMarketSettings::LoadCategories - Adding category ID 40 (Knifes)
SCRIPT       : ExpansionMarketSettings::LoadCategories - Adding category ID 41 (Launchers)
SCRIPT       : ExpansionMarketSettings::LoadCategories - Adding category ID 42 (Lights)
SCRIPT       : ExpansionMarketSettings::LoadCategories - Adding category ID 43 (Liquids)
SCRIPT       : ExpansionMarketSettings::LoadCategories - Adding category ID 44 (Locks)
SCRIPT       : ExpansionMarketSettings::LoadCategories - Adding category ID 45 (Magazines)
SCRIPT       : ExpansionMarketSettings::LoadCategories - Adding category ID 46 (Masks)
SCRIPT       : ExpansionMarketSettings::LoadCategories - Adding category ID 47 (Meat)
SCRIPT       : ExpansionMarketSettings::LoadCategories - Adding category ID 48 (Medical)
SCRIPT       : ExpansionMarketSettings::LoadCategories - Adding category ID 49 (Melee_Weapons)
SCRIPT       : ExpansionMarketSettings::LoadCategories - Adding category ID 50 (Muzzles)
SCRIPT       : ExpansionMarketSettings::LoadCategories - Adding category ID 51 (Navigation)
SCRIPT       : ExpansionMarketSettings::LoadCategories - Adding category ID 52 (Optics)
SCRIPT       : ExpansionMarketSettings::LoadCategories - Adding category ID 53 (Pants_And_Shorts)
SCRIPT       : ExpansionMarketSettings::LoadCategories - Adding category ID 54 (Pistols)
SCRIPT       : ExpansionMarketSettings::LoadCategories - Adding category ID 55 (Rifles)
SCRIPT       : ExpansionMarketSettings::LoadCategories - Adding category ID 56 (Shirts_And_TShirts)
SCRIPT       : ExpansionMarketSettings::LoadCategories - Adding category ID 57 (Shotguns)
SCRIPT       : ExpansionMarketSettings::LoadCategories - Adding category ID 58 (Skirts_And_Dresses)
SCRIPT       : ExpansionMarketSettings::LoadCategories - Adding category ID 59 (Sniper_Rifles)
SCRIPT       : ExpansionMarketSettings::LoadCategories - Adding category ID 60 (Spraycans)
SCRIPT       : ExpansionMarketSettings::LoadCategories - Adding category ID 61 (Submachine_Guns)
SCRIPT       : ExpansionMarketSettings::LoadCategories - Adding category ID 62 (Supplies)
SCRIPT       : ExpansionMarketSettings::LoadCategories - Adding category ID 63 (Sweaters_And_Hoodies)
SCRIPT       : ExpansionMarketSettings::LoadCategories - Adding category ID 64 (Tents)
SCRIPT       : ExpansionMarketSettings::LoadCategories - Adding category ID 65 (Tools)
SCRIPT       : ExpansionMarketSettings::LoadCategories - Adding category ID 66 (Vehicle_Parts)
SCRIPT       : ExpansionMarketSettings::LoadCategories - Adding category ID 67 (Vests)
SCRIPT       : 15:34:36.714 [EXPANSION DEBUG]: [ExpansionAirdropSettings] Load existing setting file:$profile:ExpansionMod\Settings\AirdropSettings.json
SCRIPT       : 15:34:36.839 [EXPANSION DEBUG]: [ExpansionMissionSettings] Load existing setting file:$profile:ExpansionMod\Settings\MissionSettings.json
SCRIPT       : 15:34:36.839 [EXPANSION DEBUG]: [ExpansionMapSettings] Load existing setting file:$mission:expansion\settings\MapSettings.json
SCRIPT       : 15:34:36.851 [EXPANSION DEBUG]: [ExpansionPersonalStorageNewSettings] Load existing setting file:$profile:ExpansionMod\Settings\PersonalStorageNewSettings.json
SCRIPT       : 15:34:36.851 [EXPANSION DEBUG]: [ExpansionGeneralSettings] Load existing setting file:$profile:ExpansionMod\Settings\GeneralSettings.json
SCRIPT       : 15:34:36.851 [EXPANSION DEBUG]: [ExpansionPlayerListSettings] Load existing setting file:$profile:ExpansionMod\Settings\PlayerListSettings.json
SCRIPT       : 15:34:36.851 [EXPANSION DEBUG]: [ExpansionSocialMediaSettings] Load existing setting file:$profile:ExpansionMod\Settings\SocialMediaSettings.json
SCRIPT       : 15:34:36.855 [EXPANSION DEBUG]: [ExpansionSpawnSettings] Load existing setting file:$mission:expansion\settings\SpawnSettings.json
SCRIPT       : 15:34:36.855 [EXPANSION DEBUG]: [ExpansionVehicleSettings] Load existing setting file:$profile:ExpansionMod\Settings\VehicleSettings.json
SCRIPT       : 15:34:36.855 [EXPANSION DEBUG]: [ExpansionAISettings] Load existing setting file:$profile:ExpansionMod\Settings\AISettings.json
SCRIPT       : 15:34:36.855 [EXPANSION DEBUG]: [ExpansionAIPatrolSettings] Load existing setting file:$mission:expansion\settings\AIPatrolSettings.json
SCRIPT       : 15:34:36.859 [EXPANSION DEBUG]: [ExpansionBaseBuildingSettings] Load existing setting file:$mission:expansion\settings\BaseBuildingSettings.json
SCRIPT       : 15:34:36.863 [EXPANSION DEBUG]: [ExpansionRaidSettings] Load existing setting file:$profile:ExpansionMod\Settings\RaidSettings.json
SCRIPT       : 15:34:36.863 [EXPANSION DEBUG]: [ExpansionTerritorySettings] Load existing setting file:$profile:ExpansionMod\Settings\TerritorySettings.json
SCRIPT       : 15:34:36.863 [EXPANSION DEBUG]: [ExpansionChatSettings] Load existing setting file:$profile:ExpansionMod\Settings\ChatSettings.json
SCRIPT       : [DefineTest] EXPANSIONMOD is defined
SCRIPT       : [DefineTest] EXPANSIONMODAI is defined
SCRIPT       : [DefineTest] EXPANSIONMODANIMATIONS is defined
SCRIPT       : [DefineTest] EXPANSIONMODBASEBUILDING is defined
SCRIPT       : [DefineTest] EXPANSIONMODBOOK is defined
SCRIPT       : [DefineTest] EXPANSIONMODCHAT is defined
SCRIPT       : [DefineTest] EXPANSIONMODCORE is defined
SCRIPT       : [DefineTest] EXPANSIONMODGARAGE is defined
SCRIPT       : [DefineTest] EXPANSIONMODGROUPS is defined
SCRIPT       : [DefineTest] EXPANSIONMODHARDLINE is defined
SCRIPT       : [DefineTest] EXPANSIONMODKILLFEED is defined
SCRIPT       : [DefineTest] EXPANSIONMODMAPASSETS is defined
SCRIPT       : [DefineTest] EXPANSIONMODMARKET is defined
SCRIPT       : [DefineTest] EXPANSIONMODMISSIONS is defined
SCRIPT       : [DefineTest] EXPANSIONMODNAMETAGS is defined
SCRIPT       : [DefineTest] EXPANSIONMODNAVIGATION is defined
SCRIPT       : [DefineTest] EXPANSIONMODP2PMARKET is defined
SCRIPT       : [DefineTest] EXPANSIONMODPERSONALSTORAGE is defined
SCRIPT       : [DefineTest] EXPANSIONMODQUESTS is defined
SCRIPT       : [DefineTest] EXPANSIONMODSPAWNSELECTION is defined
SCRIPT       : [DefineTest] EXPANSIONMODVEHICLE is defined
SCRIPT       : [DefineTest] EXPANSIONMODWEAPONS is defined
SCRIPT       : [DefineTest] CfgMods:
SCRIPT       : defaultAction
SCRIPT       : DayZ
SCRIPT       : DZ_Expansion_AI_Preload
SCRIPT       : DZ_Expansion_Animations_Preload
SCRIPT       : DZ_Expansion_BaseBuilding_Preload
SCRIPT       : DZ_Expansion_Book_Preload
SCRIPT       : DZ_Expansion_Chat_Preload
SCRIPT       : DZ_Expansion_Core_Preload
SCRIPT       : DZ_Expansion_Garage_Preload
SCRIPT       : DZ_Expansion_Groups_Preload
SCRIPT       : DZ_Expansion_Hardline_Preload
SCRIPT       : DZ_Expansion_KillFeed_Preload
SCRIPT       : DZ_Expansion_MapAssets_Preload
SCRIPT       : DZ_Expansion_Market_Preload
SCRIPT       : DZ_Expansion_Missions_Preload
SCRIPT       : DZ_Expansion_ModStorage_Preload
SCRIPT       : DZ_Expansion_NameTags_Preload
SCRIPT       : DZ_Expansion_Navigation_Preload
SCRIPT       : DZ_Expansion_P2PMarket_Preload
SCRIPT       : DZ_Expansion_PersonalStorage_Preload
SCRIPT       : DZ_Expansion_Preload
SCRIPT       : DZ_Expansion_Quests_Preload
SCRIPT       : DZ_Expansion_SpawnSelection_Preload
SCRIPT       : DZ_Expansion_Vehicles_Preload
SCRIPT       : DZ_Expansion_Weapons_Preload
SCRIPT       : DZ_DabsFramework
SCRIPT       : DZ_Expansion_DefineTest
SCRIPT       : DZ_Expansion_MapAssets
SCRIPT       : bliss
SCRIPT       : JM_CommunityFramework
SCRIPT       : JM_CommunityOnlineTools
SCRIPT       : DZ_Expansion_ModStorage
SCRIPT       : DZ_Expansion_Core
SCRIPT       : DZ_Expansion_Garage
SCRIPT       : DZ_Expansion_Groups
SCRIPT       : DZ_Expansion_Market
SCRIPT       : DZ_Expansion_Missions
SCRIPT       : DZ_Expansion_NameTags
SCRIPT       : DZ_Expansion_Navigation
SCRIPT       : DZ_Expansion_NotificationScheduler
SCRIPT       : DZ_Expansion_P2PMarket
SCRIPT       : DZ_Expansion_PersonalStorage
SCRIPT       : DZ_Expansion_PersonalStorageNew
SCRIPT       : DZ_Expansion_PlayerList
SCRIPT       : DZ_Expansion
SCRIPT       : DZ_Expansion_SpawnSelection
SCRIPT       : DZ_Expansion_VanillaFixes
SCRIPT       : DZ_Expansion_Vehicles
SCRIPT       : DZ_Expansion_Weapons
SCRIPT       : DZ_Expansion_AI
SCRIPT       : DZ_Expansion_BaseBuilding
SCRIPT       : DZ_Expansion_Book
SCRIPT       : DZ_Expansion_Chat
SCRIPT       : DZ_Expansion_Hardline
SCRIPT       : DZ_Expansion_Quests
SCRIPT       : DZ_Expansion_VirtualContainerStorage
SCRIPT       : DayZ_Expansion_AI_Dynamic
SCRIPT       : 15:34:37.199 [EXPANSION DEBUG]: ModStorage v5
SCRIPT       : 15:34:40.058 [EXPANSION DEBUG]: ExpansionTraderJudy<31f94020>::SetTraderObject ExpansionTraderObjectBase<4ba921c0> <4973.928711, 9.510984, 2436.782959>
SCRIPT       : 15:34:40.058 [EXPANSION DEBUG]: LoadMissionTradersFile trader ExpansionTraderJudy<31f94020> fileName Aircraft
SCRIPT       : 15:34:40.070 [EXPANSION DEBUG]: ExpansionTraderJose<e02c0010>::SetTraderObject ExpansionTraderObjectBase<4bb55a90> <14353.624023, 3.326771, 13229.217773>
SCRIPT       : 15:34:40.070 [EXPANSION DEBUG]: LoadMissionTradersFile trader ExpansionTraderJose<e02c0010> fileName Boats
SCRIPT       : 15:34:40.078 [EXPANSION DEBUG]: ExpansionTraderEva<fc7782b0>::SetTraderObject ExpansionTraderObjectBase<4bb72780> <14378.793945, 3.325975, 13271.585938>
SCRIPT       : 15:34:40.078 [EXPANSION DEBUG]: LoadMissionTradersFile trader ExpansionTraderEva<fc7782b0> fileName Fishing
SCRIPT       : 15:34:40.085 [EXPANSION DEBUG]: ExpansionTraderLewis<d2f78030>::SetTraderObject ExpansionTraderObjectBase<4bcb5330> <1756.656372, 1.415564, 2027.359741>
SCRIPT       : 15:34:40.085 [EXPANSION DEBUG]: LoadMissionTradersFile trader ExpansionTraderLewis<d2f78030> fileName Boats
SCRIPT       : 15:34:40.085 [EXPANSION DEBUG]: LoadMissionTradersFile trader ExpansionTraderStaticBase<3ff35f20> fileName Exchange
SCRIPT       : 15:34:40.101 [EXPANSION DEBUG]: ExpansionTraderDenis<4be52020>::SetTraderObject ExpansionTraderObjectBase<4be3adf0> <3697.249512, 402.010010, 5977.625488>
SCRIPT       : 15:34:40.101 [EXPANSION DEBUG]: LoadMissionTradersFile trader ExpansionTraderDenis<4be52020> fileName Clothing
SCRIPT       : 15:34:40.121 [EXPANSION DEBUG]: ExpansionTraderMaria<4bfa0ff0>::SetTraderObject ExpansionTraderObjectBase<4bf60470> <3696.455811, 402.010010, 5980.193359>
SCRIPT       : 15:34:40.121 [EXPANSION DEBUG]: LoadMissionTradersFile trader ExpansionTraderMaria<4bfa0ff0> fileName Clothing_Accessories
SCRIPT       : 15:34:40.136 [EXPANSION DEBUG]: ExpansionTraderQuinn<4bf46020>::SetTraderObject ExpansionTraderObjectBase<4c00a8b0> <3710.121826, 402.010010, 5976.164063>
SCRIPT       : 15:34:40.136 [EXPANSION DEBUG]: LoadMissionTradersFile trader ExpansionTraderQuinn<4bf46020> fileName Consumables
SCRIPT       : 15:34:40.152 [EXPANSION DEBUG]: ExpansionTraderNaomi<546cd010>::SetTraderObject ExpansionTraderObjectBase<547ad7b0> <3708.786865, 402.010010, 5974.589844>
SCRIPT       : 15:34:40.152 [EXPANSION DEBUG]: LoadMissionTradersFile trader ExpansionTraderNaomi<546cd010> fileName Weapons
SCRIPT       : 15:34:40.167 [EXPANSION DEBUG]: ExpansionTraderSeth<a450860>::SetTraderObject ExpansionTraderObjectBase<5490a720> <3710.265137, 402.010010, 5973.340820>
SCRIPT       : 15:34:40.167 [EXPANSION DEBUG]: LoadMissionTradersFile trader ExpansionTraderSeth<a450860> fileName Attachments
SCRIPT       : 15:34:40.179 [EXPANSION DEBUG]: ExpansionTraderRolf<a4600a0>::SetTraderObject ExpansionTraderObjectBase<54a749f0> <3698.172607, 402.010010, 5995.337402>
SCRIPT       : 15:34:40.179 [EXPANSION DEBUG]: LoadMissionTradersFile trader ExpansionTraderRolf<a4600a0> fileName Vehicles
SCRIPT       : 15:34:40.199 [EXPANSION DEBUG]: ExpansionTraderIndar<a463eb0>::SetTraderObject ExpansionTraderObjectBase<54c71db0> <3714.531006, 402.138000, 5961.776367>
SCRIPT       : 15:34:40.199 [EXPANSION DEBUG]: LoadMissionTradersFile trader ExpansionTraderIndar<a463eb0> fileName Components
SCRIPT       : 15:34:40.203 [EXPANSION DEBUG]: ExpansionTraderJudy<a45c290>::SetTraderObject ExpansionTraderObjectBase<54c796a0> <3729.029541, 402.651001, 5969.476563>
SCRIPT       : 15:34:40.203 [EXPANSION DEBUG]: LoadMissionTradersFile trader ExpansionTraderJudy<a45c290> fileName Medicals
SCRIPT       : 15:34:40.207 [EXPANSION DEBUG]: ExpansionTraderNaomi<a44ca50>::SetTraderObject ExpansionTraderObjectBase<54c80c70> <3690.062988, 402.100067, 6006.763672>
SCRIPT       : 15:34:40.207 [EXPANSION DEBUG]: LoadMissionTradersFile trader ExpansionTraderNaomi<a44ca50> fileName Vehicle_Parts
SCRIPT       : 15:34:40.214 [EXPANSION DEBUG]: ExpansionTraderJose<a448c40>::SetTraderObject ExpansionTraderObjectBase<54c856d0> <3699.629883, 402.010010, 5993.970215>
SCRIPT       : 15:34:40.214 [EXPANSION DEBUG]: LoadMissionTradersFile trader ExpansionTraderJose<a448c40> fileName Spraycans
SCRIPT       : 15:34:40.222 [EXPANSION DEBUG]: ExpansionTraderLinda<a4736f0>::SetTraderObject ExpansionTraderObjectBase<54d28a80> <3674.669922, 406.760010, 5990.390137>
SCRIPT       : 15:34:40.222 [EXPANSION DEBUG]: LoadMissionTradersFile trader ExpansionTraderLinda<a4736f0> fileName Special
SCRIPT       : 15:34:40.230 [EXPANSION DEBUG]: ExpansionTraderNiki<a47b310>::SetTraderObject ExpansionTraderObjectBase<54e0d770> <3699.030029, 402.013000, 5973.439941>
SCRIPT       : 15:34:40.230 [EXPANSION DEBUG]: LoadMissionTradersFile trader ExpansionTraderNiki<a47b310> fileName BuildingSupplies
SCRIPT       : 15:34:40.238 [EXPANSION DEBUG]: ExpansionTraderFrancis<a467cc0>::SetTraderObject ExpansionTraderObjectBase<54ebaec0> <1153.964844, 6.463035, 2409.763184>
SCRIPT       : 15:34:40.238 [EXPANSION DEBUG]: LoadMissionTradersFile trader ExpansionTraderFrancis<a467cc0> fileName Attachments
SCRIPT       : 15:34:40.246 [EXPANSION DEBUG]: ExpansionTraderKaito<a46f8e0>::SetTraderObject ExpansionTraderObjectBase<54fc3420> <1117.021240, 5.495151, 2413.766357>
SCRIPT       : 15:34:40.246 [EXPANSION DEBUG]: LoadMissionTradersFile trader ExpansionTraderKaito<a46f8e0> fileName Components
SCRIPT       : 15:34:40.253 [EXPANSION DEBUG]: ExpansionTraderCyril<a47f120>::SetTraderObject ExpansionTraderObjectBase<550cf1e0> <1136.987427, 5.908522, 2439.662598>
SCRIPT       : 15:34:40.253 [EXPANSION DEBUG]: LoadMissionTradersFile trader ExpansionTraderCyril<a47f120> fileName Clothing
SCRIPT       : 15:34:40.265 [EXPANSION DEBUG]: ExpansionTraderGuo<a46bad0>::SetTraderObject ExpansionTraderObjectBase<551fb0f0> <1133.974854, 5.909700, 2442.412598>
SCRIPT       : 15:34:40.265 [EXPANSION DEBUG]: LoadMissionTradersFile trader ExpansionTraderGuo<a46bad0> fileName Clothing_Accessories
SCRIPT       : 15:34:40.269 [EXPANSION DEBUG]: ExpansionTraderBoris<a477500>::SetTraderObject ExpansionTraderObjectBase<5529c030> <1123.468262, 15.349299, 2426.316162>
SCRIPT       : 15:34:40.269 [EXPANSION DEBUG]: LoadMissionTradersFile trader ExpansionTraderBoris<a477500> fileName Exchange
SCRIPT       : 15:34:40.273 [EXPANSION DEBUG]: ExpansionTraderLinda<55326060>::SetTraderObject ExpansionTraderObjectBase<552a01d0> <1135.892822, 5.908773, 2436.856689>
SCRIPT       : 15:34:40.273 [EXPANSION DEBUG]: LoadMissionTradersFile trader ExpansionTraderLinda<55326060> fileName Consumables
SCRIPT       : 15:34:40.281 [EXPANSION DEBUG]: ExpansionTraderKeiko<55331a90>::SetTraderObject ExpansionTraderObjectBase<553cf8c0> <1130.731689, 5.951744, 2438.009277>
SCRIPT       : 15:34:40.281 [EXPANSION DEBUG]: LoadMissionTradersFile trader ExpansionTraderKeiko<55331a90> fileName Medicals
SCRIPT       : 15:34:40.285 [EXPANSION DEBUG]: ExpansionTraderHelga<5533d4c0>::SetTraderObject ExpansionTraderObjectBase<554d99a0> <1141.654419, 5.906255, 2421.591309>
SCRIPT       : 15:34:40.285 [EXPANSION DEBUG]: LoadMissionTradersFile trader ExpansionTraderHelga<5533d4c0> fileName Special
SCRIPT       : 15:34:40.296 [EXPANSION DEBUG]: ExpansionTraderFrida<553396b0>::SetTraderObject ExpansionTraderObjectBase<5561f900> <1120.135132, 5.600746, 2417.465820>
SCRIPT       : 15:34:40.296 [EXPANSION DEBUG]: LoadMissionTradersFile trader ExpansionTraderFrida<553396b0> fileName Vehicles
SCRIPT       : 15:34:40.300 [EXPANSION DEBUG]: ExpansionTraderHassan<553358a0>::SetTraderObject ExpansionTraderObjectBase<5563ba60> <1123.977905, 5.639271, 2417.411865>
SCRIPT       : 15:34:40.300 [EXPANSION DEBUG]: LoadMissionTradersFile trader ExpansionTraderHassan<553358a0> fileName Vehicle_Parts
SCRIPT       : 15:34:40.304 [EXPANSION DEBUG]: ExpansionTraderDenis<553412d0>::SetTraderObject ExpansionTraderObjectBase<584deae0> <1156.719727, 6.513331, 2406.355225>
SCRIPT       : 15:34:40.304 [EXPANSION DEBUG]: LoadMissionTradersFile trader ExpansionTraderDenis<553412d0> fileName Weapons
SCRIPT       : 15:34:40.312 [EXPANSION DEBUG]: ExpansionTraderGabi<553450e0>::SetTraderObject ExpansionTraderObjectBase<584faa10> <1135.689941, 5.900000, 2423.300049>
SCRIPT       : 15:34:40.312 [EXPANSION DEBUG]: LoadMissionTradersFile trader ExpansionTraderGabi<553450e0> fileName BuildingSupplies
SCRIPT       : 15:34:40.312 [EXPANSION DEBUG]: ExpansionTraderFrancis<55329e70>::SetTraderObject ExpansionTraderObjectBase<5859b9f0> <11835.901367, 140.617874, 12474.744141>
SCRIPT       : 15:34:40.312 [EXPANSION DEBUG]: LoadMissionTradersFile trader ExpansionTraderFrancis<55329e70> fileName Attachments
SCRIPT       : 15:34:40.316 [EXPANSION DEBUG]: ExpansionTraderLinda<5532dc80>::SetTraderObject ExpansionTraderObjectBase<585a1350> <11856.716797, 140.565109, 12461.438477>
SCRIPT       : 15:34:40.316 [EXPANSION DEBUG]: LoadMissionTradersFile trader ExpansionTraderLinda<5532dc80> fileName Consumables
SCRIPT       : 15:34:40.320 [EXPANSION DEBUG]: ExpansionTraderCyril<55348ef0>::SetTraderObject ExpansionTraderObjectBase<585a67b0> <11855.000000, 140.605103, 12466.099609>
SCRIPT       : 15:34:40.320 [EXPANSION DEBUG]: LoadMissionTradersFile trader ExpansionTraderCyril<55348ef0> fileName Clothing
SCRIPT       : 15:34:40.324 [EXPANSION DEBUG]: ExpansionTraderGuo<55350b10>::SetTraderObject ExpansionTraderObjectBase<585ab800> <11855.200195, 140.605103, 12470.487305>
SCRIPT       : 15:34:40.324 [EXPANSION DEBUG]: LoadMissionTradersFile trader ExpansionTraderGuo<55350b10> fileName Clothing_Accessories
SCRIPT       : 15:34:40.328 [EXPANSION DEBUG]: ExpansionTraderKaito<5534cd00>::SetTraderObject ExpansionTraderObjectBase<585afdb0> <11849.400391, 140.605087, 12466.200195>
SCRIPT       : 15:34:40.328 [EXPANSION DEBUG]: LoadMissionTradersFile trader ExpansionTraderKaito<5534cd00> fileName Components
SCRIPT       : 15:34:40.328 [EXPANSION DEBUG]: ExpansionTraderBoris<55354920>::SetTraderObject ExpansionTraderObjectBase<585b6ed0> <11858.202148, 140.615112, 12463.234375>
SCRIPT       : 15:34:40.328 [EXPANSION DEBUG]: LoadMissionTradersFile trader ExpansionTraderBoris<55354920> fileName Exchange
SCRIPT       : 15:34:40.332 [EXPANSION DEBUG]: ExpansionTraderKeiko<55358730>::SetTraderObject ExpansionTraderObjectBase<5875fe50> <11853.218750, 140.605087, 12463.277344>
SCRIPT       : 15:34:40.332 [EXPANSION DEBUG]: LoadMissionTradersFile trader ExpansionTraderKeiko<55358730> fileName Medicals
SCRIPT       : 15:34:40.335 [EXPANSION DEBUG]: ExpansionTraderGabi<5535c540>::SetTraderObject ExpansionTraderObjectBase<58763ff0> <11833.200195, 140.605118, 12461.700195>
SCRIPT       : 15:34:40.335 [EXPANSION DEBUG]: LoadMissionTradersFile trader ExpansionTraderGabi<5535c540> fileName Special
SCRIPT       : 15:34:40.339 [EXPANSION DEBUG]: ExpansionTraderElias<55360350>::SetTraderObject ExpansionTraderObjectBase<58850440> <11877.799805, 140.134796, 12441.599609>
SCRIPT       : 15:34:40.339 [EXPANSION DEBUG]: LoadMissionTradersFile trader ExpansionTraderElias<55360350> fileName Vehicles
SCRIPT       : 15:34:40.343 [EXPANSION DEBUG]: ExpansionTraderHassan<5887ba90>::SetTraderObject ExpansionTraderObjectBase<588557b0> <11878.674805, 140.134796, 12424.302734>
SCRIPT       : 15:34:40.343 [EXPANSION DEBUG]: LoadMissionTradersFile trader ExpansionTraderHassan<5887ba90> fileName Vehicle_Parts
SCRIPT       : 15:34:40.347 [EXPANSION DEBUG]: ExpansionTraderDenis<5887f8a0>::SetTraderObject ExpansionTraderObjectBase<5885a580> <11833.576172, 140.605072, 12469.492188>
SCRIPT       : 15:34:40.347 [EXPANSION DEBUG]: LoadMissionTradersFile trader ExpansionTraderDenis<5887f8a0> fileName Weapons
SCRIPT       : 15:34:40.347 [EXPANSION DEBUG]: ExpansionTraderLinda<58870060>::SetTraderObject ExpansionTraderObjectBase<5885f6c0> <11852.194336, 140.660980, 12472.387695>
SCRIPT       : 15:34:40.347 [EXPANSION DEBUG]: LoadMissionTradersFile trader ExpansionTraderLinda<58870060> fileName BuildingSupplies
SCRIPT       : 15:34:40.355 [EXPANSION DEBUG]: ExpansionTraderManua<588836b0>::SetTraderObject ExpansionTraderObjectBase<589176d0> <11879.722656, 140.094788, 12435.959961>
SCRIPT       : 15:34:40.355 [EXPANSION DEBUG]: LoadMissionTradersFile trader ExpansionTraderManua<588836b0> fileName Spraycans
SCRIPT       : 15:34:40.363 [EXPANSION DEBUG]: ExpansionTraderIrena<5888b2d0>::SetTraderObject ExpansionTraderObjectBase<58a4b360> <12160.279297, 140.580765, 12689.783203>
SCRIPT       : 15:34:40.363 [EXPANSION DEBUG]: LoadMissionTradersFile trader ExpansionTraderIrena<5888b2d0> fileName Aircraft
SCRIPT       : [ExpansionQuestPersistentServerData] Load existing configuration file:$profile:ExpansionMod\Quests\PersistentServerData.json
SCRIPT       : [ExpansionQuestPersistentServerData] Load existing configuration file:$profile:ExpansionMod\Quests\PersistentServerData.json
SCRIPT       : [ExpansionQuestObjectiveTravelConfig] Load existing configuration file:$profile:ExpansionMod\Quests\Objectives\Travel\Objective_T_1.json
SCRIPT       : [ExpansionQuestObjectiveTravelConfig] Load existing configuration file:$profile:ExpansionMod\Quests\Objectives\Travel\Objective_T_2.json
SCRIPT       : [ExpansionQuestObjectiveTravelConfig] Load existing configuration file:$profile:ExpansionMod\Quests\Objectives\Travel\Objective_T_3.json
SCRIPT       : [ExpansionQuestObjectiveTravelConfig] Load existing configuration file:$profile:ExpansionMod\Quests\Objectives\Travel\Objective_T_4.json
SCRIPT       : [ExpansionQuestObjectiveTargetConfig] Load existing configuration file:$profile:ExpansionMod\Quests\Objectives\Target\Objective_TA_1.json
SCRIPT       : [ExpansionQuestObjectiveTargetConfig] Load existing configuration file:$profile:ExpansionMod\Quests\Objectives\Target\Objective_TA_2.json
SCRIPT       : [ExpansionQuestObjectiveTargetConfig] Load existing configuration file:$profile:ExpansionMod\Quests\Objectives\Target\Objective_TA_3.json
SCRIPT       : [ExpansionQuestObjectiveTargetConfig] Load existing configuration file:$profile:ExpansionMod\Quests\Objectives\Target\Objective_TA_4.json
SCRIPT       : [ExpansionQuestObjectiveDeliveryConfig] Load existing configuration file:$profile:ExpansionMod\Quests\Objectives\Delivery\Objective_D_1.json
SCRIPT       : [ExpansionQuestObjectiveDeliveryConfig] Load existing configuration file:$profile:ExpansionMod\Quests\Objectives\Delivery\Objective_D_2.json
SCRIPT       : [ExpansionQuestObjectiveCollectionConfig] Load existing configuration file:$profile:ExpansionMod\Quests\Objectives\Collection\Objective_C_1.json
SCRIPT       : [ExpansionQuestObjectiveCollectionConfig] Load existing configuration file:$profile:ExpansionMod\Quests\Objectives\Collection\Objective_C_2.json
SCRIPT       : [ExpansionQuestObjectiveCollectionConfig] Load existing configuration file:$profile:ExpansionMod\Quests\Objectives\Collection\Objective_C_3.json
SCRIPT       : [ExpansionQuestObjectiveTreasureHuntConfig] Load existing configuration file:$profile:ExpansionMod\Quests\Objectives\TreasureHunt\Objective_TH_1.json
SCRIPT       : [ExpansionQuestObjectiveActionConfig] Load existing configuration file:$profile:ExpansionMod\Quests\Objectives\Action\Objective_A_1.json
SCRIPT       : [ExpansionQuestObjectiveActionConfig] Load existing configuration file:$profile:ExpansionMod\Quests\Objectives\Action\Objective_A_2.json
SCRIPT       : [ExpansionQuestObjectiveCraftingConfig] Load existing configuration file:$profile:ExpansionMod\Quests\Objectives\Crafting\Objective_CR_1.json
SCRIPT       : [ExpansionQuestObjectiveAIPatrolConfig] Load existing configuration file:$profile:ExpansionMod\Quests\Objectives\AIPatrol\Objective_AIP_1.json
SCRIPT       : [ExpansionQuestObjectiveAICampConfig] Load existing configuration file:$profile:ExpansionMod\Quests\Objectives\AICamp\Objective_AIC_1.json
SCRIPT       : [ExpansionQuestObjectiveAIEscortConfig] Load existing configuration file:$profile:ExpansionMod\Quests\Objectives\AIVIP\Objective_AIESCORT_1.json
SCRIPT       : [ExpansionQuestNPCData] Load existing configuration file:QuestNPC_1.json
SCRIPT       : [ExpansionQuestNPCData] Load existing configuration file:QuestNPC_2.json
SCRIPT       : [ExpansionQuestNPCData] Load existing configuration file:QuestNPC_3.json
SCRIPT       : 15:34:56.230 [EXPANSION DEBUG]: ExpansionP2PTraderAIIrena<d9e28190>::SetP2PTraderID - ID: 1
SCRIPT       : ExpansionZonePolygon<c9e8b7b0> position=<12015.854492, 0.000000, 12591.097656> radius=419.633
SCRIPT       : ExpansionZoneCircle<d9bf7930> position=<1143.140015, 0.000000, 2423.270020> radius=700
SCRIPT       : ExpansionZoneCircle<d9bf7810> position=<3728.270020, 0.000000, 6003.600098> radius=500
SCRIPT       : Found 3 zones!
SCRIPT       : ExpansionMarketItem marketItem = ExpansionMarketItem<2b683030>
SCRIPT       : int worth =   1
SCRIPT       : 15:34:56.277 [EXPANSION DEBUG]: ExpansionQuestNPCAIDenis<db0d0220>::OnEnterSafeZone
SCRIPT       : bool m_Expansion_LeavingSafeZone = 0
SCRIPT       : bool m_Expansion_IsInSafeZone = 0
SCRIPT       : bool m_Expansion_IsInSafeZoneSynchRemote = 0
SCRIPT       : 15:34:56.277 [EXPANSION DEBUG]: ExpansionP2PTraderAIIrena<d9e28190>::OnEnterSafeZone
SCRIPT       : bool m_Expansion_LeavingSafeZone = 0
SCRIPT       : bool m_Expansion_IsInSafeZone = 0
SCRIPT       : bool m_Expansion_IsInSafeZoneSynchRemote = 0
SCRIPT       : 15:34:57.570 [EXPANSION DEBUG]: ExpansionItemSpawnHelper::Clone - created FAMAS:030911 at location { type=HANDS item=FAMAS:030882 parent=ExpansionQuestNPCAIDenis:044 }
SCRIPT       : 15:34:57.570 [EXPANSION DEBUG]: ExpansionItemSpawnHelper::Clone - created Mag_FAMAS_25Rnd:030912 at location { type=ATTACHMENT item=null parent=FAMAS:030911 slot=magazine }
SCRIPT       : [emote] ExpansionQuestNPCAIDenis:044 play emote id=46 IH=FAMAS:030911
SCRIPT       : [emote] ExpansionP2PTraderAIIrena:043 play emote id=46 IH=null
SCRIPT       : 15:34:58.746 [EXPANSION DEBUG]: ExpansionItemSpawnHelper::Clone - created AK101:030883 at location { type=HANDS item=AK101:030895 parent=ExpansionQuestNPCAIElias:045 }
SCRIPT       : 15:34:58.750 [EXPANSION DEBUG]: ExpansionItemSpawnHelper::Clone - created Mag_AK101_30Rnd:030882 at location { type=ATTACHMENT item=null parent=AK101:030883 slot=magazine }
SCRIPT       : [emote] ExpansionQuestNPCAIElias:045 play emote id=14 IH=AK101:030883
SCRIPT       : 15:35:20.566 [EXPANSION DEBUG]: ExpansionHardlineModule<6e30790> ::LoadPlayerData - Loaded player hardline data for player Blorpus9000[3I2KPiMwtNrbRzLe964-q3OrI2Ligr9LBcsFxmVIl3Q=]
SCRIPT       : ---- PlayerBase OnStoreLoad SUCCESS ----
SCRIPT       : 15:35:30.769 [EXPANSION DEBUG]: ExpansionQuestModule<9c63e50> Sending 21 quest configs to client with UID: 3I2KPiMwtNrbRzLe964-q3OrI2Ligr9LBcsFxmVIl3Q=
SCRIPT       : 15:35:30.773 [EXPANSION DEBUG]: ExpansionQuestModule<9c63e50> Sending player quest data for 4 quests to player with UID: 3I2KPiMwtNrbRzLe964-q3OrI2Ligr9LBcsFxmVIl3Q=
SCRIPT       : JMCameraModule::RPC_Leave - timestamp 101.646
SCRIPT       : JMCameraModule::Server_Leave - target SurvivorBase<49a8e860>
SCRIPT       : JMCameraModule::Server_Leave - spectated player NULL
SCRIPT       : 15:36:11.242 [EXPANSION DEBUG]: ExpansionItemSpawnHelper::Clone - created M16A2:031013 at location { type=HANDS item=M16A2:030996 parent=eAI_SurvivorF_Eva:049 }
SCRIPT       : 15:36:11.242 [EXPANSION DEBUG]: ExpansionItemSpawnHelper::Clone - created Mag_STANAG_30Rnd:031014 at location { type=ATTACHMENT item=null parent=M16A2:031013 slot=magazine }
SCRIPT       : 15:36:11.355 [EXPANSION DEBUG]: ExpansionItemSpawnHelper::Clone - created AugShort:030997 at location { type=HANDS item=AugShort:030979 parent=eAI_SurvivorF_Naomi:048 }
SCRIPT       : 15:36:11.355 [EXPANSION DEBUG]: ExpansionItemSpawnHelper::Clone - created Mag_Aug_30Rnd:030996 at location { type=ATTACHMENT item=null parent=AugShort:030997 slot=magazine }
SCRIPT       : 15:36:11.355 [EXPANSION DEBUG]: ExpansionItemSpawnHelper::Clone - created AugOptic:031015 at location { type=ATTACHMENT item=null parent=AugShort:030997 slot=weaponOpticsAug }
SCRIPT       : 15:36:11.359 [EXPANSION DEBUG]: ExpansionItemSpawnHelper::Clone - created AKM:030980 at location { type=HANDS item=AKM:030962 parent=eAI_SurvivorF_Frida:047 }
SCRIPT       : 15:36:11.359 [EXPANSION DEBUG]: ExpansionItemSpawnHelper::Clone - created AK_WoodHndgrd:030979 at location { type=ATTACHMENT item=null parent=AKM:030980 slot=weaponHandguardAK }
SCRIPT       : 15:36:11.359 [EXPANSION DEBUG]: ExpansionItemSpawnHelper::Clone - created AK_WoodBttstck:031012 at location { type=ATTACHMENT item=null parent=AKM:030980 slot=weaponButtstockAK }
SCRIPT       : 15:36:11.359 [EXPANSION DEBUG]: ExpansionItemSpawnHelper::Clone - created Mag_AKM_30Rnd:031016 at location { type=ATTACHMENT item=null parent=AKM:030980 slot=magazine }
SCRIPT       : JMCameraModule::RPC_Leave - timestamp 235.385
SCRIPT       : JMCameraModule::Server_Leave - target SurvivorBase<49a8e860>
SCRIPT       : JMCameraModule::Server_Leave - spectated player NULL
SCRIPT       : 15:38:17.761 [EXPANSION DEBUG]: ExpansionItemSpawnHelper::Clone - created PP19:031039 at location { type=HANDS item=PP19:014442 parent=eAI_SurvivorF_Baty:050 }
SCRIPT       : 15:38:17.765 [EXPANSION DEBUG]: ExpansionItemSpawnHelper::Clone - created Mag_PP19_64Rnd:031040 at location { type=ATTACHMENT item=null parent=PP19:031039 slot=magazine }
SCRIPT       : 15:38:17.789 [EXPANSION DEBUG]: ExpansionItemSpawnHelper::Clone - created SVD:014015 at location { type=HANDS item=SVD:031027 parent=eAI_SurvivorF_Baty:051 }
SCRIPT       : 15:38:17.789 [EXPANSION DEBUG]: ExpansionItemSpawnHelper::Clone - created Mag_SVD_10Rnd:014442 at location { type=ATTACHMENT item=null parent=SVD:014015 slot=magazine }
SCRIPT       : [Logout]: New player 3I2KPiMwtNrbRzLe964-q3OrI2Ligr9LBcsFxmVIl3Q= with logout time 3
SCRIPT       : [emote] SurvivorM_Lewis:046 play emote id=14 IH=CZ527:030915
SCRIPT       : 15:39:15.187 [EXPANSION DEBUG]: ExpansionQuestPersistentData<ec866f70> ~ExpansionQuestPersistentData (4)
SCRIPT       : [Logout]: Player 3I2KPiMwtNrbRzLe964-q3OrI2Ligr9LBcsFxmVIl3Q= finished
