---------------------------------------------
Log C:\Program Files (x86)\Steam\steamapps\common\DayZServerAug2\config\script_2023-08-10_15-13-16.log started at 10.08. 15:13:16

SCRIPT       : Registered 397 temporary action enum(s), UAN==397
SCRIPT       : Registering faction type eAIFactionShamans ID -1484989417
SCRIPT       : Registering faction type eAIFactionObservers ID -563736721
SCRIPT       : Registering faction type eAIFactionInvincibleObservers ID -1227299746
SCRIPT       : Registering faction type eAIFactionEast ID 90522109
SCRIPT       : Registering faction type eAIFactionGuards ID 963933710
SCRIPT       : Registering faction type eAIFactionRaiders ID 1535276022
SCRIPT       : Registering faction type eAIFactionMercenaries ID 1629891834
SCRIPT       : Registering faction type eAIFactionWest ID 113880155
SCRIPT       : Registering faction type eAIFactionCivilian ID 1096178351
SCRIPT       : Registering faction type eAIFactionPassive ID -1159399789
SCRIPT       : Registering faction type eAIFactionInvincibleGuards ID 782746017
SCRIPT       : ... Backlit Effects Enabled
SCRIPT       : 15:13:18 [EXPANSION LOG]: DayZGame<555ade10> Start time (local time) 2023-08-10 15:13:12
SCRIPT       : 15:13:18 [EXPANSION LOG]: DayZGame<555ade10> Start time (UTC) 2023-08-10 20:13:12
SCRIPT       : 15:13:18 [EXPANSION LOG]: DayZGame<555ade10> Runtime since start (seconds) 6.89
SCRIPT    (W): @"JM/COT/Scripts/4_World/communityonlinetools\classes\webhook\jmwebhookdiscordmessage.c,19": Possible variable name conflict 'username'
SCRIPT    (W): @"JM/COT/Scripts/4_World/communityonlinetools\classes\webhook\jmwebhookdiscordmessage.c,19": Possible variable name conflict 'avatar_url'
SCRIPT    (W): @"JM/COT/Scripts/4_World/communityonlinetools\classes\webhook\jmwebhookdiscordmessage.c,19": Possible variable name conflict 'content'
SCRIPT    (W): @"JM/COT/Scripts/4_World/communityonlinetools\classes\webhook\jmwebhookdiscordmessage.c,151": Possible variable name conflict 'url'
SCRIPT    (W): @"JM/COT/Scripts/4_World/communityonlinetools\classes\webhook\jmwebhookdiscordmessage.c,172": Possible variable name conflict 'url'
SCRIPT    (W): @"JM/COT/Scripts/4_World/communityonlinetools\classes\webhook\jmwebhookdiscordmessage.c,180": Possible variable name conflict 'url'
SCRIPT       : 15:13:33.125 [EXPANSION DEBUG]: [ExpansionDebugSettings] Load existing setting file:$profile:ExpansionMod\Settings\DebugSettings.json
SCRIPT       : 15:13:33.128 [EXPANSION DEBUG]: [ExpansionLogSettings] Load existing setting file:$profile:ExpansionMod\Settings\LogsSettings.json
SCRIPT       : 15:13:33.144 [EXPANSION DEBUG]: [ExpansionNotificationSettings] Load existing setting file:$profile:ExpansionMod\Settings\NotificationSettings.json
SCRIPT       : 15:13:33.148 [EXPANSION DEBUG]: [ExpansionMonitoringSettings] Load existing setting file:$profile:ExpansionMod\Settings\MonitoringSettings.json
SCRIPT       : 15:13:33.152 [EXPANSION DEBUG]: [ExpansionDamageSystemSettings] Load existing setting file:$profile:ExpansionMod\Settings\DamageSystemSettings.json
SCRIPT       : 15:13:33.156 [EXPANSION DEBUG]: [ExpansionPartySettings] Load existing setting file:$profile:ExpansionMod\Settings\PartySettings.json
SCRIPT       : 15:13:33.160 [EXPANSION DEBUG]: [ExpansionHardlineSettings] Load existing setting file:$mission:expansion\settings\HardlineSettings.json
SCRIPT       : 15:13:33.164 [EXPANSION DEBUG]: [ExpansionMarketSettings] Load existing setting file:$mission:expansion\settings\MarketSettings.json
SCRIPT       : ExpansionMarketSettings::LoadCategories - Adding category ID 1 (Ammo)
SCRIPT       : ExpansionMarketSettings::LoadCategories - Adding category ID 2 (Ammo_Boxes)
SCRIPT       : ExpansionMarketSettings::LoadCategories - Adding category ID 3 (Armbands)
SCRIPT       : ExpansionMarketSettings::LoadCategories - Adding category ID 4 (Assault_Rifles)
SCRIPT       : ExpansionMarketSettings::LoadCategories - Adding category ID 5 (Backpacks)
SCRIPT       : ExpansionMarketSettings::LoadCategories - Adding category ID 6 (Bandanas)
SCRIPT       : ExpansionMarketSettings::LoadCategories - Adding category ID 7 (Batteries)
SCRIPT       : ExpansionMarketSettings::LoadCategories - Adding category ID 8 (Bayonets)
SCRIPT       : ExpansionMarketSettings::LoadCategories - Adding category ID 9 (Belts)
SCRIPT       : ExpansionMarketSettings::LoadCategories - Adding category ID 10 (Blouses_And_Suits)
SCRIPT       : ExpansionMarketSettings::LoadCategories - Adding category ID 11 (Boats)
SCRIPT       : ExpansionMarketSettings::LoadCategories - Adding category ID 12 (Boots_And_Shoes)
SCRIPT       : ExpansionMarketSettings::LoadCategories - Adding category ID 13 (Buttstocks)
SCRIPT       : ExpansionMarketSettings::LoadCategories - Adding category ID 14 (Caps)
SCRIPT       : ExpansionMarketSettings::LoadCategories - Adding category ID 15 (Cars)
SCRIPT       : ExpansionMarketSettings::LoadCategories - Adding category ID 16 (Coats_And_Jackets)
SCRIPT       : ExpansionMarketSettings::LoadCategories - Adding category ID 17 (Containers)
SCRIPT       : ExpansionMarketSettings::LoadCategories - Adding category ID 18 (Crossbows)
SCRIPT       : ExpansionMarketSettings::LoadCategories - Adding category ID 19 (Drinks)
SCRIPT       : ExpansionMarketSettings::LoadCategories - Adding category ID 20 (Electronics)
SCRIPT       : ExpansionMarketSettings::LoadCategories - Adding category ID 21 (Event)
SCRIPT       : ExpansionMarketSettings::LoadCategories - Adding category ID 22 (Exchange)
SCRIPT       : ExpansionMarketSettings::LoadCategories - Adding category ID 23 (Explosives_And_Grenades)
SCRIPT       : ExpansionMarketSettings::LoadCategories - Adding category ID 24 (Eyewear)
SCRIPT       : ExpansionMarketSettings::LoadCategories - Adding category ID 25 (Fish)
SCRIPT       : ExpansionMarketSettings::LoadCategories - Adding category ID 26 (Fishing)
SCRIPT       : ExpansionMarketSettings::LoadCategories - Adding category ID 27 (Flags)
SCRIPT       : ExpansionMarketSettings::LoadCategories - Adding category ID 28 (Food)
SCRIPT       : ExpansionMarketSettings::LoadCategories - Adding category ID 29 (Fruit_And_Vegetables)
SCRIPT       : ExpansionMarketSettings::LoadCategories - Adding category ID 30 (Furnishings)
SCRIPT       : ExpansionMarketSettings::LoadCategories - Adding category ID 31 (Gardening)
SCRIPT       : ExpansionMarketSettings::LoadCategories - Adding category ID 32 (Ghillies)
SCRIPT       : ExpansionMarketSettings::LoadCategories - Adding category ID 33 (Gloves)
SCRIPT       : ExpansionMarketSettings::LoadCategories - Adding category ID 34 (Handguards)
SCRIPT       : ExpansionMarketSettings::LoadCategories - Adding category ID 35 (Hats_And_Hoods)
SCRIPT       : ExpansionMarketSettings::LoadCategories - Adding category ID 36 (Helicopters)
SCRIPT       : ExpansionMarketSettings::LoadCategories - Adding category ID 37 (Helmets)
SCRIPT       : ExpansionMarketSettings::LoadCategories - Adding category ID 38 (Holsters_And_Pouches)
SCRIPT       : ExpansionMarketSettings::LoadCategories - Adding category ID 39 (Kits)
SCRIPT       : ExpansionMarketSettings::LoadCategories - Adding category ID 40 (Knifes)
SCRIPT       : ExpansionMarketSettings::LoadCategories - Adding category ID 41 (Launchers)
SCRIPT       : ExpansionMarketSettings::LoadCategories - Adding category ID 42 (Lights)
SCRIPT       : ExpansionMarketSettings::LoadCategories - Adding category ID 43 (Liquids)
SCRIPT       : ExpansionMarketSettings::LoadCategories - Adding category ID 44 (Locks)
SCRIPT       : ExpansionMarketSettings::LoadCategories - Adding category ID 45 (Magazines)
SCRIPT       : ExpansionMarketSettings::LoadCategories - Adding category ID 46 (Masks)
SCRIPT       : ExpansionMarketSettings::LoadCategories - Adding category ID 47 (Meat)
SCRIPT       : ExpansionMarketSettings::LoadCategories - Adding category ID 48 (Medical)
SCRIPT       : ExpansionMarketSettings::LoadCategories - Adding category ID 49 (Melee_Weapons)
SCRIPT       : ExpansionMarketSettings::LoadCategories - Adding category ID 50 (Muzzles)
SCRIPT       : ExpansionMarketSettings::LoadCategories - Adding category ID 51 (Navigation)
SCRIPT       : ExpansionMarketSettings::LoadCategories - Adding category ID 52 (Optics)
SCRIPT       : ExpansionMarketSettings::LoadCategories - Adding category ID 53 (Pants_And_Shorts)
SCRIPT       : ExpansionMarketSettings::LoadCategories - Adding category ID 54 (Pistols)
SCRIPT       : ExpansionMarketSettings::LoadCategories - Adding category ID 55 (Rifles)
SCRIPT       : ExpansionMarketSettings::LoadCategories - Adding category ID 56 (Shirts_And_TShirts)
SCRIPT       : ExpansionMarketSettings::LoadCategories - Adding category ID 57 (Shotguns)
SCRIPT       : ExpansionMarketSettings::LoadCategories - Adding category ID 58 (Skirts_And_Dresses)
SCRIPT       : ExpansionMarketSettings::LoadCategories - Adding category ID 59 (Sniper_Rifles)
SCRIPT       : ExpansionMarketSettings::LoadCategories - Adding category ID 60 (Spraycans)
SCRIPT       : ExpansionMarketSettings::LoadCategories - Adding category ID 61 (Submachine_Guns)
SCRIPT       : ExpansionMarketSettings::LoadCategories - Adding category ID 62 (Supplies)
SCRIPT       : ExpansionMarketSettings::LoadCategories - Adding category ID 63 (Sweaters_And_Hoodies)
SCRIPT       : ExpansionMarketSettings::LoadCategories - Adding category ID 64 (Tents)
SCRIPT       : ExpansionMarketSettings::LoadCategories - Adding category ID 65 (Tools)
SCRIPT       : ExpansionMarketSettings::LoadCategories - Adding category ID 66 (Vehicle_Parts)
SCRIPT       : ExpansionMarketSettings::LoadCategories - Adding category ID 67 (Vests)
SCRIPT       : 15:13:33.542 [EXPANSION DEBUG]: [ExpansionAirdropSettings] Load existing setting file:$profile:ExpansionMod\Settings\AirdropSettings.json
SCRIPT       : 15:13:33.671 [EXPANSION DEBUG]: [ExpansionMissionSettings] Load existing setting file:$profile:ExpansionMod\Settings\MissionSettings.json
SCRIPT       : 15:13:33.671 [EXPANSION DEBUG]: [ExpansionMapSettings] Load existing setting file:$mission:expansion\settings\MapSettings.json
SCRIPT       : 15:13:33.695 [EXPANSION DEBUG]: [ExpansionPersonalStorageNewSettings] Load existing setting file:$profile:ExpansionMod\Settings\PersonalStorageNewSettings.json
SCRIPT       : 15:13:33.699 [EXPANSION DEBUG]: [ExpansionGeneralSettings] Load existing setting file:$profile:ExpansionMod\Settings\GeneralSettings.json
SCRIPT       : 15:13:33.703 [EXPANSION DEBUG]: [ExpansionPlayerListSettings] Load existing setting file:$profile:ExpansionMod\Settings\PlayerListSettings.json
SCRIPT       : 15:13:33.707 [EXPANSION DEBUG]: [ExpansionSocialMediaSettings] Load existing setting file:$profile:ExpansionMod\Settings\SocialMediaSettings.json
SCRIPT       : 15:13:33.710 [EXPANSION DEBUG]: [ExpansionSpawnSettings] Load existing setting file:$mission:expansion\settings\SpawnSettings.json
SCRIPT    (E): JSON ERROR dolphin/DayZ-Expansion-AI-Dynamic/Scripts/5_Mission/modules\expansionrespawnhandlermodule.c:12
SCRIPT    (E): 
JSON ERROR:
Missing a comma or '}' after an object member.
Function: 'Error'
Stack trace:
scripts/1_Core/proto\endebug.c:92
scripts/3_Game/tools\jsonfileloader.c:29
DayZExpansion/SpawnSelection/Scripts/3_Game/dayzexpansion_spawnselection\settings\spawning\expansionspawnsettings.c:229
DayZExpansion/Core/Scripts/3_Game/dayzexpansion_core\settings\expansionsettingbase.c:45
DayZExpansion/Core/Scripts/3_Game/dayzexpansion_core\settings\expansionsettings.c:55
DayZExpansion/Core/Scripts/3_Game/dayzexpansion_core\settings\expansionsettings.c:35
DayZExpansion/Core/Scripts/3_Game/dayzexpansion_core\settings\expansionsettings.c:265
dolphin/DayZ-Expansion-AI-Dynamic/Scripts/5_Mission/modules\spatialai.c:267
dolphin/DayZ-Expansion-AI-Dynamic/Scripts/5_Mission/modules\spatialai.c:24
dolphin/DayZ-Expansion-AI-Dynamic/Scripts/5_Mission/modules\expansionrespawnhandlermodule.c:12
SCRIPT       : 15:13:33.714 [EXPANSION DEBUG]: [ExpansionVehicleSettings] Load existing setting file:$profile:ExpansionMod\Settings\VehicleSettings.json
SCRIPT       : 15:13:33.718 [EXPANSION DEBUG]: [ExpansionAISettings] Load existing setting file:$profile:ExpansionMod\Settings\AISettings.json
SCRIPT       : 15:13:33.722 [EXPANSION DEBUG]: [ExpansionAIPatrolSettings] Load existing setting file:$mission:expansion\settings\AIPatrolSettings.json
SCRIPT       : 15:13:33.730 [EXPANSION DEBUG]: [ExpansionBaseBuildingSettings] Load existing setting file:$mission:expansion\settings\BaseBuildingSettings.json
SCRIPT       : 15:13:33.734 [EXPANSION DEBUG]: [ExpansionRaidSettings] Load existing setting file:$profile:ExpansionMod\Settings\RaidSettings.json
SCRIPT       : 15:13:33.738 [EXPANSION DEBUG]: [ExpansionTerritorySettings] Load existing setting file:$profile:ExpansionMod\Settings\TerritorySettings.json
SCRIPT       : 15:13:33.746 [EXPANSION DEBUG]: [ExpansionChatSettings] Load existing setting file:$profile:ExpansionMod\Settings\ChatSettings.json
SCRIPT    (E): JSON ERROR dolphin/DayZ-Expansion-AI-Dynamic/Scripts/5_Mission/modules\expansionrespawnhandlermodule.c:12
SCRIPT    (E): 
JSON ERROR:
Reading variable: data
Expecting instance
Reading variable: Point
Expecting array
At index 0, Expecting instance
Reading variable: Spatial_MinCount
Expecting int
Cannot convert to int

Function: 'Error'
Stack trace:
scripts/1_Core/proto\endebug.c:92
scripts/3_Game/tools\jsonfileloader.c:29
dolphin/DayZ-Expansion-AI-Dynamic/Scripts/3_Game/settings\spatialsettings.c:51
dolphin/DayZ-Expansion-AI-Dynamic/Scripts/3_Game/settings\spatialsettings.c:414
dolphin/DayZ-Expansion-AI-Dynamic/Scripts/5_Mission/modules\spatialai.c:25
dolphin/DayZ-Expansion-AI-Dynamic/Scripts/5_Mission/modules\expansionrespawnhandlermodule.c:12
SCRIPT    (E): JSON ERROR dolphin/DayZ-Expansion-AI-Dynamic/Scripts/5_Mission/modules\expansionrespawnhandlermodule.c:12
SCRIPT    (E): 
JSON ERROR:
Reading variable: data
Expecting instance
Reading variable: Point
Expecting array
At index 0, Expecting instance
Reading variable: Spatial_MinCount
Expecting int
Cannot convert to int

Function: 'Error'
Stack trace:
scripts/1_Core/proto\endebug.c:92
scripts/3_Game/tools\jsonfileloader.c:29
dolphin/DayZ-Expansion-AI-Dynamic/Scripts/3_Game/settings\spatialsettings.c:51
dolphin/DayZ-Expansion-AI-Dynamic/Scripts/3_Game/settings\spatialsettings.c:20
dolphin/DayZ-Expansion-AI-Dynamic/Scripts/5_Mission/modules\spatialai.c:25
dolphin/DayZ-Expansion-AI-Dynamic/Scripts/5_Mission/modules\expansionrespawnhandlermodule.c:12
SCRIPT       : Spatial AI Config Error - Disabled
SCRIPT       : Expansion version: 1.8.20
SCRIPT       : [DefineTest] EXPANSIONMOD is defined
SCRIPT       : [DefineTest] EXPANSIONMODAI is defined
SCRIPT       : [DefineTest] EXPANSIONMODANIMATIONS is defined
SCRIPT       : [DefineTest] EXPANSIONMODBASEBUILDING is defined
SCRIPT       : [DefineTest] EXPANSIONMODBOOK is defined
SCRIPT       : [DefineTest] EXPANSIONMODCHAT is defined
SCRIPT       : [DefineTest] EXPANSIONMODCORE is defined
SCRIPT       : [DefineTest] EXPANSIONMODGARAGE is defined
SCRIPT       : [DefineTest] EXPANSIONMODGROUPS is defined
SCRIPT       : [DefineTest] EXPANSIONMODHARDLINE is defined
SCRIPT       : [DefineTest] EXPANSIONMODKILLFEED is defined
SCRIPT       : [DefineTest] EXPANSIONMODMAPASSETS is defined
SCRIPT       : [DefineTest] EXPANSIONMODMARKET is defined
SCRIPT       : [DefineTest] EXPANSIONMODMISSIONS is defined
SCRIPT       : [DefineTest] EXPANSIONMODNAMETAGS is defined
SCRIPT       : [DefineTest] EXPANSIONMODNAVIGATION is defined
SCRIPT       : [DefineTest] EXPANSIONMODP2PMARKET is defined
SCRIPT       : [DefineTest] EXPANSIONMODPERSONALSTORAGE is defined
SCRIPT       : [DefineTest] EXPANSIONMODQUESTS is defined
SCRIPT       : [DefineTest] EXPANSIONMODSPAWNSELECTION is defined
SCRIPT       : [DefineTest] EXPANSIONMODVEHICLE is defined
SCRIPT       : [DefineTest] EXPANSIONMODWEAPONS is defined
SCRIPT       : [DefineTest] CfgMods:
SCRIPT       : defaultAction
SCRIPT       : DayZ
SCRIPT       : DZ_Expansion_AI_Preload
SCRIPT       : DZ_Expansion_Animations_Preload
SCRIPT       : DZ_Expansion_BaseBuilding_Preload
SCRIPT       : DZ_Expansion_Book_Preload
SCRIPT       : DZ_Expansion_Chat_Preload
SCRIPT       : DZ_Expansion_Core_Preload
SCRIPT       : DZ_Expansion_Garage_Preload
SCRIPT       : DZ_Expansion_Groups_Preload
SCRIPT       : DZ_Expansion_Hardline_Preload
SCRIPT       : DZ_Expansion_KillFeed_Preload
SCRIPT       : DZ_Expansion_MapAssets_Preload
SCRIPT       : DZ_Expansion_Market_Preload
SCRIPT       : DZ_Expansion_Missions_Preload
SCRIPT       : DZ_Expansion_ModStorage_Preload
SCRIPT       : DZ_Expansion_NameTags_Preload
SCRIPT       : DZ_Expansion_Navigation_Preload
SCRIPT       : DZ_Expansion_P2PMarket_Preload
SCRIPT       : DZ_Expansion_PersonalStorage_Preload
SCRIPT       : DZ_Expansion_Preload
SCRIPT       : DZ_Expansion_Quests_Preload
SCRIPT       : DZ_Expansion_SpawnSelection_Preload
SCRIPT       : DZ_Expansion_Vehicles_Preload
SCRIPT       : DZ_Expansion_Weapons_Preload
SCRIPT       : DZ_DabsFramework
SCRIPT       : DZ_Expansion_DefineTest
SCRIPT       : DZ_Expansion_MapAssets
SCRIPT       : bliss
SCRIPT       : JM_CommunityFramework
SCRIPT       : JM_CommunityOnlineTools
SCRIPT       : PvZmoD_CustomisableZombies
SCRIPT       : BoostZombiesVisionAddon
SCRIPT       : DZ_Expansion_ModStorage
SCRIPT       : DZ_Expansion_Core
SCRIPT       : DZ_Expansion_Garage
SCRIPT       : DZ_Expansion_Groups
SCRIPT       : DZ_Expansion_Market
SCRIPT       : DZ_Expansion_Missions
SCRIPT       : DZ_Expansion_NameTags
SCRIPT       : DZ_Expansion_Navigation
SCRIPT       : DZ_Expansion_NotificationScheduler
SCRIPT       : DZ_Expansion_P2PMarket
SCRIPT       : DZ_Expansion_PersonalStorage
SCRIPT       : DZ_Expansion_PersonalStorageNew
SCRIPT       : DZ_Expansion_PlayerList
SCRIPT       : DZ_Expansion
SCRIPT       : DZ_Expansion_SpawnSelection
SCRIPT       : DZ_Expansion_VanillaFixes
SCRIPT       : DZ_Expansion_Vehicles
SCRIPT       : DZ_Expansion_Weapons
SCRIPT       : DZ_Expansion_AI
SCRIPT       : DZ_Expansion_BaseBuilding
SCRIPT       : DZ_Expansion_Book
SCRIPT       : DZ_Expansion_Chat
SCRIPT       : DZ_Expansion_Hardline
SCRIPT       : DZ_Expansion_Quests
SCRIPT       : DZ_Expansion_VirtualContainerStorage
SCRIPT       : DayZ_Expansion_AI_Dynamic
SCRIPT    (E): JSON ERROR $CurrentDir:mpmissions\Expansion.chernarusplus\init.c:99
SCRIPT    (E): 
JSON ERROR:
Reading variable: data
Expecting instance
Reading variable: Point
Expecting array
At index 0, Expecting instance
Reading variable: Spatial_MinCount
Expecting int
Cannot convert to int

Function: 'Error'
Stack trace:
scripts/1_Core/proto\endebug.c:92
scripts/3_Game/tools\jsonfileloader.c:29
dolphin/DayZ-Expansion-AI-Dynamic/Scripts/3_Game/settings\spatialsettings.c:51
dolphin/DayZ-Expansion-AI-Dynamic/Scripts/3_Game/settings\spatialsettings.c:20
dolphin/DayZ-Expansion-AI-Dynamic/Scripts/5_Mission/mission\missionserver.c:14
$CurrentDir:mpmissions\Expansion.chernarusplus\init.c:99
SCRIPT       : Spatial AI Config Error - Disabled
SCRIPT       : 15:13:34.304 [EXPANSION DEBUG]: ModStorage v5
SCRIPT       : 15:13:37.085 [EXPANSION DEBUG]: ExpansionTraderJudy<24936010>::SetTraderObject ExpansionTraderObjectBase<4bd95720> <4973.928711, 9.510984, 2436.782959>
SCRIPT       : 15:13:37.085 [EXPANSION DEBUG]: LoadMissionTradersFile trader ExpansionTraderJudy<24936010> fileName Aircraft
SCRIPT       : 15:13:37.097 [EXPANSION DEBUG]: ExpansionTraderJose<ee7ee020>::SetTraderObject ExpansionTraderObjectBase<4bf88e20> <14353.624023, 3.326771, 13229.217773>
SCRIPT       : 15:13:37.097 [EXPANSION DEBUG]: LoadMissionTradersFile trader ExpansionTraderJose<ee7ee020> fileName Boats
SCRIPT       : 15:13:37.105 [EXPANSION DEBUG]: ExpansionTraderEva<ad69800>::SetTraderObject ExpansionTraderObjectBase<4c0c1700> <14378.793945, 3.325975, 13271.585938>
SCRIPT       : 15:13:37.105 [EXPANSION DEBUG]: LoadMissionTradersFile trader ExpansionTraderEva<ad69800> fileName Fishing
SCRIPT       : 15:13:37.117 [EXPANSION DEBUG]: ExpansionTraderLewis<4c218010>::SetTraderObject ExpansionTraderObjectBase<4c1a9a50> <1756.656372, 1.415564, 2027.359741>
SCRIPT       : 15:13:37.117 [EXPANSION DEBUG]: LoadMissionTradersFile trader ExpansionTraderLewis<4c218010> fileName Boats
SCRIPT       : 15:13:37.121 [EXPANSION DEBUG]: LoadMissionTradersFile trader ExpansionTraderStaticBase<ed9f6f00> fileName Exchange
SCRIPT       : 15:13:37.136 [EXPANSION DEBUG]: ExpansionTraderDenis<4bdc4020>::SetTraderObject ExpansionTraderObjectBase<4c27e810> <3697.249512, 402.010010, 5977.625488>
SCRIPT       : 15:13:37.136 [EXPANSION DEBUG]: LoadMissionTradersFile trader ExpansionTraderDenis<4bdc4020> fileName Clothing
SCRIPT       : 15:13:37.156 [EXPANSION DEBUG]: ExpansionTraderMaria<4c195010>::SetTraderObject ExpansionTraderObjectBase<4c371020> <3696.455811, 402.010010, 5980.193359>
SCRIPT       : 15:13:37.156 [EXPANSION DEBUG]: LoadMissionTradersFile trader ExpansionTraderMaria<4c195010> fileName Clothing_Accessories
SCRIPT       : 15:13:37.167 [EXPANSION DEBUG]: ExpansionTraderQuinn<4c556020>::SetTraderObject ExpansionTraderObjectBase<4c597260> <3710.121826, 402.010010, 5976.164063>
SCRIPT       : 15:13:37.167 [EXPANSION DEBUG]: LoadMissionTradersFile trader ExpansionTraderQuinn<4c556020> fileName Consumables
SCRIPT       : 15:13:37.183 [EXPANSION DEBUG]: ExpansionTraderNaomi<4c5c2810>::SetTraderObject ExpansionTraderObjectBase<547a3d90> <3708.786865, 402.010010, 5974.589844>
SCRIPT       : 15:13:37.183 [EXPANSION DEBUG]: LoadMissionTradersFile trader ExpansionTraderNaomi<4c5c2810> fileName Weapons
SCRIPT       : 15:13:37.199 [EXPANSION DEBUG]: ExpansionTraderSeth<9f02130>::SetTraderObject ExpansionTraderObjectBase<5499d2f0> <3710.265137, 402.010010, 5973.340820>
SCRIPT       : 15:13:37.199 [EXPANSION DEBUG]: LoadMissionTradersFile trader ExpansionTraderSeth<9f02130> fileName Attachments
SCRIPT       : 15:13:37.210 [EXPANSION DEBUG]: ExpansionTraderRolf<9f15780>::SetTraderObject ExpansionTraderObjectBase<54a88870> <3698.172607, 402.010010, 5995.337402>
SCRIPT       : 15:13:37.210 [EXPANSION DEBUG]: LoadMissionTradersFile trader ExpansionTraderRolf<9f15780> fileName Vehicles
SCRIPT       : 15:13:37.230 [EXPANSION DEBUG]: ExpansionTraderIndar<9f211b0>::SetTraderObject ExpansionTraderObjectBase<54bbcb60> <3714.531006, 402.138000, 5961.776367>
SCRIPT       : 15:13:37.230 [EXPANSION DEBUG]: LoadMissionTradersFile trader ExpansionTraderIndar<9f211b0> fileName Components
SCRIPT       : 15:13:37.234 [EXPANSION DEBUG]: ExpansionTraderJudy<9f24fc0>::SetTraderObject ExpansionTraderObjectBase<54d41ef0> <3729.029541, 402.651001, 5969.476563>
SCRIPT       : 15:13:37.234 [EXPANSION DEBUG]: LoadMissionTradersFile trader ExpansionTraderJudy<9f24fc0> fileName Medicals
SCRIPT       : 15:13:37.234 [EXPANSION DEBUG]: ExpansionTraderNaomi<9f11970>::SetTraderObject ExpansionTraderObjectBase<54d48b60> <3690.062988, 402.100067, 6006.763672>
SCRIPT       : 15:13:37.234 [EXPANSION DEBUG]: LoadMissionTradersFile trader ExpansionTraderNaomi<9f11970> fileName Vehicle_Parts
SCRIPT       : 15:13:37.242 [EXPANSION DEBUG]: ExpansionTraderJose<9f19590>::SetTraderObject ExpansionTraderObjectBase<54d4ce90> <3699.629883, 402.010010, 5993.970215>
SCRIPT       : 15:13:37.242 [EXPANSION DEBUG]: LoadMissionTradersFile trader ExpansionTraderJose<9f19590> fileName Spraycans
SCRIPT       : 15:13:37.253 [EXPANSION DEBUG]: ExpansionTraderLinda<9f09d50>::SetTraderObject ExpansionTraderObjectBase<54e33e80> <3674.669922, 406.760010, 5990.390137>
SCRIPT       : 15:13:37.253 [EXPANSION DEBUG]: LoadMissionTradersFile trader ExpansionTraderLinda<9f09d50> fileName Special
SCRIPT       : 15:13:37.261 [EXPANSION DEBUG]: ExpansionTraderNiki<9f34800>::SetTraderObject ExpansionTraderObjectBase<54f47f70> <3699.030029, 402.013000, 5973.439941>
SCRIPT       : 15:13:37.261 [EXPANSION DEBUG]: LoadMissionTradersFile trader ExpansionTraderNiki<9f34800> fileName BuildingSupplies
SCRIPT       : 15:13:37.273 [EXPANSION DEBUG]: ExpansionTraderFrancis<9f28dd0>::SetTraderObject ExpansionTraderObjectBase<55028a80> <1153.964844, 6.463035, 2409.763184>
SCRIPT       : 15:13:37.273 [EXPANSION DEBUG]: LoadMissionTradersFile trader ExpansionTraderFrancis<9f28dd0> fileName Attachments
SCRIPT       : 15:13:37.281 [EXPANSION DEBUG]: ExpansionTraderKaito<9f2cbe0>::SetTraderObject ExpansionTraderObjectBase<550b2750> <1117.021240, 5.495151, 2413.766357>
SCRIPT       : 15:13:37.281 [EXPANSION DEBUG]: LoadMissionTradersFile trader ExpansionTraderKaito<9f2cbe0> fileName Components
SCRIPT       : 15:13:37.289 [EXPANSION DEBUG]: ExpansionTraderCyril<9f3c420>::SetTraderObject ExpansionTraderObjectBase<55180540> <1136.987427, 5.908522, 2439.662598>
SCRIPT       : 15:13:37.289 [EXPANSION DEBUG]: LoadMissionTradersFile trader ExpansionTraderCyril<9f3c420> fileName Clothing
SCRIPT       : 15:13:37.296 [EXPANSION DEBUG]: ExpansionTraderGuo<9f309f0>::SetTraderObject ExpansionTraderObjectBase<552505e0> <1133.974854, 5.909700, 2442.412598>
SCRIPT       : 15:13:37.296 [EXPANSION DEBUG]: LoadMissionTradersFile trader ExpansionTraderGuo<9f309f0> fileName Clothing_Accessories
SCRIPT       : 15:13:37.304 [EXPANSION DEBUG]: ExpansionTraderBoris<9f38610>::SetTraderObject ExpansionTraderObjectBase<5526d4b0> <1123.468262, 15.349299, 2426.316162>
SCRIPT       : 15:13:37.304 [EXPANSION DEBUG]: LoadMissionTradersFile trader ExpansionTraderBoris<9f38610> fileName Exchange
SCRIPT       : 15:13:37.308 [EXPANSION DEBUG]: ExpansionTraderLinda<553ab6b0>::SetTraderObject ExpansionTraderObjectBase<553e6590> <1135.892822, 5.908773, 2436.856689>
SCRIPT       : 15:13:37.308 [EXPANSION DEBUG]: LoadMissionTradersFile trader ExpansionTraderLinda<553ab6b0> fileName Consumables
SCRIPT       : 15:13:37.312 [EXPANSION DEBUG]: ExpansionTraderKeiko<553b32d0>::SetTraderObject ExpansionTraderObjectBase<55403320> <1130.731689, 5.951744, 2438.009277>
SCRIPT       : 15:13:37.312 [EXPANSION DEBUG]: LoadMissionTradersFile trader ExpansionTraderKeiko<553b32d0> fileName Medicals
SCRIPT       : 15:13:37.320 [EXPANSION DEBUG]: ExpansionTraderHelga<553af4c0>::SetTraderObject ExpansionTraderObjectBase<55513be0> <1141.654419, 5.906255, 2421.591309>
SCRIPT       : 15:13:37.320 [EXPANSION DEBUG]: LoadMissionTradersFile trader ExpansionTraderHelga<553af4c0> fileName Special
SCRIPT       : 15:13:37.328 [EXPANSION DEBUG]: ExpansionTraderFrida<5539be70>::SetTraderObject ExpansionTraderObjectBase<555e56a0> <1120.135132, 5.600746, 2417.465820>
SCRIPT       : 15:13:37.328 [EXPANSION DEBUG]: LoadMissionTradersFile trader ExpansionTraderFrida<5539be70> fileName Vehicles
SCRIPT       : 15:13:37.335 [EXPANSION DEBUG]: ExpansionTraderHassan<553a78a0>::SetTraderObject ExpansionTraderObjectBase<556e0ed0> <1123.977905, 5.639271, 2417.411865>
SCRIPT       : 15:13:37.335 [EXPANSION DEBUG]: LoadMissionTradersFile trader ExpansionTraderHassan<553a78a0> fileName Vehicle_Parts
SCRIPT       : 15:13:37.339 [EXPANSION DEBUG]: ExpansionTraderDenis<553a3a90>::SetTraderObject ExpansionTraderObjectBase<556e5cf0> <1156.719727, 6.513331, 2406.355225>
SCRIPT       : 15:13:37.339 [EXPANSION DEBUG]: LoadMissionTradersFile trader ExpansionTraderDenis<553a3a90> fileName Weapons
SCRIPT       : 15:13:37.343 [EXPANSION DEBUG]: ExpansionTraderGabi<5539fc80>::SetTraderObject ExpansionTraderObjectBase<58e035b0> <1135.689941, 5.900000, 2423.300049>
SCRIPT       : 15:13:37.343 [EXPANSION DEBUG]: LoadMissionTradersFile trader ExpansionTraderGabi<5539fc80> fileName BuildingSupplies
SCRIPT       : 15:13:37.351 [EXPANSION DEBUG]: ExpansionTraderFrancis<55398060>::SetTraderObject ExpansionTraderObjectBase<58e07a20> <11835.901367, 140.617874, 12474.744141>
SCRIPT       : 15:13:37.351 [EXPANSION DEBUG]: LoadMissionTradersFile trader ExpansionTraderFrancis<55398060> fileName Attachments
SCRIPT       : 15:13:37.355 [EXPANSION DEBUG]: ExpansionTraderLinda<553c2b10>::SetTraderObject ExpansionTraderObjectBase<58e0c7f0> <11856.716797, 140.565109, 12461.438477>
SCRIPT       : 15:13:37.355 [EXPANSION DEBUG]: LoadMissionTradersFile trader ExpansionTraderLinda<553c2b10> fileName Consumables
SCRIPT       : 15:13:37.355 [EXPANSION DEBUG]: ExpansionTraderCyril<553bed00>::SetTraderObject ExpansionTraderObjectBase<3d3a58a0> <11855.000000, 140.605103, 12466.099609>
SCRIPT       : 15:13:37.355 [EXPANSION DEBUG]: LoadMissionTradersFile trader ExpansionTraderCyril<553bed00> fileName Clothing
SCRIPT       : 15:13:37.359 [EXPANSION DEBUG]: ExpansionTraderGuo<553c6920>::SetTraderObject ExpansionTraderObjectBase<3d3aaa80> <11855.200195, 140.605103, 12470.487305>
SCRIPT       : 15:13:37.359 [EXPANSION DEBUG]: LoadMissionTradersFile trader ExpansionTraderGuo<553c6920> fileName Clothing_Accessories
SCRIPT       : 15:13:37.363 [EXPANSION DEBUG]: ExpansionTraderKaito<553ca730>::SetTraderObject ExpansionTraderObjectBase<3d3b0cf0> <11849.400391, 140.605087, 12466.200195>
SCRIPT       : 15:13:37.363 [EXPANSION DEBUG]: LoadMissionTradersFile trader ExpansionTraderKaito<553ca730> fileName Components
SCRIPT       : 15:13:37.363 [EXPANSION DEBUG]: ExpansionTraderBoris<553ce540>::SetTraderObject ExpansionTraderObjectBase<3d3b5430> <11858.202148, 140.615112, 12463.234375>
SCRIPT       : 15:13:37.363 [EXPANSION DEBUG]: LoadMissionTradersFile trader ExpansionTraderBoris<553ce540> fileName Exchange
SCRIPT       : 15:13:37.367 [EXPANSION DEBUG]: ExpansionTraderKeiko<553b70e0>::SetTraderObject ExpansionTraderObjectBase<3d3ba700> <11853.218750, 140.605087, 12463.277344>
SCRIPT       : 15:13:37.367 [EXPANSION DEBUG]: LoadMissionTradersFile trader ExpansionTraderKeiko<553b70e0> fileName Medicals
SCRIPT       : 15:13:37.367 [EXPANSION DEBUG]: ExpansionTraderGabi<553baef0>::SetTraderObject ExpansionTraderObjectBase<3d3bf200> <11833.200195, 140.605118, 12461.700195>
SCRIPT       : 15:13:37.367 [EXPANSION DEBUG]: LoadMissionTradersFile trader ExpansionTraderGabi<553baef0> fileName Special
SCRIPT       : 15:13:37.375 [EXPANSION DEBUG]: ExpansionTraderElias<553d2350>::SetTraderObject ExpansionTraderObjectBase<590fa550> <11877.799805, 140.134796, 12441.599609>
SCRIPT       : 15:13:37.375 [EXPANSION DEBUG]: LoadMissionTradersFile trader ExpansionTraderElias<553d2350> fileName Vehicles
SCRIPT       : 15:13:37.378 [EXPANSION DEBUG]: ExpansionTraderHassan<59173c80>::SetTraderObject ExpansionTraderObjectBase<59100cc0> <11878.674805, 140.134796, 12424.302734>
SCRIPT       : 15:13:37.378 [EXPANSION DEBUG]: LoadMissionTradersFile trader ExpansionTraderHassan<59173c80> fileName Vehicle_Parts
SCRIPT       : 15:13:37.382 [EXPANSION DEBUG]: ExpansionTraderDenis<59177a90>::SetTraderObject ExpansionTraderObjectBase<591d71b0> <11833.576172, 140.605072, 12469.492188>
SCRIPT       : 15:13:37.382 [EXPANSION DEBUG]: LoadMissionTradersFile trader ExpansionTraderDenis<59177a90> fileName Weapons
SCRIPT       : 15:13:37.382 [EXPANSION DEBUG]: ExpansionTraderLinda<5916fe70>::SetTraderObject ExpansionTraderObjectBase<591dc980> <11852.194336, 140.660980, 12472.387695>
SCRIPT       : 15:13:37.382 [EXPANSION DEBUG]: LoadMissionTradersFile trader ExpansionTraderLinda<5916fe70> fileName BuildingSupplies
SCRIPT       : 15:13:37.390 [EXPANSION DEBUG]: ExpansionTraderManua<591872d0>::SetTraderObject ExpansionTraderObjectBase<592f80c0> <11879.722656, 140.094788, 12435.959961>
SCRIPT       : 15:13:37.390 [EXPANSION DEBUG]: LoadMissionTradersFile trader ExpansionTraderManua<591872d0> fileName Spraycans
SCRIPT       : 15:13:37.398 [EXPANSION DEBUG]: ExpansionTraderIrena<591834c0>::SetTraderObject ExpansionTraderObjectBase<593fb090> <12160.279297, 140.580765, 12689.783203>
SCRIPT       : 15:13:37.398 [EXPANSION DEBUG]: LoadMissionTradersFile trader ExpansionTraderIrena<591834c0> fileName Aircraft
SCRIPT       : [ExpansionQuestPersistentServerData] Load existing configuration file:$profile:ExpansionMod\Quests\PersistentServerData.json
SCRIPT       : [ExpansionQuestPersistentServerData] Load existing configuration file:$profile:ExpansionMod\Quests\PersistentServerData.json
SCRIPT       : [ExpansionQuestObjectiveTravelConfig] Load existing configuration file:$profile:ExpansionMod\Quests\Objectives\Travel\Objective_T_1.json
SCRIPT       : [ExpansionQuestObjectiveTravelConfig] Load existing configuration file:$profile:ExpansionMod\Quests\Objectives\Travel\Objective_T_2.json
SCRIPT       : [ExpansionQuestObjectiveTravelConfig] Load existing configuration file:$profile:ExpansionMod\Quests\Objectives\Travel\Objective_T_3.json
SCRIPT       : [ExpansionQuestObjectiveTravelConfig] Load existing configuration file:$profile:ExpansionMod\Quests\Objectives\Travel\Objective_T_4.json
SCRIPT       : [ExpansionQuestObjectiveTargetConfig] Load existing configuration file:$profile:ExpansionMod\Quests\Objectives\Target\Objective_TA_1.json
SCRIPT       : [ExpansionQuestObjectiveTargetConfig] Load existing configuration file:$profile:ExpansionMod\Quests\Objectives\Target\Objective_TA_2.json
SCRIPT       : [ExpansionQuestObjectiveTargetConfig] Load existing configuration file:$profile:ExpansionMod\Quests\Objectives\Target\Objective_TA_3.json
SCRIPT       : [ExpansionQuestObjectiveTargetConfig] Load existing configuration file:$profile:ExpansionMod\Quests\Objectives\Target\Objective_TA_4.json
SCRIPT       : [ExpansionQuestObjectiveDeliveryConfig] Load existing configuration file:$profile:ExpansionMod\Quests\Objectives\Delivery\Objective_D_1.json
SCRIPT       : [ExpansionQuestObjectiveDeliveryConfig] Load existing configuration file:$profile:ExpansionMod\Quests\Objectives\Delivery\Objective_D_2.json
SCRIPT       : [ExpansionQuestObjectiveCollectionConfig] Load existing configuration file:$profile:ExpansionMod\Quests\Objectives\Collection\Objective_C_1.json
SCRIPT       : [ExpansionQuestObjectiveCollectionConfig] Load existing configuration file:$profile:ExpansionMod\Quests\Objectives\Collection\Objective_C_2.json
SCRIPT       : [ExpansionQuestObjectiveCollectionConfig] Load existing configuration file:$profile:ExpansionMod\Quests\Objectives\Collection\Objective_C_3.json
SCRIPT       : [ExpansionQuestObjectiveTreasureHuntConfig] Load existing configuration file:$profile:ExpansionMod\Quests\Objectives\TreasureHunt\Objective_TH_1.json
SCRIPT       : [ExpansionQuestObjectiveActionConfig] Load existing configuration file:$profile:ExpansionMod\Quests\Objectives\Action\Objective_A_1.json
SCRIPT       : [ExpansionQuestObjectiveActionConfig] Load existing configuration file:$profile:ExpansionMod\Quests\Objectives\Action\Objective_A_2.json
SCRIPT       : [ExpansionQuestObjectiveCraftingConfig] Load existing configuration file:$profile:ExpansionMod\Quests\Objectives\Crafting\Objective_CR_1.json
SCRIPT       : [ExpansionQuestObjectiveAIPatrolConfig] Load existing configuration file:$profile:ExpansionMod\Quests\Objectives\AIPatrol\Objective_AIP_1.json
SCRIPT       : [ExpansionQuestObjectiveAICampConfig] Load existing configuration file:$profile:ExpansionMod\Quests\Objectives\AICamp\Objective_AIC_1.json
SCRIPT       : [ExpansionQuestObjectiveAIEscortConfig] Load existing configuration file:$profile:ExpansionMod\Quests\Objectives\AIVIP\Objective_AIESCORT_1.json
SCRIPT       : [ExpansionQuestNPCData] Load existing configuration file:QuestNPC_1.json
SCRIPT       : [ExpansionQuestNPCData] Load existing configuration file:QuestNPC_2.json
SCRIPT       : [ExpansionQuestNPCData] Load existing configuration file:QuestNPC_3.json
SCRIPT       : 15:13:54.195 [EXPANSION DEBUG]: ExpansionP2PTraderAIIrena<17c7130>::SetP2PTraderID - ID: 1
SCRIPT       : ExpansionZonePolygon<9e07df30> position=<12015.854492, 0.000000, 12591.097656> radius=419.633
SCRIPT       : ExpansionZoneCircle<373b090> position=<1143.140015, 0.000000, 2423.270020> radius=700
SCRIPT       : ExpansionZoneCircle<373b030> position=<3728.270020, 0.000000, 6003.600098> radius=500
SCRIPT       : Found 3 zones!
SCRIPT       : ExpansionMarketItem marketItem = ExpansionMarketItem<36219640>
SCRIPT       : int worth =   1
SCRIPT       : 15:13:54.355 [EXPANSION DEBUG]: ExpansionQuestNPCAIDenis<3ef2040>::OnEnterSafeZone
SCRIPT       : bool m_Expansion_LeavingSafeZone = 0
SCRIPT       : bool m_Expansion_IsInSafeZone = 0
SCRIPT       : bool m_Expansion_IsInSafeZoneSynchRemote = 0
SCRIPT       : 15:13:54.355 [EXPANSION DEBUG]: ExpansionP2PTraderAIIrena<17c7130>::OnEnterSafeZone
SCRIPT       : bool m_Expansion_LeavingSafeZone = 0
SCRIPT       : bool m_Expansion_IsInSafeZone = 0
SCRIPT       : bool m_Expansion_IsInSafeZoneSynchRemote = 0
SCRIPT       : [emote] ExpansionP2PTraderAIIrena:043 play emote id=46 IH=null
SCRIPT       : 15:13:55.902 [EXPANSION DEBUG]: ExpansionItemSpawnHelper::Clone - created M16A2:030781 at location { type=HANDS item=M16A2:030688 parent=ExpansionQuestNPCAIDenis:044 }
SCRIPT       : 15:13:55.902 [EXPANSION DEBUG]: ExpansionItemSpawnHelper::Clone - created Mag_STANAG_30Rnd:030782 at location { type=ATTACHMENT item=null parent=M16A2:030781 slot=magazine }
SCRIPT       : [emote] ExpansionQuestNPCAIDenis:044 play emote id=46 IH=M16A2:030781
SCRIPT       : 15:13:56.828 [EXPANSION DEBUG]: ExpansionItemSpawnHelper::Clone - created AKS74U:030689 at location { type=HANDS item=AKS74U:030704 parent=ExpansionQuestNPCAIElias:045 }
SCRIPT       : 15:13:56.828 [EXPANSION DEBUG]: ExpansionItemSpawnHelper::Clone - created Mag_AK74_30Rnd:030688 at location { type=ATTACHMENT item=null parent=AKS74U:030689 slot=magazine }
SCRIPT       : [emote] ExpansionQuestNPCAIElias:045 play emote id=14 IH=AKS74U:030689
SCRIPT       : 15:14:49.078 [EXPANSION DEBUG]: ExpansionHardlineModule<6e58f7e0> ::LoadPlayerData - Loaded player hardline data for player Blorpus9000[3I2KPiMwtNrbRzLe964-q3OrI2Ligr9LBcsFxmVIl3Q=]
SCRIPT       : 15:15:01.910 [EXPANSION DEBUG]: ExpansionQuestModule<710edf40> Sending 21 quest configs to client with UID: 3I2KPiMwtNrbRzLe964-q3OrI2Ligr9LBcsFxmVIl3Q=
SCRIPT       : 15:15:01.910 [EXPANSION DEBUG]: ExpansionQuestModule<710edf40> Sending player quest data for 4 quests to player with UID: 3I2KPiMwtNrbRzLe964-q3OrI2Ligr9LBcsFxmVIl3Q=
SCRIPT       : [emote] SurvivorM_Cyril:046 play emote id=11 IH=Expansion_M9:030822
SCRIPT       : 15:16:00.289 [EXTRACE] +ExpansionKillFeedModule<6f651ff0>::OnPlayerKilled SurvivorBase<1b44a030> SurvivorBase<1b44a030>
SCRIPT       : 15:16:00.289 [EXTRACE] -ExpansionKillFeedModule<6f651ff0>::OnPlayerKilled SurvivorBase<1b44a030> SurvivorBase<1b44a030> 0.4039 ms
SCRIPT       : 15:16:21.371 [EXPANSION DEBUG]: ExpansionQuestModule<710edf40> Quest configs already synched for player with UID: 3I2KPiMwtNrbRzLe964-q3OrI2Ligr9LBcsFxmVIl3Q=
SCRIPT       : 15:16:21.371 [EXPANSION DEBUG]: ExpansionQuestModule<710edf40> Sending player quest data for 4 quests to player with UID: 3I2KPiMwtNrbRzLe964-q3OrI2Ligr9LBcsFxmVIl3Q=
SCRIPT       : [Logout]: New player 3I2KPiMwtNrbRzLe964-q3OrI2Ligr9LBcsFxmVIl3Q= with logout time 3
SCRIPT       : [emote] SurvivorF_Judy:047 play emote id=14 IH=null
SCRIPT       : 15:16:29.902 [EXPANSION DEBUG]: ExpansionQuestPersistentData<160fb0> ~ExpansionQuestPersistentData (4)
SCRIPT       : [Logout]: Player 3I2KPiMwtNrbRzLe964-q3OrI2Ligr9LBcsFxmVIl3Q= finished
