---------------------------------------------
Log C:\Program Files (x86)\Steam\steamapps\common\DayZServerAug2\config\script_2023-08-11_19-09-42.log started at 11.08. 19:09:42

SCRIPT       : Registered 397 temporary action enum(s), UAN==397
SCRIPT       : Registering faction type eAIFactionShamans ID -1484989417
SCRIPT       : Registering faction type eAIFactionObservers ID -563736721
SCRIPT       : Registering faction type eAIFactionInvincibleObservers ID -1227299746
SCRIPT       : Registering faction type eAIFactionEast ID 90522109
SCRIPT       : Registering faction type eAIFactionGuards ID 963933710
SCRIPT       : Registering faction type eAIFactionRaiders ID 1535276022
SCRIPT       : Registering faction type eAIFactionMercenaries ID 1629891834
SCRIPT       : Registering faction type eAIFactionWest ID 113880155
SCRIPT       : Registering faction type eAIFactionCivilian ID 1096178351
SCRIPT       : Registering faction type eAIFactionPassive ID -1159399789
SCRIPT       : Registering faction type eAIFactionInvincibleGuards ID 782746017
SCRIPT       : ... Backlit Effects Enabled
SCRIPT       : 19:09:43 [EXPANSION LOG]: DayZGame<6f3b02f0> Start time (local time) 2023-08-11 19:09:39
SCRIPT       : 19:09:43 [EXPANSION LOG]: DayZGame<6f3b02f0> Start time (UTC) 2023-08-12 00:09:39
SCRIPT       : 19:09:43 [EXPANSION LOG]: DayZGame<6f3b02f0> Runtime since start (seconds) 4.427
SCRIPT    (W): @"JM/COT/Scripts/4_World/communityonlinetools\classes\webhook\jmwebhookdiscordmessage.c,19": Possible variable name conflict 'username'
SCRIPT    (W): @"JM/COT/Scripts/4_World/communityonlinetools\classes\webhook\jmwebhookdiscordmessage.c,19": Possible variable name conflict 'avatar_url'
SCRIPT    (W): @"JM/COT/Scripts/4_World/communityonlinetools\classes\webhook\jmwebhookdiscordmessage.c,19": Possible variable name conflict 'content'
SCRIPT    (W): @"JM/COT/Scripts/4_World/communityonlinetools\classes\webhook\jmwebhookdiscordmessage.c,151": Possible variable name conflict 'url'
SCRIPT    (W): @"JM/COT/Scripts/4_World/communityonlinetools\classes\webhook\jmwebhookdiscordmessage.c,172": Possible variable name conflict 'url'
SCRIPT    (W): @"JM/COT/Scripts/4_World/communityonlinetools\classes\webhook\jmwebhookdiscordmessage.c,180": Possible variable name conflict 'url'
SCRIPT       : 19:09:57.773 [EXPANSION DEBUG]: [ExpansionDebugSettings] Load existing setting file:$profile:ExpansionMod\Settings\DebugSettings.json
SCRIPT       : 19:09:57.773 [EXPANSION DEBUG]: [ExpansionLogSettings] Load existing setting file:$profile:ExpansionMod\Settings\LogsSettings.json
SCRIPT       : 19:09:57.781 [EXPANSION DEBUG]: [ExpansionNotificationSettings] Load existing setting file:$profile:ExpansionMod\Settings\NotificationSettings.json
SCRIPT       : 19:09:57.789 [EXPANSION DEBUG]: [ExpansionMonitoringSettings] Load existing setting file:$profile:ExpansionMod\Settings\MonitoringSettings.json
SCRIPT       : 19:09:57.789 [EXPANSION DEBUG]: [ExpansionDamageSystemSettings] Load existing setting file:$profile:ExpansionMod\Settings\DamageSystemSettings.json
SCRIPT       : 19:09:57.789 [EXPANSION DEBUG]: [ExpansionPartySettings] Load existing setting file:$profile:ExpansionMod\Settings\PartySettings.json
SCRIPT       : 19:09:57.789 [EXPANSION DEBUG]: [ExpansionHardlineSettings] Load existing setting file:$mission:expansion\settings\HardlineSettings.json
SCRIPT       : 19:09:57.789 [EXPANSION DEBUG]: [ExpansionMarketSettings] Load existing setting file:$mission:expansion\settings\MarketSettings.json
SCRIPT       : ExpansionMarketSettings::LoadCategories - Adding category ID 1 (Ammo)
SCRIPT       : ExpansionMarketSettings::LoadCategories - Adding category ID 2 (Ammo_Boxes)
SCRIPT       : ExpansionMarketSettings::LoadCategories - Adding category ID 3 (Armbands)
SCRIPT       : ExpansionMarketSettings::LoadCategories - Adding category ID 4 (Assault_Rifles)
SCRIPT       : ExpansionMarketSettings::LoadCategories - Adding category ID 5 (Backpacks)
SCRIPT       : ExpansionMarketSettings::LoadCategories - Adding category ID 6 (Bandanas)
SCRIPT       : ExpansionMarketSettings::LoadCategories - Adding category ID 7 (Batteries)
SCRIPT       : ExpansionMarketSettings::LoadCategories - Adding category ID 8 (Bayonets)
SCRIPT       : ExpansionMarketSettings::LoadCategories - Adding category ID 9 (Belts)
SCRIPT       : ExpansionMarketSettings::LoadCategories - Adding category ID 10 (Blouses_And_Suits)
SCRIPT       : ExpansionMarketSettings::LoadCategories - Adding category ID 11 (Boats)
SCRIPT       : ExpansionMarketSettings::LoadCategories - Adding category ID 12 (Boots_And_Shoes)
SCRIPT       : ExpansionMarketSettings::LoadCategories - Adding category ID 13 (Buttstocks)
SCRIPT       : ExpansionMarketSettings::LoadCategories - Adding category ID 14 (Caps)
SCRIPT       : ExpansionMarketSettings::LoadCategories - Adding category ID 15 (Cars)
SCRIPT       : ExpansionMarketSettings::LoadCategories - Adding category ID 16 (Coats_And_Jackets)
SCRIPT       : ExpansionMarketSettings::LoadCategories - Adding category ID 17 (Containers)
SCRIPT       : ExpansionMarketSettings::LoadCategories - Adding category ID 18 (Crossbows)
SCRIPT       : ExpansionMarketSettings::LoadCategories - Adding category ID 19 (Drinks)
SCRIPT       : ExpansionMarketSettings::LoadCategories - Adding category ID 20 (Electronics)
SCRIPT       : ExpansionMarketSettings::LoadCategories - Adding category ID 21 (Event)
SCRIPT       : ExpansionMarketSettings::LoadCategories - Adding category ID 22 (Exchange)
SCRIPT       : ExpansionMarketSettings::LoadCategories - Adding category ID 23 (Explosives_And_Grenades)
SCRIPT       : ExpansionMarketSettings::LoadCategories - Adding category ID 24 (Eyewear)
SCRIPT       : ExpansionMarketSettings::LoadCategories - Adding category ID 25 (Fish)
SCRIPT       : ExpansionMarketSettings::LoadCategories - Adding category ID 26 (Fishing)
SCRIPT       : ExpansionMarketSettings::LoadCategories - Adding category ID 27 (Flags)
SCRIPT       : ExpansionMarketSettings::LoadCategories - Adding category ID 28 (Food)
SCRIPT       : ExpansionMarketSettings::LoadCategories - Adding category ID 29 (Fruit_And_Vegetables)
SCRIPT       : ExpansionMarketSettings::LoadCategories - Adding category ID 30 (Furnishings)
SCRIPT       : ExpansionMarketSettings::LoadCategories - Adding category ID 31 (Gardening)
SCRIPT       : ExpansionMarketSettings::LoadCategories - Adding category ID 32 (Ghillies)
SCRIPT       : ExpansionMarketSettings::LoadCategories - Adding category ID 33 (Gloves)
SCRIPT       : ExpansionMarketSettings::LoadCategories - Adding category ID 34 (Handguards)
SCRIPT       : ExpansionMarketSettings::LoadCategories - Adding category ID 35 (Hats_And_Hoods)
SCRIPT       : ExpansionMarketSettings::LoadCategories - Adding category ID 36 (Helicopters)
SCRIPT       : ExpansionMarketSettings::LoadCategories - Adding category ID 37 (Helmets)
SCRIPT       : ExpansionMarketSettings::LoadCategories - Adding category ID 38 (Holsters_And_Pouches)
SCRIPT       : ExpansionMarketSettings::LoadCategories - Adding category ID 39 (Kits)
SCRIPT       : ExpansionMarketSettings::LoadCategories - Adding category ID 40 (Knifes)
SCRIPT       : ExpansionMarketSettings::LoadCategories - Adding category ID 41 (Launchers)
SCRIPT       : ExpansionMarketSettings::LoadCategories - Adding category ID 42 (Lights)
SCRIPT       : ExpansionMarketSettings::LoadCategories - Adding category ID 43 (Liquids)
SCRIPT       : ExpansionMarketSettings::LoadCategories - Adding category ID 44 (Locks)
SCRIPT       : ExpansionMarketSettings::LoadCategories - Adding category ID 45 (Magazines)
SCRIPT       : ExpansionMarketSettings::LoadCategories - Adding category ID 46 (Masks)
SCRIPT       : ExpansionMarketSettings::LoadCategories - Adding category ID 47 (Meat)
SCRIPT       : ExpansionMarketSettings::LoadCategories - Adding category ID 48 (Medical)
SCRIPT       : ExpansionMarketSettings::LoadCategories - Adding category ID 49 (Melee_Weapons)
SCRIPT       : ExpansionMarketSettings::LoadCategories - Adding category ID 50 (Muzzles)
SCRIPT       : ExpansionMarketSettings::LoadCategories - Adding category ID 51 (Navigation)
SCRIPT       : ExpansionMarketSettings::LoadCategories - Adding category ID 52 (Optics)
SCRIPT       : ExpansionMarketSettings::LoadCategories - Adding category ID 53 (Pants_And_Shorts)
SCRIPT       : ExpansionMarketSettings::LoadCategories - Adding category ID 54 (Pistols)
SCRIPT       : ExpansionMarketSettings::LoadCategories - Adding category ID 55 (Rifles)
SCRIPT       : ExpansionMarketSettings::LoadCategories - Adding category ID 56 (Shirts_And_TShirts)
SCRIPT       : ExpansionMarketSettings::LoadCategories - Adding category ID 57 (Shotguns)
SCRIPT       : ExpansionMarketSettings::LoadCategories - Adding category ID 58 (Skirts_And_Dresses)
SCRIPT       : ExpansionMarketSettings::LoadCategories - Adding category ID 59 (Sniper_Rifles)
SCRIPT       : ExpansionMarketSettings::LoadCategories - Adding category ID 60 (Spraycans)
SCRIPT       : ExpansionMarketSettings::LoadCategories - Adding category ID 61 (Submachine_Guns)
SCRIPT       : ExpansionMarketSettings::LoadCategories - Adding category ID 62 (Supplies)
SCRIPT       : ExpansionMarketSettings::LoadCategories - Adding category ID 63 (Sweaters_And_Hoodies)
SCRIPT       : ExpansionMarketSettings::LoadCategories - Adding category ID 64 (Tents)
SCRIPT       : ExpansionMarketSettings::LoadCategories - Adding category ID 65 (Tools)
SCRIPT       : ExpansionMarketSettings::LoadCategories - Adding category ID 66 (Vehicle_Parts)
SCRIPT       : ExpansionMarketSettings::LoadCategories - Adding category ID 67 (Vests)
SCRIPT       : 19:09:57.906 [EXPANSION DEBUG]: [ExpansionAirdropSettings] Load existing setting file:$profile:ExpansionMod\Settings\AirdropSettings.json
SCRIPT       : 19:09:58.023 [EXPANSION DEBUG]: [ExpansionMissionSettings] Load existing setting file:$profile:ExpansionMod\Settings\MissionSettings.json
SCRIPT       : 19:09:58.023 [EXPANSION DEBUG]: [ExpansionMapSettings] Load existing setting file:$mission:expansion\settings\MapSettings.json
SCRIPT       : 19:09:58.039 [EXPANSION DEBUG]: [ExpansionPersonalStorageNewSettings] Load existing setting file:$profile:ExpansionMod\Settings\PersonalStorageNewSettings.json
SCRIPT       : 19:09:58.039 [EXPANSION DEBUG]: [ExpansionGeneralSettings] Load existing setting file:$profile:ExpansionMod\Settings\GeneralSettings.json
SCRIPT       : 19:09:58.039 [EXPANSION DEBUG]: [ExpansionPlayerListSettings] Load existing setting file:$profile:ExpansionMod\Settings\PlayerListSettings.json
SCRIPT       : 19:09:58.039 [EXPANSION DEBUG]: [ExpansionSocialMediaSettings] Load existing setting file:$profile:ExpansionMod\Settings\SocialMediaSettings.json
SCRIPT       : 19:09:58.039 [EXPANSION DEBUG]: [ExpansionSpawnSettings] Load existing setting file:$mission:expansion\settings\SpawnSettings.json
SCRIPT       : 19:09:58.046 [EXPANSION DEBUG]: [ExpansionVehicleSettings] Load existing setting file:$profile:ExpansionMod\Settings\VehicleSettings.json
SCRIPT       : 19:09:58.046 [EXPANSION DEBUG]: [ExpansionAISettings] Load existing setting file:$profile:ExpansionMod\Settings\AISettings.json
SCRIPT       : 19:09:58.046 [EXPANSION DEBUG]: [ExpansionAIPatrolSettings] Load existing setting file:$mission:expansion\settings\AIPatrolSettings.json
SCRIPT       : 19:09:58.046 [EXPANSION DEBUG]: [ExpansionBaseBuildingSettings] Load existing setting file:$mission:expansion\settings\BaseBuildingSettings.json
SCRIPT       : 19:09:58.046 [EXPANSION DEBUG]: [ExpansionRaidSettings] Load existing setting file:$profile:ExpansionMod\Settings\RaidSettings.json
SCRIPT       : 19:09:58.046 [EXPANSION DEBUG]: [ExpansionTerritorySettings] Load existing setting file:$profile:ExpansionMod\Settings\TerritorySettings.json
SCRIPT       : 19:09:58.054 [EXPANSION DEBUG]: [ExpansionChatSettings] Load existing setting file:$profile:ExpansionMod\Settings\ChatSettings.json
SCRIPT    (E): JSON ERROR dolphin/DayZ-Expansion-AI-Dynamic/Scripts/5_Mission/modules\expansionrespawnhandlermodule.c:12
SCRIPT    (E): 
JSON ERROR:
Reading variable: data
Expecting instance
Reading variable: Point
Expecting array
At index 2, Expecting instance
Reading variable: Spatial_MinCount
Expecting int
Cannot convert to int

Function: 'Error'
Stack trace:
scripts/1_Core/proto\endebug.c:92
scripts/3_Game/tools\jsonfileloader.c:29
dolphin/DayZ-Expansion-AI-Dynamic/Scripts/3_Game/settings\spatialsettings.c:51
dolphin/DayZ-Expansion-AI-Dynamic/Scripts/3_Game/settings\spatialsettings.c:414
dolphin/DayZ-Expansion-AI-Dynamic/Scripts/5_Mission/modules\spatialai.c:24
dolphin/DayZ-Expansion-AI-Dynamic/Scripts/5_Mission/modules\expansionrespawnhandlermodule.c:12
SCRIPT       : Expansion version: 1.8.21
SCRIPT       : [DefineTest] EXPANSIONMOD is defined
SCRIPT       : [DefineTest] EXPANSIONMODAI is defined
SCRIPT       : [DefineTest] EXPANSIONMODANIMATIONS is defined
SCRIPT       : [DefineTest] EXPANSIONMODBASEBUILDING is defined
SCRIPT       : [DefineTest] EXPANSIONMODBOOK is defined
SCRIPT       : [DefineTest] EXPANSIONMODCHAT is defined
SCRIPT       : [DefineTest] EXPANSIONMODCORE is defined
SCRIPT       : [DefineTest] EXPANSIONMODGARAGE is defined
SCRIPT       : [DefineTest] EXPANSIONMODGROUPS is defined
SCRIPT       : [DefineTest] EXPANSIONMODHARDLINE is defined
SCRIPT       : [DefineTest] EXPANSIONMODKILLFEED is defined
SCRIPT       : [DefineTest] EXPANSIONMODMAPASSETS is defined
SCRIPT       : [DefineTest] EXPANSIONMODMARKET is defined
SCRIPT       : [DefineTest] EXPANSIONMODMISSIONS is defined
SCRIPT       : [DefineTest] EXPANSIONMODNAMETAGS is defined
SCRIPT       : [DefineTest] EXPANSIONMODNAVIGATION is defined
SCRIPT       : [DefineTest] EXPANSIONMODP2PMARKET is defined
SCRIPT       : [DefineTest] EXPANSIONMODPERSONALSTORAGE is defined
SCRIPT       : [DefineTest] EXPANSIONMODQUESTS is defined
SCRIPT       : [DefineTest] EXPANSIONMODSPAWNSELECTION is defined
SCRIPT       : [DefineTest] EXPANSIONMODVEHICLE is defined
SCRIPT       : [DefineTest] EXPANSIONMODWEAPONS is defined
SCRIPT       : [DefineTest] CfgMods:
SCRIPT       : defaultAction
SCRIPT       : DayZ
SCRIPT       : DZ_Expansion_AI_Preload
SCRIPT       : DZ_Expansion_Animations_Preload
SCRIPT       : DZ_Expansion_BaseBuilding_Preload
SCRIPT       : DZ_Expansion_Book_Preload
SCRIPT       : DZ_Expansion_Chat_Preload
SCRIPT       : DZ_Expansion_Core_Preload
SCRIPT       : DZ_Expansion_Garage_Preload
SCRIPT       : DZ_Expansion_Groups_Preload
SCRIPT       : DZ_Expansion_Hardline_Preload
SCRIPT       : DZ_Expansion_KillFeed_Preload
SCRIPT       : DZ_Expansion_MapAssets_Preload
SCRIPT       : DZ_Expansion_Market_Preload
SCRIPT       : DZ_Expansion_Missions_Preload
SCRIPT       : DZ_Expansion_ModStorage_Preload
SCRIPT       : DZ_Expansion_NameTags_Preload
SCRIPT       : DZ_Expansion_Navigation_Preload
SCRIPT       : DZ_Expansion_P2PMarket_Preload
SCRIPT       : DZ_Expansion_PersonalStorage_Preload
SCRIPT       : DZ_Expansion_Preload
SCRIPT       : DZ_Expansion_Quests_Preload
SCRIPT       : DZ_Expansion_SpawnSelection_Preload
SCRIPT       : DZ_Expansion_Vehicles_Preload
SCRIPT       : DZ_Expansion_Weapons_Preload
SCRIPT       : DZ_DabsFramework
SCRIPT       : DZ_Expansion_DefineTest
SCRIPT       : DZ_Expansion_MapAssets
SCRIPT       : bliss
SCRIPT       : JM_CommunityFramework
SCRIPT       : JM_CommunityOnlineTools
SCRIPT       : PvZmoD_CustomisableZombies
SCRIPT       : BoostZombiesVisionAddon
SCRIPT       : DZ_Expansion_ModStorage
SCRIPT       : DZ_Expansion_Core
SCRIPT       : DZ_Expansion_Garage
SCRIPT       : DZ_Expansion_Groups
SCRIPT       : DZ_Expansion_Market
SCRIPT       : DZ_Expansion_Missions
SCRIPT       : DZ_Expansion_NameTags
SCRIPT       : DZ_Expansion_Navigation
SCRIPT       : DZ_Expansion_NotificationScheduler
SCRIPT       : DZ_Expansion_P2PMarket
SCRIPT       : DZ_Expansion_PersonalStorage
SCRIPT       : DZ_Expansion_PersonalStorageNew
SCRIPT       : DZ_Expansion_PlayerList
SCRIPT       : DZ_Expansion
SCRIPT       : DZ_Expansion_SpawnSelection
SCRIPT       : DZ_Expansion_VanillaFixes
SCRIPT       : DZ_Expansion_Vehicles
SCRIPT       : DZ_Expansion_Weapons
SCRIPT       : DZ_Expansion_AI
SCRIPT       : DZ_Expansion_BaseBuilding
SCRIPT       : DZ_Expansion_Book
SCRIPT       : DZ_Expansion_Chat
SCRIPT       : DZ_Expansion_Hardline
SCRIPT       : DZ_Expansion_Quests
SCRIPT       : DZ_Expansion_VirtualContainerStorage
SCRIPT       : DayZ_Expansion_AI_Dynamic
SCRIPT    (E): JSON ERROR $CurrentDir:mpmissions\Expansion.chernarusplus\init.c:99
SCRIPT    (E): 
JSON ERROR:
Reading variable: data
Expecting instance
Reading variable: Point
Expecting array
At index 2, Expecting instance
Reading variable: Spatial_MinCount
Expecting int
Cannot convert to int

Function: 'Error'
Stack trace:
scripts/1_Core/proto\endebug.c:92
scripts/3_Game/tools\jsonfileloader.c:29
dolphin/DayZ-Expansion-AI-Dynamic/Scripts/3_Game/settings\spatialsettings.c:51
dolphin/DayZ-Expansion-AI-Dynamic/Scripts/3_Game/settings\spatialsettings.c:20
dolphin/DayZ-Expansion-AI-Dynamic/Scripts/5_Mission/mission\missionserver.c:15
$CurrentDir:mpmissions\Expansion.chernarusplus\init.c:99
SCRIPT       : 19:09:58.523 [EXPANSION DEBUG]: ModStorage v5
SCRIPT       : 19:10:01.406 [EXPANSION DEBUG]: ExpansionTraderJudy<4c7e3010>::SetTraderObject ExpansionTraderObjectBase<4c76b250> <4973.928711, 9.510984, 2436.782959>
SCRIPT       : 19:10:01.406 [EXPANSION DEBUG]: LoadMissionTradersFile trader ExpansionTraderJudy<4c7e3010> fileName Aircraft
SCRIPT       : 19:10:01.414 [EXPANSION DEBUG]: ExpansionTraderJose<4ca00010>::SetTraderObject ExpansionTraderObjectBase<4c9d9150> <14353.624023, 3.326771, 13229.217773>
SCRIPT       : 19:10:01.414 [EXPANSION DEBUG]: LoadMissionTradersFile trader ExpansionTraderJose<4ca00010> fileName Boats
SCRIPT       : 19:10:01.421 [EXPANSION DEBUG]: ExpansionTraderEva<c6d6a010>::SetTraderObject ExpansionTraderObjectBase<4caec270> <14378.793945, 3.325975, 13271.585938>
SCRIPT       : 19:10:01.421 [EXPANSION DEBUG]: LoadMissionTradersFile trader ExpansionTraderEva<c6d6a010> fileName Fishing
SCRIPT       : 19:10:01.429 [EXPANSION DEBUG]: ExpansionTraderLewis<fda09aa0>::SetTraderObject ExpansionTraderObjectBase<4cb63050> <1756.656372, 1.415564, 2027.359741>
SCRIPT       : 19:10:01.429 [EXPANSION DEBUG]: LoadMissionTradersFile trader ExpansionTraderLewis<fda09aa0> fileName Boats
SCRIPT       : 19:10:01.429 [EXPANSION DEBUG]: LoadMissionTradersFile trader ExpansionTraderStaticBase<26b97c00> fileName Exchange
SCRIPT       : 19:10:01.445 [EXPANSION DEBUG]: ExpansionTraderDenis<166422b0>::SetTraderObject ExpansionTraderObjectBase<4cc60810> <3697.249512, 402.010010, 5977.625488>
SCRIPT       : 19:10:01.445 [EXPANSION DEBUG]: LoadMissionTradersFile trader ExpansionTraderDenis<166422b0> fileName Clothing
SCRIPT       : 19:10:01.468 [EXPANSION DEBUG]: ExpansionTraderMaria<4c9b4010>::SetTraderObject ExpansionTraderObjectBase<4cd44f00> <3696.455811, 402.010010, 5980.193359>
SCRIPT       : 19:10:01.468 [EXPANSION DEBUG]: LoadMissionTradersFile trader ExpansionTraderMaria<4c9b4010> fileName Clothing_Accessories
SCRIPT       : 19:10:01.484 [EXPANSION DEBUG]: ExpansionTraderQuinn<e245a020>::SetTraderObject ExpansionTraderObjectBase<4ce523f0> <3710.121826, 402.010010, 5976.164063>
SCRIPT       : 19:10:01.484 [EXPANSION DEBUG]: LoadMissionTradersFile trader ExpansionTraderQuinn<e245a020> fileName Consumables
SCRIPT       : 19:10:01.500 [EXPANSION DEBUG]: ExpansionTraderNaomi<4cf87010>::SetTraderObject ExpansionTraderObjectBase<4cf6e110> <3708.786865, 402.010010, 5974.589844>
SCRIPT       : 19:10:01.500 [EXPANSION DEBUG]: LoadMissionTradersFile trader ExpansionTraderNaomi<4cf87010> fileName Weapons
SCRIPT       : 19:10:01.515 [EXPANSION DEBUG]: ExpansionTraderSeth<b7978b0>::SetTraderObject ExpansionTraderObjectBase<54f59aa0> <3710.265137, 402.010010, 5973.340820>
SCRIPT       : 19:10:01.515 [EXPANSION DEBUG]: LoadMissionTradersFile trader ExpansionTraderSeth<b7978b0> fileName Attachments
SCRIPT       : 19:10:01.523 [EXPANSION DEBUG]: ExpansionTraderRolf<b7b6930>::SetTraderObject ExpansionTraderObjectBase<550b2ed0> <3698.172607, 402.010010, 5995.337402>
SCRIPT       : 19:10:01.523 [EXPANSION DEBUG]: LoadMissionTradersFile trader ExpansionTraderRolf<b7b6930> fileName Vehicles
SCRIPT       : 19:10:01.539 [EXPANSION DEBUG]: ExpansionTraderIndar<b79b6c0>::SetTraderObject ExpansionTraderObjectBase<551b9860> <3714.531006, 402.138000, 5961.776367>
SCRIPT       : 19:10:01.539 [EXPANSION DEBUG]: LoadMissionTradersFile trader ExpansionTraderIndar<b79b6c0> fileName Components
SCRIPT       : 19:10:01.546 [EXPANSION DEBUG]: ExpansionTraderJudy<b7a70f0>::SetTraderObject ExpansionTraderObjectBase<551c4990> <3729.029541, 402.651001, 5969.476563>
SCRIPT       : 19:10:01.546 [EXPANSION DEBUG]: LoadMissionTradersFile trader ExpansionTraderJudy<b7a70f0> fileName Medicals
SCRIPT       : 19:10:01.546 [EXPANSION DEBUG]: ExpansionTraderNaomi<b7ba740>::SetTraderObject ExpansionTraderObjectBase<5533db40> <3690.062988, 402.100067, 6006.763672>
SCRIPT       : 19:10:01.546 [EXPANSION DEBUG]: LoadMissionTradersFile trader ExpansionTraderNaomi<b7ba740> fileName Vehicle_Parts
SCRIPT       : 19:10:01.554 [EXPANSION DEBUG]: ExpansionTraderJose<b79f4d0>::SetTraderObject ExpansionTraderObjectBase<55341dd0> <3699.629883, 402.010010, 5993.970215>
SCRIPT       : 19:10:01.554 [EXPANSION DEBUG]: LoadMissionTradersFile trader ExpansionTraderJose<b79f4d0> fileName Spraycans
SCRIPT       : 19:10:01.570 [EXPANSION DEBUG]: ExpansionTraderLinda<b7c2360>::SetTraderObject ExpansionTraderObjectBase<554062b0> <3674.669922, 406.760010, 5990.390137>
SCRIPT       : 19:10:01.570 [EXPANSION DEBUG]: LoadMissionTradersFile trader ExpansionTraderLinda<b7c2360> fileName Special
SCRIPT       : 19:10:01.578 [EXPANSION DEBUG]: ExpansionTraderNiki<b7c6170>::SetTraderObject ExpansionTraderObjectBase<5556f750> <3699.030029, 402.013000, 5973.439941>
SCRIPT       : 19:10:01.578 [EXPANSION DEBUG]: LoadMissionTradersFile trader ExpansionTraderNiki<b7c6170> fileName BuildingSupplies
SCRIPT       : 19:10:01.585 [EXPANSION DEBUG]: ExpansionTraderFrancis<b7aaf00>::SetTraderObject ExpansionTraderObjectBase<5569f810> <1153.964844, 6.463035, 2409.763184>
SCRIPT       : 19:10:01.585 [EXPANSION DEBUG]: LoadMissionTradersFile trader ExpansionTraderFrancis<b7aaf00> fileName Attachments
SCRIPT       : 19:10:01.593 [EXPANSION DEBUG]: ExpansionTraderKaito<b7c9f80>::SetTraderObject ExpansionTraderObjectBase<556bc000> <1117.021240, 5.495151, 2413.766357>
SCRIPT       : 19:10:01.593 [EXPANSION DEBUG]: LoadMissionTradersFile trader ExpansionTraderKaito<b7c9f80> fileName Components
SCRIPT       : 19:10:01.601 [EXPANSION DEBUG]: ExpansionTraderCyril<b7be550>::SetTraderObject ExpansionTraderObjectBase<5578ded0> <1136.987427, 5.908522, 2439.662598>
SCRIPT       : 19:10:01.601 [EXPANSION DEBUG]: LoadMissionTradersFile trader ExpansionTraderCyril<b7be550> fileName Clothing
SCRIPT       : 19:10:01.609 [EXPANSION DEBUG]: ExpansionTraderGuo<b7cdd90>::SetTraderObject ExpansionTraderObjectBase<55813270> <1133.974854, 5.909700, 2442.412598>
SCRIPT       : 19:10:01.609 [EXPANSION DEBUG]: LoadMissionTradersFile trader ExpansionTraderGuo<b7cdd90> fileName Clothing_Accessories
SCRIPT       : 19:10:01.609 [EXPANSION DEBUG]: ExpansionTraderBoris<b7d1ba0>::SetTraderObject ExpansionTraderObjectBase<558eeb00> <1123.468262, 15.349299, 2426.316162>
SCRIPT       : 19:10:01.609 [EXPANSION DEBUG]: LoadMissionTradersFile trader ExpansionTraderBoris<b7d1ba0> fileName Exchange
SCRIPT       : 19:10:01.617 [EXPANSION DEBUG]: ExpansionTraderLinda<559f38a0>::SetTraderObject ExpansionTraderObjectBase<558f44b0> <1135.892822, 5.908773, 2436.856689>
SCRIPT       : 19:10:01.617 [EXPANSION DEBUG]: LoadMissionTradersFile trader ExpansionTraderLinda<559f38a0> fileName Consumables
SCRIPT       : 19:10:01.625 [EXPANSION DEBUG]: ExpansionTraderKeiko<559f76b0>::SetTraderObject ExpansionTraderObjectBase<55a75d50> <1130.731689, 5.951744, 2438.009277>
SCRIPT       : 19:10:01.625 [EXPANSION DEBUG]: LoadMissionTradersFile trader ExpansionTraderKeiko<559f76b0> fileName Medicals
SCRIPT       : 19:10:01.632 [EXPANSION DEBUG]: ExpansionTraderHelga<559fb4c0>::SetTraderObject ExpansionTraderObjectBase<55bc68f0> <1141.654419, 5.906255, 2421.591309>
SCRIPT       : 19:10:01.632 [EXPANSION DEBUG]: LoadMissionTradersFile trader ExpansionTraderHelga<559fb4c0> fileName Special
SCRIPT       : 19:10:01.640 [EXPANSION DEBUG]: ExpansionTraderFrida<559e4060>::SetTraderObject ExpansionTraderObjectBase<55ceaa90> <1120.135132, 5.600746, 2417.465820>
SCRIPT       : 19:10:01.640 [EXPANSION DEBUG]: LoadMissionTradersFile trader ExpansionTraderFrida<559e4060> fileName Vehicles
SCRIPT       : 19:10:01.648 [EXPANSION DEBUG]: ExpansionTraderHassan<559ff2d0>::SetTraderObject ExpansionTraderObjectBase<55d998e0> <1123.977905, 5.639271, 2417.411865>
SCRIPT       : 19:10:01.648 [EXPANSION DEBUG]: LoadMissionTradersFile trader ExpansionTraderHassan<559ff2d0> fileName Vehicle_Parts
SCRIPT       : 19:10:01.648 [EXPANSION DEBUG]: ExpansionTraderDenis<55a030e0>::SetTraderObject ExpansionTraderObjectBase<55d9d710> <1156.719727, 6.513331, 2406.355225>
SCRIPT       : 19:10:01.648 [EXPANSION DEBUG]: LoadMissionTradersFile trader ExpansionTraderDenis<55a030e0> fileName Weapons
SCRIPT       : 19:10:01.656 [EXPANSION DEBUG]: ExpansionTraderGabi<559efa90>::SetTraderObject ExpansionTraderObjectBase<55e56170> <1135.689941, 5.900000, 2423.300049>
SCRIPT       : 19:10:01.656 [EXPANSION DEBUG]: LoadMissionTradersFile trader ExpansionTraderGabi<559efa90> fileName BuildingSupplies
SCRIPT       : 19:10:01.656 [EXPANSION DEBUG]: ExpansionTraderFrancis<559e7e70>::SetTraderObject ExpansionTraderObjectBase<55e5a950> <11835.901367, 140.617874, 12474.744141>
SCRIPT       : 19:10:01.656 [EXPANSION DEBUG]: LoadMissionTradersFile trader ExpansionTraderFrancis<559e7e70> fileName Attachments
SCRIPT       : 19:10:01.664 [EXPANSION DEBUG]: ExpansionTraderLinda<55a06ef0>::SetTraderObject ExpansionTraderObjectBase<55e5ff40> <11856.716797, 140.565109, 12461.438477>
SCRIPT       : 19:10:01.664 [EXPANSION DEBUG]: LoadMissionTradersFile trader ExpansionTraderLinda<55a06ef0> fileName Consumables
SCRIPT       : 19:10:01.664 [EXPANSION DEBUG]: ExpansionTraderCyril<559ebc80>::SetTraderObject ExpansionTraderObjectBase<55e64270> <11855.000000, 140.605103, 12466.099609>
SCRIPT       : 19:10:01.664 [EXPANSION DEBUG]: LoadMissionTradersFile trader ExpansionTraderCyril<559ebc80> fileName Clothing
SCRIPT       : 19:10:01.664 [EXPANSION DEBUG]: ExpansionTraderGuo<55a0ad00>::SetTraderObject ExpansionTraderObjectBase<3d677a60> <11855.200195, 140.605103, 12470.487305>
SCRIPT       : 19:10:01.664 [EXPANSION DEBUG]: LoadMissionTradersFile trader ExpansionTraderGuo<55a0ad00> fileName Clothing_Accessories
SCRIPT       : 19:10:01.671 [EXPANSION DEBUG]: ExpansionTraderKaito<55a0eb10>::SetTraderObject ExpansionTraderObjectBase<3d679b30> <11849.400391, 140.605087, 12466.200195>
SCRIPT       : 19:10:01.671 [EXPANSION DEBUG]: LoadMissionTradersFile trader ExpansionTraderKaito<55a0eb10> fileName Components
SCRIPT       : 19:10:01.671 [EXPANSION DEBUG]: ExpansionTraderBoris<55a1a540>::SetTraderObject ExpansionTraderObjectBase<3d680070> <11858.202148, 140.615112, 12463.234375>
SCRIPT       : 19:10:01.671 [EXPANSION DEBUG]: LoadMissionTradersFile trader ExpansionTraderBoris<55a1a540> fileName Exchange
SCRIPT       : 19:10:01.671 [EXPANSION DEBUG]: ExpansionTraderKeiko<55a12920>::SetTraderObject ExpansionTraderObjectBase<3d6855c0> <11853.218750, 140.605087, 12463.277344>
SCRIPT       : 19:10:01.671 [EXPANSION DEBUG]: LoadMissionTradersFile trader ExpansionTraderKeiko<55a12920> fileName Medicals
SCRIPT       : 19:10:01.679 [EXPANSION DEBUG]: ExpansionTraderGabi<55a16730>::SetTraderObject ExpansionTraderObjectBase<3d68ae30> <11833.200195, 140.605118, 12461.700195>
SCRIPT       : 19:10:01.679 [EXPANSION DEBUG]: LoadMissionTradersFile trader ExpansionTraderGabi<55a16730> fileName Special
SCRIPT       : 19:10:01.679 [EXPANSION DEBUG]: ExpansionTraderElias<55a1e350>::SetTraderObject ExpansionTraderObjectBase<58f3fcc0> <11877.799805, 140.134796, 12441.599609>
SCRIPT       : 19:10:01.679 [EXPANSION DEBUG]: LoadMissionTradersFile trader ExpansionTraderElias<55a1e350> fileName Vehicles
SCRIPT       : 19:10:01.687 [EXPANSION DEBUG]: ExpansionTraderHassan<58fec560>::SetTraderObject ExpansionTraderObjectBase<58f444a0> <11878.674805, 140.134796, 12424.302734>
SCRIPT       : 19:10:01.687 [EXPANSION DEBUG]: LoadMissionTradersFile trader ExpansionTraderHassan<58fec560> fileName Vehicle_Parts
SCRIPT       : 19:10:01.687 [EXPANSION DEBUG]: ExpansionTraderDenis<58fd8f10>::SetTraderObject ExpansionTraderObjectBase<58f492c0> <11833.576172, 140.605072, 12469.492188>
SCRIPT       : 19:10:01.687 [EXPANSION DEBUG]: LoadMissionTradersFile trader ExpansionTraderDenis<58fd8f10> fileName Weapons
SCRIPT       : 19:10:01.687 [EXPANSION DEBUG]: ExpansionTraderLinda<58fd12f0>::SetTraderObject ExpansionTraderObjectBase<590ea270> <11852.194336, 140.660980, 12472.387695>
SCRIPT       : 19:10:01.687 [EXPANSION DEBUG]: LoadMissionTradersFile trader ExpansionTraderLinda<58fd12f0> fileName BuildingSupplies
SCRIPT       : 19:10:01.695 [EXPANSION DEBUG]: ExpansionTraderManua<58fdcd20>::SetTraderObject ExpansionTraderObjectBase<591070f0> <11879.722656, 140.094788, 12435.959961>
SCRIPT       : 19:10:01.695 [EXPANSION DEBUG]: LoadMissionTradersFile trader ExpansionTraderManua<58fdcd20> fileName Spraycans
SCRIPT       : 19:10:01.703 [EXPANSION DEBUG]: ExpansionTraderIrena<58fe4940>::SetTraderObject ExpansionTraderObjectBase<591d6720> <12160.279297, 140.580765, 12689.783203>
SCRIPT       : 19:10:01.703 [EXPANSION DEBUG]: LoadMissionTradersFile trader ExpansionTraderIrena<58fe4940> fileName Aircraft
SCRIPT       : [ExpansionQuestPersistentServerData] Load existing configuration file:$profile:ExpansionMod\Quests\PersistentServerData.json
SCRIPT       : [ExpansionQuestPersistentServerData] Load existing configuration file:$profile:ExpansionMod\Quests\PersistentServerData.json
SCRIPT       : [ExpansionQuestObjectiveTravelConfig] Load existing configuration file:$profile:ExpansionMod\Quests\Objectives\Travel\Objective_T_1.json
SCRIPT       : [ExpansionQuestObjectiveTravelConfig] Load existing configuration file:$profile:ExpansionMod\Quests\Objectives\Travel\Objective_T_2.json
SCRIPT       : [ExpansionQuestObjectiveTravelConfig] Load existing configuration file:$profile:ExpansionMod\Quests\Objectives\Travel\Objective_T_3.json
SCRIPT       : [ExpansionQuestObjectiveTravelConfig] Load existing configuration file:$profile:ExpansionMod\Quests\Objectives\Travel\Objective_T_4.json
SCRIPT       : [ExpansionQuestObjectiveTargetConfig] Load existing configuration file:$profile:ExpansionMod\Quests\Objectives\Target\Objective_TA_1.json
SCRIPT       : [ExpansionQuestObjectiveTargetConfig] Load existing configuration file:$profile:ExpansionMod\Quests\Objectives\Target\Objective_TA_2.json
SCRIPT       : [ExpansionQuestObjectiveTargetConfig] Load existing configuration file:$profile:ExpansionMod\Quests\Objectives\Target\Objective_TA_3.json
SCRIPT       : [ExpansionQuestObjectiveTargetConfig] Load existing configuration file:$profile:ExpansionMod\Quests\Objectives\Target\Objective_TA_4.json
SCRIPT       : [ExpansionQuestObjectiveDeliveryConfig] Load existing configuration file:$profile:ExpansionMod\Quests\Objectives\Delivery\Objective_D_1.json
SCRIPT       : [ExpansionQuestObjectiveDeliveryConfig] Load existing configuration file:$profile:ExpansionMod\Quests\Objectives\Delivery\Objective_D_2.json
SCRIPT       : [ExpansionQuestObjectiveCollectionConfig] Load existing configuration file:$profile:ExpansionMod\Quests\Objectives\Collection\Objective_C_1.json
SCRIPT       : [ExpansionQuestObjectiveCollectionConfig] Load existing configuration file:$profile:ExpansionMod\Quests\Objectives\Collection\Objective_C_2.json
SCRIPT       : [ExpansionQuestObjectiveCollectionConfig] Load existing configuration file:$profile:ExpansionMod\Quests\Objectives\Collection\Objective_C_3.json
SCRIPT       : [ExpansionQuestObjectiveTreasureHuntConfig] Load existing configuration file:$profile:ExpansionMod\Quests\Objectives\TreasureHunt\Objective_TH_1.json
SCRIPT       : [ExpansionQuestObjectiveActionConfig] Load existing configuration file:$profile:ExpansionMod\Quests\Objectives\Action\Objective_A_1.json
SCRIPT       : [ExpansionQuestObjectiveActionConfig] Load existing configuration file:$profile:ExpansionMod\Quests\Objectives\Action\Objective_A_2.json
SCRIPT       : [ExpansionQuestObjectiveCraftingConfig] Load existing configuration file:$profile:ExpansionMod\Quests\Objectives\Crafting\Objective_CR_1.json
SCRIPT       : [ExpansionQuestObjectiveAIPatrolConfig] Load existing configuration file:$profile:ExpansionMod\Quests\Objectives\AIPatrol\Objective_AIP_1.json
SCRIPT       : [ExpansionQuestObjectiveAICampConfig] Load existing configuration file:$profile:ExpansionMod\Quests\Objectives\AICamp\Objective_AIC_1.json
SCRIPT       : [ExpansionQuestObjectiveAIEscortConfig] Load existing configuration file:$profile:ExpansionMod\Quests\Objectives\AIVIP\Objective_AIESCORT_1.json
SCRIPT       : [ExpansionQuestNPCData] Load existing configuration file:QuestNPC_1.json
SCRIPT       : [ExpansionQuestNPCData] Load existing configuration file:QuestNPC_2.json
SCRIPT       : [ExpansionQuestNPCData] Load existing configuration file:QuestNPC_3.json
SCRIPT       : 19:10:18.656 [EXPANSION DEBUG]: ExpansionP2PTraderAIIrena<8443e2c0>::SetP2PTraderID - ID: 1
SCRIPT       : ExpansionZonePolygon<c5050e40> position=<12015.854492, 0.000000, 12591.097656> radius=419.633
SCRIPT       : ExpansionZoneCircle<d8634aa0> position=<1143.140015, 0.000000, 2423.270020> radius=400
SCRIPT       : ExpansionZoneCircle<d8634980> position=<3728.270020, 0.000000, 6003.600098> radius=500
SCRIPT       : Found 3 zones!
SCRIPT       : ExpansionMarketItem marketItem = ExpansionMarketItem<374cb220>
SCRIPT       : int worth =   1
SCRIPT       : 19:10:18.710 [EXPANSION DEBUG]: ExpansionQuestNPCAIDenis<8445e300>::OnEnterSafeZone
SCRIPT       : bool m_Expansion_LeavingSafeZone = 0
SCRIPT       : bool m_Expansion_IsInSafeZone = 0
SCRIPT       : bool m_Expansion_IsInSafeZoneSynchRemote = 0
SCRIPT       : 19:10:18.718 [EXPANSION DEBUG]: ExpansionP2PTraderAIIrena<8443e2c0>::OnEnterSafeZone
SCRIPT       : bool m_Expansion_LeavingSafeZone = 0
SCRIPT       : bool m_Expansion_IsInSafeZone = 0
SCRIPT       : bool m_Expansion_IsInSafeZoneSynchRemote = 0
SCRIPT       : [emote] ExpansionP2PTraderAIIrena:043 play emote id=46 IH=null
SCRIPT       : 19:10:20.187 [EXPANSION DEBUG]: ExpansionItemSpawnHelper::Clone - created Scout:030930 at location { type=HANDS item=Scout:030901 parent=ExpansionQuestNPCAIDenis:044 }
SCRIPT       : 19:10:20.187 [EXPANSION DEBUG]: ExpansionItemSpawnHelper::Clone - created Mag_Scout_5Rnd:030931 at location { type=ATTACHMENT item=null parent=Scout:030930 slot=magazine }
SCRIPT       : [emote] ExpansionQuestNPCAIDenis:044 play emote id=46 IH=Scout:030930
SCRIPT       : 19:10:21.273 [EXPANSION DEBUG]: ExpansionItemSpawnHelper::Clone - created AugShort:030902 at location { type=HANDS item=AugShort:030914 parent=ExpansionQuestNPCAIElias:045 }
SCRIPT       : 19:10:21.273 [EXPANSION DEBUG]: ExpansionItemSpawnHelper::Clone - created Mag_Aug_30Rnd:030901 at location { type=ATTACHMENT item=null parent=AugShort:030902 slot=magazine }
SCRIPT       : 19:10:21.273 [EXPANSION DEBUG]: ExpansionItemSpawnHelper::Clone - created AugOptic:030932 at location { type=ATTACHMENT item=null parent=AugShort:030902 slot=weaponOpticsAug }
SCRIPT       : [emote] ExpansionQuestNPCAIElias:045 play emote id=14 IH=AugShort:030902
SCRIPT       : 19:10:51.929 [EXPANSION DEBUG]: ExpansionHardlineModule<167290> ::LoadPlayerData - Loaded player hardline data for player Blorpus9000[3I2KPiMwtNrbRzLe964-q3OrI2Ligr9LBcsFxmVIl3Q=]
SCRIPT       : ---- PlayerBase OnStoreLoad SUCCESS ----
SCRIPT       : 19:11:04.531 [EXPANSION DEBUG]: ExpansionQuestModule<35872a0> Sending 21 quest configs to client with UID: 3I2KPiMwtNrbRzLe964-q3OrI2Ligr9LBcsFxmVIl3Q=
SCRIPT       : 19:11:04.531 [EXPANSION DEBUG]: ExpansionQuestModule<35872a0> Sending player quest data for 4 quests to player with UID: 3I2KPiMwtNrbRzLe964-q3OrI2Ligr9LBcsFxmVIl3Q=
SCRIPT       : JMCameraModule::RPC_Leave - timestamp 105.656
SCRIPT       : JMCameraModule::Server_Leave - target SurvivorBase<f17ac100>
SCRIPT       : JMCameraModule::Server_Leave - spectated player NULL
SCRIPT       : 19:11:36.234 [EXPANSION DEBUG]: ExpansionQuestModule<35872a0> Quest configs already synched for player with UID: 3I2KPiMwtNrbRzLe964-q3OrI2Ligr9LBcsFxmVIl3Q=
SCRIPT       : 19:11:36.234 [EXPANSION DEBUG]: ExpansionQuestModule<35872a0> Sending player quest data for quest ID 9 to player with UID: 3I2KPiMwtNrbRzLe964-q3OrI2Ligr9LBcsFxmVIl3Q=
SCRIPT       : 19:11:41.742 [EXPANSION DEBUG]: ExpansionQuestModule<35872a0> Quest configs already synched for player with UID: 3I2KPiMwtNrbRzLe964-q3OrI2Ligr9LBcsFxmVIl3Q=
SCRIPT       : 19:11:41.742 [EXPANSION DEBUG]: ExpansionQuestModule<35872a0> Sending player quest data for quest ID 9 to player with UID: 3I2KPiMwtNrbRzLe964-q3OrI2Ligr9LBcsFxmVIl3Q=
SCRIPT       : 19:13:34.140 [EXPANSION DEBUG]: ExpansionQuestModule<35872a0> Quest configs already synched for player with UID: 3I2KPiMwtNrbRzLe964-q3OrI2Ligr9LBcsFxmVIl3Q=
SCRIPT       : 19:13:34.140 [EXPANSION DEBUG]: ExpansionQuestModule<35872a0> Sending player quest data for quest ID 9 to player with UID: 3I2KPiMwtNrbRzLe964-q3OrI2Ligr9LBcsFxmVIl3Q=
SCRIPT       : JMCameraModule::RPC_Leave - timestamp 255.226
SCRIPT       : JMCameraModule::Server_Leave - target SurvivorBase<f17ac100>
SCRIPT       : JMCameraModule::Server_Leave - spectated player NULL
SCRIPT       : [inv] ReplaceItemWithNewLambdaBase Step B) remove OK, loc={ type=HANDS item=AmmoBox_762x39_20Rnd:030990 parent=SurvivorM_Quinn:046 }
SCRIPT       : UnboxLambda::SetupNewMagazine new_item=Ammo_762x39<f84e5270> count=20
SCRIPT       : [inv] ReplaceItemWithNewLambdaBase Step B) remove OK, loc={ type=HANDS item=AmmoBox_762x39_20Rnd:030989 parent=SurvivorM_Quinn:046 }
SCRIPT       : UnboxLambda::SetupNewMagazine new_item=Ammo_762x39<f84f9e50> count=20
SCRIPT       : [inv] ReplaceItemWithNewLambdaBase Step B) remove OK, loc={ type=HANDS item=AmmoBox_762x39_20Rnd:014633 parent=SurvivorM_Quinn:046 }
SCRIPT       : UnboxLambda::SetupNewMagazine new_item=Ammo_762x39<f84ecc20> count=20
SCRIPT       : 19:16:33.062 [EXPANSION DEBUG]: ExpansionPartyData<12985250>::OnJoin party Blorpus (ID 0) player Blorpus9000 (ID 3I2KPiMwtNrbRzLe964-q3OrI2Ligr9LBcsFxmVIl3Q=)
SCRIPT       : JMCameraModule::RPC_Leave - timestamp 496.777
SCRIPT       : JMCameraModule::Server_Leave - target SurvivorBase<f17ac100>
SCRIPT       : JMCameraModule::Server_Leave - spectated player NULL
SCRIPT       : [Logout]: New player 3I2KPiMwtNrbRzLe964-q3OrI2Ligr9LBcsFxmVIl3Q= with logout time 3
SCRIPT       : [emote] SurvivorM_Quinn:046 play emote id=14 IH=null
SCRIPT       : 19:18:01.140 [EXPANSION DEBUG]: ExpansionPartyData<12985250>::OnLeave party Blorpus (ID 0) player Blorpus9000 (ID 3I2KPiMwtNrbRzLe964-q3OrI2Ligr9LBcsFxmVIl3Q=)
SCRIPT       : 19:18:01.140 [EXPANSION DEBUG]: ExpansionQuestPersistentData<e7764c20> ~ExpansionQuestPersistentData (4)
SCRIPT       : [Logout]: Player 3I2KPiMwtNrbRzLe964-q3OrI2Ligr9LBcsFxmVIl3Q= finished
