---------------------------------------------
Log C:\Program Files (x86)\Steam\steamapps\common\DayZServerAug2\config\script_2023-08-14_15-39-30.log started at 14.08. 15:39:30

SCRIPT       : Registered 397 temporary action enum(s), UAN==397
SCRIPT       : Registering faction type eAIFactionShamans ID -1484989417
SCRIPT       : Registering faction type eAIFactionObservers ID -563736721
SCRIPT       : Registering faction type eAIFactionInvincibleObservers ID -1227299746
SCRIPT       : Registering faction type eAIFactionEast ID 90522109
SCRIPT       : Registering faction type eAIFactionGuards ID 963933710
SCRIPT       : Registering faction type eAIFactionRaiders ID 1535276022
SCRIPT       : Registering faction type eAIFactionMercenaries ID 1629891834
SCRIPT       : Registering faction type eAIFactionWest ID 113880155
SCRIPT       : Registering faction type eAIFactionCivilian ID 1096178351
SCRIPT       : Registering faction type eAIFactionPassive ID -1159399789
SCRIPT       : Registering faction type eAIFactionInvincibleGuards ID 782746017
SCRIPT       : ... Backlit Effects Enabled
SCRIPT       : 15:39:31 [EXPANSION LOG]: DayZGame<70809d40> Start time (local time) 2023-08-14 15:39:27
SCRIPT       : 15:39:31 [EXPANSION LOG]: DayZGame<70809d40> Start time (UTC) 2023-08-14 20:39:27
SCRIPT       : 15:39:31 [EXPANSION LOG]: DayZGame<70809d40> Runtime since start (seconds) 4.487
SCRIPT    (W): @"JM/COT/Scripts/4_World/communityonlinetools\classes\webhook\jmwebhookdiscordmessage.c,19": Possible variable name conflict 'username'
SCRIPT    (W): @"JM/COT/Scripts/4_World/communityonlinetools\classes\webhook\jmwebhookdiscordmessage.c,19": Possible variable name conflict 'avatar_url'
SCRIPT    (W): @"JM/COT/Scripts/4_World/communityonlinetools\classes\webhook\jmwebhookdiscordmessage.c,19": Possible variable name conflict 'content'
SCRIPT    (W): @"JM/COT/Scripts/4_World/communityonlinetools\classes\webhook\jmwebhookdiscordmessage.c,151": Possible variable name conflict 'url'
SCRIPT    (W): @"JM/COT/Scripts/4_World/communityonlinetools\classes\webhook\jmwebhookdiscordmessage.c,172": Possible variable name conflict 'url'
SCRIPT    (W): @"JM/COT/Scripts/4_World/communityonlinetools\classes\webhook\jmwebhookdiscordmessage.c,180": Possible variable name conflict 'url'
SCRIPT       : 15:39:45.855 [EXPANSION DEBUG]: [ExpansionDebugSettings] Load existing setting file:$profile:ExpansionMod\Settings\DebugSettings.json
SCRIPT       : 15:39:45.855 [EXPANSION DEBUG]: [ExpansionLogSettings] Load existing setting file:$profile:ExpansionMod\Settings\LogsSettings.json
SCRIPT       : 15:39:45.871 [EXPANSION DEBUG]: [ExpansionNotificationSettings] Load existing setting file:$profile:ExpansionMod\Settings\NotificationSettings.json
SCRIPT       : 15:39:45.871 [EXPANSION DEBUG]: [ExpansionMonitoringSettings] Load existing setting file:$profile:ExpansionMod\Settings\MonitoringSettings.json
SCRIPT       : 15:39:45.871 [EXPANSION DEBUG]: [ExpansionDamageSystemSettings] Load existing setting file:$profile:ExpansionMod\Settings\DamageSystemSettings.json
SCRIPT       : 15:39:45.871 [EXPANSION DEBUG]: [ExpansionPartySettings] Load existing setting file:$profile:ExpansionMod\Settings\PartySettings.json
SCRIPT       : 15:39:45.871 [EXPANSION DEBUG]: [ExpansionHardlineSettings] Load existing setting file:$mission:expansion\settings\HardlineSettings.json
SCRIPT       : 15:39:45.878 [EXPANSION DEBUG]: [ExpansionMarketSettings] Load existing setting file:$mission:expansion\settings\MarketSettings.json
SCRIPT       : ExpansionMarketSettings::LoadCategories - Adding category ID 1 (Ammo)
SCRIPT       : ExpansionMarketSettings::LoadCategories - Adding category ID 2 (Ammo_Boxes)
SCRIPT       : ExpansionMarketSettings::LoadCategories - Adding category ID 3 (Armbands)
SCRIPT       : ExpansionMarketSettings::LoadCategories - Adding category ID 4 (Assault_Rifles)
SCRIPT       : ExpansionMarketSettings::LoadCategories - Adding category ID 5 (Backpacks)
SCRIPT       : ExpansionMarketSettings::LoadCategories - Adding category ID 6 (Bandanas)
SCRIPT       : ExpansionMarketSettings::LoadCategories - Adding category ID 7 (Batteries)
SCRIPT       : ExpansionMarketSettings::LoadCategories - Adding category ID 8 (Bayonets)
SCRIPT       : ExpansionMarketSettings::LoadCategories - Adding category ID 9 (Belts)
SCRIPT       : ExpansionMarketSettings::LoadCategories - Adding category ID 10 (Blouses_And_Suits)
SCRIPT       : ExpansionMarketSettings::LoadCategories - Adding category ID 11 (Boats)
SCRIPT       : ExpansionMarketSettings::LoadCategories - Adding category ID 12 (Boots_And_Shoes)
SCRIPT       : ExpansionMarketSettings::LoadCategories - Adding category ID 13 (Buttstocks)
SCRIPT       : ExpansionMarketSettings::LoadCategories - Adding category ID 14 (Caps)
SCRIPT       : ExpansionMarketSettings::LoadCategories - Adding category ID 15 (Cars)
SCRIPT       : ExpansionMarketSettings::LoadCategories - Adding category ID 16 (Coats_And_Jackets)
SCRIPT       : ExpansionMarketSettings::LoadCategories - Adding category ID 17 (Containers)
SCRIPT       : ExpansionMarketSettings::LoadCategories - Adding category ID 18 (Crossbows)
SCRIPT       : ExpansionMarketSettings::LoadCategories - Adding category ID 19 (Drinks)
SCRIPT       : ExpansionMarketSettings::LoadCategories - Adding category ID 20 (Electronics)
SCRIPT       : ExpansionMarketSettings::LoadCategories - Adding category ID 21 (Event)
SCRIPT       : ExpansionMarketSettings::LoadCategories - Adding category ID 22 (Exchange)
SCRIPT       : ExpansionMarketSettings::LoadCategories - Adding category ID 23 (Explosives_And_Grenades)
SCRIPT       : ExpansionMarketSettings::LoadCategories - Adding category ID 24 (Eyewear)
SCRIPT       : ExpansionMarketSettings::LoadCategories - Adding category ID 25 (Fish)
SCRIPT       : ExpansionMarketSettings::LoadCategories - Adding category ID 26 (Fishing)
SCRIPT       : ExpansionMarketSettings::LoadCategories - Adding category ID 27 (Flags)
SCRIPT       : ExpansionMarketSettings::LoadCategories - Adding category ID 28 (Food)
SCRIPT       : ExpansionMarketSettings::LoadCategories - Adding category ID 29 (Fruit_And_Vegetables)
SCRIPT       : ExpansionMarketSettings::LoadCategories - Adding category ID 30 (Furnishings)
SCRIPT       : ExpansionMarketSettings::LoadCategories - Adding category ID 31 (Gardening)
SCRIPT       : ExpansionMarketSettings::LoadCategories - Adding category ID 32 (Ghillies)
SCRIPT       : ExpansionMarketSettings::LoadCategories - Adding category ID 33 (Gloves)
SCRIPT       : ExpansionMarketSettings::LoadCategories - Adding category ID 34 (Handguards)
SCRIPT       : ExpansionMarketSettings::LoadCategories - Adding category ID 35 (Hats_And_Hoods)
SCRIPT       : ExpansionMarketSettings::LoadCategories - Adding category ID 36 (Helicopters)
SCRIPT       : ExpansionMarketSettings::LoadCategories - Adding category ID 37 (Helmets)
SCRIPT       : ExpansionMarketSettings::LoadCategories - Adding category ID 38 (Holsters_And_Pouches)
SCRIPT       : ExpansionMarketSettings::LoadCategories - Adding category ID 39 (Kits)
SCRIPT       : ExpansionMarketSettings::LoadCategories - Adding category ID 40 (Knifes)
SCRIPT       : ExpansionMarketSettings::LoadCategories - Adding category ID 41 (Launchers)
SCRIPT       : ExpansionMarketSettings::LoadCategories - Adding category ID 42 (Lights)
SCRIPT       : ExpansionMarketSettings::LoadCategories - Adding category ID 43 (Liquids)
SCRIPT       : ExpansionMarketSettings::LoadCategories - Adding category ID 44 (Locks)
SCRIPT       : ExpansionMarketSettings::LoadCategories - Adding category ID 45 (Magazines)
SCRIPT       : ExpansionMarketSettings::LoadCategories - Adding category ID 46 (Masks)
SCRIPT       : ExpansionMarketSettings::LoadCategories - Adding category ID 47 (Meat)
SCRIPT       : ExpansionMarketSettings::LoadCategories - Adding category ID 48 (Medical)
SCRIPT       : ExpansionMarketSettings::LoadCategories - Adding category ID 49 (Melee_Weapons)
SCRIPT       : ExpansionMarketSettings::LoadCategories - Adding category ID 50 (Muzzles)
SCRIPT       : ExpansionMarketSettings::LoadCategories - Adding category ID 51 (Navigation)
SCRIPT       : ExpansionMarketSettings::LoadCategories - Adding category ID 52 (Optics)
SCRIPT       : ExpansionMarketSettings::LoadCategories - Adding category ID 53 (Pants_And_Shorts)
SCRIPT       : ExpansionMarketSettings::LoadCategories - Adding category ID 54 (Pistols)
SCRIPT       : ExpansionMarketSettings::LoadCategories - Adding category ID 55 (Rifles)
SCRIPT       : ExpansionMarketSettings::LoadCategories - Adding category ID 56 (Shirts_And_TShirts)
SCRIPT       : ExpansionMarketSettings::LoadCategories - Adding category ID 57 (Shotguns)
SCRIPT       : ExpansionMarketSettings::LoadCategories - Adding category ID 58 (Skirts_And_Dresses)
SCRIPT       : ExpansionMarketSettings::LoadCategories - Adding category ID 59 (Sniper_Rifles)
SCRIPT       : ExpansionMarketSettings::LoadCategories - Adding category ID 60 (Spraycans)
SCRIPT       : ExpansionMarketSettings::LoadCategories - Adding category ID 61 (Submachine_Guns)
SCRIPT       : ExpansionMarketSettings::LoadCategories - Adding category ID 62 (Supplies)
SCRIPT       : ExpansionMarketSettings::LoadCategories - Adding category ID 63 (Sweaters_And_Hoodies)
SCRIPT       : ExpansionMarketSettings::LoadCategories - Adding category ID 64 (Tents)
SCRIPT       : ExpansionMarketSettings::LoadCategories - Adding category ID 65 (Tools)
SCRIPT       : ExpansionMarketSettings::LoadCategories - Adding category ID 66 (Vehicle_Parts)
SCRIPT       : ExpansionMarketSettings::LoadCategories - Adding category ID 67 (Vests)
SCRIPT       : 15:39:46.023 [EXPANSION DEBUG]: [ExpansionAirdropSettings] Load existing setting file:$profile:ExpansionMod\Settings\AirdropSettings.json
SCRIPT       : 15:39:46.148 [EXPANSION DEBUG]: [ExpansionMissionSettings] Load existing setting file:$profile:ExpansionMod\Settings\MissionSettings.json
SCRIPT       : 15:39:46.148 [EXPANSION DEBUG]: [ExpansionMapSettings] Load existing setting file:$mission:expansion\settings\MapSettings.json
SCRIPT       : 15:39:46.171 [EXPANSION DEBUG]: [ExpansionPersonalStorageNewSettings] Load existing setting file:$profile:ExpansionMod\Settings\PersonalStorageNewSettings.json
SCRIPT       : 15:39:46.171 [EXPANSION DEBUG]: [ExpansionGeneralSettings] Load existing setting file:$profile:ExpansionMod\Settings\GeneralSettings.json
SCRIPT       : 15:39:46.171 [EXPANSION DEBUG]: [ExpansionPlayerListSettings] Load existing setting file:$profile:ExpansionMod\Settings\PlayerListSettings.json
SCRIPT       : 15:39:46.171 [EXPANSION DEBUG]: [ExpansionSocialMediaSettings] Load existing setting file:$profile:ExpansionMod\Settings\SocialMediaSettings.json
SCRIPT       : 15:39:46.171 [EXPANSION DEBUG]: [ExpansionSpawnSettings] Load existing setting file:$mission:expansion\settings\SpawnSettings.json
SCRIPT       : 15:39:46.179 [EXPANSION DEBUG]: [ExpansionVehicleSettings] Load existing setting file:$profile:ExpansionMod\Settings\VehicleSettings.json
SCRIPT       : 15:39:46.179 [EXPANSION DEBUG]: [ExpansionAISettings] Load existing setting file:$profile:ExpansionMod\Settings\AISettings.json
SCRIPT       : 15:39:46.179 [EXPANSION DEBUG]: [ExpansionAIPatrolSettings] Load existing setting file:$mission:expansion\settings\AIPatrolSettings.json
SCRIPT       : 15:39:46.187 [EXPANSION DEBUG]: [ExpansionBaseBuildingSettings] Load existing setting file:$mission:expansion\settings\BaseBuildingSettings.json
SCRIPT       : 15:39:46.191 [EXPANSION DEBUG]: [ExpansionRaidSettings] Load existing setting file:$profile:ExpansionMod\Settings\RaidSettings.json
SCRIPT       : 15:39:46.191 [EXPANSION DEBUG]: [ExpansionTerritorySettings] Load existing setting file:$profile:ExpansionMod\Settings\TerritorySettings.json
SCRIPT       : 15:39:46.195 [EXPANSION DEBUG]: [ExpansionChatSettings] Load existing setting file:$profile:ExpansionMod\Settings\ChatSettings.json
SCRIPT       : Expansion version: 1.8.21
SCRIPT       : [DefineTest] EXPANSIONMOD is defined
SCRIPT       : [DefineTest] EXPANSIONMODAI is defined
SCRIPT       : [DefineTest] EXPANSIONMODANIMATIONS is defined
SCRIPT       : [DefineTest] EXPANSIONMODBASEBUILDING is defined
SCRIPT       : [DefineTest] EXPANSIONMODBOOK is defined
SCRIPT       : [DefineTest] EXPANSIONMODCHAT is defined
SCRIPT       : [DefineTest] EXPANSIONMODCORE is defined
SCRIPT       : [DefineTest] EXPANSIONMODGARAGE is defined
SCRIPT       : [DefineTest] EXPANSIONMODGROUPS is defined
SCRIPT       : [DefineTest] EXPANSIONMODHARDLINE is defined
SCRIPT       : [DefineTest] EXPANSIONMODKILLFEED is defined
SCRIPT       : [DefineTest] EXPANSIONMODMAPASSETS is defined
SCRIPT       : [DefineTest] EXPANSIONMODMARKET is defined
SCRIPT       : [DefineTest] EXPANSIONMODMISSIONS is defined
SCRIPT       : [DefineTest] EXPANSIONMODNAMETAGS is defined
SCRIPT       : [DefineTest] EXPANSIONMODNAVIGATION is defined
SCRIPT       : [DefineTest] EXPANSIONMODP2PMARKET is defined
SCRIPT       : [DefineTest] EXPANSIONMODPERSONALSTORAGE is defined
SCRIPT       : [DefineTest] EXPANSIONMODQUESTS is defined
SCRIPT       : [DefineTest] EXPANSIONMODSPAWNSELECTION is defined
SCRIPT       : [DefineTest] EXPANSIONMODVEHICLE is defined
SCRIPT       : [DefineTest] EXPANSIONMODWEAPONS is defined
SCRIPT       : [DefineTest] CfgMods:
SCRIPT       : defaultAction
SCRIPT       : DayZ
SCRIPT       : DZ_Expansion_AI_Preload
SCRIPT       : DZ_Expansion_Animations_Preload
SCRIPT       : DZ_Expansion_BaseBuilding_Preload
SCRIPT       : DZ_Expansion_Book_Preload
SCRIPT       : DZ_Expansion_Chat_Preload
SCRIPT       : DZ_Expansion_Core_Preload
SCRIPT       : DZ_Expansion_Garage_Preload
SCRIPT       : DZ_Expansion_Groups_Preload
SCRIPT       : DZ_Expansion_Hardline_Preload
SCRIPT       : DZ_Expansion_KillFeed_Preload
SCRIPT       : DZ_Expansion_MapAssets_Preload
SCRIPT       : DZ_Expansion_Market_Preload
SCRIPT       : DZ_Expansion_Missions_Preload
SCRIPT       : DZ_Expansion_ModStorage_Preload
SCRIPT       : DZ_Expansion_NameTags_Preload
SCRIPT       : DZ_Expansion_Navigation_Preload
SCRIPT       : DZ_Expansion_P2PMarket_Preload
SCRIPT       : DZ_Expansion_PersonalStorage_Preload
SCRIPT       : DZ_Expansion_Preload
SCRIPT       : DZ_Expansion_Quests_Preload
SCRIPT       : DZ_Expansion_SpawnSelection_Preload
SCRIPT       : DZ_Expansion_Vehicles_Preload
SCRIPT       : DZ_Expansion_Weapons_Preload
SCRIPT       : DZ_DabsFramework
SCRIPT       : DZ_Expansion_DefineTest
SCRIPT       : DZ_Expansion_MapAssets
SCRIPT       : bliss
SCRIPT       : JM_CommunityFramework
SCRIPT       : JM_CommunityOnlineTools
SCRIPT       : PvZmoD_CustomisableZombies
SCRIPT       : BoostZombiesVisionAddon
SCRIPT       : DZ_Editor_Loader
SCRIPT       : DZ_Expansion_ModStorage
SCRIPT       : DZ_Expansion_Core
SCRIPT       : DZ_Expansion_Garage
SCRIPT       : DZ_Expansion_Groups
SCRIPT       : DZ_Expansion_Market
SCRIPT       : DZ_Expansion_Missions
SCRIPT       : DZ_Expansion_NameTags
SCRIPT       : DZ_Expansion_Navigation
SCRIPT       : DZ_Expansion_NotificationScheduler
SCRIPT       : DZ_Expansion_P2PMarket
SCRIPT       : DZ_Expansion_PersonalStorage
SCRIPT       : DZ_Expansion_PersonalStorageNew
SCRIPT       : DZ_Expansion_PlayerList
SCRIPT       : DZ_Expansion
SCRIPT       : DZ_Expansion_SpawnSelection
SCRIPT       : DZ_Expansion_VanillaFixes
SCRIPT       : DZ_Expansion_Vehicles
SCRIPT       : DZ_Expansion_Weapons
SCRIPT       : jpc_vest
SCRIPT       : DZ_Expansion_AI
SCRIPT       : DZ_Expansion_BaseBuilding
SCRIPT       : DZ_Expansion_Book
SCRIPT       : DZ_Expansion_Chat
SCRIPT       : DZ_Expansion_Hardline
SCRIPT       : DZ_Expansion_Quests
SCRIPT       : DZ_Expansion_VirtualContainerStorage
SCRIPT       : DayZ_Expansion_AI_Dynamic
SCRIPT       : 15:39:46.703 [EXPANSION DEBUG]: ModStorage v5
SCRIPT       : 15:39:49.457 [EXPANSION DEBUG]: ExpansionTraderJudy<2ecba010>::SetTraderObject ExpansionTraderObjectBase<493dbc50> <4973.928711, 9.510984, 2436.782959>
SCRIPT       : 15:39:49.457 [EXPANSION DEBUG]: LoadMissionTradersFile trader ExpansionTraderJudy<2ecba010> fileName Aircraft
SCRIPT       : 15:39:49.472 [EXPANSION DEBUG]: ExpansionTraderJose<ed60a030>::SetTraderObject ExpansionTraderObjectBase<4963c350> <14353.624023, 3.326771, 13229.217773>
SCRIPT       : 15:39:49.472 [EXPANSION DEBUG]: LoadMissionTradersFile trader ExpansionTraderJose<ed60a030> fileName Boats
SCRIPT       : 15:39:49.480 [EXPANSION DEBUG]: ExpansionTraderEva<53e5d810>::SetTraderObject ExpansionTraderObjectBase<496c3f90> <14378.793945, 3.325975, 13271.585938>
SCRIPT       : 15:39:49.480 [EXPANSION DEBUG]: LoadMissionTradersFile trader ExpansionTraderEva<53e5d810> fileName Fishing
SCRIPT       : 15:39:49.488 [EXPANSION DEBUG]: ExpansionTraderLewis<496d4010>::SetTraderObject ExpansionTraderObjectBase<53f08140> <1756.656372, 1.415564, 2027.359741>
SCRIPT       : 15:39:49.488 [EXPANSION DEBUG]: LoadMissionTradersFile trader ExpansionTraderLewis<496d4010> fileName Boats
SCRIPT       : 15:39:49.492 [EXPANSION DEBUG]: LoadMissionTradersFile trader ExpansionTraderStaticBase<2ded7ff0> fileName Exchange
SCRIPT       : 15:39:49.511 [EXPANSION DEBUG]: ExpansionTraderDenis<53fa5800>::SetTraderObject ExpansionTraderObjectBase<53f76410> <3697.249512, 402.010010, 5977.625488>
SCRIPT       : 15:39:49.511 [EXPANSION DEBUG]: LoadMissionTradersFile trader ExpansionTraderDenis<53fa5800> fileName Clothing
SCRIPT       : 15:39:49.527 [EXPANSION DEBUG]: ExpansionTraderMaria<493e6010>::SetTraderObject ExpansionTraderObjectBase<54145840> <3696.455811, 402.010010, 5980.193359>
SCRIPT       : 15:39:49.527 [EXPANSION DEBUG]: LoadMissionTradersFile trader ExpansionTraderMaria<493e6010> fileName Clothing_Accessories
SCRIPT       : 15:39:49.542 [EXPANSION DEBUG]: ExpansionTraderQuinn<217de4a0>::SetTraderObject ExpansionTraderObjectBase<54282a50> <3710.121826, 402.010010, 5976.164063>
SCRIPT       : 15:39:49.542 [EXPANSION DEBUG]: LoadMissionTradersFile trader ExpansionTraderQuinn<217de4a0> fileName Consumables
SCRIPT       : 15:39:49.558 [EXPANSION DEBUG]: ExpansionTraderNaomi<8a4f8020>::SetTraderObject ExpansionTraderObjectBase<5442d1d0> <3708.786865, 402.010010, 5974.589844>
SCRIPT       : 15:39:49.558 [EXPANSION DEBUG]: LoadMissionTradersFile trader ExpansionTraderNaomi<8a4f8020> fileName Weapons
SCRIPT       : 15:39:49.578 [EXPANSION DEBUG]: ExpansionTraderSeth<71854d0>::SetTraderObject ExpansionTraderObjectBase<545980b0> <3710.265137, 402.010010, 5973.340820>
SCRIPT       : 15:39:49.578 [EXPANSION DEBUG]: LoadMissionTradersFile trader ExpansionTraderSeth<71854d0> fileName Attachments
SCRIPT       : 15:39:49.585 [EXPANSION DEBUG]: ExpansionTraderRolf<7179aa0>::SetTraderObject ExpansionTraderObjectBase<54720c70> <3698.172607, 402.010010, 5995.337402>
SCRIPT       : 15:39:49.585 [EXPANSION DEBUG]: LoadMissionTradersFile trader ExpansionTraderRolf<7179aa0> fileName Vehicles
SCRIPT       : 15:39:49.605 [EXPANSION DEBUG]: ExpansionTraderIndar<7171e80>::SetTraderObject ExpansionTraderObjectBase<5487a240> <3714.531006, 402.138000, 5961.776367>
SCRIPT       : 15:39:49.605 [EXPANSION DEBUG]: LoadMissionTradersFile trader ExpansionTraderIndar<7171e80> fileName Components
SCRIPT       : 15:39:49.613 [EXPANSION DEBUG]: ExpansionTraderJudy<71892e0>::SetTraderObject ExpansionTraderObjectBase<54a13750> <3729.029541, 402.651001, 5969.476563>
SCRIPT       : 15:39:49.613 [EXPANSION DEBUG]: LoadMissionTradersFile trader ExpansionTraderJudy<71892e0> fileName Medicals
SCRIPT       : 15:39:49.613 [EXPANSION DEBUG]: ExpansionTraderNaomi<716e070>::SetTraderObject ExpansionTraderObjectBase<54a19a10> <3690.062988, 402.100067, 6006.763672>
SCRIPT       : 15:39:49.613 [EXPANSION DEBUG]: LoadMissionTradersFile trader ExpansionTraderNaomi<716e070> fileName Vehicle_Parts
SCRIPT       : 15:39:49.621 [EXPANSION DEBUG]: ExpansionTraderJose<718d0f0>::SetTraderObject ExpansionTraderObjectBase<54a1f690> <3699.629883, 402.010010, 5993.970215>
SCRIPT       : 15:39:49.621 [EXPANSION DEBUG]: LoadMissionTradersFile trader ExpansionTraderJose<718d0f0> fileName Spraycans
SCRIPT       : 15:39:49.632 [EXPANSION DEBUG]: ExpansionTraderLinda<7190f00>::SetTraderObject ExpansionTraderObjectBase<54aaf850> <3674.669922, 406.760010, 5990.390137>
SCRIPT       : 15:39:49.632 [EXPANSION DEBUG]: LoadMissionTradersFile trader ExpansionTraderLinda<7190f00> fileName Special
SCRIPT       : 15:39:49.640 [EXPANSION DEBUG]: ExpansionTraderNiki<7175c90>::SetTraderObject ExpansionTraderObjectBase<54bd7760> <3699.030029, 402.013000, 5973.439941>
SCRIPT       : 15:39:49.640 [EXPANSION DEBUG]: LoadMissionTradersFile trader ExpansionTraderNiki<7175c90> fileName BuildingSupplies
SCRIPT       : 15:39:49.648 [EXPANSION DEBUG]: ExpansionTraderFrancis<7198b20>::SetTraderObject ExpansionTraderObjectBase<54cb66a0> <1153.964844, 6.463035, 2409.763184>
SCRIPT       : 15:39:49.648 [EXPANSION DEBUG]: LoadMissionTradersFile trader ExpansionTraderFrancis<7198b20> fileName Attachments
SCRIPT       : 15:39:49.656 [EXPANSION DEBUG]: ExpansionTraderKaito<7194d10>::SetTraderObject ExpansionTraderObjectBase<596d7bd0> <1117.021240, 5.495151, 2413.766357>
SCRIPT       : 15:39:49.656 [EXPANSION DEBUG]: LoadMissionTradersFile trader ExpansionTraderKaito<7194d10> fileName Components
SCRIPT       : 15:39:49.667 [EXPANSION DEBUG]: ExpansionTraderCyril<717d8b0>::SetTraderObject ExpansionTraderObjectBase<5976b1b0> <1136.987427, 5.908522, 2439.662598>
SCRIPT       : 15:39:49.667 [EXPANSION DEBUG]: LoadMissionTradersFile trader ExpansionTraderCyril<717d8b0> fileName Clothing
SCRIPT       : 15:39:49.675 [EXPANSION DEBUG]: ExpansionTraderGuo<71a0740>::SetTraderObject ExpansionTraderObjectBase<5981ccb0> <1133.974854, 5.909700, 2442.412598>
SCRIPT       : 15:39:49.675 [EXPANSION DEBUG]: LoadMissionTradersFile trader ExpansionTraderGuo<71a0740> fileName Clothing_Accessories
SCRIPT       : 15:39:49.683 [EXPANSION DEBUG]: ExpansionTraderBoris<719c930>::SetTraderObject ExpansionTraderObjectBase<59838fa0> <1123.468262, 15.349299, 2426.316162>
SCRIPT       : 15:39:49.683 [EXPANSION DEBUG]: LoadMissionTradersFile trader ExpansionTraderBoris<719c930> fileName Exchange
SCRIPT       : 15:39:49.683 [EXPANSION DEBUG]: ExpansionTraderLinda<598feb30>::SetTraderObject ExpansionTraderObjectBase<5995ef30> <1135.892822, 5.908773, 2436.856689>
SCRIPT       : 15:39:49.683 [EXPANSION DEBUG]: LoadMissionTradersFile trader ExpansionTraderLinda<598feb30> fileName Consumables
SCRIPT       : 15:39:49.691 [EXPANSION DEBUG]: ExpansionTraderKeiko<598ef2f0>::SetTraderObject ExpansionTraderObjectBase<5997ba90> <1130.731689, 5.951744, 2438.009277>
SCRIPT       : 15:39:49.691 [EXPANSION DEBUG]: LoadMissionTradersFile trader ExpansionTraderKeiko<598ef2f0> fileName Medicals
SCRIPT       : 15:39:49.699 [EXPANSION DEBUG]: ExpansionTraderHelga<598f6f10>::SetTraderObject ExpansionTraderObjectBase<59a3b2b0> <1141.654419, 5.906255, 2421.591309>
SCRIPT       : 15:39:49.699 [EXPANSION DEBUG]: LoadMissionTradersFile trader ExpansionTraderHelga<598f6f10> fileName Special
SCRIPT       : 15:39:49.707 [EXPANSION DEBUG]: ExpansionTraderFrida<5990a560>::SetTraderObject ExpansionTraderObjectBase<59b9bf40> <1120.135132, 5.600746, 2417.465820>
SCRIPT       : 15:39:49.707 [EXPANSION DEBUG]: LoadMissionTradersFile trader ExpansionTraderFrida<5990a560> fileName Vehicles
SCRIPT       : 15:39:49.714 [EXPANSION DEBUG]: ExpansionTraderHassan<59906750>::SetTraderObject ExpansionTraderObjectBase<59c8aa30> <1123.977905, 5.639271, 2417.411865>
SCRIPT       : 15:39:49.714 [EXPANSION DEBUG]: LoadMissionTradersFile trader ExpansionTraderHassan<59906750> fileName Vehicle_Parts
SCRIPT       : 15:39:49.718 [EXPANSION DEBUG]: ExpansionTraderDenis<59902940>::SetTraderObject ExpansionTraderObjectBase<59c8e950> <1156.719727, 6.513331, 2406.355225>
SCRIPT       : 15:39:49.718 [EXPANSION DEBUG]: LoadMissionTradersFile trader ExpansionTraderDenis<59902940> fileName Weapons
SCRIPT       : 15:39:49.726 [EXPANSION DEBUG]: ExpansionTraderGabi<5990e370>::SetTraderObject ExpansionTraderObjectBase<59d16d90> <1135.689941, 5.900000, 2423.300049>
SCRIPT       : 15:39:49.726 [EXPANSION DEBUG]: LoadMissionTradersFile trader ExpansionTraderGabi<5990e370> fileName BuildingSupplies
SCRIPT       : 15:39:49.730 [EXPANSION DEBUG]: ExpansionTraderFrancis<598f3100>::SetTraderObject ExpansionTraderObjectBase<59d1c970> <11835.901367, 140.617874, 12474.744141>
SCRIPT       : 15:39:49.730 [EXPANSION DEBUG]: LoadMissionTradersFile trader ExpansionTraderFrancis<598f3100> fileName Attachments
SCRIPT       : 15:39:49.734 [EXPANSION DEBUG]: ExpansionTraderLinda<598fad20>::SetTraderObject ExpansionTraderObjectBase<59d21650> <11856.716797, 140.565109, 12461.438477>
SCRIPT       : 15:39:49.734 [EXPANSION DEBUG]: LoadMissionTradersFile trader ExpansionTraderLinda<598fad20> fileName Consumables
SCRIPT       : 15:39:49.738 [EXPANSION DEBUG]: ExpansionTraderCyril<59912180>::SetTraderObject ExpansionTraderObjectBase<59ebc800> <11855.000000, 140.605103, 12466.099609>
SCRIPT       : 15:39:49.738 [EXPANSION DEBUG]: LoadMissionTradersFile trader ExpansionTraderCyril<59912180> fileName Clothing
SCRIPT       : 15:39:49.738 [EXPANSION DEBUG]: ExpansionTraderGuo<59915f90>::SetTraderObject ExpansionTraderObjectBase<59ec37e0> <11855.200195, 140.605103, 12470.487305>
SCRIPT       : 15:39:49.738 [EXPANSION DEBUG]: LoadMissionTradersFile trader ExpansionTraderGuo<59915f90> fileName Clothing_Accessories
SCRIPT       : 15:39:49.742 [EXPANSION DEBUG]: ExpansionTraderKaito<599257d0>::SetTraderObject ExpansionTraderObjectBase<59ec7ed0> <11849.400391, 140.605087, 12466.200195>
SCRIPT       : 15:39:49.742 [EXPANSION DEBUG]: LoadMissionTradersFile trader ExpansionTraderKaito<599257d0> fileName Components
SCRIPT       : 15:39:49.742 [EXPANSION DEBUG]: ExpansionTraderBoris<599295e0>::SetTraderObject ExpansionTraderObjectBase<59ecc930> <11858.202148, 140.615112, 12463.234375>
SCRIPT       : 15:39:49.742 [EXPANSION DEBUG]: LoadMissionTradersFile trader ExpansionTraderBoris<599295e0> fileName Exchange
SCRIPT       : 15:39:49.746 [EXPANSION DEBUG]: ExpansionTraderKeiko<59919da0>::SetTraderObject ExpansionTraderObjectBase<59ed1a70> <11853.218750, 140.605087, 12463.277344>
SCRIPT       : 15:39:49.746 [EXPANSION DEBUG]: LoadMissionTradersFile trader ExpansionTraderKeiko<59919da0> fileName Medicals
SCRIPT       : 15:39:49.746 [EXPANSION DEBUG]: ExpansionTraderGabi<5991dbb0>::SetTraderObject ExpansionTraderObjectBase<59ed9090> <11833.200195, 140.605118, 12461.700195>
SCRIPT       : 15:39:49.746 [EXPANSION DEBUG]: LoadMissionTradersFile trader ExpansionTraderGabi<5991dbb0> fileName Special
SCRIPT       : 15:39:49.757 [EXPANSION DEBUG]: ExpansionTraderElias<599219c0>::SetTraderObject ExpansionTraderObjectBase<59fae290> <11877.799805, 140.134796, 12441.599609>
SCRIPT       : 15:39:49.757 [EXPANSION DEBUG]: LoadMissionTradersFile trader ExpansionTraderElias<599219c0> fileName Vehicles
SCRIPT       : 15:39:49.757 [EXPANSION DEBUG]: ExpansionTraderHassan<5a0704c0>::SetTraderObject ExpansionTraderObjectBase<59fb3d30> <11878.674805, 140.134796, 12424.302734>
SCRIPT       : 15:39:49.757 [EXPANSION DEBUG]: LoadMissionTradersFile trader ExpansionTraderHassan<5a0704c0> fileName Vehicle_Parts
SCRIPT       : 15:39:49.761 [EXPANSION DEBUG]: ExpansionTraderDenis<5a060c80>::SetTraderObject ExpansionTraderObjectBase<5a0c1fa0> <11833.576172, 140.605072, 12469.492188>
SCRIPT       : 15:39:49.761 [EXPANSION DEBUG]: LoadMissionTradersFile trader ExpansionTraderDenis<5a060c80> fileName Weapons
SCRIPT       : 15:39:49.765 [EXPANSION DEBUG]: ExpansionTraderLinda<5a0742d0>::SetTraderObject ExpansionTraderObjectBase<5a0c79f0> <11852.194336, 140.660980, 12472.387695>
SCRIPT       : 15:39:49.765 [EXPANSION DEBUG]: LoadMissionTradersFile trader ExpansionTraderLinda<5a0742d0> fileName BuildingSupplies
SCRIPT       : 15:39:49.773 [EXPANSION DEBUG]: ExpansionTraderManua<5a064a90>::SetTraderObject ExpansionTraderObjectBase<5a181ce0> <11879.722656, 140.094788, 12435.959961>
SCRIPT       : 15:39:49.773 [EXPANSION DEBUG]: LoadMissionTradersFile trader ExpansionTraderManua<5a064a90> fileName Spraycans
SCRIPT       : 15:39:49.777 [EXPANSION DEBUG]: ExpansionTraderIrena<5a059060>::SetTraderObject ExpansionTraderObjectBase<5a2c9850> <12160.279297, 140.580765, 12689.783203>
SCRIPT       : 15:39:49.777 [EXPANSION DEBUG]: LoadMissionTradersFile trader ExpansionTraderIrena<5a059060> fileName Aircraft
SCRIPT       : [ExpansionQuestPersistentServerData] Load existing configuration file:$profile:ExpansionMod\Quests\PersistentServerData.json
SCRIPT       : [ExpansionQuestPersistentServerData] Load existing configuration file:$profile:ExpansionMod\Quests\PersistentServerData.json
SCRIPT       : [ExpansionQuestObjectiveTravelConfig] Load existing configuration file:$profile:ExpansionMod\Quests\Objectives\Travel\Objective_T_1.json
SCRIPT       : [ExpansionQuestObjectiveTravelConfig] Load existing configuration file:$profile:ExpansionMod\Quests\Objectives\Travel\Objective_T_2.json
SCRIPT       : [ExpansionQuestObjectiveTravelConfig] Load existing configuration file:$profile:ExpansionMod\Quests\Objectives\Travel\Objective_T_3.json
SCRIPT       : [ExpansionQuestObjectiveTravelConfig] Load existing configuration file:$profile:ExpansionMod\Quests\Objectives\Travel\Objective_T_4.json
SCRIPT       : [ExpansionQuestObjectiveTargetConfig] Load existing configuration file:$profile:ExpansionMod\Quests\Objectives\Target\Objective_TA_1.json
SCRIPT       : [ExpansionQuestObjectiveTargetConfig] Load existing configuration file:$profile:ExpansionMod\Quests\Objectives\Target\Objective_TA_2.json
SCRIPT       : [ExpansionQuestObjectiveTargetConfig] Load existing configuration file:$profile:ExpansionMod\Quests\Objectives\Target\Objective_TA_3.json
SCRIPT       : [ExpansionQuestObjectiveTargetConfig] Load existing configuration file:$profile:ExpansionMod\Quests\Objectives\Target\Objective_TA_4.json
SCRIPT       : [ExpansionQuestObjectiveDeliveryConfig] Load existing configuration file:$profile:ExpansionMod\Quests\Objectives\Delivery\Objective_D_1.json
SCRIPT       : [ExpansionQuestObjectiveDeliveryConfig] Load existing configuration file:$profile:ExpansionMod\Quests\Objectives\Delivery\Objective_D_2.json
SCRIPT       : [ExpansionQuestObjectiveCollectionConfig] Load existing configuration file:$profile:ExpansionMod\Quests\Objectives\Collection\1-Collection-Apples.json
SCRIPT       : [ExpansionQuestObjectiveCollectionConfig] Load existing configuration file:$profile:ExpansionMod\Quests\Objectives\Collection\2-Collection-Mackerel.json
SCRIPT       : [ExpansionQuestObjectiveCollectionConfig] Load existing configuration file:$profile:ExpansionMod\Quests\Objectives\Collection\3-Collection-BrownChickens.json
SCRIPT       : [ExpansionQuestObjectiveCollectionConfig] Load existing configuration file:$profile:ExpansionMod\Quests\Objectives\Collection\4-Collection-BearPelt.json
SCRIPT       : [ExpansionQuestObjectiveCollectionConfig] Load existing configuration file:$profile:ExpansionMod\Quests\Objectives\Collection\5-Collection-DeerPelt.json
SCRIPT       : [ExpansionQuestObjectiveCollectionConfig] Load existing configuration file:$profile:ExpansionMod\Quests\Objectives\Collection\6-Collection-AgaricusMushroom.json
SCRIPT       : [ExpansionQuestObjectiveCollectionConfig] Load existing configuration file:$profile:ExpansionMod\Quests\Objectives\Collection\Objective_C_1.json
SCRIPT       : [ExpansionQuestObjectiveCollectionConfig] Load existing configuration file:$profile:ExpansionMod\Quests\Objectives\Collection\Objective_C_2.json
SCRIPT       : [ExpansionQuestObjectiveCollectionConfig] Load existing configuration file:$profile:ExpansionMod\Quests\Objectives\Collection\Objective_C_3.json
SCRIPT       : [ExpansionQuestObjectiveTreasureHuntConfig] Load existing configuration file:$profile:ExpansionMod\Quests\Objectives\TreasureHunt\Objective_TH_1.json
SCRIPT       : [ExpansionQuestObjectiveActionConfig] Load existing configuration file:$profile:ExpansionMod\Quests\Objectives\Action\1-Medic.json
SCRIPT       : [ExpansionQuestObjectiveActionConfig] Load existing configuration file:$profile:ExpansionMod\Quests\Objectives\Action\10-Medic.json
SCRIPT       : [ExpansionQuestObjectiveActionConfig] Load existing configuration file:$profile:ExpansionMod\Quests\Objectives\Action\11-Medic.json
SCRIPT       : [ExpansionQuestObjectiveActionConfig] Load existing configuration file:$profile:ExpansionMod\Quests\Objectives\Action\12-Medic.json
SCRIPT       : [ExpansionQuestObjectiveActionConfig] Load existing configuration file:$profile:ExpansionMod\Quests\Objectives\Action\13-Medic.json
SCRIPT       : [ExpansionQuestObjectiveActionConfig] Load existing configuration file:$profile:ExpansionMod\Quests\Objectives\Action\14-Medic.json
SCRIPT       : [ExpansionQuestObjectiveActionConfig] Load existing configuration file:$profile:ExpansionMod\Quests\Objectives\Action\15-Medic.json
SCRIPT       : [ExpansionQuestObjectiveActionConfig] Load existing configuration file:$profile:ExpansionMod\Quests\Objectives\Action\16-Medic.json
SCRIPT       : [ExpansionQuestObjectiveActionConfig] Load existing configuration file:$profile:ExpansionMod\Quests\Objectives\Action\17-Medic.json
SCRIPT       : [ExpansionQuestObjectiveActionConfig] Load existing configuration file:$profile:ExpansionMod\Quests\Objectives\Action\18-Horticulture.json
SCRIPT       : [ExpansionQuestObjectiveActionConfig] Load existing configuration file:$profile:ExpansionMod\Quests\Objectives\Action\19-Horticulture.json
SCRIPT       : [ExpansionQuestObjectiveActionConfig] Load existing configuration file:$profile:ExpansionMod\Quests\Objectives\Action\2-Medic.json
SCRIPT       : [ExpansionQuestObjectiveActionConfig] Load existing configuration file:$profile:ExpansionMod\Quests\Objectives\Action\20-Horticulture.json
SCRIPT       : [ExpansionQuestObjectiveActionConfig] Load existing configuration file:$profile:ExpansionMod\Quests\Objectives\Action\21-Horticulture.json
SCRIPT       : [ExpansionQuestObjectiveActionConfig] Load existing configuration file:$profile:ExpansionMod\Quests\Objectives\Action\22-Horticulture.json
SCRIPT       : [ExpansionQuestObjectiveActionConfig] Load existing configuration file:$profile:ExpansionMod\Quests\Objectives\Action\23-Horticulture.json
SCRIPT       : [ExpansionQuestObjectiveActionConfig] Load existing configuration file:$profile:ExpansionMod\Quests\Objectives\Action\24-Horticulture.json
SCRIPT       : [ExpansionQuestObjectiveActionConfig] Load existing configuration file:$profile:ExpansionMod\Quests\Objectives\Action\3-Medic.json
SCRIPT       : [ExpansionQuestObjectiveActionConfig] Load existing configuration file:$profile:ExpansionMod\Quests\Objectives\Action\4-Medic.json
SCRIPT       : [ExpansionQuestObjectiveActionConfig] Load existing configuration file:$profile:ExpansionMod\Quests\Objectives\Action\5-Medic.json
SCRIPT       : [ExpansionQuestObjectiveActionConfig] Load existing configuration file:$profile:ExpansionMod\Quests\Objectives\Action\6-Medic.json
SCRIPT       : [ExpansionQuestObjectiveActionConfig] Load existing configuration file:$profile:ExpansionMod\Quests\Objectives\Action\7-Medic.json
SCRIPT       : [ExpansionQuestObjectiveActionConfig] Load existing configuration file:$profile:ExpansionMod\Quests\Objectives\Action\8-Medic.json
SCRIPT       : [ExpansionQuestObjectiveActionConfig] Load existing configuration file:$profile:ExpansionMod\Quests\Objectives\Action\9-Medic.json
SCRIPT       : [ExpansionQuestObjectiveActionConfig] Load existing configuration file:$profile:ExpansionMod\Quests\Objectives\Action\Objective_A_1.json
SCRIPT       : [ExpansionQuestObjectiveActionConfig] Load existing configuration file:$profile:ExpansionMod\Quests\Objectives\Action\Objective_A_2.json
SCRIPT       : [ExpansionQuestObjectiveCraftingConfig] Load existing configuration file:$profile:ExpansionMod\Quests\Objectives\Crafting\1-Crafting-FishingRod.json
SCRIPT       : [ExpansionQuestObjectiveCraftingConfig] Load existing configuration file:$profile:ExpansionMod\Quests\Objectives\Crafting\Objective_CR_1.json
SCRIPT       : [ExpansionQuestObjectiveAIPatrolConfig] Load existing configuration file:$profile:ExpansionMod\Quests\Objectives\AIPatrol\Objective_AIP_1.json
SCRIPT       : [ExpansionQuestObjectiveAICampConfig] Load existing configuration file:$profile:ExpansionMod\Quests\Objectives\AICamp\Objective_AIC_1.json
SCRIPT       : [ExpansionQuestObjectiveAIEscortConfig] Load existing configuration file:$profile:ExpansionMod\Quests\Objectives\AIVIP\1-VIP.json
SCRIPT       : [ExpansionQuestObjectiveAIEscortConfig] Load existing configuration file:$profile:ExpansionMod\Quests\Objectives\AIVIP\2-VIP.json
SCRIPT       : [ExpansionQuestObjectiveAIEscortConfig] Load existing configuration file:$profile:ExpansionMod\Quests\Objectives\AIVIP\Objective_AIESCORT_1.json
SCRIPT       : [ExpansionQuestNPCData] Load existing configuration file:QuestNPC_1.json
SCRIPT       : [ExpansionQuestNPCData] Load existing configuration file:QuestNPC_2.json
SCRIPT       : [ExpansionQuestNPCData] Load existing configuration file:QuestNPC_3.json
SCRIPT       : [ExpansionQuestNPCData] Load existing configuration file:QuestNPC_5.json
SCRIPT       : [EditorLoader] File found: $mission:\EditorFiles\TraderStorage.dze
SCRIPT       : [EditorLoader] Loaded files in 0s
SCRIPT       : [EditorLoader] 6 total objects created
SCRIPT       : [EditorLoader] 0 total objects deleted
SCRIPT       : [EditorLoader] Deleted & Created all objects in 0.021s
SCRIPT       : ExpansionMarketItem marketItem = ExpansionMarketItem<3517eac0>
SCRIPT       : int worth =   1
SCRIPT       : 15:40:05.972 [EXPANSION DEBUG]: ExpansionP2PTraderAIIrena<db169a00>::SetP2PTraderID - ID: 1
SCRIPT       : ExpansionZonePolygon<da661030> position=<12015.854492, 0.000000, 12591.097656> radius=419.633
SCRIPT       : ExpansionZoneCircle<e1636120> position=<1143.140015, 0.000000, 2423.270020> radius=400
SCRIPT       : ExpansionZoneCircle<e1636d20> position=<3728.270020, 0.000000, 6003.600098> radius=400
SCRIPT       : Found 3 zones!
SCRIPT       : 15:40:06.070 [EXPANSION DEBUG]: ExpansionQuestNPCAIDenis<e12fa850>::OnEnterSafeZone
SCRIPT       : bool m_Expansion_LeavingSafeZone = 0
SCRIPT       : bool m_Expansion_IsInSafeZone = 0
SCRIPT       : bool m_Expansion_IsInSafeZoneSynchRemote = 0
SCRIPT       : 15:40:06.070 [EXPANSION DEBUG]: ExpansionP2PTraderAIIrena<db169a00>::OnEnterSafeZone
SCRIPT       : bool m_Expansion_LeavingSafeZone = 0
SCRIPT       : bool m_Expansion_IsInSafeZone = 0
SCRIPT       : bool m_Expansion_IsInSafeZoneSynchRemote = 0
SCRIPT       : 15:40:06.546 [EXPANSION DEBUG]: ExpansionItemSpawnHelper::Clone - created AugShort:031472 at location { type=HANDS item=AugShort:031448 parent=ExpansionQuestNPCAIDenis:044 }
SCRIPT       : 15:40:06.546 [EXPANSION DEBUG]: ExpansionItemSpawnHelper::Clone - created Mag_Aug_30Rnd:031473 at location { type=ATTACHMENT item=null parent=AugShort:031472 slot=magazine }
SCRIPT       : 15:40:06.546 [EXPANSION DEBUG]: ExpansionItemSpawnHelper::Clone - created AugOptic:031474 at location { type=ATTACHMENT item=null parent=AugShort:031472 slot=weaponOpticsAug }
SCRIPT       : [emote] ExpansionQuestNPCAIDenis:044 play emote id=46 IH=AugShort:031472
SCRIPT       : [emote] ExpansionP2PTraderAIIrena:043 play emote id=46 IH=null
SCRIPT       : [emote] ExpansionQuestNPCAIElias:045 play emote id=14 IH=CZ75:031461
