---------------------------------------------
Log C:\Program Files (x86)\Steam\steamapps\common\DayZServerAug2\config\script_2023-08-14_15-37-18.log started at 14.08. 15:37:18

SCRIPT       : Registered 397 temporary action enum(s), UAN==397
SCRIPT       : Registering faction type eAIFactionShamans ID -1484989417
SCRIPT       : Registering faction type eAIFactionObservers ID -563736721
SCRIPT       : Registering faction type eAIFactionInvincibleObservers ID -1227299746
SCRIPT       : Registering faction type eAIFactionEast ID 90522109
SCRIPT       : Registering faction type eAIFactionGuards ID 963933710
SCRIPT       : Registering faction type eAIFactionRaiders ID 1535276022
SCRIPT       : Registering faction type eAIFactionMercenaries ID 1629891834
SCRIPT       : Registering faction type eAIFactionWest ID 113880155
SCRIPT       : Registering faction type eAIFactionCivilian ID 1096178351
SCRIPT       : Registering faction type eAIFactionPassive ID -1159399789
SCRIPT       : Registering faction type eAIFactionInvincibleGuards ID 782746017
SCRIPT       : ... Backlit Effects Enabled
SCRIPT       : 15:37:20 [EXPANSION LOG]: DayZGame<c2fff690> Start time (local time) 2023-08-14 15:37:14
SCRIPT       : 15:37:20 [EXPANSION LOG]: DayZGame<c2fff690> Start time (UTC) 2023-08-14 20:37:14
SCRIPT       : 15:37:20 [EXPANSION LOG]: DayZGame<c2fff690> Runtime since start (seconds) 6.983
SCRIPT    (W): @"JM/COT/Scripts/4_World/communityonlinetools\classes\webhook\jmwebhookdiscordmessage.c,19": Possible variable name conflict 'username'
SCRIPT    (W): @"JM/COT/Scripts/4_World/communityonlinetools\classes\webhook\jmwebhookdiscordmessage.c,19": Possible variable name conflict 'avatar_url'
SCRIPT    (W): @"JM/COT/Scripts/4_World/communityonlinetools\classes\webhook\jmwebhookdiscordmessage.c,19": Possible variable name conflict 'content'
SCRIPT    (W): @"JM/COT/Scripts/4_World/communityonlinetools\classes\webhook\jmwebhookdiscordmessage.c,151": Possible variable name conflict 'url'
SCRIPT    (W): @"JM/COT/Scripts/4_World/communityonlinetools\classes\webhook\jmwebhookdiscordmessage.c,172": Possible variable name conflict 'url'
SCRIPT    (W): @"JM/COT/Scripts/4_World/communityonlinetools\classes\webhook\jmwebhookdiscordmessage.c,180": Possible variable name conflict 'url'
SCRIPT       : 15:37:35.019 [EXPANSION DEBUG]: [ExpansionDebugSettings] Load existing setting file:$profile:ExpansionMod\Settings\DebugSettings.json
SCRIPT       : 15:37:35.023 [EXPANSION DEBUG]: [ExpansionLogSettings] Load existing setting file:$profile:ExpansionMod\Settings\LogsSettings.json
SCRIPT       : 15:37:35.035 [EXPANSION DEBUG]: [ExpansionSafeZoneSettings] No existing setting file:$mission:expansion\settings\SafeZoneSettings.json. Creating defaults!
SCRIPT       : [ExpansionSafeZoneSettings] Saving settings
SCRIPT       : 15:37:35.035 [EXPANSION DEBUG]: [ExpansionNotificationSettings] Load existing setting file:$profile:ExpansionMod\Settings\NotificationSettings.json
SCRIPT       : 15:37:35.039 [EXPANSION DEBUG]: [ExpansionMonitoringSettings] Load existing setting file:$profile:ExpansionMod\Settings\MonitoringSettings.json
SCRIPT       : 15:37:35.042 [EXPANSION DEBUG]: [ExpansionDamageSystemSettings] Load existing setting file:$profile:ExpansionMod\Settings\DamageSystemSettings.json
SCRIPT       : 15:37:35.050 [EXPANSION DEBUG]: [ExpansionPartySettings] Load existing setting file:$profile:ExpansionMod\Settings\PartySettings.json
SCRIPT       : 15:37:35.050 [EXPANSION DEBUG]: [ExpansionHardlineSettings] No existing setting file:$mission:expansion\settings\HardlineSettings.json. Creating defaults!
SCRIPT       : [ExpansionHardlineSettings] Saving settings
SCRIPT       : 15:37:35.054 [EXPANSION DEBUG]: [ExpansionMarketSettings] No existing setting files:$mission:expansion\settings\MarketSettings.json. Creating defaults!
SCRIPT       : ExpansionMarketSettings::LoadCategories - Adding category ID 1 (Ammo)
SCRIPT       : ExpansionMarketSettings::LoadCategories - Adding category ID 2 (Ammo_Boxes)
SCRIPT       : ExpansionMarketSettings::LoadCategories - Adding category ID 3 (Armbands)
SCRIPT       : ExpansionMarketSettings::LoadCategories - Adding category ID 4 (Assault_Rifles)
SCRIPT       : ExpansionMarketSettings::LoadCategories - Adding category ID 5 (Backpacks)
SCRIPT       : ExpansionMarketSettings::LoadCategories - Adding category ID 6 (Bandanas)
SCRIPT       : ExpansionMarketSettings::LoadCategories - Adding category ID 7 (Batteries)
SCRIPT       : ExpansionMarketSettings::LoadCategories - Adding category ID 8 (Bayonets)
SCRIPT       : ExpansionMarketSettings::LoadCategories - Adding category ID 9 (Belts)
SCRIPT       : ExpansionMarketSettings::LoadCategories - Adding category ID 10 (Blouses_And_Suits)
SCRIPT       : ExpansionMarketSettings::LoadCategories - Adding category ID 11 (Boats)
SCRIPT       : ExpansionMarketSettings::LoadCategories - Adding category ID 12 (Boots_And_Shoes)
SCRIPT       : ExpansionMarketSettings::LoadCategories - Adding category ID 13 (Buttstocks)
SCRIPT       : ExpansionMarketSettings::LoadCategories - Adding category ID 14 (Caps)
SCRIPT       : ExpansionMarketSettings::LoadCategories - Adding category ID 15 (Cars)
SCRIPT       : ExpansionMarketSettings::LoadCategories - Adding category ID 16 (Coats_And_Jackets)
SCRIPT       : ExpansionMarketSettings::LoadCategories - Adding category ID 17 (Containers)
SCRIPT       : ExpansionMarketSettings::LoadCategories - Adding category ID 18 (Crossbows)
SCRIPT       : ExpansionMarketSettings::LoadCategories - Adding category ID 19 (Drinks)
SCRIPT       : ExpansionMarketSettings::LoadCategories - Adding category ID 20 (Electronics)
SCRIPT       : ExpansionMarketSettings::LoadCategories - Adding category ID 21 (Event)
SCRIPT       : ExpansionMarketSettings::LoadCategories - Adding category ID 22 (Exchange)
SCRIPT       : ExpansionMarketSettings::LoadCategories - Adding category ID 23 (Explosives_And_Grenades)
SCRIPT       : ExpansionMarketSettings::LoadCategories - Adding category ID 24 (Eyewear)
SCRIPT       : ExpansionMarketSettings::LoadCategories - Adding category ID 25 (Fish)
SCRIPT       : ExpansionMarketSettings::LoadCategories - Adding category ID 26 (Fishing)
SCRIPT       : ExpansionMarketSettings::LoadCategories - Adding category ID 27 (Flags)
SCRIPT       : ExpansionMarketSettings::LoadCategories - Adding category ID 28 (Food)
SCRIPT       : ExpansionMarketSettings::LoadCategories - Adding category ID 29 (Fruit_And_Vegetables)
SCRIPT       : ExpansionMarketSettings::LoadCategories - Adding category ID 30 (Furnishings)
SCRIPT       : ExpansionMarketSettings::LoadCategories - Adding category ID 31 (Gardening)
SCRIPT       : ExpansionMarketSettings::LoadCategories - Adding category ID 32 (Ghillies)
SCRIPT       : ExpansionMarketSettings::LoadCategories - Adding category ID 33 (Gloves)
SCRIPT       : ExpansionMarketSettings::LoadCategories - Adding category ID 34 (Handguards)
SCRIPT       : ExpansionMarketSettings::LoadCategories - Adding category ID 35 (Hats_And_Hoods)
SCRIPT       : ExpansionMarketSettings::LoadCategories - Adding category ID 36 (Helicopters)
SCRIPT       : ExpansionMarketSettings::LoadCategories - Adding category ID 37 (Helmets)
SCRIPT       : ExpansionMarketSettings::LoadCategories - Adding category ID 38 (Holsters_And_Pouches)
SCRIPT       : ExpansionMarketSettings::LoadCategories - Adding category ID 39 (Kits)
SCRIPT       : ExpansionMarketSettings::LoadCategories - Adding category ID 40 (Knifes)
SCRIPT       : ExpansionMarketSettings::LoadCategories - Adding category ID 41 (Launchers)
SCRIPT       : ExpansionMarketSettings::LoadCategories - Adding category ID 42 (Lights)
SCRIPT       : ExpansionMarketSettings::LoadCategories - Adding category ID 43 (Liquids)
SCRIPT       : ExpansionMarketSettings::LoadCategories - Adding category ID 44 (Locks)
SCRIPT       : ExpansionMarketSettings::LoadCategories - Adding category ID 45 (Magazines)
SCRIPT       : ExpansionMarketSettings::LoadCategories - Adding category ID 46 (Masks)
SCRIPT       : ExpansionMarketSettings::LoadCategories - Adding category ID 47 (Meat)
SCRIPT       : ExpansionMarketSettings::LoadCategories - Adding category ID 48 (Medical)
SCRIPT       : ExpansionMarketSettings::LoadCategories - Adding category ID 49 (Melee_Weapons)
SCRIPT       : ExpansionMarketSettings::LoadCategories - Adding category ID 50 (Muzzles)
SCRIPT       : ExpansionMarketSettings::LoadCategories - Adding category ID 51 (Navigation)
SCRIPT       : ExpansionMarketSettings::LoadCategories - Adding category ID 52 (Optics)
SCRIPT       : ExpansionMarketSettings::LoadCategories - Adding category ID 53 (Pants_And_Shorts)
SCRIPT       : ExpansionMarketSettings::LoadCategories - Adding category ID 54 (Pistols)
SCRIPT       : ExpansionMarketSettings::LoadCategories - Adding category ID 55 (Rifles)
SCRIPT       : ExpansionMarketSettings::LoadCategories - Adding category ID 56 (Shirts_And_TShirts)
SCRIPT       : ExpansionMarketSettings::LoadCategories - Adding category ID 57 (Shotguns)
SCRIPT       : ExpansionMarketSettings::LoadCategories - Adding category ID 58 (Skirts_And_Dresses)
SCRIPT       : ExpansionMarketSettings::LoadCategories - Adding category ID 59 (Sniper_Rifles)
SCRIPT       : ExpansionMarketSettings::LoadCategories - Adding category ID 60 (Spraycans)
SCRIPT       : ExpansionMarketSettings::LoadCategories - Adding category ID 61 (Submachine_Guns)
SCRIPT       : ExpansionMarketSettings::LoadCategories - Adding category ID 62 (Supplies)
SCRIPT       : ExpansionMarketSettings::LoadCategories - Adding category ID 63 (Sweaters_And_Hoodies)
SCRIPT       : ExpansionMarketSettings::LoadCategories - Adding category ID 64 (Tents)
SCRIPT       : ExpansionMarketSettings::LoadCategories - Adding category ID 65 (Tools)
SCRIPT       : ExpansionMarketSettings::LoadCategories - Adding category ID 66 (Vehicle_Parts)
SCRIPT       : ExpansionMarketSettings::LoadCategories - Adding category ID 67 (Vests)
SCRIPT       : 15:37:35.390 [EXPANSION DEBUG]: [ExpansionMarketSettings] No existing market zone setting files at:$mission:expansion\traderzones\. Creating defaults!
SCRIPT       : [ExpansionMarketSettings] Saving settings
SCRIPT       : 15:37:35.394 [EXPANSION DEBUG]: [ExpansionAirdropSettings] Load existing setting file:$profile:ExpansionMod\Settings\AirdropSettings.json
SCRIPT       : 15:37:35.519 [EXPANSION DEBUG]: [ExpansionMissionSettings] Load existing setting file:$profile:ExpansionMod\Settings\MissionSettings.json
SCRIPT       : 15:37:35.527 [EXPANSION DEBUG]: [ExpansionMapSettings] No existing setting file:$mission:expansion\settings\MapSettings.json. Creating defaults!
SCRIPT       : [ExpansionMapSettings] Saving settings
SCRIPT       : 15:37:35.531 [EXPANSION DEBUG]: [ExpansionPersonalStorageNewSettings] Load existing setting file:$profile:ExpansionMod\Settings\PersonalStorageNewSettings.json
SCRIPT       : 15:37:35.535 [EXPANSION DEBUG]: [ExpansionGeneralSettings] Load existing setting file:$profile:ExpansionMod\Settings\GeneralSettings.json
SCRIPT       : 15:37:35.539 [EXPANSION DEBUG]: [ExpansionPlayerListSettings] Load existing setting file:$profile:ExpansionMod\Settings\PlayerListSettings.json
SCRIPT       : 15:37:35.542 [EXPANSION DEBUG]: [ExpansionSocialMediaSettings] Load existing setting file:$profile:ExpansionMod\Settings\SocialMediaSettings.json
SCRIPT       : 15:37:35.546 [EXPANSION DEBUG]: [ExpansionTerritorySettings] No existing setting file:$mission:expansion\settings\SpawnSettings.json. Creating defaults!
SCRIPT       : [ExpansionSpawnSettings] Saving settings
SCRIPT       : 15:37:35.546 [EXPANSION DEBUG]: [ExpansionVehicleSettings] Load existing setting file:$profile:ExpansionMod\Settings\VehicleSettings.json
SCRIPT       : 15:37:35.550 [EXPANSION DEBUG]: [ExpansionAISettings] Load existing setting file:$profile:ExpansionMod\Settings\AISettings.json
SCRIPT       : 15:37:35.550 [EXPANSION DEBUG]: [ExpansionAIPatrolSettings] No existing setting file:$mission:expansion\settings\AIPatrolSettings.json. Creating defaults!
SCRIPT       : [ExpansionAIPatrolSettings] Saving settings
SCRIPT       : 15:37:35.554 [EXPANSION DEBUG]: [ExpansionBaseBuildingSettings] No existing setting file:$mission:expansion\settings\BaseBuildingSettings.json. Creating defaults!
SCRIPT       : [ExpansionBaseBuildingSettings] Saving settings
SCRIPT       : 15:37:35.554 [EXPANSION DEBUG]: [ExpansionRaidSettings] Load existing setting file:$profile:ExpansionMod\Settings\RaidSettings.json
SCRIPT       : 15:37:35.558 [EXPANSION DEBUG]: [ExpansionTerritorySettings] Load existing setting file:$profile:ExpansionMod\Settings\TerritorySettings.json
SCRIPT       : 15:37:35.566 [EXPANSION DEBUG]: [ExpansionChatSettings] Load existing setting file:$profile:ExpansionMod\Settings\ChatSettings.json
SCRIPT       : Expansion version: 1.8.21
SCRIPT       : [DefineTest] EXPANSIONMOD is defined
SCRIPT       : [DefineTest] EXPANSIONMODAI is defined
SCRIPT       : [DefineTest] EXPANSIONMODANIMATIONS is defined
SCRIPT       : [DefineTest] EXPANSIONMODBASEBUILDING is defined
SCRIPT       : [DefineTest] EXPANSIONMODBOOK is defined
SCRIPT       : [DefineTest] EXPANSIONMODCHAT is defined
SCRIPT       : [DefineTest] EXPANSIONMODCORE is defined
SCRIPT       : [DefineTest] EXPANSIONMODGARAGE is defined
SCRIPT       : [DefineTest] EXPANSIONMODGROUPS is defined
SCRIPT       : [DefineTest] EXPANSIONMODHARDLINE is defined
SCRIPT       : [DefineTest] EXPANSIONMODKILLFEED is defined
SCRIPT       : [DefineTest] EXPANSIONMODMAPASSETS is defined
SCRIPT       : [DefineTest] EXPANSIONMODMARKET is defined
SCRIPT       : [DefineTest] EXPANSIONMODMISSIONS is defined
SCRIPT       : [DefineTest] EXPANSIONMODNAMETAGS is defined
SCRIPT       : [DefineTest] EXPANSIONMODNAVIGATION is defined
SCRIPT       : [DefineTest] EXPANSIONMODP2PMARKET is defined
SCRIPT       : [DefineTest] EXPANSIONMODPERSONALSTORAGE is defined
SCRIPT       : [DefineTest] EXPANSIONMODQUESTS is defined
SCRIPT       : [DefineTest] EXPANSIONMODSPAWNSELECTION is defined
SCRIPT       : [DefineTest] EXPANSIONMODVEHICLE is defined
SCRIPT       : [DefineTest] EXPANSIONMODWEAPONS is defined
SCRIPT       : [DefineTest] CfgMods:
SCRIPT       : defaultAction
SCRIPT       : DayZ
SCRIPT       : DZ_Expansion_AI_Preload
SCRIPT       : DZ_Expansion_Animations_Preload
SCRIPT       : DZ_Expansion_BaseBuilding_Preload
SCRIPT       : DZ_Expansion_Book_Preload
SCRIPT       : DZ_Expansion_Chat_Preload
SCRIPT       : DZ_Expansion_Core_Preload
SCRIPT       : DZ_Expansion_Garage_Preload
SCRIPT       : DZ_Expansion_Groups_Preload
SCRIPT       : DZ_Expansion_Hardline_Preload
SCRIPT       : DZ_Expansion_KillFeed_Preload
SCRIPT       : DZ_Expansion_MapAssets_Preload
SCRIPT       : DZ_Expansion_Market_Preload
SCRIPT       : DZ_Expansion_Missions_Preload
SCRIPT       : DZ_Expansion_ModStorage_Preload
SCRIPT       : DZ_Expansion_NameTags_Preload
SCRIPT       : DZ_Expansion_Navigation_Preload
SCRIPT       : DZ_Expansion_P2PMarket_Preload
SCRIPT       : DZ_Expansion_PersonalStorage_Preload
SCRIPT       : DZ_Expansion_Preload
SCRIPT       : DZ_Expansion_Quests_Preload
SCRIPT       : DZ_Expansion_SpawnSelection_Preload
SCRIPT       : DZ_Expansion_Vehicles_Preload
SCRIPT       : DZ_Expansion_Weapons_Preload
SCRIPT       : DZ_DabsFramework
SCRIPT       : DZ_Expansion_DefineTest
SCRIPT       : DZ_Expansion_MapAssets
SCRIPT       : bliss
SCRIPT       : JM_CommunityFramework
SCRIPT       : JM_CommunityOnlineTools
SCRIPT       : PvZmoD_CustomisableZombies
SCRIPT       : BoostZombiesVisionAddon
SCRIPT       : DZ_Editor_Loader
SCRIPT       : DZ_Expansion_ModStorage
SCRIPT       : DZ_Expansion_Core
SCRIPT       : DZ_Expansion_Garage
SCRIPT       : DZ_Expansion_Groups
SCRIPT       : DZ_Expansion_Market
SCRIPT       : DZ_Expansion_Missions
SCRIPT       : DZ_Expansion_NameTags
SCRIPT       : DZ_Expansion_Navigation
SCRIPT       : DZ_Expansion_NotificationScheduler
SCRIPT       : DZ_Expansion_P2PMarket
SCRIPT       : DZ_Expansion_PersonalStorage
SCRIPT       : DZ_Expansion_PersonalStorageNew
SCRIPT       : DZ_Expansion_PlayerList
SCRIPT       : DZ_Expansion
SCRIPT       : DZ_Expansion_SpawnSelection
SCRIPT       : DZ_Expansion_VanillaFixes
SCRIPT       : DZ_Expansion_Vehicles
SCRIPT       : DZ_Expansion_Weapons
SCRIPT       : jpc_vest
SCRIPT       : DZ_Expansion_AI
SCRIPT       : DZ_Expansion_BaseBuilding
SCRIPT       : DZ_Expansion_Book
SCRIPT       : DZ_Expansion_Chat
SCRIPT       : DZ_Expansion_Hardline
SCRIPT       : DZ_Expansion_Quests
SCRIPT       : DZ_Expansion_VirtualContainerStorage
SCRIPT       : DayZ_Expansion_AI_Dynamic
SCRIPT       : 15:37:36.148 [EXPANSION DEBUG]: ModStorage v5
SCRIPT       : [ExpansionQuestPersistentServerData] Load existing configuration file:$profile:ExpansionMod\Quests\PersistentServerData.json
SCRIPT       : [ExpansionQuestPersistentServerData] Load existing configuration file:$profile:ExpansionMod\Quests\PersistentServerData.json
SCRIPT       : [ExpansionQuestObjectiveTravelConfig] Load existing configuration file:$profile:ExpansionMod\Quests\Objectives\Travel\Objective_T_1.json
SCRIPT       : [ExpansionQuestObjectiveTravelConfig] Load existing configuration file:$profile:ExpansionMod\Quests\Objectives\Travel\Objective_T_2.json
SCRIPT       : [ExpansionQuestObjectiveTravelConfig] Load existing configuration file:$profile:ExpansionMod\Quests\Objectives\Travel\Objective_T_3.json
SCRIPT       : [ExpansionQuestObjectiveTravelConfig] Load existing configuration file:$profile:ExpansionMod\Quests\Objectives\Travel\Objective_T_4.json
SCRIPT       : [ExpansionQuestObjectiveTargetConfig] Load existing configuration file:$profile:ExpansionMod\Quests\Objectives\Target\Objective_TA_1.json
SCRIPT       : [ExpansionQuestObjectiveTargetConfig] Load existing configuration file:$profile:ExpansionMod\Quests\Objectives\Target\Objective_TA_2.json
SCRIPT       : [ExpansionQuestObjectiveTargetConfig] Load existing configuration file:$profile:ExpansionMod\Quests\Objectives\Target\Objective_TA_3.json
SCRIPT       : [ExpansionQuestObjectiveTargetConfig] Load existing configuration file:$profile:ExpansionMod\Quests\Objectives\Target\Objective_TA_4.json
SCRIPT       : [ExpansionQuestObjectiveDeliveryConfig] Load existing configuration file:$profile:ExpansionMod\Quests\Objectives\Delivery\Objective_D_1.json
SCRIPT       : [ExpansionQuestObjectiveDeliveryConfig] Load existing configuration file:$profile:ExpansionMod\Quests\Objectives\Delivery\Objective_D_2.json
SCRIPT       : [ExpansionQuestObjectiveCollectionConfig] Load existing configuration file:$profile:ExpansionMod\Quests\Objectives\Collection\1-Collection-Apples.json
SCRIPT       : [ExpansionQuestObjectiveCollectionConfig] Load existing configuration file:$profile:ExpansionMod\Quests\Objectives\Collection\2-Collection-Mackerel.json
SCRIPT       : [ExpansionQuestObjectiveCollectionConfig] Load existing configuration file:$profile:ExpansionMod\Quests\Objectives\Collection\3-Collection-BrownChickens.json
SCRIPT       : [ExpansionQuestObjectiveCollectionConfig] Load existing configuration file:$profile:ExpansionMod\Quests\Objectives\Collection\4-Collection-BearPelt.json
SCRIPT       : [ExpansionQuestObjectiveCollectionConfig] Load existing configuration file:$profile:ExpansionMod\Quests\Objectives\Collection\5-Collection-DeerPelt.json
SCRIPT       : [ExpansionQuestObjectiveCollectionConfig] Load existing configuration file:$profile:ExpansionMod\Quests\Objectives\Collection\6-Collection-AgaricusMushroom.json
SCRIPT       : [ExpansionQuestObjectiveCollectionConfig] Load existing configuration file:$profile:ExpansionMod\Quests\Objectives\Collection\Objective_C_1.json
SCRIPT       : [ExpansionQuestObjectiveCollectionConfig] Load existing configuration file:$profile:ExpansionMod\Quests\Objectives\Collection\Objective_C_2.json
SCRIPT       : [ExpansionQuestObjectiveCollectionConfig] Load existing configuration file:$profile:ExpansionMod\Quests\Objectives\Collection\Objective_C_3.json
SCRIPT       : [ExpansionQuestObjectiveTreasureHuntConfig] Load existing configuration file:$profile:ExpansionMod\Quests\Objectives\TreasureHunt\Objective_TH_1.json
SCRIPT       : [ExpansionQuestObjectiveActionConfig] Load existing configuration file:$profile:ExpansionMod\Quests\Objectives\Action\1-Medic.json
SCRIPT       : [ExpansionQuestObjectiveActionConfig] Load existing configuration file:$profile:ExpansionMod\Quests\Objectives\Action\10-Medic.json
SCRIPT       : [ExpansionQuestObjectiveActionConfig] Load existing configuration file:$profile:ExpansionMod\Quests\Objectives\Action\11-Medic.json
SCRIPT       : [ExpansionQuestObjectiveActionConfig] Load existing configuration file:$profile:ExpansionMod\Quests\Objectives\Action\12-Medic.json
SCRIPT       : [ExpansionQuestObjectiveActionConfig] Load existing configuration file:$profile:ExpansionMod\Quests\Objectives\Action\13-Medic.json
SCRIPT       : [ExpansionQuestObjectiveActionConfig] Load existing configuration file:$profile:ExpansionMod\Quests\Objectives\Action\14-Medic.json
SCRIPT       : [ExpansionQuestObjectiveActionConfig] Load existing configuration file:$profile:ExpansionMod\Quests\Objectives\Action\15-Medic.json
SCRIPT       : [ExpansionQuestObjectiveActionConfig] Load existing configuration file:$profile:ExpansionMod\Quests\Objectives\Action\16-Medic.json
SCRIPT       : [ExpansionQuestObjectiveActionConfig] Load existing configuration file:$profile:ExpansionMod\Quests\Objectives\Action\17-Medic.json
SCRIPT       : [ExpansionQuestObjectiveActionConfig] Load existing configuration file:$profile:ExpansionMod\Quests\Objectives\Action\18-Horticulture.json
SCRIPT       : [ExpansionQuestObjectiveActionConfig] Load existing configuration file:$profile:ExpansionMod\Quests\Objectives\Action\19-Horticulture.json
SCRIPT       : [ExpansionQuestObjectiveActionConfig] Load existing configuration file:$profile:ExpansionMod\Quests\Objectives\Action\2-Medic.json
SCRIPT       : [ExpansionQuestObjectiveActionConfig] Load existing configuration file:$profile:ExpansionMod\Quests\Objectives\Action\20-Horticulture.json
SCRIPT       : [ExpansionQuestObjectiveActionConfig] Load existing configuration file:$profile:ExpansionMod\Quests\Objectives\Action\21-Horticulture.json
SCRIPT       : [ExpansionQuestObjectiveActionConfig] Load existing configuration file:$profile:ExpansionMod\Quests\Objectives\Action\22-Horticulture.json
SCRIPT       : [ExpansionQuestObjectiveActionConfig] Load existing configuration file:$profile:ExpansionMod\Quests\Objectives\Action\23-Horticulture.json
SCRIPT       : [ExpansionQuestObjectiveActionConfig] Load existing configuration file:$profile:ExpansionMod\Quests\Objectives\Action\24-Horticulture.json
SCRIPT       : [ExpansionQuestObjectiveActionConfig] Load existing configuration file:$profile:ExpansionMod\Quests\Objectives\Action\3-Medic.json
SCRIPT       : [ExpansionQuestObjectiveActionConfig] Load existing configuration file:$profile:ExpansionMod\Quests\Objectives\Action\4-Medic.json
SCRIPT       : [ExpansionQuestObjectiveActionConfig] Load existing configuration file:$profile:ExpansionMod\Quests\Objectives\Action\5-Medic.json
SCRIPT       : [ExpansionQuestObjectiveActionConfig] Load existing configuration file:$profile:ExpansionMod\Quests\Objectives\Action\6-Medic.json
SCRIPT       : [ExpansionQuestObjectiveActionConfig] Load existing configuration file:$profile:ExpansionMod\Quests\Objectives\Action\7-Medic.json
SCRIPT       : [ExpansionQuestObjectiveActionConfig] Load existing configuration file:$profile:ExpansionMod\Quests\Objectives\Action\8-Medic.json
SCRIPT       : [ExpansionQuestObjectiveActionConfig] Load existing configuration file:$profile:ExpansionMod\Quests\Objectives\Action\9-Medic.json
SCRIPT       : [ExpansionQuestObjectiveActionConfig] Load existing configuration file:$profile:ExpansionMod\Quests\Objectives\Action\Objective_A_1.json
SCRIPT       : [ExpansionQuestObjectiveActionConfig] Load existing configuration file:$profile:ExpansionMod\Quests\Objectives\Action\Objective_A_2.json
SCRIPT       : [ExpansionQuestObjectiveCraftingConfig] Load existing configuration file:$profile:ExpansionMod\Quests\Objectives\Crafting\1-Crafting-FishingRod.json
SCRIPT       : [ExpansionQuestObjectiveCraftingConfig] Load existing configuration file:$profile:ExpansionMod\Quests\Objectives\Crafting\Objective_CR_1.json
SCRIPT       : [ExpansionQuestObjectiveAIPatrolConfig] Load existing configuration file:$profile:ExpansionMod\Quests\Objectives\AIPatrol\Objective_AIP_1.json
SCRIPT       : [ExpansionQuestObjectiveAICampConfig] Load existing configuration file:$profile:ExpansionMod\Quests\Objectives\AICamp\Objective_AIC_1.json
SCRIPT       : [ExpansionQuestObjectiveAIEscortConfig] Load existing configuration file:$profile:ExpansionMod\Quests\Objectives\AIVIP\1-VIP.json
SCRIPT       : [ExpansionQuestObjectiveAIEscortConfig] Load existing configuration file:$profile:ExpansionMod\Quests\Objectives\AIVIP\2-VIP.json
SCRIPT       : [ExpansionQuestObjectiveAIEscortConfig] Load existing configuration file:$profile:ExpansionMod\Quests\Objectives\AIVIP\Objective_AIESCORT_1.json
SCRIPT       : [ExpansionQuestNPCData] Load existing configuration file:QuestNPC_1.json
SCRIPT       : [ExpansionQuestNPCData] Load existing configuration file:QuestNPC_2.json
SCRIPT       : [ExpansionQuestNPCData] Load existing configuration file:QuestNPC_3.json
SCRIPT       : [ExpansionQuestNPCData] Load existing configuration file:QuestNPC_5.json
SCRIPT       : [EditorLoader] File found: $mission:\EditorFiles\TraderStorage.dze
SCRIPT       : [EditorLoader] Loaded files in 0.003s
SCRIPT       : [EditorLoader] 6 total objects created
SCRIPT       : [EditorLoader] 0 total objects deleted
SCRIPT       : [EditorLoader] Deleted & Created all objects in 0.025s
SCRIPT       : ExpansionMarketItem marketItem = ExpansionMarketItem<b341d5e0>
SCRIPT       : int worth =   1
SCRIPT       : 15:37:55.500 [EXPANSION DEBUG]: ExpansionP2PTraderAIIrena<5536f020>::SetP2PTraderID - ID: 1
SCRIPT       : ExpansionZonePolygon<54f37030> position=<12015.854492, 0.000000, 12591.097656> radius=419.633
SCRIPT       : ExpansionZoneCircle<551dcf50> position=<1143.140015, 0.000000, 2423.270020> radius=700
SCRIPT       : ExpansionZoneCircle<551dc9b0> position=<3728.270020, 0.000000, 6003.600098> radius=500
SCRIPT       : Found 3 zones!
SCRIPT       : 15:37:55.625 [EXPANSION DEBUG]: ExpansionQuestNPCAIDenis<53c29600>::OnEnterSafeZone
SCRIPT       : bool m_Expansion_LeavingSafeZone = 0
SCRIPT       : bool m_Expansion_IsInSafeZone = 0
SCRIPT       : bool m_Expansion_IsInSafeZoneSynchRemote = 0
SCRIPT       : 15:37:55.625 [EXPANSION DEBUG]: ExpansionP2PTraderAIIrena<5536f020>::OnEnterSafeZone
SCRIPT       : bool m_Expansion_LeavingSafeZone = 0
SCRIPT       : bool m_Expansion_IsInSafeZone = 0
SCRIPT       : bool m_Expansion_IsInSafeZoneSynchRemote = 0
SCRIPT       : 15:37:56.113 [EXPANSION DEBUG]: ExpansionItemSpawnHelper::Clone - created M16A2:030434 at location { type=HANDS item=M16A2:030410 parent=ExpansionQuestNPCAIDenis:02 }
SCRIPT       : 15:37:56.113 [EXPANSION DEBUG]: ExpansionItemSpawnHelper::Clone - created Mag_STANAG_30Rnd:030435 at location { type=ATTACHMENT item=null parent=M16A2:030434 slot=magazine }
SCRIPT       : [emote] ExpansionQuestNPCAIDenis:02 play emote id=46 IH=M16A2:030434
SCRIPT       : [emote] ExpansionP2PTraderAIIrena:01 play emote id=46 IH=null
SCRIPT       : [emote] ExpansionQuestNPCAIElias:03 play emote id=14 IH=MakarovIJ70:030423
