---------------------------------------------
Log C:\Program Files (x86)\Steam\steamapps\common\DayZServerAug2\config\script_2023-08-06_12-57-53.log started at 06.08. 12:57:54

SCRIPT       : Registered 395 temporary action enum(s), UAN==395
SCRIPT       : Registering faction type eAIFactionShamans ID -1484989417
SCRIPT       : Registering faction type eAIFactionObservers ID -563736721
SCRIPT       : Registering faction type eAIFactionInvincibleObservers ID -1227299746
SCRIPT       : Registering faction type eAIFactionEast ID 90522109
SCRIPT       : Registering faction type eAIFactionGuards ID 963933710
SCRIPT       : Registering faction type eAIFactionRaiders ID 1535276022
SCRIPT       : Registering faction type eAIFactionMercenaries ID 1629891834
SCRIPT       : Registering faction type eAIFactionWest ID 113880155
SCRIPT       : Registering faction type eAIFactionCivilian ID 1096178351
SCRIPT       : Registering faction type eAIFactionPassive ID -1159399789
SCRIPT       : Registering faction type eAIFactionInvincibleGuards ID 782746017
SCRIPT       : ... Backlit Effects Enabled
SCRIPT       : 12:57:55 [EXPANSION LOG]: DayZGame<ad6a96c0> Start time (local time) 2023-08-06 12:57:51
SCRIPT       : 12:57:55 [EXPANSION LOG]: DayZGame<ad6a96c0> Start time (UTC) 2023-08-06 17:57:51
SCRIPT       : 12:57:55 [EXPANSION LOG]: DayZGame<ad6a96c0> Runtime since start (seconds) 4.293
SCRIPT    (W): @"JM/COT/Scripts/4_World/communityonlinetools\classes\webhook\jmwebhookdiscordmessage.c,19": Possible variable name conflict 'username'
SCRIPT    (W): @"JM/COT/Scripts/4_World/communityonlinetools\classes\webhook\jmwebhookdiscordmessage.c,19": Possible variable name conflict 'avatar_url'
SCRIPT    (W): @"JM/COT/Scripts/4_World/communityonlinetools\classes\webhook\jmwebhookdiscordmessage.c,19": Possible variable name conflict 'content'
SCRIPT    (W): @"JM/COT/Scripts/4_World/communityonlinetools\classes\webhook\jmwebhookdiscordmessage.c,151": Possible variable name conflict 'url'
SCRIPT    (W): @"JM/COT/Scripts/4_World/communityonlinetools\classes\webhook\jmwebhookdiscordmessage.c,172": Possible variable name conflict 'url'
SCRIPT    (W): @"JM/COT/Scripts/4_World/communityonlinetools\classes\webhook\jmwebhookdiscordmessage.c,180": Possible variable name conflict 'url'
SCRIPT       : Expansion version: 1.8.20
SCRIPT       : 12:58:08.988 [EXPANSION DEBUG]: [ExpansionDebugSettings] Load existing setting file:$profile:ExpansionMod\Settings\DebugSettings.json
SCRIPT       : 12:58:08.992 [EXPANSION DEBUG]: [ExpansionLogSettings] Load existing setting file:$profile:ExpansionMod\Settings\LogsSettings.json
SCRIPT       : 12:58:09.000 [EXPANSION DEBUG]: [ExpansionNotificationSettings] Load existing setting file:$profile:ExpansionMod\Settings\NotificationSettings.json
SCRIPT       : 12:58:09.003 [EXPANSION DEBUG]: [ExpansionMonitoringSettings] Load existing setting file:$profile:ExpansionMod\Settings\MonitoringSettings.json
SCRIPT       : 12:58:09.003 [EXPANSION DEBUG]: [ExpansionDamageSystemSettings] Load existing setting file:$profile:ExpansionMod\Settings\DamageSystemSettings.json
SCRIPT       : 12:58:09.011 [EXPANSION DEBUG]: [ExpansionPartySettings] Load existing setting file:$profile:ExpansionMod\Settings\PartySettings.json
SCRIPT       : 12:58:09.011 [EXPANSION DEBUG]: [ExpansionHardlineSettings] Load existing setting file:$mission:expansion\settings\HardlineSettings.json
SCRIPT       : 12:58:09.019 [EXPANSION DEBUG]: [ExpansionMarketSettings] Load existing setting file:$mission:expansion\settings\MarketSettings.json
SCRIPT       : ExpansionMarketSettings::LoadCategories - Adding category ID 1 (Ammo)
SCRIPT       : ExpansionMarketSettings::LoadCategories - Adding category ID 2 (Ammo_Boxes)
SCRIPT       : ExpansionMarketSettings::LoadCategories - Adding category ID 3 (Armbands)
SCRIPT       : ExpansionMarketSettings::LoadCategories - Adding category ID 4 (Assault_Rifles)
SCRIPT       : ExpansionMarketSettings::LoadCategories - Adding category ID 5 (Backpacks)
SCRIPT       : ExpansionMarketSettings::LoadCategories - Adding category ID 6 (Bandanas)
SCRIPT       : ExpansionMarketSettings::LoadCategories - Adding category ID 7 (Batteries)
SCRIPT       : ExpansionMarketSettings::LoadCategories - Adding category ID 8 (Bayonets)
SCRIPT       : ExpansionMarketSettings::LoadCategories - Adding category ID 9 (Belts)
SCRIPT       : ExpansionMarketSettings::LoadCategories - Adding category ID 10 (Blouses_And_Suits)
SCRIPT       : ExpansionMarketSettings::LoadCategories - Adding category ID 11 (Boats)
SCRIPT       : ExpansionMarketSettings::LoadCategories - Adding category ID 12 (Boots_And_Shoes)
SCRIPT       : ExpansionMarketSettings::LoadCategories - Adding category ID 13 (Buttstocks)
SCRIPT       : ExpansionMarketSettings::LoadCategories - Adding category ID 14 (Caps)
SCRIPT       : ExpansionMarketSettings::LoadCategories - Adding category ID 15 (Cars)
SCRIPT       : ExpansionMarketSettings::LoadCategories - Adding category ID 16 (Coats_And_Jackets)
SCRIPT       : ExpansionMarketSettings::LoadCategories - Adding category ID 17 (Containers)
SCRIPT       : ExpansionMarketSettings::LoadCategories - Adding category ID 18 (Crossbows)
SCRIPT       : ExpansionMarketSettings::LoadCategories - Adding category ID 19 (Drinks)
SCRIPT       : ExpansionMarketSettings::LoadCategories - Adding category ID 20 (Electronics)
SCRIPT       : ExpansionMarketSettings::LoadCategories - Adding category ID 21 (Event)
SCRIPT       : ExpansionMarketSettings::LoadCategories - Adding category ID 22 (Exchange)
SCRIPT       : ExpansionMarketSettings::LoadCategories - Adding category ID 23 (Explosives_And_Grenades)
SCRIPT       : ExpansionMarketSettings::LoadCategories - Adding category ID 24 (Eyewear)
SCRIPT       : ExpansionMarketSettings::LoadCategories - Adding category ID 25 (Fish)
SCRIPT       : ExpansionMarketSettings::LoadCategories - Adding category ID 26 (Fishing)
SCRIPT       : ExpansionMarketSettings::LoadCategories - Adding category ID 27 (Flags)
SCRIPT       : ExpansionMarketSettings::LoadCategories - Adding category ID 28 (Food)
SCRIPT       : ExpansionMarketSettings::LoadCategories - Adding category ID 29 (Fruit_And_Vegetables)
SCRIPT       : ExpansionMarketSettings::LoadCategories - Adding category ID 30 (Furnishings)
SCRIPT       : ExpansionMarketSettings::LoadCategories - Adding category ID 31 (Gardening)
SCRIPT       : ExpansionMarketSettings::LoadCategories - Adding category ID 32 (Ghillies)
SCRIPT       : ExpansionMarketSettings::LoadCategories - Adding category ID 33 (Gloves)
SCRIPT       : ExpansionMarketSettings::LoadCategories - Adding category ID 34 (Handguards)
SCRIPT       : ExpansionMarketSettings::LoadCategories - Adding category ID 35 (Hats_And_Hoods)
SCRIPT       : ExpansionMarketSettings::LoadCategories - Adding category ID 36 (Helicopters)
SCRIPT       : ExpansionMarketSettings::LoadCategories - Adding category ID 37 (Helmets)
SCRIPT       : ExpansionMarketSettings::LoadCategories - Adding category ID 38 (Holsters_And_Pouches)
SCRIPT       : ExpansionMarketSettings::LoadCategories - Adding category ID 39 (Kits)
SCRIPT       : ExpansionMarketSettings::LoadCategories - Adding category ID 40 (Knifes)
SCRIPT       : ExpansionMarketSettings::LoadCategories - Adding category ID 41 (Launchers)
SCRIPT       : ExpansionMarketSettings::LoadCategories - Adding category ID 42 (Lights)
SCRIPT       : ExpansionMarketSettings::LoadCategories - Adding category ID 43 (Liquids)
SCRIPT       : ExpansionMarketSettings::LoadCategories - Adding category ID 44 (Locks)
SCRIPT       : ExpansionMarketSettings::LoadCategories - Adding category ID 45 (Magazines)
SCRIPT       : ExpansionMarketSettings::LoadCategories - Adding category ID 46 (Masks)
SCRIPT       : ExpansionMarketSettings::LoadCategories - Adding category ID 47 (Meat)
SCRIPT       : ExpansionMarketSettings::LoadCategories - Adding category ID 48 (Medical)
SCRIPT       : ExpansionMarketSettings::LoadCategories - Adding category ID 49 (Melee_Weapons)
SCRIPT       : ExpansionMarketSettings::LoadCategories - Adding category ID 50 (Muzzles)
SCRIPT       : ExpansionMarketSettings::LoadCategories - Adding category ID 51 (Navigation)
SCRIPT       : ExpansionMarketSettings::LoadCategories - Adding category ID 52 (Optics)
SCRIPT       : ExpansionMarketSettings::LoadCategories - Adding category ID 53 (Pants_And_Shorts)
SCRIPT       : ExpansionMarketSettings::LoadCategories - Adding category ID 54 (Pistols)
SCRIPT       : ExpansionMarketSettings::LoadCategories - Adding category ID 55 (Rifles)
SCRIPT       : ExpansionMarketSettings::LoadCategories - Adding category ID 56 (Shirts_And_TShirts)
SCRIPT       : ExpansionMarketSettings::LoadCategories - Adding category ID 57 (Shotguns)
SCRIPT       : ExpansionMarketSettings::LoadCategories - Adding category ID 58 (Skirts_And_Dresses)
SCRIPT       : ExpansionMarketSettings::LoadCategories - Adding category ID 59 (Sniper_Rifles)
SCRIPT       : ExpansionMarketSettings::LoadCategories - Adding category ID 60 (Spraycans)
SCRIPT       : ExpansionMarketSettings::LoadCategories - Adding category ID 61 (Submachine_Guns)
SCRIPT       : ExpansionMarketSettings::LoadCategories - Adding category ID 62 (Supplies)
SCRIPT       : ExpansionMarketSettings::LoadCategories - Adding category ID 63 (Sweaters_And_Hoodies)
SCRIPT       : ExpansionMarketSettings::LoadCategories - Adding category ID 64 (Tents)
SCRIPT       : ExpansionMarketSettings::LoadCategories - Adding category ID 65 (Tools)
SCRIPT       : ExpansionMarketSettings::LoadCategories - Adding category ID 66 (Vehicle_Parts)
SCRIPT       : ExpansionMarketSettings::LoadCategories - Adding category ID 67 (Vests)
SCRIPT       : 12:58:09.359 [EXPANSION DEBUG]: [ExpansionAirdropSettings] Load existing setting file:$profile:ExpansionMod\Settings\AirdropSettings.json
SCRIPT       : [ExpansionAirdropSettings] Saving settings
SCRIPT       : 12:58:09.480 [EXPANSION DEBUG]: [ExpansionMissionSettings] Load existing setting file:$profile:ExpansionMod\Settings\MissionSettings.json
SCRIPT       : 12:58:09.488 [EXPANSION DEBUG]: [ExpansionMapSettings] Load existing setting file:$mission:expansion\settings\MapSettings.json
SCRIPT       : 12:58:09.511 [EXPANSION DEBUG]: [ExpansionPersonalStorageNewSettings] Load existing setting file:$profile:ExpansionMod\Settings\PersonalStorageNewSettings.json
SCRIPT       : 12:58:09.511 [EXPANSION DEBUG]: [ExpansionGeneralSettings] Load existing setting file:$profile:ExpansionMod\Settings\GeneralSettings.json
SCRIPT       : 12:58:09.515 [EXPANSION DEBUG]: [ExpansionPlayerListSettings] Load existing setting file:$profile:ExpansionMod\Settings\PlayerListSettings.json
SCRIPT       : 12:58:09.519 [EXPANSION DEBUG]: [ExpansionSocialMediaSettings] Load existing setting file:$profile:ExpansionMod\Settings\SocialMediaSettings.json
SCRIPT       : 12:58:09.523 [EXPANSION DEBUG]: [ExpansionSpawnSettings] Load existing setting file:$mission:expansion\settings\SpawnSettings.json
SCRIPT       : 12:58:09.531 [EXPANSION DEBUG]: [ExpansionVehicleSettings] Load existing setting file:$profile:ExpansionMod\Settings\VehicleSettings.json
SCRIPT       : 12:58:09.531 [EXPANSION DEBUG]: [ExpansionAISettings] Load existing setting file:$profile:ExpansionMod\Settings\AISettings.json
SCRIPT       : 12:58:09.535 [EXPANSION DEBUG]: [ExpansionAIPatrolSettings] Load existing setting file:$mission:expansion\settings\AIPatrolSettings.json
SCRIPT       : 12:58:09.546 [EXPANSION DEBUG]: [ExpansionBaseBuildingSettings] Load existing setting file:$mission:expansion\settings\BaseBuildingSettings.json
SCRIPT       : 12:58:09.546 [EXPANSION DEBUG]: [ExpansionRaidSettings] Load existing setting file:$profile:ExpansionMod\Settings\RaidSettings.json
SCRIPT       : 12:58:09.550 [EXPANSION DEBUG]: [ExpansionTerritorySettings] Load existing setting file:$profile:ExpansionMod\Settings\TerritorySettings.json
SCRIPT       : 12:58:09.558 [EXPANSION DEBUG]: [ExpansionChatSettings] Load existing setting file:$profile:ExpansionMod\Settings\ChatSettings.json
SCRIPT       : [DefineTest] EXPANSIONMOD is defined
SCRIPT       : [DefineTest] EXPANSIONMODAI is defined
SCRIPT       : [DefineTest] EXPANSIONMODANIMATIONS is defined
SCRIPT       : [DefineTest] EXPANSIONMODBASEBUILDING is defined
SCRIPT       : [DefineTest] EXPANSIONMODBOOK is defined
SCRIPT       : [DefineTest] EXPANSIONMODCHAT is defined
SCRIPT       : [DefineTest] EXPANSIONMODCORE is defined
SCRIPT       : [DefineTest] EXPANSIONMODGARAGE is defined
SCRIPT       : [DefineTest] EXPANSIONMODGROUPS is defined
SCRIPT       : [DefineTest] EXPANSIONMODHARDLINE is defined
SCRIPT       : [DefineTest] EXPANSIONMODKILLFEED is defined
SCRIPT       : [DefineTest] EXPANSIONMODMAPASSETS is defined
SCRIPT       : [DefineTest] EXPANSIONMODMARKET is defined
SCRIPT       : [DefineTest] EXPANSIONMODMISSIONS is defined
SCRIPT       : [DefineTest] EXPANSIONMODNAMETAGS is defined
SCRIPT       : [DefineTest] EXPANSIONMODNAVIGATION is defined
SCRIPT       : [DefineTest] EXPANSIONMODP2PMARKET is defined
SCRIPT       : [DefineTest] EXPANSIONMODPERSONALSTORAGE is defined
SCRIPT       : [DefineTest] EXPANSIONMODQUESTS is defined
SCRIPT       : [DefineTest] EXPANSIONMODSPAWNSELECTION is defined
SCRIPT       : [DefineTest] EXPANSIONMODVEHICLE is defined
SCRIPT       : [DefineTest] EXPANSIONMODWEAPONS is defined
SCRIPT       : [DefineTest] CfgMods:
SCRIPT       : defaultAction
SCRIPT       : DayZ
SCRIPT       : DZ_Expansion_AI_Preload
SCRIPT       : DZ_Expansion_Animations_Preload
SCRIPT       : DZ_Expansion_BaseBuilding_Preload
SCRIPT       : DZ_Expansion_Book_Preload
SCRIPT       : DZ_Expansion_Chat_Preload
SCRIPT       : DZ_Expansion_Core_Preload
SCRIPT       : DZ_Expansion_Garage_Preload
SCRIPT       : DZ_Expansion_Groups_Preload
SCRIPT       : DZ_Expansion_Hardline_Preload
SCRIPT       : DZ_Expansion_KillFeed_Preload
SCRIPT       : DZ_Expansion_MapAssets_Preload
SCRIPT       : DZ_Expansion_Market_Preload
SCRIPT       : DZ_Expansion_Missions_Preload
SCRIPT       : DZ_Expansion_ModStorage_Preload
SCRIPT       : DZ_Expansion_NameTags_Preload
SCRIPT       : DZ_Expansion_Navigation_Preload
SCRIPT       : DZ_Expansion_P2PMarket_Preload
SCRIPT       : DZ_Expansion_PersonalStorage_Preload
SCRIPT       : DZ_Expansion_Preload
SCRIPT       : DZ_Expansion_Quests_Preload
SCRIPT       : DZ_Expansion_SpawnSelection_Preload
SCRIPT       : DZ_Expansion_Vehicles_Preload
SCRIPT       : DZ_Expansion_Weapons_Preload
SCRIPT       : DZ_DabsFramework
SCRIPT       : DZ_Expansion_DefineTest
SCRIPT       : DZ_Expansion_MapAssets
SCRIPT       : bliss
SCRIPT       : JM_CommunityFramework
SCRIPT       : JM_CommunityOnlineTools
SCRIPT       : DZ_Expansion_ModStorage
SCRIPT       : DZ_Expansion_Core
SCRIPT       : DZ_Expansion_Garage
SCRIPT       : DZ_Expansion_Groups
SCRIPT       : DZ_Expansion_Market
SCRIPT       : DZ_Expansion_Missions
SCRIPT       : DZ_Expansion_NameTags
SCRIPT       : DZ_Expansion_Navigation
SCRIPT       : DZ_Expansion_NotificationScheduler
SCRIPT       : DZ_Expansion_P2PMarket
SCRIPT       : DZ_Expansion_PersonalStorage
SCRIPT       : DZ_Expansion_PersonalStorageNew
SCRIPT       : DZ_Expansion_PlayerList
SCRIPT       : DZ_Expansion
SCRIPT       : DZ_Expansion_SpawnSelection
SCRIPT       : DZ_Expansion_VanillaFixes
SCRIPT       : DZ_Expansion_Vehicles
SCRIPT       : DZ_Expansion_Weapons
SCRIPT       : DZ_Expansion_AI
SCRIPT       : DZ_Expansion_BaseBuilding
SCRIPT       : DZ_Expansion_Book
SCRIPT       : DZ_Expansion_Chat
SCRIPT       : DZ_Expansion_Hardline
SCRIPT       : DZ_Expansion_Quests
SCRIPT       : DZ_Expansion_VirtualContainerStorage
SCRIPT       : 12:58:09.937 [EXPANSION DEBUG]: ModStorage v5
SCRIPT       : 12:58:12.656 [EXPANSION DEBUG]: ExpansionTraderJudy<a33b6010>::SetTraderObject ExpansionTraderObjectBase<cacba400> <4973.928711, 9.510984, 2436.782959>
SCRIPT       : 12:58:12.656 [EXPANSION DEBUG]: LoadMissionTradersFile trader ExpansionTraderJudy<a33b6010> fileName Aircraft
SCRIPT       : 12:58:12.671 [EXPANSION DEBUG]: ExpansionTraderJose<51d7a010>::SetTraderObject ExpansionTraderObjectBase<caefa9e0> <14353.624023, 3.326771, 13229.217773>
SCRIPT       : 12:58:12.671 [EXPANSION DEBUG]: LoadMissionTradersFile trader ExpansionTraderJose<51d7a010> fileName Boats
SCRIPT       : 12:58:12.679 [EXPANSION DEBUG]: ExpansionTraderEva<b0fd4020>::SetTraderObject ExpansionTraderObjectBase<cb0b6e40> <14378.793945, 3.325975, 13271.585938>
SCRIPT       : 12:58:12.679 [EXPANSION DEBUG]: LoadMissionTradersFile trader ExpansionTraderEva<b0fd4020> fileName Fishing
SCRIPT       : 12:58:12.687 [EXPANSION DEBUG]: ExpansionTraderLewis<261e4010>::SetTraderObject ExpansionTraderObjectBase<cb1e90c0> <1756.656372, 1.415564, 2027.359741>
SCRIPT       : 12:58:12.687 [EXPANSION DEBUG]: LoadMissionTradersFile trader ExpansionTraderLewis<261e4010> fileName Boats
SCRIPT       : 12:58:12.695 [EXPANSION DEBUG]: LoadMissionTradersFile trader ExpansionTraderStaticBase<a321ecf0> fileName Exchange
SCRIPT       : 12:58:12.714 [EXPANSION DEBUG]: ExpansionTraderDenis<cb2ed010>::SetTraderObject ExpansionTraderObjectBase<cb334e30> <3697.249512, 402.010010, 5977.625488>
SCRIPT       : 12:58:12.714 [EXPANSION DEBUG]: LoadMissionTradersFile trader ExpansionTraderDenis<cb2ed010> fileName Clothing
SCRIPT       : 12:58:12.734 [EXPANSION DEBUG]: ExpansionTraderMaria<cb27a010>::SetTraderObject ExpansionTraderObjectBase<cb495610> <3696.455811, 402.010010, 5980.193359>
SCRIPT       : 12:58:12.734 [EXPANSION DEBUG]: LoadMissionTradersFile trader ExpansionTraderMaria<cb27a010> fileName Clothing_Accessories
SCRIPT       : 12:58:12.746 [EXPANSION DEBUG]: ExpansionTraderQuinn<d3c27020>::SetTraderObject ExpansionTraderObjectBase<d3bf9d50> <3710.121826, 402.010010, 5976.164063>
SCRIPT       : 12:58:12.746 [EXPANSION DEBUG]: LoadMissionTradersFile trader ExpansionTraderQuinn<d3c27020> fileName Consumables
SCRIPT       : 12:58:12.765 [EXPANSION DEBUG]: ExpansionTraderNaomi<5ecb0020>::SetTraderObject ExpansionTraderObjectBase<d3ce9d60> <3708.786865, 402.010010, 5974.589844>
SCRIPT       : 12:58:12.765 [EXPANSION DEBUG]: LoadMissionTradersFile trader ExpansionTraderNaomi<5ecb0020> fileName Weapons
SCRIPT       : 12:58:12.781 [EXPANSION DEBUG]: ExpansionTraderSeth<894874e0>::SetTraderObject ExpansionTraderObjectBase<d3e812a0> <3710.265137, 402.010010, 5973.340820>
SCRIPT       : 12:58:12.781 [EXPANSION DEBUG]: LoadMissionTradersFile trader ExpansionTraderSeth<894874e0> fileName Attachments
SCRIPT       : 12:58:12.800 [EXPANSION DEBUG]: ExpansionTraderRolf<8947f8c0>::SetTraderObject ExpansionTraderObjectBase<d403d980> <3698.172607, 402.010010, 5995.337402>
SCRIPT       : 12:58:12.800 [EXPANSION DEBUG]: LoadMissionTradersFile trader ExpansionTraderRolf<8947f8c0> fileName Vehicles
SCRIPT       : 12:58:12.820 [EXPANSION DEBUG]: ExpansionTraderIndar<89477ca0>::SetTraderObject ExpansionTraderObjectBase<d40cdff0> <3714.531006, 402.138000, 5961.776367>
SCRIPT       : 12:58:12.820 [EXPANSION DEBUG]: LoadMissionTradersFile trader ExpansionTraderIndar<89477ca0> fileName Components
SCRIPT       : 12:58:12.824 [EXPANSION DEBUG]: ExpansionTraderJudy<8947bab0>::SetTraderObject ExpansionTraderObjectBase<d40d9cb0> <3729.029541, 402.651001, 5969.476563>
SCRIPT       : 12:58:12.824 [EXPANSION DEBUG]: LoadMissionTradersFile trader ExpansionTraderJudy<8947bab0> fileName Medicals
SCRIPT       : 12:58:12.828 [EXPANSION DEBUG]: ExpansionTraderNaomi<8946c270>::SetTraderObject ExpansionTraderObjectBase<d40e20e0> <3690.062988, 402.100067, 6006.763672>
SCRIPT       : 12:58:12.828 [EXPANSION DEBUG]: LoadMissionTradersFile trader ExpansionTraderNaomi<8946c270> fileName Vehicle_Parts
SCRIPT       : 12:58:12.835 [EXPANSION DEBUG]: ExpansionTraderJose<8949e940>::SetTraderObject ExpansionTraderObjectBase<d424e090> <3699.629883, 402.010010, 5993.970215>
SCRIPT       : 12:58:12.835 [EXPANSION DEBUG]: LoadMissionTradersFile trader ExpansionTraderJose<8949e940> fileName Spraycans
SCRIPT       : 12:58:12.847 [EXPANSION DEBUG]: ExpansionTraderLinda<8949ab30>::SetTraderObject ExpansionTraderObjectBase<d433a6c0> <3674.669922, 406.760010, 5990.390137>
SCRIPT       : 12:58:12.847 [EXPANSION DEBUG]: LoadMissionTradersFile trader ExpansionTraderLinda<8949ab30> fileName Special
SCRIPT       : 12:58:12.855 [EXPANSION DEBUG]: ExpansionTraderNiki<894a6560>::SetTraderObject ExpansionTraderObjectBase<d442fc20> <3699.030029, 402.013000, 5973.439941>
SCRIPT       : 12:58:12.855 [EXPANSION DEBUG]: LoadMissionTradersFile trader ExpansionTraderNiki<894a6560> fileName BuildingSupplies
SCRIPT       : 12:58:12.863 [EXPANSION DEBUG]: ExpansionTraderFrancis<89496d20>::SetTraderObject ExpansionTraderObjectBase<d45c2e60> <1153.964844, 6.463035, 2409.763184>
SCRIPT       : 12:58:12.863 [EXPANSION DEBUG]: LoadMissionTradersFile trader ExpansionTraderFrancis<89496d20> fileName Attachments
SCRIPT       : 12:58:12.871 [EXPANSION DEBUG]: ExpansionTraderKaito<8948f100>::SetTraderObject ExpansionTraderObjectBase<d45dfba0> <1117.021240, 5.495151, 2413.766357>
SCRIPT       : 12:58:12.871 [EXPANSION DEBUG]: LoadMissionTradersFile trader ExpansionTraderKaito<8948f100> fileName Components
SCRIPT       : 12:58:12.882 [EXPANSION DEBUG]: ExpansionTraderCyril<894a2750>::SetTraderObject ExpansionTraderObjectBase<d46c05c0> <1136.987427, 5.908522, 2439.662598>
SCRIPT       : 12:58:12.882 [EXPANSION DEBUG]: LoadMissionTradersFile trader ExpansionTraderCyril<894a2750> fileName Clothing
SCRIPT       : 12:58:12.890 [EXPANSION DEBUG]: ExpansionTraderGuo<8948b2f0>::SetTraderObject ExpansionTraderObjectBase<d47e3b70> <1133.974854, 5.909700, 2442.412598>
SCRIPT       : 12:58:12.890 [EXPANSION DEBUG]: LoadMissionTradersFile trader ExpansionTraderGuo<8948b2f0> fileName Clothing_Accessories
SCRIPT       : 12:58:12.898 [EXPANSION DEBUG]: ExpansionTraderBoris<89492f10>::SetTraderObject ExpansionTraderObjectBase<d48b9920> <1123.468262, 15.349299, 2426.316162>
SCRIPT       : 12:58:12.898 [EXPANSION DEBUG]: LoadMissionTradersFile trader ExpansionTraderBoris<89492f10> fileName Exchange
SCRIPT       : 12:58:12.898 [EXPANSION DEBUG]: ExpansionTraderLinda<d49444c0>::SetTraderObject ExpansionTraderObjectBase<d48bee20> <1135.892822, 5.908773, 2436.856689>
SCRIPT       : 12:58:12.898 [EXPANSION DEBUG]: LoadMissionTradersFile trader ExpansionTraderLinda<d49444c0> fileName Consumables
SCRIPT       : 12:58:12.906 [EXPANSION DEBUG]: ExpansionTraderKeiko<d4938a90>::SetTraderObject ExpansionTraderObjectBase<d4a2bda0> <1130.731689, 5.951744, 2438.009277>
SCRIPT       : 12:58:12.906 [EXPANSION DEBUG]: LoadMissionTradersFile trader ExpansionTraderKeiko<d4938a90> fileName Medicals
SCRIPT       : 12:58:12.914 [EXPANSION DEBUG]: ExpansionTraderHelga<d49482d0>::SetTraderObject ExpansionTraderObjectBase<d4b2dc50> <1141.654419, 5.906255, 2421.591309>
SCRIPT       : 12:58:12.914 [EXPANSION DEBUG]: LoadMissionTradersFile trader ExpansionTraderHelga<d49482d0> fileName Special
SCRIPT       : 12:58:12.925 [EXPANSION DEBUG]: ExpansionTraderFrida<d49406b0>::SetTraderObject ExpansionTraderObjectBase<d818cee0> <1120.135132, 5.600746, 2417.465820>
SCRIPT       : 12:58:12.925 [EXPANSION DEBUG]: LoadMissionTradersFile trader ExpansionTraderFrida<d49406b0> fileName Vehicles
SCRIPT       : 12:58:12.929 [EXPANSION DEBUG]: ExpansionTraderHassan<d493c8a0>::SetTraderObject ExpansionTraderObjectBase<d82a2e20> <1123.977905, 5.639271, 2417.411865>
SCRIPT       : 12:58:12.929 [EXPANSION DEBUG]: LoadMissionTradersFile trader ExpansionTraderHassan<d493c8a0> fileName Vehicle_Parts
SCRIPT       : 12:58:12.933 [EXPANSION DEBUG]: ExpansionTraderDenis<d492d060>::SetTraderObject ExpansionTraderObjectBase<d82a85a0> <1156.719727, 6.513331, 2406.355225>
SCRIPT       : 12:58:12.933 [EXPANSION DEBUG]: LoadMissionTradersFile trader ExpansionTraderDenis<d492d060> fileName Weapons
SCRIPT       : 12:58:12.941 [EXPANSION DEBUG]: ExpansionTraderGabi<d494c0e0>::SetTraderObject ExpansionTraderObjectBase<d83846c0> <1135.689941, 5.900000, 2423.300049>
SCRIPT       : 12:58:12.941 [EXPANSION DEBUG]: LoadMissionTradersFile trader ExpansionTraderGabi<d494c0e0> fileName BuildingSupplies
SCRIPT       : 12:58:12.945 [EXPANSION DEBUG]: ExpansionTraderFrancis<d4930e70>::SetTraderObject ExpansionTraderObjectBase<d8389e90> <11835.901367, 140.617874, 12474.744141>
SCRIPT       : 12:58:12.945 [EXPANSION DEBUG]: LoadMissionTradersFile trader ExpansionTraderFrancis<d4930e70> fileName Attachments
SCRIPT       : 12:58:12.949 [EXPANSION DEBUG]: ExpansionTraderLinda<d494fef0>::SetTraderObject ExpansionTraderObjectBase<d838f750> <11856.716797, 140.565109, 12461.438477>
SCRIPT       : 12:58:12.949 [EXPANSION DEBUG]: LoadMissionTradersFile trader ExpansionTraderLinda<d494fef0> fileName Consumables
SCRIPT       : 12:58:12.953 [EXPANSION DEBUG]: ExpansionTraderCyril<d4934c80>::SetTraderObject ExpansionTraderObjectBase<d8393800> <11855.000000, 140.605103, 12466.099609>
SCRIPT       : 12:58:12.953 [EXPANSION DEBUG]: LoadMissionTradersFile trader ExpansionTraderCyril<d4934c80> fileName Clothing
SCRIPT       : 12:58:12.953 [EXPANSION DEBUG]: ExpansionTraderGuo<d4953d00>::SetTraderObject ExpansionTraderObjectBase<d8399480> <11855.200195, 140.605103, 12470.487305>
SCRIPT       : 12:58:12.953 [EXPANSION DEBUG]: LoadMissionTradersFile trader ExpansionTraderGuo<d4953d00> fileName Clothing_Accessories
SCRIPT       : 12:58:12.960 [EXPANSION DEBUG]: ExpansionTraderKaito<d495f730>::SetTraderObject ExpansionTraderObjectBase<d85693e0> <11849.400391, 140.605087, 12466.200195>
SCRIPT       : 12:58:12.960 [EXPANSION DEBUG]: LoadMissionTradersFile trader ExpansionTraderKaito<d495f730> fileName Components
SCRIPT       : 12:58:12.960 [EXPANSION DEBUG]: ExpansionTraderBoris<d4957b10>::SetTraderObject ExpansionTraderObjectBase<d856e890> <11858.202148, 140.615112, 12463.234375>
SCRIPT       : 12:58:12.960 [EXPANSION DEBUG]: LoadMissionTradersFile trader ExpansionTraderBoris<d4957b10> fileName Exchange
SCRIPT       : 12:58:12.964 [EXPANSION DEBUG]: ExpansionTraderKeiko<d495b920>::SetTraderObject ExpansionTraderObjectBase<d8573b10> <11853.218750, 140.605087, 12463.277344>
SCRIPT       : 12:58:12.964 [EXPANSION DEBUG]: LoadMissionTradersFile trader ExpansionTraderKeiko<d495b920> fileName Medicals
SCRIPT       : 12:58:12.968 [EXPANSION DEBUG]: ExpansionTraderGabi<d4963540>::SetTraderObject ExpansionTraderObjectBase<d8579ec0> <11833.200195, 140.605118, 12461.700195>
SCRIPT       : 12:58:12.968 [EXPANSION DEBUG]: LoadMissionTradersFile trader ExpansionTraderGabi<d4963540> fileName Special
SCRIPT       : 12:58:12.972 [EXPANSION DEBUG]: ExpansionTraderElias<d4967350>::SetTraderObject ExpansionTraderObjectBase<d8686770> <11877.799805, 140.134796, 12441.599609>
SCRIPT       : 12:58:12.972 [EXPANSION DEBUG]: LoadMissionTradersFile trader ExpansionTraderElias<d4967350> fileName Vehicles
SCRIPT       : 12:58:12.976 [EXPANSION DEBUG]: ExpansionTraderHassan<d86f7ab0>::SetTraderObject ExpansionTraderObjectBase<d868af50> <11878.674805, 140.134796, 12424.302734>
SCRIPT       : 12:58:12.976 [EXPANSION DEBUG]: LoadMissionTradersFile trader ExpansionTraderHassan<d86f7ab0> fileName Vehicle_Parts
SCRIPT       : 12:58:12.980 [EXPANSION DEBUG]: ExpansionTraderDenis<d87072f0>::SetTraderObject ExpansionTraderObjectBase<d8690f40> <11833.576172, 140.605072, 12469.492188>
SCRIPT       : 12:58:12.980 [EXPANSION DEBUG]: LoadMissionTradersFile trader ExpansionTraderDenis<d87072f0> fileName Weapons
SCRIPT       : 12:58:12.984 [EXPANSION DEBUG]: ExpansionTraderLinda<d86fb8c0>::SetTraderObject ExpansionTraderObjectBase<d87920c0> <11852.194336, 140.660980, 12472.387695>
SCRIPT       : 12:58:12.984 [EXPANSION DEBUG]: LoadMissionTradersFile trader ExpansionTraderLinda<d86fb8c0> fileName BuildingSupplies
SCRIPT       : 12:58:12.992 [EXPANSION DEBUG]: ExpansionTraderManua<d86ff6d0>::SetTraderObject ExpansionTraderObjectBase<d87adeb0> <11879.722656, 140.094788, 12435.959961>
SCRIPT       : 12:58:12.992 [EXPANSION DEBUG]: LoadMissionTradersFile trader ExpansionTraderManua<d86ff6d0> fileName Spraycans
SCRIPT       : 12:58:13.000 [EXPANSION DEBUG]: ExpansionTraderIrena<d87034e0>::SetTraderObject ExpansionTraderObjectBase<d889d660> <12160.279297, 140.580765, 12689.783203>
SCRIPT       : 12:58:13.000 [EXPANSION DEBUG]: LoadMissionTradersFile trader ExpansionTraderIrena<d87034e0> fileName Aircraft
SCRIPT       : 12:58:26.675 [EXPANSION DEBUG]: ExpansionP2PTraderAIIrena<810b88b0>::SetP2PTraderID - ID: 1
SCRIPT       : ExpansionZonePolygon<1e504dd0> position=<12015.854492, 0.000000, 12591.097656> radius=419.633
SCRIPT       : ExpansionZoneCircle<82bd2e90> position=<1143.140015, 0.000000, 2423.270020> radius=700
SCRIPT       : ExpansionZoneCircle<82bd2cb0> position=<3728.270020, 0.000000, 6003.600098> radius=500
SCRIPT       : Found 3 zones!
SCRIPT       : ExpansionMarketItem marketItem = ExpansionMarketItem<aa0ae010>
SCRIPT       : int worth =   1
SCRIPT       : 12:58:26.808 [EXPANSION DEBUG]: ExpansionQuestNPCAIDenis<81152390>::OnEnterSafeZone
SCRIPT       : bool m_Expansion_LeavingSafeZone = 0
SCRIPT       : bool m_Expansion_IsInSafeZone = 0
SCRIPT       : bool m_Expansion_IsInSafeZoneSynchRemote = 0
SCRIPT       : 12:58:26.808 [EXPANSION DEBUG]: ExpansionP2PTraderAIIrena<810b88b0>::OnEnterSafeZone
SCRIPT       : bool m_Expansion_LeavingSafeZone = 0
SCRIPT       : bool m_Expansion_IsInSafeZone = 0
SCRIPT       : bool m_Expansion_IsInSafeZoneSynchRemote = 0
SCRIPT       : 12:58:28.152 [EXPANSION DEBUG]: ExpansionItemSpawnHelper::Clone - created AKS74U:030744 at location { type=HANDS item=AKS74U:030648 parent=ExpansionQuestNPCAIDenis:044 }
SCRIPT       : 12:58:28.152 [EXPANSION DEBUG]: ExpansionItemSpawnHelper::Clone - created AKS74U_Bttstck:030745 at location { type=ATTACHMENT item=null parent=AKS74U:030744 slot=weaponButtstockAK }
SCRIPT       : 12:58:28.152 [EXPANSION DEBUG]: ExpansionItemSpawnHelper::Clone - created Mag_AK74_30Rnd:030746 at location { type=ATTACHMENT item=null parent=AKS74U:030744 slot=magazine }
SCRIPT       : [emote] ExpansionQuestNPCAIDenis:044 play emote id=46 IH=AKS74U:030744
SCRIPT       : [emote] ExpansionP2PTraderAIIrena:043 play emote id=46 IH=null
SCRIPT       : 12:58:28.917 [EXPANSION DEBUG]: ExpansionItemSpawnHelper::Clone - created M4A1:030649 at location { type=HANDS item=M4A1:030662 parent=ExpansionQuestNPCAIElias:045 }
SCRIPT       : 12:58:28.917 [EXPANSION DEBUG]: ExpansionItemSpawnHelper::Clone - created M4_CarryHandleOptic:030648 at location { type=ATTACHMENT item=null parent=M4A1:030649 slot=weaponOptics }
SCRIPT       : 12:58:28.917 [EXPANSION DEBUG]: ExpansionItemSpawnHelper::Clone - created M4_PlasticHndgrd:030650 at location { type=ATTACHMENT item=null parent=M4A1:030649 slot=weaponHandguardM4 }
SCRIPT       : 12:58:28.917 [EXPANSION DEBUG]: ExpansionItemSpawnHelper::Clone - created M4_OEBttstck:030747 at location { type=ATTACHMENT item=null parent=M4A1:030649 slot=weaponButtstockM4 }
SCRIPT       : 12:58:28.917 [EXPANSION DEBUG]: ExpansionItemSpawnHelper::Clone - created Mag_STANAG_30Rnd:030748 at location { type=ATTACHMENT item=null parent=M4A1:030649 slot=magazine }
SCRIPT       : [emote] ExpansionQuestNPCAIElias:045 play emote id=14 IH=M4A1:030649
SCRIPT       : 12:59:39.433 [EXPANSION DEBUG]: ExpansionQuestModule<c56101d0> Sending 21 quest configs to client with UID: 3I2KPiMwtNrbRzLe964-q3OrI2Ligr9LBcsFxmVIl3Q=
SCRIPT       : 12:59:39.433 [EXPANSION DEBUG]: ExpansionQuestModule<c56101d0> Sending player quest data for 4 quests to player with UID: 3I2KPiMwtNrbRzLe964-q3OrI2Ligr9LBcsFxmVIl3Q=
SCRIPT       : [inv] ReplaceItemWithNewLambdaBase Step B) remove OK, loc={ type=HANDS item=Pate:029612 parent=SurvivorF_Keiko:046 }
SCRIPT       : [Logout]: New player 3I2KPiMwtNrbRzLe964-q3OrI2Ligr9LBcsFxmVIl3Q= with logout time 3
SCRIPT       : [emote] SurvivorF_Keiko:046 play emote id=14 IH=BaseballBat:015753
SCRIPT       : 14:07:37.074 [EXPANSION DEBUG]: ExpansionQuestPersistentData<96532610> ~ExpansionQuestPersistentData (4)
SCRIPT       : [Logout]: Player 3I2KPiMwtNrbRzLe964-q3OrI2Ligr9LBcsFxmVIl3Q= finished
