---------------------------------------------
Log C:\Program Files (x86)\Steam\steamapps\common\DayZServerAug2\config\script_2023-08-17_14-40-27.log started at 17.08. 14:40:27

SCRIPT       : Registered 397 temporary action enum(s), UAN==397
SCRIPT       : Registering faction type eAIFactionShamans ID -1484989417
SCRIPT       : Registering faction type eAIFactionObservers ID -563736721
SCRIPT       : Registering faction type eAIFactionInvincibleObservers ID -1227299746
SCRIPT       : Registering faction type eAIFactionEast ID 90522109
SCRIPT       : Registering faction type eAIFactionGuards ID 963933710
SCRIPT       : Registering faction type eAIFactionRaiders ID 1535276022
SCRIPT       : Registering faction type eAIFactionMercenaries ID 1629891834
SCRIPT       : Registering faction type eAIFactionWest ID 113880155
SCRIPT       : Registering faction type eAIFactionCivilian ID 1096178351
SCRIPT       : Registering faction type eAIFactionPassive ID -1159399789
SCRIPT       : Registering faction type eAIFactionInvincibleGuards ID 782746017
SCRIPT       : ... Backlit Effects Enabled
SCRIPT       : 14:40:28 [EXPANSION LOG]: DayZGame<9a9f6930> Start time (local time) 2023-08-17 14:40:21
SCRIPT       : 14:40:28 [EXPANSION LOG]: DayZGame<9a9f6930> Start time (UTC) 2023-08-17 19:40:21
SCRIPT       : 14:40:28 [EXPANSION LOG]: DayZGame<9a9f6930> Runtime since start (seconds) 7.264
SCRIPT    (W): @"JM/COT/Scripts/4_World/communityonlinetools\classes\webhook\jmwebhookdiscordmessage.c,19": Possible variable name conflict 'username'
SCRIPT    (W): @"JM/COT/Scripts/4_World/communityonlinetools\classes\webhook\jmwebhookdiscordmessage.c,19": Possible variable name conflict 'avatar_url'
SCRIPT    (W): @"JM/COT/Scripts/4_World/communityonlinetools\classes\webhook\jmwebhookdiscordmessage.c,19": Possible variable name conflict 'content'
SCRIPT    (W): @"JM/COT/Scripts/4_World/communityonlinetools\classes\webhook\jmwebhookdiscordmessage.c,151": Possible variable name conflict 'url'
SCRIPT    (W): @"JM/COT/Scripts/4_World/communityonlinetools\classes\webhook\jmwebhookdiscordmessage.c,172": Possible variable name conflict 'url'
SCRIPT    (W): @"JM/COT/Scripts/4_World/communityonlinetools\classes\webhook\jmwebhookdiscordmessage.c,180": Possible variable name conflict 'url'
SCRIPT       : 14:40:42.863 [EXPANSION DEBUG]: [ExpansionDebugSettings] Load existing setting file:$profile:ExpansionMod\Settings\DebugSettings.json
SCRIPT       : 14:40:42.867 [EXPANSION DEBUG]: [ExpansionLogSettings] Load existing setting file:$profile:ExpansionMod\Settings\LogsSettings.json
SCRIPT       : 14:40:42.875 [EXPANSION DEBUG]: [ExpansionNotificationSettings] Load existing setting file:$profile:ExpansionMod\Settings\NotificationSettings.json
SCRIPT       : 14:40:42.878 [EXPANSION DEBUG]: [ExpansionMonitoringSettings] Load existing setting file:$profile:ExpansionMod\Settings\MonitoringSettings.json
SCRIPT       : 14:40:42.882 [EXPANSION DEBUG]: [ExpansionDamageSystemSettings] Load existing setting file:$profile:ExpansionMod\Settings\DamageSystemSettings.json
SCRIPT       : 14:40:42.886 [EXPANSION DEBUG]: [ExpansionPartySettings] Load existing setting file:$profile:ExpansionMod\Settings\PartySettings.json
SCRIPT       : 14:40:42.890 [EXPANSION DEBUG]: [ExpansionHardlineSettings] Load existing setting file:$mission:expansion\settings\HardlineSettings.json
SCRIPT       : 14:40:42.898 [EXPANSION DEBUG]: [ExpansionMarketSettings] Load existing setting file:$mission:expansion\settings\MarketSettings.json
SCRIPT       : ExpansionMarketSettings::LoadCategories - Adding category ID 1 (Ammo)
SCRIPT       : ExpansionMarketSettings::LoadCategories - Adding category ID 2 (Ammo_Boxes)
SCRIPT       : ExpansionMarketSettings::LoadCategories - Adding category ID 3 (Armbands)
SCRIPT       : ExpansionMarketSettings::LoadCategories - Adding category ID 4 (Assault_Rifles)
SCRIPT       : ExpansionMarketSettings::LoadCategories - Adding category ID 5 (Backpacks)
SCRIPT       : ExpansionMarketSettings::LoadCategories - Adding category ID 6 (Bandanas)
SCRIPT       : ExpansionMarketSettings::LoadCategories - Adding category ID 7 (Batteries)
SCRIPT       : ExpansionMarketSettings::LoadCategories - Adding category ID 8 (Bayonets)
SCRIPT       : ExpansionMarketSettings::LoadCategories - Adding category ID 9 (Belts)
SCRIPT       : ExpansionMarketSettings::LoadCategories - Adding category ID 10 (Blouses_And_Suits)
SCRIPT       : ExpansionMarketSettings::LoadCategories - Adding category ID 11 (Boats)
SCRIPT       : ExpansionMarketSettings::LoadCategories - Adding category ID 12 (Boots_And_Shoes)
SCRIPT       : ExpansionMarketSettings::LoadCategories - Adding category ID 13 (Buttstocks)
SCRIPT       : ExpansionMarketSettings::LoadCategories - Adding category ID 14 (Caps)
SCRIPT       : ExpansionMarketSettings::LoadCategories - Adding category ID 15 (Cars)
SCRIPT       : ExpansionMarketSettings::LoadCategories - Adding category ID 16 (Coats_And_Jackets)
SCRIPT       : ExpansionMarketSettings::LoadCategories - Adding category ID 17 (Containers)
SCRIPT       : ExpansionMarketSettings::LoadCategories - Adding category ID 18 (Crossbows)
SCRIPT       : ExpansionMarketSettings::LoadCategories - Adding category ID 19 (Drinks)
SCRIPT       : ExpansionMarketSettings::LoadCategories - Adding category ID 20 (Electronics)
SCRIPT       : ExpansionMarketSettings::LoadCategories - Adding category ID 21 (Event)
SCRIPT       : ExpansionMarketSettings::LoadCategories - Adding category ID 22 (Exchange)
SCRIPT       : ExpansionMarketSettings::LoadCategories - Adding category ID 23 (Explosives_And_Grenades)
SCRIPT       : ExpansionMarketSettings::LoadCategories - Adding category ID 24 (Eyewear)
SCRIPT       : ExpansionMarketSettings::LoadCategories - Adding category ID 25 (Fish)
SCRIPT       : ExpansionMarketSettings::LoadCategories - Adding category ID 26 (Fishing)
SCRIPT       : ExpansionMarketSettings::LoadCategories - Adding category ID 27 (Flags)
SCRIPT       : ExpansionMarketSettings::LoadCategories - Adding category ID 28 (Food)
SCRIPT       : ExpansionMarketSettings::LoadCategories - Adding category ID 29 (Fruit_And_Vegetables)
SCRIPT       : ExpansionMarketSettings::LoadCategories - Adding category ID 30 (Furnishings)
SCRIPT       : ExpansionMarketSettings::LoadCategories - Adding category ID 31 (Gardening)
SCRIPT       : ExpansionMarketSettings::LoadCategories - Adding category ID 32 (Ghillies)
SCRIPT       : ExpansionMarketSettings::LoadCategories - Adding category ID 33 (Gloves)
SCRIPT       : ExpansionMarketSettings::LoadCategories - Adding category ID 34 (Handguards)
SCRIPT       : ExpansionMarketSettings::LoadCategories - Adding category ID 35 (Hats_And_Hoods)
SCRIPT       : ExpansionMarketSettings::LoadCategories - Adding category ID 36 (Helicopters)
SCRIPT       : ExpansionMarketSettings::LoadCategories - Adding category ID 37 (Helmets)
SCRIPT       : ExpansionMarketSettings::LoadCategories - Adding category ID 38 (Holsters_And_Pouches)
SCRIPT       : ExpansionMarketSettings::LoadCategories - Adding category ID 39 (Kits)
SCRIPT       : ExpansionMarketSettings::LoadCategories - Adding category ID 40 (Knifes)
SCRIPT       : ExpansionMarketSettings::LoadCategories - Adding category ID 41 (Launchers)
SCRIPT       : ExpansionMarketSettings::LoadCategories - Adding category ID 42 (Lights)
SCRIPT       : ExpansionMarketSettings::LoadCategories - Adding category ID 43 (Liquids)
SCRIPT       : ExpansionMarketSettings::LoadCategories - Adding category ID 44 (Locks)
SCRIPT       : ExpansionMarketSettings::LoadCategories - Adding category ID 45 (Magazines)
SCRIPT       : ExpansionMarketSettings::LoadCategories - Adding category ID 46 (Masks)
SCRIPT       : ExpansionMarketSettings::LoadCategories - Adding category ID 47 (Meat)
SCRIPT       : ExpansionMarketSettings::LoadCategories - Adding category ID 48 (Medical)
SCRIPT       : ExpansionMarketSettings::LoadCategories - Adding category ID 49 (Melee_Weapons)
SCRIPT       : ExpansionMarketSettings::LoadCategories - Adding category ID 50 (MMG_Armored_Helmet_Visor)
SCRIPT       : ExpansionMarketSettings::LoadCategories - Adding category ID 51 (MMG_BackPacks)
SCRIPT       : ExpansionMarketSettings::LoadCategories - Adding category ID 52 (MMG_Belts)
SCRIPT       : ExpansionMarketSettings::LoadCategories - Adding category ID 53 (MMG_Boots)
SCRIPT       : ExpansionMarketSettings::LoadCategories - Adding category ID 54 (MMG_Bottle)
SCRIPT       : ExpansionMarketSettings::LoadCategories - Adding category ID 55 (MMG_Carbine)
SCRIPT       : ExpansionMarketSettings::LoadCategories - Adding category ID 56 (MMG_Chest_Rigs)
SCRIPT       : ExpansionMarketSettings::LoadCategories - Adding category ID 57 (MMG_Facemask)
SCRIPT       : ExpansionMarketSettings::LoadCategories - Adding category ID 58 (MMG_Gloves)
SCRIPT       : ExpansionMarketSettings::LoadCategories - Adding category ID 59 (MMG_Goggles)
SCRIPT       : ExpansionMarketSettings::LoadCategories - Adding category ID 60 (MMG_Headphones)
SCRIPT       : ExpansionMarketSettings::LoadCategories - Adding category ID 61 (MMG_Holsters)
SCRIPT       : ExpansionMarketSettings::LoadCategories - Adding category ID 62 (MMG_NBC)
SCRIPT       : ExpansionMarketSettings::LoadCategories - Adding category ID 63 (MMG_Pants)
SCRIPT       : ExpansionMarketSettings::LoadCategories - Adding category ID 64 (MMG_Patches)
SCRIPT       : ExpansionMarketSettings::LoadCategories - Adding category ID 65 (MMG_Plate_Carriers)
SCRIPT       : ExpansionMarketSettings::LoadCategories - Adding category ID 66 (MMG_Pouches)
SCRIPT       : ExpansionMarketSettings::LoadCategories - Adding category ID 67 (MMG_Shirts)
SCRIPT       : ExpansionMarketSettings::LoadCategories - Adding category ID 68 (MMG_Sniper_Boonie)
SCRIPT       : ExpansionMarketSettings::LoadCategories - Adding category ID 69 (Muzzles)
SCRIPT       : ExpansionMarketSettings::LoadCategories - Adding category ID 70 (Navigation)
SCRIPT       : ExpansionMarketSettings::LoadCategories - Adding category ID 71 (Optics)
SCRIPT       : ExpansionMarketSettings::LoadCategories - Adding category ID 72 (Pants_And_Shorts)
SCRIPT       : ExpansionMarketSettings::LoadCategories - Adding category ID 73 (Pistols)
SCRIPT       : ExpansionMarketSettings::LoadCategories - Adding category ID 74 (Rifles)
SCRIPT       : ExpansionMarketSettings::LoadCategories - Adding category ID 75 (Shirts_And_TShirts)
SCRIPT       : ExpansionMarketSettings::LoadCategories - Adding category ID 76 (Shotguns)
SCRIPT       : ExpansionMarketSettings::LoadCategories - Adding category ID 77 (Skirts_And_Dresses)
SCRIPT       : ExpansionMarketSettings::LoadCategories - Adding category ID 78 (Sniper_Rifles)
SCRIPT       : ExpansionMarketSettings::LoadCategories - Adding category ID 79 (Spraycans)
SCRIPT       : ExpansionMarketSettings::LoadCategories - Adding category ID 80 (Submachine_Guns)
SCRIPT       : ExpansionMarketSettings::LoadCategories - Adding category ID 81 (Supplies)
SCRIPT       : ExpansionMarketSettings::LoadCategories - Adding category ID 82 (Sweaters_And_Hoodies)
SCRIPT       : ExpansionMarketSettings::LoadCategories - Adding category ID 83 (Tents)
SCRIPT       : ExpansionMarketSettings::LoadCategories - Adding category ID 84 (Tools)
SCRIPT       : ExpansionMarketSettings::LoadCategories - Adding category ID 85 (Vehicle_Parts)
SCRIPT       : ExpansionMarketSettings::LoadCategories - Adding category ID 86 (Vests)
SCRIPT       : 14:40:43.394 [EXPANSION DEBUG]: [ExpansionAirdropSettings] Load existing setting file:$profile:ExpansionMod\Settings\AirdropSettings.json
SCRIPT       : 14:40:43.519 [EXPANSION DEBUG]: [ExpansionMissionSettings] Load existing setting file:$profile:ExpansionMod\Settings\MissionSettings.json
SCRIPT       : 14:40:43.527 [EXPANSION DEBUG]: [ExpansionMapSettings] Load existing setting file:$mission:expansion\settings\MapSettings.json
SCRIPT       : 14:40:43.550 [EXPANSION DEBUG]: [ExpansionPersonalStorageNewSettings] Load existing setting file:$profile:ExpansionMod\Settings\PersonalStorageNewSettings.json
SCRIPT       : 14:40:43.554 [EXPANSION DEBUG]: [ExpansionGeneralSettings] Load existing setting file:$profile:ExpansionMod\Settings\GeneralSettings.json
SCRIPT       : 14:40:43.558 [EXPANSION DEBUG]: [ExpansionPlayerListSettings] Load existing setting file:$profile:ExpansionMod\Settings\PlayerListSettings.json
SCRIPT       : 14:40:43.562 [EXPANSION DEBUG]: [ExpansionSocialMediaSettings] Load existing setting file:$profile:ExpansionMod\Settings\SocialMediaSettings.json
SCRIPT       : 14:40:43.566 [EXPANSION DEBUG]: [ExpansionSpawnSettings] Load existing setting file:$mission:expansion\settings\SpawnSettings.json
SCRIPT       : 14:40:43.570 [EXPANSION DEBUG]: [ExpansionVehicleSettings] Load existing setting file:$profile:ExpansionMod\Settings\VehicleSettings.json
SCRIPT       : 14:40:43.574 [EXPANSION DEBUG]: [ExpansionAISettings] Load existing setting file:$profile:ExpansionMod\Settings\AISettings.json
SCRIPT       : 14:40:43.578 [EXPANSION DEBUG]: [ExpansionAIPatrolSettings] Load existing setting file:$mission:expansion\settings\AIPatrolSettings.json
SCRIPT       : 14:40:43.585 [EXPANSION DEBUG]: [ExpansionBaseBuildingSettings] Load existing setting file:$mission:expansion\settings\BaseBuildingSettings.json
SCRIPT       : 14:40:43.589 [EXPANSION DEBUG]: [ExpansionRaidSettings] Load existing setting file:$profile:ExpansionMod\Settings\RaidSettings.json
SCRIPT       : 14:40:43.593 [EXPANSION DEBUG]: [ExpansionTerritorySettings] Load existing setting file:$profile:ExpansionMod\Settings\TerritorySettings.json
SCRIPT       : 14:40:43.605 [EXPANSION DEBUG]: [ExpansionChatSettings] Load existing setting file:$profile:ExpansionMod\Settings\ChatSettings.json
SCRIPT       : Expansion version: 1.8.21
SCRIPT       : [DefineTest] EXPANSIONMOD is defined
SCRIPT       : [DefineTest] EXPANSIONMODAI is defined
SCRIPT       : [DefineTest] EXPANSIONMODANIMATIONS is defined
SCRIPT       : [DefineTest] EXPANSIONMODBASEBUILDING is defined
SCRIPT       : [DefineTest] EXPANSIONMODBOOK is defined
SCRIPT       : [DefineTest] EXPANSIONMODCHAT is defined
SCRIPT       : [DefineTest] EXPANSIONMODCORE is defined
SCRIPT       : [DefineTest] EXPANSIONMODGARAGE is defined
SCRIPT       : [DefineTest] EXPANSIONMODGROUPS is defined
SCRIPT       : [DefineTest] EXPANSIONMODHARDLINE is defined
SCRIPT       : [DefineTest] EXPANSIONMODKILLFEED is defined
SCRIPT       : [DefineTest] EXPANSIONMODMAPASSETS is defined
SCRIPT       : [DefineTest] EXPANSIONMODMARKET is defined
SCRIPT       : [DefineTest] EXPANSIONMODMISSIONS is defined
SCRIPT       : [DefineTest] EXPANSIONMODNAMETAGS is defined
SCRIPT       : [DefineTest] EXPANSIONMODNAVIGATION is defined
SCRIPT       : [DefineTest] EXPANSIONMODP2PMARKET is defined
SCRIPT       : [DefineTest] EXPANSIONMODPERSONALSTORAGE is defined
SCRIPT       : [DefineTest] EXPANSIONMODQUESTS is defined
SCRIPT       : [DefineTest] EXPANSIONMODSPAWNSELECTION is defined
SCRIPT       : [DefineTest] EXPANSIONMODVEHICLE is defined
SCRIPT       : [DefineTest] EXPANSIONMODWEAPONS is defined
SCRIPT       : [DefineTest] CfgMods:
SCRIPT       : defaultAction
SCRIPT       : DayZ
SCRIPT       : DZ_Expansion_AI_Preload
SCRIPT       : DZ_Expansion_Animations_Preload
SCRIPT       : DZ_Expansion_BaseBuilding_Preload
SCRIPT       : DZ_Expansion_Book_Preload
SCRIPT       : DZ_Expansion_Chat_Preload
SCRIPT       : DZ_Expansion_Core_Preload
SCRIPT       : DZ_Expansion_Garage_Preload
SCRIPT       : DZ_Expansion_Groups_Preload
SCRIPT       : DZ_Expansion_Hardline_Preload
SCRIPT       : DZ_Expansion_KillFeed_Preload
SCRIPT       : DZ_Expansion_MapAssets_Preload
SCRIPT       : DZ_Expansion_Market_Preload
SCRIPT       : DZ_Expansion_Missions_Preload
SCRIPT       : DZ_Expansion_ModStorage_Preload
SCRIPT       : DZ_Expansion_NameTags_Preload
SCRIPT       : DZ_Expansion_Navigation_Preload
SCRIPT       : DZ_Expansion_P2PMarket_Preload
SCRIPT       : DZ_Expansion_PersonalStorage_Preload
SCRIPT       : DZ_Expansion_Preload
SCRIPT       : DZ_Expansion_Quests_Preload
SCRIPT       : DZ_Expansion_SpawnSelection_Preload
SCRIPT       : DZ_Expansion_Vehicles_Preload
SCRIPT       : DZ_Expansion_Weapons_Preload
SCRIPT       : DZ_DabsFramework
SCRIPT       : DZ_Expansion_DefineTest
SCRIPT       : DZ_Expansion_MapAssets
SCRIPT       : bliss
SCRIPT       : JM_CommunityFramework
SCRIPT       : JM_CommunityOnlineTools
SCRIPT       : PvZmoD_CustomisableZombies
SCRIPT       : BoostZombiesVisionAddon
SCRIPT       : DZ_Editor_Loader
SCRIPT       : DZ_Expansion_ModStorage
SCRIPT       : DZ_Expansion_Core
SCRIPT       : DZ_Expansion_Garage
SCRIPT       : DZ_Expansion_Groups
SCRIPT       : DZ_Expansion_Market
SCRIPT       : DZ_Expansion_Missions
SCRIPT       : DZ_Expansion_NameTags
SCRIPT       : DZ_Expansion_Navigation
SCRIPT       : DZ_Expansion_NotificationScheduler
SCRIPT       : DZ_Expansion_P2PMarket
SCRIPT       : DZ_Expansion_PersonalStorage
SCRIPT       : DZ_Expansion_PersonalStorageNew
SCRIPT       : DZ_Expansion_PlayerList
SCRIPT       : DZ_Expansion
SCRIPT       : DZ_Expansion_SpawnSelection
SCRIPT       : DZ_Expansion_VanillaFixes
SCRIPT       : DZ_Expansion_Vehicles
SCRIPT       : DZ_Expansion_Weapons
SCRIPT       : jpc_vest
SCRIPT       : DZ_Expansion_AI
SCRIPT       : DZ_Expansion_BaseBuilding
SCRIPT       : DZ_Expansion_Book
SCRIPT       : DZ_Expansion_Chat
SCRIPT       : DZ_Expansion_Hardline
SCRIPT       : DZ_Expansion_Quests
SCRIPT       : DZ_Expansion_VirtualContainerStorage
SCRIPT       : DayZ_Expansion_AI_Dynamic
SCRIPT       : 14:40:44.210 [EXPANSION DEBUG]: ModStorage v5
SCRIPT       : 14:40:47.222 [EXPANSION DEBUG]: ExpansionTraderJudy<6c10b050>::SetTraderObject ExpansionTraderObjectBase<ca822060> <4973.928711, 9.510984, 2436.782959>
SCRIPT       : 14:40:47.222 [EXPANSION DEBUG]: LoadMissionTradersFile trader ExpansionTraderJudy<6c10b050> fileName Aircraft
SCRIPT       : 14:40:47.238 [EXPANSION DEBUG]: ExpansionTraderJose<87896040>::SetTraderObject ExpansionTraderObjectBase<caad77a0> <14353.624023, 3.326771, 13229.217773>
SCRIPT       : 14:40:47.242 [EXPANSION DEBUG]: LoadMissionTradersFile trader ExpansionTraderJose<87896040> fileName Boats
SCRIPT       : 14:40:47.246 [EXPANSION DEBUG]: ExpansionTraderEva<ec14a020>::SetTraderObject ExpansionTraderObjectBase<cac018c0> <14378.793945, 3.325975, 13271.585938>
SCRIPT       : 14:40:47.246 [EXPANSION DEBUG]: LoadMissionTradersFile trader ExpansionTraderEva<ec14a020> fileName Fishing
SCRIPT       : 14:40:47.257 [EXPANSION DEBUG]: ExpansionTraderLewis<caadf020>::SetTraderObject ExpansionTraderObjectBase<cacade50> <1756.656372, 1.415564, 2027.359741>
SCRIPT       : 14:40:47.257 [EXPANSION DEBUG]: LoadMissionTradersFile trader ExpansionTraderLewis<caadf020> fileName Boats
SCRIPT       : 14:40:47.261 [EXPANSION DEBUG]: LoadMissionTradersFile trader ExpansionTraderStaticBase<6b64ee70> fileName Exchange
SCRIPT       : 14:40:47.281 [EXPANSION DEBUG]: ExpansionTraderDenis<d433c010>::SetTraderObject ExpansionTraderObjectBase<d42e1630> <3697.249512, 402.010010, 5977.625488>
SCRIPT       : 14:40:47.281 [EXPANSION DEBUG]: LoadMissionTradersFile trader ExpansionTraderDenis<d433c010> fileName Clothing
SCRIPT       : 14:40:47.300 [EXPANSION DEBUG]: ExpansionTraderMaria<cacc8030>::SetTraderObject ExpansionTraderObjectBase<d4451940> <3696.455811, 402.010010, 5980.193359>
SCRIPT       : 14:40:47.300 [EXPANSION DEBUG]: LoadMissionTradersFile trader ExpansionTraderMaria<cacc8030> fileName Clothing_Accessories
SCRIPT       : 14:40:47.312 [EXPANSION DEBUG]: ExpansionTraderQuinn<cad4b810>::SetTraderObject ExpansionTraderObjectBase<d45b22b0> <3710.121826, 402.010010, 5976.164063>
SCRIPT       : 14:40:47.312 [EXPANSION DEBUG]: LoadMissionTradersFile trader ExpansionTraderQuinn<cad4b810> fileName Consumables
SCRIPT       : 14:40:47.332 [EXPANSION DEBUG]: ExpansionTraderNaomi<d4730400>::SetTraderObject ExpansionTraderObjectBase<d4695840> <3708.786865, 402.010010, 5974.589844>
SCRIPT       : 14:40:47.332 [EXPANSION DEBUG]: LoadMissionTradersFile trader ExpansionTraderNaomi<d4730400> fileName Weapons
SCRIPT       : 14:40:47.347 [EXPANSION DEBUG]: ExpansionTraderSeth<87770ca0>::SetTraderObject ExpansionTraderObjectBase<d49ed8d0> <3710.265137, 402.010010, 5973.340820>
SCRIPT       : 14:40:47.347 [EXPANSION DEBUG]: LoadMissionTradersFile trader ExpansionTraderSeth<87770ca0> fileName Attachments
SCRIPT       : 14:40:47.359 [EXPANSION DEBUG]: ExpansionTraderRolf<87769080>::SetTraderObject ExpansionTraderObjectBase<d4a09580> <3698.172607, 402.010010, 5995.337402>
SCRIPT       : 14:40:47.359 [EXPANSION DEBUG]: LoadMissionTradersFile trader ExpansionTraderRolf<87769080> fileName Vehicles
SCRIPT       : 14:40:47.378 [EXPANSION DEBUG]: ExpansionTraderIndar<87774ab0>::SetTraderObject ExpansionTraderObjectBase<d4ca4f80> <3714.531006, 402.138000, 5961.776367>
SCRIPT       : 14:40:47.378 [EXPANSION DEBUG]: LoadMissionTradersFile trader ExpansionTraderIndar<87774ab0> fileName Components
SCRIPT       : 14:40:47.382 [EXPANSION DEBUG]: ExpansionTraderJudy<877788c0>::SetTraderObject ExpansionTraderObjectBase<d4caa070> <3729.029541, 402.651001, 5969.476563>
SCRIPT       : 14:40:47.382 [EXPANSION DEBUG]: LoadMissionTradersFile trader ExpansionTraderJudy<877788c0> fileName Medicals
SCRIPT       : 14:40:47.386 [EXPANSION DEBUG]: ExpansionTraderNaomi<8776ce90>::SetTraderObject ExpansionTraderObjectBase<d4cb15a0> <3690.062988, 402.100067, 6006.763672>
SCRIPT       : 14:40:47.386 [EXPANSION DEBUG]: LoadMissionTradersFile trader ExpansionTraderNaomi<8776ce90> fileName Vehicle_Parts
SCRIPT       : 14:40:47.394 [EXPANSION DEBUG]: ExpansionTraderJose<87788100>::SetTraderObject ExpansionTraderObjectBase<d4cb79f0> <3699.629883, 402.010010, 5993.970215>
SCRIPT       : 14:40:47.394 [EXPANSION DEBUG]: LoadMissionTradersFile trader ExpansionTraderJose<87788100> fileName Spraycans
SCRIPT       : 14:40:47.406 [EXPANSION DEBUG]: ExpansionTraderLinda<8778bf10>::SetTraderObject ExpansionTraderObjectBase<d4e31420> <3674.669922, 406.760010, 5990.390137>
SCRIPT       : 14:40:47.406 [EXPANSION DEBUG]: LoadMissionTradersFile trader ExpansionTraderLinda<8778bf10> fileName Special
SCRIPT       : 14:40:47.414 [EXPANSION DEBUG]: ExpansionTraderNiki<8779b750>::SetTraderObject ExpansionTraderObjectBase<d4f1b9a0> <3699.030029, 402.013000, 5973.439941>
SCRIPT       : 14:40:47.414 [EXPANSION DEBUG]: LoadMissionTradersFile trader ExpansionTraderNiki<8779b750> fileName BuildingSupplies
SCRIPT       : 14:40:47.414 [EXPANSION DEBUG]: ExpansionTraderNiki<8778fd20>::SetTraderObject ExpansionTraderObjectBase<d4f22570> <3697.030029, 402.013000, 5973.439941>
SCRIPT       : 14:40:47.414 [EXPANSION DEBUG]: LoadMissionTradersFile trader ExpansionTraderNiki<8778fd20> fileName MMG
SCRIPT       : 14:40:47.429 [EXPANSION DEBUG]: ExpansionTraderFrancis<87793b30>::SetTraderObject ExpansionTraderObjectBase<d507f580> <1153.964844, 6.463035, 2409.763184>
SCRIPT       : 14:40:47.429 [EXPANSION DEBUG]: LoadMissionTradersFile trader ExpansionTraderFrancis<87793b30> fileName Attachments
SCRIPT       : 14:40:47.437 [EXPANSION DEBUG]: ExpansionTraderKaito<87797940>::SetTraderObject ExpansionTraderObjectBase<d511f870> <1117.021240, 5.495151, 2413.766357>
SCRIPT       : 14:40:47.437 [EXPANSION DEBUG]: LoadMissionTradersFile trader ExpansionTraderKaito<87797940> fileName Components
SCRIPT       : 14:40:47.445 [EXPANSION DEBUG]: ExpansionTraderCyril<877842f0>::SetTraderObject ExpansionTraderObjectBase<d51bfdb0> <1136.987427, 5.908522, 2439.662598>
SCRIPT       : 14:40:47.445 [EXPANSION DEBUG]: LoadMissionTradersFile trader ExpansionTraderCyril<877842f0> fileName Clothing
SCRIPT       : 14:40:47.449 [EXPANSION DEBUG]: ExpansionTraderGuo<8779f560>::SetTraderObject ExpansionTraderObjectBase<d527fee0> <1133.974854, 5.909700, 2442.412598>
SCRIPT       : 14:40:47.449 [EXPANSION DEBUG]: LoadMissionTradersFile trader ExpansionTraderGuo<8779f560> fileName Clothing_Accessories
SCRIPT       : 14:40:47.460 [EXPANSION DEBUG]: ExpansionTraderBoris<d99e62d0>::SetTraderObject ExpansionTraderObjectBase<d99b12e0> <1123.468262, 15.349299, 2426.316162>
SCRIPT       : 14:40:47.460 [EXPANSION DEBUG]: LoadMissionTradersFile trader ExpansionTraderBoris<d99e62d0> fileName Exchange
SCRIPT       : 14:40:47.464 [EXPANSION DEBUG]: ExpansionTraderLinda<d99d2c80>::SetTraderObject ExpansionTraderObjectBase<d99b5bb0> <1135.892822, 5.908773, 2436.856689>
SCRIPT       : 14:40:47.464 [EXPANSION DEBUG]: LoadMissionTradersFile trader ExpansionTraderLinda<d99d2c80> fileName Consumables
SCRIPT       : 14:40:47.468 [EXPANSION DEBUG]: ExpansionTraderKeiko<d99d6a90>::SetTraderObject ExpansionTraderObjectBase<d9ac8900> <1130.731689, 5.951744, 2438.009277>
SCRIPT       : 14:40:47.468 [EXPANSION DEBUG]: LoadMissionTradersFile trader ExpansionTraderKeiko<d99d6a90> fileName Medicals
SCRIPT       : 14:40:47.476 [EXPANSION DEBUG]: ExpansionTraderHelga<d99da8a0>::SetTraderObject ExpansionTraderObjectBase<d9b74340> <1141.654419, 5.906255, 2421.591309>
SCRIPT       : 14:40:47.476 [EXPANSION DEBUG]: LoadMissionTradersFile trader ExpansionTraderHelga<d99da8a0> fileName Special
SCRIPT       : 14:40:47.484 [EXPANSION DEBUG]: ExpansionTraderFrida<d99cee70>::SetTraderObject ExpansionTraderObjectBase<d9cc0570> <1120.135132, 5.600746, 2417.465820>
SCRIPT       : 14:40:47.484 [EXPANSION DEBUG]: LoadMissionTradersFile trader ExpansionTraderFrida<d99cee70> fileName Vehicles
SCRIPT       : 14:40:47.492 [EXPANSION DEBUG]: ExpansionTraderHassan<d99de6b0>::SetTraderObject ExpansionTraderObjectBase<d9cdc4a0> <1123.977905, 5.639271, 2417.411865>
SCRIPT       : 14:40:47.492 [EXPANSION DEBUG]: LoadMissionTradersFile trader ExpansionTraderHassan<d99de6b0> fileName Vehicle_Parts
SCRIPT       : 14:40:47.496 [EXPANSION DEBUG]: ExpansionTraderDenis<d99e24c0>::SetTraderObject ExpansionTraderObjectBase<d9db2fb0> <1156.719727, 6.513331, 2406.355225>
SCRIPT       : 14:40:47.496 [EXPANSION DEBUG]: LoadMissionTradersFile trader ExpansionTraderDenis<d99e24c0> fileName Weapons
SCRIPT       : 14:40:47.500 [EXPANSION DEBUG]: ExpansionTraderGabi<d99cb060>::SetTraderObject ExpansionTraderObjectBase<d9daefa0> <1135.689941, 5.900000, 2423.300049>
SCRIPT       : 14:40:47.500 [EXPANSION DEBUG]: LoadMissionTradersFile trader ExpansionTraderGabi<d99cb060> fileName BuildingSupplies
SCRIPT       : 14:40:47.507 [EXPANSION DEBUG]: ExpansionTraderFrancis<d99f1d00>::SetTraderObject ExpansionTraderObjectBase<d9f6e7b0> <11835.901367, 140.617874, 12474.744141>
SCRIPT       : 14:40:47.507 [EXPANSION DEBUG]: LoadMissionTradersFile trader ExpansionTraderFrancis<d99f1d00> fileName Attachments
SCRIPT       : 14:40:47.511 [EXPANSION DEBUG]: ExpansionTraderLinda<d99f9920>::SetTraderObject ExpansionTraderObjectBase<d9f732b0> <11856.716797, 140.565109, 12461.438477>
SCRIPT       : 14:40:47.511 [EXPANSION DEBUG]: LoadMissionTradersFile trader ExpansionTraderLinda<d99f9920> fileName Consumables
SCRIPT       : 14:40:47.515 [EXPANSION DEBUG]: ExpansionTraderCyril<d99fd730>::SetTraderObject ExpansionTraderObjectBase<d9f7a2e0> <11855.000000, 140.605103, 12466.099609>
SCRIPT       : 14:40:47.515 [EXPANSION DEBUG]: LoadMissionTradersFile trader ExpansionTraderCyril<d99fd730> fileName Clothing
SCRIPT       : 14:40:47.515 [EXPANSION DEBUG]: ExpansionTraderGuo<d9a05350>::SetTraderObject ExpansionTraderObjectBase<d9f7ee30> <11855.200195, 140.605103, 12470.487305>
SCRIPT       : 14:40:47.515 [EXPANSION DEBUG]: LoadMissionTradersFile trader ExpansionTraderGuo<d9a05350> fileName Clothing_Accessories
SCRIPT       : 14:40:47.519 [EXPANSION DEBUG]: ExpansionTraderKaito<d99f5b10>::SetTraderObject ExpansionTraderObjectBase<d9f82fd0> <11849.400391, 140.605087, 12466.200195>
SCRIPT       : 14:40:47.519 [EXPANSION DEBUG]: LoadMissionTradersFile trader ExpansionTraderKaito<d99f5b10> fileName Components
SCRIPT       : 14:40:47.519 [EXPANSION DEBUG]: ExpansionTraderBoris<d9a01540>::SetTraderObject ExpansionTraderObjectBase<d9f89010> <11858.202148, 140.615112, 12463.234375>
SCRIPT       : 14:40:47.523 [EXPANSION DEBUG]: LoadMissionTradersFile trader ExpansionTraderBoris<d9a01540> fileName Exchange
SCRIPT       : 14:40:47.523 [EXPANSION DEBUG]: ExpansionTraderKeiko<d99ea0e0>::SetTraderObject ExpansionTraderObjectBase<da0c28a0> <11853.218750, 140.605087, 12463.277344>
SCRIPT       : 14:40:47.523 [EXPANSION DEBUG]: LoadMissionTradersFile trader ExpansionTraderKeiko<d99ea0e0> fileName Medicals
SCRIPT       : 14:40:47.527 [EXPANSION DEBUG]: ExpansionTraderGabi<d99edef0>::SetTraderObject ExpansionTraderObjectBase<da0c7990> <11833.200195, 140.605118, 12461.700195>
SCRIPT       : 14:40:47.527 [EXPANSION DEBUG]: LoadMissionTradersFile trader ExpansionTraderGabi<d99edef0> fileName Special
SCRIPT       : 14:40:47.535 [EXPANSION DEBUG]: ExpansionTraderElias<da169660>::SetTraderObject ExpansionTraderObjectBase<da1b4700> <11877.799805, 140.134796, 12441.599609>
SCRIPT       : 14:40:47.535 [EXPANSION DEBUG]: LoadMissionTradersFile trader ExpansionTraderElias<da169660> fileName Vehicles
SCRIPT       : 14:40:47.535 [EXPANSION DEBUG]: ExpansionTraderHassan<da180ac0>::SetTraderObject ExpansionTraderObjectBase<da1bb280> <11878.674805, 140.134796, 12424.302734>
SCRIPT       : 14:40:47.535 [EXPANSION DEBUG]: LoadMissionTradersFile trader ExpansionTraderHassan<da180ac0> fileName Vehicle_Parts
SCRIPT       : 14:40:47.539 [EXPANSION DEBUG]: ExpansionTraderDenis<da16d470>::SetTraderObject ExpansionTraderObjectBase<da1c0190> <11833.576172, 140.605072, 12469.492188>
SCRIPT       : 14:40:47.539 [EXPANSION DEBUG]: LoadMissionTradersFile trader ExpansionTraderDenis<da16d470> fileName Weapons
SCRIPT       : 14:40:47.542 [EXPANSION DEBUG]: ExpansionTraderLinda<da171280>::SetTraderObject ExpansionTraderObjectBase<da1c4e20> <11852.194336, 140.660980, 12472.387695>
SCRIPT       : 14:40:47.542 [EXPANSION DEBUG]: LoadMissionTradersFile trader ExpansionTraderLinda<da171280> fileName BuildingSupplies
SCRIPT       : 14:40:47.550 [EXPANSION DEBUG]: ExpansionTraderManua<da165850>::SetTraderObject ExpansionTraderObjectBase<da2a17d0> <11879.722656, 140.094788, 12435.959961>
SCRIPT       : 14:40:47.550 [EXPANSION DEBUG]: LoadMissionTradersFile trader ExpansionTraderManua<da165850> fileName Spraycans
SCRIPT       : 14:40:47.558 [EXPANSION DEBUG]: ExpansionTraderIrena<da1848d0>::SetTraderObject ExpansionTraderObjectBase<da368040> <12160.279297, 140.580765, 12689.783203>
SCRIPT       : 14:40:47.558 [EXPANSION DEBUG]: LoadMissionTradersFile trader ExpansionTraderIrena<da1848d0> fileName Aircraft
SCRIPT       : [ExpansionQuestPersistentServerData] Load existing configuration file:$profile:ExpansionMod\Quests\PersistentServerData.json
SCRIPT       : [ExpansionQuestPersistentServerData] Load existing configuration file:$profile:ExpansionMod\Quests\PersistentServerData.json
SCRIPT       : [ExpansionQuestObjectiveTravelConfig] Load existing configuration file:$profile:ExpansionMod\Quests\Objectives\Travel\Objective_T_1.json
SCRIPT       : [ExpansionQuestObjectiveTravelConfig] Load existing configuration file:$profile:ExpansionMod\Quests\Objectives\Travel\Objective_T_2.json
SCRIPT       : [ExpansionQuestObjectiveTravelConfig] Load existing configuration file:$profile:ExpansionMod\Quests\Objectives\Travel\Objective_T_3.json
SCRIPT       : [ExpansionQuestObjectiveTravelConfig] Load existing configuration file:$profile:ExpansionMod\Quests\Objectives\Travel\Objective_T_4.json
SCRIPT       : [ExpansionQuestObjectiveTargetConfig] Load existing configuration file:$profile:ExpansionMod\Quests\Objectives\Target\Objective_TA_1_kill10sledge.json
SCRIPT       : [ExpansionQuestObjectiveTargetConfig] Load existing configuration file:$profile:ExpansionMod\Quests\Objectives\Target\Objective_TA_2_kill10.json
SCRIPT       : [ExpansionQuestObjectiveTargetConfig] Load existing configuration file:$profile:ExpansionMod\Quests\Objectives\Target\Objective_TA_31_kill_100.json
SCRIPT       : [ExpansionQuestObjectiveTargetConfig] Load existing configuration file:$profile:ExpansionMod\Quests\Objectives\Target\Objective_TA_3_kill50.json
SCRIPT       : [ExpansionQuestObjectiveTargetConfig] Load existing configuration file:$profile:ExpansionMod\Quests\Objectives\Target\Objective_TA_4_killmilitary.json
SCRIPT       : [ExpansionQuestObjectiveDeliveryConfig] Load existing configuration file:$profile:ExpansionMod\Quests\Objectives\Delivery\Objective_D_1.json
SCRIPT       : [ExpansionQuestObjectiveDeliveryConfig] Load existing configuration file:$profile:ExpansionMod\Quests\Objectives\Delivery\Objective_D_2.json
SCRIPT       : [ExpansionQuestObjectiveCollectionConfig] Load existing configuration file:$profile:ExpansionMod\Quests\Objectives\Collection\1-Collection-Apples.json
SCRIPT       : [ExpansionQuestObjectiveCollectionConfig] Load existing configuration file:$profile:ExpansionMod\Quests\Objectives\Collection\2-Collection-Mackerel.json
SCRIPT       : [ExpansionQuestObjectiveCollectionConfig] Load existing configuration file:$profile:ExpansionMod\Quests\Objectives\Collection\3-Collection-BrownChickens.json
SCRIPT       : [ExpansionQuestObjectiveCollectionConfig] Load existing configuration file:$profile:ExpansionMod\Quests\Objectives\Collection\4-Collection-BearPelt.json
SCRIPT       : [ExpansionQuestObjectiveCollectionConfig] Load existing configuration file:$profile:ExpansionMod\Quests\Objectives\Collection\5-Collection-DeerPelt.json
SCRIPT       : [ExpansionQuestObjectiveCollectionConfig] Load existing configuration file:$profile:ExpansionMod\Quests\Objectives\Collection\6-Collection-AgaricusMushroom.json
SCRIPT       : [ExpansionQuestObjectiveCollectionConfig] Load existing configuration file:$profile:ExpansionMod\Quests\Objectives\Collection\Objective_C_1.json
SCRIPT       : [ExpansionQuestObjectiveCollectionConfig] Load existing configuration file:$profile:ExpansionMod\Quests\Objectives\Collection\Objective_C_2.json
SCRIPT       : [ExpansionQuestObjectiveCollectionConfig] Load existing configuration file:$profile:ExpansionMod\Quests\Objectives\Collection\Objective_C_3.json
SCRIPT       : [ExpansionQuestObjectiveTreasureHuntConfig] Load existing configuration file:$profile:ExpansionMod\Quests\Objectives\TreasureHunt\Objective_TH_ammo_1.json
SCRIPT       : [ExpansionQuestObjectiveActionConfig] Load existing configuration file:$profile:ExpansionMod\Quests\Objectives\Action\1-Medic.json
SCRIPT       : [ExpansionQuestObjectiveActionConfig] Load existing configuration file:$profile:ExpansionMod\Quests\Objectives\Action\10-Medic.json
SCRIPT       : [ExpansionQuestObjectiveActionConfig] Load existing configuration file:$profile:ExpansionMod\Quests\Objectives\Action\11-Medic.json
SCRIPT       : [ExpansionQuestObjectiveActionConfig] Load existing configuration file:$profile:ExpansionMod\Quests\Objectives\Action\12-Medic.json
SCRIPT       : [ExpansionQuestObjectiveActionConfig] Load existing configuration file:$profile:ExpansionMod\Quests\Objectives\Action\13-Medic.json
SCRIPT       : [ExpansionQuestObjectiveActionConfig] Load existing configuration file:$profile:ExpansionMod\Quests\Objectives\Action\14-Medic.json
SCRIPT       : [ExpansionQuestObjectiveActionConfig] Load existing configuration file:$profile:ExpansionMod\Quests\Objectives\Action\15-Medic.json
SCRIPT       : [ExpansionQuestObjectiveActionConfig] Load existing configuration file:$profile:ExpansionMod\Quests\Objectives\Action\16-Medic.json
SCRIPT       : [ExpansionQuestObjectiveActionConfig] Load existing configuration file:$profile:ExpansionMod\Quests\Objectives\Action\17-Medic.json
SCRIPT       : [ExpansionQuestObjectiveActionConfig] Load existing configuration file:$profile:ExpansionMod\Quests\Objectives\Action\18-Horticulture.json
SCRIPT       : [ExpansionQuestObjectiveActionConfig] Load existing configuration file:$profile:ExpansionMod\Quests\Objectives\Action\19-Horticulture.json
SCRIPT       : [ExpansionQuestObjectiveActionConfig] Load existing configuration file:$profile:ExpansionMod\Quests\Objectives\Action\2-Medic.json
SCRIPT       : [ExpansionQuestObjectiveActionConfig] Load existing configuration file:$profile:ExpansionMod\Quests\Objectives\Action\20-Horticulture.json
SCRIPT       : [ExpansionQuestObjectiveActionConfig] Load existing configuration file:$profile:ExpansionMod\Quests\Objectives\Action\21-Horticulture.json
SCRIPT       : [ExpansionQuestObjectiveActionConfig] Load existing configuration file:$profile:ExpansionMod\Quests\Objectives\Action\22-Horticulture.json
SCRIPT       : [ExpansionQuestObjectiveActionConfig] Load existing configuration file:$profile:ExpansionMod\Quests\Objectives\Action\23-Horticulture.json
SCRIPT       : [ExpansionQuestObjectiveActionConfig] Load existing configuration file:$profile:ExpansionMod\Quests\Objectives\Action\24-Horticulture.json
SCRIPT       : [ExpansionQuestObjectiveActionConfig] Load existing configuration file:$profile:ExpansionMod\Quests\Objectives\Action\3-Medic.json
SCRIPT       : [ExpansionQuestObjectiveActionConfig] Load existing configuration file:$profile:ExpansionMod\Quests\Objectives\Action\4-Medic.json
SCRIPT       : [ExpansionQuestObjectiveActionConfig] Load existing configuration file:$profile:ExpansionMod\Quests\Objectives\Action\5-Medic.json
SCRIPT       : [ExpansionQuestObjectiveActionConfig] Load existing configuration file:$profile:ExpansionMod\Quests\Objectives\Action\6-Medic.json
SCRIPT       : [ExpansionQuestObjectiveActionConfig] Load existing configuration file:$profile:ExpansionMod\Quests\Objectives\Action\7-Medic.json
SCRIPT       : [ExpansionQuestObjectiveActionConfig] Load existing configuration file:$profile:ExpansionMod\Quests\Objectives\Action\8-Medic.json
SCRIPT       : [ExpansionQuestObjectiveActionConfig] Load existing configuration file:$profile:ExpansionMod\Quests\Objectives\Action\9-Medic.json
SCRIPT       : [ExpansionQuestObjectiveActionConfig] Load existing configuration file:$profile:ExpansionMod\Quests\Objectives\Action\Objective_A_1.json
SCRIPT       : [ExpansionQuestObjectiveActionConfig] Load existing configuration file:$profile:ExpansionMod\Quests\Objectives\Action\Objective_A_2.json
SCRIPT       : [ExpansionQuestObjectiveCraftingConfig] Load existing configuration file:$profile:ExpansionMod\Quests\Objectives\Crafting\1-Crafting-FishingRod.json
SCRIPT       : [ExpansionQuestObjectiveCraftingConfig] Load existing configuration file:$profile:ExpansionMod\Quests\Objectives\Crafting\Objective_CR_1.json
SCRIPT       : [ExpansionQuestObjectiveAIPatrolConfig] Load existing configuration file:$profile:ExpansionMod\Quests\Objectives\AIPatrol\Objective_AIP_1.json
SCRIPT       : [ExpansionQuestObjectiveAICampConfig] Load existing configuration file:$profile:ExpansionMod\Quests\Objectives\AICamp\Objective_AIC_1.json
SCRIPT       : [ExpansionQuestObjectiveAIEscortConfig] Load existing configuration file:$profile:ExpansionMod\Quests\Objectives\AIVIP\1-VIP.json
SCRIPT       : [ExpansionQuestObjectiveAIEscortConfig] Load existing configuration file:$profile:ExpansionMod\Quests\Objectives\AIVIP\2-VIP.json
SCRIPT       : [ExpansionQuestObjectiveAIEscortConfig] Load existing configuration file:$profile:ExpansionMod\Quests\Objectives\AIVIP\Objective_AIESCORT_1.json
SCRIPT       : [ExpansionQuestNPCData] Load existing configuration file:QuestNPC_Board_3.json
SCRIPT       : [ExpansionQuestNPCData] Load existing configuration file:QuestNPC_Peter_1.json
SCRIPT       : [ExpansionQuestNPCData] Load existing configuration file:QuestNPC_Steve_2.json
SCRIPT       : [EditorLoader] File found: $mission:\EditorFiles\TraderStorage.dze
SCRIPT       : [EditorLoader] Loaded files in 0.004s
SCRIPT       : [EditorLoader] 6 total objects created
SCRIPT       : [EditorLoader] 0 total objects deleted
SCRIPT       : [EditorLoader] Deleted & Created all objects in 0.026s
SCRIPT       : ExpansionMarketItem marketItem = ExpansionMarketItem<b60ead40>
SCRIPT       : int worth =   1
SCRIPT       : 14:41:06.746 [EXPANSION DEBUG]: ExpansionP2PTraderAIIrena<6614e110>::SetP2PTraderID - ID: 1
SCRIPT       : ExpansionZonePolygon<5bd19240> position=<12015.854492, 0.000000, 12591.097656> radius=419.633
SCRIPT       : ExpansionZoneCircle<66919300> position=<1143.140015, 0.000000, 2423.270020> radius=400
SCRIPT       : ExpansionZoneCircle<66919240> position=<3728.270020, 0.000000, 6003.600098> radius=400
SCRIPT       : Found 3 zones!
SCRIPT       : 14:41:06.937 [EXPANSION DEBUG]: ExpansionQuestNPCAIDenis<65306cc0>::OnEnterSafeZone
SCRIPT       : bool m_Expansion_LeavingSafeZone = 0
SCRIPT       : bool m_Expansion_IsInSafeZone = 0
SCRIPT       : bool m_Expansion_IsInSafeZoneSynchRemote = 0
SCRIPT       : 14:41:06.937 [EXPANSION DEBUG]: ExpansionP2PTraderAIIrena<6614e110>::OnEnterSafeZone
SCRIPT       : bool m_Expansion_LeavingSafeZone = 0
SCRIPT       : bool m_Expansion_IsInSafeZone = 0
SCRIPT       : bool m_Expansion_IsInSafeZoneSynchRemote = 0
SCRIPT       : 14:41:07.585 [EXPANSION DEBUG]: ExpansionItemSpawnHelper::Clone - created Aug:035716 at location { type=HANDS item=Aug:035690 parent=ExpansionQuestNPCAIDenis:045 }
SCRIPT       : 14:41:07.585 [EXPANSION DEBUG]: ExpansionItemSpawnHelper::Clone - created Mag_Aug_30Rnd:035717 at location { type=ATTACHMENT item=null parent=Aug:035716 slot=magazine }
SCRIPT       : [emote] ExpansionQuestNPCAIDenis:045 play emote id=46 IH=Aug:035716
SCRIPT       : [emote] ExpansionP2PTraderAIIrena:044 play emote id=46 IH=null
SCRIPT       : 14:41:09.542 [EXPANSION DEBUG]: ExpansionItemSpawnHelper::Clone - created CZ527:035691 at location { type=HANDS item=CZ527:035705 parent=ExpansionQuestNPCAIElias:046 }
SCRIPT       : 14:41:09.542 [EXPANSION DEBUG]: ExpansionItemSpawnHelper::Clone - created HuntingOptic:035690 at location { type=ATTACHMENT item=null parent=CZ527:035691 slot=weaponOpticsHunting }
SCRIPT       : 14:41:09.542 [EXPANSION DEBUG]: ExpansionItemSpawnHelper::Clone - created Mag_CZ527_5rnd:035718 at location { type=ATTACHMENT item=null parent=CZ527:035691 slot=magazine }
SCRIPT       : [emote] ExpansionQuestNPCAIElias:046 play emote id=14 IH=CZ527:035691
