---------------------------------------------
Log C:\Program Files (x86)\Steam\steamapps\common\DayZServerAug2\config\script_2023-08-09_11-23-34.log started at 09.08. 11:23:34

SCRIPT       : Registered 397 temporary action enum(s), UAN==397
SCRIPT       : Registering faction type eAIFactionShamans ID -1484989417
SCRIPT       : Registering faction type eAIFactionObservers ID -563736721
SCRIPT       : Registering faction type eAIFactionInvincibleObservers ID -1227299746
SCRIPT       : Registering faction type eAIFactionEast ID 90522109
SCRIPT       : Registering faction type eAIFactionGuards ID 963933710
SCRIPT       : Registering faction type eAIFactionRaiders ID 1535276022
SCRIPT       : Registering faction type eAIFactionMercenaries ID 1629891834
SCRIPT       : Registering faction type eAIFactionWest ID 113880155
SCRIPT       : Registering faction type eAIFactionCivilian ID 1096178351
SCRIPT       : Registering faction type eAIFactionPassive ID -1159399789
SCRIPT       : Registering faction type eAIFactionInvincibleGuards ID 782746017
SCRIPT       : ... Backlit Effects Enabled
SCRIPT       : 11:23:35 [EXPANSION LOG]: DayZGame<b8ed6a60> Start time (local time) 2023-08-09 11:23:31
SCRIPT       : 11:23:35 [EXPANSION LOG]: DayZGame<b8ed6a60> Start time (UTC) 2023-08-09 16:23:31
SCRIPT       : 11:23:35 [EXPANSION LOG]: DayZGame<b8ed6a60> Runtime since start (seconds) 4.492
SCRIPT    (W): @"JM/COT/Scripts/4_World/communityonlinetools\classes\webhook\jmwebhookdiscordmessage.c,19": Possible variable name conflict 'username'
SCRIPT    (W): @"JM/COT/Scripts/4_World/communityonlinetools\classes\webhook\jmwebhookdiscordmessage.c,19": Possible variable name conflict 'avatar_url'
SCRIPT    (W): @"JM/COT/Scripts/4_World/communityonlinetools\classes\webhook\jmwebhookdiscordmessage.c,19": Possible variable name conflict 'content'
SCRIPT    (W): @"JM/COT/Scripts/4_World/communityonlinetools\classes\webhook\jmwebhookdiscordmessage.c,151": Possible variable name conflict 'url'
SCRIPT    (W): @"JM/COT/Scripts/4_World/communityonlinetools\classes\webhook\jmwebhookdiscordmessage.c,172": Possible variable name conflict 'url'
SCRIPT    (W): @"JM/COT/Scripts/4_World/communityonlinetools\classes\webhook\jmwebhookdiscordmessage.c,180": Possible variable name conflict 'url'
SCRIPT       : Expansion version: 1.8.20
SCRIPT       : 11:23:49.652 [EXPANSION DEBUG]: [ExpansionDebugSettings] Load existing setting file:$profile:ExpansionMod\Settings\DebugSettings.json
SCRIPT       : 11:23:49.652 [EXPANSION DEBUG]: [ExpansionLogSettings] Load existing setting file:$profile:ExpansionMod\Settings\LogsSettings.json
SCRIPT       : 11:23:49.652 [EXPANSION DEBUG]: [ExpansionNotificationSettings] Load existing setting file:$profile:ExpansionMod\Settings\NotificationSettings.json
SCRIPT       : 11:23:49.652 [EXPANSION DEBUG]: [ExpansionMonitoringSettings] Load existing setting file:$profile:ExpansionMod\Settings\MonitoringSettings.json
SCRIPT       : 11:23:49.652 [EXPANSION DEBUG]: [ExpansionDamageSystemSettings] Load existing setting file:$profile:ExpansionMod\Settings\DamageSystemSettings.json
SCRIPT       : 11:23:49.656 [EXPANSION DEBUG]: [ExpansionPartySettings] Load existing setting file:$profile:ExpansionMod\Settings\PartySettings.json
SCRIPT       : 11:23:49.656 [EXPANSION DEBUG]: [ExpansionHardlineSettings] Load existing setting file:$mission:expansion\settings\HardlineSettings.json
SCRIPT       : 11:23:49.660 [EXPANSION DEBUG]: [ExpansionMarketSettings] Load existing setting file:$mission:expansion\settings\MarketSettings.json
SCRIPT       : ExpansionMarketSettings::LoadCategories - Adding category ID 1 (Ammo)
SCRIPT       : ExpansionMarketSettings::LoadCategories - Adding category ID 2 (Ammo_Boxes)
SCRIPT       : ExpansionMarketSettings::LoadCategories - Adding category ID 3 (Armbands)
SCRIPT       : ExpansionMarketSettings::LoadCategories - Adding category ID 4 (Assault_Rifles)
SCRIPT       : ExpansionMarketSettings::LoadCategories - Adding category ID 5 (Backpacks)
SCRIPT       : ExpansionMarketSettings::LoadCategories - Adding category ID 6 (Bandanas)
SCRIPT       : ExpansionMarketSettings::LoadCategories - Adding category ID 7 (Batteries)
SCRIPT       : ExpansionMarketSettings::LoadCategories - Adding category ID 8 (Bayonets)
SCRIPT       : ExpansionMarketSettings::LoadCategories - Adding category ID 9 (Belts)
SCRIPT       : ExpansionMarketSettings::LoadCategories - Adding category ID 10 (Blouses_And_Suits)
SCRIPT       : ExpansionMarketSettings::LoadCategories - Adding category ID 11 (Boats)
SCRIPT       : ExpansionMarketSettings::LoadCategories - Adding category ID 12 (Boots_And_Shoes)
SCRIPT       : ExpansionMarketSettings::LoadCategories - Adding category ID 13 (Buttstocks)
SCRIPT       : ExpansionMarketSettings::LoadCategories - Adding category ID 14 (Caps)
SCRIPT       : ExpansionMarketSettings::LoadCategories - Adding category ID 15 (Cars)
SCRIPT       : ExpansionMarketSettings::LoadCategories - Adding category ID 16 (Coats_And_Jackets)
SCRIPT       : ExpansionMarketSettings::LoadCategories - Adding category ID 17 (Containers)
SCRIPT       : ExpansionMarketSettings::LoadCategories - Adding category ID 18 (Crossbows)
SCRIPT       : ExpansionMarketSettings::LoadCategories - Adding category ID 19 (Drinks)
SCRIPT       : ExpansionMarketSettings::LoadCategories - Adding category ID 20 (Electronics)
SCRIPT       : ExpansionMarketSettings::LoadCategories - Adding category ID 21 (Event)
SCRIPT       : ExpansionMarketSettings::LoadCategories - Adding category ID 22 (Exchange)
SCRIPT       : ExpansionMarketSettings::LoadCategories - Adding category ID 23 (Explosives_And_Grenades)
SCRIPT       : ExpansionMarketSettings::LoadCategories - Adding category ID 24 (Eyewear)
SCRIPT       : ExpansionMarketSettings::LoadCategories - Adding category ID 25 (Fish)
SCRIPT       : ExpansionMarketSettings::LoadCategories - Adding category ID 26 (Fishing)
SCRIPT       : ExpansionMarketSettings::LoadCategories - Adding category ID 27 (Flags)
SCRIPT       : ExpansionMarketSettings::LoadCategories - Adding category ID 28 (Food)
SCRIPT       : ExpansionMarketSettings::LoadCategories - Adding category ID 29 (Fruit_And_Vegetables)
SCRIPT       : ExpansionMarketSettings::LoadCategories - Adding category ID 30 (Furnishings)
SCRIPT       : ExpansionMarketSettings::LoadCategories - Adding category ID 31 (Gardening)
SCRIPT       : ExpansionMarketSettings::LoadCategories - Adding category ID 32 (Ghillies)
SCRIPT       : ExpansionMarketSettings::LoadCategories - Adding category ID 33 (Gloves)
SCRIPT       : ExpansionMarketSettings::LoadCategories - Adding category ID 34 (Handguards)
SCRIPT       : ExpansionMarketSettings::LoadCategories - Adding category ID 35 (Hats_And_Hoods)
SCRIPT       : ExpansionMarketSettings::LoadCategories - Adding category ID 36 (Helicopters)
SCRIPT       : ExpansionMarketSettings::LoadCategories - Adding category ID 37 (Helmets)
SCRIPT       : ExpansionMarketSettings::LoadCategories - Adding category ID 38 (Holsters_And_Pouches)
SCRIPT       : ExpansionMarketSettings::LoadCategories - Adding category ID 39 (Kits)
SCRIPT       : ExpansionMarketSettings::LoadCategories - Adding category ID 40 (Knifes)
SCRIPT       : ExpansionMarketSettings::LoadCategories - Adding category ID 41 (Launchers)
SCRIPT       : ExpansionMarketSettings::LoadCategories - Adding category ID 42 (Lights)
SCRIPT       : ExpansionMarketSettings::LoadCategories - Adding category ID 43 (Liquids)
SCRIPT       : ExpansionMarketSettings::LoadCategories - Adding category ID 44 (Locks)
SCRIPT       : ExpansionMarketSettings::LoadCategories - Adding category ID 45 (Magazines)
SCRIPT       : ExpansionMarketSettings::LoadCategories - Adding category ID 46 (Masks)
SCRIPT       : ExpansionMarketSettings::LoadCategories - Adding category ID 47 (Meat)
SCRIPT       : ExpansionMarketSettings::LoadCategories - Adding category ID 48 (Medical)
SCRIPT       : ExpansionMarketSettings::LoadCategories - Adding category ID 49 (Melee_Weapons)
SCRIPT       : ExpansionMarketSettings::LoadCategories - Adding category ID 50 (Muzzles)
SCRIPT       : ExpansionMarketSettings::LoadCategories - Adding category ID 51 (Navigation)
SCRIPT       : ExpansionMarketSettings::LoadCategories - Adding category ID 52 (Optics)
SCRIPT       : ExpansionMarketSettings::LoadCategories - Adding category ID 53 (Pants_And_Shorts)
SCRIPT       : ExpansionMarketSettings::LoadCategories - Adding category ID 54 (Pistols)
SCRIPT       : ExpansionMarketSettings::LoadCategories - Adding category ID 55 (Rifles)
SCRIPT       : ExpansionMarketSettings::LoadCategories - Adding category ID 56 (Shirts_And_TShirts)
SCRIPT       : ExpansionMarketSettings::LoadCategories - Adding category ID 57 (Shotguns)
SCRIPT       : ExpansionMarketSettings::LoadCategories - Adding category ID 58 (Skirts_And_Dresses)
SCRIPT       : ExpansionMarketSettings::LoadCategories - Adding category ID 59 (Sniper_Rifles)
SCRIPT       : ExpansionMarketSettings::LoadCategories - Adding category ID 60 (Spraycans)
SCRIPT       : ExpansionMarketSettings::LoadCategories - Adding category ID 61 (Submachine_Guns)
SCRIPT       : ExpansionMarketSettings::LoadCategories - Adding category ID 62 (Supplies)
SCRIPT       : ExpansionMarketSettings::LoadCategories - Adding category ID 63 (Sweaters_And_Hoodies)
SCRIPT       : ExpansionMarketSettings::LoadCategories - Adding category ID 64 (Tents)
SCRIPT       : ExpansionMarketSettings::LoadCategories - Adding category ID 65 (Tools)
SCRIPT       : ExpansionMarketSettings::LoadCategories - Adding category ID 66 (Vehicle_Parts)
SCRIPT       : ExpansionMarketSettings::LoadCategories - Adding category ID 67 (Vests)
SCRIPT       : 11:23:49.781 [EXPANSION DEBUG]: [ExpansionAirdropSettings] Load existing setting file:$profile:ExpansionMod\Settings\AirdropSettings.json
SCRIPT       : 11:23:49.902 [EXPANSION DEBUG]: [ExpansionMissionSettings] Load existing setting file:$profile:ExpansionMod\Settings\MissionSettings.json
SCRIPT       : 11:23:49.902 [EXPANSION DEBUG]: [ExpansionMapSettings] Load existing setting file:$mission:expansion\settings\MapSettings.json
SCRIPT       : 11:23:49.914 [EXPANSION DEBUG]: [ExpansionPersonalStorageNewSettings] Load existing setting file:$profile:ExpansionMod\Settings\PersonalStorageNewSettings.json
SCRIPT       : 11:23:49.914 [EXPANSION DEBUG]: [ExpansionGeneralSettings] Load existing setting file:$profile:ExpansionMod\Settings\GeneralSettings.json
SCRIPT       : 11:23:49.914 [EXPANSION DEBUG]: [ExpansionPlayerListSettings] Load existing setting file:$profile:ExpansionMod\Settings\PlayerListSettings.json
SCRIPT       : 11:23:49.914 [EXPANSION DEBUG]: [ExpansionSocialMediaSettings] Load existing setting file:$profile:ExpansionMod\Settings\SocialMediaSettings.json
SCRIPT       : 11:23:49.914 [EXPANSION DEBUG]: [ExpansionSpawnSettings] Load existing setting file:$mission:expansion\settings\SpawnSettings.json
SCRIPT       : 11:23:49.917 [EXPANSION DEBUG]: [ExpansionVehicleSettings] Load existing setting file:$profile:ExpansionMod\Settings\VehicleSettings.json
SCRIPT       : 11:23:49.917 [EXPANSION DEBUG]: [ExpansionAISettings] Load existing setting file:$profile:ExpansionMod\Settings\AISettings.json
SCRIPT       : 11:23:49.917 [EXPANSION DEBUG]: [ExpansionAIPatrolSettings] Load existing setting file:$mission:expansion\settings\AIPatrolSettings.json
SCRIPT       : 11:23:49.925 [EXPANSION DEBUG]: [ExpansionBaseBuildingSettings] Load existing setting file:$mission:expansion\settings\BaseBuildingSettings.json
SCRIPT       : 11:23:49.925 [EXPANSION DEBUG]: [ExpansionRaidSettings] Load existing setting file:$profile:ExpansionMod\Settings\RaidSettings.json
SCRIPT       : 11:23:49.925 [EXPANSION DEBUG]: [ExpansionTerritorySettings] Load existing setting file:$profile:ExpansionMod\Settings\TerritorySettings.json
SCRIPT       : 11:23:49.929 [EXPANSION DEBUG]: [ExpansionChatSettings] Load existing setting file:$profile:ExpansionMod\Settings\ChatSettings.json
SCRIPT       : [DefineTest] EXPANSIONMOD is defined
SCRIPT       : [DefineTest] EXPANSIONMODAI is defined
SCRIPT       : [DefineTest] EXPANSIONMODANIMATIONS is defined
SCRIPT       : [DefineTest] EXPANSIONMODBASEBUILDING is defined
SCRIPT       : [DefineTest] EXPANSIONMODBOOK is defined
SCRIPT       : [DefineTest] EXPANSIONMODCHAT is defined
SCRIPT       : [DefineTest] EXPANSIONMODCORE is defined
SCRIPT       : [DefineTest] EXPANSIONMODGARAGE is defined
SCRIPT       : [DefineTest] EXPANSIONMODGROUPS is defined
SCRIPT       : [DefineTest] EXPANSIONMODHARDLINE is defined
SCRIPT       : [DefineTest] EXPANSIONMODKILLFEED is defined
SCRIPT       : [DefineTest] EXPANSIONMODMAPASSETS is defined
SCRIPT       : [DefineTest] EXPANSIONMODMARKET is defined
SCRIPT       : [DefineTest] EXPANSIONMODMISSIONS is defined
SCRIPT       : [DefineTest] EXPANSIONMODNAMETAGS is defined
SCRIPT       : [DefineTest] EXPANSIONMODNAVIGATION is defined
SCRIPT       : [DefineTest] EXPANSIONMODP2PMARKET is defined
SCRIPT       : [DefineTest] EXPANSIONMODPERSONALSTORAGE is defined
SCRIPT       : [DefineTest] EXPANSIONMODQUESTS is defined
SCRIPT       : [DefineTest] EXPANSIONMODSPAWNSELECTION is defined
SCRIPT       : [DefineTest] EXPANSIONMODVEHICLE is defined
SCRIPT       : [DefineTest] EXPANSIONMODWEAPONS is defined
SCRIPT       : [DefineTest] CfgMods:
SCRIPT       : defaultAction
SCRIPT       : DayZ
SCRIPT       : DZ_Expansion_AI_Preload
SCRIPT       : DZ_Expansion_Animations_Preload
SCRIPT       : DZ_Expansion_BaseBuilding_Preload
SCRIPT       : DZ_Expansion_Book_Preload
SCRIPT       : DZ_Expansion_Chat_Preload
SCRIPT       : DZ_Expansion_Core_Preload
SCRIPT       : DZ_Expansion_Garage_Preload
SCRIPT       : DZ_Expansion_Groups_Preload
SCRIPT       : DZ_Expansion_Hardline_Preload
SCRIPT       : DZ_Expansion_KillFeed_Preload
SCRIPT       : DZ_Expansion_MapAssets_Preload
SCRIPT       : DZ_Expansion_Market_Preload
SCRIPT       : DZ_Expansion_Missions_Preload
SCRIPT       : DZ_Expansion_ModStorage_Preload
SCRIPT       : DZ_Expansion_NameTags_Preload
SCRIPT       : DZ_Expansion_Navigation_Preload
SCRIPT       : DZ_Expansion_P2PMarket_Preload
SCRIPT       : DZ_Expansion_PersonalStorage_Preload
SCRIPT       : DZ_Expansion_Preload
SCRIPT       : DZ_Expansion_Quests_Preload
SCRIPT       : DZ_Expansion_SpawnSelection_Preload
SCRIPT       : DZ_Expansion_Vehicles_Preload
SCRIPT       : DZ_Expansion_Weapons_Preload
SCRIPT       : DZ_DabsFramework
SCRIPT       : DZ_Expansion_DefineTest
SCRIPT       : DZ_Expansion_MapAssets
SCRIPT       : bliss
SCRIPT       : JM_CommunityFramework
SCRIPT       : JM_CommunityOnlineTools
SCRIPT       : PvZmoD_CustomisableZombies
SCRIPT       : BoostZombiesVisionAddon
SCRIPT       : DZ_Expansion_ModStorage
SCRIPT       : DZ_Expansion_Core
SCRIPT       : DZ_Expansion_Garage
SCRIPT       : DZ_Expansion_Groups
SCRIPT       : DZ_Expansion_Market
SCRIPT       : DZ_Expansion_Missions
SCRIPT       : DZ_Expansion_NameTags
SCRIPT       : DZ_Expansion_Navigation
SCRIPT       : DZ_Expansion_NotificationScheduler
SCRIPT       : DZ_Expansion_P2PMarket
SCRIPT       : DZ_Expansion_PersonalStorage
SCRIPT       : DZ_Expansion_PersonalStorageNew
SCRIPT       : DZ_Expansion_PlayerList
SCRIPT       : DZ_Expansion
SCRIPT       : DZ_Expansion_SpawnSelection
SCRIPT       : DZ_Expansion_VanillaFixes
SCRIPT       : DZ_Expansion_Vehicles
SCRIPT       : DZ_Expansion_Weapons
SCRIPT       : DZ_Expansion_AI
SCRIPT       : DZ_Expansion_BaseBuilding
SCRIPT       : DZ_Expansion_Book
SCRIPT       : DZ_Expansion_Chat
SCRIPT       : DZ_Expansion_Hardline
SCRIPT       : DZ_Expansion_Quests
SCRIPT       : DZ_Expansion_VirtualContainerStorage
SCRIPT       : DayZ_Expansion_AI_Dynamic
SCRIPT       : 11:23:50.277 [EXPANSION DEBUG]: ModStorage v5
SCRIPT       : 11:23:53.039 [EXPANSION DEBUG]: ExpansionTraderJudy<cb50c020>::SetTraderObject ExpansionTraderObjectBase<cb356060> <4973.928711, 9.510984, 2436.782959>
SCRIPT       : 11:23:53.039 [EXPANSION DEBUG]: LoadMissionTradersFile trader ExpansionTraderJudy<cb50c020> fileName Aircraft
SCRIPT       : 11:23:53.050 [EXPANSION DEBUG]: ExpansionTraderJose<53dfa020>::SetTraderObject ExpansionTraderObjectBase<cb6b4820> <14353.624023, 3.326771, 13229.217773>
SCRIPT       : 11:23:53.050 [EXPANSION DEBUG]: LoadMissionTradersFile trader ExpansionTraderJose<53dfa020> fileName Boats
SCRIPT       : 11:23:53.058 [EXPANSION DEBUG]: ExpansionTraderEva<a45c2010>::SetTraderObject ExpansionTraderObjectBase<cb75bd80> <14378.793945, 3.325975, 13271.585938>
SCRIPT       : 11:23:53.058 [EXPANSION DEBUG]: LoadMissionTradersFile trader ExpansionTraderEva<a45c2010> fileName Fishing
SCRIPT       : 11:23:53.062 [EXPANSION DEBUG]: ExpansionTraderLewis<605a0010>::SetTraderObject ExpansionTraderObjectBase<cb858aa0> <1756.656372, 1.415564, 2027.359741>
SCRIPT       : 11:23:53.062 [EXPANSION DEBUG]: LoadMissionTradersFile trader ExpansionTraderLewis<605a0010> fileName Boats
SCRIPT       : 11:23:53.066 [EXPANSION DEBUG]: LoadMissionTradersFile trader ExpansionTraderStaticBase<a43e8dc0> fileName Exchange
SCRIPT       : 11:23:53.085 [EXPANSION DEBUG]: ExpansionTraderDenis<7c3197f0>::SetTraderObject ExpansionTraderObjectBase<cb90f710> <3697.249512, 402.010010, 5977.625488>
SCRIPT       : 11:23:53.085 [EXPANSION DEBUG]: LoadMissionTradersFile trader ExpansionTraderDenis<7c3197f0> fileName Clothing
SCRIPT       : 11:23:53.101 [EXPANSION DEBUG]: ExpansionTraderMaria<363aa2a0>::SetTraderObject ExpansionTraderObjectBase<cba3bd10> <3696.455811, 402.010010, 5980.193359>
SCRIPT       : 11:23:53.101 [EXPANSION DEBUG]: LoadMissionTradersFile trader ExpansionTraderMaria<363aa2a0> fileName Clothing_Accessories
SCRIPT       : 11:23:53.117 [EXPANSION DEBUG]: ExpansionTraderQuinn<feb782a0>::SetTraderObject ExpansionTraderObjectBase<cbac46f0> <3710.121826, 402.010010, 5976.164063>
SCRIPT       : 11:23:53.117 [EXPANSION DEBUG]: LoadMissionTradersFile trader ExpansionTraderQuinn<feb782a0> fileName Consumables
SCRIPT       : 11:23:53.132 [EXPANSION DEBUG]: ExpansionTraderNaomi<cbc06020>::SetTraderObject ExpansionTraderObjectBase<d4ba58f0> <3708.786865, 402.010010, 5974.589844>
SCRIPT       : 11:23:53.132 [EXPANSION DEBUG]: LoadMissionTradersFile trader ExpansionTraderNaomi<cbc06020> fileName Weapons
SCRIPT       : 11:23:53.152 [EXPANSION DEBUG]: ExpansionTraderSeth<88889d70>::SetTraderObject ExpansionTraderObjectBase<d4cf2740> <3710.265137, 402.010010, 5973.340820>
SCRIPT       : 11:23:53.152 [EXPANSION DEBUG]: LoadMissionTradersFile trader ExpansionTraderSeth<88889d70> fileName Attachments
SCRIPT       : 11:23:53.160 [EXPANSION DEBUG]: ExpansionTraderRolf<88885f60>::SetTraderObject ExpansionTraderObjectBase<d4dfab70> <3698.172607, 402.010010, 5995.337402>
SCRIPT       : 11:23:53.160 [EXPANSION DEBUG]: LoadMissionTradersFile trader ExpansionTraderRolf<88885f60> fileName Vehicles
SCRIPT       : 11:23:53.179 [EXPANSION DEBUG]: ExpansionTraderIndar<8888db80>::SetTraderObject ExpansionTraderObjectBase<d4ee3bd0> <3714.531006, 402.138000, 5961.776367>
SCRIPT       : 11:23:53.179 [EXPANSION DEBUG]: LoadMissionTradersFile trader ExpansionTraderIndar<8888db80> fileName Components
SCRIPT       : 11:23:53.187 [EXPANSION DEBUG]: ExpansionTraderJudy<88872910>::SetTraderObject ExpansionTraderObjectBase<d50a8f80> <3729.029541, 402.651001, 5969.476563>
SCRIPT       : 11:23:53.187 [EXPANSION DEBUG]: LoadMissionTradersFile trader ExpansionTraderJudy<88872910> fileName Medicals
SCRIPT       : 11:23:53.187 [EXPANSION DEBUG]: ExpansionTraderNaomi<88891990>::SetTraderObject ExpansionTraderObjectBase<d50b0dc0> <3690.062988, 402.100067, 6006.763672>
SCRIPT       : 11:23:53.187 [EXPANSION DEBUG]: LoadMissionTradersFile trader ExpansionTraderNaomi<88891990> fileName Vehicle_Parts
SCRIPT       : 11:23:53.195 [EXPANSION DEBUG]: ExpansionTraderJose<888957a0>::SetTraderObject ExpansionTraderObjectBase<d50b5fa0> <3699.629883, 402.010010, 5993.970215>
SCRIPT       : 11:23:53.195 [EXPANSION DEBUG]: LoadMissionTradersFile trader ExpansionTraderJose<888957a0> fileName Spraycans
SCRIPT       : 11:23:53.207 [EXPANSION DEBUG]: ExpansionTraderLinda<8887a530>::SetTraderObject ExpansionTraderObjectBase<d51d98b0> <3674.669922, 406.760010, 5990.390137>
SCRIPT       : 11:23:53.207 [EXPANSION DEBUG]: LoadMissionTradersFile trader ExpansionTraderLinda<8887a530> fileName Special
SCRIPT       : 11:23:53.214 [EXPANSION DEBUG]: ExpansionTraderNiki<888995b0>::SetTraderObject ExpansionTraderObjectBase<d52ef760> <3699.030029, 402.013000, 5973.439941>
SCRIPT       : 11:23:53.214 [EXPANSION DEBUG]: LoadMissionTradersFile trader ExpansionTraderNiki<888995b0> fileName BuildingSupplies
SCRIPT       : 11:23:53.222 [EXPANSION DEBUG]: ExpansionTraderFrancis<8887e340>::SetTraderObject ExpansionTraderObjectBase<d5402050> <1153.964844, 6.463035, 2409.763184>
SCRIPT       : 11:23:53.222 [EXPANSION DEBUG]: LoadMissionTradersFile trader ExpansionTraderFrancis<8887e340> fileName Attachments
SCRIPT       : 11:23:53.230 [EXPANSION DEBUG]: ExpansionTraderKaito<8889d3c0>::SetTraderObject ExpansionTraderObjectBase<d54cfcd0> <1117.021240, 5.495151, 2413.766357>
SCRIPT       : 11:23:53.230 [EXPANSION DEBUG]: LoadMissionTradersFile trader ExpansionTraderKaito<8889d3c0> fileName Components
SCRIPT       : 11:23:53.242 [EXPANSION DEBUG]: ExpansionTraderCyril<888a4fe0>::SetTraderObject ExpansionTraderObjectBase<d55ee900> <1136.987427, 5.908522, 2439.662598>
SCRIPT       : 11:23:53.242 [EXPANSION DEBUG]: LoadMissionTradersFile trader ExpansionTraderCyril<888a4fe0> fileName Clothing
SCRIPT       : 11:23:53.250 [EXPANSION DEBUG]: ExpansionTraderGuo<888a8df0>::SetTraderObject ExpansionTraderObjectBase<d56babd0> <1133.974854, 5.909700, 2442.412598>
SCRIPT       : 11:23:53.250 [EXPANSION DEBUG]: LoadMissionTradersFile trader ExpansionTraderGuo<888a8df0> fileName Clothing_Accessories
SCRIPT       : 11:23:53.253 [EXPANSION DEBUG]: ExpansionTraderBoris<888a11d0>::SetTraderObject ExpansionTraderObjectBase<d5822270> <1123.468262, 15.349299, 2426.316162>
SCRIPT       : 11:23:53.253 [EXPANSION DEBUG]: LoadMissionTradersFile trader ExpansionTraderBoris<888a11d0> fileName Exchange
SCRIPT       : 11:23:53.257 [EXPANSION DEBUG]: ExpansionTraderLinda<d585f2e0>::SetTraderObject ExpansionTraderObjectBase<d5826eb0> <1135.892822, 5.908773, 2436.856689>
SCRIPT       : 11:23:53.257 [EXPANSION DEBUG]: LoadMissionTradersFile trader ExpansionTraderLinda<d585f2e0> fileName Consumables
SCRIPT       : 11:23:53.265 [EXPANSION DEBUG]: ExpansionTraderKeiko<d584faa0>::SetTraderObject ExpansionTraderObjectBase<d5a0a6d0> <1130.731689, 5.951744, 2438.009277>
SCRIPT       : 11:23:53.265 [EXPANSION DEBUG]: LoadMissionTradersFile trader ExpansionTraderKeiko<d584faa0> fileName Medicals
SCRIPT       : 11:23:53.273 [EXPANSION DEBUG]: ExpansionTraderHelga<d58538b0>::SetTraderObject ExpansionTraderObjectBase<d5a26880> <1141.654419, 5.906255, 2421.591309>
SCRIPT       : 11:23:53.273 [EXPANSION DEBUG]: LoadMissionTradersFile trader ExpansionTraderHelga<d58538b0> fileName Special
SCRIPT       : 11:23:53.281 [EXPANSION DEBUG]: ExpansionTraderFrida<d5844070>::SetTraderObject ExpansionTraderObjectBase<d5ad5a50> <1120.135132, 5.600746, 2417.465820>
SCRIPT       : 11:23:53.281 [EXPANSION DEBUG]: LoadMissionTradersFile trader ExpansionTraderFrida<d5844070> fileName Vehicles
SCRIPT       : 11:23:53.289 [EXPANSION DEBUG]: ExpansionTraderHassan<d58630f0>::SetTraderObject ExpansionTraderObjectBase<d8c4f600> <1123.977905, 5.639271, 2417.411865>
SCRIPT       : 11:23:53.289 [EXPANSION DEBUG]: LoadMissionTradersFile trader ExpansionTraderHassan<d58630f0> fileName Vehicle_Parts
SCRIPT       : 11:23:53.289 [EXPANSION DEBUG]: ExpansionTraderDenis<d585b4d0>::SetTraderObject ExpansionTraderObjectBase<d8c540b0> <1156.719727, 6.513331, 2406.355225>
SCRIPT       : 11:23:53.289 [EXPANSION DEBUG]: LoadMissionTradersFile trader ExpansionTraderDenis<d585b4d0> fileName Weapons
SCRIPT       : 11:23:53.296 [EXPANSION DEBUG]: ExpansionTraderGabi<d58576c0>::SetTraderObject ExpansionTraderObjectBase<d8cebf20> <1135.689941, 5.900000, 2423.300049>
SCRIPT       : 11:23:53.296 [EXPANSION DEBUG]: LoadMissionTradersFile trader ExpansionTraderGabi<d58576c0> fileName BuildingSupplies
SCRIPT       : 11:23:53.304 [EXPANSION DEBUG]: ExpansionTraderFrancis<d5847e80>::SetTraderObject ExpansionTraderObjectBase<d8ceeef0> <11835.901367, 140.617874, 12474.744141>
SCRIPT       : 11:23:53.304 [EXPANSION DEBUG]: LoadMissionTradersFile trader ExpansionTraderFrancis<d5847e80> fileName Attachments
SCRIPT       : 11:23:53.304 [EXPANSION DEBUG]: ExpansionTraderLinda<d5866f00>::SetTraderObject ExpansionTraderObjectBase<d8e9cb00> <11856.716797, 140.565109, 12461.438477>
SCRIPT       : 11:23:53.304 [EXPANSION DEBUG]: LoadMissionTradersFile trader ExpansionTraderLinda<d5866f00> fileName Consumables
SCRIPT       : 11:23:53.308 [EXPANSION DEBUG]: ExpansionTraderCyril<d584bc90>::SetTraderObject ExpansionTraderObjectBase<d8ea21e0> <11855.000000, 140.605103, 12466.099609>
SCRIPT       : 11:23:53.308 [EXPANSION DEBUG]: LoadMissionTradersFile trader ExpansionTraderCyril<d584bc90> fileName Clothing
SCRIPT       : 11:23:53.312 [EXPANSION DEBUG]: ExpansionTraderGuo<d5872930>::SetTraderObject ExpansionTraderObjectBase<d8ea7690> <11855.200195, 140.605103, 12470.487305>
SCRIPT       : 11:23:53.312 [EXPANSION DEBUG]: LoadMissionTradersFile trader ExpansionTraderGuo<d5872930> fileName Clothing_Accessories
SCRIPT       : 11:23:53.312 [EXPANSION DEBUG]: ExpansionTraderKaito<d586ad10>::SetTraderObject ExpansionTraderObjectBase<d8eabf10> <11849.400391, 140.605087, 12466.200195>
SCRIPT       : 11:23:53.312 [EXPANSION DEBUG]: LoadMissionTradersFile trader ExpansionTraderKaito<d586ad10> fileName Components
SCRIPT       : 11:23:53.316 [EXPANSION DEBUG]: ExpansionTraderBoris<d586eb20>::SetTraderObject ExpansionTraderObjectBase<d8eb1550> <11858.202148, 140.615112, 12463.234375>
SCRIPT       : 11:23:53.316 [EXPANSION DEBUG]: LoadMissionTradersFile trader ExpansionTraderBoris<d586eb20> fileName Exchange
SCRIPT       : 11:23:53.320 [EXPANSION DEBUG]: ExpansionTraderKeiko<d587e360>::SetTraderObject ExpansionTraderObjectBase<d8eb5d30> <11853.218750, 140.605087, 12463.277344>
SCRIPT       : 11:23:53.320 [EXPANSION DEBUG]: LoadMissionTradersFile trader ExpansionTraderKeiko<d587e360> fileName Medicals
SCRIPT       : 11:23:53.320 [EXPANSION DEBUG]: ExpansionTraderGabi<d5876740>::SetTraderObject ExpansionTraderObjectBase<d8fb4340> <11833.200195, 140.605118, 12461.700195>
SCRIPT       : 11:23:53.320 [EXPANSION DEBUG]: LoadMissionTradersFile trader ExpansionTraderGabi<d5876740> fileName Special
SCRIPT       : 11:23:53.328 [EXPANSION DEBUG]: ExpansionTraderElias<d587a550>::SetTraderObject ExpansionTraderObjectBase<d8fcf190> <11877.799805, 140.134796, 12441.599609>
SCRIPT       : 11:23:53.328 [EXPANSION DEBUG]: LoadMissionTradersFile trader ExpansionTraderElias<d587a550> fileName Vehicles
SCRIPT       : 11:23:53.332 [EXPANSION DEBUG]: ExpansionTraderHassan<d909d4c0>::SetTraderObject ExpansionTraderObjectBase<d91161c0> <11878.674805, 140.134796, 12424.302734>
SCRIPT       : 11:23:53.332 [EXPANSION DEBUG]: LoadMissionTradersFile trader ExpansionTraderHassan<d909d4c0> fileName Vehicle_Parts
SCRIPT       : 11:23:53.335 [EXPANSION DEBUG]: ExpansionTraderDenis<d90a12d0>::SetTraderObject ExpansionTraderObjectBase<d911b530> <11833.576172, 140.605072, 12469.492188>
SCRIPT       : 11:23:53.335 [EXPANSION DEBUG]: LoadMissionTradersFile trader ExpansionTraderDenis<d90a12d0> fileName Weapons
SCRIPT       : 11:23:53.339 [EXPANSION DEBUG]: ExpansionTraderLinda<d90996b0>::SetTraderObject ExpansionTraderObjectBase<d9120170> <11852.194336, 140.660980, 12472.387695>
SCRIPT       : 11:23:53.339 [EXPANSION DEBUG]: LoadMissionTradersFile trader ExpansionTraderLinda<d90996b0> fileName BuildingSupplies
SCRIPT       : 11:23:53.347 [EXPANSION DEBUG]: ExpansionTraderManua<d9089e70>::SetTraderObject ExpansionTraderObjectBase<d91d9270> <11879.722656, 140.094788, 12435.959961>
SCRIPT       : 11:23:53.347 [EXPANSION DEBUG]: LoadMissionTradersFile trader ExpansionTraderManua<d9089e70> fileName Spraycans
SCRIPT       : 11:23:53.351 [EXPANSION DEBUG]: ExpansionTraderIrena<d9086060>::SetTraderObject ExpansionTraderObjectBase<d9320f60> <12160.279297, 140.580765, 12689.783203>
SCRIPT       : 11:23:53.351 [EXPANSION DEBUG]: LoadMissionTradersFile trader ExpansionTraderIrena<d9086060> fileName Aircraft
SCRIPT       : [ExpansionQuestPersistentServerData] Load existing configuration file:$profile:ExpansionMod\Quests\PersistentServerData.json
SCRIPT       : [ExpansionQuestPersistentServerData] Load existing configuration file:$profile:ExpansionMod\Quests\PersistentServerData.json
SCRIPT       : [ExpansionQuestObjectiveTravelConfig] Load existing configuration file:$profile:ExpansionMod\Quests\Objectives\Travel\Objective_T_1.json
SCRIPT       : [ExpansionQuestObjectiveTravelConfig] Load existing configuration file:$profile:ExpansionMod\Quests\Objectives\Travel\Objective_T_2.json
SCRIPT       : [ExpansionQuestObjectiveTravelConfig] Load existing configuration file:$profile:ExpansionMod\Quests\Objectives\Travel\Objective_T_3.json
SCRIPT       : [ExpansionQuestObjectiveTravelConfig] Load existing configuration file:$profile:ExpansionMod\Quests\Objectives\Travel\Objective_T_4.json
SCRIPT       : [ExpansionQuestObjectiveTargetConfig] Load existing configuration file:$profile:ExpansionMod\Quests\Objectives\Target\Objective_TA_1.json
SCRIPT       : [ExpansionQuestObjectiveTargetConfig] Load existing configuration file:$profile:ExpansionMod\Quests\Objectives\Target\Objective_TA_2.json
SCRIPT       : [ExpansionQuestObjectiveTargetConfig] Load existing configuration file:$profile:ExpansionMod\Quests\Objectives\Target\Objective_TA_3.json
SCRIPT       : [ExpansionQuestObjectiveTargetConfig] Load existing configuration file:$profile:ExpansionMod\Quests\Objectives\Target\Objective_TA_4.json
SCRIPT       : [ExpansionQuestObjectiveDeliveryConfig] Load existing configuration file:$profile:ExpansionMod\Quests\Objectives\Delivery\Objective_D_1.json
SCRIPT       : [ExpansionQuestObjectiveDeliveryConfig] Load existing configuration file:$profile:ExpansionMod\Quests\Objectives\Delivery\Objective_D_2.json
SCRIPT       : [ExpansionQuestObjectiveCollectionConfig] Load existing configuration file:$profile:ExpansionMod\Quests\Objectives\Collection\Objective_C_1.json
SCRIPT       : [ExpansionQuestObjectiveCollectionConfig] Load existing configuration file:$profile:ExpansionMod\Quests\Objectives\Collection\Objective_C_2.json
SCRIPT       : [ExpansionQuestObjectiveCollectionConfig] Load existing configuration file:$profile:ExpansionMod\Quests\Objectives\Collection\Objective_C_3.json
SCRIPT       : [ExpansionQuestObjectiveTreasureHuntConfig] Load existing configuration file:$profile:ExpansionMod\Quests\Objectives\TreasureHunt\Objective_TH_1.json
SCRIPT       : [ExpansionQuestObjectiveActionConfig] Load existing configuration file:$profile:ExpansionMod\Quests\Objectives\Action\Objective_A_1.json
SCRIPT       : [ExpansionQuestObjectiveActionConfig] Load existing configuration file:$profile:ExpansionMod\Quests\Objectives\Action\Objective_A_2.json
SCRIPT       : [ExpansionQuestObjectiveCraftingConfig] Load existing configuration file:$profile:ExpansionMod\Quests\Objectives\Crafting\Objective_CR_1.json
SCRIPT       : [ExpansionQuestObjectiveAIPatrolConfig] Load existing configuration file:$profile:ExpansionMod\Quests\Objectives\AIPatrol\Objective_AIP_1.json
SCRIPT       : [ExpansionQuestObjectiveAICampConfig] Load existing configuration file:$profile:ExpansionMod\Quests\Objectives\AICamp\Objective_AIC_1.json
SCRIPT       : [ExpansionQuestObjectiveAIEscortConfig] Load existing configuration file:$profile:ExpansionMod\Quests\Objectives\AIVIP\Objective_AIESCORT_1.json
SCRIPT       : [ExpansionQuestNPCData] Load existing configuration file:QuestNPC_1.json
SCRIPT       : [ExpansionQuestNPCData] Load existing configuration file:QuestNPC_2.json
SCRIPT       : [ExpansionQuestNPCData] Load existing configuration file:QuestNPC_3.json
