---------------------------------------------
Log C:\Program Files (x86)\Steam\steamapps\common\DayZServerAug2\config\script_2023-08-09_11-18-00.log started at 09.08. 11:18:00

SCRIPT       : Registered 397 temporary action enum(s), UAN==397
SCRIPT       : Registering faction type eAIFactionShamans ID -1484989417
SCRIPT       : Registering faction type eAIFactionObservers ID -563736721
SCRIPT       : Registering faction type eAIFactionInvincibleObservers ID -1227299746
SCRIPT       : Registering faction type eAIFactionEast ID 90522109
SCRIPT       : Registering faction type eAIFactionGuards ID 963933710
SCRIPT       : Registering faction type eAIFactionRaiders ID 1535276022
SCRIPT       : Registering faction type eAIFactionMercenaries ID 1629891834
SCRIPT       : Registering faction type eAIFactionWest ID 113880155
SCRIPT       : Registering faction type eAIFactionCivilian ID 1096178351
SCRIPT       : Registering faction type eAIFactionPassive ID -1159399789
SCRIPT       : Registering faction type eAIFactionInvincibleGuards ID 782746017
SCRIPT       : ... Backlit Effects Enabled
SCRIPT       : 11:18:01 [EXPANSION LOG]: DayZGame<e3ee5750> Start time (local time) 2023-08-09 11:17:57
SCRIPT       : 11:18:01 [EXPANSION LOG]: DayZGame<e3ee5750> Start time (UTC) 2023-08-09 16:17:57
SCRIPT       : 11:18:01 [EXPANSION LOG]: DayZGame<e3ee5750> Runtime since start (seconds) 4.305
SCRIPT    (W): @"JM/COT/Scripts/4_World/communityonlinetools\classes\webhook\jmwebhookdiscordmessage.c,19": Possible variable name conflict 'username'
SCRIPT    (W): @"JM/COT/Scripts/4_World/communityonlinetools\classes\webhook\jmwebhookdiscordmessage.c,19": Possible variable name conflict 'avatar_url'
SCRIPT    (W): @"JM/COT/Scripts/4_World/communityonlinetools\classes\webhook\jmwebhookdiscordmessage.c,19": Possible variable name conflict 'content'
SCRIPT    (W): @"JM/COT/Scripts/4_World/communityonlinetools\classes\webhook\jmwebhookdiscordmessage.c,151": Possible variable name conflict 'url'
SCRIPT    (W): @"JM/COT/Scripts/4_World/communityonlinetools\classes\webhook\jmwebhookdiscordmessage.c,172": Possible variable name conflict 'url'
SCRIPT    (W): @"JM/COT/Scripts/4_World/communityonlinetools\classes\webhook\jmwebhookdiscordmessage.c,180": Possible variable name conflict 'url'
SCRIPT       : Expansion version: 1.8.20
SCRIPT       : 11:18:16.062 [EXPANSION DEBUG]: [ExpansionDebugSettings] Load existing setting file:$profile:ExpansionMod\Settings\DebugSettings.json
SCRIPT       : 11:18:16.062 [EXPANSION DEBUG]: [ExpansionLogSettings] Load existing setting file:$profile:ExpansionMod\Settings\LogsSettings.json
SCRIPT       : 11:18:16.062 [EXPANSION DEBUG]: [ExpansionNotificationSettings] Load existing setting file:$profile:ExpansionMod\Settings\NotificationSettings.json
SCRIPT       : 11:18:16.062 [EXPANSION DEBUG]: [ExpansionMonitoringSettings] Load existing setting file:$profile:ExpansionMod\Settings\MonitoringSettings.json
SCRIPT       : 11:18:16.062 [EXPANSION DEBUG]: [ExpansionDamageSystemSettings] Load existing setting file:$profile:ExpansionMod\Settings\DamageSystemSettings.json
SCRIPT       : 11:18:16.062 [EXPANSION DEBUG]: [ExpansionPartySettings] Load existing setting file:$profile:ExpansionMod\Settings\PartySettings.json
SCRIPT       : 11:18:16.062 [EXPANSION DEBUG]: [ExpansionHardlineSettings] Load existing setting file:$mission:expansion\settings\HardlineSettings.json
SCRIPT       : 11:18:16.066 [EXPANSION DEBUG]: [ExpansionMarketSettings] Load existing setting file:$mission:expansion\settings\MarketSettings.json
SCRIPT       : ExpansionMarketSettings::LoadCategories - Adding category ID 1 (Ammo)
SCRIPT       : ExpansionMarketSettings::LoadCategories - Adding category ID 2 (Ammo_Boxes)
SCRIPT       : ExpansionMarketSettings::LoadCategories - Adding category ID 3 (Armbands)
SCRIPT       : ExpansionMarketSettings::LoadCategories - Adding category ID 4 (Assault_Rifles)
SCRIPT       : ExpansionMarketSettings::LoadCategories - Adding category ID 5 (Backpacks)
SCRIPT       : ExpansionMarketSettings::LoadCategories - Adding category ID 6 (Bandanas)
SCRIPT       : ExpansionMarketSettings::LoadCategories - Adding category ID 7 (Batteries)
SCRIPT       : ExpansionMarketSettings::LoadCategories - Adding category ID 8 (Bayonets)
SCRIPT       : ExpansionMarketSettings::LoadCategories - Adding category ID 9 (Belts)
SCRIPT       : ExpansionMarketSettings::LoadCategories - Adding category ID 10 (Blouses_And_Suits)
SCRIPT       : ExpansionMarketSettings::LoadCategories - Adding category ID 11 (Boats)
SCRIPT       : ExpansionMarketSettings::LoadCategories - Adding category ID 12 (Boots_And_Shoes)
SCRIPT       : ExpansionMarketSettings::LoadCategories - Adding category ID 13 (Buttstocks)
SCRIPT       : ExpansionMarketSettings::LoadCategories - Adding category ID 14 (Caps)
SCRIPT       : ExpansionMarketSettings::LoadCategories - Adding category ID 15 (Cars)
SCRIPT       : ExpansionMarketSettings::LoadCategories - Adding category ID 16 (Coats_And_Jackets)
SCRIPT       : ExpansionMarketSettings::LoadCategories - Adding category ID 17 (Containers)
SCRIPT       : ExpansionMarketSettings::LoadCategories - Adding category ID 18 (Crossbows)
SCRIPT       : ExpansionMarketSettings::LoadCategories - Adding category ID 19 (Drinks)
SCRIPT       : ExpansionMarketSettings::LoadCategories - Adding category ID 20 (Electronics)
SCRIPT       : ExpansionMarketSettings::LoadCategories - Adding category ID 21 (Event)
SCRIPT       : ExpansionMarketSettings::LoadCategories - Adding category ID 22 (Exchange)
SCRIPT       : ExpansionMarketSettings::LoadCategories - Adding category ID 23 (Explosives_And_Grenades)
SCRIPT       : ExpansionMarketSettings::LoadCategories - Adding category ID 24 (Eyewear)
SCRIPT       : ExpansionMarketSettings::LoadCategories - Adding category ID 25 (Fish)
SCRIPT       : ExpansionMarketSettings::LoadCategories - Adding category ID 26 (Fishing)
SCRIPT       : ExpansionMarketSettings::LoadCategories - Adding category ID 27 (Flags)
SCRIPT       : ExpansionMarketSettings::LoadCategories - Adding category ID 28 (Food)
SCRIPT       : ExpansionMarketSettings::LoadCategories - Adding category ID 29 (Fruit_And_Vegetables)
SCRIPT       : ExpansionMarketSettings::LoadCategories - Adding category ID 30 (Furnishings)
SCRIPT       : ExpansionMarketSettings::LoadCategories - Adding category ID 31 (Gardening)
SCRIPT       : ExpansionMarketSettings::LoadCategories - Adding category ID 32 (Ghillies)
SCRIPT       : ExpansionMarketSettings::LoadCategories - Adding category ID 33 (Gloves)
SCRIPT       : ExpansionMarketSettings::LoadCategories - Adding category ID 34 (Handguards)
SCRIPT       : ExpansionMarketSettings::LoadCategories - Adding category ID 35 (Hats_And_Hoods)
SCRIPT       : ExpansionMarketSettings::LoadCategories - Adding category ID 36 (Helicopters)
SCRIPT       : ExpansionMarketSettings::LoadCategories - Adding category ID 37 (Helmets)
SCRIPT       : ExpansionMarketSettings::LoadCategories - Adding category ID 38 (Holsters_And_Pouches)
SCRIPT       : ExpansionMarketSettings::LoadCategories - Adding category ID 39 (Kits)
SCRIPT       : ExpansionMarketSettings::LoadCategories - Adding category ID 40 (Knifes)
SCRIPT       : ExpansionMarketSettings::LoadCategories - Adding category ID 41 (Launchers)
SCRIPT       : ExpansionMarketSettings::LoadCategories - Adding category ID 42 (Lights)
SCRIPT       : ExpansionMarketSettings::LoadCategories - Adding category ID 43 (Liquids)
SCRIPT       : ExpansionMarketSettings::LoadCategories - Adding category ID 44 (Locks)
SCRIPT       : ExpansionMarketSettings::LoadCategories - Adding category ID 45 (Magazines)
SCRIPT       : ExpansionMarketSettings::LoadCategories - Adding category ID 46 (Masks)
SCRIPT       : ExpansionMarketSettings::LoadCategories - Adding category ID 47 (Meat)
SCRIPT       : ExpansionMarketSettings::LoadCategories - Adding category ID 48 (Medical)
SCRIPT       : ExpansionMarketSettings::LoadCategories - Adding category ID 49 (Melee_Weapons)
SCRIPT       : ExpansionMarketSettings::LoadCategories - Adding category ID 50 (Muzzles)
SCRIPT       : ExpansionMarketSettings::LoadCategories - Adding category ID 51 (Navigation)
SCRIPT       : ExpansionMarketSettings::LoadCategories - Adding category ID 52 (Optics)
SCRIPT       : ExpansionMarketSettings::LoadCategories - Adding category ID 53 (Pants_And_Shorts)
SCRIPT       : ExpansionMarketSettings::LoadCategories - Adding category ID 54 (Pistols)
SCRIPT       : ExpansionMarketSettings::LoadCategories - Adding category ID 55 (Rifles)
SCRIPT       : ExpansionMarketSettings::LoadCategories - Adding category ID 56 (Shirts_And_TShirts)
SCRIPT       : ExpansionMarketSettings::LoadCategories - Adding category ID 57 (Shotguns)
SCRIPT       : ExpansionMarketSettings::LoadCategories - Adding category ID 58 (Skirts_And_Dresses)
SCRIPT       : ExpansionMarketSettings::LoadCategories - Adding category ID 59 (Sniper_Rifles)
SCRIPT       : ExpansionMarketSettings::LoadCategories - Adding category ID 60 (Spraycans)
SCRIPT       : ExpansionMarketSettings::LoadCategories - Adding category ID 61 (Submachine_Guns)
SCRIPT       : ExpansionMarketSettings::LoadCategories - Adding category ID 62 (Supplies)
SCRIPT       : ExpansionMarketSettings::LoadCategories - Adding category ID 63 (Sweaters_And_Hoodies)
SCRIPT       : ExpansionMarketSettings::LoadCategories - Adding category ID 64 (Tents)
SCRIPT       : ExpansionMarketSettings::LoadCategories - Adding category ID 65 (Tools)
SCRIPT       : ExpansionMarketSettings::LoadCategories - Adding category ID 66 (Vehicle_Parts)
SCRIPT       : ExpansionMarketSettings::LoadCategories - Adding category ID 67 (Vests)
SCRIPT       : 11:18:16.191 [EXPANSION DEBUG]: [ExpansionAirdropSettings] Load existing setting file:$profile:ExpansionMod\Settings\AirdropSettings.json
SCRIPT       : 11:18:16.312 [EXPANSION DEBUG]: [ExpansionMissionSettings] Load existing setting file:$profile:ExpansionMod\Settings\MissionSettings.json
SCRIPT       : 11:18:16.312 [EXPANSION DEBUG]: [ExpansionMapSettings] Load existing setting file:$mission:expansion\settings\MapSettings.json
SCRIPT       : 11:18:16.324 [EXPANSION DEBUG]: [ExpansionPersonalStorageNewSettings] Load existing setting file:$profile:ExpansionMod\Settings\PersonalStorageNewSettings.json
SCRIPT       : 11:18:16.324 [EXPANSION DEBUG]: [ExpansionGeneralSettings] Load existing setting file:$profile:ExpansionMod\Settings\GeneralSettings.json
SCRIPT       : 11:18:16.328 [EXPANSION DEBUG]: [ExpansionPlayerListSettings] Load existing setting file:$profile:ExpansionMod\Settings\PlayerListSettings.json
SCRIPT       : 11:18:16.328 [EXPANSION DEBUG]: [ExpansionSocialMediaSettings] Load existing setting file:$profile:ExpansionMod\Settings\SocialMediaSettings.json
SCRIPT       : 11:18:16.328 [EXPANSION DEBUG]: [ExpansionSpawnSettings] Load existing setting file:$mission:expansion\settings\SpawnSettings.json
SCRIPT       : 11:18:16.328 [EXPANSION DEBUG]: [ExpansionVehicleSettings] Load existing setting file:$profile:ExpansionMod\Settings\VehicleSettings.json
SCRIPT       : 11:18:16.328 [EXPANSION DEBUG]: [ExpansionAISettings] Load existing setting file:$profile:ExpansionMod\Settings\AISettings.json
SCRIPT       : 11:18:16.328 [EXPANSION DEBUG]: [ExpansionAIPatrolSettings] Load existing setting file:$mission:expansion\settings\AIPatrolSettings.json
SCRIPT       : 11:18:16.335 [EXPANSION DEBUG]: [ExpansionBaseBuildingSettings] Load existing setting file:$mission:expansion\settings\BaseBuildingSettings.json
SCRIPT       : 11:18:16.335 [EXPANSION DEBUG]: [ExpansionRaidSettings] Load existing setting file:$profile:ExpansionMod\Settings\RaidSettings.json
SCRIPT       : 11:18:16.335 [EXPANSION DEBUG]: [ExpansionTerritorySettings] Load existing setting file:$profile:ExpansionMod\Settings\TerritorySettings.json
SCRIPT       : 11:18:16.339 [EXPANSION DEBUG]: [ExpansionChatSettings] Load existing setting file:$profile:ExpansionMod\Settings\ChatSettings.json
SCRIPT       : [DefineTest] EXPANSIONMOD is defined
SCRIPT       : [DefineTest] EXPANSIONMODAI is defined
SCRIPT       : [DefineTest] EXPANSIONMODANIMATIONS is defined
SCRIPT       : [DefineTest] EXPANSIONMODBASEBUILDING is defined
SCRIPT       : [DefineTest] EXPANSIONMODBOOK is defined
SCRIPT       : [DefineTest] EXPANSIONMODCHAT is defined
SCRIPT       : [DefineTest] EXPANSIONMODCORE is defined
SCRIPT       : [DefineTest] EXPANSIONMODGARAGE is defined
SCRIPT       : [DefineTest] EXPANSIONMODGROUPS is defined
SCRIPT       : [DefineTest] EXPANSIONMODHARDLINE is defined
SCRIPT       : [DefineTest] EXPANSIONMODKILLFEED is defined
SCRIPT       : [DefineTest] EXPANSIONMODMAPASSETS is defined
SCRIPT       : [DefineTest] EXPANSIONMODMARKET is defined
SCRIPT       : [DefineTest] EXPANSIONMODMISSIONS is defined
SCRIPT       : [DefineTest] EXPANSIONMODNAMETAGS is defined
SCRIPT       : [DefineTest] EXPANSIONMODNAVIGATION is defined
SCRIPT       : [DefineTest] EXPANSIONMODP2PMARKET is defined
SCRIPT       : [DefineTest] EXPANSIONMODPERSONALSTORAGE is defined
SCRIPT       : [DefineTest] EXPANSIONMODQUESTS is defined
SCRIPT       : [DefineTest] EXPANSIONMODSPAWNSELECTION is defined
SCRIPT       : [DefineTest] EXPANSIONMODVEHICLE is defined
SCRIPT       : [DefineTest] EXPANSIONMODWEAPONS is defined
SCRIPT       : [DefineTest] CfgMods:
SCRIPT       : defaultAction
SCRIPT       : DayZ
SCRIPT       : DZ_Expansion_AI_Preload
SCRIPT       : DZ_Expansion_Animations_Preload
SCRIPT       : DZ_Expansion_BaseBuilding_Preload
SCRIPT       : DZ_Expansion_Book_Preload
SCRIPT       : DZ_Expansion_Chat_Preload
SCRIPT       : DZ_Expansion_Core_Preload
SCRIPT       : DZ_Expansion_Garage_Preload
SCRIPT       : DZ_Expansion_Groups_Preload
SCRIPT       : DZ_Expansion_Hardline_Preload
SCRIPT       : DZ_Expansion_KillFeed_Preload
SCRIPT       : DZ_Expansion_MapAssets_Preload
SCRIPT       : DZ_Expansion_Market_Preload
SCRIPT       : DZ_Expansion_Missions_Preload
SCRIPT       : DZ_Expansion_ModStorage_Preload
SCRIPT       : DZ_Expansion_NameTags_Preload
SCRIPT       : DZ_Expansion_Navigation_Preload
SCRIPT       : DZ_Expansion_P2PMarket_Preload
SCRIPT       : DZ_Expansion_PersonalStorage_Preload
SCRIPT       : DZ_Expansion_Preload
SCRIPT       : DZ_Expansion_Quests_Preload
SCRIPT       : DZ_Expansion_SpawnSelection_Preload
SCRIPT       : DZ_Expansion_Vehicles_Preload
SCRIPT       : DZ_Expansion_Weapons_Preload
SCRIPT       : DZ_DabsFramework
SCRIPT       : DZ_Expansion_DefineTest
SCRIPT       : DZ_Expansion_MapAssets
SCRIPT       : bliss
SCRIPT       : JM_CommunityFramework
SCRIPT       : JM_CommunityOnlineTools
SCRIPT       : PvZmoD_CustomisableZombies
SCRIPT       : BoostZombiesVisionAddon
SCRIPT       : DZ_Expansion_ModStorage
SCRIPT       : DZ_Expansion_Core
SCRIPT       : DZ_Expansion_Garage
SCRIPT       : DZ_Expansion_Groups
SCRIPT       : DZ_Expansion_Market
SCRIPT       : DZ_Expansion_Missions
SCRIPT       : DZ_Expansion_NameTags
SCRIPT       : DZ_Expansion_Navigation
SCRIPT       : DZ_Expansion_NotificationScheduler
SCRIPT       : DZ_Expansion_P2PMarket
SCRIPT       : DZ_Expansion_PersonalStorage
SCRIPT       : DZ_Expansion_PersonalStorageNew
SCRIPT       : DZ_Expansion_PlayerList
SCRIPT       : DZ_Expansion
SCRIPT       : DZ_Expansion_SpawnSelection
SCRIPT       : DZ_Expansion_VanillaFixes
SCRIPT       : DZ_Expansion_Vehicles
SCRIPT       : DZ_Expansion_Weapons
SCRIPT       : DZ_Expansion_AI
SCRIPT       : DZ_Expansion_BaseBuilding
SCRIPT       : DZ_Expansion_Book
SCRIPT       : DZ_Expansion_Chat
SCRIPT       : DZ_Expansion_Hardline
SCRIPT       : DZ_Expansion_Quests
SCRIPT       : DZ_Expansion_VirtualContainerStorage
SCRIPT       : DayZ_Expansion_AI_Dynamic
SCRIPT       : 11:18:16.687 [EXPANSION DEBUG]: ModStorage v5
SCRIPT       : 11:18:19.433 [EXPANSION DEBUG]: ExpansionTraderJudy<ca24b010>::SetTraderObject ExpansionTraderObjectBase<ca1e30c0> <4973.928711, 9.510984, 2436.782959>
SCRIPT       : 11:18:19.433 [EXPANSION DEBUG]: LoadMissionTradersFile trader ExpansionTraderJudy<ca24b010> fileName Aircraft
SCRIPT       : 11:18:19.445 [EXPANSION DEBUG]: ExpansionTraderJose<b03aa730>::SetTraderObject ExpansionTraderObjectBase<ca4087a0> <14353.624023, 3.326771, 13229.217773>
SCRIPT       : 11:18:19.445 [EXPANSION DEBUG]: LoadMissionTradersFile trader ExpansionTraderJose<b03aa730> fileName Boats
SCRIPT       : 11:18:19.453 [EXPANSION DEBUG]: ExpansionTraderEva<ab98030>::SetTraderObject ExpansionTraderObjectBase<ca59dee0> <14378.793945, 3.325975, 13271.585938>
SCRIPT       : 11:18:19.453 [EXPANSION DEBUG]: LoadMissionTradersFile trader ExpansionTraderEva<ab98030> fileName Fishing
SCRIPT       : 11:18:19.460 [EXPANSION DEBUG]: ExpansionTraderLewis<ca695020>::SetTraderObject ExpansionTraderObjectBase<ca66f6c0> <1756.656372, 1.415564, 2027.359741>
SCRIPT       : 11:18:19.460 [EXPANSION DEBUG]: LoadMissionTradersFile trader ExpansionTraderLewis<ca695020> fileName Boats
SCRIPT       : 11:18:19.460 [EXPANSION DEBUG]: LoadMissionTradersFile trader ExpansionTraderStaticBase<a350e7d0> fileName Exchange
SCRIPT       : 11:18:19.480 [EXPANSION DEBUG]: ExpansionTraderDenis<ca654010>::SetTraderObject ExpansionTraderObjectBase<ca70fdc0> <3697.249512, 402.010010, 5977.625488>
SCRIPT       : 11:18:19.480 [EXPANSION DEBUG]: LoadMissionTradersFile trader ExpansionTraderDenis<ca654010> fileName Clothing
SCRIPT       : 11:18:19.496 [EXPANSION DEBUG]: ExpansionTraderMaria<ca811010>::SetTraderObject ExpansionTraderObjectBase<ca7c0cc0> <3696.455811, 402.010010, 5980.193359>
SCRIPT       : 11:18:19.496 [EXPANSION DEBUG]: LoadMissionTradersFile trader ExpansionTraderMaria<ca811010> fileName Clothing_Accessories
SCRIPT       : 11:18:19.511 [EXPANSION DEBUG]: ExpansionTraderQuinn<d3b01010>::SetTraderObject ExpansionTraderObjectBase<d3abf2c0> <3710.121826, 402.010010, 5976.164063>
SCRIPT       : 11:18:19.511 [EXPANSION DEBUG]: LoadMissionTradersFile trader ExpansionTraderQuinn<d3b01010> fileName Consumables
SCRIPT       : 11:18:19.527 [EXPANSION DEBUG]: ExpansionTraderNaomi<d3bdf810>::SetTraderObject ExpansionTraderObjectBase<d3bb0840> <3708.786865, 402.010010, 5974.589844>
SCRIPT       : 11:18:19.527 [EXPANSION DEBUG]: LoadMissionTradersFile trader ExpansionTraderNaomi<d3bdf810> fileName Weapons
SCRIPT       : 11:18:19.546 [EXPANSION DEBUG]: ExpansionTraderSeth<892d8b60>::SetTraderObject ExpansionTraderObjectBase<d3d00640> <3710.265137, 402.010010, 5973.340820>
SCRIPT       : 11:18:19.546 [EXPANSION DEBUG]: LoadMissionTradersFile trader ExpansionTraderSeth<892d8b60> fileName Attachments
SCRIPT       : 11:18:19.554 [EXPANSION DEBUG]: ExpansionTraderRolf<892d0f40>::SetTraderObject ExpansionTraderObjectBase<d3e82f30> <3698.172607, 402.010010, 5995.337402>
SCRIPT       : 11:18:19.554 [EXPANSION DEBUG]: LoadMissionTradersFile trader ExpansionTraderRolf<892d0f40> fileName Vehicles
SCRIPT       : 11:18:19.574 [EXPANSION DEBUG]: ExpansionTraderIndar<892ec1b0>::SetTraderObject ExpansionTraderObjectBase<d3f78ab0> <3714.531006, 402.138000, 5961.776367>
SCRIPT       : 11:18:19.574 [EXPANSION DEBUG]: LoadMissionTradersFile trader ExpansionTraderIndar<892ec1b0> fileName Components
SCRIPT       : 11:18:19.578 [EXPANSION DEBUG]: ExpansionTraderJudy<892effc0>::SetTraderObject ExpansionTraderObjectBase<d3f85670> <3729.029541, 402.651001, 5969.476563>
SCRIPT       : 11:18:19.578 [EXPANSION DEBUG]: LoadMissionTradersFile trader ExpansionTraderJudy<892effc0> fileName Medicals
SCRIPT       : 11:18:19.582 [EXPANSION DEBUG]: ExpansionTraderNaomi<892dc970>::SetTraderObject ExpansionTraderObjectBase<d4173450> <3690.062988, 402.100067, 6006.763672>
SCRIPT       : 11:18:19.582 [EXPANSION DEBUG]: LoadMissionTradersFile trader ExpansionTraderNaomi<892dc970> fileName Vehicle_Parts
SCRIPT       : 11:18:19.589 [EXPANSION DEBUG]: ExpansionTraderJose<892d4d50>::SetTraderObject ExpansionTraderObjectBase<d4178720> <3699.629883, 402.010010, 5993.970215>
SCRIPT       : 11:18:19.589 [EXPANSION DEBUG]: LoadMissionTradersFile trader ExpansionTraderJose<892d4d50> fileName Spraycans
SCRIPT       : 11:18:19.601 [EXPANSION DEBUG]: ExpansionTraderLinda<892f3dd0>::SetTraderObject ExpansionTraderObjectBase<d42b3560> <3674.669922, 406.760010, 5990.390137>
SCRIPT       : 11:18:19.601 [EXPANSION DEBUG]: LoadMissionTradersFile trader ExpansionTraderLinda<892f3dd0> fileName Special
SCRIPT       : 11:18:19.609 [EXPANSION DEBUG]: ExpansionTraderNiki<892f7be0>::SetTraderObject ExpansionTraderObjectBase<d4341db0> <3699.030029, 402.013000, 5973.439941>
SCRIPT       : 11:18:19.609 [EXPANSION DEBUG]: LoadMissionTradersFile trader ExpansionTraderNiki<892f7be0> fileName BuildingSupplies
SCRIPT       : 11:18:19.617 [EXPANSION DEBUG]: ExpansionTraderFrancis<892fb9f0>::SetTraderObject ExpansionTraderObjectBase<d4426140> <1153.964844, 6.463035, 2409.763184>
SCRIPT       : 11:18:19.617 [EXPANSION DEBUG]: LoadMissionTradersFile trader ExpansionTraderFrancis<892fb9f0> fileName Attachments
SCRIPT       : 11:18:19.625 [EXPANSION DEBUG]: ExpansionTraderKaito<892e0780>::SetTraderObject ExpansionTraderObjectBase<d4583860> <1117.021240, 5.495151, 2413.766357>
SCRIPT       : 11:18:19.625 [EXPANSION DEBUG]: LoadMissionTradersFile trader ExpansionTraderKaito<892e0780> fileName Components
SCRIPT       : 11:18:19.632 [EXPANSION DEBUG]: ExpansionTraderCyril<892ff800>::SetTraderObject ExpansionTraderObjectBase<d459fec0> <1136.987427, 5.908522, 2439.662598>
SCRIPT       : 11:18:19.632 [EXPANSION DEBUG]: LoadMissionTradersFile trader ExpansionTraderCyril<892ff800> fileName Clothing
SCRIPT       : 11:18:19.640 [EXPANSION DEBUG]: ExpansionTraderGuo<89303610>::SetTraderObject ExpansionTraderObjectBase<d46c4af0> <1133.974854, 5.909700, 2442.412598>
SCRIPT       : 11:18:19.640 [EXPANSION DEBUG]: LoadMissionTradersFile trader ExpansionTraderGuo<89303610> fileName Clothing_Accessories
SCRIPT       : 11:18:19.648 [EXPANSION DEBUG]: ExpansionTraderBoris<89307420>::SetTraderObject ExpansionTraderObjectBase<d47a0c50> <1123.468262, 15.349299, 2426.316162>
SCRIPT       : 11:18:19.648 [EXPANSION DEBUG]: LoadMissionTradersFile trader ExpansionTraderBoris<89307420> fileName Exchange
SCRIPT       : 11:18:19.652 [EXPANSION DEBUG]: ExpansionTraderLinda<d48c6c80>::SetTraderObject ExpansionTraderObjectBase<d47a56b0> <1135.892822, 5.908773, 2436.856689>
SCRIPT       : 11:18:19.652 [EXPANSION DEBUG]: LoadMissionTradersFile trader ExpansionTraderLinda<d48c6c80> fileName Consumables
SCRIPT       : 11:18:19.660 [EXPANSION DEBUG]: ExpansionTraderKeiko<d48c2e70>::SetTraderObject ExpansionTraderObjectBase<d88baff0> <1130.731689, 5.951744, 2438.009277>
SCRIPT       : 11:18:19.660 [EXPANSION DEBUG]: LoadMissionTradersFile trader ExpansionTraderKeiko<d48c2e70> fileName Medicals
SCRIPT       : 11:18:19.667 [EXPANSION DEBUG]: ExpansionTraderHelga<d48d26b0>::SetTraderObject ExpansionTraderObjectBase<d8975b10> <1141.654419, 5.906255, 2421.591309>
SCRIPT       : 11:18:19.667 [EXPANSION DEBUG]: LoadMissionTradersFile trader ExpansionTraderHelga<d48d26b0> fileName Special
SCRIPT       : 11:18:19.675 [EXPANSION DEBUG]: ExpansionTraderFrida<d48d64c0>::SetTraderObject ExpansionTraderObjectBase<d8a47b90> <1120.135132, 5.600746, 2417.465820>
SCRIPT       : 11:18:19.675 [EXPANSION DEBUG]: LoadMissionTradersFile trader ExpansionTraderFrida<d48d64c0> fileName Vehicles
SCRIPT       : 11:18:19.683 [EXPANSION DEBUG]: ExpansionTraderHassan<d48caa90>::SetTraderObject ExpansionTraderObjectBase<d8b090f0> <1123.977905, 5.639271, 2417.411865>
SCRIPT       : 11:18:19.683 [EXPANSION DEBUG]: LoadMissionTradersFile trader ExpansionTraderHassan<d48caa90> fileName Vehicle_Parts
SCRIPT       : 11:18:19.687 [EXPANSION DEBUG]: ExpansionTraderDenis<d48bf060>::SetTraderObject ExpansionTraderObjectBase<d8b0e6e0> <1156.719727, 6.513331, 2406.355225>
SCRIPT       : 11:18:19.687 [EXPANSION DEBUG]: LoadMissionTradersFile trader ExpansionTraderDenis<d48bf060> fileName Weapons
SCRIPT       : 11:18:19.691 [EXPANSION DEBUG]: ExpansionTraderGabi<d48e5d00>::SetTraderObject ExpansionTraderObjectBase<d8c3a680> <1135.689941, 5.900000, 2423.300049>
SCRIPT       : 11:18:19.691 [EXPANSION DEBUG]: LoadMissionTradersFile trader ExpansionTraderGabi<d48e5d00> fileName BuildingSupplies
SCRIPT       : 11:18:19.695 [EXPANSION DEBUG]: ExpansionTraderFrancis<d48da2d0>::SetTraderObject ExpansionTraderObjectBase<d8c404e0> <11835.901367, 140.617874, 12474.744141>
SCRIPT       : 11:18:19.695 [EXPANSION DEBUG]: LoadMissionTradersFile trader ExpansionTraderFrancis<d48da2d0> fileName Attachments
SCRIPT       : 11:18:19.699 [EXPANSION DEBUG]: ExpansionTraderLinda<d48e9b10>::SetTraderObject ExpansionTraderObjectBase<d8c44cc0> <11856.716797, 140.565109, 12461.438477>
SCRIPT       : 11:18:19.699 [EXPANSION DEBUG]: LoadMissionTradersFile trader ExpansionTraderLinda<d48e9b10> fileName Consumables
SCRIPT       : 11:18:19.699 [EXPANSION DEBUG]: ExpansionTraderCyril<d48ce8a0>::SetTraderObject ExpansionTraderObjectBase<d8c4ab70> <11855.000000, 140.605103, 12466.099609>
SCRIPT       : 11:18:19.699 [EXPANSION DEBUG]: LoadMissionTradersFile trader ExpansionTraderCyril<d48ce8a0> fileName Clothing
SCRIPT       : 11:18:19.703 [EXPANSION DEBUG]: ExpansionTraderGuo<d48ed920>::SetTraderObject ExpansionTraderObjectBase<d8d4cc50> <11855.200195, 140.605103, 12470.487305>
SCRIPT       : 11:18:19.703 [EXPANSION DEBUG]: LoadMissionTradersFile trader ExpansionTraderGuo<d48ed920> fileName Clothing_Accessories
SCRIPT       : 11:18:19.707 [EXPANSION DEBUG]: ExpansionTraderKaito<d48f1730>::SetTraderObject ExpansionTraderObjectBase<d8d510c0> <11849.400391, 140.605087, 12466.200195>
SCRIPT       : 11:18:19.707 [EXPANSION DEBUG]: LoadMissionTradersFile trader ExpansionTraderKaito<d48f1730> fileName Components
SCRIPT       : 11:18:19.707 [EXPANSION DEBUG]: ExpansionTraderBoris<d48f5540>::SetTraderObject ExpansionTraderObjectBase<d8d55f80> <11858.202148, 140.615112, 12463.234375>
SCRIPT       : 11:18:19.707 [EXPANSION DEBUG]: LoadMissionTradersFile trader ExpansionTraderBoris<d48f5540> fileName Exchange
SCRIPT       : 11:18:19.710 [EXPANSION DEBUG]: ExpansionTraderKeiko<d48f9350>::SetTraderObject ExpansionTraderObjectBase<d8d5adf0> <11853.218750, 140.605087, 12463.277344>
SCRIPT       : 11:18:19.710 [EXPANSION DEBUG]: LoadMissionTradersFile trader ExpansionTraderKeiko<d48f9350> fileName Medicals
SCRIPT       : 11:18:19.714 [EXPANSION DEBUG]: ExpansionTraderGabi<d48e1ef0>::SetTraderObject ExpansionTraderObjectBase<d8d61b00> <11833.200195, 140.605118, 12461.700195>
SCRIPT       : 11:18:19.714 [EXPANSION DEBUG]: LoadMissionTradersFile trader ExpansionTraderGabi<d48e1ef0> fileName Special
SCRIPT       : 11:18:19.722 [EXPANSION DEBUG]: ExpansionTraderElias<d48de0e0>::SetTraderObject ExpansionTraderObjectBase<d8e49140> <11877.799805, 140.134796, 12441.599609>
SCRIPT       : 11:18:19.722 [EXPANSION DEBUG]: LoadMissionTradersFile trader ExpansionTraderElias<d48de0e0> fileName Vehicles
SCRIPT       : 11:18:19.722 [EXPANSION DEBUG]: ExpansionTraderHassan<d8e81700>::SetTraderObject ExpansionTraderObjectBase<d8e4dd30> <11878.674805, 140.134796, 12424.302734>
SCRIPT       : 11:18:19.722 [EXPANSION DEBUG]: LoadMissionTradersFile trader ExpansionTraderHassan<d8e81700> fileName Vehicle_Parts
SCRIPT       : 11:18:19.726 [EXPANSION DEBUG]: ExpansionTraderDenis<d8e94d50>::SetTraderObject ExpansionTraderObjectBase<d8e53cd0> <11833.576172, 140.605072, 12469.492188>
SCRIPT       : 11:18:19.726 [EXPANSION DEBUG]: LoadMissionTradersFile trader ExpansionTraderDenis<d8e94d50> fileName Weapons
SCRIPT       : 11:18:19.730 [EXPANSION DEBUG]: ExpansionTraderLinda<d8e79ae0>::SetTraderObject ExpansionTraderObjectBase<d8f0fd00> <11852.194336, 140.660980, 12472.387695>
SCRIPT       : 11:18:19.730 [EXPANSION DEBUG]: LoadMissionTradersFile trader ExpansionTraderLinda<d8e79ae0> fileName BuildingSupplies
SCRIPT       : 11:18:19.738 [EXPANSION DEBUG]: ExpansionTraderManua<d8e85510>::SetTraderObject ExpansionTraderObjectBase<d8f2cc70> <11879.722656, 140.094788, 12435.959961>
SCRIPT       : 11:18:19.738 [EXPANSION DEBUG]: LoadMissionTradersFile trader ExpansionTraderManua<d8e85510> fileName Spraycans
SCRIPT       : 11:18:19.746 [EXPANSION DEBUG]: ExpansionTraderIrena<d8e7d8f0>::SetTraderObject ExpansionTraderObjectBase<d903f6c0> <12160.279297, 140.580765, 12689.783203>
SCRIPT       : 11:18:19.746 [EXPANSION DEBUG]: LoadMissionTradersFile trader ExpansionTraderIrena<d8e7d8f0> fileName Aircraft
SCRIPT       : [ExpansionQuestPersistentServerData] Load existing configuration file:$profile:ExpansionMod\Quests\PersistentServerData.json
SCRIPT       : [ExpansionQuestPersistentServerData] Load existing configuration file:$profile:ExpansionMod\Quests\PersistentServerData.json
SCRIPT       : [ExpansionQuestObjectiveTravelConfig] Load existing configuration file:$profile:ExpansionMod\Quests\Objectives\Travel\Objective_T_1.json
SCRIPT       : [ExpansionQuestObjectiveTravelConfig] Load existing configuration file:$profile:ExpansionMod\Quests\Objectives\Travel\Objective_T_2.json
SCRIPT       : [ExpansionQuestObjectiveTravelConfig] Load existing configuration file:$profile:ExpansionMod\Quests\Objectives\Travel\Objective_T_3.json
SCRIPT       : [ExpansionQuestObjectiveTravelConfig] Load existing configuration file:$profile:ExpansionMod\Quests\Objectives\Travel\Objective_T_4.json
SCRIPT       : [ExpansionQuestObjectiveTargetConfig] Load existing configuration file:$profile:ExpansionMod\Quests\Objectives\Target\Objective_TA_1.json
SCRIPT       : [ExpansionQuestObjectiveTargetConfig] Load existing configuration file:$profile:ExpansionMod\Quests\Objectives\Target\Objective_TA_2.json
SCRIPT       : [ExpansionQuestObjectiveTargetConfig] Load existing configuration file:$profile:ExpansionMod\Quests\Objectives\Target\Objective_TA_3.json
SCRIPT       : [ExpansionQuestObjectiveTargetConfig] Load existing configuration file:$profile:ExpansionMod\Quests\Objectives\Target\Objective_TA_4.json
SCRIPT       : [ExpansionQuestObjectiveDeliveryConfig] Load existing configuration file:$profile:ExpansionMod\Quests\Objectives\Delivery\Objective_D_1.json
SCRIPT       : [ExpansionQuestObjectiveDeliveryConfig] Load existing configuration file:$profile:ExpansionMod\Quests\Objectives\Delivery\Objective_D_2.json
SCRIPT       : [ExpansionQuestObjectiveCollectionConfig] Load existing configuration file:$profile:ExpansionMod\Quests\Objectives\Collection\Objective_C_1.json
SCRIPT       : [ExpansionQuestObjectiveCollectionConfig] Load existing configuration file:$profile:ExpansionMod\Quests\Objectives\Collection\Objective_C_2.json
SCRIPT       : [ExpansionQuestObjectiveCollectionConfig] Load existing configuration file:$profile:ExpansionMod\Quests\Objectives\Collection\Objective_C_3.json
SCRIPT       : [ExpansionQuestObjectiveTreasureHuntConfig] Load existing configuration file:$profile:ExpansionMod\Quests\Objectives\TreasureHunt\Objective_TH_1.json
SCRIPT       : [ExpansionQuestObjectiveActionConfig] Load existing configuration file:$profile:ExpansionMod\Quests\Objectives\Action\Objective_A_1.json
SCRIPT       : [ExpansionQuestObjectiveActionConfig] Load existing configuration file:$profile:ExpansionMod\Quests\Objectives\Action\Objective_A_2.json
SCRIPT       : [ExpansionQuestObjectiveCraftingConfig] Load existing configuration file:$profile:ExpansionMod\Quests\Objectives\Crafting\Objective_CR_1.json
SCRIPT       : [ExpansionQuestObjectiveAIPatrolConfig] Load existing configuration file:$profile:ExpansionMod\Quests\Objectives\AIPatrol\Objective_AIP_1.json
SCRIPT       : [ExpansionQuestObjectiveAICampConfig] Load existing configuration file:$profile:ExpansionMod\Quests\Objectives\AICamp\Objective_AIC_1.json
SCRIPT       : [ExpansionQuestObjectiveAIEscortConfig] Load existing configuration file:$profile:ExpansionMod\Quests\Objectives\AIVIP\Objective_AIESCORT_1.json
SCRIPT       : [ExpansionQuestNPCData] Load existing configuration file:QuestNPC_1.json
SCRIPT       : [ExpansionQuestNPCData] Load existing configuration file:QuestNPC_2.json
SCRIPT       : [ExpansionQuestNPCData] Load existing configuration file:QuestNPC_3.json
