---------------------------------------------
Log C:\Program Files (x86)\Steam\steamapps\common\DayZServerAug2\config\script_2023-08-14_17-46-05.log started at 14.08. 17:46:05

SCRIPT       : Registered 397 temporary action enum(s), UAN==397
SCRIPT       : Registering faction type eAIFactionShamans ID -1484989417
SCRIPT       : Registering faction type eAIFactionObservers ID -563736721
SCRIPT       : Registering faction type eAIFactionInvincibleObservers ID -1227299746
SCRIPT       : Registering faction type eAIFactionEast ID 90522109
SCRIPT       : Registering faction type eAIFactionGuards ID 963933710
SCRIPT       : Registering faction type eAIFactionRaiders ID 1535276022
SCRIPT       : Registering faction type eAIFactionMercenaries ID 1629891834
SCRIPT       : Registering faction type eAIFactionWest ID 113880155
SCRIPT       : Registering faction type eAIFactionCivilian ID 1096178351
SCRIPT       : Registering faction type eAIFactionPassive ID -1159399789
SCRIPT       : Registering faction type eAIFactionInvincibleGuards ID 782746017
SCRIPT       : ... Backlit Effects Enabled
SCRIPT       : 17:46:07 [EXPANSION LOG]: DayZGame<93e069f0> Start time (local time) 2023-08-14 17:46:03
SCRIPT       : 17:46:07 [EXPANSION LOG]: DayZGame<93e069f0> Start time (UTC) 2023-08-14 22:46:03
SCRIPT       : 17:46:07 [EXPANSION LOG]: DayZGame<93e069f0> Runtime since start (seconds) 4.844
SCRIPT    (W): @"JM/COT/Scripts/4_World/communityonlinetools\classes\webhook\jmwebhookdiscordmessage.c,19": Possible variable name conflict 'username'
SCRIPT    (W): @"JM/COT/Scripts/4_World/communityonlinetools\classes\webhook\jmwebhookdiscordmessage.c,19": Possible variable name conflict 'avatar_url'
SCRIPT    (W): @"JM/COT/Scripts/4_World/communityonlinetools\classes\webhook\jmwebhookdiscordmessage.c,19": Possible variable name conflict 'content'
SCRIPT    (W): @"JM/COT/Scripts/4_World/communityonlinetools\classes\webhook\jmwebhookdiscordmessage.c,151": Possible variable name conflict 'url'
SCRIPT    (W): @"JM/COT/Scripts/4_World/communityonlinetools\classes\webhook\jmwebhookdiscordmessage.c,172": Possible variable name conflict 'url'
SCRIPT    (W): @"JM/COT/Scripts/4_World/communityonlinetools\classes\webhook\jmwebhookdiscordmessage.c,180": Possible variable name conflict 'url'
SCRIPT       : 17:46:22.074 [EXPANSION DEBUG]: [ExpansionDebugSettings] Load existing setting file:$profile:ExpansionMod\Settings\DebugSettings.json
SCRIPT       : 17:46:22.074 [EXPANSION DEBUG]: [ExpansionLogSettings] Load existing setting file:$profile:ExpansionMod\Settings\LogsSettings.json
SCRIPT       : 17:46:22.085 [EXPANSION DEBUG]: [ExpansionNotificationSettings] Load existing setting file:$profile:ExpansionMod\Settings\NotificationSettings.json
SCRIPT       : 17:46:22.085 [EXPANSION DEBUG]: [ExpansionMonitoringSettings] Load existing setting file:$profile:ExpansionMod\Settings\MonitoringSettings.json
SCRIPT       : 17:46:22.085 [EXPANSION DEBUG]: [ExpansionDamageSystemSettings] Load existing setting file:$profile:ExpansionMod\Settings\DamageSystemSettings.json
SCRIPT       : 17:46:22.085 [EXPANSION DEBUG]: [ExpansionPartySettings] Load existing setting file:$profile:ExpansionMod\Settings\PartySettings.json
SCRIPT       : 17:46:22.085 [EXPANSION DEBUG]: [ExpansionHardlineSettings] Load existing setting file:$mission:expansion\settings\HardlineSettings.json
SCRIPT       : 17:46:22.089 [EXPANSION DEBUG]: [ExpansionMarketSettings] Load existing setting file:$mission:expansion\settings\MarketSettings.json
SCRIPT       : ExpansionMarketSettings::LoadCategories - Adding category ID 1 (Ammo)
SCRIPT       : ExpansionMarketSettings::LoadCategories - Adding category ID 2 (Ammo_Boxes)
SCRIPT       : ExpansionMarketSettings::LoadCategories - Adding category ID 3 (Armbands)
SCRIPT       : ExpansionMarketSettings::LoadCategories - Adding category ID 4 (Assault_Rifles)
SCRIPT       : ExpansionMarketSettings::LoadCategories - Adding category ID 5 (Backpacks)
SCRIPT       : ExpansionMarketSettings::LoadCategories - Adding category ID 6 (Bandanas)
SCRIPT       : ExpansionMarketSettings::LoadCategories - Adding category ID 7 (Batteries)
SCRIPT       : ExpansionMarketSettings::LoadCategories - Adding category ID 8 (Bayonets)
SCRIPT       : ExpansionMarketSettings::LoadCategories - Adding category ID 9 (Belts)
SCRIPT       : ExpansionMarketSettings::LoadCategories - Adding category ID 10 (Blouses_And_Suits)
SCRIPT       : ExpansionMarketSettings::LoadCategories - Adding category ID 11 (Boats)
SCRIPT       : ExpansionMarketSettings::LoadCategories - Adding category ID 12 (Boots_And_Shoes)
SCRIPT       : ExpansionMarketSettings::LoadCategories - Adding category ID 13 (Buttstocks)
SCRIPT       : ExpansionMarketSettings::LoadCategories - Adding category ID 14 (Caps)
SCRIPT       : ExpansionMarketSettings::LoadCategories - Adding category ID 15 (Cars)
SCRIPT       : ExpansionMarketSettings::LoadCategories - Adding category ID 16 (Coats_And_Jackets)
SCRIPT       : ExpansionMarketSettings::LoadCategories - Adding category ID 17 (Containers)
SCRIPT       : ExpansionMarketSettings::LoadCategories - Adding category ID 18 (Crossbows)
SCRIPT       : ExpansionMarketSettings::LoadCategories - Adding category ID 19 (Drinks)
SCRIPT       : ExpansionMarketSettings::LoadCategories - Adding category ID 20 (Electronics)
SCRIPT       : ExpansionMarketSettings::LoadCategories - Adding category ID 21 (Event)
SCRIPT       : ExpansionMarketSettings::LoadCategories - Adding category ID 22 (Exchange)
SCRIPT       : ExpansionMarketSettings::LoadCategories - Adding category ID 23 (Explosives_And_Grenades)
SCRIPT       : ExpansionMarketSettings::LoadCategories - Adding category ID 24 (Eyewear)
SCRIPT       : ExpansionMarketSettings::LoadCategories - Adding category ID 25 (Fish)
SCRIPT       : ExpansionMarketSettings::LoadCategories - Adding category ID 26 (Fishing)
SCRIPT       : ExpansionMarketSettings::LoadCategories - Adding category ID 27 (Flags)
SCRIPT       : ExpansionMarketSettings::LoadCategories - Adding category ID 28 (Food)
SCRIPT       : ExpansionMarketSettings::LoadCategories - Adding category ID 29 (Fruit_And_Vegetables)
SCRIPT       : ExpansionMarketSettings::LoadCategories - Adding category ID 30 (Furnishings)
SCRIPT       : ExpansionMarketSettings::LoadCategories - Adding category ID 31 (Gardening)
SCRIPT       : ExpansionMarketSettings::LoadCategories - Adding category ID 32 (Ghillies)
SCRIPT       : ExpansionMarketSettings::LoadCategories - Adding category ID 33 (Gloves)
SCRIPT       : ExpansionMarketSettings::LoadCategories - Adding category ID 34 (Handguards)
SCRIPT       : ExpansionMarketSettings::LoadCategories - Adding category ID 35 (Hats_And_Hoods)
SCRIPT       : ExpansionMarketSettings::LoadCategories - Adding category ID 36 (Helicopters)
SCRIPT       : ExpansionMarketSettings::LoadCategories - Adding category ID 37 (Helmets)
SCRIPT       : ExpansionMarketSettings::LoadCategories - Adding category ID 38 (Holsters_And_Pouches)
SCRIPT       : ExpansionMarketSettings::LoadCategories - Adding category ID 39 (Kits)
SCRIPT       : ExpansionMarketSettings::LoadCategories - Adding category ID 40 (Knifes)
SCRIPT       : ExpansionMarketSettings::LoadCategories - Adding category ID 41 (Launchers)
SCRIPT       : ExpansionMarketSettings::LoadCategories - Adding category ID 42 (Lights)
SCRIPT       : ExpansionMarketSettings::LoadCategories - Adding category ID 43 (Liquids)
SCRIPT       : ExpansionMarketSettings::LoadCategories - Adding category ID 44 (Locks)
SCRIPT       : ExpansionMarketSettings::LoadCategories - Adding category ID 45 (Magazines)
SCRIPT       : ExpansionMarketSettings::LoadCategories - Adding category ID 46 (Masks)
SCRIPT       : ExpansionMarketSettings::LoadCategories - Adding category ID 47 (Meat)
SCRIPT       : ExpansionMarketSettings::LoadCategories - Adding category ID 48 (Medical)
SCRIPT       : ExpansionMarketSettings::LoadCategories - Adding category ID 49 (Melee_Weapons)
SCRIPT       : ExpansionMarketSettings::LoadCategories - Adding category ID 50 (MMG_Armored_Helmet_Visor)
SCRIPT       : ExpansionMarketSettings::LoadCategories - Adding category ID 51 (MMG_BackPacks)
SCRIPT       : ExpansionMarketSettings::LoadCategories - Adding category ID 52 (MMG_Belts)
SCRIPT       : ExpansionMarketSettings::LoadCategories - Adding category ID 53 (MMG_Boots)
SCRIPT       : ExpansionMarketSettings::LoadCategories - Adding category ID 54 (MMG_Bottle)
SCRIPT       : ExpansionMarketSettings::LoadCategories - Adding category ID 55 (MMG_Carbine)
SCRIPT       : ExpansionMarketSettings::LoadCategories - Adding category ID 56 (MMG_Chest_Rigs)
SCRIPT       : ExpansionMarketSettings::LoadCategories - Adding category ID 57 (MMG_Facemask)
SCRIPT       : ExpansionMarketSettings::LoadCategories - Adding category ID 58 (MMG_Gloves)
SCRIPT       : ExpansionMarketSettings::LoadCategories - Adding category ID 59 (MMG_Goggles)
SCRIPT       : ExpansionMarketSettings::LoadCategories - Adding category ID 60 (MMG_Headphones)
SCRIPT       : ExpansionMarketSettings::LoadCategories - Adding category ID 61 (MMG_Holsters)
SCRIPT       : ExpansionMarketSettings::LoadCategories - Adding category ID 62 (MMG_NBC)
SCRIPT       : ExpansionMarketSettings::LoadCategories - Adding category ID 63 (MMG_Pants)
SCRIPT       : ExpansionMarketSettings::LoadCategories - Adding category ID 64 (MMG_Patches)
SCRIPT       : ExpansionMarketSettings::LoadCategories - Adding category ID 65 (MMG_Plate_Carriers)
SCRIPT       : ExpansionMarketSettings::LoadCategories - Adding category ID 66 (MMG_Pouches)
SCRIPT       : ExpansionMarketSettings::LoadCategories - Adding category ID 67 (MMG_Shirts)
SCRIPT       : ExpansionMarketSettings::LoadCategories - Adding category ID 68 (MMG_Sniper_Boonie)
SCRIPT       : ExpansionMarketSettings::LoadCategories - Adding category ID 69 (Muzzles)
SCRIPT       : ExpansionMarketSettings::LoadCategories - Adding category ID 70 (Navigation)
SCRIPT       : ExpansionMarketSettings::LoadCategories - Adding category ID 71 (Optics)
SCRIPT       : ExpansionMarketSettings::LoadCategories - Adding category ID 72 (Pants_And_Shorts)
SCRIPT       : ExpansionMarketSettings::LoadCategories - Adding category ID 73 (Pistols)
SCRIPT       : ExpansionMarketSettings::LoadCategories - Adding category ID 74 (Rifles)
SCRIPT       : ExpansionMarketSettings::LoadCategories - Adding category ID 75 (Shirts_And_TShirts)
SCRIPT       : ExpansionMarketSettings::LoadCategories - Adding category ID 76 (Shotguns)
SCRIPT       : ExpansionMarketSettings::LoadCategories - Adding category ID 77 (Skirts_And_Dresses)
SCRIPT       : ExpansionMarketSettings::LoadCategories - Adding category ID 78 (Sniper_Rifles)
SCRIPT       : ExpansionMarketSettings::LoadCategories - Adding category ID 79 (Spraycans)
SCRIPT       : ExpansionMarketSettings::LoadCategories - Adding category ID 80 (Submachine_Guns)
SCRIPT       : ExpansionMarketSettings::LoadCategories - Adding category ID 81 (Supplies)
SCRIPT       : ExpansionMarketSettings::LoadCategories - Adding category ID 82 (Sweaters_And_Hoodies)
SCRIPT       : ExpansionMarketSettings::LoadCategories - Adding category ID 83 (Tents)
SCRIPT       : ExpansionMarketSettings::LoadCategories - Adding category ID 84 (Tools)
SCRIPT       : ExpansionMarketSettings::LoadCategories - Adding category ID 85 (Vehicle_Parts)
SCRIPT       : ExpansionMarketSettings::LoadCategories - Adding category ID 86 (Vests)
SCRIPT       : 17:46:22.238 [EXPANSION DEBUG]: [ExpansionAirdropSettings] Load existing setting file:$profile:ExpansionMod\Settings\AirdropSettings.json
SCRIPT       : 17:46:22.359 [EXPANSION DEBUG]: [ExpansionMissionSettings] Load existing setting file:$profile:ExpansionMod\Settings\MissionSettings.json
SCRIPT       : 17:46:22.359 [EXPANSION DEBUG]: [ExpansionMapSettings] Load existing setting file:$mission:expansion\settings\MapSettings.json
SCRIPT       : 17:46:22.371 [EXPANSION DEBUG]: [ExpansionPersonalStorageNewSettings] Load existing setting file:$profile:ExpansionMod\Settings\PersonalStorageNewSettings.json
SCRIPT       : 17:46:22.371 [EXPANSION DEBUG]: [ExpansionGeneralSettings] Load existing setting file:$profile:ExpansionMod\Settings\GeneralSettings.json
SCRIPT       : 17:46:22.375 [EXPANSION DEBUG]: [ExpansionPlayerListSettings] Load existing setting file:$profile:ExpansionMod\Settings\PlayerListSettings.json
SCRIPT       : 17:46:22.375 [EXPANSION DEBUG]: [ExpansionSocialMediaSettings] Load existing setting file:$profile:ExpansionMod\Settings\SocialMediaSettings.json
SCRIPT       : 17:46:22.375 [EXPANSION DEBUG]: [ExpansionSpawnSettings] Load existing setting file:$mission:expansion\settings\SpawnSettings.json
SCRIPT       : 17:46:22.375 [EXPANSION DEBUG]: [ExpansionVehicleSettings] Load existing setting file:$profile:ExpansionMod\Settings\VehicleSettings.json
SCRIPT       : 17:46:22.378 [EXPANSION DEBUG]: [ExpansionAISettings] Load existing setting file:$profile:ExpansionMod\Settings\AISettings.json
SCRIPT       : 17:46:22.378 [EXPANSION DEBUG]: [ExpansionAIPatrolSettings] Load existing setting file:$mission:expansion\settings\AIPatrolSettings.json
SCRIPT       : 17:46:22.382 [EXPANSION DEBUG]: [ExpansionBaseBuildingSettings] Load existing setting file:$mission:expansion\settings\BaseBuildingSettings.json
SCRIPT       : 17:46:22.382 [EXPANSION DEBUG]: [ExpansionRaidSettings] Load existing setting file:$profile:ExpansionMod\Settings\RaidSettings.json
SCRIPT       : 17:46:22.382 [EXPANSION DEBUG]: [ExpansionTerritorySettings] Load existing setting file:$profile:ExpansionMod\Settings\TerritorySettings.json
SCRIPT       : 17:46:22.386 [EXPANSION DEBUG]: [ExpansionChatSettings] Load existing setting file:$profile:ExpansionMod\Settings\ChatSettings.json
SCRIPT       : Expansion version: 1.8.21
SCRIPT       : [DefineTest] EXPANSIONMOD is defined
SCRIPT       : [DefineTest] EXPANSIONMODAI is defined
SCRIPT       : [DefineTest] EXPANSIONMODANIMATIONS is defined
SCRIPT       : [DefineTest] EXPANSIONMODBASEBUILDING is defined
SCRIPT       : [DefineTest] EXPANSIONMODBOOK is defined
SCRIPT       : [DefineTest] EXPANSIONMODCHAT is defined
SCRIPT       : [DefineTest] EXPANSIONMODCORE is defined
SCRIPT       : [DefineTest] EXPANSIONMODGARAGE is defined
SCRIPT       : [DefineTest] EXPANSIONMODGROUPS is defined
SCRIPT       : [DefineTest] EXPANSIONMODHARDLINE is defined
SCRIPT       : [DefineTest] EXPANSIONMODKILLFEED is defined
SCRIPT       : [DefineTest] EXPANSIONMODMAPASSETS is defined
SCRIPT       : [DefineTest] EXPANSIONMODMARKET is defined
SCRIPT       : [DefineTest] EXPANSIONMODMISSIONS is defined
SCRIPT       : [DefineTest] EXPANSIONMODNAMETAGS is defined
SCRIPT       : [DefineTest] EXPANSIONMODNAVIGATION is defined
SCRIPT       : [DefineTest] EXPANSIONMODP2PMARKET is defined
SCRIPT       : [DefineTest] EXPANSIONMODPERSONALSTORAGE is defined
SCRIPT       : [DefineTest] EXPANSIONMODQUESTS is defined
SCRIPT       : [DefineTest] EXPANSIONMODSPAWNSELECTION is defined
SCRIPT       : [DefineTest] EXPANSIONMODVEHICLE is defined
SCRIPT       : [DefineTest] EXPANSIONMODWEAPONS is defined
SCRIPT       : [DefineTest] CfgMods:
SCRIPT       : defaultAction
SCRIPT       : DayZ
SCRIPT       : DZ_Expansion_AI_Preload
SCRIPT       : DZ_Expansion_Animations_Preload
SCRIPT       : DZ_Expansion_BaseBuilding_Preload
SCRIPT       : DZ_Expansion_Book_Preload
SCRIPT       : DZ_Expansion_Chat_Preload
SCRIPT       : DZ_Expansion_Core_Preload
SCRIPT       : DZ_Expansion_Garage_Preload
SCRIPT       : DZ_Expansion_Groups_Preload
SCRIPT       : DZ_Expansion_Hardline_Preload
SCRIPT       : DZ_Expansion_KillFeed_Preload
SCRIPT       : DZ_Expansion_MapAssets_Preload
SCRIPT       : DZ_Expansion_Market_Preload
SCRIPT       : DZ_Expansion_Missions_Preload
SCRIPT       : DZ_Expansion_ModStorage_Preload
SCRIPT       : DZ_Expansion_NameTags_Preload
SCRIPT       : DZ_Expansion_Navigation_Preload
SCRIPT       : DZ_Expansion_P2PMarket_Preload
SCRIPT       : DZ_Expansion_PersonalStorage_Preload
SCRIPT       : DZ_Expansion_Preload
SCRIPT       : DZ_Expansion_Quests_Preload
SCRIPT       : DZ_Expansion_SpawnSelection_Preload
SCRIPT       : DZ_Expansion_Vehicles_Preload
SCRIPT       : DZ_Expansion_Weapons_Preload
SCRIPT       : DZ_DabsFramework
SCRIPT       : DZ_Expansion_DefineTest
SCRIPT       : DZ_Expansion_MapAssets
SCRIPT       : bliss
SCRIPT       : JM_CommunityFramework
SCRIPT       : JM_CommunityOnlineTools
SCRIPT       : PvZmoD_CustomisableZombies
SCRIPT       : BoostZombiesVisionAddon
SCRIPT       : DZ_Editor_Loader
SCRIPT       : DZ_Expansion_ModStorage
SCRIPT       : DZ_Expansion_Core
SCRIPT       : DZ_Expansion_Garage
SCRIPT       : DZ_Expansion_Groups
SCRIPT       : DZ_Expansion_Market
SCRIPT       : DZ_Expansion_Missions
SCRIPT       : DZ_Expansion_NameTags
SCRIPT       : DZ_Expansion_Navigation
SCRIPT       : DZ_Expansion_NotificationScheduler
SCRIPT       : DZ_Expansion_P2PMarket
SCRIPT       : DZ_Expansion_PersonalStorage
SCRIPT       : DZ_Expansion_PersonalStorageNew
SCRIPT       : DZ_Expansion_PlayerList
SCRIPT       : DZ_Expansion
SCRIPT       : DZ_Expansion_SpawnSelection
SCRIPT       : DZ_Expansion_VanillaFixes
SCRIPT       : DZ_Expansion_Vehicles
SCRIPT       : DZ_Expansion_Weapons
SCRIPT       : jpc_vest
SCRIPT       : DZ_Expansion_AI
SCRIPT       : DZ_Expansion_BaseBuilding
SCRIPT       : DZ_Expansion_Book
SCRIPT       : DZ_Expansion_Chat
SCRIPT       : DZ_Expansion_Hardline
SCRIPT       : DZ_Expansion_Quests
SCRIPT       : DZ_Expansion_VirtualContainerStorage
SCRIPT       : DayZ_Expansion_AI_Dynamic
SCRIPT       : 17:46:22.914 [EXPANSION DEBUG]: ModStorage v5
SCRIPT       : 17:46:25.652 [EXPANSION DEBUG]: ExpansionTraderJudy<4fcbc020>::SetTraderObject ExpansionTraderObjectBase<c8e93e90> <4973.928711, 9.510984, 2436.782959>
SCRIPT       : 17:46:25.652 [EXPANSION DEBUG]: LoadMissionTradersFile trader ExpansionTraderJudy<4fcbc020> fileName Aircraft
SCRIPT       : 17:46:25.664 [EXPANSION DEBUG]: ExpansionTraderJose<aee9afe0>::SetTraderObject ExpansionTraderObjectBase<c9009850> <14353.624023, 3.326771, 13229.217773>
SCRIPT       : 17:46:25.664 [EXPANSION DEBUG]: LoadMissionTradersFile trader ExpansionTraderJose<aee9afe0> fileName Boats
SCRIPT       : 17:46:25.671 [EXPANSION DEBUG]: ExpansionTraderEva<6c46a2b0>::SetTraderObject ExpansionTraderObjectBase<c90cefc0> <14378.793945, 3.325975, 13271.585938>
SCRIPT       : 17:46:25.671 [EXPANSION DEBUG]: LoadMissionTradersFile trader ExpansionTraderEva<6c46a2b0> fileName Fishing
SCRIPT       : 17:46:25.679 [EXPANSION DEBUG]: ExpansionTraderLewis<98fa010>::SetTraderObject ExpansionTraderObjectBase<c91cb530> <1756.656372, 1.415564, 2027.359741>
SCRIPT       : 17:46:25.679 [EXPANSION DEBUG]: LoadMissionTradersFile trader ExpansionTraderLewis<98fa010> fileName Boats
SCRIPT       : 17:46:25.679 [EXPANSION DEBUG]: LoadMissionTradersFile trader ExpansionTraderStaticBase<ae21d0a0> fileName Exchange
SCRIPT       : 17:46:25.695 [EXPANSION DEBUG]: ExpansionTraderDenis<eb88a010>::SetTraderObject ExpansionTraderObjectBase<d4048f70> <3697.249512, 402.010010, 5977.625488>
SCRIPT       : 17:46:25.695 [EXPANSION DEBUG]: LoadMissionTradersFile trader ExpansionTraderDenis<eb88a010> fileName Clothing
SCRIPT       : 17:46:25.714 [EXPANSION DEBUG]: ExpansionTraderMaria<a09597f0>::SetTraderObject ExpansionTraderObjectBase<d42265e0> <3696.455811, 402.010010, 5980.193359>
SCRIPT       : 17:46:25.714 [EXPANSION DEBUG]: LoadMissionTradersFile trader ExpansionTraderMaria<a09597f0> fileName Clothing_Accessories
SCRIPT       : 17:46:25.726 [EXPANSION DEBUG]: ExpansionTraderQuinn<c8fe8010>::SetTraderObject ExpansionTraderObjectBase<d4313230> <3710.121826, 402.010010, 5976.164063>
SCRIPT       : 17:46:25.726 [EXPANSION DEBUG]: LoadMissionTradersFile trader ExpansionTraderQuinn<c8fe8010> fileName Consumables
SCRIPT       : 17:46:25.742 [EXPANSION DEBUG]: ExpansionTraderNaomi<d44be010>::SetTraderObject ExpansionTraderObjectBase<d44e6690> <3708.786865, 402.010010, 5974.589844>
SCRIPT       : 17:46:25.742 [EXPANSION DEBUG]: LoadMissionTradersFile trader ExpansionTraderNaomi<d44be010> fileName Weapons
SCRIPT       : 17:46:25.761 [EXPANSION DEBUG]: ExpansionTraderSeth<87620ab0>::SetTraderObject ExpansionTraderObjectBase<d46aaa30> <3710.265137, 402.010010, 5973.340820>
SCRIPT       : 17:46:25.761 [EXPANSION DEBUG]: LoadMissionTradersFile trader ExpansionTraderSeth<87620ab0> fileName Attachments
SCRIPT       : 17:46:25.773 [EXPANSION DEBUG]: ExpansionTraderRolf<87611270>::SetTraderObject ExpansionTraderObjectBase<d4891160> <3698.172607, 402.010010, 5995.337402>
SCRIPT       : 17:46:25.773 [EXPANSION DEBUG]: LoadMissionTradersFile trader ExpansionTraderRolf<87611270> fileName Vehicles
SCRIPT       : 17:46:25.792 [EXPANSION DEBUG]: ExpansionTraderIndar<876248c0>::SetTraderObject ExpansionTraderObjectBase<d4a521e0> <3714.531006, 402.138000, 5961.776367>
SCRIPT       : 17:46:25.792 [EXPANSION DEBUG]: LoadMissionTradersFile trader ExpansionTraderIndar<876248c0> fileName Components
SCRIPT       : 17:46:25.796 [EXPANSION DEBUG]: ExpansionTraderJudy<876302f0>::SetTraderObject ExpansionTraderObjectBase<d4a56dd0> <3729.029541, 402.651001, 5969.476563>
SCRIPT       : 17:46:25.796 [EXPANSION DEBUG]: LoadMissionTradersFile trader ExpansionTraderJudy<876302f0> fileName Medicals
SCRIPT       : 17:46:25.800 [EXPANSION DEBUG]: ExpansionTraderNaomi<87634100>::SetTraderObject ExpansionTraderObjectBase<d4a5e170> <3690.062988, 402.100067, 6006.763672>
SCRIPT       : 17:46:25.800 [EXPANSION DEBUG]: LoadMissionTradersFile trader ExpansionTraderNaomi<87634100> fileName Vehicle_Parts
SCRIPT       : 17:46:25.808 [EXPANSION DEBUG]: ExpansionTraderJose<87618e90>::SetTraderObject ExpansionTraderObjectBase<d4a63350> <3699.629883, 402.010010, 5993.970215>
SCRIPT       : 17:46:25.808 [EXPANSION DEBUG]: LoadMissionTradersFile trader ExpansionTraderJose<87618e90> fileName Spraycans
SCRIPT       : 17:46:25.816 [EXPANSION DEBUG]: ExpansionTraderLinda<87637f10>::SetTraderObject ExpansionTraderObjectBase<d4c9c4f0> <3674.669922, 406.760010, 5990.390137>
SCRIPT       : 17:46:25.816 [EXPANSION DEBUG]: LoadMissionTradersFile trader ExpansionTraderLinda<87637f10> fileName Special
SCRIPT       : 17:46:25.824 [EXPANSION DEBUG]: ExpansionTraderNiki<8761cca0>::SetTraderObject ExpansionTraderObjectBase<d4e56d80> <3699.030029, 402.013000, 5973.439941>
SCRIPT       : 17:46:25.824 [EXPANSION DEBUG]: LoadMissionTradersFile trader ExpansionTraderNiki<8761cca0> fileName BuildingSupplies
SCRIPT       : 17:46:25.828 [EXPANSION DEBUG]: ExpansionTraderNiki<8763bd20>::SetTraderObject ExpansionTraderObjectBase<d4e5d900> <3697.030029, 402.013000, 5973.439941>
SCRIPT       : 17:46:25.828 [EXPANSION DEBUG]: LoadMissionTradersFile trader ExpansionTraderNiki<8763bd20> fileName MMG
SCRIPT       : 17:46:25.835 [EXPANSION DEBUG]: ExpansionTraderFrancis<8763fb30>::SetTraderObject ExpansionTraderObjectBase<d4edcdb0> <1153.964844, 6.463035, 2409.763184>
SCRIPT       : 17:46:25.835 [EXPANSION DEBUG]: LoadMissionTradersFile trader ExpansionTraderFrancis<8763fb30> fileName Attachments
SCRIPT       : 17:46:25.843 [EXPANSION DEBUG]: ExpansionTraderKaito<8764b560>::SetTraderObject ExpansionTraderObjectBase<d96cbaa0> <1117.021240, 5.495151, 2413.766357>
SCRIPT       : 17:46:25.843 [EXPANSION DEBUG]: LoadMissionTradersFile trader ExpansionTraderKaito<8764b560> fileName Components
SCRIPT       : 17:46:25.851 [EXPANSION DEBUG]: ExpansionTraderCyril<87647750>::SetTraderObject ExpansionTraderObjectBase<d976d800> <1136.987427, 5.908522, 2439.662598>
SCRIPT       : 17:46:25.851 [EXPANSION DEBUG]: LoadMissionTradersFile trader ExpansionTraderCyril<87647750> fileName Clothing
SCRIPT       : 17:46:25.859 [EXPANSION DEBUG]: ExpansionTraderGuo<87643940>::SetTraderObject ExpansionTraderObjectBase<d97fc900> <1133.974854, 5.909700, 2442.412598>
SCRIPT       : 17:46:25.859 [EXPANSION DEBUG]: LoadMissionTradersFile trader ExpansionTraderGuo<87643940> fileName Clothing_Accessories
SCRIPT       : 17:46:25.867 [EXPANSION DEBUG]: ExpansionTraderBoris<d99314c0>::SetTraderObject ExpansionTraderObjectBase<d98b6600> <1123.468262, 15.349299, 2426.316162>
SCRIPT       : 17:46:25.867 [EXPANSION DEBUG]: LoadMissionTradersFile trader ExpansionTraderBoris<d99314c0> fileName Exchange
SCRIPT       : 17:46:25.871 [EXPANSION DEBUG]: ExpansionTraderLinda<d991de70>::SetTraderObject ExpansionTraderObjectBase<d98bb880> <1135.892822, 5.908773, 2436.856689>
SCRIPT       : 17:46:25.871 [EXPANSION DEBUG]: LoadMissionTradersFile trader ExpansionTraderLinda<d991de70> fileName Consumables
SCRIPT       : 17:46:25.878 [EXPANSION DEBUG]: ExpansionTraderKeiko<d9921c80>::SetTraderObject ExpansionTraderObjectBase<d99b39a0> <1130.731689, 5.951744, 2438.009277>
SCRIPT       : 17:46:25.878 [EXPANSION DEBUG]: LoadMissionTradersFile trader ExpansionTraderKeiko<d9921c80> fileName Medicals
SCRIPT       : 17:46:25.886 [EXPANSION DEBUG]: ExpansionTraderHelga<d992d6b0>::SetTraderObject ExpansionTraderObjectBase<d9ad1480> <1141.654419, 5.906255, 2421.591309>
SCRIPT       : 17:46:25.886 [EXPANSION DEBUG]: LoadMissionTradersFile trader ExpansionTraderHelga<d992d6b0> fileName Special
SCRIPT       : 17:46:25.894 [EXPANSION DEBUG]: ExpansionTraderFrida<d99298a0>::SetTraderObject ExpansionTraderObjectBase<d9b7b400> <1120.135132, 5.600746, 2417.465820>
SCRIPT       : 17:46:25.894 [EXPANSION DEBUG]: LoadMissionTradersFile trader ExpansionTraderFrida<d99298a0> fileName Vehicles
SCRIPT       : 17:46:25.898 [EXPANSION DEBUG]: ExpansionTraderHassan<d991a060>::SetTraderObject ExpansionTraderObjectBase<d9c5eb30> <1123.977905, 5.639271, 2417.411865>
SCRIPT       : 17:46:25.898 [EXPANSION DEBUG]: LoadMissionTradersFile trader ExpansionTraderHassan<d991a060> fileName Vehicle_Parts
SCRIPT       : 17:46:25.902 [EXPANSION DEBUG]: ExpansionTraderDenis<d99352d0>::SetTraderObject ExpansionTraderObjectBase<d9c62e10> <1156.719727, 6.513331, 2406.355225>
SCRIPT       : 17:46:25.902 [EXPANSION DEBUG]: LoadMissionTradersFile trader ExpansionTraderDenis<d99352d0> fileName Weapons
SCRIPT       : 17:46:25.910 [EXPANSION DEBUG]: ExpansionTraderGabi<d99390e0>::SetTraderObject ExpansionTraderObjectBase<d9dcea80> <1135.689941, 5.900000, 2423.300049>
SCRIPT       : 17:46:25.910 [EXPANSION DEBUG]: LoadMissionTradersFile trader ExpansionTraderGabi<d99390e0> fileName BuildingSupplies
SCRIPT       : 17:46:25.914 [EXPANSION DEBUG]: ExpansionTraderFrancis<d993cef0>::SetTraderObject ExpansionTraderObjectBase<d9dd3580> <11835.901367, 140.617874, 12474.744141>
SCRIPT       : 17:46:25.914 [EXPANSION DEBUG]: LoadMissionTradersFile trader ExpansionTraderFrancis<d993cef0> fileName Attachments
SCRIPT       : 17:46:25.914 [EXPANSION DEBUG]: ExpansionTraderLinda<d9940d00>::SetTraderObject ExpansionTraderObjectBase<d9dd7cc0> <11856.716797, 140.565109, 12461.438477>
SCRIPT       : 17:46:25.914 [EXPANSION DEBUG]: LoadMissionTradersFile trader ExpansionTraderLinda<d9940d00> fileName Consumables
SCRIPT       : 17:46:25.917 [EXPANSION DEBUG]: ExpansionTraderCyril<d9925a90>::SetTraderObject ExpansionTraderObjectBase<d9ddd530> <11855.000000, 140.605103, 12466.099609>
SCRIPT       : 17:46:25.917 [EXPANSION DEBUG]: LoadMissionTradersFile trader ExpansionTraderCyril<d9925a90> fileName Clothing
SCRIPT       : 17:46:25.921 [EXPANSION DEBUG]: ExpansionTraderGuo<d9948920>::SetTraderObject ExpansionTraderObjectBase<d9de2490> <11855.200195, 140.605103, 12470.487305>
SCRIPT       : 17:46:25.921 [EXPANSION DEBUG]: LoadMissionTradersFile trader ExpansionTraderGuo<d9948920> fileName Clothing_Accessories
SCRIPT       : 17:46:25.925 [EXPANSION DEBUG]: ExpansionTraderKaito<d994c730>::SetTraderObject ExpansionTraderObjectBase<d9de6a40> <11849.400391, 140.605087, 12466.200195>
SCRIPT       : 17:46:25.925 [EXPANSION DEBUG]: LoadMissionTradersFile trader ExpansionTraderKaito<d994c730> fileName Components
SCRIPT       : 17:46:25.925 [EXPANSION DEBUG]: ExpansionTraderBoris<d9944b10>::SetTraderObject ExpansionTraderObjectBase<d9dec120> <11858.202148, 140.615112, 12463.234375>
SCRIPT       : 17:46:25.925 [EXPANSION DEBUG]: LoadMissionTradersFile trader ExpansionTraderBoris<d9944b10> fileName Exchange
SCRIPT       : 17:46:25.929 [EXPANSION DEBUG]: ExpansionTraderKeiko<d9954350>::SetTraderObject ExpansionTraderObjectBase<d9ead360> <11853.218750, 140.605087, 12463.277344>
SCRIPT       : 17:46:25.929 [EXPANSION DEBUG]: LoadMissionTradersFile trader ExpansionTraderKeiko<d9954350> fileName Medicals
SCRIPT       : 17:46:25.929 [EXPANSION DEBUG]: ExpansionTraderGabi<d9950540>::SetTraderObject ExpansionTraderObjectBase<d9eb42f0> <11833.200195, 140.605118, 12461.700195>
SCRIPT       : 17:46:25.929 [EXPANSION DEBUG]: LoadMissionTradersFile trader ExpansionTraderGabi<d9950540> fileName Special
SCRIPT       : 17:46:25.941 [EXPANSION DEBUG]: ExpansionTraderElias<d9fe9c90>::SetTraderObject ExpansionTraderObjectBase<d9f83f00> <11877.799805, 140.134796, 12441.599609>
SCRIPT       : 17:46:25.941 [EXPANSION DEBUG]: LoadMissionTradersFile trader ExpansionTraderElias<d9fe9c90> fileName Vehicles
SCRIPT       : 17:46:25.941 [EXPANSION DEBUG]: ExpansionTraderHassan<d9fedaa0>::SetTraderObject ExpansionTraderObjectBase<d9f88280> <11878.674805, 140.134796, 12424.302734>
SCRIPT       : 17:46:25.941 [EXPANSION DEBUG]: LoadMissionTradersFile trader ExpansionTraderHassan<d9fedaa0> fileName Vehicle_Parts
SCRIPT       : 17:46:25.945 [EXPANSION DEBUG]: ExpansionTraderDenis<d9ffd2e0>::SetTraderObject ExpansionTraderObjectBase<d9f8d140> <11833.576172, 140.605072, 12469.492188>
SCRIPT       : 17:46:25.945 [EXPANSION DEBUG]: LoadMissionTradersFile trader ExpansionTraderDenis<d9ffd2e0> fileName Weapons
SCRIPT       : 17:46:25.949 [EXPANSION DEBUG]: ExpansionTraderLinda<d9ff94d0>::SetTraderObject ExpansionTraderObjectBase<d9f93540> <11852.194336, 140.660980, 12472.387695>
SCRIPT       : 17:46:25.949 [EXPANSION DEBUG]: LoadMissionTradersFile trader ExpansionTraderLinda<d9ff94d0> fileName BuildingSupplies
SCRIPT       : 17:46:25.953 [EXPANSION DEBUG]: ExpansionTraderManua<d9ff18b0>::SetTraderObject ExpansionTraderObjectBase<da0ad2f0> <11879.722656, 140.094788, 12435.959961>
SCRIPT       : 17:46:25.953 [EXPANSION DEBUG]: LoadMissionTradersFile trader ExpansionTraderManua<d9ff18b0> fileName Spraycans
SCRIPT       : 17:46:25.964 [EXPANSION DEBUG]: ExpansionTraderIrena<d9ff56c0>::SetTraderObject ExpansionTraderObjectBase<da16e1b0> <12160.279297, 140.580765, 12689.783203>
SCRIPT       : 17:46:25.964 [EXPANSION DEBUG]: LoadMissionTradersFile trader ExpansionTraderIrena<d9ff56c0> fileName Aircraft
SCRIPT       : [ExpansionQuestPersistentServerData] Load existing configuration file:$profile:ExpansionMod\Quests\PersistentServerData.json
SCRIPT       : [ExpansionQuestPersistentServerData] Load existing configuration file:$profile:ExpansionMod\Quests\PersistentServerData.json
SCRIPT       : [ExpansionQuestObjectiveTravelConfig] Load existing configuration file:$profile:ExpansionMod\Quests\Objectives\Travel\Objective_T_1.json
SCRIPT       : [ExpansionQuestObjectiveTravelConfig] Load existing configuration file:$profile:ExpansionMod\Quests\Objectives\Travel\Objective_T_2.json
SCRIPT       : [ExpansionQuestObjectiveTravelConfig] Load existing configuration file:$profile:ExpansionMod\Quests\Objectives\Travel\Objective_T_3.json
SCRIPT       : [ExpansionQuestObjectiveTravelConfig] Load existing configuration file:$profile:ExpansionMod\Quests\Objectives\Travel\Objective_T_4.json
SCRIPT       : [ExpansionQuestObjectiveTargetConfig] Load existing configuration file:$profile:ExpansionMod\Quests\Objectives\Target\Objective_TA_1.json
SCRIPT       : [ExpansionQuestObjectiveTargetConfig] Load existing configuration file:$profile:ExpansionMod\Quests\Objectives\Target\Objective_TA_2.json
SCRIPT       : [ExpansionQuestObjectiveTargetConfig] Load existing configuration file:$profile:ExpansionMod\Quests\Objectives\Target\Objective_TA_3.json
SCRIPT       : [ExpansionQuestObjectiveTargetConfig] Load existing configuration file:$profile:ExpansionMod\Quests\Objectives\Target\Objective_TA_4.json
SCRIPT       : [ExpansionQuestObjectiveDeliveryConfig] Load existing configuration file:$profile:ExpansionMod\Quests\Objectives\Delivery\Objective_D_1.json
SCRIPT       : [ExpansionQuestObjectiveDeliveryConfig] Load existing configuration file:$profile:ExpansionMod\Quests\Objectives\Delivery\Objective_D_2.json
SCRIPT       : [ExpansionQuestObjectiveCollectionConfig] Load existing configuration file:$profile:ExpansionMod\Quests\Objectives\Collection\1-Collection-Apples.json
SCRIPT       : [ExpansionQuestObjectiveCollectionConfig] Load existing configuration file:$profile:ExpansionMod\Quests\Objectives\Collection\2-Collection-Mackerel.json
SCRIPT       : [ExpansionQuestObjectiveCollectionConfig] Load existing configuration file:$profile:ExpansionMod\Quests\Objectives\Collection\3-Collection-BrownChickens.json
SCRIPT       : [ExpansionQuestObjectiveCollectionConfig] Load existing configuration file:$profile:ExpansionMod\Quests\Objectives\Collection\4-Collection-BearPelt.json
SCRIPT       : [ExpansionQuestObjectiveCollectionConfig] Load existing configuration file:$profile:ExpansionMod\Quests\Objectives\Collection\5-Collection-DeerPelt.json
SCRIPT       : [ExpansionQuestObjectiveCollectionConfig] Load existing configuration file:$profile:ExpansionMod\Quests\Objectives\Collection\6-Collection-AgaricusMushroom.json
SCRIPT       : [ExpansionQuestObjectiveCollectionConfig] Load existing configuration file:$profile:ExpansionMod\Quests\Objectives\Collection\Objective_C_1.json
SCRIPT       : [ExpansionQuestObjectiveCollectionConfig] Load existing configuration file:$profile:ExpansionMod\Quests\Objectives\Collection\Objective_C_2.json
SCRIPT       : [ExpansionQuestObjectiveCollectionConfig] Load existing configuration file:$profile:ExpansionMod\Quests\Objectives\Collection\Objective_C_3.json
SCRIPT       : [ExpansionQuestObjectiveTreasureHuntConfig] Load existing configuration file:$profile:ExpansionMod\Quests\Objectives\TreasureHunt\Objective_TH_1.json
SCRIPT       : [ExpansionQuestObjectiveActionConfig] Load existing configuration file:$profile:ExpansionMod\Quests\Objectives\Action\1-Medic.json
SCRIPT       : [ExpansionQuestObjectiveActionConfig] Load existing configuration file:$profile:ExpansionMod\Quests\Objectives\Action\10-Medic.json
SCRIPT       : [ExpansionQuestObjectiveActionConfig] Load existing configuration file:$profile:ExpansionMod\Quests\Objectives\Action\11-Medic.json
SCRIPT       : [ExpansionQuestObjectiveActionConfig] Load existing configuration file:$profile:ExpansionMod\Quests\Objectives\Action\12-Medic.json
SCRIPT       : [ExpansionQuestObjectiveActionConfig] Load existing configuration file:$profile:ExpansionMod\Quests\Objectives\Action\13-Medic.json
SCRIPT       : [ExpansionQuestObjectiveActionConfig] Load existing configuration file:$profile:ExpansionMod\Quests\Objectives\Action\14-Medic.json
SCRIPT       : [ExpansionQuestObjectiveActionConfig] Load existing configuration file:$profile:ExpansionMod\Quests\Objectives\Action\15-Medic.json
SCRIPT       : [ExpansionQuestObjectiveActionConfig] Load existing configuration file:$profile:ExpansionMod\Quests\Objectives\Action\16-Medic.json
SCRIPT       : [ExpansionQuestObjectiveActionConfig] Load existing configuration file:$profile:ExpansionMod\Quests\Objectives\Action\17-Medic.json
SCRIPT       : [ExpansionQuestObjectiveActionConfig] Load existing configuration file:$profile:ExpansionMod\Quests\Objectives\Action\18-Horticulture.json
SCRIPT       : [ExpansionQuestObjectiveActionConfig] Load existing configuration file:$profile:ExpansionMod\Quests\Objectives\Action\19-Horticulture.json
SCRIPT       : [ExpansionQuestObjectiveActionConfig] Load existing configuration file:$profile:ExpansionMod\Quests\Objectives\Action\2-Medic.json
SCRIPT       : [ExpansionQuestObjectiveActionConfig] Load existing configuration file:$profile:ExpansionMod\Quests\Objectives\Action\20-Horticulture.json
SCRIPT       : [ExpansionQuestObjectiveActionConfig] Load existing configuration file:$profile:ExpansionMod\Quests\Objectives\Action\21-Horticulture.json
SCRIPT       : [ExpansionQuestObjectiveActionConfig] Load existing configuration file:$profile:ExpansionMod\Quests\Objectives\Action\22-Horticulture.json
SCRIPT       : [ExpansionQuestObjectiveActionConfig] Load existing configuration file:$profile:ExpansionMod\Quests\Objectives\Action\23-Horticulture.json
SCRIPT       : [ExpansionQuestObjectiveActionConfig] Load existing configuration file:$profile:ExpansionMod\Quests\Objectives\Action\24-Horticulture.json
SCRIPT       : [ExpansionQuestObjectiveActionConfig] Load existing configuration file:$profile:ExpansionMod\Quests\Objectives\Action\3-Medic.json
SCRIPT       : [ExpansionQuestObjectiveActionConfig] Load existing configuration file:$profile:ExpansionMod\Quests\Objectives\Action\4-Medic.json
SCRIPT       : [ExpansionQuestObjectiveActionConfig] Load existing configuration file:$profile:ExpansionMod\Quests\Objectives\Action\5-Medic.json
SCRIPT       : [ExpansionQuestObjectiveActionConfig] Load existing configuration file:$profile:ExpansionMod\Quests\Objectives\Action\6-Medic.json
SCRIPT       : [ExpansionQuestObjectiveActionConfig] Load existing configuration file:$profile:ExpansionMod\Quests\Objectives\Action\7-Medic.json
SCRIPT       : [ExpansionQuestObjectiveActionConfig] Load existing configuration file:$profile:ExpansionMod\Quests\Objectives\Action\8-Medic.json
SCRIPT       : [ExpansionQuestObjectiveActionConfig] Load existing configuration file:$profile:ExpansionMod\Quests\Objectives\Action\9-Medic.json
SCRIPT       : [ExpansionQuestObjectiveActionConfig] Load existing configuration file:$profile:ExpansionMod\Quests\Objectives\Action\Objective_A_1.json
SCRIPT       : [ExpansionQuestObjectiveActionConfig] Load existing configuration file:$profile:ExpansionMod\Quests\Objectives\Action\Objective_A_2.json
SCRIPT       : [ExpansionQuestObjectiveCraftingConfig] Load existing configuration file:$profile:ExpansionMod\Quests\Objectives\Crafting\1-Crafting-FishingRod.json
SCRIPT       : [ExpansionQuestObjectiveCraftingConfig] Load existing configuration file:$profile:ExpansionMod\Quests\Objectives\Crafting\Objective_CR_1.json
SCRIPT       : [ExpansionQuestObjectiveAIPatrolConfig] Load existing configuration file:$profile:ExpansionMod\Quests\Objectives\AIPatrol\Objective_AIP_1.json
SCRIPT       : [ExpansionQuestObjectiveAICampConfig] Load existing configuration file:$profile:ExpansionMod\Quests\Objectives\AICamp\Objective_AIC_1.json
SCRIPT       : [ExpansionQuestObjectiveAIEscortConfig] Load existing configuration file:$profile:ExpansionMod\Quests\Objectives\AIVIP\1-VIP.json
SCRIPT       : [ExpansionQuestObjectiveAIEscortConfig] Load existing configuration file:$profile:ExpansionMod\Quests\Objectives\AIVIP\2-VIP.json
SCRIPT       : [ExpansionQuestObjectiveAIEscortConfig] Load existing configuration file:$profile:ExpansionMod\Quests\Objectives\AIVIP\Objective_AIESCORT_1.json
SCRIPT       : [ExpansionQuestNPCData] Load existing configuration file:QuestNPC_1.json
SCRIPT       : [ExpansionQuestNPCData] Load existing configuration file:QuestNPC_2.json
SCRIPT       : [ExpansionQuestNPCData] Load existing configuration file:QuestNPC_3.json
SCRIPT       : [ExpansionQuestNPCData] Load existing configuration file:QuestNPC_5.json
SCRIPT       : [EditorLoader] File found: $mission:\EditorFiles\TraderStorage.dze
SCRIPT       : [EditorLoader] Loaded files in 0.001s
SCRIPT       : [EditorLoader] 6 total objects created
SCRIPT       : [EditorLoader] 0 total objects deleted
SCRIPT       : [EditorLoader] Deleted & Created all objects in 0.023s
SCRIPT       : ExpansionMarketItem marketItem = ExpansionMarketItem<b602c1c0>
SCRIPT       : int worth =   1
SCRIPT       : 17:46:41.949 [EXPANSION DEBUG]: ExpansionP2PTraderAIIrena<5d102010>::SetP2PTraderID - ID: 1
SCRIPT       : ExpansionZonePolygon<5c68a4c0> position=<12015.854492, 0.000000, 12591.097656> radius=419.633
SCRIPT       : ExpansionZoneCircle<61b28cd0> position=<1143.140015, 0.000000, 2423.270020> radius=400
SCRIPT       : ExpansionZoneCircle<61b20cf0> position=<3728.270020, 0.000000, 6003.600098> radius=400
SCRIPT       : Found 3 zones!
SCRIPT       : 17:46:42.000 [EXPANSION DEBUG]: ExpansionQuestNPCAIDenis<635c0650>::OnEnterSafeZone
SCRIPT       : bool m_Expansion_LeavingSafeZone = 0
SCRIPT       : bool m_Expansion_IsInSafeZone = 0
SCRIPT       : bool m_Expansion_IsInSafeZoneSynchRemote = 0
SCRIPT       : 17:46:42.000 [EXPANSION DEBUG]: ExpansionP2PTraderAIIrena<5d102010>::OnEnterSafeZone
SCRIPT       : bool m_Expansion_LeavingSafeZone = 0
SCRIPT       : bool m_Expansion_IsInSafeZone = 0
SCRIPT       : bool m_Expansion_IsInSafeZoneSynchRemote = 0
SCRIPT       : 17:46:42.464 [EXPANSION DEBUG]: ExpansionItemSpawnHelper::Clone - created Aug:031243 at location { type=HANDS item=Aug:031217 parent=ExpansionQuestNPCAIDenis:045 }
SCRIPT       : 17:46:42.468 [EXPANSION DEBUG]: ExpansionItemSpawnHelper::Clone - created Mag_Aug_30Rnd:031244 at location { type=ATTACHMENT item=null parent=Aug:031243 slot=magazine }
SCRIPT       : [emote] ExpansionQuestNPCAIDenis:045 play emote id=46 IH=Aug:031243
SCRIPT       : [emote] ExpansionP2PTraderAIIrena:044 play emote id=46 IH=null
SCRIPT       : 17:46:44.343 [EXPANSION DEBUG]: ExpansionItemSpawnHelper::Clone - created Ruger1022:031218 at location { type=HANDS item=Ruger1022:031232 parent=ExpansionQuestNPCAIElias:046 }
SCRIPT       : 17:46:44.347 [EXPANSION DEBUG]: ExpansionItemSpawnHelper::Clone - created Mag_Ruger1022_15Rnd:031217 at location { type=ATTACHMENT item=null parent=Ruger1022:031218 slot=magazine }
SCRIPT       : [emote] ExpansionQuestNPCAIElias:046 play emote id=14 IH=Ruger1022:031218
SCRIPT       : 17:47:36.484 [EXPANSION DEBUG]: ExpansionHardlineModule<ad031bf0> ::LoadPlayerData - Loaded player hardline data for player Blorpus9000[3I2KPiMwtNrbRzLe964-q3OrI2Ligr9LBcsFxmVIl3Q=]
SCRIPT       : ---- PlayerBase OnStoreLoad SUCCESS ----
SCRIPT       : 17:47:51.277 [EXPANSION DEBUG]: SurvivorBase<5d6ba400>::OnEnterSafeZone
SCRIPT       : bool m_Expansion_LeavingSafeZone = 0
SCRIPT       : bool m_Expansion_IsInSafeZone = 0
SCRIPT       : bool m_Expansion_IsInSafeZoneSynchRemote = 0
SCRIPT       : [EditorLoader] Sent Deleted objects in 0s
SCRIPT       : 17:47:51.281 [EXPANSION DEBUG]: ExpansionPartyData<d4f0a5b0>::OnJoin party Blorpus (ID 0) player Blorpus9000 (ID 3I2KPiMwtNrbRzLe964-q3OrI2Ligr9LBcsFxmVIl3Q=)
SCRIPT       : 17:47:51.300 [EXPANSION DEBUG]: ExpansionQuestModule<b01095e0> Sending 59 quest configs to client with UID: 3I2KPiMwtNrbRzLe964-q3OrI2Ligr9LBcsFxmVIl3Q=
SCRIPT       : 17:47:51.300 [EXPANSION DEBUG]: ExpansionQuestModule<b01095e0> Sending player quest data for 29 quests to player with UID: 3I2KPiMwtNrbRzLe964-q3OrI2Ligr9LBcsFxmVIl3Q=
SCRIPT       : 17:47:53.402 [EXPANSION DEBUG]: ExpansionItemSpawnHelper::Clone - created FAMAS:031340 at location { type=HANDS item=FAMAS:031325 parent=eAI_SurvivorF_Eva:050 }
SCRIPT       : 17:47:53.402 [EXPANSION DEBUG]: ExpansionItemSpawnHelper::Clone - created Mag_FAMAS_25Rnd:031341 at location { type=ATTACHMENT item=null parent=FAMAS:031340 slot=magazine }
SCRIPT       : 17:47:53.437 [EXPANSION DEBUG]: ExpansionItemSpawnHelper::Clone - created Scout:031326 at location { type=HANDS item=Scout:031300 parent=eAI_SurvivorF_Helga:048 }
SCRIPT       : 17:47:53.437 [EXPANSION DEBUG]: ExpansionItemSpawnHelper::Clone - created Mag_Scout_5Rnd:031325 at location { type=ATTACHMENT item=null parent=Scout:031326 slot=magazine }
SCRIPT       : 17:47:53.531 [EXPANSION DEBUG]: ExpansionItemSpawnHelper::Clone - created Aug:031301 at location { type=HANDS item=Aug:031312 parent=eAI_SurvivorM_Jose:049 }
SCRIPT       : 17:47:53.535 [EXPANSION DEBUG]: ExpansionItemSpawnHelper::Clone - created Mag_Aug_30Rnd:031300 at location { type=ATTACHMENT item=null parent=Aug:031301 slot=magazine }
SCRIPT       : [Logout]: New player 3I2KPiMwtNrbRzLe964-q3OrI2Ligr9LBcsFxmVIl3Q= with logout time 3
SCRIPT       : [emote] SurvivorM_Quinn:047 play emote id=14 IH=AK74:031233
SCRIPT       : 17:48:08.179 [EXPANSION DEBUG]: ExpansionPartyData<d4f0a5b0>::OnLeave party Blorpus (ID 0) player Blorpus9000 (ID 3I2KPiMwtNrbRzLe964-q3OrI2Ligr9LBcsFxmVIl3Q=)
SCRIPT       : 17:48:08.179 [EXPANSION DEBUG]: ExpansionQuestPersistentData<85524f80> ~ExpansionQuestPersistentData (29)
SCRIPT       : [Logout]: Player 3I2KPiMwtNrbRzLe964-q3OrI2Ligr9LBcsFxmVIl3Q= finished
