---------------------------------------------
Log C:\Program Files (x86)\Steam\steamapps\common\DayZServerAug2\config\script_2023-08-14_16-45-07.log started at 14.08. 16:45:07

SCRIPT       : Registered 397 temporary action enum(s), UAN==397
SCRIPT       : Registering faction type eAIFactionShamans ID -1484989417
SCRIPT       : Registering faction type eAIFactionObservers ID -563736721
SCRIPT       : Registering faction type eAIFactionInvincibleObservers ID -1227299746
SCRIPT       : Registering faction type eAIFactionEast ID 90522109
SCRIPT       : Registering faction type eAIFactionGuards ID 963933710
SCRIPT       : Registering faction type eAIFactionRaiders ID 1535276022
SCRIPT       : Registering faction type eAIFactionMercenaries ID 1629891834
SCRIPT       : Registering faction type eAIFactionWest ID 113880155
SCRIPT       : Registering faction type eAIFactionCivilian ID 1096178351
SCRIPT       : Registering faction type eAIFactionPassive ID -1159399789
SCRIPT       : Registering faction type eAIFactionInvincibleGuards ID 782746017
SCRIPT       : ... Backlit Effects Enabled
SCRIPT       : 16:45:08 [EXPANSION LOG]: DayZGame<6b626230> Start time (local time) 2023-08-14 16:45:04
SCRIPT       : 16:45:08 [EXPANSION LOG]: DayZGame<6b626230> Start time (UTC) 2023-08-14 21:45:04
SCRIPT       : 16:45:08 [EXPANSION LOG]: DayZGame<6b626230> Runtime since start (seconds) 4.548
SCRIPT    (W): @"JM/COT/Scripts/4_World/communityonlinetools\classes\webhook\jmwebhookdiscordmessage.c,19": Possible variable name conflict 'username'
SCRIPT    (W): @"JM/COT/Scripts/4_World/communityonlinetools\classes\webhook\jmwebhookdiscordmessage.c,19": Possible variable name conflict 'avatar_url'
SCRIPT    (W): @"JM/COT/Scripts/4_World/communityonlinetools\classes\webhook\jmwebhookdiscordmessage.c,19": Possible variable name conflict 'content'
SCRIPT    (W): @"JM/COT/Scripts/4_World/communityonlinetools\classes\webhook\jmwebhookdiscordmessage.c,151": Possible variable name conflict 'url'
SCRIPT    (W): @"JM/COT/Scripts/4_World/communityonlinetools\classes\webhook\jmwebhookdiscordmessage.c,172": Possible variable name conflict 'url'
SCRIPT    (W): @"JM/COT/Scripts/4_World/communityonlinetools\classes\webhook\jmwebhookdiscordmessage.c,180": Possible variable name conflict 'url'
SCRIPT       : 16:45:22.531 [EXPANSION DEBUG]: [ExpansionDebugSettings] Load existing setting file:$profile:ExpansionMod\Settings\DebugSettings.json
SCRIPT       : 16:45:22.531 [EXPANSION DEBUG]: [ExpansionLogSettings] Load existing setting file:$profile:ExpansionMod\Settings\LogsSettings.json
SCRIPT       : 16:45:22.539 [EXPANSION DEBUG]: [ExpansionNotificationSettings] Load existing setting file:$profile:ExpansionMod\Settings\NotificationSettings.json
SCRIPT       : 16:45:22.539 [EXPANSION DEBUG]: [ExpansionMonitoringSettings] Load existing setting file:$profile:ExpansionMod\Settings\MonitoringSettings.json
SCRIPT       : 16:45:22.542 [EXPANSION DEBUG]: [ExpansionDamageSystemSettings] Load existing setting file:$profile:ExpansionMod\Settings\DamageSystemSettings.json
SCRIPT       : 16:45:22.542 [EXPANSION DEBUG]: [ExpansionPartySettings] Load existing setting file:$profile:ExpansionMod\Settings\PartySettings.json
SCRIPT       : 16:45:22.542 [EXPANSION DEBUG]: [ExpansionHardlineSettings] Load existing setting file:$mission:expansion\settings\HardlineSettings.json
SCRIPT       : 16:45:22.546 [EXPANSION DEBUG]: [ExpansionMarketSettings] Load existing setting file:$mission:expansion\settings\MarketSettings.json
SCRIPT       : ExpansionMarketSettings::LoadCategories - Adding category ID 1 (Ammo)
SCRIPT       : ExpansionMarketSettings::LoadCategories - Adding category ID 2 (Ammo_Boxes)
SCRIPT       : ExpansionMarketSettings::LoadCategories - Adding category ID 3 (Armbands)
SCRIPT       : ExpansionMarketSettings::LoadCategories - Adding category ID 4 (Assault_Rifles)
SCRIPT       : ExpansionMarketSettings::LoadCategories - Adding category ID 5 (Backpacks)
SCRIPT       : ExpansionMarketSettings::LoadCategories - Adding category ID 6 (Bandanas)
SCRIPT       : ExpansionMarketSettings::LoadCategories - Adding category ID 7 (Batteries)
SCRIPT       : ExpansionMarketSettings::LoadCategories - Adding category ID 8 (Bayonets)
SCRIPT       : ExpansionMarketSettings::LoadCategories - Adding category ID 9 (Belts)
SCRIPT       : ExpansionMarketSettings::LoadCategories - Adding category ID 10 (Blouses_And_Suits)
SCRIPT       : ExpansionMarketSettings::LoadCategories - Adding category ID 11 (Boats)
SCRIPT       : ExpansionMarketSettings::LoadCategories - Adding category ID 12 (Boots_And_Shoes)
SCRIPT       : ExpansionMarketSettings::LoadCategories - Adding category ID 13 (Buttstocks)
SCRIPT       : ExpansionMarketSettings::LoadCategories - Adding category ID 14 (Caps)
SCRIPT       : ExpansionMarketSettings::LoadCategories - Adding category ID 15 (Cars)
SCRIPT       : ExpansionMarketSettings::LoadCategories - Adding category ID 16 (Coats_And_Jackets)
SCRIPT       : ExpansionMarketSettings::LoadCategories - Adding category ID 17 (Containers)
SCRIPT       : ExpansionMarketSettings::LoadCategories - Adding category ID 18 (Crossbows)
SCRIPT       : ExpansionMarketSettings::LoadCategories - Adding category ID 19 (Drinks)
SCRIPT       : ExpansionMarketSettings::LoadCategories - Adding category ID 20 (Electronics)
SCRIPT       : ExpansionMarketSettings::LoadCategories - Adding category ID 21 (Event)
SCRIPT       : ExpansionMarketSettings::LoadCategories - Adding category ID 22 (Exchange)
SCRIPT       : ExpansionMarketSettings::LoadCategories - Adding category ID 23 (Explosives_And_Grenades)
SCRIPT       : ExpansionMarketSettings::LoadCategories - Adding category ID 24 (Eyewear)
SCRIPT       : ExpansionMarketSettings::LoadCategories - Adding category ID 25 (Fish)
SCRIPT       : ExpansionMarketSettings::LoadCategories - Adding category ID 26 (Fishing)
SCRIPT       : ExpansionMarketSettings::LoadCategories - Adding category ID 27 (Flags)
SCRIPT       : ExpansionMarketSettings::LoadCategories - Adding category ID 28 (Food)
SCRIPT       : ExpansionMarketSettings::LoadCategories - Adding category ID 29 (Fruit_And_Vegetables)
SCRIPT       : ExpansionMarketSettings::LoadCategories - Adding category ID 30 (Furnishings)
SCRIPT       : ExpansionMarketSettings::LoadCategories - Adding category ID 31 (Gardening)
SCRIPT       : ExpansionMarketSettings::LoadCategories - Adding category ID 32 (Ghillies)
SCRIPT       : ExpansionMarketSettings::LoadCategories - Adding category ID 33 (Gloves)
SCRIPT       : ExpansionMarketSettings::LoadCategories - Adding category ID 34 (Handguards)
SCRIPT       : ExpansionMarketSettings::LoadCategories - Adding category ID 35 (Hats_And_Hoods)
SCRIPT       : ExpansionMarketSettings::LoadCategories - Adding category ID 36 (Helicopters)
SCRIPT       : ExpansionMarketSettings::LoadCategories - Adding category ID 37 (Helmets)
SCRIPT       : ExpansionMarketSettings::LoadCategories - Adding category ID 38 (Holsters_And_Pouches)
SCRIPT       : ExpansionMarketSettings::LoadCategories - Adding category ID 39 (Kits)
SCRIPT       : ExpansionMarketSettings::LoadCategories - Adding category ID 40 (Knifes)
SCRIPT       : ExpansionMarketSettings::LoadCategories - Adding category ID 41 (Launchers)
SCRIPT       : ExpansionMarketSettings::LoadCategories - Adding category ID 42 (Lights)
SCRIPT       : ExpansionMarketSettings::LoadCategories - Adding category ID 43 (Liquids)
SCRIPT       : ExpansionMarketSettings::LoadCategories - Adding category ID 44 (Locks)
SCRIPT       : ExpansionMarketSettings::LoadCategories - Adding category ID 45 (Magazines)
SCRIPT       : ExpansionMarketSettings::LoadCategories - Adding category ID 46 (Masks)
SCRIPT       : ExpansionMarketSettings::LoadCategories - Adding category ID 47 (Meat)
SCRIPT       : ExpansionMarketSettings::LoadCategories - Adding category ID 48 (Medical)
SCRIPT       : ExpansionMarketSettings::LoadCategories - Adding category ID 49 (Melee_Weapons)
SCRIPT       : ExpansionMarketSettings::LoadCategories - Adding category ID 50 (MMG_Armored_Helmet_Visor)
SCRIPT       : ExpansionMarketSettings::LoadCategories - Adding category ID 51 (MMG_BackPacks)
SCRIPT       : ExpansionMarketSettings::LoadCategories - Adding category ID 52 (MMG_Belts)
SCRIPT       : ExpansionMarketSettings::LoadCategories - Adding category ID 53 (MMG_Boots)
SCRIPT       : ExpansionMarketSettings::LoadCategories - Adding category ID 54 (MMG_Bottle)
SCRIPT       : ExpansionMarketSettings::LoadCategories - Adding category ID 55 (MMG_Carbine)
SCRIPT       : ExpansionMarketSettings::LoadCategories - Adding category ID 56 (MMG_Chest_Rigs)
SCRIPT       : ExpansionMarketSettings::LoadCategories - Adding category ID 57 (MMG_Facemask)
SCRIPT       : ExpansionMarketSettings::LoadCategories - Adding category ID 58 (MMG_Gloves)
SCRIPT       : ExpansionMarketSettings::LoadCategories - Adding category ID 59 (MMG_Goggles)
SCRIPT       : ExpansionMarketSettings::LoadCategories - Adding category ID 60 (MMG_Headphones)
SCRIPT       : ExpansionMarketSettings::LoadCategories - Adding category ID 61 (MMG_Holsters)
SCRIPT       : ExpansionMarketSettings::LoadCategories - Adding category ID 62 (MMG_NBC)
SCRIPT       : ExpansionMarketSettings::LoadCategories - Adding category ID 63 (MMG_Pants)
SCRIPT       : ExpansionMarketSettings::LoadCategories - Adding category ID 64 (MMG_Patches)
SCRIPT       : ExpansionMarketSettings::LoadCategories - Adding category ID 65 (MMG_Plate_Carriers)
SCRIPT       : ExpansionMarketSettings::LoadCategories - Adding category ID 66 (MMG_Pouches)
SCRIPT       : ExpansionMarketSettings::LoadCategories - Adding category ID 67 (MMG_Shirts)
SCRIPT       : ExpansionMarketSettings::LoadCategories - Adding category ID 68 (MMG_Sniper_Boonie)
SCRIPT       : ExpansionMarketSettings::LoadCategories - Adding category ID 69 (Muzzles)
SCRIPT       : ExpansionMarketSettings::LoadCategories - Adding category ID 70 (Navigation)
SCRIPT       : ExpansionMarketSettings::LoadCategories - Adding category ID 71 (Optics)
SCRIPT       : ExpansionMarketSettings::LoadCategories - Adding category ID 72 (Pants_And_Shorts)
SCRIPT       : ExpansionMarketSettings::LoadCategories - Adding category ID 73 (Pistols)
SCRIPT       : ExpansionMarketSettings::LoadCategories - Adding category ID 74 (Rifles)
SCRIPT       : ExpansionMarketSettings::LoadCategories - Adding category ID 75 (Shirts_And_TShirts)
SCRIPT       : ExpansionMarketSettings::LoadCategories - Adding category ID 76 (Shotguns)
SCRIPT       : ExpansionMarketSettings::LoadCategories - Adding category ID 77 (Skirts_And_Dresses)
SCRIPT       : ExpansionMarketSettings::LoadCategories - Adding category ID 78 (Sniper_Rifles)
SCRIPT       : ExpansionMarketSettings::LoadCategories - Adding category ID 79 (Spraycans)
SCRIPT       : ExpansionMarketSettings::LoadCategories - Adding category ID 80 (Submachine_Guns)
SCRIPT       : ExpansionMarketSettings::LoadCategories - Adding category ID 81 (Supplies)
SCRIPT       : ExpansionMarketSettings::LoadCategories - Adding category ID 82 (Sweaters_And_Hoodies)
SCRIPT       : ExpansionMarketSettings::LoadCategories - Adding category ID 83 (Tents)
SCRIPT       : ExpansionMarketSettings::LoadCategories - Adding category ID 84 (Tools)
SCRIPT       : ExpansionMarketSettings::LoadCategories - Adding category ID 85 (Vehicle_Parts)
SCRIPT       : ExpansionMarketSettings::LoadCategories - Adding category ID 86 (Vests)
SCRIPT       : 16:45:22.753 [EXPANSION DEBUG]: [ExpansionAirdropSettings] Load existing setting file:$profile:ExpansionMod\Settings\AirdropSettings.json
SCRIPT       : 16:45:22.871 [EXPANSION DEBUG]: [ExpansionMissionSettings] Load existing setting file:$profile:ExpansionMod\Settings\MissionSettings.json
SCRIPT       : 16:45:22.871 [EXPANSION DEBUG]: [ExpansionMapSettings] Load existing setting file:$mission:expansion\settings\MapSettings.json
SCRIPT       : 16:45:22.886 [EXPANSION DEBUG]: [ExpansionPersonalStorageNewSettings] Load existing setting file:$profile:ExpansionMod\Settings\PersonalStorageNewSettings.json
SCRIPT       : 16:45:22.886 [EXPANSION DEBUG]: [ExpansionGeneralSettings] Load existing setting file:$profile:ExpansionMod\Settings\GeneralSettings.json
SCRIPT       : 16:45:22.886 [EXPANSION DEBUG]: [ExpansionPlayerListSettings] Load existing setting file:$profile:ExpansionMod\Settings\PlayerListSettings.json
SCRIPT       : 16:45:22.886 [EXPANSION DEBUG]: [ExpansionSocialMediaSettings] Load existing setting file:$profile:ExpansionMod\Settings\SocialMediaSettings.json
SCRIPT       : 16:45:22.886 [EXPANSION DEBUG]: [ExpansionSpawnSettings] Load existing setting file:$mission:expansion\settings\SpawnSettings.json
SCRIPT       : 16:45:22.890 [EXPANSION DEBUG]: [ExpansionVehicleSettings] Load existing setting file:$profile:ExpansionMod\Settings\VehicleSettings.json
SCRIPT       : 16:45:22.890 [EXPANSION DEBUG]: [ExpansionAISettings] Load existing setting file:$profile:ExpansionMod\Settings\AISettings.json
SCRIPT       : 16:45:22.890 [EXPANSION DEBUG]: [ExpansionAIPatrolSettings] Load existing setting file:$mission:expansion\settings\AIPatrolSettings.json
SCRIPT       : 16:45:22.894 [EXPANSION DEBUG]: [ExpansionBaseBuildingSettings] Load existing setting file:$mission:expansion\settings\BaseBuildingSettings.json
SCRIPT       : 16:45:22.894 [EXPANSION DEBUG]: [ExpansionRaidSettings] Load existing setting file:$profile:ExpansionMod\Settings\RaidSettings.json
SCRIPT       : 16:45:22.894 [EXPANSION DEBUG]: [ExpansionTerritorySettings] Load existing setting file:$profile:ExpansionMod\Settings\TerritorySettings.json
SCRIPT       : 16:45:22.898 [EXPANSION DEBUG]: [ExpansionChatSettings] Load existing setting file:$profile:ExpansionMod\Settings\ChatSettings.json
SCRIPT       : Expansion version: 1.8.21
SCRIPT       : [DefineTest] EXPANSIONMOD is defined
SCRIPT       : [DefineTest] EXPANSIONMODAI is defined
SCRIPT       : [DefineTest] EXPANSIONMODANIMATIONS is defined
SCRIPT       : [DefineTest] EXPANSIONMODBASEBUILDING is defined
SCRIPT       : [DefineTest] EXPANSIONMODBOOK is defined
SCRIPT       : [DefineTest] EXPANSIONMODCHAT is defined
SCRIPT       : [DefineTest] EXPANSIONMODCORE is defined
SCRIPT       : [DefineTest] EXPANSIONMODGARAGE is defined
SCRIPT       : [DefineTest] EXPANSIONMODGROUPS is defined
SCRIPT       : [DefineTest] EXPANSIONMODHARDLINE is defined
SCRIPT       : [DefineTest] EXPANSIONMODKILLFEED is defined
SCRIPT       : [DefineTest] EXPANSIONMODMAPASSETS is defined
SCRIPT       : [DefineTest] EXPANSIONMODMARKET is defined
SCRIPT       : [DefineTest] EXPANSIONMODMISSIONS is defined
SCRIPT       : [DefineTest] EXPANSIONMODNAMETAGS is defined
SCRIPT       : [DefineTest] EXPANSIONMODNAVIGATION is defined
SCRIPT       : [DefineTest] EXPANSIONMODP2PMARKET is defined
SCRIPT       : [DefineTest] EXPANSIONMODPERSONALSTORAGE is defined
SCRIPT       : [DefineTest] EXPANSIONMODQUESTS is defined
SCRIPT       : [DefineTest] EXPANSIONMODSPAWNSELECTION is defined
SCRIPT       : [DefineTest] EXPANSIONMODVEHICLE is defined
SCRIPT       : [DefineTest] EXPANSIONMODWEAPONS is defined
SCRIPT       : [DefineTest] CfgMods:
SCRIPT       : defaultAction
SCRIPT       : DayZ
SCRIPT       : DZ_Expansion_AI_Preload
SCRIPT       : DZ_Expansion_Animations_Preload
SCRIPT       : DZ_Expansion_BaseBuilding_Preload
SCRIPT       : DZ_Expansion_Book_Preload
SCRIPT       : DZ_Expansion_Chat_Preload
SCRIPT       : DZ_Expansion_Core_Preload
SCRIPT       : DZ_Expansion_Garage_Preload
SCRIPT       : DZ_Expansion_Groups_Preload
SCRIPT       : DZ_Expansion_Hardline_Preload
SCRIPT       : DZ_Expansion_KillFeed_Preload
SCRIPT       : DZ_Expansion_MapAssets_Preload
SCRIPT       : DZ_Expansion_Market_Preload
SCRIPT       : DZ_Expansion_Missions_Preload
SCRIPT       : DZ_Expansion_ModStorage_Preload
SCRIPT       : DZ_Expansion_NameTags_Preload
SCRIPT       : DZ_Expansion_Navigation_Preload
SCRIPT       : DZ_Expansion_P2PMarket_Preload
SCRIPT       : DZ_Expansion_PersonalStorage_Preload
SCRIPT       : DZ_Expansion_Preload
SCRIPT       : DZ_Expansion_Quests_Preload
SCRIPT       : DZ_Expansion_SpawnSelection_Preload
SCRIPT       : DZ_Expansion_Vehicles_Preload
SCRIPT       : DZ_Expansion_Weapons_Preload
SCRIPT       : DZ_DabsFramework
SCRIPT       : DZ_Expansion_DefineTest
SCRIPT       : DZ_Expansion_MapAssets
SCRIPT       : bliss
SCRIPT       : JM_CommunityFramework
SCRIPT       : JM_CommunityOnlineTools
SCRIPT       : PvZmoD_CustomisableZombies
SCRIPT       : BoostZombiesVisionAddon
SCRIPT       : DZ_Editor_Loader
SCRIPT       : DZ_Expansion_ModStorage
SCRIPT       : DZ_Expansion_Core
SCRIPT       : DZ_Expansion_Garage
SCRIPT       : DZ_Expansion_Groups
SCRIPT       : DZ_Expansion_Market
SCRIPT       : DZ_Expansion_Missions
SCRIPT       : DZ_Expansion_NameTags
SCRIPT       : DZ_Expansion_Navigation
SCRIPT       : DZ_Expansion_NotificationScheduler
SCRIPT       : DZ_Expansion_P2PMarket
SCRIPT       : DZ_Expansion_PersonalStorage
SCRIPT       : DZ_Expansion_PersonalStorageNew
SCRIPT       : DZ_Expansion_PlayerList
SCRIPT       : DZ_Expansion
SCRIPT       : DZ_Expansion_SpawnSelection
SCRIPT       : DZ_Expansion_VanillaFixes
SCRIPT       : DZ_Expansion_Vehicles
SCRIPT       : DZ_Expansion_Weapons
SCRIPT       : jpc_vest
SCRIPT       : DZ_Expansion_AI
SCRIPT       : DZ_Expansion_BaseBuilding
SCRIPT       : DZ_Expansion_Book
SCRIPT       : DZ_Expansion_Chat
SCRIPT       : DZ_Expansion_Hardline
SCRIPT       : DZ_Expansion_Quests
SCRIPT       : DZ_Expansion_VirtualContainerStorage
SCRIPT       : DayZ_Expansion_AI_Dynamic
SCRIPT       : 16:45:23.406 [EXPANSION DEBUG]: ModStorage v5
SCRIPT       : 16:45:26.332 [EXPANSION DEBUG]: ExpansionTraderJudy<3c560030>::SetTraderObject ExpansionTraderObjectBase<48a83930> <4973.928711, 9.510984, 2436.782959>
SCRIPT       : 16:45:26.332 [EXPANSION DEBUG]: LoadMissionTradersFile trader ExpansionTraderJudy<3c560030> fileName Aircraft
SCRIPT       : 16:45:26.343 [EXPANSION DEBUG]: ExpansionTraderJose<48db5020>::SetTraderObject ExpansionTraderObjectBase<48d17a60> <14353.624023, 3.326771, 13229.217773>
SCRIPT       : 16:45:26.343 [EXPANSION DEBUG]: LoadMissionTradersFile trader ExpansionTraderJose<48db5020> fileName Boats
SCRIPT       : 16:45:26.351 [EXPANSION DEBUG]: ExpansionTraderEva<53e1d810>::SetTraderObject ExpansionTraderObjectBase<53df6b30> <14378.793945, 3.325975, 13271.585938>
SCRIPT       : 16:45:26.351 [EXPANSION DEBUG]: LoadMissionTradersFile trader ExpansionTraderEva<53e1d810> fileName Fishing
SCRIPT       : 16:45:26.359 [EXPANSION DEBUG]: ExpansionTraderLewis<f8667aa0>::SetTraderObject ExpansionTraderObjectBase<53edcc10> <1756.656372, 1.415564, 2027.359741>
SCRIPT       : 16:45:26.359 [EXPANSION DEBUG]: LoadMissionTradersFile trader ExpansionTraderLewis<f8667aa0> fileName Boats
SCRIPT       : 16:45:26.359 [EXPANSION DEBUG]: LoadMissionTradersFile trader ExpansionTraderStaticBase<2dd03050> fileName Exchange
SCRIPT       : 16:45:26.378 [EXPANSION DEBUG]: ExpansionTraderDenis<5d1e3020>::SetTraderObject ExpansionTraderObjectBase<53f97560> <3697.249512, 402.010010, 5977.625488>
SCRIPT       : 16:45:26.378 [EXPANSION DEBUG]: LoadMissionTradersFile trader ExpansionTraderDenis<5d1e3020> fileName Clothing
SCRIPT       : 16:45:26.394 [EXPANSION DEBUG]: ExpansionTraderMaria<54073010>::SetTraderObject ExpansionTraderObjectBase<540a0260> <3696.455811, 402.010010, 5980.193359>
SCRIPT       : 16:45:26.394 [EXPANSION DEBUG]: LoadMissionTradersFile trader ExpansionTraderMaria<54073010> fileName Clothing_Accessories
SCRIPT       : 16:45:26.406 [EXPANSION DEBUG]: ExpansionTraderQuinn<53f84010>::SetTraderObject ExpansionTraderObjectBase<5422b340> <3710.121826, 402.010010, 5976.164063>
SCRIPT       : 16:45:26.406 [EXPANSION DEBUG]: LoadMissionTradersFile trader ExpansionTraderQuinn<53f84010> fileName Consumables
SCRIPT       : 16:45:26.425 [EXPANSION DEBUG]: ExpansionTraderNaomi<542bb030>::SetTraderObject ExpansionTraderObjectBase<542ef6b0> <3708.786865, 402.010010, 5974.589844>
SCRIPT       : 16:45:26.425 [EXPANSION DEBUG]: LoadMissionTradersFile trader ExpansionTraderNaomi<542bb030> fileName Weapons
SCRIPT       : 16:45:26.441 [EXPANSION DEBUG]: ExpansionTraderSeth<daf8a60>::SetTraderObject ExpansionTraderObjectBase<5443dbc0> <3710.265137, 402.010010, 5973.340820>
SCRIPT       : 16:45:26.441 [EXPANSION DEBUG]: LoadMissionTradersFile trader ExpansionTraderSeth<daf8a60> fileName Attachments
SCRIPT       : 16:45:26.453 [EXPANSION DEBUG]: ExpansionTraderRolf<db00680>::SetTraderObject ExpansionTraderObjectBase<54603eb0> <3698.172607, 402.010010, 5995.337402>
SCRIPT       : 16:45:26.453 [EXPANSION DEBUG]: LoadMissionTradersFile trader ExpansionTraderRolf<db00680> fileName Vehicles
SCRIPT       : 16:45:26.472 [EXPANSION DEBUG]: ExpansionTraderIndar<dafc870>::SetTraderObject ExpansionTraderObjectBase<546b5600> <3714.531006, 402.138000, 5961.776367>
SCRIPT       : 16:45:26.472 [EXPANSION DEBUG]: LoadMissionTradersFile trader ExpansionTraderIndar<dafc870> fileName Components
SCRIPT       : 16:45:26.476 [EXPANSION DEBUG]: ExpansionTraderJudy<daed030>::SetTraderObject ExpansionTraderObjectBase<54825d00> <3729.029541, 402.651001, 5969.476563>
SCRIPT       : 16:45:26.476 [EXPANSION DEBUG]: LoadMissionTradersFile trader ExpansionTraderJudy<daed030> fileName Medicals
SCRIPT       : 16:45:26.480 [EXPANSION DEBUG]: ExpansionTraderNaomi<daf0e40>::SetTraderObject ExpansionTraderObjectBase<5482d8c0> <3690.062988, 402.100067, 6006.763672>
SCRIPT       : 16:45:26.480 [EXPANSION DEBUG]: LoadMissionTradersFile trader ExpansionTraderNaomi<daf0e40> fileName Vehicle_Parts
SCRIPT       : 16:45:26.484 [EXPANSION DEBUG]: ExpansionTraderJose<548a0f30>::SetTraderObject ExpansionTraderObjectBase<54833b80> <3699.629883, 402.010010, 5993.970215>
SCRIPT       : 16:45:26.484 [EXPANSION DEBUG]: LoadMissionTradersFile trader ExpansionTraderJose<548a0f30> fileName Spraycans
SCRIPT       : 16:45:26.496 [EXPANSION DEBUG]: ExpansionTraderLinda<548ac960>::SetTraderObject ExpansionTraderObjectBase<54a09760> <3674.669922, 406.760010, 5990.390137>
SCRIPT       : 16:45:26.496 [EXPANSION DEBUG]: LoadMissionTradersFile trader ExpansionTraderLinda<548ac960> fileName Special
SCRIPT       : 16:45:26.503 [EXPANSION DEBUG]: ExpansionTraderNiki<548b0770>::SetTraderObject ExpansionTraderObjectBase<54ba19a0> <3699.030029, 402.013000, 5973.439941>
SCRIPT       : 16:45:26.503 [EXPANSION DEBUG]: LoadMissionTradersFile trader ExpansionTraderNiki<548b0770> fileName BuildingSupplies
SCRIPT       : 16:45:26.507 [EXPANSION DEBUG]: ExpansionTraderNiki<548b4580>::SetTraderObject ExpansionTraderObjectBase<54ba7b20> <3697.030029, 402.013000, 5973.439941>
SCRIPT       : 16:45:26.507 [EXPANSION DEBUG]: LoadMissionTradersFile trader ExpansionTraderNiki<548b4580> fileName MMG
SCRIPT       : 16:45:26.515 [EXPANSION DEBUG]: ExpansionTraderFrancis<548a8b50>::SetTraderObject ExpansionTraderObjectBase<54cb3bc0> <1153.964844, 6.463035, 2409.763184>
SCRIPT       : 16:45:26.515 [EXPANSION DEBUG]: LoadMissionTradersFile trader ExpansionTraderFrancis<548a8b50> fileName Attachments
SCRIPT       : 16:45:26.523 [EXPANSION DEBUG]: ExpansionTraderKaito<54899310>::SetTraderObject ExpansionTraderObjectBase<597b7e50> <1117.021240, 5.495151, 2413.766357>
SCRIPT       : 16:45:26.523 [EXPANSION DEBUG]: LoadMissionTradersFile trader ExpansionTraderKaito<54899310> fileName Components
SCRIPT       : 16:45:26.531 [EXPANSION DEBUG]: ExpansionTraderCyril<548b8390>::SetTraderObject ExpansionTraderObjectBase<5988ab30> <1136.987427, 5.908522, 2439.662598>
SCRIPT       : 16:45:26.531 [EXPANSION DEBUG]: LoadMissionTradersFile trader ExpansionTraderCyril<548b8390> fileName Clothing
SCRIPT       : 16:45:26.539 [EXPANSION DEBUG]: ExpansionTraderGuo<5489d120>::SetTraderObject ExpansionTraderObjectBase<59919830> <1133.974854, 5.909700, 2442.412598>
SCRIPT       : 16:45:26.539 [EXPANSION DEBUG]: LoadMissionTradersFile trader ExpansionTraderGuo<5489d120> fileName Clothing_Accessories
SCRIPT       : 16:45:26.546 [EXPANSION DEBUG]: ExpansionTraderBoris<548bc1a0>::SetTraderObject ExpansionTraderObjectBase<59a03410> <1123.468262, 15.349299, 2426.316162>
SCRIPT       : 16:45:26.546 [EXPANSION DEBUG]: LoadMissionTradersFile trader ExpansionTraderBoris<548bc1a0> fileName Exchange
SCRIPT       : 16:45:26.546 [EXPANSION DEBUG]: ExpansionTraderLinda<548bffb0>::SetTraderObject ExpansionTraderObjectBase<59a090e0> <1135.892822, 5.908773, 2436.856689>
SCRIPT       : 16:45:26.546 [EXPANSION DEBUG]: LoadMissionTradersFile trader ExpansionTraderLinda<548bffb0> fileName Consumables
SCRIPT       : 16:45:26.554 [EXPANSION DEBUG]: ExpansionTraderKeiko<548a4d40>::SetTraderObject ExpansionTraderObjectBase<59ac2d90> <1130.731689, 5.951744, 2438.009277>
SCRIPT       : 16:45:26.554 [EXPANSION DEBUG]: LoadMissionTradersFile trader ExpansionTraderKeiko<548a4d40> fileName Medicals
SCRIPT       : 16:45:26.562 [EXPANSION DEBUG]: ExpansionTraderHelga<548d3600>::SetTraderObject ExpansionTraderObjectBase<59be0050> <1141.654419, 5.906255, 2421.591309>
SCRIPT       : 16:45:26.562 [EXPANSION DEBUG]: LoadMissionTradersFile trader ExpansionTraderHelga<548d3600> fileName Special
SCRIPT       : 16:45:26.570 [EXPANSION DEBUG]: ExpansionTraderFrida<548cb9e0>::SetTraderObject ExpansionTraderObjectBase<59cec7b0> <1120.135132, 5.600746, 2417.465820>
SCRIPT       : 16:45:26.570 [EXPANSION DEBUG]: LoadMissionTradersFile trader ExpansionTraderFrida<548cb9e0> fileName Vehicles
SCRIPT       : 16:45:26.578 [EXPANSION DEBUG]: ExpansionTraderHassan<548cf7f0>::SetTraderObject ExpansionTraderObjectBase<59d08320> <1123.977905, 5.639271, 2417.411865>
SCRIPT       : 16:45:26.578 [EXPANSION DEBUG]: LoadMissionTradersFile trader ExpansionTraderHassan<548cf7f0> fileName Vehicle_Parts
SCRIPT       : 16:45:26.582 [EXPANSION DEBUG]: ExpansionTraderDenis<548c3dc0>::SetTraderObject ExpansionTraderObjectBase<3ce5f310> <1156.719727, 6.513331, 2406.355225>
SCRIPT       : 16:45:26.582 [EXPANSION DEBUG]: LoadMissionTradersFile trader ExpansionTraderDenis<548c3dc0> fileName Weapons
SCRIPT       : 16:45:26.589 [EXPANSION DEBUG]: ExpansionTraderGabi<548c7bd0>::SetTraderObject ExpansionTraderObjectBase<3ce7b560> <1135.689941, 5.900000, 2423.300049>
SCRIPT       : 16:45:26.589 [EXPANSION DEBUG]: LoadMissionTradersFile trader ExpansionTraderGabi<548c7bd0> fileName BuildingSupplies
SCRIPT       : 16:45:26.593 [EXPANSION DEBUG]: ExpansionTraderFrancis<59f6d6b0>::SetTraderObject ExpansionTraderObjectBase<59fa64c0> <11835.901367, 140.617874, 12474.744141>
SCRIPT       : 16:45:26.593 [EXPANSION DEBUG]: LoadMissionTradersFile trader ExpansionTraderFrancis<59f6d6b0> fileName Attachments
SCRIPT       : 16:45:26.593 [EXPANSION DEBUG]: ExpansionTraderLinda<59f5a060>::SetTraderObject ExpansionTraderObjectBase<59facb90> <11856.716797, 140.565109, 12461.438477>
SCRIPT       : 16:45:26.593 [EXPANSION DEBUG]: LoadMissionTradersFile trader ExpansionTraderLinda<59f5a060> fileName Consumables
SCRIPT       : 16:45:26.597 [EXPANSION DEBUG]: ExpansionTraderCyril<59f698a0>::SetTraderObject ExpansionTraderObjectBase<59fb1aa0> <11855.000000, 140.605103, 12466.099609>
SCRIPT       : 16:45:26.597 [EXPANSION DEBUG]: LoadMissionTradersFile trader ExpansionTraderCyril<59f698a0> fileName Clothing
SCRIPT       : 16:45:26.601 [EXPANSION DEBUG]: ExpansionTraderGuo<59f714c0>::SetTraderObject ExpansionTraderObjectBase<59fb6e10> <11855.200195, 140.605103, 12470.487305>
SCRIPT       : 16:45:26.601 [EXPANSION DEBUG]: LoadMissionTradersFile trader ExpansionTraderGuo<59f714c0> fileName Clothing_Accessories
SCRIPT       : 16:45:26.601 [EXPANSION DEBUG]: ExpansionTraderKaito<59f61c80>::SetTraderObject ExpansionTraderObjectBase<59fbc040> <11849.400391, 140.605087, 12466.200195>
SCRIPT       : 16:45:26.601 [EXPANSION DEBUG]: LoadMissionTradersFile trader ExpansionTraderKaito<59f61c80> fileName Components
SCRIPT       : 16:45:26.605 [EXPANSION DEBUG]: ExpansionTraderBoris<59f752d0>::SetTraderObject ExpansionTraderObjectBase<59fc1180> <11858.202148, 140.615112, 12463.234375>
SCRIPT       : 16:45:26.605 [EXPANSION DEBUG]: LoadMissionTradersFile trader ExpansionTraderBoris<59f752d0> fileName Exchange
SCRIPT       : 16:45:26.605 [EXPANSION DEBUG]: ExpansionTraderKeiko<59f790e0>::SetTraderObject ExpansionTraderObjectBase<5a0d0970> <11853.218750, 140.605087, 12463.277344>
SCRIPT       : 16:45:26.605 [EXPANSION DEBUG]: LoadMissionTradersFile trader ExpansionTraderKeiko<59f790e0> fileName Medicals
SCRIPT       : 16:45:26.609 [EXPANSION DEBUG]: ExpansionTraderGabi<59f5de70>::SetTraderObject ExpansionTraderObjectBase<5a0d5e20> <11833.200195, 140.605118, 12461.700195>
SCRIPT       : 16:45:26.609 [EXPANSION DEBUG]: LoadMissionTradersFile trader ExpansionTraderGabi<59f5de70> fileName Special
SCRIPT       : 16:45:26.617 [EXPANSION DEBUG]: ExpansionTraderElias<59f7cef0>::SetTraderObject ExpansionTraderObjectBase<5a1cb7a0> <11877.799805, 140.134796, 12441.599609>
SCRIPT       : 16:45:26.617 [EXPANSION DEBUG]: LoadMissionTradersFile trader ExpansionTraderElias<59f7cef0> fileName Vehicles
SCRIPT       : 16:45:26.617 [EXPANSION DEBUG]: ExpansionTraderHassan<59f80d00>::SetTraderObject ExpansionTraderObjectBase<5a1d0200> <11878.674805, 140.134796, 12424.302734>
SCRIPT       : 16:45:26.617 [EXPANSION DEBUG]: LoadMissionTradersFile trader ExpansionTraderHassan<59f80d00> fileName Vehicle_Parts
SCRIPT       : 16:45:26.621 [EXPANSION DEBUG]: ExpansionTraderDenis<59f65a90>::SetTraderObject ExpansionTraderObjectBase<5a1d51b0> <11833.576172, 140.605072, 12469.492188>
SCRIPT       : 16:45:26.621 [EXPANSION DEBUG]: LoadMissionTradersFile trader ExpansionTraderDenis<59f65a90> fileName Weapons
SCRIPT       : 16:45:26.625 [EXPANSION DEBUG]: ExpansionTraderLinda<59f88920>::SetTraderObject ExpansionTraderObjectBase<5a1db740> <11852.194336, 140.660980, 12472.387695>
SCRIPT       : 16:45:26.625 [EXPANSION DEBUG]: LoadMissionTradersFile trader ExpansionTraderLinda<59f88920> fileName BuildingSupplies
SCRIPT       : 16:45:26.632 [EXPANSION DEBUG]: ExpansionTraderManua<59f8c730>::SetTraderObject ExpansionTraderObjectBase<5a263000> <11879.722656, 140.094788, 12435.959961>
SCRIPT       : 16:45:26.632 [EXPANSION DEBUG]: LoadMissionTradersFile trader ExpansionTraderManua<59f8c730> fileName Spraycans
SCRIPT       : 16:45:26.640 [EXPANSION DEBUG]: ExpansionTraderIrena<59f90540>::SetTraderObject ExpansionTraderObjectBase<5a3ca300> <12160.279297, 140.580765, 12689.783203>
SCRIPT       : 16:45:26.640 [EXPANSION DEBUG]: LoadMissionTradersFile trader ExpansionTraderIrena<59f90540> fileName Aircraft
SCRIPT       : [ExpansionQuestPersistentServerData] Load existing configuration file:$profile:ExpansionMod\Quests\PersistentServerData.json
SCRIPT       : [ExpansionQuestPersistentServerData] Load existing configuration file:$profile:ExpansionMod\Quests\PersistentServerData.json
SCRIPT       : [ExpansionQuestObjectiveTravelConfig] Load existing configuration file:$profile:ExpansionMod\Quests\Objectives\Travel\Objective_T_1.json
SCRIPT       : [ExpansionQuestObjectiveTravelConfig] Load existing configuration file:$profile:ExpansionMod\Quests\Objectives\Travel\Objective_T_2.json
SCRIPT       : [ExpansionQuestObjectiveTravelConfig] Load existing configuration file:$profile:ExpansionMod\Quests\Objectives\Travel\Objective_T_3.json
SCRIPT       : [ExpansionQuestObjectiveTravelConfig] Load existing configuration file:$profile:ExpansionMod\Quests\Objectives\Travel\Objective_T_4.json
SCRIPT       : [ExpansionQuestObjectiveTargetConfig] Load existing configuration file:$profile:ExpansionMod\Quests\Objectives\Target\Objective_TA_1.json
SCRIPT       : [ExpansionQuestObjectiveTargetConfig] Load existing configuration file:$profile:ExpansionMod\Quests\Objectives\Target\Objective_TA_2.json
SCRIPT       : [ExpansionQuestObjectiveTargetConfig] Load existing configuration file:$profile:ExpansionMod\Quests\Objectives\Target\Objective_TA_3.json
SCRIPT       : [ExpansionQuestObjectiveTargetConfig] Load existing configuration file:$profile:ExpansionMod\Quests\Objectives\Target\Objective_TA_4.json
SCRIPT       : [ExpansionQuestObjectiveDeliveryConfig] Load existing configuration file:$profile:ExpansionMod\Quests\Objectives\Delivery\Objective_D_1.json
SCRIPT       : [ExpansionQuestObjectiveDeliveryConfig] Load existing configuration file:$profile:ExpansionMod\Quests\Objectives\Delivery\Objective_D_2.json
SCRIPT       : [ExpansionQuestObjectiveCollectionConfig] Load existing configuration file:$profile:ExpansionMod\Quests\Objectives\Collection\1-Collection-Apples.json
SCRIPT       : [ExpansionQuestObjectiveCollectionConfig] Load existing configuration file:$profile:ExpansionMod\Quests\Objectives\Collection\2-Collection-Mackerel.json
SCRIPT       : [ExpansionQuestObjectiveCollectionConfig] Load existing configuration file:$profile:ExpansionMod\Quests\Objectives\Collection\3-Collection-BrownChickens.json
SCRIPT       : [ExpansionQuestObjectiveCollectionConfig] Load existing configuration file:$profile:ExpansionMod\Quests\Objectives\Collection\4-Collection-BearPelt.json
SCRIPT       : [ExpansionQuestObjectiveCollectionConfig] Load existing configuration file:$profile:ExpansionMod\Quests\Objectives\Collection\5-Collection-DeerPelt.json
SCRIPT       : [ExpansionQuestObjectiveCollectionConfig] Load existing configuration file:$profile:ExpansionMod\Quests\Objectives\Collection\6-Collection-AgaricusMushroom.json
SCRIPT       : [ExpansionQuestObjectiveCollectionConfig] Load existing configuration file:$profile:ExpansionMod\Quests\Objectives\Collection\Objective_C_1.json
SCRIPT       : [ExpansionQuestObjectiveCollectionConfig] Load existing configuration file:$profile:ExpansionMod\Quests\Objectives\Collection\Objective_C_2.json
SCRIPT       : [ExpansionQuestObjectiveCollectionConfig] Load existing configuration file:$profile:ExpansionMod\Quests\Objectives\Collection\Objective_C_3.json
SCRIPT       : [ExpansionQuestObjectiveTreasureHuntConfig] Load existing configuration file:$profile:ExpansionMod\Quests\Objectives\TreasureHunt\Objective_TH_1.json
SCRIPT       : [ExpansionQuestObjectiveActionConfig] Load existing configuration file:$profile:ExpansionMod\Quests\Objectives\Action\1-Medic.json
SCRIPT       : [ExpansionQuestObjectiveActionConfig] Load existing configuration file:$profile:ExpansionMod\Quests\Objectives\Action\10-Medic.json
SCRIPT       : [ExpansionQuestObjectiveActionConfig] Load existing configuration file:$profile:ExpansionMod\Quests\Objectives\Action\11-Medic.json
SCRIPT       : [ExpansionQuestObjectiveActionConfig] Load existing configuration file:$profile:ExpansionMod\Quests\Objectives\Action\12-Medic.json
SCRIPT       : [ExpansionQuestObjectiveActionConfig] Load existing configuration file:$profile:ExpansionMod\Quests\Objectives\Action\13-Medic.json
SCRIPT       : [ExpansionQuestObjectiveActionConfig] Load existing configuration file:$profile:ExpansionMod\Quests\Objectives\Action\14-Medic.json
SCRIPT       : [ExpansionQuestObjectiveActionConfig] Load existing configuration file:$profile:ExpansionMod\Quests\Objectives\Action\15-Medic.json
SCRIPT       : [ExpansionQuestObjectiveActionConfig] Load existing configuration file:$profile:ExpansionMod\Quests\Objectives\Action\16-Medic.json
SCRIPT       : [ExpansionQuestObjectiveActionConfig] Load existing configuration file:$profile:ExpansionMod\Quests\Objectives\Action\17-Medic.json
SCRIPT       : [ExpansionQuestObjectiveActionConfig] Load existing configuration file:$profile:ExpansionMod\Quests\Objectives\Action\18-Horticulture.json
SCRIPT       : [ExpansionQuestObjectiveActionConfig] Load existing configuration file:$profile:ExpansionMod\Quests\Objectives\Action\19-Horticulture.json
SCRIPT       : [ExpansionQuestObjectiveActionConfig] Load existing configuration file:$profile:ExpansionMod\Quests\Objectives\Action\2-Medic.json
SCRIPT       : [ExpansionQuestObjectiveActionConfig] Load existing configuration file:$profile:ExpansionMod\Quests\Objectives\Action\20-Horticulture.json
SCRIPT       : [ExpansionQuestObjectiveActionConfig] Load existing configuration file:$profile:ExpansionMod\Quests\Objectives\Action\21-Horticulture.json
SCRIPT       : [ExpansionQuestObjectiveActionConfig] Load existing configuration file:$profile:ExpansionMod\Quests\Objectives\Action\22-Horticulture.json
SCRIPT       : [ExpansionQuestObjectiveActionConfig] Load existing configuration file:$profile:ExpansionMod\Quests\Objectives\Action\23-Horticulture.json
SCRIPT       : [ExpansionQuestObjectiveActionConfig] Load existing configuration file:$profile:ExpansionMod\Quests\Objectives\Action\24-Horticulture.json
SCRIPT       : [ExpansionQuestObjectiveActionConfig] Load existing configuration file:$profile:ExpansionMod\Quests\Objectives\Action\3-Medic.json
SCRIPT       : [ExpansionQuestObjectiveActionConfig] Load existing configuration file:$profile:ExpansionMod\Quests\Objectives\Action\4-Medic.json
SCRIPT       : [ExpansionQuestObjectiveActionConfig] Load existing configuration file:$profile:ExpansionMod\Quests\Objectives\Action\5-Medic.json
SCRIPT       : [ExpansionQuestObjectiveActionConfig] Load existing configuration file:$profile:ExpansionMod\Quests\Objectives\Action\6-Medic.json
SCRIPT       : [ExpansionQuestObjectiveActionConfig] Load existing configuration file:$profile:ExpansionMod\Quests\Objectives\Action\7-Medic.json
SCRIPT       : [ExpansionQuestObjectiveActionConfig] Load existing configuration file:$profile:ExpansionMod\Quests\Objectives\Action\8-Medic.json
SCRIPT       : [ExpansionQuestObjectiveActionConfig] Load existing configuration file:$profile:ExpansionMod\Quests\Objectives\Action\9-Medic.json
SCRIPT       : [ExpansionQuestObjectiveActionConfig] Load existing configuration file:$profile:ExpansionMod\Quests\Objectives\Action\Objective_A_1.json
SCRIPT       : [ExpansionQuestObjectiveActionConfig] Load existing configuration file:$profile:ExpansionMod\Quests\Objectives\Action\Objective_A_2.json
SCRIPT       : [ExpansionQuestObjectiveCraftingConfig] Load existing configuration file:$profile:ExpansionMod\Quests\Objectives\Crafting\1-Crafting-FishingRod.json
SCRIPT       : [ExpansionQuestObjectiveCraftingConfig] Load existing configuration file:$profile:ExpansionMod\Quests\Objectives\Crafting\Objective_CR_1.json
SCRIPT       : [ExpansionQuestObjectiveAIPatrolConfig] Load existing configuration file:$profile:ExpansionMod\Quests\Objectives\AIPatrol\Objective_AIP_1.json
SCRIPT       : [ExpansionQuestObjectiveAICampConfig] Load existing configuration file:$profile:ExpansionMod\Quests\Objectives\AICamp\Objective_AIC_1.json
SCRIPT       : [ExpansionQuestObjectiveAIEscortConfig] Load existing configuration file:$profile:ExpansionMod\Quests\Objectives\AIVIP\1-VIP.json
SCRIPT       : [ExpansionQuestObjectiveAIEscortConfig] Load existing configuration file:$profile:ExpansionMod\Quests\Objectives\AIVIP\2-VIP.json
SCRIPT       : [ExpansionQuestObjectiveAIEscortConfig] Load existing configuration file:$profile:ExpansionMod\Quests\Objectives\AIVIP\Objective_AIESCORT_1.json
SCRIPT       : [ExpansionQuestNPCData] Load existing configuration file:QuestNPC_1.json
SCRIPT       : [ExpansionQuestNPCData] Load existing configuration file:QuestNPC_2.json
SCRIPT       : [ExpansionQuestNPCData] Load existing configuration file:QuestNPC_3.json
SCRIPT       : [ExpansionQuestNPCData] Load existing configuration file:QuestNPC_5.json
SCRIPT       : [EditorLoader] File found: $mission:\EditorFiles\TraderStorage.dze
SCRIPT       : [EditorLoader] Loaded files in 0.001s
SCRIPT       : [EditorLoader] 6 total objects created
SCRIPT       : [EditorLoader] 0 total objects deleted
SCRIPT       : [EditorLoader] Deleted & Created all objects in 0.023s
SCRIPT       : ExpansionMarketItem marketItem = ExpansionMarketItem<334fedc0>
SCRIPT       : int worth =   1
SCRIPT       : 16:45:42.929 [EXPANSION DEBUG]: ExpansionP2PTraderAIIrena<e1f46f10>::SetP2PTraderID - ID: 1
SCRIPT       : ExpansionZonePolygon<db16ac40> position=<12015.854492, 0.000000, 12591.097656> radius=419.633
SCRIPT       : ExpansionZoneCircle<e2610e10> position=<1143.140015, 0.000000, 2423.270020> radius=400
SCRIPT       : ExpansionZoneCircle<e2610ff0> position=<3728.270020, 0.000000, 6003.600098> radius=400
SCRIPT       : Found 3 zones!
SCRIPT       : 16:45:42.980 [EXPANSION DEBUG]: ExpansionQuestNPCAIDenis<dbbf0050>::OnEnterSafeZone
SCRIPT       : bool m_Expansion_LeavingSafeZone = 0
SCRIPT       : bool m_Expansion_IsInSafeZone = 0
SCRIPT       : bool m_Expansion_IsInSafeZoneSynchRemote = 0
SCRIPT       : 16:45:42.980 [EXPANSION DEBUG]: ExpansionP2PTraderAIIrena<e1f46f10>::OnEnterSafeZone
SCRIPT       : bool m_Expansion_LeavingSafeZone = 0
SCRIPT       : bool m_Expansion_IsInSafeZone = 0
SCRIPT       : bool m_Expansion_IsInSafeZoneSynchRemote = 0
SCRIPT       : 16:45:43.445 [EXPANSION DEBUG]: ExpansionItemSpawnHelper::Clone - created AK101:031239 at location { type=HANDS item=AK101:031213 parent=ExpansionQuestNPCAIDenis:045 }
SCRIPT       : 16:45:43.445 [EXPANSION DEBUG]: ExpansionItemSpawnHelper::Clone - created AK_WoodHndgrd:031240 at location { type=ATTACHMENT item=null parent=AK101:031239 slot=weaponHandguardAK }
SCRIPT       : 16:45:43.449 [EXPANSION DEBUG]: ExpansionItemSpawnHelper::Clone - created Mag_AK101_30Rnd:031241 at location { type=ATTACHMENT item=null parent=AK101:031239 slot=magazine }
SCRIPT       : [emote] ExpansionQuestNPCAIDenis:045 play emote id=46 IH=AK101:031239
SCRIPT       : [emote] ExpansionP2PTraderAIIrena:044 play emote id=46 IH=null
SCRIPT       : 16:45:45.167 [EXPANSION DEBUG]: ExpansionItemSpawnHelper::Clone - created SKS:031214 at location { type=HANDS item=SKS:031228 parent=ExpansionQuestNPCAIElias:046 }
SCRIPT       : 16:45:45.167 [EXPANSION DEBUG]: ExpansionItemSpawnHelper::Clone - created PUScopeOptic:031213 at location { type=ATTACHMENT item=null parent=SKS:031214 slot=weaponOpticsMosin }
SCRIPT       : [emote] ExpansionQuestNPCAIElias:046 play emote id=14 IH=SKS:031214
SCRIPT       : 16:46:17.757 [EXPANSION DEBUG]: ExpansionHardlineModule<dbf440> ::LoadPlayerData - Loaded player hardline data for player Blorpus9000[3I2KPiMwtNrbRzLe964-q3OrI2Ligr9LBcsFxmVIl3Q=]
SCRIPT       : ---- PlayerBase OnStoreLoad SUCCESS ----
SCRIPT       : 16:46:32.015 [EXPANSION DEBUG]: SurvivorBase<fc6181b0>::OnEnterSafeZone
SCRIPT       : bool m_Expansion_LeavingSafeZone = 0
SCRIPT       : bool m_Expansion_IsInSafeZone = 0
SCRIPT       : bool m_Expansion_IsInSafeZoneSynchRemote = 0
SCRIPT       : [EditorLoader] Sent Deleted objects in 0s
SCRIPT       : 16:46:32.015 [EXPANSION DEBUG]: ExpansionPartyData<48849ff0>::OnJoin party Blorpus (ID 0) player Blorpus9000 (ID 3I2KPiMwtNrbRzLe964-q3OrI2Ligr9LBcsFxmVIl3Q=)
SCRIPT       : 16:46:32.035 [EXPANSION DEBUG]: ExpansionQuestModule<9974d70> Sending 59 quest configs to client with UID: 3I2KPiMwtNrbRzLe964-q3OrI2Ligr9LBcsFxmVIl3Q=
SCRIPT       : 16:46:32.035 [EXPANSION DEBUG]: ExpansionQuestModule<9974d70> Sending player quest data for 29 quests to player with UID: 3I2KPiMwtNrbRzLe964-q3OrI2Ligr9LBcsFxmVIl3Q=
SCRIPT       : 16:46:34.382 [EXPANSION DEBUG]: ExpansionItemSpawnHelper::Clone - created M4A1:031373 at location { type=HANDS item=M4A1:031318 parent=eAI_SurvivorM_Lewis:050 }
SCRIPT       : 16:46:34.382 [EXPANSION DEBUG]: ExpansionItemSpawnHelper::Clone - created M4_OEBttstck:031374 at location { type=ATTACHMENT item=null parent=M4A1:031373 slot=weaponButtstockM4 }
SCRIPT       : 16:46:34.382 [EXPANSION DEBUG]: ExpansionItemSpawnHelper::Clone - created M4_CarryHandleOptic:031375 at location { type=ATTACHMENT item=null parent=M4A1:031373 slot=weaponOptics }
SCRIPT       : 16:46:34.382 [EXPANSION DEBUG]: ExpansionItemSpawnHelper::Clone - created M4_MPHndgrd:031376 at location { type=ATTACHMENT item=null parent=M4A1:031373 slot=weaponHandguardM4 }
SCRIPT       : 16:46:34.433 [EXPANSION DEBUG]: ExpansionItemSpawnHelper::Clone - created Scout:031319 at location { type=HANDS item=Scout:031295 parent=eAI_SurvivorF_Baty:048 }
SCRIPT       : 16:46:34.433 [EXPANSION DEBUG]: ExpansionItemSpawnHelper::Clone - created Mag_Scout_5Rnd:031318 at location { type=ATTACHMENT item=null parent=Scout:031319 slot=magazine }
SCRIPT       : 16:46:34.449 [EXPANSION DEBUG]: ExpansionItemSpawnHelper::Clone - created M16A2:031321 at location { type=HANDS item=M16A2:031307 parent=eAI_SurvivorM_Denis:049 }
SCRIPT       : 16:46:34.449 [EXPANSION DEBUG]: ExpansionItemSpawnHelper::Clone - created Mag_STANAG_30Rnd:031295 at location { type=ATTACHMENT item=null parent=M16A2:031321 slot=magazine }
SCRIPT       : 16:46:34.472 [EXPANSION DEBUG]: ExpansionItemSpawnHelper::Clone - created M16A2:031296 at location { type=HANDS item=M16A2:031347 parent=eAI_SurvivorM_Guo:052 }
SCRIPT       : 16:46:34.472 [EXPANSION DEBUG]: ExpansionItemSpawnHelper::Clone - created Mag_STANAG_30Rnd:031307 at location { type=ATTACHMENT item=null parent=M16A2:031296 slot=magazine }
SCRIPT       : 16:46:34.582 [EXPANSION DEBUG]: ExpansionItemSpawnHelper::Clone - created AugShort:031308 at location { type=HANDS item=AugShort:031360 parent=eAI_SurvivorF_Irena:053 }
SCRIPT       : 16:46:34.585 [EXPANSION DEBUG]: ExpansionItemSpawnHelper::Clone - created Mag_Aug_30Rnd:031347 at location { type=ATTACHMENT item=null parent=AugShort:031308 slot=magazine }
SCRIPT       : 16:46:34.585 [EXPANSION DEBUG]: ExpansionItemSpawnHelper::Clone - created AugOptic:031348 at location { type=ATTACHMENT item=null parent=AugShort:031308 slot=weaponOpticsAug }
SCRIPT       : 16:46:34.589 [EXPANSION DEBUG]: ExpansionItemSpawnHelper::Clone - created AugShort:031320 at location { type=HANDS item=AugShort:031333 parent=eAI_SurvivorM_Mirek:051 }
SCRIPT       : 16:46:34.589 [EXPANSION DEBUG]: ExpansionItemSpawnHelper::Clone - created Mag_Aug_30Rnd:031360 at location { type=ATTACHMENT item=null parent=AugShort:031320 slot=magazine }
SCRIPT       : 16:46:34.589 [EXPANSION DEBUG]: ExpansionItemSpawnHelper::Clone - created AugOptic:031372 at location { type=ATTACHMENT item=null parent=AugShort:031320 slot=weaponOpticsAug }
SCRIPT       : ExpansionActionOpenTraderMenu::OnStartServer - Start
SCRIPT       : [Logout]: New player 3I2KPiMwtNrbRzLe964-q3OrI2Ligr9LBcsFxmVIl3Q= with logout time 3
SCRIPT       : [emote] SurvivorM_Quinn:047 play emote id=14 IH=AK74:031215
SCRIPT       : 16:47:16.187 [EXPANSION DEBUG]: ExpansionPartyData<48849ff0>::OnLeave party Blorpus (ID 0) player Blorpus9000 (ID 3I2KPiMwtNrbRzLe964-q3OrI2Ligr9LBcsFxmVIl3Q=)
SCRIPT       : 16:47:16.187 [EXPANSION DEBUG]: ExpansionQuestPersistentData<f27944b0> ~ExpansionQuestPersistentData (29)
SCRIPT       : [Logout]: Player 3I2KPiMwtNrbRzLe964-q3OrI2Ligr9LBcsFxmVIl3Q= finished
