---------------------------------------------
Log C:\Program Files (x86)\Steam\steamapps\common\DayZServerAug2\config\script_2023-08-06_15-50-51.log started at 06.08. 15:50:51

SCRIPT       : Registered 395 temporary action enum(s), UAN==395
SCRIPT       : Registering faction type eAIFactionShamans ID -1484989417
SCRIPT       : Registering faction type eAIFactionObservers ID -563736721
SCRIPT       : Registering faction type eAIFactionInvincibleObservers ID -1227299746
SCRIPT       : Registering faction type eAIFactionEast ID 90522109
SCRIPT       : Registering faction type eAIFactionGuards ID 963933710
SCRIPT       : Registering faction type eAIFactionRaiders ID 1535276022
SCRIPT       : Registering faction type eAIFactionMercenaries ID 1629891834
SCRIPT       : Registering faction type eAIFactionWest ID 113880155
SCRIPT       : Registering faction type eAIFactionCivilian ID 1096178351
SCRIPT       : Registering faction type eAIFactionPassive ID -1159399789
SCRIPT       : Registering faction type eAIFactionInvincibleGuards ID 782746017
SCRIPT       : ... Backlit Effects Enabled
SCRIPT       : 15:50:52 [EXPANSION LOG]: DayZGame<1e471320> Start time (local time) 2023-08-06 15:50:48
SCRIPT       : 15:50:52 [EXPANSION LOG]: DayZGame<1e471320> Start time (UTC) 2023-08-06 20:50:48
SCRIPT       : 15:50:52 [EXPANSION LOG]: DayZGame<1e471320> Runtime since start (seconds) 4.321
SCRIPT    (W): @"JM/COT/Scripts/4_World/communityonlinetools\classes\webhook\jmwebhookdiscordmessage.c,19": Possible variable name conflict 'username'
SCRIPT    (W): @"JM/COT/Scripts/4_World/communityonlinetools\classes\webhook\jmwebhookdiscordmessage.c,19": Possible variable name conflict 'avatar_url'
SCRIPT    (W): @"JM/COT/Scripts/4_World/communityonlinetools\classes\webhook\jmwebhookdiscordmessage.c,19": Possible variable name conflict 'content'
SCRIPT    (W): @"JM/COT/Scripts/4_World/communityonlinetools\classes\webhook\jmwebhookdiscordmessage.c,151": Possible variable name conflict 'url'
SCRIPT    (W): @"JM/COT/Scripts/4_World/communityonlinetools\classes\webhook\jmwebhookdiscordmessage.c,172": Possible variable name conflict 'url'
SCRIPT    (W): @"JM/COT/Scripts/4_World/communityonlinetools\classes\webhook\jmwebhookdiscordmessage.c,180": Possible variable name conflict 'url'
SCRIPT       : Expansion version: 1.8.20
SCRIPT       : 15:51:06.359 [EXPANSION DEBUG]: [ExpansionDebugSettings] Load existing setting file:$profile:ExpansionMod\Settings\DebugSettings.json
SCRIPT       : 15:51:06.359 [EXPANSION DEBUG]: [ExpansionLogSettings] Load existing setting file:$profile:ExpansionMod\Settings\LogsSettings.json
SCRIPT       : 15:51:06.363 [EXPANSION DEBUG]: [ExpansionNotificationSettings] Load existing setting file:$profile:ExpansionMod\Settings\NotificationSettings.json
SCRIPT       : 15:51:06.363 [EXPANSION DEBUG]: [ExpansionMonitoringSettings] Load existing setting file:$profile:ExpansionMod\Settings\MonitoringSettings.json
SCRIPT       : 15:51:06.363 [EXPANSION DEBUG]: [ExpansionDamageSystemSettings] Load existing setting file:$profile:ExpansionMod\Settings\DamageSystemSettings.json
SCRIPT       : 15:51:06.363 [EXPANSION DEBUG]: [ExpansionPartySettings] Load existing setting file:$profile:ExpansionMod\Settings\PartySettings.json
SCRIPT       : 15:51:06.363 [EXPANSION DEBUG]: [ExpansionHardlineSettings] Load existing setting file:$mission:expansion\settings\HardlineSettings.json
SCRIPT       : 15:51:06.367 [EXPANSION DEBUG]: [ExpansionMarketSettings] Load existing setting file:$mission:expansion\settings\MarketSettings.json
SCRIPT       : ExpansionMarketSettings::LoadCategories - Adding category ID 1 (Ammo)
SCRIPT       : ExpansionMarketSettings::LoadCategories - Adding category ID 2 (Ammo_Boxes)
SCRIPT       : ExpansionMarketSettings::LoadCategories - Adding category ID 3 (Armbands)
SCRIPT       : ExpansionMarketSettings::LoadCategories - Adding category ID 4 (Assault_Rifles)
SCRIPT       : ExpansionMarketSettings::LoadCategories - Adding category ID 5 (Backpacks)
SCRIPT       : ExpansionMarketSettings::LoadCategories - Adding category ID 6 (Bandanas)
SCRIPT       : ExpansionMarketSettings::LoadCategories - Adding category ID 7 (Batteries)
SCRIPT       : ExpansionMarketSettings::LoadCategories - Adding category ID 8 (Bayonets)
SCRIPT       : ExpansionMarketSettings::LoadCategories - Adding category ID 9 (Belts)
SCRIPT       : ExpansionMarketSettings::LoadCategories - Adding category ID 10 (Blouses_And_Suits)
SCRIPT       : ExpansionMarketSettings::LoadCategories - Adding category ID 11 (Boats)
SCRIPT       : ExpansionMarketSettings::LoadCategories - Adding category ID 12 (Boots_And_Shoes)
SCRIPT       : ExpansionMarketSettings::LoadCategories - Adding category ID 13 (Buttstocks)
SCRIPT       : ExpansionMarketSettings::LoadCategories - Adding category ID 14 (Caps)
SCRIPT       : ExpansionMarketSettings::LoadCategories - Adding category ID 15 (Cars)
SCRIPT       : ExpansionMarketSettings::LoadCategories - Adding category ID 16 (Coats_And_Jackets)
SCRIPT       : ExpansionMarketSettings::LoadCategories - Adding category ID 17 (Containers)
SCRIPT       : ExpansionMarketSettings::LoadCategories - Adding category ID 18 (Crossbows)
SCRIPT       : ExpansionMarketSettings::LoadCategories - Adding category ID 19 (Drinks)
SCRIPT       : ExpansionMarketSettings::LoadCategories - Adding category ID 20 (Electronics)
SCRIPT       : ExpansionMarketSettings::LoadCategories - Adding category ID 21 (Event)
SCRIPT       : ExpansionMarketSettings::LoadCategories - Adding category ID 22 (Exchange)
SCRIPT       : ExpansionMarketSettings::LoadCategories - Adding category ID 23 (Explosives_And_Grenades)
SCRIPT       : ExpansionMarketSettings::LoadCategories - Adding category ID 24 (Eyewear)
SCRIPT       : ExpansionMarketSettings::LoadCategories - Adding category ID 25 (Fish)
SCRIPT       : ExpansionMarketSettings::LoadCategories - Adding category ID 26 (Fishing)
SCRIPT       : ExpansionMarketSettings::LoadCategories - Adding category ID 27 (Flags)
SCRIPT       : ExpansionMarketSettings::LoadCategories - Adding category ID 28 (Food)
SCRIPT       : ExpansionMarketSettings::LoadCategories - Adding category ID 29 (Fruit_And_Vegetables)
SCRIPT       : ExpansionMarketSettings::LoadCategories - Adding category ID 30 (Furnishings)
SCRIPT       : ExpansionMarketSettings::LoadCategories - Adding category ID 31 (Gardening)
SCRIPT       : ExpansionMarketSettings::LoadCategories - Adding category ID 32 (Ghillies)
SCRIPT       : ExpansionMarketSettings::LoadCategories - Adding category ID 33 (Gloves)
SCRIPT       : ExpansionMarketSettings::LoadCategories - Adding category ID 34 (Handguards)
SCRIPT       : ExpansionMarketSettings::LoadCategories - Adding category ID 35 (Hats_And_Hoods)
SCRIPT       : ExpansionMarketSettings::LoadCategories - Adding category ID 36 (Helicopters)
SCRIPT       : ExpansionMarketSettings::LoadCategories - Adding category ID 37 (Helmets)
SCRIPT       : ExpansionMarketSettings::LoadCategories - Adding category ID 38 (Holsters_And_Pouches)
SCRIPT       : ExpansionMarketSettings::LoadCategories - Adding category ID 39 (Kits)
SCRIPT       : ExpansionMarketSettings::LoadCategories - Adding category ID 40 (Knifes)
SCRIPT       : ExpansionMarketSettings::LoadCategories - Adding category ID 41 (Launchers)
SCRIPT       : ExpansionMarketSettings::LoadCategories - Adding category ID 42 (Lights)
SCRIPT       : ExpansionMarketSettings::LoadCategories - Adding category ID 43 (Liquids)
SCRIPT       : ExpansionMarketSettings::LoadCategories - Adding category ID 44 (Locks)
SCRIPT       : ExpansionMarketSettings::LoadCategories - Adding category ID 45 (Magazines)
SCRIPT       : ExpansionMarketSettings::LoadCategories - Adding category ID 46 (Masks)
SCRIPT       : ExpansionMarketSettings::LoadCategories - Adding category ID 47 (Meat)
SCRIPT       : ExpansionMarketSettings::LoadCategories - Adding category ID 48 (Medical)
SCRIPT       : ExpansionMarketSettings::LoadCategories - Adding category ID 49 (Melee_Weapons)
SCRIPT       : ExpansionMarketSettings::LoadCategories - Adding category ID 50 (Muzzles)
SCRIPT       : ExpansionMarketSettings::LoadCategories - Adding category ID 51 (Navigation)
SCRIPT       : ExpansionMarketSettings::LoadCategories - Adding category ID 52 (Optics)
SCRIPT       : ExpansionMarketSettings::LoadCategories - Adding category ID 53 (Pants_And_Shorts)
SCRIPT       : ExpansionMarketSettings::LoadCategories - Adding category ID 54 (Pistols)
SCRIPT       : ExpansionMarketSettings::LoadCategories - Adding category ID 55 (Rifles)
SCRIPT       : ExpansionMarketSettings::LoadCategories - Adding category ID 56 (Shirts_And_TShirts)
SCRIPT       : ExpansionMarketSettings::LoadCategories - Adding category ID 57 (Shotguns)
SCRIPT       : ExpansionMarketSettings::LoadCategories - Adding category ID 58 (Skirts_And_Dresses)
SCRIPT       : ExpansionMarketSettings::LoadCategories - Adding category ID 59 (Sniper_Rifles)
SCRIPT       : ExpansionMarketSettings::LoadCategories - Adding category ID 60 (Spraycans)
SCRIPT       : ExpansionMarketSettings::LoadCategories - Adding category ID 61 (Submachine_Guns)
SCRIPT       : ExpansionMarketSettings::LoadCategories - Adding category ID 62 (Supplies)
SCRIPT       : ExpansionMarketSettings::LoadCategories - Adding category ID 63 (Sweaters_And_Hoodies)
SCRIPT       : ExpansionMarketSettings::LoadCategories - Adding category ID 64 (Tents)
SCRIPT       : ExpansionMarketSettings::LoadCategories - Adding category ID 65 (Tools)
SCRIPT       : ExpansionMarketSettings::LoadCategories - Adding category ID 66 (Vehicle_Parts)
SCRIPT       : ExpansionMarketSettings::LoadCategories - Adding category ID 67 (Vests)
SCRIPT       : 15:51:06.480 [EXPANSION DEBUG]: [ExpansionAirdropSettings] Load existing setting file:$profile:ExpansionMod\Settings\AirdropSettings.json
SCRIPT       : 15:51:06.613 [EXPANSION DEBUG]: [ExpansionMissionSettings] Load existing setting file:$profile:ExpansionMod\Settings\MissionSettings.json
SCRIPT       : 15:51:06.613 [EXPANSION DEBUG]: [ExpansionMapSettings] Load existing setting file:$mission:expansion\settings\MapSettings.json
SCRIPT       : 15:51:06.628 [EXPANSION DEBUG]: [ExpansionPersonalStorageNewSettings] Load existing setting file:$profile:ExpansionMod\Settings\PersonalStorageNewSettings.json
SCRIPT       : 15:51:06.628 [EXPANSION DEBUG]: [ExpansionGeneralSettings] Load existing setting file:$profile:ExpansionMod\Settings\GeneralSettings.json
SCRIPT       : 15:51:06.628 [EXPANSION DEBUG]: [ExpansionPlayerListSettings] Load existing setting file:$profile:ExpansionMod\Settings\PlayerListSettings.json
SCRIPT       : 15:51:06.628 [EXPANSION DEBUG]: [ExpansionSocialMediaSettings] Load existing setting file:$profile:ExpansionMod\Settings\SocialMediaSettings.json
SCRIPT       : 15:51:06.628 [EXPANSION DEBUG]: [ExpansionSpawnSettings] Load existing setting file:$mission:expansion\settings\SpawnSettings.json
SCRIPT       : 15:51:06.628 [EXPANSION DEBUG]: [ExpansionVehicleSettings] Load existing setting file:$profile:ExpansionMod\Settings\VehicleSettings.json
SCRIPT       : 15:51:06.632 [EXPANSION DEBUG]: [ExpansionAISettings] Load existing setting file:$profile:ExpansionMod\Settings\AISettings.json
SCRIPT       : 15:51:06.632 [EXPANSION DEBUG]: [ExpansionAIPatrolSettings] Load existing setting file:$mission:expansion\settings\AIPatrolSettings.json
SCRIPT       : 15:51:06.636 [EXPANSION DEBUG]: [ExpansionBaseBuildingSettings] Load existing setting file:$mission:expansion\settings\BaseBuildingSettings.json
SCRIPT       : 15:51:06.636 [EXPANSION DEBUG]: [ExpansionRaidSettings] Load existing setting file:$profile:ExpansionMod\Settings\RaidSettings.json
SCRIPT       : 15:51:06.636 [EXPANSION DEBUG]: [ExpansionTerritorySettings] Load existing setting file:$profile:ExpansionMod\Settings\TerritorySettings.json
SCRIPT       : 15:51:06.640 [EXPANSION DEBUG]: [ExpansionChatSettings] Load existing setting file:$profile:ExpansionMod\Settings\ChatSettings.json
SCRIPT       : [DefineTest] EXPANSIONMOD is defined
SCRIPT       : [DefineTest] EXPANSIONMODAI is defined
SCRIPT       : [DefineTest] EXPANSIONMODANIMATIONS is defined
SCRIPT       : [DefineTest] EXPANSIONMODBASEBUILDING is defined
SCRIPT       : [DefineTest] EXPANSIONMODBOOK is defined
SCRIPT       : [DefineTest] EXPANSIONMODCHAT is defined
SCRIPT       : [DefineTest] EXPANSIONMODCORE is defined
SCRIPT       : [DefineTest] EXPANSIONMODGARAGE is defined
SCRIPT       : [DefineTest] EXPANSIONMODGROUPS is defined
SCRIPT       : [DefineTest] EXPANSIONMODHARDLINE is defined
SCRIPT       : [DefineTest] EXPANSIONMODKILLFEED is defined
SCRIPT       : [DefineTest] EXPANSIONMODMAPASSETS is defined
SCRIPT       : [DefineTest] EXPANSIONMODMARKET is defined
SCRIPT       : [DefineTest] EXPANSIONMODMISSIONS is defined
SCRIPT       : [DefineTest] EXPANSIONMODNAMETAGS is defined
SCRIPT       : [DefineTest] EXPANSIONMODNAVIGATION is defined
SCRIPT       : [DefineTest] EXPANSIONMODP2PMARKET is defined
SCRIPT       : [DefineTest] EXPANSIONMODPERSONALSTORAGE is defined
SCRIPT       : [DefineTest] EXPANSIONMODQUESTS is defined
SCRIPT       : [DefineTest] EXPANSIONMODSPAWNSELECTION is defined
SCRIPT       : [DefineTest] EXPANSIONMODVEHICLE is defined
SCRIPT       : [DefineTest] EXPANSIONMODWEAPONS is defined
SCRIPT       : [DefineTest] CfgMods:
SCRIPT       : defaultAction
SCRIPT       : DayZ
SCRIPT       : DZ_Expansion_AI_Preload
SCRIPT       : DZ_Expansion_Animations_Preload
SCRIPT       : DZ_Expansion_BaseBuilding_Preload
SCRIPT       : DZ_Expansion_Book_Preload
SCRIPT       : DZ_Expansion_Chat_Preload
SCRIPT       : DZ_Expansion_Core_Preload
SCRIPT       : DZ_Expansion_Garage_Preload
SCRIPT       : DZ_Expansion_Groups_Preload
SCRIPT       : DZ_Expansion_Hardline_Preload
SCRIPT       : DZ_Expansion_KillFeed_Preload
SCRIPT       : DZ_Expansion_MapAssets_Preload
SCRIPT       : DZ_Expansion_Market_Preload
SCRIPT       : DZ_Expansion_Missions_Preload
SCRIPT       : DZ_Expansion_ModStorage_Preload
SCRIPT       : DZ_Expansion_NameTags_Preload
SCRIPT       : DZ_Expansion_Navigation_Preload
SCRIPT       : DZ_Expansion_P2PMarket_Preload
SCRIPT       : DZ_Expansion_PersonalStorage_Preload
SCRIPT       : DZ_Expansion_Preload
SCRIPT       : DZ_Expansion_Quests_Preload
SCRIPT       : DZ_Expansion_SpawnSelection_Preload
SCRIPT       : DZ_Expansion_Vehicles_Preload
SCRIPT       : DZ_Expansion_Weapons_Preload
SCRIPT       : DZ_DabsFramework
SCRIPT       : DZ_Expansion_DefineTest
SCRIPT       : DZ_Expansion_MapAssets
SCRIPT       : bliss
SCRIPT       : JM_CommunityFramework
SCRIPT       : JM_CommunityOnlineTools
SCRIPT       : DZ_Expansion_ModStorage
SCRIPT       : DZ_Expansion_Core
SCRIPT       : DZ_Expansion_Garage
SCRIPT       : DZ_Expansion_Groups
SCRIPT       : DZ_Expansion_Market
SCRIPT       : DZ_Expansion_Missions
SCRIPT       : DZ_Expansion_NameTags
SCRIPT       : DZ_Expansion_Navigation
SCRIPT       : DZ_Expansion_NotificationScheduler
SCRIPT       : DZ_Expansion_P2PMarket
SCRIPT       : DZ_Expansion_PersonalStorage
SCRIPT       : DZ_Expansion_PersonalStorageNew
SCRIPT       : DZ_Expansion_PlayerList
SCRIPT       : DZ_Expansion
SCRIPT       : DZ_Expansion_SpawnSelection
SCRIPT       : DZ_Expansion_VanillaFixes
SCRIPT       : DZ_Expansion_Vehicles
SCRIPT       : DZ_Expansion_Weapons
SCRIPT       : DZ_Expansion_AI
SCRIPT       : DZ_Expansion_BaseBuilding
SCRIPT       : DZ_Expansion_Book
SCRIPT       : DZ_Expansion_Chat
SCRIPT       : DZ_Expansion_Hardline
SCRIPT       : DZ_Expansion_Quests
SCRIPT       : DZ_Expansion_VirtualContainerStorage
SCRIPT       : DayZ_Expansion_AI_Dynamic
SCRIPT       : 15:51:06.980 [EXPANSION DEBUG]: ModStorage v5
SCRIPT       : 15:51:09.816 [EXPANSION DEBUG]: ExpansionTraderJudy<23d74020>::SetTraderObject ExpansionTraderObjectBase<4a95b220> <4973.928711, 9.510984, 2436.782959>
SCRIPT       : 15:51:09.816 [EXPANSION DEBUG]: LoadMissionTradersFile trader ExpansionTraderJudy<23d74020> fileName Aircraft
SCRIPT       : 15:51:09.828 [EXPANSION DEBUG]: ExpansionTraderJose<a126020>::SetTraderObject ExpansionTraderObjectBase<4ac15630> <14353.624023, 3.326771, 13229.217773>
SCRIPT       : 15:51:09.828 [EXPANSION DEBUG]: LoadMissionTradersFile trader ExpansionTraderJose<a126020> fileName Boats
SCRIPT       : 15:51:09.835 [EXPANSION DEBUG]: ExpansionTraderEva<4ada4810>::SetTraderObject ExpansionTraderObjectBase<4ad72690> <14378.793945, 3.325975, 13271.585938>
SCRIPT       : 15:51:09.835 [EXPANSION DEBUG]: LoadMissionTradersFile trader ExpansionTraderEva<4ada4810> fileName Fishing
SCRIPT       : 15:51:09.843 [EXPANSION DEBUG]: ExpansionTraderLewis<155da2a0>::SetTraderObject ExpansionTraderObjectBase<4addca60> <1756.656372, 1.415564, 2027.359741>
SCRIPT       : 15:51:09.843 [EXPANSION DEBUG]: LoadMissionTradersFile trader ExpansionTraderLewis<155da2a0> fileName Boats
SCRIPT       : 15:51:09.847 [EXPANSION DEBUG]: LoadMissionTradersFile trader ExpansionTraderStaticBase<30bc5a00> fileName Exchange
SCRIPT       : 15:51:09.863 [EXPANSION DEBUG]: ExpansionTraderDenis<fc648fd0>::SetTraderObject ExpansionTraderObjectBase<4af062f0> <3697.249512, 402.010010, 5977.625488>
SCRIPT       : 15:51:09.863 [EXPANSION DEBUG]: LoadMissionTradersFile trader ExpansionTraderDenis<fc648fd0> fileName Clothing
SCRIPT       : 15:51:09.882 [EXPANSION DEBUG]: ExpansionTraderMaria<d3298030>::SetTraderObject ExpansionTraderObjectBase<4b00a290> <3696.455811, 402.010010, 5980.193359>
SCRIPT       : 15:51:09.882 [EXPANSION DEBUG]: LoadMissionTradersFile trader ExpansionTraderMaria<d3298030> fileName Clothing_Accessories
SCRIPT       : 15:51:09.894 [EXPANSION DEBUG]: ExpansionTraderQuinn<ed942020>::SetTraderObject ExpansionTraderObjectBase<4b105800> <3710.121826, 402.010010, 5976.164063>
SCRIPT       : 15:51:09.894 [EXPANSION DEBUG]: LoadMissionTradersFile trader ExpansionTraderQuinn<ed942020> fileName Consumables
SCRIPT       : 15:51:09.910 [EXPANSION DEBUG]: ExpansionTraderNaomi<e088e020>::SetTraderObject ExpansionTraderObjectBase<54132690> <3708.786865, 402.010010, 5974.589844>
SCRIPT       : 15:51:09.910 [EXPANSION DEBUG]: LoadMissionTradersFile trader ExpansionTraderNaomi<e088e020> fileName Weapons
SCRIPT       : 15:51:09.925 [EXPANSION DEBUG]: ExpansionTraderSeth<739bb890>::SetTraderObject ExpansionTraderObjectBase<541f6d20> <3710.265137, 402.010010, 5973.340820>
SCRIPT       : 15:51:09.925 [EXPANSION DEBUG]: LoadMissionTradersFile trader ExpansionTraderSeth<739bb890> fileName Attachments
SCRIPT       : 15:51:09.937 [EXPANSION DEBUG]: ExpansionTraderRolf<739da910>::SetTraderObject ExpansionTraderObjectBase<543ba140> <3698.172607, 402.010010, 5995.337402>
SCRIPT       : 15:51:09.937 [EXPANSION DEBUG]: LoadMissionTradersFile trader ExpansionTraderRolf<739da910> fileName Vehicles
SCRIPT       : 15:51:09.957 [EXPANSION DEBUG]: ExpansionTraderIndar<739bf6a0>::SetTraderObject ExpansionTraderObjectBase<544e0e30> <3714.531006, 402.138000, 5961.776367>
SCRIPT       : 15:51:09.957 [EXPANSION DEBUG]: LoadMissionTradersFile trader ExpansionTraderIndar<739bf6a0> fileName Components
SCRIPT       : 15:51:09.960 [EXPANSION DEBUG]: ExpansionTraderJudy<739edf60>::SetTraderObject ExpansionTraderObjectBase<545ca6c0> <3729.029541, 402.651001, 5969.476563>
SCRIPT       : 15:51:09.960 [EXPANSION DEBUG]: LoadMissionTradersFile trader ExpansionTraderJudy<739edf60> fileName Medicals
SCRIPT       : 15:51:09.964 [EXPANSION DEBUG]: ExpansionTraderNaomi<739e2530>::SetTraderObject ExpansionTraderObjectBase<545d2320> <3690.062988, 402.100067, 6006.763672>
SCRIPT       : 15:51:09.964 [EXPANSION DEBUG]: LoadMissionTradersFile trader ExpansionTraderNaomi<739e2530> fileName Vehicle_Parts
SCRIPT       : 15:51:09.972 [EXPANSION DEBUG]: ExpansionTraderJose<739e6340>::SetTraderObject ExpansionTraderObjectBase<545d8310> <3699.629883, 402.010010, 5993.970215>
SCRIPT       : 15:51:09.972 [EXPANSION DEBUG]: LoadMissionTradersFile trader ExpansionTraderJose<739e6340> fileName Spraycans
SCRIPT       : 15:51:09.980 [EXPANSION DEBUG]: ExpansionTraderLinda<739ea150>::SetTraderObject ExpansionTraderObjectBase<54741da0> <3674.669922, 406.760010, 5990.390137>
SCRIPT       : 15:51:09.980 [EXPANSION DEBUG]: LoadMissionTradersFile trader ExpansionTraderLinda<739ea150> fileName Special
SCRIPT       : 15:51:09.988 [EXPANSION DEBUG]: ExpansionTraderNiki<739de720>::SetTraderObject ExpansionTraderObjectBase<547e4fc0> <3699.030029, 402.013000, 5973.439941>
SCRIPT       : 15:51:09.988 [EXPANSION DEBUG]: LoadMissionTradersFile trader ExpansionTraderNiki<739de720> fileName BuildingSupplies
SCRIPT       : 15:51:09.996 [EXPANSION DEBUG]: ExpansionTraderFrancis<739f1d70>::SetTraderObject ExpansionTraderObjectBase<54919690> <1153.964844, 6.463035, 2409.763184>
SCRIPT       : 15:51:09.996 [EXPANSION DEBUG]: LoadMissionTradersFile trader ExpansionTraderFrancis<739f1d70> fileName Attachments
SCRIPT       : 15:51:10.007 [EXPANSION DEBUG]: ExpansionTraderKaito<54a43a90>::SetTraderObject ExpansionTraderObjectBase<54a203e0> <1117.021240, 5.495151, 2413.766357>
SCRIPT       : 15:51:10.007 [EXPANSION DEBUG]: LoadMissionTradersFile trader ExpansionTraderKaito<54a43a90> fileName Components
SCRIPT       : 15:51:10.015 [EXPANSION DEBUG]: ExpansionTraderCyril<54a478a0>::SetTraderObject ExpansionTraderObjectBase<54bc7180> <1136.987427, 5.908522, 2439.662598>
SCRIPT       : 15:51:10.015 [EXPANSION DEBUG]: LoadMissionTradersFile trader ExpansionTraderCyril<54a478a0> fileName Clothing
SCRIPT       : 15:51:10.023 [EXPANSION DEBUG]: ExpansionTraderGuo<54a4b6b0>::SetTraderObject ExpansionTraderObjectBase<54c8eb80> <1133.974854, 5.909700, 2442.412598>
SCRIPT       : 15:51:10.023 [EXPANSION DEBUG]: LoadMissionTradersFile trader ExpansionTraderGuo<54a4b6b0> fileName Clothing_Accessories
SCRIPT       : 15:51:10.031 [EXPANSION DEBUG]: ExpansionTraderBoris<54a4f4c0>::SetTraderObject ExpansionTraderObjectBase<54caad80> <1123.468262, 15.349299, 2426.316162>
SCRIPT       : 15:51:10.031 [EXPANSION DEBUG]: LoadMissionTradersFile trader ExpansionTraderBoris<54a4f4c0> fileName Exchange
SCRIPT       : 15:51:10.031 [EXPANSION DEBUG]: ExpansionTraderLinda<54a532d0>::SetTraderObject ExpansionTraderObjectBase<54d9e930> <1135.892822, 5.908773, 2436.856689>
SCRIPT       : 15:51:10.031 [EXPANSION DEBUG]: LoadMissionTradersFile trader ExpansionTraderLinda<54a532d0> fileName Consumables
SCRIPT       : 15:51:10.039 [EXPANSION DEBUG]: ExpansionTraderKeiko<54a38060>::SetTraderObject ExpansionTraderObjectBase<54dbc840> <1130.731689, 5.951744, 2438.009277>
SCRIPT       : 15:51:10.039 [EXPANSION DEBUG]: LoadMissionTradersFile trader ExpansionTraderKeiko<54a38060> fileName Medicals
SCRIPT       : 15:51:10.046 [EXPANSION DEBUG]: ExpansionTraderHelga<54a3be70>::SetTraderObject ExpansionTraderObjectBase<54ee0cc0> <1141.654419, 5.906255, 2421.591309>
SCRIPT       : 15:51:10.046 [EXPANSION DEBUG]: LoadMissionTradersFile trader ExpansionTraderHelga<54a3be70> fileName Special
SCRIPT       : 15:51:10.054 [EXPANSION DEBUG]: ExpansionTraderFrida<54a570e0>::SetTraderObject ExpansionTraderObjectBase<54f92dd0> <1120.135132, 5.600746, 2417.465820>
SCRIPT       : 15:51:10.054 [EXPANSION DEBUG]: LoadMissionTradersFile trader ExpansionTraderFrida<54a570e0> fileName Vehicles
SCRIPT       : 15:51:10.062 [EXPANSION DEBUG]: ExpansionTraderHassan<54a5aef0>::SetTraderObject ExpansionTraderObjectBase<5851be90> <1123.977905, 5.639271, 2417.411865>
SCRIPT       : 15:51:10.062 [EXPANSION DEBUG]: LoadMissionTradersFile trader ExpansionTraderHassan<54a5aef0> fileName Vehicle_Parts
SCRIPT       : 15:51:10.066 [EXPANSION DEBUG]: ExpansionTraderDenis<54a3fc80>::SetTraderObject ExpansionTraderObjectBase<58520210> <1156.719727, 6.513331, 2406.355225>
SCRIPT       : 15:51:10.066 [EXPANSION DEBUG]: LoadMissionTradersFile trader ExpansionTraderDenis<54a3fc80> fileName Weapons
SCRIPT       : 15:51:10.074 [EXPANSION DEBUG]: ExpansionTraderGabi<54a62b10>::SetTraderObject ExpansionTraderObjectBase<585fda40> <1135.689941, 5.900000, 2423.300049>
SCRIPT       : 15:51:10.074 [EXPANSION DEBUG]: LoadMissionTradersFile trader ExpansionTraderGabi<54a62b10> fileName BuildingSupplies
SCRIPT       : 15:51:10.074 [EXPANSION DEBUG]: ExpansionTraderFrancis<54a6e540>::SetTraderObject ExpansionTraderObjectBase<58600ce0> <11835.901367, 140.617874, 12474.744141>
SCRIPT       : 15:51:10.074 [EXPANSION DEBUG]: LoadMissionTradersFile trader ExpansionTraderFrancis<54a6e540> fileName Attachments
SCRIPT       : 15:51:10.078 [EXPANSION DEBUG]: ExpansionTraderLinda<54a66920>::SetTraderObject ExpansionTraderObjectBase<58606370> <11856.716797, 140.565109, 12461.438477>
SCRIPT       : 15:51:10.078 [EXPANSION DEBUG]: LoadMissionTradersFile trader ExpansionTraderLinda<54a66920> fileName Consumables
SCRIPT       : 15:51:10.082 [EXPANSION DEBUG]: ExpansionTraderCyril<54a5ed00>::SetTraderObject ExpansionTraderObjectBase<3ca20c50> <11855.000000, 140.605103, 12466.099609>
SCRIPT       : 15:51:10.082 [EXPANSION DEBUG]: LoadMissionTradersFile trader ExpansionTraderCyril<54a5ed00> fileName Clothing
SCRIPT       : 15:51:10.085 [EXPANSION DEBUG]: ExpansionTraderGuo<54a6a730>::SetTraderObject ExpansionTraderObjectBase<3ca252a0> <11855.200195, 140.605103, 12470.487305>
SCRIPT       : 15:51:10.085 [EXPANSION DEBUG]: LoadMissionTradersFile trader ExpansionTraderGuo<54a6a730> fileName Clothing_Accessories
SCRIPT       : 15:51:10.085 [EXPANSION DEBUG]: ExpansionTraderKaito<54a72350>::SetTraderObject ExpansionTraderObjectBase<3ca29c60> <11849.400391, 140.605087, 12466.200195>
SCRIPT       : 15:51:10.085 [EXPANSION DEBUG]: LoadMissionTradersFile trader ExpansionTraderKaito<54a72350> fileName Components
SCRIPT       : 15:51:10.089 [EXPANSION DEBUG]: ExpansionTraderBoris<58866e70>::SetTraderObject ExpansionTraderObjectBase<3ca2eda0> <11858.202148, 140.615112, 12463.234375>
SCRIPT       : 15:51:10.089 [EXPANSION DEBUG]: LoadMissionTradersFile trader ExpansionTraderBoris<58866e70> fileName Exchange
SCRIPT       : 15:51:10.089 [EXPANSION DEBUG]: ExpansionTraderKeiko<5886ac80>::SetTraderObject ExpansionTraderObjectBase<3ca34250> <11853.218750, 140.605087, 12463.277344>
SCRIPT       : 15:51:10.089 [EXPANSION DEBUG]: LoadMissionTradersFile trader ExpansionTraderKeiko<5886ac80> fileName Medicals
SCRIPT       : 15:51:10.093 [EXPANSION DEBUG]: ExpansionTraderGabi<58863060>::SetTraderObject ExpansionTraderObjectBase<3ca3a5b0> <11833.200195, 140.605118, 12461.700195>
SCRIPT       : 15:51:10.093 [EXPANSION DEBUG]: LoadMissionTradersFile trader ExpansionTraderGabi<58863060> fileName Special
SCRIPT       : 15:51:10.101 [EXPANSION DEBUG]: ExpansionTraderElias<588766b0>::SetTraderObject ExpansionTraderObjectBase<58908320> <11877.799805, 140.134796, 12441.599609>
SCRIPT       : 15:51:10.101 [EXPANSION DEBUG]: LoadMissionTradersFile trader ExpansionTraderElias<588766b0> fileName Vehicles
SCRIPT       : 15:51:10.105 [EXPANSION DEBUG]: ExpansionTraderHassan<5887a4c0>::SetTraderObject ExpansionTraderObjectBase<5890d410> <11878.674805, 140.134796, 12424.302734>
SCRIPT       : 15:51:10.105 [EXPANSION DEBUG]: LoadMissionTradersFile trader ExpansionTraderHassan<5887a4c0> fileName Vehicle_Parts
SCRIPT       : 15:51:10.105 [EXPANSION DEBUG]: ExpansionTraderDenis<58889d00>::SetTraderObject ExpansionTraderObjectBase<589d9fd0> <11833.576172, 140.605072, 12469.492188>
SCRIPT       : 15:51:10.105 [EXPANSION DEBUG]: LoadMissionTradersFile trader ExpansionTraderDenis<58889d00> fileName Weapons
SCRIPT       : 15:51:10.109 [EXPANSION DEBUG]: ExpansionTraderLinda<588728a0>::SetTraderObject ExpansionTraderObjectBase<589de300> <11852.194336, 140.660980, 12472.387695>
SCRIPT       : 15:51:10.109 [EXPANSION DEBUG]: LoadMissionTradersFile trader ExpansionTraderLinda<588728a0> fileName BuildingSupplies
SCRIPT       : 15:51:10.117 [EXPANSION DEBUG]: ExpansionTraderManua<588820e0>::SetTraderObject ExpansionTraderObjectBase<58b022e0> <11879.722656, 140.094788, 12435.959961>
SCRIPT       : 15:51:10.117 [EXPANSION DEBUG]: LoadMissionTradersFile trader ExpansionTraderManua<588820e0> fileName Spraycans
SCRIPT       : 15:51:10.121 [EXPANSION DEBUG]: ExpansionTraderIrena<5887e2d0>::SetTraderObject ExpansionTraderObjectBase<58c72f30> <12160.279297, 140.580765, 12689.783203>
SCRIPT       : 15:51:10.121 [EXPANSION DEBUG]: LoadMissionTradersFile trader ExpansionTraderIrena<5887e2d0> fileName Aircraft
SCRIPT       : [ExpansionQuestPersistentServerData] Load existing configuration file:$profile:ExpansionMod\Quests\PersistentServerData.json
SCRIPT       : [ExpansionQuestPersistentServerData] Load existing configuration file:$profile:ExpansionMod\Quests\PersistentServerData.json
SCRIPT       : [ExpansionQuestObjectiveTravelConfig] Load existing configuration file:$profile:ExpansionMod\Quests\Objectives\Travel\Objective_T_1.json
SCRIPT       : [ExpansionQuestObjectiveTravelConfig] Load existing configuration file:$profile:ExpansionMod\Quests\Objectives\Travel\Objective_T_2.json
SCRIPT       : [ExpansionQuestObjectiveTravelConfig] Load existing configuration file:$profile:ExpansionMod\Quests\Objectives\Travel\Objective_T_3.json
SCRIPT       : [ExpansionQuestObjectiveTravelConfig] Load existing configuration file:$profile:ExpansionMod\Quests\Objectives\Travel\Objective_T_4.json
SCRIPT       : [ExpansionQuestObjectiveTargetConfig] Load existing configuration file:$profile:ExpansionMod\Quests\Objectives\Target\Objective_TA_1.json
SCRIPT       : [ExpansionQuestObjectiveTargetConfig] Load existing configuration file:$profile:ExpansionMod\Quests\Objectives\Target\Objective_TA_2.json
SCRIPT       : [ExpansionQuestObjectiveTargetConfig] Load existing configuration file:$profile:ExpansionMod\Quests\Objectives\Target\Objective_TA_3.json
SCRIPT       : [ExpansionQuestObjectiveTargetConfig] Load existing configuration file:$profile:ExpansionMod\Quests\Objectives\Target\Objective_TA_4.json
SCRIPT       : [ExpansionQuestObjectiveDeliveryConfig] Load existing configuration file:$profile:ExpansionMod\Quests\Objectives\Delivery\Objective_D_1.json
SCRIPT       : [ExpansionQuestObjectiveDeliveryConfig] Load existing configuration file:$profile:ExpansionMod\Quests\Objectives\Delivery\Objective_D_2.json
SCRIPT       : [ExpansionQuestObjectiveCollectionConfig] Load existing configuration file:$profile:ExpansionMod\Quests\Objectives\Collection\Objective_C_1.json
SCRIPT       : [ExpansionQuestObjectiveCollectionConfig] Load existing configuration file:$profile:ExpansionMod\Quests\Objectives\Collection\Objective_C_2.json
SCRIPT       : [ExpansionQuestObjectiveCollectionConfig] Load existing configuration file:$profile:ExpansionMod\Quests\Objectives\Collection\Objective_C_3.json
SCRIPT       : [ExpansionQuestObjectiveTreasureHuntConfig] Load existing configuration file:$profile:ExpansionMod\Quests\Objectives\TreasureHunt\Objective_TH_1.json
SCRIPT       : [ExpansionQuestObjectiveActionConfig] Load existing configuration file:$profile:ExpansionMod\Quests\Objectives\Action\Objective_A_1.json
SCRIPT       : [ExpansionQuestObjectiveActionConfig] Load existing configuration file:$profile:ExpansionMod\Quests\Objectives\Action\Objective_A_2.json
SCRIPT       : [ExpansionQuestObjectiveCraftingConfig] Load existing configuration file:$profile:ExpansionMod\Quests\Objectives\Crafting\Objective_CR_1.json
SCRIPT       : [ExpansionQuestObjectiveAIPatrolConfig] Load existing configuration file:$profile:ExpansionMod\Quests\Objectives\AIPatrol\Objective_AIP_1.json
SCRIPT       : [ExpansionQuestObjectiveAICampConfig] Load existing configuration file:$profile:ExpansionMod\Quests\Objectives\AICamp\Objective_AIC_1.json
SCRIPT       : [ExpansionQuestObjectiveAIEscortConfig] Load existing configuration file:$profile:ExpansionMod\Quests\Objectives\AIVIP\Objective_AIESCORT_1.json
SCRIPT       : [ExpansionQuestNPCData] Load existing configuration file:QuestNPC_1.json
SCRIPT       : [ExpansionQuestNPCData] Load existing configuration file:QuestNPC_2.json
SCRIPT       : [ExpansionQuestNPCData] Load existing configuration file:QuestNPC_3.json
SCRIPT       : 15:51:25.785 [EXPANSION DEBUG]: ExpansionP2PTraderAIIrena<854301b0>::SetP2PTraderID - ID: 1
SCRIPT       : ExpansionZonePolygon<c7b8c840> position=<12015.854492, 0.000000, 12591.097656> radius=419.633
SCRIPT       : ExpansionZoneCircle<d6f20020> position=<1143.140015, 0.000000, 2423.270020> radius=700
SCRIPT       : ExpansionZoneCircle<d6f20aa0> position=<3728.270020, 0.000000, 6003.600098> radius=500
SCRIPT       : Found 3 zones!
SCRIPT       : ExpansionMarketItem marketItem = ExpansionMarketItem<fb230cf0>
SCRIPT       : int worth =   1
SCRIPT       : 15:51:25.832 [EXPANSION DEBUG]: ExpansionQuestNPCAIDenis<854401d0>::OnEnterSafeZone
SCRIPT       : bool m_Expansion_LeavingSafeZone = 0
SCRIPT       : bool m_Expansion_IsInSafeZone = 0
SCRIPT       : bool m_Expansion_IsInSafeZoneSynchRemote = 0
SCRIPT       : 15:51:25.832 [EXPANSION DEBUG]: ExpansionP2PTraderAIIrena<854301b0>::OnEnterSafeZone
SCRIPT       : bool m_Expansion_LeavingSafeZone = 0
SCRIPT       : bool m_Expansion_IsInSafeZone = 0
SCRIPT       : bool m_Expansion_IsInSafeZoneSynchRemote = 0
SCRIPT       : [emote] ExpansionP2PTraderAIIrena:043 play emote id=46 IH=null
SCRIPT       : 15:51:27.195 [EXPANSION DEBUG]: ExpansionItemSpawnHelper::Clone - created AugShort:030913 at location { type=HANDS item=AugShort:030885 parent=ExpansionQuestNPCAIDenis:044 }
SCRIPT       : 15:51:27.195 [EXPANSION DEBUG]: ExpansionItemSpawnHelper::Clone - created Mag_Aug_30Rnd:030914 at location { type=ATTACHMENT item=null parent=AugShort:030913 slot=magazine }
SCRIPT       : 15:51:27.195 [EXPANSION DEBUG]: ExpansionItemSpawnHelper::Clone - created AugOptic:030915 at location { type=ATTACHMENT item=null parent=AugShort:030913 slot=weaponOpticsAug }
SCRIPT       : [emote] ExpansionQuestNPCAIDenis:044 play emote id=46 IH=AugShort:030913
SCRIPT       : 15:51:28.132 [EXPANSION DEBUG]: ExpansionItemSpawnHelper::Clone - created AKM:030886 at location { type=HANDS item=AKM:030895 parent=ExpansionQuestNPCAIElias:045 }
SCRIPT       : 15:51:28.132 [EXPANSION DEBUG]: ExpansionItemSpawnHelper::Clone - created AK_PlasticHndgrd:030885 at location { type=ATTACHMENT item=null parent=AKM:030886 slot=weaponHandguardAK }
SCRIPT       : 15:51:28.132 [EXPANSION DEBUG]: ExpansionItemSpawnHelper::Clone - created Mag_AKM_30Rnd:030912 at location { type=ATTACHMENT item=null parent=AKM:030886 slot=magazine }
SCRIPT       : [emote] ExpansionQuestNPCAIElias:045 play emote id=14 IH=AKM:030886
SCRIPT       : 15:52:02.660 [EXPANSION DEBUG]: ExpansionHardlineModule<2ff72b20> ::LoadPlayerData - Loaded player hardline data for player Blorpus9000[3I2KPiMwtNrbRzLe964-q3OrI2Ligr9LBcsFxmVIl3Q=]
SCRIPT       : ---- PlayerBase OnStoreLoad SUCCESS ----
SCRIPT       : 15:52:13.433 [EXPANSION DEBUG]: ExpansionQuestModule<32b8b5e0> Sending 21 quest configs to client with UID: 3I2KPiMwtNrbRzLe964-q3OrI2Ligr9LBcsFxmVIl3Q=
SCRIPT       : 15:52:13.433 [EXPANSION DEBUG]: ExpansionQuestModule<32b8b5e0> Sending player quest data for 4 quests to player with UID: 3I2KPiMwtNrbRzLe964-q3OrI2Ligr9LBcsFxmVIl3Q=
SCRIPT       : JMCameraModule::RPC_Leave - timestamp 175.139
SCRIPT       : JMCameraModule::Server_Leave - target SurvivorBase<8b5d99b0>
SCRIPT       : JMCameraModule::Server_Leave - spectated player NULL
SCRIPT       : JMCameraModule::RPC_Leave - timestamp 223.157
SCRIPT       : JMCameraModule::Server_Leave - target SurvivorBase<8b5d99b0>
SCRIPT       : JMCameraModule::Server_Leave - spectated player NULL
SCRIPT       : 15:55:04.812 [EXPANSION DEBUG]: ExpansionQuestModule<32b8b5e0> Quest configs already synched for player with UID: 3I2KPiMwtNrbRzLe964-q3OrI2Ligr9LBcsFxmVIl3Q=
SCRIPT       : 15:55:04.812 [EXPANSION DEBUG]: ExpansionQuestModule<32b8b5e0> Sending player quest data for quest ID 8 to player with UID: 3I2KPiMwtNrbRzLe964-q3OrI2Ligr9LBcsFxmVIl3Q=
SCRIPT       : 15:55:04.812 [EXPANSION DEBUG]: ExpansionQuestModule<32b8b5e0> Quest configs already synched for player with UID: 3I2KPiMwtNrbRzLe964-q3OrI2Ligr9LBcsFxmVIl3Q=
SCRIPT       : 15:55:04.812 [EXPANSION DEBUG]: ExpansionQuestModule<32b8b5e0> Sending player quest data for quest ID 9 to player with UID: 3I2KPiMwtNrbRzLe964-q3OrI2Ligr9LBcsFxmVIl3Q=
SCRIPT       : 15:55:16.726 [EXPANSION DEBUG]: ExpansionQuestModule<32b8b5e0> Quest configs already synched for player with UID: 3I2KPiMwtNrbRzLe964-q3OrI2Ligr9LBcsFxmVIl3Q=
SCRIPT       : 15:55:16.726 [EXPANSION DEBUG]: ExpansionQuestModule<32b8b5e0> Sending player quest data for quest ID 8 to player with UID: 3I2KPiMwtNrbRzLe964-q3OrI2Ligr9LBcsFxmVIl3Q=
SCRIPT       : 15:55:16.726 [EXPANSION DEBUG]: ExpansionQuestModule<32b8b5e0> Quest configs already synched for player with UID: 3I2KPiMwtNrbRzLe964-q3OrI2Ligr9LBcsFxmVIl3Q=
SCRIPT       : 15:55:16.726 [EXPANSION DEBUG]: ExpansionQuestModule<32b8b5e0> Sending player quest data for quest ID 9 to player with UID: 3I2KPiMwtNrbRzLe964-q3OrI2Ligr9LBcsFxmVIl3Q=
SCRIPT       : 15:55:27.425 [EXPANSION DEBUG]: ExpansionQuestModule<32b8b5e0> Quest configs already synched for player with UID: 3I2KPiMwtNrbRzLe964-q3OrI2Ligr9LBcsFxmVIl3Q=
SCRIPT       : 15:55:27.425 [EXPANSION DEBUG]: ExpansionQuestModule<32b8b5e0> Sending player quest data for quest ID 8 to player with UID: 3I2KPiMwtNrbRzLe964-q3OrI2Ligr9LBcsFxmVIl3Q=
SCRIPT       : 15:55:27.425 [EXPANSION DEBUG]: ExpansionQuestModule<32b8b5e0> Quest configs already synched for player with UID: 3I2KPiMwtNrbRzLe964-q3OrI2Ligr9LBcsFxmVIl3Q=
SCRIPT       : 15:55:27.425 [EXPANSION DEBUG]: ExpansionQuestModule<32b8b5e0> Sending player quest data for quest ID 9 to player with UID: 3I2KPiMwtNrbRzLe964-q3OrI2Ligr9LBcsFxmVIl3Q=
SCRIPT       : 15:55:30.789 [EXPANSION DEBUG]: ExpansionQuestModule<32b8b5e0> Quest configs already synched for player with UID: 3I2KPiMwtNrbRzLe964-q3OrI2Ligr9LBcsFxmVIl3Q=
SCRIPT       : 15:55:30.789 [EXPANSION DEBUG]: ExpansionQuestModule<32b8b5e0> Sending player quest data for quest ID 8 to player with UID: 3I2KPiMwtNrbRzLe964-q3OrI2Ligr9LBcsFxmVIl3Q=
SCRIPT       : 15:55:30.792 [EXPANSION DEBUG]: ExpansionQuestModule<32b8b5e0> Quest configs already synched for player with UID: 3I2KPiMwtNrbRzLe964-q3OrI2Ligr9LBcsFxmVIl3Q=
SCRIPT       : 15:55:30.792 [EXPANSION DEBUG]: ExpansionQuestModule<32b8b5e0> Sending player quest data for quest ID 9 to player with UID: 3I2KPiMwtNrbRzLe964-q3OrI2Ligr9LBcsFxmVIl3Q=
SCRIPT       : 15:55:49.765 [EXPANSION DEBUG]: ExpansionQuestModule<32b8b5e0> Quest configs already synched for player with UID: 3I2KPiMwtNrbRzLe964-q3OrI2Ligr9LBcsFxmVIl3Q=
SCRIPT       : 15:55:49.765 [EXPANSION DEBUG]: ExpansionQuestModule<32b8b5e0> Sending player quest data for quest ID 8 to player with UID: 3I2KPiMwtNrbRzLe964-q3OrI2Ligr9LBcsFxmVIl3Q=
SCRIPT       : 15:55:49.765 [EXPANSION DEBUG]: ExpansionQuestModule<32b8b5e0> Quest configs already synched for player with UID: 3I2KPiMwtNrbRzLe964-q3OrI2Ligr9LBcsFxmVIl3Q=
SCRIPT       : 15:55:49.765 [EXPANSION DEBUG]: ExpansionQuestModule<32b8b5e0> Sending player quest data for quest ID 9 to player with UID: 3I2KPiMwtNrbRzLe964-q3OrI2Ligr9LBcsFxmVIl3Q=
SCRIPT       : 15:55:50.687 [EXPANSION DEBUG]: ExpansionQuestModule<32b8b5e0> Quest configs already synched for player with UID: 3I2KPiMwtNrbRzLe964-q3OrI2Ligr9LBcsFxmVIl3Q=
SCRIPT       : 15:55:50.687 [EXPANSION DEBUG]: ExpansionQuestModule<32b8b5e0> Sending player quest data for quest ID 8 to player with UID: 3I2KPiMwtNrbRzLe964-q3OrI2Ligr9LBcsFxmVIl3Q=
SCRIPT       : 15:55:50.691 [EXPANSION DEBUG]: ExpansionQuestModule<32b8b5e0> Quest configs already synched for player with UID: 3I2KPiMwtNrbRzLe964-q3OrI2Ligr9LBcsFxmVIl3Q=
SCRIPT       : 15:55:50.691 [EXPANSION DEBUG]: ExpansionQuestModule<32b8b5e0> Sending player quest data for quest ID 9 to player with UID: 3I2KPiMwtNrbRzLe964-q3OrI2Ligr9LBcsFxmVIl3Q=
SCRIPT       : 15:55:51.871 [EXPANSION DEBUG]: ExpansionQuestModule<32b8b5e0> Quest configs already synched for player with UID: 3I2KPiMwtNrbRzLe964-q3OrI2Ligr9LBcsFxmVIl3Q=
SCRIPT       : 15:55:51.871 [EXPANSION DEBUG]: ExpansionQuestModule<32b8b5e0> Sending player quest data for quest ID 8 to player with UID: 3I2KPiMwtNrbRzLe964-q3OrI2Ligr9LBcsFxmVIl3Q=
SCRIPT       : 15:55:51.875 [EXPANSION DEBUG]: ExpansionQuestModule<32b8b5e0> Quest configs already synched for player with UID: 3I2KPiMwtNrbRzLe964-q3OrI2Ligr9LBcsFxmVIl3Q=
SCRIPT       : 15:55:51.875 [EXPANSION DEBUG]: ExpansionQuestModule<32b8b5e0> Sending player quest data for quest ID 8 to player with UID: 3I2KPiMwtNrbRzLe964-q3OrI2Ligr9LBcsFxmVIl3Q=
SCRIPT       : 15:55:51.875 [EXPANSION DEBUG]: ExpansionQuestModule<32b8b5e0> Quest configs already synched for player with UID: 3I2KPiMwtNrbRzLe964-q3OrI2Ligr9LBcsFxmVIl3Q=
SCRIPT       : 15:55:51.875 [EXPANSION DEBUG]: ExpansionQuestModule<32b8b5e0> Sending player quest data for quest ID 9 to player with UID: 3I2KPiMwtNrbRzLe964-q3OrI2Ligr9LBcsFxmVIl3Q=
SCRIPT       : 15:55:52.898 [EXPANSION DEBUG]: ExpansionQuestModule<32b8b5e0> Quest configs already synched for player with UID: 3I2KPiMwtNrbRzLe964-q3OrI2Ligr9LBcsFxmVIl3Q=
SCRIPT       : 15:55:52.898 [EXPANSION DEBUG]: ExpansionQuestModule<32b8b5e0> Sending player quest data for quest ID 9 to player with UID: 3I2KPiMwtNrbRzLe964-q3OrI2Ligr9LBcsFxmVIl3Q=
SCRIPT       : [inv] ReplaceItemWithNewLambdaBase Step B) remove OK, loc={ type=HANDS item=AmmoBox_9x19_25rnd:024963 parent=SurvivorM_Lewis:046 }
SCRIPT       : UnboxLambda::SetupNewMagazine new_item=Ammo_9x19<19adada0> count=25
SCRIPT       : [inv] ReplaceItemWithNewLambdaBase Step B) remove OK, loc={ type=HANDS item=AmmoBox_9x19_25rnd:031013 parent=SurvivorM_Lewis:046 }
SCRIPT       : UnboxLambda::SetupNewMagazine new_item=Ammo_9x19<19adced0> count=25
SCRIPT       : [inv] ReplaceItemWithNewLambdaBase Step B) remove OK, loc={ type=HANDS item=AmmoBox_9x19_25rnd:022882 parent=SurvivorM_Lewis:046 }
SCRIPT       : UnboxLambda::SetupNewMagazine new_item=Ammo_9x19<19adfb10> count=25
SCRIPT       : 15:57:31.234 [EXPANSION DEBUG]: ExpansionQuestModule<32b8b5e0> Quest configs already synched for player with UID: 3I2KPiMwtNrbRzLe964-q3OrI2Ligr9LBcsFxmVIl3Q=
SCRIPT       : 15:57:31.234 [EXPANSION DEBUG]: ExpansionQuestModule<32b8b5e0> Sending player quest data for quest ID 9 to player with UID: 3I2KPiMwtNrbRzLe964-q3OrI2Ligr9LBcsFxmVIl3Q=
SCRIPT       : 15:57:41.332 [EXPANSION DEBUG]: ExpansionQuestModule<32b8b5e0> Quest configs already synched for player with UID: 3I2KPiMwtNrbRzLe964-q3OrI2Ligr9LBcsFxmVIl3Q=
SCRIPT       : 15:57:41.332 [EXPANSION DEBUG]: ExpansionQuestModule<32b8b5e0> Sending player quest data for quest ID 9 to player with UID: 3I2KPiMwtNrbRzLe964-q3OrI2Ligr9LBcsFxmVIl3Q=
SCRIPT       : 15:57:54.570 [EXPANSION DEBUG]: ExpansionQuestModule<32b8b5e0> Quest configs already synched for player with UID: 3I2KPiMwtNrbRzLe964-q3OrI2Ligr9LBcsFxmVIl3Q=
SCRIPT       : 15:57:54.570 [EXPANSION DEBUG]: ExpansionQuestModule<32b8b5e0> Sending player quest data for quest ID 9 to player with UID: 3I2KPiMwtNrbRzLe964-q3OrI2Ligr9LBcsFxmVIl3Q=
SCRIPT       : 15:57:59.488 [EXPANSION DEBUG]: ExpansionItemSpawnHelper::Clone - created AKM:011451 at location { type=HANDS item=AKM:08570 parent=eAI_SurvivorF_Baty:048 }
SCRIPT       : 15:57:59.488 [EXPANSION DEBUG]: ExpansionItemSpawnHelper::Clone - created Mag_AKM_Drum75Rnd:011349 at location { type=ATTACHMENT item=null parent=AKM:011451 slot=magazine }
SCRIPT       : 15:57:59.519 [EXPANSION DEBUG]: ExpansionItemSpawnHelper::Clone - created AKM:012692 at location { type=HANDS item=AKM:012146 parent=eAI_SurvivorF_Helga:049 }
SCRIPT       : 15:57:59.523 [EXPANSION DEBUG]: ExpansionItemSpawnHelper::Clone - created Mag_AKM_Drum75Rnd:08570 at location { type=ATTACHMENT item=null parent=AKM:012692 slot=magazine }
SCRIPT       : 15:57:59.585 [EXPANSION DEBUG]: ExpansionItemSpawnHelper::Clone - created AKM:09199 at location { type=HANDS item=AKM:09340 parent=eAI_SurvivorM_Manua:047 }
SCRIPT       : 15:57:59.585 [EXPANSION DEBUG]: ExpansionItemSpawnHelper::Clone - created Mag_AKM_Drum75Rnd:012146 at location { type=ATTACHMENT item=null parent=AKM:09199 slot=magazine }
SCRIPT       : 15:58:03.128 [EXPANSION DEBUG]: ExpansionQuestModule<32b8b5e0> Quest configs already synched for player with UID: 3I2KPiMwtNrbRzLe964-q3OrI2Ligr9LBcsFxmVIl3Q=
SCRIPT       : 15:58:03.128 [EXPANSION DEBUG]: ExpansionQuestModule<32b8b5e0> Sending player quest data for quest ID 9 to player with UID: 3I2KPiMwtNrbRzLe964-q3OrI2Ligr9LBcsFxmVIl3Q=
SCRIPT       : [wpnfsm] Save occured in fsm transition! current state=WeaponAttachMagazine<e652c8a0> closes stable state=Pistol_CLO_CHG_BU1_MA0<f3290a20> id=3
SCRIPT       : ==============================================WARNING=======================================================
SCRIPT       : [WARNING 2023-08-06 15:59:06] ASSERTION NULL: Player has no identity or improperly programmed AI mod
SCRIPT       : Do you see this message? Unless the time is within a second of the crash than this was not the cause.
SCRIPT       : 	FormatSteamWebhook() JM/COT/Scripts/4_World/communityonlinetools\entities\player\playerbase.c : 299
SCRIPT       : 	PlayerHitBy() JM/COT/Scripts/4_World/communityonlinetools\plugins\pluginadminlog.c : 114
SCRIPT       : 	PlayerHitBy() DayZExpansion/AI/Scripts/4_World/dayzexpansion_ai\plugins\pluginadminlog.c : 58
SCRIPT       : 	EEHitBy() scripts/4_World/entities\manbase\playerbase.c : 827
SCRIPT       : 	EEHitBy() DayZExpansion/Scripts/4_World/dayzexpansion\entities\manbase\playerbase.c : 111
SCRIPT       : 	EEHitBy() DayZExpansion/Weapons/Scripts/4_World/dayzexpansion_weapons\entities\manbase\playerbase.c : 22
SCRIPT       : ============================================================================================================
SCRIPT       : ==============================================WARNING=======================================================
SCRIPT       : [WARNING 2023-08-06 15:59:06] ASSERTION NULL: Player has no identity or improperly programmed AI mod
SCRIPT       : Do you see this message? Unless the time is within a second of the crash than this was not the cause.
SCRIPT       : 	FormatSteamWebhook() JM/COT/Scripts/4_World/communityonlinetools\entities\player\playerbase.c : 299
SCRIPT       : 	PlayerKilled() JM/COT/Scripts/4_World/communityonlinetools\plugins\pluginadminlog.c : 64
SCRIPT       : 	PlayerKilled() DayZExpansion/AI/Scripts/4_World/dayzexpansion_ai\plugins\pluginadminlog.c : 65
SCRIPT       : 	EEKilled() scripts/4_World/entities\manbase\playerbase.c : 783
SCRIPT       : 	EEKilled() DayZExpansion/Core/Scripts/4_World/dayzexpansion_core\entities\manbase\playerbase.c : 685
SCRIPT       : 	EEKilled() DayZExpansion/Navigation/Scripts/4_World/dayzexpansion_navigation\entities\manbase\playerbase.c : 148
SCRIPT       : 	EEKilled() DayZExpansion/PersonalStorage/Scripts/4_World/dayzexpansion_personalstorage\entities\objects\expansionpersonalstorage.c : 73
SCRIPT       : 	EEKilled() DayZExpansion/Scripts/4_World/dayzexpansion\entities\manbase\playerbase.c : 86
SCRIPT       : 	EEKilled() DayZExpansion/Hardline/Scripts/4_World/dayzexpansion_hardline\entities\manbase\playerbase.c : 119
SCRIPT       : 	EEKilled() DayZExpansion/Quests/Scripts/4_World/dayzexpansion_quests\entities\manbase\playerbase.c : 133
SCRIPT       : ============================================================================================================
SCRIPT       : 15:59:06.804 [EXTRACE] +ExpansionKillFeedModule<308c54e0>::OnPlayerKilled SurvivorBase<8b5d99b0> AKM_Base<5e2afe30>
SCRIPT       : 15:59:06.804 [EXTRACE] -ExpansionKillFeedModule<308c54e0>::OnPlayerKilled SurvivorBase<8b5d99b0> AKM_Base<5e2afe30> 0.5162 ms
SCRIPT       : [emote] eAI_SurvivorM_Manua:047 play emote id=12 IH=AKM:09199
SCRIPT       : [emote] eAI_SurvivorF_Baty:048 play emote id=32 IH=AKM:011451
SCRIPT       : 15:59:32.851 [EXPANSION DEBUG]: ExpansionQuestModule<32b8b5e0> Quest configs already synched for player with UID: 3I2KPiMwtNrbRzLe964-q3OrI2Ligr9LBcsFxmVIl3Q=
SCRIPT       : 15:59:32.851 [EXPANSION DEBUG]: ExpansionQuestModule<32b8b5e0> Sending player quest data for 4 quests to player with UID: 3I2KPiMwtNrbRzLe964-q3OrI2Ligr9LBcsFxmVIl3Q=
SCRIPT       : [Logout]: New player 3I2KPiMwtNrbRzLe964-q3OrI2Ligr9LBcsFxmVIl3Q= with logout time 3
SCRIPT       : [emote] SurvivorF_Gabi:050 play emote id=14 IH=null
SCRIPT       : 16:03:56.996 [EXPANSION DEBUG]: ExpansionQuestPersistentData<49291f30> ~ExpansionQuestPersistentData (4)
SCRIPT       : [Logout]: Player 3I2KPiMwtNrbRzLe964-q3OrI2Ligr9LBcsFxmVIl3Q= finished
