---------------------------------------------
Log C:\Program Files (x86)\Steam\steamapps\common\DayZServerAug2\config\script_2023-08-09_16-07-28.log started at 09.08. 16:07:28

SCRIPT       : Registered 397 temporary action enum(s), UAN==397
SCRIPT       : Registering faction type eAIFactionShamans ID -1484989417
SCRIPT       : Registering faction type eAIFactionObservers ID -563736721
SCRIPT       : Registering faction type eAIFactionInvincibleObservers ID -1227299746
SCRIPT       : Registering faction type eAIFactionEast ID 90522109
SCRIPT       : Registering faction type eAIFactionGuards ID 963933710
SCRIPT       : Registering faction type eAIFactionRaiders ID 1535276022
SCRIPT       : Registering faction type eAIFactionMercenaries ID 1629891834
SCRIPT       : Registering faction type eAIFactionWest ID 113880155
SCRIPT       : Registering faction type eAIFactionCivilian ID 1096178351
SCRIPT       : Registering faction type eAIFactionPassive ID -1159399789
SCRIPT       : Registering faction type eAIFactionInvincibleGuards ID 782746017
SCRIPT       : ... Backlit Effects Enabled
SCRIPT       : 16:07:29 [EXPANSION LOG]: DayZGame<80ca0060> Start time (local time) 2023-08-09 16:07:25
SCRIPT       : 16:07:29 [EXPANSION LOG]: DayZGame<80ca0060> Start time (UTC) 2023-08-09 21:07:25
SCRIPT       : 16:07:29 [EXPANSION LOG]: DayZGame<80ca0060> Runtime since start (seconds) 4.558
SCRIPT    (W): @"JM/COT/Scripts/4_World/communityonlinetools\classes\webhook\jmwebhookdiscordmessage.c,19": Possible variable name conflict 'username'
SCRIPT    (W): @"JM/COT/Scripts/4_World/communityonlinetools\classes\webhook\jmwebhookdiscordmessage.c,19": Possible variable name conflict 'avatar_url'
SCRIPT    (W): @"JM/COT/Scripts/4_World/communityonlinetools\classes\webhook\jmwebhookdiscordmessage.c,19": Possible variable name conflict 'content'
SCRIPT    (W): @"JM/COT/Scripts/4_World/communityonlinetools\classes\webhook\jmwebhookdiscordmessage.c,151": Possible variable name conflict 'url'
SCRIPT    (W): @"JM/COT/Scripts/4_World/communityonlinetools\classes\webhook\jmwebhookdiscordmessage.c,172": Possible variable name conflict 'url'
SCRIPT    (W): @"JM/COT/Scripts/4_World/communityonlinetools\classes\webhook\jmwebhookdiscordmessage.c,180": Possible variable name conflict 'url'
SCRIPT       : Expansion version: 1.8.20
SCRIPT       : 16:07:44.746 [EXPANSION DEBUG]: [ExpansionDebugSettings] Load existing setting file:$profile:ExpansionMod\Settings\DebugSettings.json
SCRIPT       : 16:07:44.746 [EXPANSION DEBUG]: [ExpansionLogSettings] Load existing setting file:$profile:ExpansionMod\Settings\LogsSettings.json
SCRIPT       : 16:07:44.750 [EXPANSION DEBUG]: [ExpansionNotificationSettings] Load existing setting file:$profile:ExpansionMod\Settings\NotificationSettings.json
SCRIPT       : 16:07:44.750 [EXPANSION DEBUG]: [ExpansionMonitoringSettings] Load existing setting file:$profile:ExpansionMod\Settings\MonitoringSettings.json
SCRIPT       : 16:07:44.750 [EXPANSION DEBUG]: [ExpansionDamageSystemSettings] Load existing setting file:$profile:ExpansionMod\Settings\DamageSystemSettings.json
SCRIPT       : 16:07:44.750 [EXPANSION DEBUG]: [ExpansionPartySettings] Load existing setting file:$profile:ExpansionMod\Settings\PartySettings.json
SCRIPT       : 16:07:44.750 [EXPANSION DEBUG]: [ExpansionHardlineSettings] Load existing setting file:$mission:expansion\settings\HardlineSettings.json
SCRIPT       : 16:07:44.753 [EXPANSION DEBUG]: [ExpansionMarketSettings] Load existing setting file:$mission:expansion\settings\MarketSettings.json
SCRIPT       : ExpansionMarketSettings::LoadCategories - Adding category ID 1 (Ammo)
SCRIPT       : ExpansionMarketSettings::LoadCategories - Adding category ID 2 (Ammo_Boxes)
SCRIPT       : ExpansionMarketSettings::LoadCategories - Adding category ID 3 (Armbands)
SCRIPT       : ExpansionMarketSettings::LoadCategories - Adding category ID 4 (Assault_Rifles)
SCRIPT       : ExpansionMarketSettings::LoadCategories - Adding category ID 5 (Backpacks)
SCRIPT       : ExpansionMarketSettings::LoadCategories - Adding category ID 6 (Bandanas)
SCRIPT       : ExpansionMarketSettings::LoadCategories - Adding category ID 7 (Batteries)
SCRIPT       : ExpansionMarketSettings::LoadCategories - Adding category ID 8 (Bayonets)
SCRIPT       : ExpansionMarketSettings::LoadCategories - Adding category ID 9 (Belts)
SCRIPT       : ExpansionMarketSettings::LoadCategories - Adding category ID 10 (Blouses_And_Suits)
SCRIPT       : ExpansionMarketSettings::LoadCategories - Adding category ID 11 (Boats)
SCRIPT       : ExpansionMarketSettings::LoadCategories - Adding category ID 12 (Boots_And_Shoes)
SCRIPT       : ExpansionMarketSettings::LoadCategories - Adding category ID 13 (Buttstocks)
SCRIPT       : ExpansionMarketSettings::LoadCategories - Adding category ID 14 (Caps)
SCRIPT       : ExpansionMarketSettings::LoadCategories - Adding category ID 15 (Cars)
SCRIPT       : ExpansionMarketSettings::LoadCategories - Adding category ID 16 (Coats_And_Jackets)
SCRIPT       : ExpansionMarketSettings::LoadCategories - Adding category ID 17 (Containers)
SCRIPT       : ExpansionMarketSettings::LoadCategories - Adding category ID 18 (Crossbows)
SCRIPT       : ExpansionMarketSettings::LoadCategories - Adding category ID 19 (Drinks)
SCRIPT       : ExpansionMarketSettings::LoadCategories - Adding category ID 20 (Electronics)
SCRIPT       : ExpansionMarketSettings::LoadCategories - Adding category ID 21 (Event)
SCRIPT       : ExpansionMarketSettings::LoadCategories - Adding category ID 22 (Exchange)
SCRIPT       : ExpansionMarketSettings::LoadCategories - Adding category ID 23 (Explosives_And_Grenades)
SCRIPT       : ExpansionMarketSettings::LoadCategories - Adding category ID 24 (Eyewear)
SCRIPT       : ExpansionMarketSettings::LoadCategories - Adding category ID 25 (Fish)
SCRIPT       : ExpansionMarketSettings::LoadCategories - Adding category ID 26 (Fishing)
SCRIPT       : ExpansionMarketSettings::LoadCategories - Adding category ID 27 (Flags)
SCRIPT       : ExpansionMarketSettings::LoadCategories - Adding category ID 28 (Food)
SCRIPT       : ExpansionMarketSettings::LoadCategories - Adding category ID 29 (Fruit_And_Vegetables)
SCRIPT       : ExpansionMarketSettings::LoadCategories - Adding category ID 30 (Furnishings)
SCRIPT       : ExpansionMarketSettings::LoadCategories - Adding category ID 31 (Gardening)
SCRIPT       : ExpansionMarketSettings::LoadCategories - Adding category ID 32 (Ghillies)
SCRIPT       : ExpansionMarketSettings::LoadCategories - Adding category ID 33 (Gloves)
SCRIPT       : ExpansionMarketSettings::LoadCategories - Adding category ID 34 (Handguards)
SCRIPT       : ExpansionMarketSettings::LoadCategories - Adding category ID 35 (Hats_And_Hoods)
SCRIPT       : ExpansionMarketSettings::LoadCategories - Adding category ID 36 (Helicopters)
SCRIPT       : ExpansionMarketSettings::LoadCategories - Adding category ID 37 (Helmets)
SCRIPT       : ExpansionMarketSettings::LoadCategories - Adding category ID 38 (Holsters_And_Pouches)
SCRIPT       : ExpansionMarketSettings::LoadCategories - Adding category ID 39 (Kits)
SCRIPT       : ExpansionMarketSettings::LoadCategories - Adding category ID 40 (Knifes)
SCRIPT       : ExpansionMarketSettings::LoadCategories - Adding category ID 41 (Launchers)
SCRIPT       : ExpansionMarketSettings::LoadCategories - Adding category ID 42 (Lights)
SCRIPT       : ExpansionMarketSettings::LoadCategories - Adding category ID 43 (Liquids)
SCRIPT       : ExpansionMarketSettings::LoadCategories - Adding category ID 44 (Locks)
SCRIPT       : ExpansionMarketSettings::LoadCategories - Adding category ID 45 (Magazines)
SCRIPT       : ExpansionMarketSettings::LoadCategories - Adding category ID 46 (Masks)
SCRIPT       : ExpansionMarketSettings::LoadCategories - Adding category ID 47 (Meat)
SCRIPT       : ExpansionMarketSettings::LoadCategories - Adding category ID 48 (Medical)
SCRIPT       : ExpansionMarketSettings::LoadCategories - Adding category ID 49 (Melee_Weapons)
SCRIPT       : ExpansionMarketSettings::LoadCategories - Adding category ID 50 (Muzzles)
SCRIPT       : ExpansionMarketSettings::LoadCategories - Adding category ID 51 (Navigation)
SCRIPT       : ExpansionMarketSettings::LoadCategories - Adding category ID 52 (Optics)
SCRIPT       : ExpansionMarketSettings::LoadCategories - Adding category ID 53 (Pants_And_Shorts)
SCRIPT       : ExpansionMarketSettings::LoadCategories - Adding category ID 54 (Pistols)
SCRIPT       : ExpansionMarketSettings::LoadCategories - Adding category ID 55 (Rifles)
SCRIPT       : ExpansionMarketSettings::LoadCategories - Adding category ID 56 (Shirts_And_TShirts)
SCRIPT       : ExpansionMarketSettings::LoadCategories - Adding category ID 57 (Shotguns)
SCRIPT       : ExpansionMarketSettings::LoadCategories - Adding category ID 58 (Skirts_And_Dresses)
SCRIPT       : ExpansionMarketSettings::LoadCategories - Adding category ID 59 (Sniper_Rifles)
SCRIPT       : ExpansionMarketSettings::LoadCategories - Adding category ID 60 (Spraycans)
SCRIPT       : ExpansionMarketSettings::LoadCategories - Adding category ID 61 (Submachine_Guns)
SCRIPT       : ExpansionMarketSettings::LoadCategories - Adding category ID 62 (Supplies)
SCRIPT       : ExpansionMarketSettings::LoadCategories - Adding category ID 63 (Sweaters_And_Hoodies)
SCRIPT       : ExpansionMarketSettings::LoadCategories - Adding category ID 64 (Tents)
SCRIPT       : ExpansionMarketSettings::LoadCategories - Adding category ID 65 (Tools)
SCRIPT       : ExpansionMarketSettings::LoadCategories - Adding category ID 66 (Vehicle_Parts)
SCRIPT       : ExpansionMarketSettings::LoadCategories - Adding category ID 67 (Vests)
SCRIPT       : 16:07:44.878 [EXPANSION DEBUG]: [ExpansionAirdropSettings] Load existing setting file:$profile:ExpansionMod\Settings\AirdropSettings.json
SCRIPT       : 16:07:44.996 [EXPANSION DEBUG]: [ExpansionMissionSettings] Load existing setting file:$profile:ExpansionMod\Settings\MissionSettings.json
SCRIPT       : 16:07:44.996 [EXPANSION DEBUG]: [ExpansionMapSettings] Load existing setting file:$mission:expansion\settings\MapSettings.json
SCRIPT       : 16:07:45.007 [EXPANSION DEBUG]: [ExpansionPersonalStorageNewSettings] Load existing setting file:$profile:ExpansionMod\Settings\PersonalStorageNewSettings.json
SCRIPT       : 16:07:45.011 [EXPANSION DEBUG]: [ExpansionGeneralSettings] Load existing setting file:$profile:ExpansionMod\Settings\GeneralSettings.json
SCRIPT       : 16:07:45.011 [EXPANSION DEBUG]: [ExpansionPlayerListSettings] Load existing setting file:$profile:ExpansionMod\Settings\PlayerListSettings.json
SCRIPT       : 16:07:45.011 [EXPANSION DEBUG]: [ExpansionSocialMediaSettings] Load existing setting file:$profile:ExpansionMod\Settings\SocialMediaSettings.json
SCRIPT       : 16:07:45.011 [EXPANSION DEBUG]: [ExpansionSpawnSettings] Load existing setting file:$mission:expansion\settings\SpawnSettings.json
SCRIPT       : 16:07:45.019 [EXPANSION DEBUG]: [ExpansionVehicleSettings] Load existing setting file:$profile:ExpansionMod\Settings\VehicleSettings.json
SCRIPT       : 16:07:45.019 [EXPANSION DEBUG]: [ExpansionAISettings] Load existing setting file:$profile:ExpansionMod\Settings\AISettings.json
SCRIPT       : 16:07:45.019 [EXPANSION DEBUG]: [ExpansionAIPatrolSettings] Load existing setting file:$mission:expansion\settings\AIPatrolSettings.json
SCRIPT       : 16:07:45.023 [EXPANSION DEBUG]: [ExpansionBaseBuildingSettings] Load existing setting file:$mission:expansion\settings\BaseBuildingSettings.json
SCRIPT       : 16:07:45.027 [EXPANSION DEBUG]: [ExpansionRaidSettings] Load existing setting file:$profile:ExpansionMod\Settings\RaidSettings.json
SCRIPT       : 16:07:45.027 [EXPANSION DEBUG]: [ExpansionTerritorySettings] Load existing setting file:$profile:ExpansionMod\Settings\TerritorySettings.json
SCRIPT       : 16:07:45.027 [EXPANSION DEBUG]: [ExpansionChatSettings] Load existing setting file:$profile:ExpansionMod\Settings\ChatSettings.json
SCRIPT       : [DefineTest] EXPANSIONMOD is defined
SCRIPT       : [DefineTest] EXPANSIONMODAI is defined
SCRIPT       : [DefineTest] EXPANSIONMODANIMATIONS is defined
SCRIPT       : [DefineTest] EXPANSIONMODBASEBUILDING is defined
SCRIPT       : [DefineTest] EXPANSIONMODBOOK is defined
SCRIPT       : [DefineTest] EXPANSIONMODCHAT is defined
SCRIPT       : [DefineTest] EXPANSIONMODCORE is defined
SCRIPT       : [DefineTest] EXPANSIONMODGARAGE is defined
SCRIPT       : [DefineTest] EXPANSIONMODGROUPS is defined
SCRIPT       : [DefineTest] EXPANSIONMODHARDLINE is defined
SCRIPT       : [DefineTest] EXPANSIONMODKILLFEED is defined
SCRIPT       : [DefineTest] EXPANSIONMODMAPASSETS is defined
SCRIPT       : [DefineTest] EXPANSIONMODMARKET is defined
SCRIPT       : [DefineTest] EXPANSIONMODMISSIONS is defined
SCRIPT       : [DefineTest] EXPANSIONMODNAMETAGS is defined
SCRIPT       : [DefineTest] EXPANSIONMODNAVIGATION is defined
SCRIPT       : [DefineTest] EXPANSIONMODP2PMARKET is defined
SCRIPT       : [DefineTest] EXPANSIONMODPERSONALSTORAGE is defined
SCRIPT       : [DefineTest] EXPANSIONMODQUESTS is defined
SCRIPT       : [DefineTest] EXPANSIONMODSPAWNSELECTION is defined
SCRIPT       : [DefineTest] EXPANSIONMODVEHICLE is defined
SCRIPT       : [DefineTest] EXPANSIONMODWEAPONS is defined
SCRIPT       : [DefineTest] CfgMods:
SCRIPT       : defaultAction
SCRIPT       : DayZ
SCRIPT       : DZ_Expansion_AI_Preload
SCRIPT       : DZ_Expansion_Animations_Preload
SCRIPT       : DZ_Expansion_BaseBuilding_Preload
SCRIPT       : DZ_Expansion_Book_Preload
SCRIPT       : DZ_Expansion_Chat_Preload
SCRIPT       : DZ_Expansion_Core_Preload
SCRIPT       : DZ_Expansion_Garage_Preload
SCRIPT       : DZ_Expansion_Groups_Preload
SCRIPT       : DZ_Expansion_Hardline_Preload
SCRIPT       : DZ_Expansion_KillFeed_Preload
SCRIPT       : DZ_Expansion_MapAssets_Preload
SCRIPT       : DZ_Expansion_Market_Preload
SCRIPT       : DZ_Expansion_Missions_Preload
SCRIPT       : DZ_Expansion_ModStorage_Preload
SCRIPT       : DZ_Expansion_NameTags_Preload
SCRIPT       : DZ_Expansion_Navigation_Preload
SCRIPT       : DZ_Expansion_P2PMarket_Preload
SCRIPT       : DZ_Expansion_PersonalStorage_Preload
SCRIPT       : DZ_Expansion_Preload
SCRIPT       : DZ_Expansion_Quests_Preload
SCRIPT       : DZ_Expansion_SpawnSelection_Preload
SCRIPT       : DZ_Expansion_Vehicles_Preload
SCRIPT       : DZ_Expansion_Weapons_Preload
SCRIPT       : DZ_DabsFramework
SCRIPT       : DZ_Expansion_DefineTest
SCRIPT       : DZ_Expansion_MapAssets
SCRIPT       : bliss
SCRIPT       : JM_CommunityFramework
SCRIPT       : JM_CommunityOnlineTools
SCRIPT       : PvZmoD_CustomisableZombies
SCRIPT       : BoostZombiesVisionAddon
SCRIPT       : DZ_Expansion_ModStorage
SCRIPT       : DZ_Expansion_Core
SCRIPT       : DZ_Expansion_Garage
SCRIPT       : DZ_Expansion_Groups
SCRIPT       : DZ_Expansion_Market
SCRIPT       : DZ_Expansion_Missions
SCRIPT       : DZ_Expansion_NameTags
SCRIPT       : DZ_Expansion_Navigation
SCRIPT       : DZ_Expansion_NotificationScheduler
SCRIPT       : DZ_Expansion_P2PMarket
SCRIPT       : DZ_Expansion_PersonalStorage
SCRIPT       : DZ_Expansion_PersonalStorageNew
SCRIPT       : DZ_Expansion_PlayerList
SCRIPT       : DZ_Expansion
SCRIPT       : DZ_Expansion_SpawnSelection
SCRIPT       : DZ_Expansion_VanillaFixes
SCRIPT       : DZ_Expansion_Vehicles
SCRIPT       : DZ_Expansion_Weapons
SCRIPT       : DZ_Expansion_AI
SCRIPT       : DZ_Expansion_BaseBuilding
SCRIPT       : DZ_Expansion_Book
SCRIPT       : DZ_Expansion_Chat
SCRIPT       : DZ_Expansion_Hardline
SCRIPT       : DZ_Expansion_Quests
SCRIPT       : DZ_Expansion_VirtualContainerStorage
SCRIPT       : DayZ_Expansion_AI_Dynamic
SCRIPT       : 16:07:45.378 [EXPANSION DEBUG]: ModStorage v5
SCRIPT       : 16:07:48.835 [EXPANSION DEBUG]: ExpansionTraderJudy<dd7a9010>::SetTraderObject ExpansionTraderObjectBase<cb1fc7f0> <4973.928711, 9.510984, 2436.782959>
SCRIPT       : 16:07:48.835 [EXPANSION DEBUG]: LoadMissionTradersFile trader ExpansionTraderJudy<dd7a9010> fileName Aircraft
SCRIPT       : 16:07:48.851 [EXPANSION DEBUG]: ExpansionTraderJose<79f4a020>::SetTraderObject ExpansionTraderObjectBase<cb217000> <14353.624023, 3.326771, 13229.217773>
SCRIPT       : 16:07:48.851 [EXPANSION DEBUG]: LoadMissionTradersFile trader ExpansionTraderJose<79f4a020> fileName Boats
SCRIPT       : 16:07:48.859 [EXPANSION DEBUG]: ExpansionTraderEva<6d5daeb0>::SetTraderObject ExpansionTraderObjectBase<cb319710> <14378.793945, 3.325975, 13271.585938>
SCRIPT       : 16:07:48.859 [EXPANSION DEBUG]: LoadMissionTradersFile trader ExpansionTraderEva<6d5daeb0> fileName Fishing
SCRIPT       : 16:07:48.867 [EXPANSION DEBUG]: ExpansionTraderLewis<dc95cd60>::SetTraderObject ExpansionTraderObjectBase<cb430340> <1756.656372, 1.415564, 2027.359741>
SCRIPT       : 16:07:48.867 [EXPANSION DEBUG]: LoadMissionTradersFile trader ExpansionTraderLewis<dc95cd60> fileName Boats
SCRIPT       : 16:07:48.871 [EXPANSION DEBUG]: LoadMissionTradersFile trader ExpansionTraderStaticBase<a3100d90> fileName Exchange
SCRIPT       : 16:07:48.890 [EXPANSION DEBUG]: ExpansionTraderDenis<b4b8040>::SetTraderObject ExpansionTraderObjectBase<cb5f9510> <3697.249512, 402.010010, 5977.625488>
SCRIPT       : 16:07:48.890 [EXPANSION DEBUG]: LoadMissionTradersFile trader ExpansionTraderDenis<b4b8040> fileName Clothing
SCRIPT       : 16:07:48.906 [EXPANSION DEBUG]: ExpansionTraderMaria<cb756020>::SetTraderObject ExpansionTraderObjectBase<d3c43b10> <3696.455811, 402.010010, 5980.193359>
SCRIPT       : 16:07:48.906 [EXPANSION DEBUG]: LoadMissionTradersFile trader ExpansionTraderMaria<cb756020> fileName Clothing_Accessories
SCRIPT       : 16:07:48.925 [EXPANSION DEBUG]: ExpansionTraderQuinn<d3ced010>::SetTraderObject ExpansionTraderObjectBase<d3d09de0> <3710.121826, 402.010010, 5976.164063>
SCRIPT       : 16:07:48.925 [EXPANSION DEBUG]: LoadMissionTradersFile trader ExpansionTraderQuinn<d3ced010> fileName Consumables
SCRIPT       : 16:07:48.941 [EXPANSION DEBUG]: ExpansionTraderNaomi<d3d40020>::SetTraderObject ExpansionTraderObjectBase<d3df8b90> <3708.786865, 402.010010, 5974.589844>
SCRIPT       : 16:07:48.941 [EXPANSION DEBUG]: LoadMissionTradersFile trader ExpansionTraderNaomi<d3d40020> fileName Weapons
SCRIPT       : 16:07:48.960 [EXPANSION DEBUG]: ExpansionTraderSeth<89300ce0>::SetTraderObject ExpansionTraderObjectBase<d4093a90> <3710.265137, 402.010010, 5973.340820>
SCRIPT       : 16:07:48.960 [EXPANSION DEBUG]: LoadMissionTradersFile trader ExpansionTraderSeth<89300ce0> fileName Attachments
SCRIPT       : 16:07:48.976 [EXPANSION DEBUG]: ExpansionTraderRolf<89314330>::SetTraderObject ExpansionTraderObjectBase<d40b02d0> <3698.172607, 402.010010, 5995.337402>
SCRIPT       : 16:07:48.976 [EXPANSION DEBUG]: LoadMissionTradersFile trader ExpansionTraderRolf<89314330> fileName Vehicles
SCRIPT       : 16:07:48.992 [EXPANSION DEBUG]: ExpansionTraderIndar<8931bf50>::SetTraderObject ExpansionTraderObjectBase<d4399760> <3714.531006, 402.138000, 5961.776367>
SCRIPT       : 16:07:48.992 [EXPANSION DEBUG]: LoadMissionTradersFile trader ExpansionTraderIndar<8931bf50> fileName Components
SCRIPT       : 16:07:49.000 [EXPANSION DEBUG]: ExpansionTraderJudy<8930c710>::SetTraderObject ExpansionTraderObjectBase<d439f4d0> <3729.029541, 402.651001, 5969.476563>
SCRIPT       : 16:07:49.000 [EXPANSION DEBUG]: LoadMissionTradersFile trader ExpansionTraderJudy<8930c710> fileName Medicals
SCRIPT       : 16:07:49.003 [EXPANSION DEBUG]: ExpansionTraderNaomi<89310520>::SetTraderObject ExpansionTraderObjectBase<d43a7360> <3690.062988, 402.100067, 6006.763672>
SCRIPT       : 16:07:49.003 [EXPANSION DEBUG]: LoadMissionTradersFile trader ExpansionTraderNaomi<89310520> fileName Vehicle_Parts
SCRIPT       : 16:07:49.011 [EXPANSION DEBUG]: ExpansionTraderJose<8931fd60>::SetTraderObject ExpansionTraderObjectBase<d43ad300> <3699.629883, 402.010010, 5993.970215>
SCRIPT       : 16:07:49.011 [EXPANSION DEBUG]: LoadMissionTradersFile trader ExpansionTraderJose<8931fd60> fileName Spraycans
SCRIPT       : 16:07:49.023 [EXPANSION DEBUG]: ExpansionTraderLinda<89304af0>::SetTraderObject ExpansionTraderObjectBase<d45635a0> <3674.669922, 406.760010, 5990.390137>
SCRIPT       : 16:07:49.023 [EXPANSION DEBUG]: LoadMissionTradersFile trader ExpansionTraderLinda<89304af0> fileName Special
SCRIPT       : 16:07:49.031 [EXPANSION DEBUG]: ExpansionTraderNiki<89323b70>::SetTraderObject ExpansionTraderObjectBase<d46bf590> <3699.030029, 402.013000, 5973.439941>
SCRIPT       : 16:07:49.031 [EXPANSION DEBUG]: LoadMissionTradersFile trader ExpansionTraderNiki<89323b70> fileName BuildingSupplies
SCRIPT       : 16:07:49.039 [EXPANSION DEBUG]: ExpansionTraderFrancis<89327980>::SetTraderObject ExpansionTraderObjectBase<d4741490> <1153.964844, 6.463035, 2409.763184>
SCRIPT       : 16:07:49.039 [EXPANSION DEBUG]: LoadMissionTradersFile trader ExpansionTraderFrancis<89327980> fileName Attachments
SCRIPT       : 16:07:49.046 [EXPANSION DEBUG]: ExpansionTraderKaito<8932f5a0>::SetTraderObject ExpansionTraderObjectBase<d47d0080> <1117.021240, 5.495151, 2413.766357>
SCRIPT       : 16:07:49.046 [EXPANSION DEBUG]: LoadMissionTradersFile trader ExpansionTraderKaito<8932f5a0> fileName Components
SCRIPT       : 16:07:49.054 [EXPANSION DEBUG]: ExpansionTraderCyril<893371c0>::SetTraderObject ExpansionTraderObjectBase<d48e0f00> <1136.987427, 5.908522, 2439.662598>
SCRIPT       : 16:07:49.054 [EXPANSION DEBUG]: LoadMissionTradersFile trader ExpansionTraderCyril<893371c0> fileName Clothing
SCRIPT       : 16:07:49.066 [EXPANSION DEBUG]: ExpansionTraderGuo<8932b790>::SetTraderObject ExpansionTraderObjectBase<d496a4a0> <1133.974854, 5.909700, 2442.412598>
SCRIPT       : 16:07:49.066 [EXPANSION DEBUG]: LoadMissionTradersFile trader ExpansionTraderGuo<8932b790> fileName Clothing_Accessories
SCRIPT       : 16:07:49.078 [EXPANSION DEBUG]: ExpansionTraderBoris<893333b0>::SetTraderObject ExpansionTraderObjectBase<d4ad1b30> <1123.468262, 15.349299, 2426.316162>
SCRIPT       : 16:07:49.078 [EXPANSION DEBUG]: LoadMissionTradersFile trader ExpansionTraderBoris<893333b0> fileName Exchange
SCRIPT       : 16:07:49.078 [EXPANSION DEBUG]: ExpansionTraderLinda<d4af3070>::SetTraderObject ExpansionTraderObjectBase<d4ad6f90> <1135.892822, 5.908773, 2436.856689>
SCRIPT       : 16:07:49.078 [EXPANSION DEBUG]: LoadMissionTradersFile trader ExpansionTraderLinda<d4af3070> fileName Consumables
SCRIPT       : 16:07:49.085 [EXPANSION DEBUG]: ExpansionTraderKeiko<d4b066c0>::SetTraderObject ExpansionTraderObjectBase<d8b53b70> <1130.731689, 5.951744, 2438.009277>
SCRIPT       : 16:07:49.089 [EXPANSION DEBUG]: LoadMissionTradersFile trader ExpansionTraderKeiko<d4b066c0> fileName Medicals
SCRIPT       : 16:07:49.097 [EXPANSION DEBUG]: ExpansionTraderHelga<d4b0e2e0>::SetTraderObject ExpansionTraderObjectBase<d8b6fa00> <1141.654419, 5.906255, 2421.591309>
SCRIPT       : 16:07:49.097 [EXPANSION DEBUG]: LoadMissionTradersFile trader ExpansionTraderHelga<d4b0e2e0> fileName Special
SCRIPT       : 16:07:49.105 [EXPANSION DEBUG]: ExpansionTraderFrida<d4afeaa0>::SetTraderObject ExpansionTraderObjectBase<d8c69fd0> <1120.135132, 5.600746, 2417.465820>
SCRIPT       : 16:07:49.105 [EXPANSION DEBUG]: LoadMissionTradersFile trader ExpansionTraderFrida<d4afeaa0> fileName Vehicles
SCRIPT       : 16:07:49.113 [EXPANSION DEBUG]: ExpansionTraderHassan<d4b0a4d0>::SetTraderObject ExpansionTraderObjectBase<d8cf7600> <1123.977905, 5.639271, 2417.411865>
SCRIPT       : 16:07:49.113 [EXPANSION DEBUG]: LoadMissionTradersFile trader ExpansionTraderHassan<d4b0a4d0> fileName Vehicle_Parts
SCRIPT       : 16:07:49.117 [EXPANSION DEBUG]: ExpansionTraderDenis<d4af6e80>::SetTraderObject ExpansionTraderObjectBase<d8cfb430> <1156.719727, 6.513331, 2406.355225>
SCRIPT       : 16:07:49.117 [EXPANSION DEBUG]: LoadMissionTradersFile trader ExpansionTraderDenis<d4af6e80> fileName Weapons
SCRIPT       : 16:07:49.125 [EXPANSION DEBUG]: ExpansionTraderGabi<d4b120f0>::SetTraderObject ExpansionTraderObjectBase<d8d834c0> <1135.689941, 5.900000, 2423.300049>
SCRIPT       : 16:07:49.125 [EXPANSION DEBUG]: LoadMissionTradersFile trader ExpansionTraderGabi<d4b120f0> fileName BuildingSupplies
SCRIPT       : 16:07:49.128 [EXPANSION DEBUG]: ExpansionTraderFrancis<d4b15f00>::SetTraderObject ExpansionTraderObjectBase<d8d88240> <11835.901367, 140.617874, 12474.744141>
SCRIPT       : 16:07:49.128 [EXPANSION DEBUG]: LoadMissionTradersFile trader ExpansionTraderFrancis<d4b15f00> fileName Attachments
SCRIPT       : 16:07:49.132 [EXPANSION DEBUG]: ExpansionTraderLinda<d4b028b0>::SetTraderObject ExpansionTraderObjectBase<bca9c390> <11856.716797, 140.565109, 12461.438477>
SCRIPT       : 16:07:49.132 [EXPANSION DEBUG]: LoadMissionTradersFile trader ExpansionTraderLinda<d4b028b0> fileName Consumables
SCRIPT       : 16:07:49.136 [EXPANSION DEBUG]: ExpansionTraderCyril<d4afac90>::SetTraderObject ExpansionTraderObjectBase<bcaa0940> <11855.000000, 140.605103, 12466.099609>
SCRIPT       : 16:07:49.136 [EXPANSION DEBUG]: LoadMissionTradersFile trader ExpansionTraderCyril<d4afac90> fileName Clothing
SCRIPT       : 16:07:49.136 [EXPANSION DEBUG]: ExpansionTraderGuo<d4b2d360>::SetTraderObject ExpansionTraderObjectBase<bcaa5cb0> <11855.200195, 140.605103, 12470.487305>
SCRIPT       : 16:07:49.136 [EXPANSION DEBUG]: LoadMissionTradersFile trader ExpansionTraderGuo<d4b2d360> fileName Clothing_Accessories
SCRIPT       : 16:07:49.140 [EXPANSION DEBUG]: ExpansionTraderKaito<d4b19d10>::SetTraderObject ExpansionTraderObjectBase<bcaac0b0> <11849.400391, 140.605087, 12466.200195>
SCRIPT       : 16:07:49.140 [EXPANSION DEBUG]: LoadMissionTradersFile trader ExpansionTraderKaito<d4b19d10> fileName Components
SCRIPT       : 16:07:49.144 [EXPANSION DEBUG]: ExpansionTraderBoris<d4b25740>::SetTraderObject ExpansionTraderObjectBase<bcab1100> <11858.202148, 140.615112, 12463.234375>
SCRIPT       : 16:07:49.144 [EXPANSION DEBUG]: LoadMissionTradersFile trader ExpansionTraderBoris<d4b25740> fileName Exchange
SCRIPT       : 16:07:49.148 [EXPANSION DEBUG]: ExpansionTraderKeiko<d4b1db20>::SetTraderObject ExpansionTraderObjectBase<bcab6060> <11853.218750, 140.605087, 12463.277344>
SCRIPT       : 16:07:49.148 [EXPANSION DEBUG]: LoadMissionTradersFile trader ExpansionTraderKeiko<d4b1db20> fileName Medicals
SCRIPT       : 16:07:49.148 [EXPANSION DEBUG]: ExpansionTraderGabi<d4b21930>::SetTraderObject ExpansionTraderObjectBase<d9038460> <11833.200195, 140.605118, 12461.700195>
SCRIPT       : 16:07:49.148 [EXPANSION DEBUG]: LoadMissionTradersFile trader ExpansionTraderGabi<d4b21930> fileName Special
SCRIPT       : 16:07:49.156 [EXPANSION DEBUG]: ExpansionTraderElias<d4b29550>::SetTraderObject ExpansionTraderObjectBase<d90538a0> <11877.799805, 140.134796, 12441.599609>
SCRIPT       : 16:07:49.156 [EXPANSION DEBUG]: LoadMissionTradersFile trader ExpansionTraderElias<d4b29550> fileName Vehicles
SCRIPT       : 16:07:49.160 [EXPANSION DEBUG]: ExpansionTraderHassan<d90f1f20>::SetTraderObject ExpansionTraderObjectBase<d9136eb0> <11878.674805, 140.134796, 12424.302734>
SCRIPT       : 16:07:49.160 [EXPANSION DEBUG]: LoadMissionTradersFile trader ExpansionTraderHassan<d90f1f20> fileName Vehicle_Parts
SCRIPT       : 16:07:49.164 [EXPANSION DEBUG]: ExpansionTraderDenis<d90f5d30>::SetTraderObject ExpansionTraderObjectBase<d913c540> <11833.576172, 140.605072, 12469.492188>
SCRIPT       : 16:07:49.164 [EXPANSION DEBUG]: LoadMissionTradersFile trader ExpansionTraderDenis<d90f5d30> fileName Weapons
SCRIPT       : 16:07:49.167 [EXPANSION DEBUG]: ExpansionTraderLinda<d90ea300>::SetTraderObject ExpansionTraderObjectBase<d9140e10> <11852.194336, 140.660980, 12472.387695>
SCRIPT       : 16:07:49.167 [EXPANSION DEBUG]: LoadMissionTradersFile trader ExpansionTraderLinda<d90ea300> fileName BuildingSupplies
SCRIPT       : 16:07:49.179 [EXPANSION DEBUG]: ExpansionTraderManua<d90fd950>::SetTraderObject ExpansionTraderObjectBase<d91fc9f0> <11879.722656, 140.094788, 12435.959961>
SCRIPT       : 16:07:49.179 [EXPANSION DEBUG]: LoadMissionTradersFile trader ExpansionTraderManua<d90fd950> fileName Spraycans
SCRIPT       : 16:07:49.187 [EXPANSION DEBUG]: ExpansionTraderIrena<d90f9b40>::SetTraderObject ExpansionTraderObjectBase<d9360d50> <12160.279297, 140.580765, 12689.783203>
SCRIPT       : 16:07:49.187 [EXPANSION DEBUG]: LoadMissionTradersFile trader ExpansionTraderIrena<d90f9b40> fileName Aircraft
SCRIPT       : [ExpansionQuestPersistentServerData] Load existing configuration file:$profile:ExpansionMod\Quests\PersistentServerData.json
SCRIPT       : [ExpansionQuestPersistentServerData] Load existing configuration file:$profile:ExpansionMod\Quests\PersistentServerData.json
SCRIPT       : [ExpansionQuestObjectiveTravelConfig] Load existing configuration file:$profile:ExpansionMod\Quests\Objectives\Travel\Objective_T_1.json
SCRIPT       : [ExpansionQuestObjectiveTravelConfig] Load existing configuration file:$profile:ExpansionMod\Quests\Objectives\Travel\Objective_T_2.json
SCRIPT       : [ExpansionQuestObjectiveTravelConfig] Load existing configuration file:$profile:ExpansionMod\Quests\Objectives\Travel\Objective_T_3.json
SCRIPT       : [ExpansionQuestObjectiveTravelConfig] Load existing configuration file:$profile:ExpansionMod\Quests\Objectives\Travel\Objective_T_4.json
SCRIPT       : [ExpansionQuestObjectiveTargetConfig] Load existing configuration file:$profile:ExpansionMod\Quests\Objectives\Target\Objective_TA_1.json
SCRIPT       : [ExpansionQuestObjectiveTargetConfig] Load existing configuration file:$profile:ExpansionMod\Quests\Objectives\Target\Objective_TA_2.json
SCRIPT       : [ExpansionQuestObjectiveTargetConfig] Load existing configuration file:$profile:ExpansionMod\Quests\Objectives\Target\Objective_TA_3.json
SCRIPT       : [ExpansionQuestObjectiveTargetConfig] Load existing configuration file:$profile:ExpansionMod\Quests\Objectives\Target\Objective_TA_4.json
SCRIPT       : [ExpansionQuestObjectiveDeliveryConfig] Load existing configuration file:$profile:ExpansionMod\Quests\Objectives\Delivery\Objective_D_1.json
SCRIPT       : [ExpansionQuestObjectiveDeliveryConfig] Load existing configuration file:$profile:ExpansionMod\Quests\Objectives\Delivery\Objective_D_2.json
SCRIPT       : [ExpansionQuestObjectiveCollectionConfig] Load existing configuration file:$profile:ExpansionMod\Quests\Objectives\Collection\Objective_C_1.json
SCRIPT       : [ExpansionQuestObjectiveCollectionConfig] Load existing configuration file:$profile:ExpansionMod\Quests\Objectives\Collection\Objective_C_2.json
SCRIPT       : [ExpansionQuestObjectiveCollectionConfig] Load existing configuration file:$profile:ExpansionMod\Quests\Objectives\Collection\Objective_C_3.json
SCRIPT       : [ExpansionQuestObjectiveTreasureHuntConfig] Load existing configuration file:$profile:ExpansionMod\Quests\Objectives\TreasureHunt\Objective_TH_1.json
SCRIPT       : [ExpansionQuestObjectiveActionConfig] Load existing configuration file:$profile:ExpansionMod\Quests\Objectives\Action\Objective_A_1.json
SCRIPT       : [ExpansionQuestObjectiveActionConfig] Load existing configuration file:$profile:ExpansionMod\Quests\Objectives\Action\Objective_A_2.json
SCRIPT       : [ExpansionQuestObjectiveCraftingConfig] Load existing configuration file:$profile:ExpansionMod\Quests\Objectives\Crafting\Objective_CR_1.json
SCRIPT       : [ExpansionQuestObjectiveAIPatrolConfig] Load existing configuration file:$profile:ExpansionMod\Quests\Objectives\AIPatrol\Objective_AIP_1.json
SCRIPT       : [ExpansionQuestObjectiveAICampConfig] Load existing configuration file:$profile:ExpansionMod\Quests\Objectives\AICamp\Objective_AIC_1.json
SCRIPT       : [ExpansionQuestObjectiveAIEscortConfig] Load existing configuration file:$profile:ExpansionMod\Quests\Objectives\AIVIP\Objective_AIESCORT_1.json
SCRIPT       : [ExpansionQuestNPCData] Load existing configuration file:QuestNPC_1.json
SCRIPT       : [ExpansionQuestNPCData] Load existing configuration file:QuestNPC_2.json
SCRIPT       : [ExpansionQuestNPCData] Load existing configuration file:QuestNPC_3.json
SCRIPT       : 16:08:05.992 [EXPANSION DEBUG]: ExpansionP2PTraderAIIrena<30c7d00>::SetP2PTraderID - ID: 1
SCRIPT       : ExpansionZonePolygon<4d82e7b0> position=<12015.854492, 0.000000, 12591.097656> radius=419.633
SCRIPT       : ExpansionZoneCircle<4e1afa00> position=<1143.140015, 0.000000, 2423.270020> radius=700
SCRIPT       : ExpansionZoneCircle<4e1afee0> position=<3728.270020, 0.000000, 6003.600098> radius=500
SCRIPT       : Found 3 zones!
SCRIPT       : ExpansionMarketItem marketItem = ExpansionMarketItem<a8995de0>
SCRIPT       : int worth =   1
SCRIPT       : 16:08:06.054 [EXPANSION DEBUG]: ExpansionQuestNPCAIDenis<572a0390>::OnEnterSafeZone
SCRIPT       : bool m_Expansion_LeavingSafeZone = 0
SCRIPT       : bool m_Expansion_IsInSafeZone = 0
SCRIPT       : bool m_Expansion_IsInSafeZoneSynchRemote = 0
SCRIPT       : 16:08:06.054 [EXPANSION DEBUG]: ExpansionP2PTraderAIIrena<30c7d00>::OnEnterSafeZone
SCRIPT       : bool m_Expansion_LeavingSafeZone = 0
SCRIPT       : bool m_Expansion_IsInSafeZone = 0
SCRIPT       : bool m_Expansion_IsInSafeZoneSynchRemote = 0
SCRIPT       : [emote] ExpansionP2PTraderAIIrena:043 play emote id=46 IH=null
SCRIPT       : 16:08:07.492 [EXPANSION DEBUG]: ExpansionItemSpawnHelper::Clone - created AK101:030797 at location { type=HANDS item=AK101:030769 parent=ExpansionQuestNPCAIDenis:044 }
SCRIPT       : 16:08:07.492 [EXPANSION DEBUG]: ExpansionItemSpawnHelper::Clone - created Mag_AK101_30Rnd:030798 at location { type=ATTACHMENT item=null parent=AK101:030797 slot=magazine }
SCRIPT       : [emote] ExpansionQuestNPCAIDenis:044 play emote id=46 IH=AK101:030797
SCRIPT       : 16:08:08.421 [EXPANSION DEBUG]: ExpansionItemSpawnHelper::Clone - created SVD:030770 at location { type=HANDS item=SVD:030783 parent=ExpansionQuestNPCAIElias:045 }
SCRIPT       : 16:08:08.421 [EXPANSION DEBUG]: ExpansionItemSpawnHelper::Clone - created Mag_SVD_10Rnd:030769 at location { type=ATTACHMENT item=null parent=SVD:030770 slot=magazine }
SCRIPT       : [emote] ExpansionQuestNPCAIElias:045 play emote id=14 IH=SVD:030770
SCRIPT       : 16:10:05.101 [EXPANSION DEBUG]: ExpansionHardlineModule<95405510> ::LoadPlayerData - Loaded player hardline data for player Blorpus9000[3I2KPiMwtNrbRzLe964-q3OrI2Ligr9LBcsFxmVIl3Q=]
SCRIPT       : ---- PlayerBase OnStoreLoad SUCCESS ----
SCRIPT       : 16:10:19.304 [EXPANSION DEBUG]: ExpansionQuestModule<98199d30> Sending 21 quest configs to client with UID: 3I2KPiMwtNrbRzLe964-q3OrI2Ligr9LBcsFxmVIl3Q=
SCRIPT       : 16:10:19.308 [EXPANSION DEBUG]: ExpansionQuestModule<98199d30> Sending player quest data for 4 quests to player with UID: 3I2KPiMwtNrbRzLe964-q3OrI2Ligr9LBcsFxmVIl3Q=
SCRIPT       : 16:10:47.375 [EXPANSION DEBUG]: ExpansionQuestModule<98199d30> Quest configs already synched for player with UID: 3I2KPiMwtNrbRzLe964-q3OrI2Ligr9LBcsFxmVIl3Q=
SCRIPT       : 16:10:47.375 [EXPANSION DEBUG]: ExpansionQuestModule<98199d30> Sending player quest data for quest ID 9 to player with UID: 3I2KPiMwtNrbRzLe964-q3OrI2Ligr9LBcsFxmVIl3Q=
SCRIPT       : 16:11:19.687 [EXTRACE] +ExpansionKillFeedModule<96a42ab0>::OnPlayerKilled SurvivorBase<798db590> SurvivorBase<798db590>
SCRIPT       : 16:11:19.687 [EXTRACE] -ExpansionKillFeedModule<96a42ab0>::OnPlayerKilled SurvivorBase<798db590> SurvivorBase<798db590> 0.3941 ms
SCRIPT    (E): 
Not an inventory item: AmmoBox_9x19_25rd
Function: 'Error'
Stack trace:
scripts/1_Core/proto\endebug.c:92
DayZExpansion/Core/Scripts/4_World/dayzexpansion_core\static\expansionitemspawnhelper.c:158
DayZExpansion/Core/Scripts/4_World/dayzexpansion_core\static\expansionitemspawnhelper.c:30
DayZExpansion/SpawnSelection/Scripts/5_Mission/dayzexpansion_spawnselection\classes\modules\respawnhandler\expansionrespawnhandlermodule.c:680
DayZExpansion/SpawnSelection/Scripts/5_Mission/dayzexpansion_spawnselection\classes\modules\respawnhandler\expansionrespawnhandlermodule.c:656
DayZExpansion/SpawnSelection/Scripts/5_Mission/dayzexpansion_spawnselection\classes\modules\respawnhandler\expansionrespawnhandlermodule.c:625
DayZExpansion/SpawnSelection/Scripts/5_Mission/dayzexpansion_spawnselection\classes\modules\respawnhandler\expansionrespawnhandlermodule.c:787
DayZExpansion/SpawnSelection/Scripts/5_Mission/dayzexpansion_spawnselection\mission\missionserver.c:43
scripts/5_Mission/mission\missionserver.c:512
JM/CF/Scripts/5_Mission/communityframework\mission\missionserver.c:120
scripts/5_Mission/mission\missionserver.c:274
JM/CF/Scripts/5_Mission/communityframework\mission\missionserver.c:10
scripts/3_Game/dayzgame.c:1692
DabsFramework/scripts/3_Game/dabsframework\dayzgame.c:72
JM/CF/Scripts/3_Game/communityframework\game\dayzgame.c:97
SCRIPT       : 16:11:35.304 [EXPANSION DEBUG]: ExpansionQuestModule<98199d30> Quest configs already synched for player with UID: 3I2KPiMwtNrbRzLe964-q3OrI2Ligr9LBcsFxmVIl3Q=
SCRIPT       : 16:11:35.304 [EXPANSION DEBUG]: ExpansionQuestModule<98199d30> Sending player quest data for 4 quests to player with UID: 3I2KPiMwtNrbRzLe964-q3OrI2Ligr9LBcsFxmVIl3Q=
SCRIPT       : [Logout]: New player 3I2KPiMwtNrbRzLe964-q3OrI2Ligr9LBcsFxmVIl3Q= with logout time 3
SCRIPT       : [emote] SurvivorF_Baty:047 play emote id=14 IH=Expansion_M9:030891
SCRIPT       : 16:12:10.851 [EXPANSION DEBUG]: ExpansionQuestPersistentData<93b6b610> ~ExpansionQuestPersistentData (4)
SCRIPT       : [Logout]: Player 3I2KPiMwtNrbRzLe964-q3OrI2Ligr9LBcsFxmVIl3Q= finished
