---------------------------------------------
Log C:\Program Files (x86)\Steam\steamapps\common\DayZServerAug2\config\script_2023-08-06_14-50-16.log started at 06.08. 14:50:16

SCRIPT       : Registered 395 temporary action enum(s), UAN==395
SCRIPT       : Registering faction type eAIFactionShamans ID -1484989417
SCRIPT       : Registering faction type eAIFactionObservers ID -563736721
SCRIPT       : Registering faction type eAIFactionInvincibleObservers ID -1227299746
SCRIPT       : Registering faction type eAIFactionEast ID 90522109
SCRIPT       : Registering faction type eAIFactionGuards ID 963933710
SCRIPT       : Registering faction type eAIFactionRaiders ID 1535276022
SCRIPT       : Registering faction type eAIFactionMercenaries ID 1629891834
SCRIPT       : Registering faction type eAIFactionWest ID 113880155
SCRIPT       : Registering faction type eAIFactionCivilian ID 1096178351
SCRIPT       : Registering faction type eAIFactionPassive ID -1159399789
SCRIPT       : Registering faction type eAIFactionInvincibleGuards ID 782746017
SCRIPT       : ... Backlit Effects Enabled
SCRIPT       : 14:50:17 [EXPANSION LOG]: DayZGame<1a178340> Start time (local time) 2023-08-06 14:50:13
SCRIPT       : 14:50:17 [EXPANSION LOG]: DayZGame<1a178340> Start time (UTC) 2023-08-06 19:50:13
SCRIPT       : 14:50:17 [EXPANSION LOG]: DayZGame<1a178340> Runtime since start (seconds) 4.39
SCRIPT    (W): @"JM/COT/Scripts/4_World/communityonlinetools\classes\webhook\jmwebhookdiscordmessage.c,19": Possible variable name conflict 'username'
SCRIPT    (W): @"JM/COT/Scripts/4_World/communityonlinetools\classes\webhook\jmwebhookdiscordmessage.c,19": Possible variable name conflict 'avatar_url'
SCRIPT    (W): @"JM/COT/Scripts/4_World/communityonlinetools\classes\webhook\jmwebhookdiscordmessage.c,19": Possible variable name conflict 'content'
SCRIPT    (W): @"JM/COT/Scripts/4_World/communityonlinetools\classes\webhook\jmwebhookdiscordmessage.c,151": Possible variable name conflict 'url'
SCRIPT    (W): @"JM/COT/Scripts/4_World/communityonlinetools\classes\webhook\jmwebhookdiscordmessage.c,172": Possible variable name conflict 'url'
SCRIPT    (W): @"JM/COT/Scripts/4_World/communityonlinetools\classes\webhook\jmwebhookdiscordmessage.c,180": Possible variable name conflict 'url'
SCRIPT       : Expansion version: 1.8.20
SCRIPT       : 14:50:30.964 [EXPANSION DEBUG]: [ExpansionDebugSettings] Load existing setting file:$profile:ExpansionMod\Settings\DebugSettings.json
SCRIPT       : 14:50:30.964 [EXPANSION DEBUG]: [ExpansionLogSettings] Load existing setting file:$profile:ExpansionMod\Settings\LogsSettings.json
SCRIPT       : 14:50:30.964 [EXPANSION DEBUG]: [ExpansionNotificationSettings] Load existing setting file:$profile:ExpansionMod\Settings\NotificationSettings.json
SCRIPT       : 14:50:30.964 [EXPANSION DEBUG]: [ExpansionMonitoringSettings] Load existing setting file:$profile:ExpansionMod\Settings\MonitoringSettings.json
SCRIPT       : 14:50:30.964 [EXPANSION DEBUG]: [ExpansionDamageSystemSettings] Load existing setting file:$profile:ExpansionMod\Settings\DamageSystemSettings.json
SCRIPT       : 14:50:30.964 [EXPANSION DEBUG]: [ExpansionPartySettings] Load existing setting file:$profile:ExpansionMod\Settings\PartySettings.json
SCRIPT       : 14:50:30.964 [EXPANSION DEBUG]: [ExpansionHardlineSettings] Load existing setting file:$mission:expansion\settings\HardlineSettings.json
SCRIPT       : 14:50:30.968 [EXPANSION DEBUG]: [ExpansionMarketSettings] Load existing setting file:$mission:expansion\settings\MarketSettings.json
SCRIPT       : ExpansionMarketSettings::LoadCategories - Adding category ID 1 (Ammo)
SCRIPT       : ExpansionMarketSettings::LoadCategories - Adding category ID 2 (Ammo_Boxes)
SCRIPT       : ExpansionMarketSettings::LoadCategories - Adding category ID 3 (Armbands)
SCRIPT       : ExpansionMarketSettings::LoadCategories - Adding category ID 4 (Assault_Rifles)
SCRIPT       : ExpansionMarketSettings::LoadCategories - Adding category ID 5 (Backpacks)
SCRIPT       : ExpansionMarketSettings::LoadCategories - Adding category ID 6 (Bandanas)
SCRIPT       : ExpansionMarketSettings::LoadCategories - Adding category ID 7 (Batteries)
SCRIPT       : ExpansionMarketSettings::LoadCategories - Adding category ID 8 (Bayonets)
SCRIPT       : ExpansionMarketSettings::LoadCategories - Adding category ID 9 (Belts)
SCRIPT       : ExpansionMarketSettings::LoadCategories - Adding category ID 10 (Blouses_And_Suits)
SCRIPT       : ExpansionMarketSettings::LoadCategories - Adding category ID 11 (Boats)
SCRIPT       : ExpansionMarketSettings::LoadCategories - Adding category ID 12 (Boots_And_Shoes)
SCRIPT       : ExpansionMarketSettings::LoadCategories - Adding category ID 13 (Buttstocks)
SCRIPT       : ExpansionMarketSettings::LoadCategories - Adding category ID 14 (Caps)
SCRIPT       : ExpansionMarketSettings::LoadCategories - Adding category ID 15 (Cars)
SCRIPT       : ExpansionMarketSettings::LoadCategories - Adding category ID 16 (Coats_And_Jackets)
SCRIPT       : ExpansionMarketSettings::LoadCategories - Adding category ID 17 (Containers)
SCRIPT       : ExpansionMarketSettings::LoadCategories - Adding category ID 18 (Crossbows)
SCRIPT       : ExpansionMarketSettings::LoadCategories - Adding category ID 19 (Drinks)
SCRIPT       : ExpansionMarketSettings::LoadCategories - Adding category ID 20 (Electronics)
SCRIPT       : ExpansionMarketSettings::LoadCategories - Adding category ID 21 (Event)
SCRIPT       : ExpansionMarketSettings::LoadCategories - Adding category ID 22 (Exchange)
SCRIPT       : ExpansionMarketSettings::LoadCategories - Adding category ID 23 (Explosives_And_Grenades)
SCRIPT       : ExpansionMarketSettings::LoadCategories - Adding category ID 24 (Eyewear)
SCRIPT       : ExpansionMarketSettings::LoadCategories - Adding category ID 25 (Fish)
SCRIPT       : ExpansionMarketSettings::LoadCategories - Adding category ID 26 (Fishing)
SCRIPT       : ExpansionMarketSettings::LoadCategories - Adding category ID 27 (Flags)
SCRIPT       : ExpansionMarketSettings::LoadCategories - Adding category ID 28 (Food)
SCRIPT       : ExpansionMarketSettings::LoadCategories - Adding category ID 29 (Fruit_And_Vegetables)
SCRIPT       : ExpansionMarketSettings::LoadCategories - Adding category ID 30 (Furnishings)
SCRIPT       : ExpansionMarketSettings::LoadCategories - Adding category ID 31 (Gardening)
SCRIPT       : ExpansionMarketSettings::LoadCategories - Adding category ID 32 (Ghillies)
SCRIPT       : ExpansionMarketSettings::LoadCategories - Adding category ID 33 (Gloves)
SCRIPT       : ExpansionMarketSettings::LoadCategories - Adding category ID 34 (Handguards)
SCRIPT       : ExpansionMarketSettings::LoadCategories - Adding category ID 35 (Hats_And_Hoods)
SCRIPT       : ExpansionMarketSettings::LoadCategories - Adding category ID 36 (Helicopters)
SCRIPT       : ExpansionMarketSettings::LoadCategories - Adding category ID 37 (Helmets)
SCRIPT       : ExpansionMarketSettings::LoadCategories - Adding category ID 38 (Holsters_And_Pouches)
SCRIPT       : ExpansionMarketSettings::LoadCategories - Adding category ID 39 (Kits)
SCRIPT       : ExpansionMarketSettings::LoadCategories - Adding category ID 40 (Knifes)
SCRIPT       : ExpansionMarketSettings::LoadCategories - Adding category ID 41 (Launchers)
SCRIPT       : ExpansionMarketSettings::LoadCategories - Adding category ID 42 (Lights)
SCRIPT       : ExpansionMarketSettings::LoadCategories - Adding category ID 43 (Liquids)
SCRIPT       : ExpansionMarketSettings::LoadCategories - Adding category ID 44 (Locks)
SCRIPT       : ExpansionMarketSettings::LoadCategories - Adding category ID 45 (Magazines)
SCRIPT       : ExpansionMarketSettings::LoadCategories - Adding category ID 46 (Masks)
SCRIPT       : ExpansionMarketSettings::LoadCategories - Adding category ID 47 (Meat)
SCRIPT       : ExpansionMarketSettings::LoadCategories - Adding category ID 48 (Medical)
SCRIPT       : ExpansionMarketSettings::LoadCategories - Adding category ID 49 (Melee_Weapons)
SCRIPT       : ExpansionMarketSettings::LoadCategories - Adding category ID 50 (Muzzles)
SCRIPT       : ExpansionMarketSettings::LoadCategories - Adding category ID 51 (Navigation)
SCRIPT       : ExpansionMarketSettings::LoadCategories - Adding category ID 52 (Optics)
SCRIPT       : ExpansionMarketSettings::LoadCategories - Adding category ID 53 (Pants_And_Shorts)
SCRIPT       : ExpansionMarketSettings::LoadCategories - Adding category ID 54 (Pistols)
SCRIPT       : ExpansionMarketSettings::LoadCategories - Adding category ID 55 (Rifles)
SCRIPT       : ExpansionMarketSettings::LoadCategories - Adding category ID 56 (Shirts_And_TShirts)
SCRIPT       : ExpansionMarketSettings::LoadCategories - Adding category ID 57 (Shotguns)
SCRIPT       : ExpansionMarketSettings::LoadCategories - Adding category ID 58 (Skirts_And_Dresses)
SCRIPT       : ExpansionMarketSettings::LoadCategories - Adding category ID 59 (Sniper_Rifles)
SCRIPT       : ExpansionMarketSettings::LoadCategories - Adding category ID 60 (Spraycans)
SCRIPT       : ExpansionMarketSettings::LoadCategories - Adding category ID 61 (Submachine_Guns)
SCRIPT       : ExpansionMarketSettings::LoadCategories - Adding category ID 62 (Supplies)
SCRIPT       : ExpansionMarketSettings::LoadCategories - Adding category ID 63 (Sweaters_And_Hoodies)
SCRIPT       : ExpansionMarketSettings::LoadCategories - Adding category ID 64 (Tents)
SCRIPT       : ExpansionMarketSettings::LoadCategories - Adding category ID 65 (Tools)
SCRIPT       : ExpansionMarketSettings::LoadCategories - Adding category ID 66 (Vehicle_Parts)
SCRIPT       : ExpansionMarketSettings::LoadCategories - Adding category ID 67 (Vests)
SCRIPT       : 14:50:31.082 [EXPANSION DEBUG]: [ExpansionAirdropSettings] Load existing setting file:$profile:ExpansionMod\Settings\AirdropSettings.json
SCRIPT       : 14:50:31.203 [EXPANSION DEBUG]: [ExpansionMissionSettings] Load existing setting file:$profile:ExpansionMod\Settings\MissionSettings.json
SCRIPT       : 14:50:31.203 [EXPANSION DEBUG]: [ExpansionMapSettings] Load existing setting file:$mission:expansion\settings\MapSettings.json
SCRIPT       : 14:50:31.214 [EXPANSION DEBUG]: [ExpansionPersonalStorageNewSettings] Load existing setting file:$profile:ExpansionMod\Settings\PersonalStorageNewSettings.json
SCRIPT       : 14:50:31.214 [EXPANSION DEBUG]: [ExpansionGeneralSettings] Load existing setting file:$profile:ExpansionMod\Settings\GeneralSettings.json
SCRIPT       : 14:50:31.218 [EXPANSION DEBUG]: [ExpansionPlayerListSettings] Load existing setting file:$profile:ExpansionMod\Settings\PlayerListSettings.json
SCRIPT       : 14:50:31.218 [EXPANSION DEBUG]: [ExpansionSocialMediaSettings] Load existing setting file:$profile:ExpansionMod\Settings\SocialMediaSettings.json
SCRIPT       : 14:50:31.218 [EXPANSION DEBUG]: [ExpansionSpawnSettings] Load existing setting file:$mission:expansion\settings\SpawnSettings.json
SCRIPT       : 14:50:31.218 [EXPANSION DEBUG]: [ExpansionVehicleSettings] Load existing setting file:$profile:ExpansionMod\Settings\VehicleSettings.json
SCRIPT       : 14:50:31.218 [EXPANSION DEBUG]: [ExpansionAISettings] Load existing setting file:$profile:ExpansionMod\Settings\AISettings.json
SCRIPT       : 14:50:31.218 [EXPANSION DEBUG]: [ExpansionAIPatrolSettings] Load existing setting file:$mission:expansion\settings\AIPatrolSettings.json
SCRIPT       : 14:50:31.226 [EXPANSION DEBUG]: [ExpansionBaseBuildingSettings] Load existing setting file:$mission:expansion\settings\BaseBuildingSettings.json
SCRIPT       : 14:50:31.226 [EXPANSION DEBUG]: [ExpansionRaidSettings] Load existing setting file:$profile:ExpansionMod\Settings\RaidSettings.json
SCRIPT       : 14:50:31.226 [EXPANSION DEBUG]: [ExpansionTerritorySettings] Load existing setting file:$profile:ExpansionMod\Settings\TerritorySettings.json
SCRIPT       : 14:50:31.230 [EXPANSION DEBUG]: [ExpansionChatSettings] Load existing setting file:$profile:ExpansionMod\Settings\ChatSettings.json
SCRIPT       : [DefineTest] EXPANSIONMOD is defined
SCRIPT       : [DefineTest] EXPANSIONMODAI is defined
SCRIPT       : [DefineTest] EXPANSIONMODANIMATIONS is defined
SCRIPT       : [DefineTest] EXPANSIONMODBASEBUILDING is defined
SCRIPT       : [DefineTest] EXPANSIONMODBOOK is defined
SCRIPT       : [DefineTest] EXPANSIONMODCHAT is defined
SCRIPT       : [DefineTest] EXPANSIONMODCORE is defined
SCRIPT       : [DefineTest] EXPANSIONMODGARAGE is defined
SCRIPT       : [DefineTest] EXPANSIONMODGROUPS is defined
SCRIPT       : [DefineTest] EXPANSIONMODHARDLINE is defined
SCRIPT       : [DefineTest] EXPANSIONMODKILLFEED is defined
SCRIPT       : [DefineTest] EXPANSIONMODMAPASSETS is defined
SCRIPT       : [DefineTest] EXPANSIONMODMARKET is defined
SCRIPT       : [DefineTest] EXPANSIONMODMISSIONS is defined
SCRIPT       : [DefineTest] EXPANSIONMODNAMETAGS is defined
SCRIPT       : [DefineTest] EXPANSIONMODNAVIGATION is defined
SCRIPT       : [DefineTest] EXPANSIONMODP2PMARKET is defined
SCRIPT       : [DefineTest] EXPANSIONMODPERSONALSTORAGE is defined
SCRIPT       : [DefineTest] EXPANSIONMODQUESTS is defined
SCRIPT       : [DefineTest] EXPANSIONMODSPAWNSELECTION is defined
SCRIPT       : [DefineTest] EXPANSIONMODVEHICLE is defined
SCRIPT       : [DefineTest] EXPANSIONMODWEAPONS is defined
SCRIPT       : [DefineTest] CfgMods:
SCRIPT       : defaultAction
SCRIPT       : DayZ
SCRIPT       : DZ_Expansion_AI_Preload
SCRIPT       : DZ_Expansion_Animations_Preload
SCRIPT       : DZ_Expansion_BaseBuilding_Preload
SCRIPT       : DZ_Expansion_Book_Preload
SCRIPT       : DZ_Expansion_Chat_Preload
SCRIPT       : DZ_Expansion_Core_Preload
SCRIPT       : DZ_Expansion_Garage_Preload
SCRIPT       : DZ_Expansion_Groups_Preload
SCRIPT       : DZ_Expansion_Hardline_Preload
SCRIPT       : DZ_Expansion_KillFeed_Preload
SCRIPT       : DZ_Expansion_MapAssets_Preload
SCRIPT       : DZ_Expansion_Market_Preload
SCRIPT       : DZ_Expansion_Missions_Preload
SCRIPT       : DZ_Expansion_ModStorage_Preload
SCRIPT       : DZ_Expansion_NameTags_Preload
SCRIPT       : DZ_Expansion_Navigation_Preload
SCRIPT       : DZ_Expansion_P2PMarket_Preload
SCRIPT       : DZ_Expansion_PersonalStorage_Preload
SCRIPT       : DZ_Expansion_Preload
SCRIPT       : DZ_Expansion_Quests_Preload
SCRIPT       : DZ_Expansion_SpawnSelection_Preload
SCRIPT       : DZ_Expansion_Vehicles_Preload
SCRIPT       : DZ_Expansion_Weapons_Preload
SCRIPT       : DZ_DabsFramework
SCRIPT       : DZ_Expansion_DefineTest
SCRIPT       : DZ_Expansion_MapAssets
SCRIPT       : bliss
SCRIPT       : JM_CommunityFramework
SCRIPT       : JM_CommunityOnlineTools
SCRIPT       : DZ_Expansion_ModStorage
SCRIPT       : DZ_Expansion_Core
SCRIPT       : DZ_Expansion_Garage
SCRIPT       : DZ_Expansion_Groups
SCRIPT       : DZ_Expansion_Market
SCRIPT       : DZ_Expansion_Missions
SCRIPT       : DZ_Expansion_NameTags
SCRIPT       : DZ_Expansion_Navigation
SCRIPT       : DZ_Expansion_NotificationScheduler
SCRIPT       : DZ_Expansion_P2PMarket
SCRIPT       : DZ_Expansion_PersonalStorage
SCRIPT       : DZ_Expansion_PersonalStorageNew
SCRIPT       : DZ_Expansion_PlayerList
SCRIPT       : DZ_Expansion
SCRIPT       : DZ_Expansion_SpawnSelection
SCRIPT       : DZ_Expansion_VanillaFixes
SCRIPT       : DZ_Expansion_Vehicles
SCRIPT       : DZ_Expansion_Weapons
SCRIPT       : DZ_Expansion_AI
SCRIPT       : DZ_Expansion_BaseBuilding
SCRIPT       : DZ_Expansion_Book
SCRIPT       : DZ_Expansion_Chat
SCRIPT       : DZ_Expansion_Hardline
SCRIPT       : DZ_Expansion_Quests
SCRIPT       : DZ_Expansion_VirtualContainerStorage
SCRIPT       : DayZ_Expansion_AI_Dynamic
SCRIPT       : 14:50:31.570 [EXPANSION DEBUG]: ModStorage v5
SCRIPT       : 14:50:34.460 [EXPANSION DEBUG]: ExpansionTraderJudy<abaa010>::SetTraderObject ExpansionTraderObjectBase<49e9d770> <4973.928711, 9.510984, 2436.782959>
SCRIPT       : 14:50:34.460 [EXPANSION DEBUG]: LoadMissionTradersFile trader ExpansionTraderJudy<abaa010> fileName Aircraft
SCRIPT       : 14:50:34.472 [EXPANSION DEBUG]: ExpansionTraderJose<5e6bb070>::SetTraderObject ExpansionTraderObjectBase<49eba960> <14353.624023, 3.326771, 13229.217773>
SCRIPT       : 14:50:34.472 [EXPANSION DEBUG]: LoadMissionTradersFile trader ExpansionTraderJose<5e6bb070> fileName Boats
SCRIPT       : 14:50:34.480 [EXPANSION DEBUG]: ExpansionTraderEva<c3550010>::SetTraderObject ExpansionTraderObjectBase<49f2de30> <14378.793945, 3.325975, 13271.585938>
SCRIPT       : 14:50:34.480 [EXPANSION DEBUG]: LoadMissionTradersFile trader ExpansionTraderEva<c3550010> fileName Fishing
SCRIPT       : 14:50:34.488 [EXPANSION DEBUG]: ExpansionTraderLewis<fb958e80>::SetTraderObject ExpansionTraderObjectBase<4a021320> <1756.656372, 1.415564, 2027.359741>
SCRIPT       : 14:50:34.488 [EXPANSION DEBUG]: LoadMissionTradersFile trader ExpansionTraderLewis<fb958e80> fileName Boats
SCRIPT       : 14:50:34.488 [EXPANSION DEBUG]: LoadMissionTradersFile trader ExpansionTraderStaticBase<3e6e3a50> fileName Exchange
SCRIPT       : 14:50:34.503 [EXPANSION DEBUG]: ExpansionTraderDenis<4a1de020>::SetTraderObject ExpansionTraderObjectBase<4a11baf0> <3697.249512, 402.010010, 5977.625488>
SCRIPT       : 14:50:34.503 [EXPANSION DEBUG]: LoadMissionTradersFile trader ExpansionTraderDenis<4a1de020> fileName Clothing
SCRIPT       : 14:50:34.523 [EXPANSION DEBUG]: ExpansionTraderMaria<4a16b020>::SetTraderObject ExpansionTraderObjectBase<4a20cd30> <3696.455811, 402.010010, 5980.193359>
SCRIPT       : 14:50:34.523 [EXPANSION DEBUG]: LoadMissionTradersFile trader ExpansionTraderMaria<4a16b020> fileName Clothing_Accessories
SCRIPT       : 14:50:34.535 [EXPANSION DEBUG]: ExpansionTraderQuinn<e0700010>::SetTraderObject ExpansionTraderObjectBase<53e3c790> <3710.121826, 402.010010, 5976.164063>
SCRIPT       : 14:50:34.535 [EXPANSION DEBUG]: LoadMissionTradersFile trader ExpansionTraderQuinn<e0700010> fileName Consumables
SCRIPT       : 14:50:34.554 [EXPANSION DEBUG]: ExpansionTraderNaomi<53fe9010>::SetTraderObject ExpansionTraderObjectBase<53f29c40> <3708.786865, 402.010010, 5974.589844>
SCRIPT       : 14:50:34.554 [EXPANSION DEBUG]: LoadMissionTradersFile trader ExpansionTraderNaomi<53fe9010> fileName Weapons
SCRIPT       : 14:50:34.574 [EXPANSION DEBUG]: ExpansionTraderSeth<9c1aaf0>::SetTraderObject ExpansionTraderObjectBase<54295a40> <3710.265137, 402.010010, 5973.340820>
SCRIPT       : 14:50:34.574 [EXPANSION DEBUG]: LoadMissionTradersFile trader ExpansionTraderSeth<9c1aaf0> fileName Attachments
SCRIPT       : 14:50:34.582 [EXPANSION DEBUG]: ExpansionTraderRolf<9c1e900>::SetTraderObject ExpansionTraderObjectBase<542b1f60> <3698.172607, 402.010010, 5995.337402>
SCRIPT       : 14:50:34.582 [EXPANSION DEBUG]: LoadMissionTradersFile trader ExpansionTraderRolf<9c1e900> fileName Vehicles
SCRIPT       : 14:50:34.601 [EXPANSION DEBUG]: ExpansionTraderIndar<9c39b70>::SetTraderObject ExpansionTraderObjectBase<544973c0> <3714.531006, 402.138000, 5961.776367>
SCRIPT       : 14:50:34.601 [EXPANSION DEBUG]: LoadMissionTradersFile trader ExpansionTraderIndar<9c39b70> fileName Components
SCRIPT       : 14:50:34.605 [EXPANSION DEBUG]: ExpansionTraderJudy<9c22710>::SetTraderObject ExpansionTraderObjectBase<5449cf50> <3729.029541, 402.651001, 5969.476563>
SCRIPT       : 14:50:34.605 [EXPANSION DEBUG]: LoadMissionTradersFile trader ExpansionTraderJudy<9c22710> fileName Medicals
SCRIPT       : 14:50:34.609 [EXPANSION DEBUG]: ExpansionTraderNaomi<9c3d980>::SetTraderObject ExpansionTraderObjectBase<544a5ba0> <3690.062988, 402.100067, 6006.763672>
SCRIPT       : 14:50:34.609 [EXPANSION DEBUG]: LoadMissionTradersFile trader ExpansionTraderNaomi<9c3d980> fileName Vehicle_Parts
SCRIPT       : 14:50:34.617 [EXPANSION DEBUG]: ExpansionTraderJose<9c41790>::SetTraderObject ExpansionTraderObjectBase<544aaba0> <3699.629883, 402.010010, 5993.970215>
SCRIPT       : 14:50:34.617 [EXPANSION DEBUG]: LoadMissionTradersFile trader ExpansionTraderJose<9c41790> fileName Spraycans
SCRIPT       : 14:50:34.625 [EXPANSION DEBUG]: ExpansionTraderLinda<9c26520>::SetTraderObject ExpansionTraderObjectBase<545bcfb0> <3674.669922, 406.760010, 5990.390137>
SCRIPT       : 14:50:34.625 [EXPANSION DEBUG]: LoadMissionTradersFile trader ExpansionTraderLinda<9c26520> fileName Special
SCRIPT       : 14:50:34.636 [EXPANSION DEBUG]: ExpansionTraderNiki<9c455a0>::SetTraderObject ExpansionTraderObjectBase<546a7660> <3699.030029, 402.013000, 5973.439941>
SCRIPT       : 14:50:34.636 [EXPANSION DEBUG]: LoadMissionTradersFile trader ExpansionTraderNiki<9c455a0> fileName BuildingSupplies
SCRIPT       : 14:50:34.640 [EXPANSION DEBUG]: ExpansionTraderFrancis<9c2a330>::SetTraderObject ExpansionTraderObjectBase<5477bf80> <1153.964844, 6.463035, 2409.763184>
SCRIPT       : 14:50:34.640 [EXPANSION DEBUG]: LoadMissionTradersFile trader ExpansionTraderFrancis<9c2a330> fileName Attachments
SCRIPT       : 14:50:34.648 [EXPANSION DEBUG]: ExpansionTraderKaito<9c50fd0>::SetTraderObject ExpansionTraderObjectBase<54887180> <1117.021240, 5.495151, 2413.766357>
SCRIPT       : 14:50:34.648 [EXPANSION DEBUG]: LoadMissionTradersFile trader ExpansionTraderKaito<9c50fd0> fileName Components
SCRIPT       : 14:50:34.656 [EXPANSION DEBUG]: ExpansionTraderCyril<9c493b0>::SetTraderObject ExpansionTraderObjectBase<54987920> <1136.987427, 5.908522, 2439.662598>
SCRIPT       : 14:50:34.656 [EXPANSION DEBUG]: LoadMissionTradersFile trader ExpansionTraderCyril<9c493b0> fileName Clothing
SCRIPT       : 14:50:34.667 [EXPANSION DEBUG]: ExpansionTraderGuo<9c4d1c0>::SetTraderObject ExpansionTraderObjectBase<54a34c10> <1133.974854, 5.909700, 2442.412598>
SCRIPT       : 14:50:34.667 [EXPANSION DEBUG]: LoadMissionTradersFile trader ExpansionTraderGuo<9c4d1c0> fileName Clothing_Accessories
SCRIPT       : 14:50:34.675 [EXPANSION DEBUG]: ExpansionTraderBoris<9c54de0>::SetTraderObject ExpansionTraderObjectBase<54b50440> <1123.468262, 15.349299, 2426.316162>
SCRIPT       : 14:50:34.675 [EXPANSION DEBUG]: LoadMissionTradersFile trader ExpansionTraderBoris<9c54de0> fileName Exchange
SCRIPT       : 14:50:34.675 [EXPANSION DEBUG]: ExpansionTraderLinda<54b7f8a0>::SetTraderObject ExpansionTraderObjectBase<54b55120> <1135.892822, 5.908773, 2436.856689>
SCRIPT       : 14:50:34.675 [EXPANSION DEBUG]: LoadMissionTradersFile trader ExpansionTraderLinda<54b7f8a0> fileName Consumables
SCRIPT       : 14:50:34.683 [EXPANSION DEBUG]: ExpansionTraderKeiko<54b73e70>::SetTraderObject ExpansionTraderObjectBase<54cb4b10> <1130.731689, 5.951744, 2438.009277>
SCRIPT       : 14:50:34.683 [EXPANSION DEBUG]: LoadMissionTradersFile trader ExpansionTraderKeiko<54b73e70> fileName Medicals
SCRIPT       : 14:50:34.691 [EXPANSION DEBUG]: ExpansionTraderHelga<54b836b0>::SetTraderObject ExpansionTraderObjectBase<54d33100> <1141.654419, 5.906255, 2421.591309>
SCRIPT       : 14:50:34.691 [EXPANSION DEBUG]: LoadMissionTradersFile trader ExpansionTraderHelga<54b836b0> fileName Special
SCRIPT       : 14:50:34.699 [EXPANSION DEBUG]: ExpansionTraderFrida<54b874c0>::SetTraderObject ExpansionTraderObjectBase<54d4f260> <1120.135132, 5.600746, 2417.465820>
SCRIPT       : 14:50:34.699 [EXPANSION DEBUG]: LoadMissionTradersFile trader ExpansionTraderFrida<54b874c0> fileName Vehicles
SCRIPT       : 14:50:34.703 [EXPANSION DEBUG]: ExpansionTraderHassan<54b8b2d0>::SetTraderObject ExpansionTraderObjectBase<5848b590> <1123.977905, 5.639271, 2417.411865>
SCRIPT       : 14:50:34.703 [EXPANSION DEBUG]: LoadMissionTradersFile trader ExpansionTraderHassan<54b8b2d0> fileName Vehicle_Parts
SCRIPT       : 14:50:34.707 [EXPANSION DEBUG]: ExpansionTraderDenis<54b70060>::SetTraderObject ExpansionTraderObjectBase<58490ea0> <1156.719727, 6.513331, 2406.355225>
SCRIPT       : 14:50:34.707 [EXPANSION DEBUG]: LoadMissionTradersFile trader ExpansionTraderDenis<54b70060> fileName Weapons
SCRIPT       : 14:50:34.714 [EXPANSION DEBUG]: ExpansionTraderGabi<54b8f0e0>::SetTraderObject ExpansionTraderObjectBase<58631300> <1135.689941, 5.900000, 2423.300049>
SCRIPT       : 14:50:34.714 [EXPANSION DEBUG]: LoadMissionTradersFile trader ExpansionTraderGabi<54b8f0e0> fileName BuildingSupplies
SCRIPT       : 14:50:34.718 [EXPANSION DEBUG]: ExpansionTraderFrancis<54b77c80>::SetTraderObject ExpansionTraderObjectBase<586366c0> <11835.901367, 140.617874, 12474.744141>
SCRIPT       : 14:50:34.718 [EXPANSION DEBUG]: LoadMissionTradersFile trader ExpansionTraderFrancis<54b77c80> fileName Attachments
SCRIPT       : 14:50:34.718 [EXPANSION DEBUG]: ExpansionTraderLinda<54b92ef0>::SetTraderObject ExpansionTraderObjectBase<58761950> <11856.716797, 140.565109, 12461.438477>
SCRIPT       : 14:50:34.718 [EXPANSION DEBUG]: LoadMissionTradersFile trader ExpansionTraderLinda<54b92ef0> fileName Consumables
SCRIPT       : 14:50:34.722 [EXPANSION DEBUG]: ExpansionTraderCyril<54b96d00>::SetTraderObject ExpansionTraderObjectBase<58768340> <11855.000000, 140.605103, 12466.099609>
SCRIPT       : 14:50:34.722 [EXPANSION DEBUG]: LoadMissionTradersFile trader ExpansionTraderCyril<54b96d00> fileName Clothing
SCRIPT       : 14:50:34.726 [EXPANSION DEBUG]: ExpansionTraderGuo<54b7ba90>::SetTraderObject ExpansionTraderObjectBase<5876ce90> <11855.200195, 140.605103, 12470.487305>
SCRIPT       : 14:50:34.726 [EXPANSION DEBUG]: LoadMissionTradersFile trader ExpansionTraderGuo<54b7ba90> fileName Clothing_Accessories
SCRIPT       : 14:50:34.730 [EXPANSION DEBUG]: ExpansionTraderKaito<54ba6540>::SetTraderObject ExpansionTraderObjectBase<587727f0> <11849.400391, 140.605087, 12466.200195>
SCRIPT       : 14:50:34.730 [EXPANSION DEBUG]: LoadMissionTradersFile trader ExpansionTraderKaito<54ba6540> fileName Components
SCRIPT       : 14:50:34.730 [EXPANSION DEBUG]: ExpansionTraderBoris<54baa350>::SetTraderObject ExpansionTraderObjectBase<58777de0> <11858.202148, 140.615112, 12463.234375>
SCRIPT       : 14:50:34.730 [EXPANSION DEBUG]: LoadMissionTradersFile trader ExpansionTraderBoris<54baa350> fileName Exchange
SCRIPT       : 14:50:34.734 [EXPANSION DEBUG]: ExpansionTraderKeiko<54b9ab10>::SetTraderObject ExpansionTraderObjectBase<5877c4d0> <11853.218750, 140.605087, 12463.277344>
SCRIPT       : 14:50:34.734 [EXPANSION DEBUG]: LoadMissionTradersFile trader ExpansionTraderKeiko<54b9ab10> fileName Medicals
SCRIPT       : 14:50:34.738 [EXPANSION DEBUG]: ExpansionTraderGabi<54b9e920>::SetTraderObject ExpansionTraderObjectBase<58882760> <11833.200195, 140.605118, 12461.700195>
SCRIPT       : 14:50:34.738 [EXPANSION DEBUG]: LoadMissionTradersFile trader ExpansionTraderGabi<54b9e920> fileName Special
SCRIPT       : 14:50:34.742 [EXPANSION DEBUG]: ExpansionTraderElias<54ba2730>::SetTraderObject ExpansionTraderObjectBase<5889fbd0> <11877.799805, 140.134796, 12441.599609>
SCRIPT       : 14:50:34.742 [EXPANSION DEBUG]: LoadMissionTradersFile trader ExpansionTraderElias<54ba2730> fileName Vehicles
SCRIPT       : 14:50:34.746 [EXPANSION DEBUG]: ExpansionTraderHassan<58960a90>::SetTraderObject ExpansionTraderObjectBase<589a48f0> <11878.674805, 140.134796, 12424.302734>
SCRIPT       : 14:50:34.746 [EXPANSION DEBUG]: LoadMissionTradersFile trader ExpansionTraderHassan<58960a90> fileName Vehicle_Parts
SCRIPT       : 14:50:34.750 [EXPANSION DEBUG]: ExpansionTraderDenis<589702d0>::SetTraderObject ExpansionTraderObjectBase<589a9c10> <11833.576172, 140.605072, 12469.492188>
SCRIPT       : 14:50:34.750 [EXPANSION DEBUG]: LoadMissionTradersFile trader ExpansionTraderDenis<589702d0> fileName Weapons
SCRIPT       : 14:50:34.753 [EXPANSION DEBUG]: ExpansionTraderLinda<589648a0>::SetTraderObject ExpansionTraderObjectBase<589aec10> <11852.194336, 140.660980, 12472.387695>
SCRIPT       : 14:50:34.753 [EXPANSION DEBUG]: LoadMissionTradersFile trader ExpansionTraderLinda<589648a0> fileName BuildingSupplies
SCRIPT       : 14:50:34.761 [EXPANSION DEBUG]: ExpansionTraderManua<589686b0>::SetTraderObject ExpansionTraderObjectBase<58ab1820> <11879.722656, 140.094788, 12435.959961>
SCRIPT       : 14:50:34.761 [EXPANSION DEBUG]: LoadMissionTradersFile trader ExpansionTraderManua<589686b0> fileName Spraycans
SCRIPT       : 14:50:34.769 [EXPANSION DEBUG]: ExpansionTraderIrena<58958e70>::SetTraderObject ExpansionTraderObjectBase<58b7eb10> <12160.279297, 140.580765, 12689.783203>
SCRIPT       : 14:50:34.769 [EXPANSION DEBUG]: LoadMissionTradersFile trader ExpansionTraderIrena<58958e70> fileName Aircraft
SCRIPT       : [ExpansionQuestPersistentServerData] Load existing configuration file:$profile:ExpansionMod\Quests\PersistentServerData.json
SCRIPT       : [ExpansionQuestPersistentServerData] Load existing configuration file:$profile:ExpansionMod\Quests\PersistentServerData.json
SCRIPT       : [ExpansionQuestObjectiveTravelConfig] Load existing configuration file:$profile:ExpansionMod\Quests\Objectives\Travel\Objective_T_1.json
SCRIPT       : [ExpansionQuestObjectiveTravelConfig] Load existing configuration file:$profile:ExpansionMod\Quests\Objectives\Travel\Objective_T_2.json
SCRIPT       : [ExpansionQuestObjectiveTravelConfig] Load existing configuration file:$profile:ExpansionMod\Quests\Objectives\Travel\Objective_T_3.json
SCRIPT       : [ExpansionQuestObjectiveTravelConfig] Load existing configuration file:$profile:ExpansionMod\Quests\Objectives\Travel\Objective_T_4.json
SCRIPT       : [ExpansionQuestObjectiveTargetConfig] Load existing configuration file:$profile:ExpansionMod\Quests\Objectives\Target\Objective_TA_1.json
SCRIPT       : [ExpansionQuestObjectiveTargetConfig] Load existing configuration file:$profile:ExpansionMod\Quests\Objectives\Target\Objective_TA_2.json
SCRIPT       : [ExpansionQuestObjectiveTargetConfig] Load existing configuration file:$profile:ExpansionMod\Quests\Objectives\Target\Objective_TA_3.json
SCRIPT       : [ExpansionQuestObjectiveTargetConfig] Load existing configuration file:$profile:ExpansionMod\Quests\Objectives\Target\Objective_TA_4.json
SCRIPT       : [ExpansionQuestObjectiveDeliveryConfig] Load existing configuration file:$profile:ExpansionMod\Quests\Objectives\Delivery\Objective_D_1.json
SCRIPT       : [ExpansionQuestObjectiveDeliveryConfig] Load existing configuration file:$profile:ExpansionMod\Quests\Objectives\Delivery\Objective_D_2.json
SCRIPT       : [ExpansionQuestObjectiveCollectionConfig] Load existing configuration file:$profile:ExpansionMod\Quests\Objectives\Collection\Objective_C_1.json
SCRIPT       : [ExpansionQuestObjectiveCollectionConfig] Load existing configuration file:$profile:ExpansionMod\Quests\Objectives\Collection\Objective_C_2.json
SCRIPT       : [ExpansionQuestObjectiveCollectionConfig] Load existing configuration file:$profile:ExpansionMod\Quests\Objectives\Collection\Objective_C_3.json
SCRIPT       : [ExpansionQuestObjectiveTreasureHuntConfig] Load existing configuration file:$profile:ExpansionMod\Quests\Objectives\TreasureHunt\Objective_TH_1.json
SCRIPT       : [ExpansionQuestObjectiveActionConfig] Load existing configuration file:$profile:ExpansionMod\Quests\Objectives\Action\Objective_A_1.json
SCRIPT       : [ExpansionQuestObjectiveActionConfig] Load existing configuration file:$profile:ExpansionMod\Quests\Objectives\Action\Objective_A_2.json
SCRIPT       : [ExpansionQuestObjectiveCraftingConfig] Load existing configuration file:$profile:ExpansionMod\Quests\Objectives\Crafting\Objective_CR_1.json
SCRIPT       : [ExpansionQuestObjectiveAIPatrolConfig] Load existing configuration file:$profile:ExpansionMod\Quests\Objectives\AIPatrol\Objective_AIP_1.json
SCRIPT       : [ExpansionQuestObjectiveAICampConfig] Load existing configuration file:$profile:ExpansionMod\Quests\Objectives\AICamp\Objective_AIC_1.json
SCRIPT       : [ExpansionQuestObjectiveAIEscortConfig] Load existing configuration file:$profile:ExpansionMod\Quests\Objectives\AIVIP\Objective_AIESCORT_1.json
SCRIPT       : [ExpansionQuestNPCData] Load existing configuration file:QuestNPC_1.json
SCRIPT       : [ExpansionQuestNPCData] Load existing configuration file:QuestNPC_2.json
SCRIPT       : [ExpansionQuestNPCData] Load existing configuration file:QuestNPC_3.json
SCRIPT       : 14:50:50.535 [EXPANSION DEBUG]: ExpansionP2PTraderAIIrena<85045230>::SetP2PTraderID - ID: 1
SCRIPT       : ExpansionZonePolygon<c95f75b0> position=<12015.854492, 0.000000, 12591.097656> radius=419.633
SCRIPT       : ExpansionZoneCircle<d8784730> position=<1143.140015, 0.000000, 2423.270020> radius=700
SCRIPT       : ExpansionZoneCircle<d87840d0> position=<3728.270020, 0.000000, 6003.600098> radius=500
SCRIPT       : Found 3 zones!
SCRIPT       : ExpansionMarketItem marketItem = ExpansionMarketItem<2ab0d5e0>
SCRIPT       : int worth =   1
SCRIPT       : 14:50:50.585 [EXPANSION DEBUG]: ExpansionQuestNPCAIDenis<85065270>::OnEnterSafeZone
SCRIPT       : bool m_Expansion_LeavingSafeZone = 0
SCRIPT       : bool m_Expansion_IsInSafeZone = 0
SCRIPT       : bool m_Expansion_IsInSafeZoneSynchRemote = 0
SCRIPT       : 14:50:50.585 [EXPANSION DEBUG]: ExpansionP2PTraderAIIrena<85045230>::OnEnterSafeZone
SCRIPT       : bool m_Expansion_LeavingSafeZone = 0
SCRIPT       : bool m_Expansion_IsInSafeZone = 0
SCRIPT       : bool m_Expansion_IsInSafeZoneSynchRemote = 0
SCRIPT       : [emote] ExpansionP2PTraderAIIrena:043 play emote id=46 IH=null
SCRIPT       : 14:50:51.941 [EXPANSION DEBUG]: ExpansionItemSpawnHelper::Clone - created Aug:030904 at location { type=HANDS item=Aug:030877 parent=ExpansionQuestNPCAIDenis:044 }
SCRIPT       : 14:50:51.941 [EXPANSION DEBUG]: ExpansionItemSpawnHelper::Clone - created Mag_Aug_30Rnd:030905 at location { type=ATTACHMENT item=null parent=Aug:030904 slot=magazine }
SCRIPT       : [emote] ExpansionQuestNPCAIDenis:044 play emote id=46 IH=Aug:030904
SCRIPT       : 14:50:52.921 [EXPANSION DEBUG]: ExpansionItemSpawnHelper::Clone - created SVD:030878 at location { type=HANDS item=SVD:030890 parent=ExpansionQuestNPCAIElias:045 }
SCRIPT       : 14:50:52.921 [EXPANSION DEBUG]: ExpansionItemSpawnHelper::Clone - created Mag_SVD_10Rnd:030877 at location { type=ATTACHMENT item=null parent=SVD:030878 slot=magazine }
SCRIPT       : [emote] ExpansionQuestNPCAIElias:045 play emote id=14 IH=SVD:030878
SCRIPT       : 14:51:27.347 [EXPANSION DEBUG]: ExpansionHardlineModule<2bd04ea0> ::LoadPlayerData - Loaded player hardline data for player Blorpus9000[3I2KPiMwtNrbRzLe964-q3OrI2Ligr9LBcsFxmVIl3Q=]
SCRIPT       : ---- PlayerBase OnStoreLoad SUCCESS ----
SCRIPT       : 14:51:38.417 [EXPANSION DEBUG]: ExpansionQuestModule<2ea615e0> Sending 21 quest configs to client with UID: 3I2KPiMwtNrbRzLe964-q3OrI2Ligr9LBcsFxmVIl3Q=
SCRIPT       : 14:51:38.417 [EXPANSION DEBUG]: ExpansionQuestModule<2ea615e0> Sending player quest data for 4 quests to player with UID: 3I2KPiMwtNrbRzLe964-q3OrI2Ligr9LBcsFxmVIl3Q=
SCRIPT       : [inv] ReplaceItemWithNewLambdaBase Step B) remove OK, loc={ type=HANDS item=AmmoBox_762x39_20Rnd:030960 parent=SurvivorM_Lewis:046 }
SCRIPT       : UnboxLambda::SetupNewMagazine new_item=Ammo_762x39<f01db360> count=20
SCRIPT       : 14:55:06.445 [EXPANSION DEBUG]: ExpansionItemSpawnHelper::Clone - created Mosin9130:031002 at location { type=HANDS item=Mosin9130:030973 parent=eAI_SurvivorM_Elias:048 }
SCRIPT       : 14:55:06.445 [EXPANSION DEBUG]: ExpansionItemSpawnHelper::Clone - created PUScopeOptic:031003 at location { type=ATTACHMENT item=null parent=Mosin9130:031002 slot=weaponOpticsMosin }
SCRIPT       : 14:55:06.539 [EXPANSION DEBUG]: ExpansionItemSpawnHelper::Clone - created CZ527:030974 at location { type=HANDS item=CZ527:030984 parent=eAI_SurvivorF_Linda:049 }
SCRIPT       : 14:55:06.539 [EXPANSION DEBUG]: ExpansionItemSpawnHelper::Clone - created Mag_CZ527_5rnd:030973 at location { type=ATTACHMENT item=null parent=CZ527:030974 slot=magazine }
SCRIPT       : 14:55:06.542 [EXPANSION DEBUG]: ExpansionItemSpawnHelper::Clone - created CZ550:030985 at location { type=HANDS item=CZ550:019282 parent=eAI_SurvivorF_Keiko:047 }
SCRIPT       : 14:55:06.542 [EXPANSION DEBUG]: ExpansionItemSpawnHelper::Clone - created Mag_CZ550_10rnd:030984 at location { type=ATTACHMENT item=null parent=CZ550:030985 slot=magazine }
SCRIPT       : 14:55:06.546 [EXPANSION DEBUG]: ExpansionItemSpawnHelper::Clone - created UMP45:030965 at location { type=HANDS item=UMP45:030993 parent=eAI_SurvivorF_Gabi:050 }
SCRIPT       : 14:55:06.546 [EXPANSION DEBUG]: ExpansionItemSpawnHelper::Clone - created Mag_UMP_25Rnd:019282 at location { type=ATTACHMENT item=null parent=UMP45:030965 slot=magazine }
SCRIPT       : [inv] ReplaceItemWithNewLambdaBase Step B) remove OK, loc={ type=HANDS item=AmmoBox_9x19_25rnd:031017 parent=SurvivorM_Lewis:046 }
SCRIPT       : UnboxLambda::SetupNewMagazine new_item=Ammo_9x19<15da9d20> count=25
SCRIPT       : [inv] ReplaceItemWithNewLambdaBase Step B) remove OK, loc={ type=HANDS item=AmmoBox_9x19_25rnd:031018 parent=SurvivorM_Lewis:046 }
SCRIPT       : UnboxLambda::SetupNewMagazine new_item=Ammo_9x19<15dac960> count=25
SCRIPT       : [Logout]: New player 3I2KPiMwtNrbRzLe964-q3OrI2Ligr9LBcsFxmVIl3Q= with logout time 3
SCRIPT       : [emote] SurvivorM_Lewis:046 play emote id=14 IH=null
SCRIPT       : 15:02:48.875 [EXPANSION DEBUG]: ExpansionQuestPersistentData<f29aa750> ~ExpansionQuestPersistentData (4)
SCRIPT       : [Logout]: Player 3I2KPiMwtNrbRzLe964-q3OrI2Ligr9LBcsFxmVIl3Q= finished
