---------------------------------------------
Log C:\Program Files (x86)\Steam\steamapps\common\DayZServerAug2\config\script_2023-08-12_18-39-12.log started at 12.08. 18:39:13

SCRIPT       : Registered 397 temporary action enum(s), UAN==397
SCRIPT       : Registering faction type eAIFactionShamans ID -1484989417
SCRIPT       : Registering faction type eAIFactionObservers ID -563736721
SCRIPT       : Registering faction type eAIFactionInvincibleObservers ID -1227299746
SCRIPT       : Registering faction type eAIFactionEast ID 90522109
SCRIPT       : Registering faction type eAIFactionGuards ID 963933710
SCRIPT       : Registering faction type eAIFactionRaiders ID 1535276022
SCRIPT       : Registering faction type eAIFactionMercenaries ID 1629891834
SCRIPT       : Registering faction type eAIFactionWest ID 113880155
SCRIPT       : Registering faction type eAIFactionCivilian ID 1096178351
SCRIPT       : Registering faction type eAIFactionPassive ID -1159399789
SCRIPT       : Registering faction type eAIFactionInvincibleGuards ID 782746017
SCRIPT       : ... Backlit Effects Enabled
SCRIPT       : 18:39:14 [EXPANSION LOG]: DayZGame<b8fb26d0> Start time (local time) 2023-08-12 18:39:08
SCRIPT       : 18:39:14 [EXPANSION LOG]: DayZGame<b8fb26d0> Start time (UTC) 2023-08-12 23:39:08
SCRIPT       : 18:39:14 [EXPANSION LOG]: DayZGame<b8fb26d0> Runtime since start (seconds) 6.985
SCRIPT    (W): @"JM/COT/Scripts/4_World/communityonlinetools\classes\webhook\jmwebhookdiscordmessage.c,19": Possible variable name conflict 'username'
SCRIPT    (W): @"JM/COT/Scripts/4_World/communityonlinetools\classes\webhook\jmwebhookdiscordmessage.c,19": Possible variable name conflict 'avatar_url'
SCRIPT    (W): @"JM/COT/Scripts/4_World/communityonlinetools\classes\webhook\jmwebhookdiscordmessage.c,19": Possible variable name conflict 'content'
SCRIPT    (W): @"JM/COT/Scripts/4_World/communityonlinetools\classes\webhook\jmwebhookdiscordmessage.c,151": Possible variable name conflict 'url'
SCRIPT    (W): @"JM/COT/Scripts/4_World/communityonlinetools\classes\webhook\jmwebhookdiscordmessage.c,172": Possible variable name conflict 'url'
SCRIPT    (W): @"JM/COT/Scripts/4_World/communityonlinetools\classes\webhook\jmwebhookdiscordmessage.c,180": Possible variable name conflict 'url'
SCRIPT       : 18:39:30.093 [EXPANSION DEBUG]: [ExpansionDebugSettings] Load existing setting file:$profile:ExpansionMod\Settings\DebugSettings.json
SCRIPT       : 18:39:30.101 [EXPANSION DEBUG]: [ExpansionLogSettings] Load existing setting file:$profile:ExpansionMod\Settings\LogsSettings.json
SCRIPT       : 18:39:30.109 [EXPANSION DEBUG]: [ExpansionNotificationSettings] Load existing setting file:$profile:ExpansionMod\Settings\NotificationSettings.json
SCRIPT       : 18:39:30.109 [EXPANSION DEBUG]: [ExpansionMonitoringSettings] Load existing setting file:$profile:ExpansionMod\Settings\MonitoringSettings.json
SCRIPT       : 18:39:30.109 [EXPANSION DEBUG]: [ExpansionDamageSystemSettings] Load existing setting file:$profile:ExpansionMod\Settings\DamageSystemSettings.json
SCRIPT       : 18:39:30.117 [EXPANSION DEBUG]: [ExpansionPartySettings] Load existing setting file:$profile:ExpansionMod\Settings\PartySettings.json
SCRIPT       : 18:39:30.117 [EXPANSION DEBUG]: [ExpansionHardlineSettings] Load existing setting file:$mission:expansion\settings\HardlineSettings.json
SCRIPT       : 18:39:30.125 [EXPANSION DEBUG]: [ExpansionMarketSettings] Load existing setting file:$mission:expansion\settings\MarketSettings.json
SCRIPT       : ExpansionMarketSettings::LoadCategories - Adding category ID 1 (Ammo)
SCRIPT       : ExpansionMarketSettings::LoadCategories - Adding category ID 2 (Ammo_Boxes)
SCRIPT       : ExpansionMarketSettings::LoadCategories - Adding category ID 3 (Armbands)
SCRIPT       : ExpansionMarketSettings::LoadCategories - Adding category ID 4 (Assault_Rifles)
SCRIPT       : ExpansionMarketSettings::LoadCategories - Adding category ID 5 (Backpacks)
SCRIPT       : ExpansionMarketSettings::LoadCategories - Adding category ID 6 (Bandanas)
SCRIPT       : ExpansionMarketSettings::LoadCategories - Adding category ID 7 (Batteries)
SCRIPT       : ExpansionMarketSettings::LoadCategories - Adding category ID 8 (Bayonets)
SCRIPT       : ExpansionMarketSettings::LoadCategories - Adding category ID 9 (Belts)
SCRIPT       : ExpansionMarketSettings::LoadCategories - Adding category ID 10 (Blouses_And_Suits)
SCRIPT       : ExpansionMarketSettings::LoadCategories - Adding category ID 11 (Boats)
SCRIPT       : ExpansionMarketSettings::LoadCategories - Adding category ID 12 (Boots_And_Shoes)
SCRIPT       : ExpansionMarketSettings::LoadCategories - Adding category ID 13 (Buttstocks)
SCRIPT       : ExpansionMarketSettings::LoadCategories - Adding category ID 14 (Caps)
SCRIPT       : ExpansionMarketSettings::LoadCategories - Adding category ID 15 (Cars)
SCRIPT       : ExpansionMarketSettings::LoadCategories - Adding category ID 16 (Coats_And_Jackets)
SCRIPT       : ExpansionMarketSettings::LoadCategories - Adding category ID 17 (Containers)
SCRIPT       : ExpansionMarketSettings::LoadCategories - Adding category ID 18 (Crossbows)
SCRIPT       : ExpansionMarketSettings::LoadCategories - Adding category ID 19 (Drinks)
SCRIPT       : ExpansionMarketSettings::LoadCategories - Adding category ID 20 (Electronics)
SCRIPT       : ExpansionMarketSettings::LoadCategories - Adding category ID 21 (Event)
SCRIPT       : ExpansionMarketSettings::LoadCategories - Adding category ID 22 (Exchange)
SCRIPT       : ExpansionMarketSettings::LoadCategories - Adding category ID 23 (Explosives_And_Grenades)
SCRIPT       : ExpansionMarketSettings::LoadCategories - Adding category ID 24 (Eyewear)
SCRIPT       : ExpansionMarketSettings::LoadCategories - Adding category ID 25 (Fish)
SCRIPT       : ExpansionMarketSettings::LoadCategories - Adding category ID 26 (Fishing)
SCRIPT       : ExpansionMarketSettings::LoadCategories - Adding category ID 27 (Flags)
SCRIPT       : ExpansionMarketSettings::LoadCategories - Adding category ID 28 (Food)
SCRIPT       : ExpansionMarketSettings::LoadCategories - Adding category ID 29 (Fruit_And_Vegetables)
SCRIPT       : ExpansionMarketSettings::LoadCategories - Adding category ID 30 (Furnishings)
SCRIPT       : ExpansionMarketSettings::LoadCategories - Adding category ID 31 (Gardening)
SCRIPT       : ExpansionMarketSettings::LoadCategories - Adding category ID 32 (Ghillies)
SCRIPT       : ExpansionMarketSettings::LoadCategories - Adding category ID 33 (Gloves)
SCRIPT       : ExpansionMarketSettings::LoadCategories - Adding category ID 34 (Handguards)
SCRIPT       : ExpansionMarketSettings::LoadCategories - Adding category ID 35 (Hats_And_Hoods)
SCRIPT       : ExpansionMarketSettings::LoadCategories - Adding category ID 36 (Helicopters)
SCRIPT       : ExpansionMarketSettings::LoadCategories - Adding category ID 37 (Helmets)
SCRIPT       : ExpansionMarketSettings::LoadCategories - Adding category ID 38 (Holsters_And_Pouches)
SCRIPT       : ExpansionMarketSettings::LoadCategories - Adding category ID 39 (Kits)
SCRIPT       : ExpansionMarketSettings::LoadCategories - Adding category ID 40 (Knifes)
SCRIPT       : ExpansionMarketSettings::LoadCategories - Adding category ID 41 (Launchers)
SCRIPT       : ExpansionMarketSettings::LoadCategories - Adding category ID 42 (Lights)
SCRIPT       : ExpansionMarketSettings::LoadCategories - Adding category ID 43 (Liquids)
SCRIPT       : ExpansionMarketSettings::LoadCategories - Adding category ID 44 (Locks)
SCRIPT       : ExpansionMarketSettings::LoadCategories - Adding category ID 45 (Magazines)
SCRIPT       : ExpansionMarketSettings::LoadCategories - Adding category ID 46 (Masks)
SCRIPT       : ExpansionMarketSettings::LoadCategories - Adding category ID 47 (Meat)
SCRIPT       : ExpansionMarketSettings::LoadCategories - Adding category ID 48 (Medical)
SCRIPT       : ExpansionMarketSettings::LoadCategories - Adding category ID 49 (Melee_Weapons)
SCRIPT       : ExpansionMarketSettings::LoadCategories - Adding category ID 50 (Muzzles)
SCRIPT       : ExpansionMarketSettings::LoadCategories - Adding category ID 51 (Navigation)
SCRIPT       : ExpansionMarketSettings::LoadCategories - Adding category ID 52 (Optics)
SCRIPT       : ExpansionMarketSettings::LoadCategories - Adding category ID 53 (Pants_And_Shorts)
SCRIPT       : ExpansionMarketSettings::LoadCategories - Adding category ID 54 (Pistols)
SCRIPT       : ExpansionMarketSettings::LoadCategories - Adding category ID 55 (Rifles)
SCRIPT       : ExpansionMarketSettings::LoadCategories - Adding category ID 56 (Shirts_And_TShirts)
SCRIPT       : ExpansionMarketSettings::LoadCategories - Adding category ID 57 (Shotguns)
SCRIPT       : ExpansionMarketSettings::LoadCategories - Adding category ID 58 (Skirts_And_Dresses)
SCRIPT       : ExpansionMarketSettings::LoadCategories - Adding category ID 59 (Sniper_Rifles)
SCRIPT       : ExpansionMarketSettings::LoadCategories - Adding category ID 60 (Spraycans)
SCRIPT       : ExpansionMarketSettings::LoadCategories - Adding category ID 61 (Submachine_Guns)
SCRIPT       : ExpansionMarketSettings::LoadCategories - Adding category ID 62 (Supplies)
SCRIPT       : ExpansionMarketSettings::LoadCategories - Adding category ID 63 (Sweaters_And_Hoodies)
SCRIPT       : ExpansionMarketSettings::LoadCategories - Adding category ID 64 (Tents)
SCRIPT       : ExpansionMarketSettings::LoadCategories - Adding category ID 65 (Tools)
SCRIPT       : ExpansionMarketSettings::LoadCategories - Adding category ID 66 (Vehicle_Parts)
SCRIPT       : ExpansionMarketSettings::LoadCategories - Adding category ID 67 (Vests)
SCRIPT       : 18:39:30.523 [EXPANSION DEBUG]: [ExpansionAirdropSettings] Load existing setting file:$profile:ExpansionMod\Settings\AirdropSettings.json
SCRIPT       : 18:39:30.648 [EXPANSION DEBUG]: [ExpansionMissionSettings] Load existing setting file:$profile:ExpansionMod\Settings\MissionSettings.json
SCRIPT       : 18:39:30.656 [EXPANSION DEBUG]: [ExpansionMapSettings] Load existing setting file:$mission:expansion\settings\MapSettings.json
SCRIPT       : 18:39:30.679 [EXPANSION DEBUG]: [ExpansionPersonalStorageNewSettings] Load existing setting file:$profile:ExpansionMod\Settings\PersonalStorageNewSettings.json
SCRIPT       : 18:39:30.687 [EXPANSION DEBUG]: [ExpansionGeneralSettings] Load existing setting file:$profile:ExpansionMod\Settings\GeneralSettings.json
SCRIPT       : 18:39:30.687 [EXPANSION DEBUG]: [ExpansionPlayerListSettings] Load existing setting file:$profile:ExpansionMod\Settings\PlayerListSettings.json
SCRIPT       : 18:39:30.687 [EXPANSION DEBUG]: [ExpansionSocialMediaSettings] Load existing setting file:$profile:ExpansionMod\Settings\SocialMediaSettings.json
SCRIPT       : 18:39:30.695 [EXPANSION DEBUG]: [ExpansionSpawnSettings] Load existing setting file:$mission:expansion\settings\SpawnSettings.json
SCRIPT       : 18:39:30.703 [EXPANSION DEBUG]: [ExpansionVehicleSettings] Load existing setting file:$profile:ExpansionMod\Settings\VehicleSettings.json
SCRIPT       : 18:39:30.703 [EXPANSION DEBUG]: [ExpansionAISettings] Load existing setting file:$profile:ExpansionMod\Settings\AISettings.json
SCRIPT       : 18:39:30.703 [EXPANSION DEBUG]: [ExpansionAIPatrolSettings] Load existing setting file:$mission:expansion\settings\AIPatrolSettings.json
SCRIPT       : 18:39:30.718 [EXPANSION DEBUG]: [ExpansionBaseBuildingSettings] Load existing setting file:$mission:expansion\settings\BaseBuildingSettings.json
SCRIPT       : 18:39:30.718 [EXPANSION DEBUG]: [ExpansionRaidSettings] Load existing setting file:$profile:ExpansionMod\Settings\RaidSettings.json
SCRIPT       : 18:39:30.726 [EXPANSION DEBUG]: [ExpansionTerritorySettings] Load existing setting file:$profile:ExpansionMod\Settings\TerritorySettings.json
SCRIPT       : 18:39:30.734 [EXPANSION DEBUG]: [ExpansionChatSettings] Load existing setting file:$profile:ExpansionMod\Settings\ChatSettings.json
SCRIPT    (E): JSON ERROR dolphin/DayZ-Expansion-AI-Dynamic/Scripts/5_Mission/modules\expansionrespawnhandlermodule.c:12
SCRIPT    (E): 
JSON ERROR:
Reading variable: data
Expecting instance
Reading variable: Point
Expecting array
At index 2, Expecting instance
Reading variable: Spatial_MinCount
Expecting int
Cannot convert to int

Function: 'Error'
Stack trace:
scripts/1_Core/proto\endebug.c:92
scripts/3_Game/tools\jsonfileloader.c:29
dolphin/DayZ-Expansion-AI-Dynamic/Scripts/3_Game/settings\spatialsettings.c:51
dolphin/DayZ-Expansion-AI-Dynamic/Scripts/3_Game/settings\spatialsettings.c:414
dolphin/DayZ-Expansion-AI-Dynamic/Scripts/5_Mission/modules\spatialai.c:24
dolphin/DayZ-Expansion-AI-Dynamic/Scripts/5_Mission/modules\expansionrespawnhandlermodule.c:12
SCRIPT       : Expansion version: 1.8.21
SCRIPT       : [DefineTest] EXPANSIONMOD is defined
SCRIPT       : [DefineTest] EXPANSIONMODAI is defined
SCRIPT       : [DefineTest] EXPANSIONMODANIMATIONS is defined
SCRIPT       : [DefineTest] EXPANSIONMODBASEBUILDING is defined
SCRIPT       : [DefineTest] EXPANSIONMODBOOK is defined
SCRIPT       : [DefineTest] EXPANSIONMODCHAT is defined
SCRIPT       : [DefineTest] EXPANSIONMODCORE is defined
SCRIPT       : [DefineTest] EXPANSIONMODGARAGE is defined
SCRIPT       : [DefineTest] EXPANSIONMODGROUPS is defined
SCRIPT       : [DefineTest] EXPANSIONMODHARDLINE is defined
SCRIPT       : [DefineTest] EXPANSIONMODKILLFEED is defined
SCRIPT       : [DefineTest] EXPANSIONMODMAPASSETS is defined
SCRIPT       : [DefineTest] EXPANSIONMODMARKET is defined
SCRIPT       : [DefineTest] EXPANSIONMODMISSIONS is defined
SCRIPT       : [DefineTest] EXPANSIONMODNAMETAGS is defined
SCRIPT       : [DefineTest] EXPANSIONMODNAVIGATION is defined
SCRIPT       : [DefineTest] EXPANSIONMODP2PMARKET is defined
SCRIPT       : [DefineTest] EXPANSIONMODPERSONALSTORAGE is defined
SCRIPT       : [DefineTest] EXPANSIONMODQUESTS is defined
SCRIPT       : [DefineTest] EXPANSIONMODSPAWNSELECTION is defined
SCRIPT       : [DefineTest] EXPANSIONMODVEHICLE is defined
SCRIPT       : [DefineTest] EXPANSIONMODWEAPONS is defined
SCRIPT       : [DefineTest] CfgMods:
SCRIPT       : defaultAction
SCRIPT       : DayZ
SCRIPT       : DZ_Expansion_AI_Preload
SCRIPT       : DZ_Expansion_Animations_Preload
SCRIPT       : DZ_Expansion_BaseBuilding_Preload
SCRIPT       : DZ_Expansion_Book_Preload
SCRIPT       : DZ_Expansion_Chat_Preload
SCRIPT       : DZ_Expansion_Core_Preload
SCRIPT       : DZ_Expansion_Garage_Preload
SCRIPT       : DZ_Expansion_Groups_Preload
SCRIPT       : DZ_Expansion_Hardline_Preload
SCRIPT       : DZ_Expansion_KillFeed_Preload
SCRIPT       : DZ_Expansion_MapAssets_Preload
SCRIPT       : DZ_Expansion_Market_Preload
SCRIPT       : DZ_Expansion_Missions_Preload
SCRIPT       : DZ_Expansion_ModStorage_Preload
SCRIPT       : DZ_Expansion_NameTags_Preload
SCRIPT       : DZ_Expansion_Navigation_Preload
SCRIPT       : DZ_Expansion_P2PMarket_Preload
SCRIPT       : DZ_Expansion_PersonalStorage_Preload
SCRIPT       : DZ_Expansion_Preload
SCRIPT       : DZ_Expansion_Quests_Preload
SCRIPT       : DZ_Expansion_SpawnSelection_Preload
SCRIPT       : DZ_Expansion_Vehicles_Preload
SCRIPT       : DZ_Expansion_Weapons_Preload
SCRIPT       : DZ_DabsFramework
SCRIPT       : DZ_Expansion_DefineTest
SCRIPT       : DZ_Expansion_MapAssets
SCRIPT       : bliss
SCRIPT       : JM_CommunityFramework
SCRIPT       : JM_CommunityOnlineTools
SCRIPT       : PvZmoD_CustomisableZombies
SCRIPT       : BoostZombiesVisionAddon
SCRIPT       : DZ_Editor_Loader
SCRIPT       : DZ_Expansion_ModStorage
SCRIPT       : DZ_Expansion_Core
SCRIPT       : DZ_Expansion_Garage
SCRIPT       : DZ_Expansion_Groups
SCRIPT       : DZ_Expansion_Market
SCRIPT       : DZ_Expansion_Missions
SCRIPT       : DZ_Expansion_NameTags
SCRIPT       : DZ_Expansion_Navigation
SCRIPT       : DZ_Expansion_NotificationScheduler
SCRIPT       : DZ_Expansion_P2PMarket
SCRIPT       : DZ_Expansion_PersonalStorage
SCRIPT       : DZ_Expansion_PersonalStorageNew
SCRIPT       : DZ_Expansion_PlayerList
SCRIPT       : DZ_Expansion
SCRIPT       : DZ_Expansion_SpawnSelection
SCRIPT       : DZ_Expansion_VanillaFixes
SCRIPT       : DZ_Expansion_Vehicles
SCRIPT       : DZ_Expansion_Weapons
SCRIPT       : DZ_Expansion_AI
SCRIPT       : DZ_Expansion_BaseBuilding
SCRIPT       : DZ_Expansion_Book
SCRIPT       : DZ_Expansion_Chat
SCRIPT       : DZ_Expansion_Hardline
SCRIPT       : DZ_Expansion_Quests
SCRIPT       : DZ_Expansion_VirtualContainerStorage
SCRIPT       : DayZ_Expansion_AI_Dynamic
SCRIPT    (E): JSON ERROR $CurrentDir:mpmissions\Expansion.chernarusplus\init.c:99
SCRIPT    (E): 
JSON ERROR:
Reading variable: data
Expecting instance
Reading variable: Point
Expecting array
At index 2, Expecting instance
Reading variable: Spatial_MinCount
Expecting int
Cannot convert to int

Function: 'Error'
Stack trace:
scripts/1_Core/proto\endebug.c:92
scripts/3_Game/tools\jsonfileloader.c:29
dolphin/DayZ-Expansion-AI-Dynamic/Scripts/3_Game/settings\spatialsettings.c:51
dolphin/DayZ-Expansion-AI-Dynamic/Scripts/3_Game/settings\spatialsettings.c:20
dolphin/DayZ-Expansion-AI-Dynamic/Scripts/5_Mission/mission\missionserver.c:15
$CurrentDir:mpmissions\Expansion.chernarusplus\init.c:99
SCRIPT       : 18:39:31.281 [EXPANSION DEBUG]: ModStorage v5
SCRIPT       : 18:39:34.882 [EXPANSION DEBUG]: ExpansionTraderJudy<533ce020>::SetTraderObject ExpansionTraderObjectBase<cc4887d0> <4973.928711, 9.510984, 2436.782959>
SCRIPT       : 18:39:34.882 [EXPANSION DEBUG]: LoadMissionTradersFile trader ExpansionTraderJudy<533ce020> fileName Aircraft
SCRIPT       : 18:39:34.898 [EXPANSION DEBUG]: ExpansionTraderJose<ef949820>::SetTraderObject ExpansionTraderObjectBase<cc6ce500> <14353.624023, 3.326771, 13229.217773>
SCRIPT       : 18:39:34.898 [EXPANSION DEBUG]: LoadMissionTradersFile trader ExpansionTraderJose<ef949820> fileName Boats
SCRIPT       : 18:39:34.906 [EXPANSION DEBUG]: ExpansionTraderEva<ef936030>::SetTraderObject ExpansionTraderObjectBase<cc81ce30> <14378.793945, 3.325975, 13271.585938>
SCRIPT       : 18:39:34.906 [EXPANSION DEBUG]: LoadMissionTradersFile trader ExpansionTraderEva<ef936030> fileName Fishing
SCRIPT       : 18:39:34.914 [EXPANSION DEBUG]: ExpansionTraderLewis<36d58e80>::SetTraderObject ExpansionTraderObjectBase<cc8dee00> <1756.656372, 1.415564, 2027.359741>
SCRIPT       : 18:39:34.914 [EXPANSION DEBUG]: LoadMissionTradersFile trader ExpansionTraderLewis<36d58e80> fileName Boats
SCRIPT       : 18:39:34.921 [EXPANSION DEBUG]: LoadMissionTradersFile trader ExpansionTraderStaticBase<6d0d4670> fileName Exchange
SCRIPT       : 18:39:34.945 [EXPANSION DEBUG]: ExpansionTraderDenis<cc7f7030>::SetTraderObject ExpansionTraderObjectBase<cc9e3b80> <3697.249512, 402.010010, 5977.625488>
SCRIPT       : 18:39:34.945 [EXPANSION DEBUG]: LoadMissionTradersFile trader ExpansionTraderDenis<cc7f7030> fileName Clothing
SCRIPT       : 18:39:34.960 [EXPANSION DEBUG]: ExpansionTraderMaria<8b358030>::SetTraderObject ExpansionTraderObjectBase<ccb1cf90> <3696.455811, 402.010010, 5980.193359>
SCRIPT       : 18:39:34.960 [EXPANSION DEBUG]: LoadMissionTradersFile trader ExpansionTraderMaria<8b358030> fileName Clothing_Accessories
SCRIPT       : 18:39:34.976 [EXPANSION DEBUG]: ExpansionTraderQuinn<ccb91010>::SetTraderObject ExpansionTraderObjectBase<ccc58ad0> <3710.121826, 402.010010, 5976.164063>
SCRIPT       : 18:39:34.976 [EXPANSION DEBUG]: LoadMissionTradersFile trader ExpansionTraderQuinn<ccb91010> fileName Consumables
SCRIPT       : 18:39:35.000 [EXPANSION DEBUG]: ExpansionTraderNaomi<d4b4c010>::SetTraderObject ExpansionTraderObjectBase<d4b5ca10> <3708.786865, 402.010010, 5974.589844>
SCRIPT       : 18:39:35.000 [EXPANSION DEBUG]: LoadMissionTradersFile trader ExpansionTraderNaomi<d4b4c010> fileName Weapons
SCRIPT       : 18:39:35.015 [EXPANSION DEBUG]: ExpansionTraderSeth<8b391ea0>::SetTraderObject ExpansionTraderObjectBase<d4cde8a0> <3710.265137, 402.010010, 5973.340820>
SCRIPT       : 18:39:35.015 [EXPANSION DEBUG]: LoadMissionTradersFile trader ExpansionTraderSeth<8b391ea0> fileName Attachments
SCRIPT       : 18:39:35.023 [EXPANSION DEBUG]: ExpansionTraderRolf<8b395cb0>::SetTraderObject ExpansionTraderObjectBase<d4e80e80> <3698.172607, 402.010010, 5995.337402>
SCRIPT       : 18:39:35.023 [EXPANSION DEBUG]: LoadMissionTradersFile trader ExpansionTraderRolf<8b395cb0> fileName Vehicles
SCRIPT       : 18:39:35.046 [EXPANSION DEBUG]: ExpansionTraderIndar<8b3a16e0>::SetTraderObject ExpansionTraderObjectBase<d4f82420> <3714.531006, 402.138000, 5961.776367>
SCRIPT       : 18:39:35.046 [EXPANSION DEBUG]: LoadMissionTradersFile trader ExpansionTraderIndar<8b3a16e0> fileName Components
SCRIPT       : 18:39:35.054 [EXPANSION DEBUG]: ExpansionTraderJudy<8b3a54f0>::SetTraderObject ExpansionTraderObjectBase<d4f8cab0> <3729.029541, 402.651001, 5969.476563>
SCRIPT       : 18:39:35.054 [EXPANSION DEBUG]: LoadMissionTradersFile trader ExpansionTraderJudy<8b3a54f0> fileName Medicals
SCRIPT       : 18:39:35.054 [EXPANSION DEBUG]: ExpansionTraderNaomi<8b38a280>::SetTraderObject ExpansionTraderObjectBase<d4f94850> <3690.062988, 402.100067, 6006.763672>
SCRIPT       : 18:39:35.054 [EXPANSION DEBUG]: LoadMissionTradersFile trader ExpansionTraderNaomi<8b38a280> fileName Vehicle_Parts
SCRIPT       : 18:39:35.062 [EXPANSION DEBUG]: ExpansionTraderJose<8b3bc950>::SetTraderObject ExpansionTraderObjectBase<d51229e0> <3699.629883, 402.010010, 5993.970215>
SCRIPT       : 18:39:35.062 [EXPANSION DEBUG]: LoadMissionTradersFile trader ExpansionTraderJose<8b3bc950> fileName Spraycans
SCRIPT       : 18:39:35.078 [EXPANSION DEBUG]: ExpansionTraderLinda<8b3a9300>::SetTraderObject ExpansionTraderObjectBase<d526a430> <3674.669922, 406.760010, 5990.390137>
SCRIPT       : 18:39:35.078 [EXPANSION DEBUG]: LoadMissionTradersFile trader ExpansionTraderLinda<8b3a9300> fileName Special
SCRIPT       : 18:39:35.085 [EXPANSION DEBUG]: ExpansionTraderNiki<8b3ad110>::SetTraderObject ExpansionTraderObjectBase<d535fa50> <3699.030029, 402.013000, 5973.439941>
SCRIPT       : 18:39:35.085 [EXPANSION DEBUG]: LoadMissionTradersFile trader ExpansionTraderNiki<8b3ad110> fileName BuildingSupplies
SCRIPT       : 18:39:35.093 [EXPANSION DEBUG]: ExpansionTraderFrancis<8b3b0f20>::SetTraderObject ExpansionTraderObjectBase<d537ca60> <1153.964844, 6.463035, 2409.763184>
SCRIPT       : 18:39:35.093 [EXPANSION DEBUG]: LoadMissionTradersFile trader ExpansionTraderFrancis<8b3b0f20> fileName Attachments
SCRIPT       : 18:39:35.101 [EXPANSION DEBUG]: ExpansionTraderKaito<8b3b4d30>::SetTraderObject ExpansionTraderObjectBase<d547d8b0> <1117.021240, 5.495151, 2413.766357>
SCRIPT       : 18:39:35.101 [EXPANSION DEBUG]: LoadMissionTradersFile trader ExpansionTraderKaito<8b3b4d30> fileName Components
SCRIPT       : 18:39:35.109 [EXPANSION DEBUG]: ExpansionTraderCyril<8b3c0760>::SetTraderObject ExpansionTraderObjectBase<d554ee90> <1136.987427, 5.908522, 2439.662598>
SCRIPT       : 18:39:35.109 [EXPANSION DEBUG]: LoadMissionTradersFile trader ExpansionTraderCyril<8b3c0760> fileName Clothing
SCRIPT       : 18:39:35.117 [EXPANSION DEBUG]: ExpansionTraderGuo<8b3b8b40>::SetTraderObject ExpansionTraderObjectBase<d56013d0> <1133.974854, 5.909700, 2442.412598>
SCRIPT       : 18:39:35.117 [EXPANSION DEBUG]: LoadMissionTradersFile trader ExpansionTraderGuo<8b3b8b40> fileName Clothing_Accessories
SCRIPT       : 18:39:35.132 [EXPANSION DEBUG]: ExpansionTraderBoris<8b3c4570>::SetTraderObject ExpansionTraderObjectBase<d56e2a10> <1123.468262, 15.349299, 2426.316162>
SCRIPT       : 18:39:35.132 [EXPANSION DEBUG]: LoadMissionTradersFile trader ExpansionTraderBoris<8b3c4570> fileName Exchange
SCRIPT       : 18:39:35.132 [EXPANSION DEBUG]: ExpansionTraderLinda<d57a7a90>::SetTraderObject ExpansionTraderObjectBase<d56e7bf0> <1135.892822, 5.908773, 2436.856689>
SCRIPT       : 18:39:35.132 [EXPANSION DEBUG]: LoadMissionTradersFile trader ExpansionTraderLinda<d57a7a90> fileName Consumables
SCRIPT       : 18:39:35.140 [EXPANSION DEBUG]: ExpansionTraderKeiko<d579fe70>::SetTraderObject ExpansionTraderObjectBase<d5856920> <1130.731689, 5.951744, 2438.009277>
SCRIPT       : 18:39:35.140 [EXPANSION DEBUG]: LoadMissionTradersFile trader ExpansionTraderKeiko<d579fe70> fileName Medicals
SCRIPT       : 18:39:35.148 [EXPANSION DEBUG]: ExpansionTraderHelga<d57af6b0>::SetTraderObject ExpansionTraderObjectBase<d5905170> <1141.654419, 5.906255, 2421.591309>
SCRIPT       : 18:39:35.148 [EXPANSION DEBUG]: LoadMissionTradersFile trader ExpansionTraderHelga<d57af6b0> fileName Special
SCRIPT       : 18:39:35.156 [EXPANSION DEBUG]: ExpansionTraderFrida<d57ab8a0>::SetTraderObject ExpansionTraderObjectBase<d8d16000> <1120.135132, 5.600746, 2417.465820>
SCRIPT       : 18:39:35.156 [EXPANSION DEBUG]: LoadMissionTradersFile trader ExpansionTraderFrida<d57ab8a0> fileName Vehicles
SCRIPT       : 18:39:35.171 [EXPANSION DEBUG]: ExpansionTraderHassan<d57b34c0>::SetTraderObject ExpansionTraderObjectBase<d8db2020> <1123.977905, 5.639271, 2417.411865>
SCRIPT       : 18:39:35.171 [EXPANSION DEBUG]: LoadMissionTradersFile trader ExpansionTraderHassan<d57b34c0> fileName Vehicle_Parts
SCRIPT       : 18:39:35.171 [EXPANSION DEBUG]: ExpansionTraderDenis<d57b72d0>::SetTraderObject ExpansionTraderObjectBase<d8db53b0> <1156.719727, 6.513331, 2406.355225>
SCRIPT       : 18:39:35.171 [EXPANSION DEBUG]: LoadMissionTradersFile trader ExpansionTraderDenis<d57b72d0> fileName Weapons
SCRIPT       : 18:39:35.179 [EXPANSION DEBUG]: ExpansionTraderGabi<d579c060>::SetTraderObject ExpansionTraderObjectBase<d8ed2bf0> <1135.689941, 5.900000, 2423.300049>
SCRIPT       : 18:39:35.179 [EXPANSION DEBUG]: LoadMissionTradersFile trader ExpansionTraderGabi<d579c060> fileName BuildingSupplies
SCRIPT       : 18:39:35.187 [EXPANSION DEBUG]: ExpansionTraderFrancis<d57bb0e0>::SetTraderObject ExpansionTraderObjectBase<d8ed7d30> <11835.901367, 140.617874, 12474.744141>
SCRIPT       : 18:39:35.187 [EXPANSION DEBUG]: LoadMissionTradersFile trader ExpansionTraderFrancis<d57bb0e0> fileName Attachments
SCRIPT       : 18:39:35.195 [EXPANSION DEBUG]: ExpansionTraderLinda<d57beef0>::SetTraderObject ExpansionTraderObjectBase<d8edcec0> <11856.716797, 140.565109, 12461.438477>
SCRIPT       : 18:39:35.195 [EXPANSION DEBUG]: LoadMissionTradersFile trader ExpansionTraderLinda<d57beef0> fileName Consumables
SCRIPT       : 18:39:35.195 [EXPANSION DEBUG]: ExpansionTraderCyril<d57a3c80>::SetTraderObject ExpansionTraderObjectBase<d8ee1c40> <11855.000000, 140.605103, 12466.099609>
SCRIPT       : 18:39:35.195 [EXPANSION DEBUG]: LoadMissionTradersFile trader ExpansionTraderCyril<d57a3c80> fileName Clothing
SCRIPT       : 18:39:35.195 [EXPANSION DEBUG]: ExpansionTraderGuo<d57ce730>::SetTraderObject ExpansionTraderObjectBase<d8ee7640> <11855.200195, 140.605103, 12470.487305>
SCRIPT       : 18:39:35.195 [EXPANSION DEBUG]: LoadMissionTradersFile trader ExpansionTraderGuo<d57ce730> fileName Clothing_Accessories
SCRIPT       : 18:39:35.203 [EXPANSION DEBUG]: ExpansionTraderKaito<d57c2d00>::SetTraderObject ExpansionTraderObjectBase<d912a6d0> <11849.400391, 140.605087, 12466.200195>
SCRIPT       : 18:39:35.203 [EXPANSION DEBUG]: LoadMissionTradersFile trader ExpansionTraderKaito<d57c2d00> fileName Components
SCRIPT       : 18:39:35.203 [EXPANSION DEBUG]: ExpansionTraderBoris<d57c6b10>::SetTraderObject ExpansionTraderObjectBase<d912f400> <11858.202148, 140.615112, 12463.234375>
SCRIPT       : 18:39:35.203 [EXPANSION DEBUG]: LoadMissionTradersFile trader ExpansionTraderBoris<d57c6b10> fileName Exchange
SCRIPT       : 18:39:35.203 [EXPANSION DEBUG]: ExpansionTraderKeiko<d57ca920>::SetTraderObject ExpansionTraderObjectBase<d9133640> <11853.218750, 140.605087, 12463.277344>
SCRIPT       : 18:39:35.203 [EXPANSION DEBUG]: LoadMissionTradersFile trader ExpansionTraderKeiko<d57ca920> fileName Medicals
SCRIPT       : 18:39:35.210 [EXPANSION DEBUG]: ExpansionTraderGabi<d57d2540>::SetTraderObject ExpansionTraderObjectBase<d913a210> <11833.200195, 140.605118, 12461.700195>
SCRIPT       : 18:39:35.210 [EXPANSION DEBUG]: LoadMissionTradersFile trader ExpansionTraderGabi<d57d2540> fileName Special
SCRIPT       : 18:39:35.218 [EXPANSION DEBUG]: ExpansionTraderElias<d57d6350>::SetTraderObject ExpansionTraderObjectBase<d91cd000> <11877.799805, 140.134796, 12441.599609>
SCRIPT       : 18:39:35.218 [EXPANSION DEBUG]: LoadMissionTradersFile trader ExpansionTraderElias<d57d6350> fileName Vehicles
SCRIPT       : 18:39:35.218 [EXPANSION DEBUG]: ExpansionTraderHassan<d9224d20>::SetTraderObject ExpansionTraderObjectBase<d91d38b0> <11878.674805, 140.134796, 12424.302734>
SCRIPT       : 18:39:35.218 [EXPANSION DEBUG]: LoadMissionTradersFile trader ExpansionTraderHassan<d9224d20> fileName Vehicle_Parts
SCRIPT       : 18:39:35.226 [EXPANSION DEBUG]: ExpansionTraderDenis<d921d100>::SetTraderObject ExpansionTraderObjectBase<d91d8130> <11833.576172, 140.605072, 12469.492188>
SCRIPT       : 18:39:35.226 [EXPANSION DEBUG]: LoadMissionTradersFile trader ExpansionTraderDenis<d921d100> fileName Weapons
SCRIPT       : 18:39:35.226 [EXPANSION DEBUG]: ExpansionTraderLinda<d9220f10>::SetTraderObject ExpansionTraderObjectBase<d91ddbd0> <11852.194336, 140.660980, 12472.387695>
SCRIPT       : 18:39:35.226 [EXPANSION DEBUG]: LoadMissionTradersFile trader ExpansionTraderLinda<d9220f10> fileName BuildingSupplies
SCRIPT       : 18:39:35.234 [EXPANSION DEBUG]: ExpansionTraderManua<d9228b30>::SetTraderObject ExpansionTraderObjectBase<d92e73c0> <11879.722656, 140.094788, 12435.959961>
SCRIPT       : 18:39:35.234 [EXPANSION DEBUG]: LoadMissionTradersFile trader ExpansionTraderManua<d9228b30> fileName Spraycans
SCRIPT       : 18:39:35.242 [EXPANSION DEBUG]: ExpansionTraderIrena<d922c940>::SetTraderObject ExpansionTraderObjectBase<d936d4c0> <12160.279297, 140.580765, 12689.783203>
SCRIPT       : 18:39:35.242 [EXPANSION DEBUG]: LoadMissionTradersFile trader ExpansionTraderIrena<d922c940> fileName Aircraft
SCRIPT       : [ExpansionQuestPersistentServerData] Load existing configuration file:$profile:ExpansionMod\Quests\PersistentServerData.json
SCRIPT       : [ExpansionQuestPersistentServerData] Load existing configuration file:$profile:ExpansionMod\Quests\PersistentServerData.json
SCRIPT       : [ExpansionQuestObjectiveTravelConfig] Load existing configuration file:$profile:ExpansionMod\Quests\Objectives\Travel\Objective_T_1.json
SCRIPT       : [ExpansionQuestObjectiveTravelConfig] Load existing configuration file:$profile:ExpansionMod\Quests\Objectives\Travel\Objective_T_2.json
SCRIPT       : [ExpansionQuestObjectiveTravelConfig] Load existing configuration file:$profile:ExpansionMod\Quests\Objectives\Travel\Objective_T_3.json
SCRIPT       : [ExpansionQuestObjectiveTravelConfig] Load existing configuration file:$profile:ExpansionMod\Quests\Objectives\Travel\Objective_T_4.json
SCRIPT       : [ExpansionQuestObjectiveTargetConfig] Load existing configuration file:$profile:ExpansionMod\Quests\Objectives\Target\Objective_TA_1.json
SCRIPT       : [ExpansionQuestObjectiveTargetConfig] Load existing configuration file:$profile:ExpansionMod\Quests\Objectives\Target\Objective_TA_2.json
SCRIPT       : [ExpansionQuestObjectiveTargetConfig] Load existing configuration file:$profile:ExpansionMod\Quests\Objectives\Target\Objective_TA_3.json
SCRIPT       : [ExpansionQuestObjectiveTargetConfig] Load existing configuration file:$profile:ExpansionMod\Quests\Objectives\Target\Objective_TA_4.json
SCRIPT       : [ExpansionQuestObjectiveDeliveryConfig] Load existing configuration file:$profile:ExpansionMod\Quests\Objectives\Delivery\Objective_D_1.json
SCRIPT       : [ExpansionQuestObjectiveDeliveryConfig] Load existing configuration file:$profile:ExpansionMod\Quests\Objectives\Delivery\Objective_D_2.json
SCRIPT       : [ExpansionQuestObjectiveCollectionConfig] Load existing configuration file:$profile:ExpansionMod\Quests\Objectives\Collection\Objective_C_1.json
SCRIPT       : [ExpansionQuestObjectiveCollectionConfig] Load existing configuration file:$profile:ExpansionMod\Quests\Objectives\Collection\Objective_C_2.json
SCRIPT       : [ExpansionQuestObjectiveCollectionConfig] Load existing configuration file:$profile:ExpansionMod\Quests\Objectives\Collection\Objective_C_3.json
SCRIPT       : [ExpansionQuestObjectiveTreasureHuntConfig] Load existing configuration file:$profile:ExpansionMod\Quests\Objectives\TreasureHunt\Objective_TH_1.json
SCRIPT       : [ExpansionQuestObjectiveActionConfig] Load existing configuration file:$profile:ExpansionMod\Quests\Objectives\Action\Objective_A_1.json
SCRIPT       : [ExpansionQuestObjectiveActionConfig] Load existing configuration file:$profile:ExpansionMod\Quests\Objectives\Action\Objective_A_2.json
SCRIPT       : [ExpansionQuestObjectiveCraftingConfig] Load existing configuration file:$profile:ExpansionMod\Quests\Objectives\Crafting\Objective_CR_1.json
SCRIPT       : [ExpansionQuestObjectiveAIPatrolConfig] Load existing configuration file:$profile:ExpansionMod\Quests\Objectives\AIPatrol\Objective_AIP_1.json
SCRIPT       : [ExpansionQuestObjectiveAICampConfig] Load existing configuration file:$profile:ExpansionMod\Quests\Objectives\AICamp\Objective_AIC_1.json
SCRIPT       : [ExpansionQuestObjectiveAIEscortConfig] Load existing configuration file:$profile:ExpansionMod\Quests\Objectives\AIVIP\Objective_AIESCORT_1.json
SCRIPT       : [ExpansionQuestNPCData] Load existing configuration file:QuestNPC_1.json
SCRIPT       : [ExpansionQuestNPCData] Load existing configuration file:QuestNPC_2.json
SCRIPT       : [ExpansionQuestNPCData] Load existing configuration file:QuestNPC_3.json
SCRIPT       : [EditorLoader] No files found, exiting
SCRIPT       : ExpansionMarketItem marketItem = ExpansionMarketItem<b5fe96e0>
SCRIPT       : int worth =   1
SCRIPT       : 18:39:53.093 [EXPANSION DEBUG]: ExpansionP2PTraderAIIrena<4780220>::SetP2PTraderID - ID: 1
SCRIPT       : ExpansionZonePolygon<51b4e930> position=<12015.854492, 0.000000, 12591.097656> radius=419.633
SCRIPT       : ExpansionZoneCircle<437a2f0> position=<1143.140015, 0.000000, 2423.270020> radius=400
SCRIPT       : ExpansionZoneCircle<437ae90> position=<3728.270020, 0.000000, 6003.600098> radius=400
SCRIPT       : Found 3 zones!
SCRIPT       : 18:39:53.234 [EXPANSION DEBUG]: ExpansionQuestNPCAIDenis<47a0260>::OnEnterSafeZone
SCRIPT       : bool m_Expansion_LeavingSafeZone = 0
SCRIPT       : bool m_Expansion_IsInSafeZone = 0
SCRIPT       : bool m_Expansion_IsInSafeZoneSynchRemote = 0
SCRIPT       : 18:39:53.234 [EXPANSION DEBUG]: ExpansionP2PTraderAIIrena<4780220>::OnEnterSafeZone
SCRIPT       : bool m_Expansion_LeavingSafeZone = 0
SCRIPT       : bool m_Expansion_IsInSafeZone = 0
SCRIPT       : bool m_Expansion_IsInSafeZoneSynchRemote = 0
SCRIPT       : [emote] ExpansionP2PTraderAIIrena:043 play emote id=46 IH=null
SCRIPT       : 18:39:54.796 [EXPANSION DEBUG]: ExpansionItemSpawnHelper::Clone - created M4A1:030927 at location { type=HANDS item=M4A1:030898 parent=ExpansionQuestNPCAIDenis:044 }
SCRIPT       : 18:39:54.796 [EXPANSION DEBUG]: ExpansionItemSpawnHelper::Clone - created M4_MPBttstck:030928 at location { type=ATTACHMENT item=null parent=M4A1:030927 slot=weaponButtstockM4 }
SCRIPT       : 18:39:54.796 [EXPANSION DEBUG]: ExpansionItemSpawnHelper::Clone - created M4_CarryHandleOptic:030929 at location { type=ATTACHMENT item=null parent=M4A1:030927 slot=weaponOptics }
SCRIPT       : 18:39:54.796 [EXPANSION DEBUG]: ExpansionItemSpawnHelper::Clone - created M4_RISHndgrd:030930 at location { type=ATTACHMENT item=null parent=M4A1:030927 slot=weaponHandguardM4 }
SCRIPT       : 18:39:54.796 [EXPANSION DEBUG]: ExpansionItemSpawnHelper::Clone - created Mag_STANAG_30Rnd:030931 at location { type=ATTACHMENT item=null parent=M4A1:030927 slot=magazine }
SCRIPT       : [emote] ExpansionQuestNPCAIDenis:044 play emote id=46 IH=M4A1:030927
SCRIPT       : 18:39:55.984 [EXPANSION DEBUG]: ExpansionItemSpawnHelper::Clone - created PP19:030899 at location { type=HANDS item=PP19:030913 parent=ExpansionQuestNPCAIElias:045 }
SCRIPT       : 18:39:55.984 [EXPANSION DEBUG]: ExpansionItemSpawnHelper::Clone - created Mag_PP19_64Rnd:030898 at location { type=ATTACHMENT item=null parent=PP19:030899 slot=magazine }
SCRIPT       : [emote] ExpansionQuestNPCAIElias:045 play emote id=14 IH=PP19:030899
