[COT 2023-08-12 00:21:01] 76561198081075225: Entered the Free Camera
[COT 2023-08-12 00:21:08] 76561198081075225: Left the Free Camera
[COT 2023-08-12 00:21:21] 76561198081075225: Set rain to 0 0 0
[COT 2023-08-12 00:21:21] 76561198081075225: Set storm to 0 0.8 4000
[COT 2023-08-12 00:21:21] 76561198081075225: Set fog to 0.000442251 0 0
[COT 2023-08-12 00:21:21] 76561198081075225: Set overcast to 0.00162326 0 0
[COT 2023-08-12 00:21:21] 76561198081075225: Set the date to 2023/9/20 9:35
[COT 2023-08-12 00:21:21] 76561198081075225: Set wind to 19.9933 19.9933 1
[COT 2023-08-12 00:21:22] 76561198081075225: Set the date to 2023/9/20 18:0
[COT 2023-08-12 00:21:23] 76561198081075225: Set rain to 0 0 0
[COT 2023-08-12 00:21:23] 76561198081075225: Set storm to 0 0.8 4000
[COT 2023-08-12 00:21:23] 76561198081075225: Set fog to 0.000442251 0 0
[COT 2023-08-12 00:21:23] 76561198081075225: Set overcast to 0.00162326 0 0
[COT 2023-08-12 00:21:23] 76561198081075225: Set the date to 2023/9/20 18:0
[COT 2023-08-12 00:21:23] 76561198081075225: Set wind to 19.9933 19.9933 1
[COT 2023-08-12 00:21:28] 76561198081075225: Set rain to 0 0 0
[COT 2023-08-12 00:21:28] 76561198081075225: Set storm to 0 0.8 4000
[COT 2023-08-12 00:21:28] 76561198081075225: Set fog to 0.000442251 0 0
[COT 2023-08-12 00:21:28] 76561198081075225: Set overcast to 0.21 0 0
[COT 2023-08-12 00:21:28] 76561198081075225: Set the date to 2023/9/20 18:0
[COT 2023-08-12 00:21:28] 76561198081075225: Set wind to 19.9933 19.9933 1
[COT 2023-08-12 00:21:33] 76561198081075225: Set rain to 0 0 0
[COT 2023-08-12 00:21:33] 76561198081075225: Set storm to 0 0.8 4000
[COT 2023-08-12 00:21:33] 76561198081075225: Set fog to 0.000442251 0 0
[COT 2023-08-12 00:21:33] 76561198081075225: Set overcast to 0.21 0 0
[COT 2023-08-12 00:21:33] 76561198081075225: Set the date to 2023/9/20 18:0
[COT 2023-08-12 00:21:33] 76561198081075225: Set wind to 0.34 0.34 1
[COT 2023-08-12 00:23:31] 76561198081075225: Set GodMode To true [guid=3I2KPiMwtNrbRzLe964-q3OrI2Ligr9LBcsFxmVIl3Q=]
[COT 2023-08-12 00:25:39] 76561198081075225: Entered the Free Camera
[COT 2023-08-12 00:25:56] 76561198081075225: Left the Free Camera
[COT 2023-08-12 00:30:27] 76561198081075225: Set the date to 2023/9/20 18:0
[COT 2023-08-12 00:30:27] 76561198081075225: Set rain to 0 0 0
[COT 2023-08-12 00:30:27] 76561198081075225: Set storm to 0 0.8 4000
[COT 2023-08-12 00:30:27] 76561198081075225: Set fog to 0.0150501 0 0
[COT 2023-08-12 00:30:27] 76561198081075225: Set overcast to 0.259129 0 0
[COT 2023-08-12 00:30:27] 76561198081075225: Set the date to 2023/9/20 18:0
[COT 2023-08-12 00:30:27] 76561198081075225: Set wind to 7.0937 7.0937 1
[COT 2023-08-12 00:32:06] 76561198081075225: Spawned Entity USG-45 (UMP45_Base<ff3c660>, -1, 250) at <5749.067383, 309.806274, 7475.313477>
