[COT 2023-08-12 00:11:18] 76561198081075225: Entered the Free Camera
[COT 2023-08-12 00:11:24] 76561198081075225: Left the Free Camera
[COT 2023-08-12 00:12:05] 76561198081075225: Set GodMode To true [guid=3I2KPiMwtNrbRzLe964-q3OrI2Ligr9LBcsFxmVIl3Q=]
[COT 2023-08-12 00:13:28] 76561198081075225: Set rain to 0 0 0
[COT 2023-08-12 00:13:28] 76561198081075225: Set storm to 0 0.8 4000
[COT 2023-08-12 00:13:28] 76561198081075225: Set fog to 0.0134485 0 0
[COT 2023-08-12 00:13:28] 76561198081075225: Set overcast to 0.0593285 0 0
[COT 2023-08-12 00:13:28] 76561198081075225: Set the date to 2023/9/20 10:33
[COT 2023-08-12 00:13:28] 76561198081075225: Set wind to 15.7671 15.7671 1
[COT 2023-08-12 00:13:41] 76561198081075225: Entered the Free Camera
[COT 2023-08-12 00:13:54] 76561198081075225: Left the Free Camera
[COT 2023-08-12 00:14:59] 76561198081075225: Spawned Entity Honey (Honey<f84f7d20>, 400, 40) at <5827.966797, 309.729736, 7476.905762>
[COT 2023-08-12 00:14:59] 76561198081075225: Spawned Entity Honey (Honey<f84f9340>, 400, 40) at <5827.966797, 309.729736, 7476.905762>
[COT 2023-08-12 00:15:15] 76561198081075225: Spawned Entity CR-527 (CZ527_Base<d8d255d0>, -1, 300) at <5827.966797, 309.729736, 7476.905762>
[COT 2023-08-12 00:15:27] 76561198081075225: Spawned Entity Boxed 7.62x39mm Rounds (AmmoBox_762x39_20Rnd<f84f5bf0>, -1, 100) at <5827.966797, 309.729736, 7476.905762>
[COT 2023-08-12 00:15:27] 76561198081075225: Spawned Entity Boxed 7.62x39mm Rounds (AmmoBox_762x39_20Rnd<f84e73a0>, -1, 100) at <5827.966797, 309.729736, 7476.905762>
[COT 2023-08-12 00:15:27] 76561198081075225: Spawned Entity Boxed 7.62x39mm Rounds (AmmoBox_762x39_20Rnd<f84e2630>, -1, 100) at <5827.966797, 309.729736, 7476.905762>
[COT 2023-08-12 00:17:21] 76561198081075225: Spawned Entity Canteen (Canteen<c1f080>, 1000, 100) at <5827.966797, 309.729736, 7476.905762>
[COT 2023-08-12 00:17:42] 76561198081075225: Entered the Free Camera
[COT 2023-08-12 00:17:55] 76561198081075225: Left the Free Camera
