[COT 2023-08-20 19:49:13] 76561198081075225: Spawned Entity Pioneer (Scout_Base<db4565f0>, -1, 250) at <3701.742188, 402.012390, 5983.082520>
[COT 2023-08-20 19:49:40] 76561198081075225: Set Reputation To 4100 [guid=3I2KPiMwtNrbRzLe964-q3OrI2Ligr9LBcsFxmVIl3Q=]
[COT 2023-08-20 19:52:36] 76561198081075225: Spawned Entity Vodnik (ExpansionVodnik<85f78e30>, -1, 10000) at <3743.750977, 403.025909, 5992.563965>
[COT 2023-08-20 19:53:23] 76561198081075225: Spawned Entity Drybag Backpack (DryBag_Orange<a4afb860>, -1, 140) at <3779.533691, 403.593597, 5969.505859>
[COT 2023-08-20 19:53:24] 76561198081075225: Spawned Entity Drybag Backpack (DryBag_Orange<a4afd990>, -1, 140) at <3779.533691, 403.593597, 5969.505859>
[COT 2023-08-20 19:55:22] 76561198081075225: Spawned Entity Car Battery (CarBattery<a4aeb9f0>, 50, 200) at <13080.934570, 114.715187, 13127.315430>
[COT 2023-08-20 19:55:28] 76561198081075225: Spawned Entity Spark Plug (SparkPlug<a4afe4a0>, -1, 20) at <13080.934570, 114.715187, 13127.315430>
[COT 2023-08-20 19:56:23] 76561198081075225: Set GodMode To true [guid=3I2KPiMwtNrbRzLe964-q3OrI2Ligr9LBcsFxmVIl3Q=]
[COT 2023-08-20 19:56:33] 76561198081075225: Spawned Entity Jerrycan (CanisterGasoline<956411d0>, 20000, 300) at <13083.060547, 114.708809, 13125.888672>
[COT 2023-08-20 19:56:40] 76561198081075225: Spawned Entity Plastic Bottle (WaterBottle<95641d60>, 1000, 50) at <13083.060547, 114.708809, 13125.888672>
[COT 2023-08-20 19:56:40] 76561198081075225: Spawned Entity Plastic Bottle (WaterBottle<9563e390>, 1000, 50) at <13083.060547, 114.708809, 13125.888672>
[COT 2023-08-20 19:56:40] 76561198081075225: Spawned Entity Plastic Bottle (WaterBottle<95644010>, 1000, 50) at <13083.060547, 114.708809, 13125.888672>
[COT 2023-08-20 19:56:40] 76561198081075225: Spawned Entity Plastic Bottle (WaterBottle<9563d800>, 1000, 50) at <13083.060547, 114.708809, 13125.888672>
[COT 2023-08-20 19:58:35] 76561198081075225: Spawned Entity Plastic Bottle (WaterBottle<95645730>, 1000, 50) at <13082.114258, 114.770668, 13123.979492>
[COT 2023-08-20 19:58:35] 76561198081075225: Spawned Entity Plastic Bottle (WaterBottle<9563ef20>, 1000, 50) at <13082.114258, 114.770668, 13123.979492>
[COT 2023-08-20 19:59:20] 76561198081075225: Spawned Entity Tire Repair Kit (TireRepairKit<a4afce80>, 100, 100) at <13079.539063, 114.737022, 13128.431641>
[COT 2023-08-20 20:02:05] 76561198081075225: Spawned Entity Merlin (ExpansionMerlin<92004dc0>, -1, 10000) at <13709.243164, 24.067987, 13398.937500>
[COT 2023-08-20 20:06:16] 76561198081075225: Entered the Free Camera
[COT 2023-08-20 20:06:22] 76561198081075225: Left the Free Camera
[COT 2023-08-20 20:06:53] 76561198081075225: Spawned Entity Merlin (ExpansionMerlin<91ffc990>, -1, 10000) at <13010.560547, 134.532913, 12478.321289>
[COT 2023-08-20 20:07:24] 76561198081075225: Spawned Entity Jerrycan (CanisterGasoline<95632a90>, 20000, 300) at <13016.102539, 133.875336, 12479.964844>
[COT 2023-08-20 20:07:24] 76561198081075225: Spawned Entity Jerrycan (CanisterGasoline<9562c280>, 20000, 300) at <13016.102539, 133.875336, 12479.964844>
