15:19:58.769 [Spatial Settings] Minimum Distance too low. setting to 120m
15:19:58.769 [Spatial Settings] Minimum Distance too low. setting to 120m
15:19:58.769 [Spatial AI] points Enabled
15:19:58.769 [Spatial AI] Trigger at location: <0.000000, 0.000000, 0.000000> - Radius: 50
15:19:58.773 [Spatial AI] Safe: false - Faction: East - Loadout: EastLoadout.json - counts: 0:4
15:19:58.773 [Spatial AI] Trigger at location: <0.000000, 0.000000, 0.000000> - Radius: 100
15:19:58.773 [Spatial AI] Safe: false - Faction: West - Loadout: WestLoadout.json - counts: 0:5
15:19:58.773 [Spatial AI] Trigger at location: <5807.000000, 320.000000, 7446.000000> - Radius: 25
15:19:58.773 [Spatial AI] Safe: false - Faction: West - Loadout: WestLoadout.json - counts: 2:3
15:19:58.773 [Spatial AI] Trigger at location: <0.000000, 0.000000, 0.000000> - Radius: 150
15:19:58.773 [Spatial AI] Safe: true - Faction: Civilian - Loadout: HumanLoadout.json - counts: 0:0
15:19:58.773 [Spatial AI] Locations Enabled
15:19:58.773 [Spatial AI] Trigger at location: <0.000000, 0.000000, 0.000000> - Radius: 50 - Spawn location: <0.000000, 0.000000, 0.000000>
15:19:58.773 [Spatial AI] Faction: East - Loadout: NBCLoadout.json - counts: 0:4
15:19:58.773 [Spatial AI] Trigger at location: <0.000000, 0.000000, 0.000000> - Radius: 50 - Spawn location: <0.000000, 0.000000, 0.000000>
15:19:58.773 [Spatial AI] Faction: East - Loadout: NBCLoadout.json - counts: 0:4
15:19:58.773 [Spatial AI] Spatial AI Enabled
15:19:58.773 [Spatial AI] Next valid check in: 2799081ms
15:22:09.441 [Expansion Quests] - InitQuestSystemClient - Loaded existing player quest data for player with UID: 3I2KPiMwtNrbRzLe964-q3OrI2Ligr9LBcsFxmVIl3Q=
15:22:09.441 [Expansion Quests] - InitClientQuests_NormalQuests - Create new quest instance for quest: 9 - Creator UID: 3I2KPiMwtNrbRzLe964-q3OrI2Ligr9LBcsFxmVIl3Q=
15:22:09.441 [Expansion Quests] - InitClientQuests_NormalQuests - Create new quest instance for quest: 11 - Creator UID: 3I2KPiMwtNrbRzLe964-q3OrI2Ligr9LBcsFxmVIl3Q=
15:22:09.441 [Expansion Quests] - InitClientQuests_NormalQuests - Create new quest instance for quest: 14 - Creator UID: 3I2KPiMwtNrbRzLe964-q3OrI2Ligr9LBcsFxmVIl3Q=
