11:21:31.578 [Spatial Settings] Minimum Distance too low. setting to 120m
11:21:31.582 [Spatial Settings] Minimum Distance too low. setting to 120m
11:21:31.582 [Spatial AI] points Enabled
11:21:31.582 [Spatial AI] Trigger at location: <0.000000, 0.000000, 0.000000> - Radius: 50
11:21:31.582 [Spatial AI] Safe: false - Faction: East - Loadout: EastLoadout.json - counts: 0:4
11:21:31.582 [Spatial AI] Trigger at location: <0.000000, 0.000000, 0.000000> - Radius: 100
11:21:31.582 [Spatial AI] Safe: false - Faction: West - Loadout: WestLoadout.json - counts: 0:5
11:21:31.582 [Spatial AI] Trigger at location: <5807.000000, 320.000000, 7446.000000> - Radius: 25
11:21:31.582 [Spatial AI] Safe: false - Faction: West - Loadout: WestLoadout.json - counts: 2:3
11:21:31.582 [Spatial AI] Trigger at location: <0.000000, 0.000000, 0.000000> - Radius: 150
11:21:31.582 [Spatial AI] Safe: true - Faction: Civilian - Loadout: HumanLoadout.json - counts: 0:0
11:21:31.582 [Spatial AI] Locations Enabled
11:21:31.585 [Spatial AI] Trigger at location: <0.000000, 0.000000, 0.000000> - Radius: 50 - Spawn location: <0.000000, 0.000000, 0.000000>
11:21:31.585 [Spatial AI] Faction: East - Loadout: NBCLoadout.json - counts: 0:4
11:21:31.585 [Spatial AI] Trigger at location: <0.000000, 0.000000, 0.000000> - Radius: 50 - Spawn location: <0.000000, 0.000000, 0.000000>
11:21:31.585 [Spatial AI] Faction: East - Loadout: NBCLoadout.json - counts: 0:4
11:21:31.585 [Spatial AI] Spatial AI Enabled
11:21:31.585 [Spatial AI] Next valid check in: 2899579ms
11:22:40.500 [Expansion Quests] - InitQuestSystemClient - Loaded existing player quest data for player with UID: 3I2KPiMwtNrbRzLe964-q3OrI2Ligr9LBcsFxmVIl3Q=
11:22:40.503 [Expansion Quests] - InitClientQuests_NormalQuests - Create new quest instance for quest: 9 - Creator UID: 3I2KPiMwtNrbRzLe964-q3OrI2Ligr9LBcsFxmVIl3Q=
11:22:40.503 [Expansion Quests] - InitClientQuests_NormalQuests - Create new quest instance for quest: 11 - Creator UID: 3I2KPiMwtNrbRzLe964-q3OrI2Ligr9LBcsFxmVIl3Q=
11:22:40.503 [Expansion Quests] - InitClientQuests_NormalQuests - Create new quest instance for quest: 14 - Creator UID: 3I2KPiMwtNrbRzLe964-q3OrI2Ligr9LBcsFxmVIl3Q=
11:22:46.292 [SpawnSelection] Player "Blorpus9000" (id=3I2KPiMwtNrbRzLe964-q3OrI2Ligr9LBcsFxmVIl3Q=) spawned at <10490.914063, 1.846902, 1950.148438>
