15:41:40.226 [Spatial AI] Spatial AI Date: 10/8/2023 R1
15:41:40.234 [Spatial AI] points Enabled
15:41:40.234 [Spatial AI] Trigger at point: <0.000000, 0.000000, 0.000000> - Radius: 50
15:41:40.234 [Spatial AI] Safe: false - Faction: East - Loadout: EastLoadout.json - counts: 0:4
15:41:40.234 [Spatial AI] Trigger at point: <0.000000, 0.000000, 0.000000> - Radius: 100
15:41:40.234 [Spatial AI] Safe: false - Faction: West - Loadout: WestLoadout.json - counts: 0:5
15:41:40.234 [Spatial AI] Locations Enabled
15:41:40.812 [Spatial AI] Spatial AI Enabled
15:41:40.812 [Spatial AI] Next valid check in: 1876458ms
15:48:10.968 [Safezone] Player "Blorpus9000" (id=3I2KPiMwtNrbRzLe964-q3OrI2Ligr9LBcsFxmVIl3Q= pos=<3703.489990, 402.012451, 5983.176758>) Entered the safezone
15:48:10.968 [Party] Player "Blorpus9000" (id=3I2KPiMwtNrbRzLe964-q3OrI2Ligr9LBcsFxmVIl3Q=) joinded the party "Blorpus" (id=0 ownerUID=3I2KPiMwtNrbRzLe964-q3OrI2Ligr9LBcsFxmVIl3Q= ownerName=Blorpus9000)
15:48:10.984 [Expansion Quests] - InitQuestSystemClient - Loaded existing player quest data for player with UID: 3I2KPiMwtNrbRzLe964-q3OrI2Ligr9LBcsFxmVIl3Q=
15:48:10.984 [Expansion Quests] - InitClientQuests_NormalQuests - Create new quest instance for quest: 9 - Creator UID: 3I2KPiMwtNrbRzLe964-q3OrI2Ligr9LBcsFxmVIl3Q=
15:48:10.984 [Expansion Quests] - InitClientQuests_NormalQuests - Create new quest instance for quest: 11 - Creator UID: 3I2KPiMwtNrbRzLe964-q3OrI2Ligr9LBcsFxmVIl3Q=
15:48:10.984 [Expansion Quests] - InitClientQuests_NormalQuests - Create new quest instance for quest: 100 - Creator UID: 3I2KPiMwtNrbRzLe964-q3OrI2Ligr9LBcsFxmVIl3Q=
15:48:10.988 [Expansion Quests] - InitClientQuests_NormalQuests - Create new quest instance for quest: 101 - Creator UID: 3I2KPiMwtNrbRzLe964-q3OrI2Ligr9LBcsFxmVIl3Q=
15:48:10.988 [Expansion Quests] - InitClientQuests_NormalQuests - Create new quest instance for quest: 103 - Creator UID: 3I2KPiMwtNrbRzLe964-q3OrI2Ligr9LBcsFxmVIl3Q=
15:48:10.988 [Expansion Quests] - InitClientQuests_NormalQuests - Create new quest instance for quest: 104 - Creator UID: 3I2KPiMwtNrbRzLe964-q3OrI2Ligr9LBcsFxmVIl3Q=
15:48:10.988 [Expansion Quests] - InitClientQuests_NormalQuests - Create new quest instance for quest: 105 - Creator UID: 3I2KPiMwtNrbRzLe964-q3OrI2Ligr9LBcsFxmVIl3Q=
15:48:10.988 [Expansion Quests] - InitClientQuests_NormalQuests - Create new quest instance for quest: 106 - Creator UID: 3I2KPiMwtNrbRzLe964-q3OrI2Ligr9LBcsFxmVIl3Q=
15:48:10.988 [Expansion Quests] - InitClientQuests_NormalQuests - Create new quest instance for quest: 107 - Creator UID: 3I2KPiMwtNrbRzLe964-q3OrI2Ligr9LBcsFxmVIl3Q=
15:48:10.988 [Expansion Quests] - InitClientQuests_NormalQuests - Create new quest instance for quest: 108 - Creator UID: 3I2KPiMwtNrbRzLe964-q3OrI2Ligr9LBcsFxmVIl3Q=
15:48:10.988 [Expansion Quests] - InitClientQuests_NormalQuests - Create new quest instance for quest: 109 - Creator UID: 3I2KPiMwtNrbRzLe964-q3OrI2Ligr9LBcsFxmVIl3Q=
15:48:10.988 [Expansion Quests] - InitClientQuests_NormalQuests - Create new quest instance for quest: 110 - Creator UID: 3I2KPiMwtNrbRzLe964-q3OrI2Ligr9LBcsFxmVIl3Q=
15:48:10.988 [Expansion Quests] - InitClientQuests_NormalQuests - Create new quest instance for quest: 111 - Creator UID: 3I2KPiMwtNrbRzLe964-q3OrI2Ligr9LBcsFxmVIl3Q=
15:48:10.988 [Expansion Quests] - InitClientQuests_NormalQuests - Create new quest instance for quest: 112 - Creator UID: 3I2KPiMwtNrbRzLe964-q3OrI2Ligr9LBcsFxmVIl3Q=
15:48:10.988 [Expansion Quests] - InitClientQuests_NormalQuests - Create new quest instance for quest: 113 - Creator UID: 3I2KPiMwtNrbRzLe964-q3OrI2Ligr9LBcsFxmVIl3Q=
15:48:10.988 [Expansion Quests] - InitClientQuests_NormalQuests - Create new quest instance for quest: 114 - Creator UID: 3I2KPiMwtNrbRzLe964-q3OrI2Ligr9LBcsFxmVIl3Q=
15:48:10.992 [Expansion Quests] - InitClientQuests_NormalQuests - Create new quest instance for quest: 115 - Creator UID: 3I2KPiMwtNrbRzLe964-q3OrI2Ligr9LBcsFxmVIl3Q=
15:48:10.992 [Expansion Quests] - InitClientQuests_NormalQuests - Create new quest instance for quest: 116 - Creator UID: 3I2KPiMwtNrbRzLe964-q3OrI2Ligr9LBcsFxmVIl3Q=
15:48:10.992 [Expansion Quests] - InitClientQuests_NormalQuests - Create new quest instance for quest: 117 - Creator UID: 3I2KPiMwtNrbRzLe964-q3OrI2Ligr9LBcsFxmVIl3Q=
15:48:10.992 [Expansion Quests] - InitClientQuests_NormalQuests - Create new quest instance for quest: 118 - Creator UID: 3I2KPiMwtNrbRzLe964-q3OrI2Ligr9LBcsFxmVIl3Q=
15:48:10.992 [Expansion Quests] - InitClientQuests_NormalQuests - Create new quest instance for quest: 119 - Creator UID: 3I2KPiMwtNrbRzLe964-q3OrI2Ligr9LBcsFxmVIl3Q=
15:48:10.992 [Expansion Quests] - InitClientQuests_NormalQuests - Create new quest instance for quest: 120 - Creator UID: 3I2KPiMwtNrbRzLe964-q3OrI2Ligr9LBcsFxmVIl3Q=
15:48:10.992 [Expansion Quests] - InitClientQuests_NormalQuests - Create new quest instance for quest: 121 - Creator UID: 3I2KPiMwtNrbRzLe964-q3OrI2Ligr9LBcsFxmVIl3Q=
15:48:10.992 [Expansion Quests] - InitClientQuests_NormalQuests - Create new quest instance for quest: 122 - Creator UID: 3I2KPiMwtNrbRzLe964-q3OrI2Ligr9LBcsFxmVIl3Q=
15:48:10.992 [Expansion Quests] - InitClientQuests_NormalQuests - Create new quest instance for quest: 123 - Creator UID: 3I2KPiMwtNrbRzLe964-q3OrI2Ligr9LBcsFxmVIl3Q=
15:48:10.992 [Expansion Quests] - InitClientQuests_NormalQuests - Create new quest instance for quest: 124 - Creator UID: 3I2KPiMwtNrbRzLe964-q3OrI2Ligr9LBcsFxmVIl3Q=
15:48:12.449 [AI Patrol] Spawning 3 West bots at <4482.020020, 298.921326, 6272.455566>
15:48:13.332 [AI Patrol] Spawning 3 West bots at <4030.885010, 288.859711, 5341.735352>
15:48:47.519 [Expansion Quests] - CreateQuestInstance - Created new quest instance for player with UID 3I2KPiMwtNrbRzLe964-q3OrI2Ligr9LBcsFxmVIl3Q= for quest 200
15:51:03.613 [Expansion Quests] - InitQuestSystemClient - Created new persistent player quest data for player UID: b_yc4Onhw-D2uQBVhuw6XJrft-4R07aKo2PLIKDbPtE=
15:51:20.367 [SpawnSelection] Player "JB9200" (id=b_yc4Onhw-D2uQBVhuw6XJrft-4R07aKo2PLIKDbPtE=) spawned at <13529.530273, 2.251228, 6455.612793>
15:51:29.238 [Expansion Quests] - CompleteQuest - Player with UID b_yc4Onhw-D2uQBVhuw6XJrft-4R07aKo2PLIKDbPtE= has completed quest 14
15:51:30.574 [Safezone] Player "JB9200" (id=b_yc4Onhw-D2uQBVhuw6XJrft-4R07aKo2PLIKDbPtE= pos=<3706.025391, 402.012451, 5992.434082>) Entered the safezone
15:51:53.199 [ATM] Player "JB9200" (id=b_yc4Onhw-D2uQBVhuw6XJrft-4R07aKo2PLIKDbPtE=) has withdrawn 5000 from his ATM account.
15:52:35.699 [Market] Player "JB9200" (id=b_yc4Onhw-D2uQBVhuw6XJrft-4R07aKo2PLIKDbPtE=) has send a requested to purchase ttskopants x1 from the trader "Clothing (Denis [#STR_EXPANSION_MARKET_TRADER_CLOTHING])" in market zone "Green Mountain Trading Zone" (pos=<3728.270020, 403.000000, 6003.600098>).
15:52:35.773 [Market] Player "JB9200" (id=b_yc4Onhw-D2uQBVhuw6XJrft-4R07aKo2PLIKDbPtE=) has bought ttskopants x1 from the trader "Clothing (Denis [#STR_EXPANSION_MARKET_TRADER_CLOTHING])" in market zone "Green Mountain Trading Zone" (pos=<3728.270020, 403.000000, 6003.600098>) for a price of 55.
15:53:07.273 [Market] Player "JB9200" (id=b_yc4Onhw-D2uQBVhuw6XJrft-4R07aKo2PLIKDbPtE=) has send a requested to purchase firefighterjacket_beige x1 from the trader "Clothing (Denis [#STR_EXPANSION_MARKET_TRADER_CLOTHING])" in market zone "Green Mountain Trading Zone" (pos=<3728.270020, 403.000000, 6003.600098>).
15:53:07.308 [Market] Player "JB9200" (id=b_yc4Onhw-D2uQBVhuw6XJrft-4R07aKo2PLIKDbPtE=) has bought firefighterjacket_beige x1 from the trader "Clothing (Denis [#STR_EXPANSION_MARKET_TRADER_CLOTHING])" in market zone "Green Mountain Trading Zone" (pos=<3728.270020, 403.000000, 6003.600098>) for a price of 24.
15:54:09.289 [Market] Player "JB9200" (id=b_yc4Onhw-D2uQBVhuw6XJrft-4R07aKo2PLIKDbPtE=) has send a requested to purchase woolgloves_green x1 from the trader "Clothing_Accessories (Maria [#STR_EXPANSION_MARKET_TRADER_CLOTHING_ACCESSORIES])" in market zone "Green Mountain Trading Zone" (pos=<3728.270020, 403.000000, 6003.600098>).
15:54:09.324 [Market] Player "JB9200" (id=b_yc4Onhw-D2uQBVhuw6XJrft-4R07aKo2PLIKDbPtE=) has bought woolgloves_green x1 from the trader "Clothing_Accessories (Maria [#STR_EXPANSION_MARKET_TRADER_CLOTHING_ACCESSORIES])" in market zone "Green Mountain Trading Zone" (pos=<3728.270020, 403.000000, 6003.600098>) for a price of 35.
15:54:19.433 [Market] Player "JB9200" (id=b_yc4Onhw-D2uQBVhuw6XJrft-4R07aKo2PLIKDbPtE=) has send a requested to purchase gorkahelmet x1 from the trader "Clothing_Accessories (Maria [#STR_EXPANSION_MARKET_TRADER_CLOTHING_ACCESSORIES])" in market zone "Green Mountain Trading Zone" (pos=<3728.270020, 403.000000, 6003.600098>).
15:54:19.464 [Market] Player "JB9200" (id=b_yc4Onhw-D2uQBVhuw6XJrft-4R07aKo2PLIKDbPtE=) has bought gorkahelmet x1 from the trader "Clothing_Accessories (Maria [#STR_EXPANSION_MARKET_TRADER_CLOTHING_ACCESSORIES])" in market zone "Green Mountain Trading Zone" (pos=<3728.270020, 403.000000, 6003.600098>) for a price of 290.
15:54:34.449 [Market] Player "JB9200" (id=b_yc4Onhw-D2uQBVhuw6XJrft-4R07aKo2PLIKDbPtE=) has send a requested to purchase balaclava3holes_beige x1 from the trader "Clothing_Accessories (Maria [#STR_EXPANSION_MARKET_TRADER_CLOTHING_ACCESSORIES])" in market zone "Green Mountain Trading Zone" (pos=<3728.270020, 403.000000, 6003.600098>).
15:54:34.488 [Market] Player "JB9200" (id=b_yc4Onhw-D2uQBVhuw6XJrft-4R07aKo2PLIKDbPtE=) has bought balaclava3holes_beige x1 from the trader "Clothing_Accessories (Maria [#STR_EXPANSION_MARKET_TRADER_CLOTHING_ACCESSORIES])" in market zone "Green Mountain Trading Zone" (pos=<3728.270020, 403.000000, 6003.600098>) for a price of 50.
15:54:50.332 [Market] Player "JB9200" (id=b_yc4Onhw-D2uQBVhuw6XJrft-4R07aKo2PLIKDbPtE=) has send a requested to purchase pressvest_blue x1 from the trader "Clothing_Accessories (Maria [#STR_EXPANSION_MARKET_TRADER_CLOTHING_ACCESSORIES])" in market zone "Green Mountain Trading Zone" (pos=<3728.270020, 403.000000, 6003.600098>).
15:54:50.398 [Market] Player "JB9200" (id=b_yc4Onhw-D2uQBVhuw6XJrft-4R07aKo2PLIKDbPtE=) has bought pressvest_blue x1 from the trader "Clothing_Accessories (Maria [#STR_EXPANSION_MARKET_TRADER_CLOTHING_ACCESSORIES])" in market zone "Green Mountain Trading Zone" (pos=<3728.270020, 403.000000, 6003.600098>) for a price of 85.
15:55:00.187 [Market] Player "JB9200" (id=b_yc4Onhw-D2uQBVhuw6XJrft-4R07aKo2PLIKDbPtE=) has send a requested to purchase militarybelt x1 from the trader "Clothing_Accessories (Maria [#STR_EXPANSION_MARKET_TRADER_CLOTHING_ACCESSORIES])" in market zone "Green Mountain Trading Zone" (pos=<3728.270020, 403.000000, 6003.600098>).
15:55:00.218 [Market] Player "JB9200" (id=b_yc4Onhw-D2uQBVhuw6XJrft-4R07aKo2PLIKDbPtE=) has bought militarybelt x1 from the trader "Clothing_Accessories (Maria [#STR_EXPANSION_MARKET_TRADER_CLOTHING_ACCESSORIES])" in market zone "Green Mountain Trading Zone" (pos=<3728.270020, 403.000000, 6003.600098>) for a price of 100.
15:55:07.316 [Market] Player "JB9200" (id=b_yc4Onhw-D2uQBVhuw6XJrft-4R07aKo2PLIKDbPtE=) has send a requested to purchase platecarrierholster x1 from the trader "Clothing_Accessories (Maria [#STR_EXPANSION_MARKET_TRADER_CLOTHING_ACCESSORIES])" in market zone "Green Mountain Trading Zone" (pos=<3728.270020, 403.000000, 6003.600098>).
15:55:07.363 [Market] Player "JB9200" (id=b_yc4Onhw-D2uQBVhuw6XJrft-4R07aKo2PLIKDbPtE=) has bought platecarrierholster x1 from the trader "Clothing_Accessories (Maria [#STR_EXPANSION_MARKET_TRADER_CLOTHING_ACCESSORIES])" in market zone "Green Mountain Trading Zone" (pos=<3728.270020, 403.000000, 6003.600098>) for a price of 60.
15:55:08.066 [Market] Player "JB9200" (id=b_yc4Onhw-D2uQBVhuw6XJrft-4R07aKo2PLIKDbPtE=) has send a requested to purchase nylonknifesheath x1 from the trader "Clothing_Accessories (Maria [#STR_EXPANSION_MARKET_TRADER_CLOTHING_ACCESSORIES])" in market zone "Green Mountain Trading Zone" (pos=<3728.270020, 403.000000, 6003.600098>).
15:55:08.132 [Market] Player "JB9200" (id=b_yc4Onhw-D2uQBVhuw6XJrft-4R07aKo2PLIKDbPtE=) has bought nylonknifesheath x1 from the trader "Clothing_Accessories (Maria [#STR_EXPANSION_MARKET_TRADER_CLOTHING_ACCESSORIES])" in market zone "Green Mountain Trading Zone" (pos=<3728.270020, 403.000000, 6003.600098>) for a price of 30.
15:55:50.480 [Market] Player "JB9200" (id=b_yc4Onhw-D2uQBVhuw6XJrft-4R07aKo2PLIKDbPtE=) has send a requested to purchase drybag_black x1 from the trader "Clothing_Accessories (Maria [#STR_EXPANSION_MARKET_TRADER_CLOTHING_ACCESSORIES])" in market zone "Green Mountain Trading Zone" (pos=<3728.270020, 403.000000, 6003.600098>).
15:55:50.519 [Market] Player "JB9200" (id=b_yc4Onhw-D2uQBVhuw6XJrft-4R07aKo2PLIKDbPtE=) has bought drybag_black x1 from the trader "Clothing_Accessories (Maria [#STR_EXPANSION_MARKET_TRADER_CLOTHING_ACCESSORIES])" in market zone "Green Mountain Trading Zone" (pos=<3728.270020, 403.000000, 6003.600098>) for a price of 30.
15:56:20.675 [Market] Player "JB9200" (id=b_yc4Onhw-D2uQBVhuw6XJrft-4R07aKo2PLIKDbPtE=) has send a requested to purchase militaryboots_brown x1 from the trader "Clothing (Denis [#STR_EXPANSION_MARKET_TRADER_CLOTHING])" in market zone "Green Mountain Trading Zone" (pos=<3728.270020, 403.000000, 6003.600098>).
15:56:20.761 [Market] Player "JB9200" (id=b_yc4Onhw-D2uQBVhuw6XJrft-4R07aKo2PLIKDbPtE=) has bought militaryboots_brown x1 from the trader "Clothing (Denis [#STR_EXPANSION_MARKET_TRADER_CLOTHING])" in market zone "Green Mountain Trading Zone" (pos=<3728.270020, 403.000000, 6003.600098>) for a price of 110.
15:56:50.332 [Market] Player "JB9200" (id=b_yc4Onhw-D2uQBVhuw6XJrft-4R07aKo2PLIKDbPtE=) has send a requested to sell taloonbag_violet x1 at the trader "Clothing_Accessories (Maria [#STR_EXPANSION_MARKET_TRADER_CLOTHING_ACCESSORIES])" in market zone "Green Mountain Trading Zone" (pos=<3728.270020, 403.000000, 6003.600098>).
15:56:50.394 [Market] Player "JB9200" (id=b_yc4Onhw-D2uQBVhuw6XJrft-4R07aKo2PLIKDbPtE=) has sold taloonbag_violet x1 at the trader "Clothing_Accessories (Maria [#STR_EXPANSION_MARKET_TRADER_CLOTHING_ACCESSORIES])" in market zone "Green Mountain Trading Zone" (pos=<3728.270020, 403.000000, 6003.600098>) and got 37.
15:56:56.304 [Market] Player "JB9200" (id=b_yc4Onhw-D2uQBVhuw6XJrft-4R07aKo2PLIKDbPtE=) has send a requested to sell athleticshoes_blue x1 at the trader "Clothing (Denis [#STR_EXPANSION_MARKET_TRADER_CLOTHING])" in market zone "Green Mountain Trading Zone" (pos=<3728.270020, 403.000000, 6003.600098>).
15:56:56.367 [Market] Player "JB9200" (id=b_yc4Onhw-D2uQBVhuw6XJrft-4R07aKo2PLIKDbPtE=) has sold athleticshoes_blue x1 at the trader "Clothing (Denis [#STR_EXPANSION_MARKET_TRADER_CLOTHING])" in market zone "Green Mountain Trading Zone" (pos=<3728.270020, 403.000000, 6003.600098>) and got 12.
15:57:25.164 [Market] Player "JB9200" (id=b_yc4Onhw-D2uQBVhuw6XJrft-4R07aKo2PLIKDbPtE=) has send a requested to purchase huntingjacket_spring x1 from the trader "Clothing (Denis [#STR_EXPANSION_MARKET_TRADER_CLOTHING])" in market zone "Green Mountain Trading Zone" (pos=<3728.270020, 403.000000, 6003.600098>).
15:57:25.210 [Market] Player "JB9200" (id=b_yc4Onhw-D2uQBVhuw6XJrft-4R07aKo2PLIKDbPtE=) has bought huntingjacket_spring x1 from the trader "Clothing (Denis [#STR_EXPANSION_MARKET_TRADER_CLOTHING])" in market zone "Green Mountain Trading Zone" (pos=<3728.270020, 403.000000, 6003.600098>) for a price of 120.
15:57:58.972 [Market] Player "JB9200" (id=b_yc4Onhw-D2uQBVhuw6XJrft-4R07aKo2PLIKDbPtE=) has send a requested to sell firefighterjacket_beige x1 at the trader "Clothing (Denis [#STR_EXPANSION_MARKET_TRADER_CLOTHING])" in market zone "Green Mountain Trading Zone" (pos=<3728.270020, 403.000000, 6003.600098>).
15:57:59.019 [Market] Player "JB9200" (id=b_yc4Onhw-D2uQBVhuw6XJrft-4R07aKo2PLIKDbPtE=) has sold firefighterjacket_beige x1 at the trader "Clothing (Denis [#STR_EXPANSION_MARKET_TRADER_CLOTHING])" in market zone "Green Mountain Trading Zone" (pos=<3728.270020, 403.000000, 6003.600098>) and got 18.
15:58:00.351 [Market] Player "JB9200" (id=b_yc4Onhw-D2uQBVhuw6XJrft-4R07aKo2PLIKDbPtE=) has send a requested to sell canvaspants_blue x1 at the trader "Clothing (Denis [#STR_EXPANSION_MARKET_TRADER_CLOTHING])" in market zone "Green Mountain Trading Zone" (pos=<3728.270020, 403.000000, 6003.600098>).
15:58:00.433 [Market] Player "JB9200" (id=b_yc4Onhw-D2uQBVhuw6XJrft-4R07aKo2PLIKDbPtE=) has sold canvaspants_blue x1 at the trader "Clothing (Denis [#STR_EXPANSION_MARKET_TRADER_CLOTHING])" in market zone "Green Mountain Trading Zone" (pos=<3728.270020, 403.000000, 6003.600098>) and got 19.
15:58:02.042 [Market] Player "JB9200" (id=b_yc4Onhw-D2uQBVhuw6XJrft-4R07aKo2PLIKDbPtE=) has send a requested to sell tshirt_grey x1 at the trader "Clothing (Denis [#STR_EXPANSION_MARKET_TRADER_CLOTHING])" in market zone "Green Mountain Trading Zone" (pos=<3728.270020, 403.000000, 6003.600098>).
15:58:02.113 [Market] Player "JB9200" (id=b_yc4Onhw-D2uQBVhuw6XJrft-4R07aKo2PLIKDbPtE=) has sold tshirt_grey x1 at the trader "Clothing (Denis [#STR_EXPANSION_MARKET_TRADER_CLOTHING])" in market zone "Green Mountain Trading Zone" (pos=<3728.270020, 403.000000, 6003.600098>) and got 7.
15:58:28.789 [Market] Player "JB9200" (id=b_yc4Onhw-D2uQBVhuw6XJrft-4R07aKo2PLIKDbPtE=) has send a requested to purchase canteen x1 from the trader "Consumables (Quinn [#STR_EXPANSION_MARKET_TRADER_CONSUMABLES])" in market zone "Green Mountain Trading Zone" (pos=<3728.270020, 403.000000, 6003.600098>).
15:58:28.835 [Market] Player "JB9200" (id=b_yc4Onhw-D2uQBVhuw6XJrft-4R07aKo2PLIKDbPtE=) has bought canteen x1 from the trader "Consumables (Quinn [#STR_EXPANSION_MARKET_TRADER_CONSUMABLES])" in market zone "Green Mountain Trading Zone" (pos=<3728.270020, 403.000000, 6003.600098>) for a price of 18.
15:58:32.199 [Market] Player "JB9200" (id=b_yc4Onhw-D2uQBVhuw6XJrft-4R07aKo2PLIKDbPtE=) has send a requested to purchase lunchmeat x1 from the trader "Consumables (Quinn [#STR_EXPANSION_MARKET_TRADER_CONSUMABLES])" in market zone "Green Mountain Trading Zone" (pos=<3728.270020, 403.000000, 6003.600098>).
15:58:32.246 [Market] Player "JB9200" (id=b_yc4Onhw-D2uQBVhuw6XJrft-4R07aKo2PLIKDbPtE=) has bought lunchmeat x1 from the trader "Consumables (Quinn [#STR_EXPANSION_MARKET_TRADER_CONSUMABLES])" in market zone "Green Mountain Trading Zone" (pos=<3728.270020, 403.000000, 6003.600098>) for a price of 15.
15:58:32.765 [Market] Player "JB9200" (id=b_yc4Onhw-D2uQBVhuw6XJrft-4R07aKo2PLIKDbPtE=) has send a requested to purchase lunchmeat x1 from the trader "Consumables (Quinn [#STR_EXPANSION_MARKET_TRADER_CONSUMABLES])" in market zone "Green Mountain Trading Zone" (pos=<3728.270020, 403.000000, 6003.600098>).
15:58:32.820 [Market] Player "JB9200" (id=b_yc4Onhw-D2uQBVhuw6XJrft-4R07aKo2PLIKDbPtE=) has bought lunchmeat x1 from the trader "Consumables (Quinn [#STR_EXPANSION_MARKET_TRADER_CONSUMABLES])" in market zone "Green Mountain Trading Zone" (pos=<3728.270020, 403.000000, 6003.600098>) for a price of 15.
15:58:33.359 [Market] Player "JB9200" (id=b_yc4Onhw-D2uQBVhuw6XJrft-4R07aKo2PLIKDbPtE=) has send a requested to purchase lunchmeat x1 from the trader "Consumables (Quinn [#STR_EXPANSION_MARKET_TRADER_CONSUMABLES])" in market zone "Green Mountain Trading Zone" (pos=<3728.270020, 403.000000, 6003.600098>).
15:58:33.390 [Market] Player "JB9200" (id=b_yc4Onhw-D2uQBVhuw6XJrft-4R07aKo2PLIKDbPtE=) has bought lunchmeat x1 from the trader "Consumables (Quinn [#STR_EXPANSION_MARKET_TRADER_CONSUMABLES])" in market zone "Green Mountain Trading Zone" (pos=<3728.270020, 403.000000, 6003.600098>) for a price of 15.
15:58:33.890 [Market] Player "JB9200" (id=b_yc4Onhw-D2uQBVhuw6XJrft-4R07aKo2PLIKDbPtE=) has send a requested to purchase lunchmeat x1 from the trader "Consumables (Quinn [#STR_EXPANSION_MARKET_TRADER_CONSUMABLES])" in market zone "Green Mountain Trading Zone" (pos=<3728.270020, 403.000000, 6003.600098>).
15:58:33.941 [Market] Player "JB9200" (id=b_yc4Onhw-D2uQBVhuw6XJrft-4R07aKo2PLIKDbPtE=) has bought lunchmeat x1 from the trader "Consumables (Quinn [#STR_EXPANSION_MARKET_TRADER_CONSUMABLES])" in market zone "Green Mountain Trading Zone" (pos=<3728.270020, 403.000000, 6003.600098>) for a price of 15.
15:58:39.238 [Market] Player "JB9200" (id=b_yc4Onhw-D2uQBVhuw6XJrft-4R07aKo2PLIKDbPtE=) has send a requested to purchase lunchmeat x1 from the trader "Consumables (Quinn [#STR_EXPANSION_MARKET_TRADER_CONSUMABLES])" in market zone "Green Mountain Trading Zone" (pos=<3728.270020, 403.000000, 6003.600098>).
15:58:39.324 [Market] Player "JB9200" (id=b_yc4Onhw-D2uQBVhuw6XJrft-4R07aKo2PLIKDbPtE=) has bought lunchmeat x1 from the trader "Consumables (Quinn [#STR_EXPANSION_MARKET_TRADER_CONSUMABLES])" in market zone "Green Mountain Trading Zone" (pos=<3728.270020, 403.000000, 6003.600098>) for a price of 15.
15:59:24.960 [ATM] Player "Blorpus9000" (id=3I2KPiMwtNrbRzLe964-q3OrI2Ligr9LBcsFxmVIl3Q=) has withdrawn 10000 from his ATM account.
15:59:36.457 [Market] Player "JB9200" (id=b_yc4Onhw-D2uQBVhuw6XJrft-4R07aKo2PLIKDbPtE=) has send a requested to purchase combatknife x1 from the trader "Weapons (Naomi [#STR_EXPANSION_MARKET_TRADER_WEAPONS])" in market zone "Green Mountain Trading Zone" (pos=<3728.270020, 403.000000, 6003.600098>).
15:59:36.503 [Market] Player "JB9200" (id=b_yc4Onhw-D2uQBVhuw6XJrft-4R07aKo2PLIKDbPtE=) has bought combatknife x1 from the trader "Weapons (Naomi [#STR_EXPANSION_MARKET_TRADER_WEAPONS])" in market zone "Green Mountain Trading Zone" (pos=<3728.270020, 403.000000, 6003.600098>) for a price of 10.
15:59:40.289 [Market] Player "Blorpus9000" (id=3I2KPiMwtNrbRzLe964-q3OrI2Ligr9LBcsFxmVIl3Q=) has send a requested to purchase kashtanoptic x1 from the trader "Attachments (Seth [#STR_EXPANSION_MARKET_TRADER_ATTACHMENTS])" in market zone "Green Mountain Trading Zone" (pos=<3728.270020, 403.000000, 6003.600098>).
15:59:40.371 [Market] Player "Blorpus9000" (id=3I2KPiMwtNrbRzLe964-q3OrI2Ligr9LBcsFxmVIl3Q=) has bought kashtanoptic x1 from the trader "Attachments (Seth [#STR_EXPANSION_MARKET_TRADER_ATTACHMENTS])" in market zone "Green Mountain Trading Zone" (pos=<3728.270020, 403.000000, 6003.600098>) for a price of 700.
15:59:51.875 [Market] Player "Blorpus9000" (id=3I2KPiMwtNrbRzLe964-q3OrI2Ligr9LBcsFxmVIl3Q=) has send a requested to purchase ak74_woodbttstck x1 from the trader "Attachments (Seth [#STR_EXPANSION_MARKET_TRADER_ATTACHMENTS])" in market zone "Green Mountain Trading Zone" (pos=<3728.270020, 403.000000, 6003.600098>).
15:59:51.914 [Market] Player "Blorpus9000" (id=3I2KPiMwtNrbRzLe964-q3OrI2Ligr9LBcsFxmVIl3Q=) has bought ak74_woodbttstck x1 from the trader "Attachments (Seth [#STR_EXPANSION_MARKET_TRADER_ATTACHMENTS])" in market zone "Green Mountain Trading Zone" (pos=<3728.270020, 403.000000, 6003.600098>) for a price of 150.
16:00:05.167 [ATM] Player "Blorpus9000" (id=3I2KPiMwtNrbRzLe964-q3OrI2Ligr9LBcsFxmVIl3Q=) has deposited 9150 on his ATM account.
16:06:39.515 [Market] Player "JB9200" (id=b_yc4Onhw-D2uQBVhuw6XJrft-4R07aKo2PLIKDbPtE=) has send a requested to purchase m4_suppressor x1 from the trader "Attachments (Seth [#STR_EXPANSION_MARKET_TRADER_ATTACHMENTS])" in market zone "Green Mountain Trading Zone" (pos=<3728.270020, 403.000000, 6003.600098>).
16:06:39.589 [Market] Player "JB9200" (id=b_yc4Onhw-D2uQBVhuw6XJrft-4R07aKo2PLIKDbPtE=) has bought m4_suppressor x1 from the trader "Attachments (Seth [#STR_EXPANSION_MARKET_TRADER_ATTACHMENTS])" in market zone "Green Mountain Trading Zone" (pos=<3728.270020, 403.000000, 6003.600098>) for a price of 25.
16:07:28.437 [Market] Player "JB9200" (id=b_yc4Onhw-D2uQBVhuw6XJrft-4R07aKo2PLIKDbPtE=) has send a requested to purchase compass x1 from the trader "Components (Indar [#STR_EXPANSION_MARKET_TRADER_COMPONENTS])" in market zone "Green Mountain Trading Zone" (pos=<3728.270020, 403.000000, 6003.600098>).
16:07:28.484 [Market] Player "JB9200" (id=b_yc4Onhw-D2uQBVhuw6XJrft-4R07aKo2PLIKDbPtE=) has bought compass x1 from the trader "Components (Indar [#STR_EXPANSION_MARKET_TRADER_COMPONENTS])" in market zone "Green Mountain Trading Zone" (pos=<3728.270020, 403.000000, 6003.600098>) for a price of 10.
16:07:32.062 [Market] Player "JB9200" (id=b_yc4Onhw-D2uQBVhuw6XJrft-4R07aKo2PLIKDbPtE=) has send a requested to purchase compass x1 from the trader "Components (Indar [#STR_EXPANSION_MARKET_TRADER_COMPONENTS])" in market zone "Green Mountain Trading Zone" (pos=<3728.270020, 403.000000, 6003.600098>).
16:07:32.109 [Market] Player "JB9200" (id=b_yc4Onhw-D2uQBVhuw6XJrft-4R07aKo2PLIKDbPtE=) has bought compass x1 from the trader "Components (Indar [#STR_EXPANSION_MARKET_TRADER_COMPONENTS])" in market zone "Green Mountain Trading Zone" (pos=<3728.270020, 403.000000, 6003.600098>) for a price of 10.
16:07:47.984 [Market] Player "JB9200" (id=b_yc4Onhw-D2uQBVhuw6XJrft-4R07aKo2PLIKDbPtE=) has send a requested to purchase headtorch_black x1 from the trader "Components (Indar [#STR_EXPANSION_MARKET_TRADER_COMPONENTS])" in market zone "Green Mountain Trading Zone" (pos=<3728.270020, 403.000000, 6003.600098>).
16:07:48.074 [Market] Player "JB9200" (id=b_yc4Onhw-D2uQBVhuw6XJrft-4R07aKo2PLIKDbPtE=) has bought headtorch_black x1 from the trader "Components (Indar [#STR_EXPANSION_MARKET_TRADER_COMPONENTS])" in market zone "Green Mountain Trading Zone" (pos=<3728.270020, 403.000000, 6003.600098>) for a price of 50.
16:07:59.335 [Market] Player "JB9200" (id=b_yc4Onhw-D2uQBVhuw6XJrft-4R07aKo2PLIKDbPtE=) has send a requested to purchase canopener x1 from the trader "Components (Indar [#STR_EXPANSION_MARKET_TRADER_COMPONENTS])" in market zone "Green Mountain Trading Zone" (pos=<3728.270020, 403.000000, 6003.600098>).
16:07:59.429 [Market] Player "JB9200" (id=b_yc4Onhw-D2uQBVhuw6XJrft-4R07aKo2PLIKDbPtE=) has bought canopener x1 from the trader "Components (Indar [#STR_EXPANSION_MARKET_TRADER_COMPONENTS])" in market zone "Green Mountain Trading Zone" (pos=<3728.270020, 403.000000, 6003.600098>) for a price of 10.
16:08:33.636 [Market] Player "JB9200" (id=b_yc4Onhw-D2uQBVhuw6XJrft-4R07aKo2PLIKDbPtE=) has send a requested to purchase battery9v x1 from the trader "Special (Linda [#STR_EXPANSION_MARKET_TRADER_SPECIAL])" in market zone "Green Mountain Trading Zone" (pos=<3728.270020, 403.000000, 6003.600098>).
16:08:33.675 [Market] Player "JB9200" (id=b_yc4Onhw-D2uQBVhuw6XJrft-4R07aKo2PLIKDbPtE=) has bought battery9v x1 from the trader "Special (Linda [#STR_EXPANSION_MARKET_TRADER_SPECIAL])" in market zone "Green Mountain Trading Zone" (pos=<3728.270020, 403.000000, 6003.600098>) for a price of 10.
16:08:34.125 [Market] Player "JB9200" (id=b_yc4Onhw-D2uQBVhuw6XJrft-4R07aKo2PLIKDbPtE=) has send a requested to purchase battery9v x1 from the trader "Special (Linda [#STR_EXPANSION_MARKET_TRADER_SPECIAL])" in market zone "Green Mountain Trading Zone" (pos=<3728.270020, 403.000000, 6003.600098>).
16:08:34.167 [Market] Player "JB9200" (id=b_yc4Onhw-D2uQBVhuw6XJrft-4R07aKo2PLIKDbPtE=) has bought battery9v x1 from the trader "Special (Linda [#STR_EXPANSION_MARKET_TRADER_SPECIAL])" in market zone "Green Mountain Trading Zone" (pos=<3728.270020, 403.000000, 6003.600098>) for a price of 10.
16:08:34.542 [Market] Player "JB9200" (id=b_yc4Onhw-D2uQBVhuw6XJrft-4R07aKo2PLIKDbPtE=) has send a requested to purchase battery9v x1 from the trader "Special (Linda [#STR_EXPANSION_MARKET_TRADER_SPECIAL])" in market zone "Green Mountain Trading Zone" (pos=<3728.270020, 403.000000, 6003.600098>).
16:08:34.585 [Market] Player "JB9200" (id=b_yc4Onhw-D2uQBVhuw6XJrft-4R07aKo2PLIKDbPtE=) has bought battery9v x1 from the trader "Special (Linda [#STR_EXPANSION_MARKET_TRADER_SPECIAL])" in market zone "Green Mountain Trading Zone" (pos=<3728.270020, 403.000000, 6003.600098>) for a price of 10.
16:08:35.539 [Market] Player "JB9200" (id=b_yc4Onhw-D2uQBVhuw6XJrft-4R07aKo2PLIKDbPtE=) has send a requested to purchase battery9v x1 from the trader "Special (Linda [#STR_EXPANSION_MARKET_TRADER_SPECIAL])" in market zone "Green Mountain Trading Zone" (pos=<3728.270020, 403.000000, 6003.600098>).
16:08:35.628 [Market] Player "JB9200" (id=b_yc4Onhw-D2uQBVhuw6XJrft-4R07aKo2PLIKDbPtE=) has bought battery9v x1 from the trader "Special (Linda [#STR_EXPANSION_MARKET_TRADER_SPECIAL])" in market zone "Green Mountain Trading Zone" (pos=<3728.270020, 403.000000, 6003.600098>) for a price of 10.
16:08:43.132 [ATM] Player "Blorpus9000" (id=3I2KPiMwtNrbRzLe964-q3OrI2Ligr9LBcsFxmVIl3Q=) has withdrawn 9150 from his ATM account.
16:08:43.890 [ATM] Player "Blorpus9000" (id=3I2KPiMwtNrbRzLe964-q3OrI2Ligr9LBcsFxmVIl3Q=) has deposited 9150 on his ATM account.
16:09:06.714 [ATM] Player "Blorpus9000" (id=3I2KPiMwtNrbRzLe964-q3OrI2Ligr9LBcsFxmVIl3Q=) has deposited 50000 on his ATM account.
16:09:37.542 [Market] Player "JB9200" (id=b_yc4Onhw-D2uQBVhuw6XJrft-4R07aKo2PLIKDbPtE=) has send a requested to sell mag_expansion_mpx_50rnd x1 at the trader "Attachments (Seth [#STR_EXPANSION_MARKET_TRADER_ATTACHMENTS])" in market zone "Green Mountain Trading Zone" (pos=<3728.270020, 403.000000, 6003.600098>).
16:09:37.628 [Market] Player "JB9200" (id=b_yc4Onhw-D2uQBVhuw6XJrft-4R07aKo2PLIKDbPtE=) has sold mag_expansion_mpx_50rnd x1 at the trader "Attachments (Seth [#STR_EXPANSION_MARKET_TRADER_ATTACHMENTS])" in market zone "Green Mountain Trading Zone" (pos=<3728.270020, 403.000000, 6003.600098>) and got 126.
16:09:45.578 [Market] Player "JB9200" (id=b_yc4Onhw-D2uQBVhuw6XJrft-4R07aKo2PLIKDbPtE=) has send a requested to sell expansion_mp5_railatt x1 at the trader "Attachments (Seth [#STR_EXPANSION_MARKET_TRADER_ATTACHMENTS])" in market zone "Green Mountain Trading Zone" (pos=<3728.270020, 403.000000, 6003.600098>).
16:09:45.628 [Market] Player "JB9200" (id=b_yc4Onhw-D2uQBVhuw6XJrft-4R07aKo2PLIKDbPtE=) has sold expansion_mp5_railatt x1 at the trader "Attachments (Seth [#STR_EXPANSION_MARKET_TRADER_ATTACHMENTS])" in market zone "Green Mountain Trading Zone" (pos=<3728.270020, 403.000000, 6003.600098>) and got 84.
16:10:00.535 [Market] Player "JB9200" (id=b_yc4Onhw-D2uQBVhuw6XJrft-4R07aKo2PLIKDbPtE=) has send a requested to sell smershvest x1 at the trader "Clothing_Accessories (Maria [#STR_EXPANSION_MARKET_TRADER_CLOTHING_ACCESSORIES])" in market zone "Green Mountain Trading Zone" (pos=<3728.270020, 403.000000, 6003.600098>).
16:10:00.570 [Market] Player "JB9200" (id=b_yc4Onhw-D2uQBVhuw6XJrft-4R07aKo2PLIKDbPtE=) has sold smershvest x1 at the trader "Clothing_Accessories (Maria [#STR_EXPANSION_MARKET_TRADER_CLOTHING_ACCESSORIES])" in market zone "Green Mountain Trading Zone" (pos=<3728.270020, 403.000000, 6003.600098>) and got 56.
16:10:30.289 [ATM] Player "JB9200" (id=b_yc4Onhw-D2uQBVhuw6XJrft-4R07aKo2PLIKDbPtE=) has deposited 4122 on his ATM account.
16:10:49.539 [Party] Player "Blorpus9000" (id=3I2KPiMwtNrbRzLe964-q3OrI2Ligr9LBcsFxmVIl3Q=) invited the player "JB9200" (id=b_yc4Onhw-D2uQBVhuw6XJrft-4R07aKo2PLIKDbPtE=)to the party named Blorpus
16:10:54.777 [Party] Player "JB9200" (id=b_yc4Onhw-D2uQBVhuw6XJrft-4R07aKo2PLIKDbPtE=) joinded the party "Blorpus" (id=0 ownerUID=3I2KPiMwtNrbRzLe964-q3OrI2Ligr9LBcsFxmVIl3Q= ownerName=Blorpus9000)
16:12:50.648 [Expansion Quests] - CreateQuestInstance - Created new quest instance for player with UID b_yc4Onhw-D2uQBVhuw6XJrft-4R07aKo2PLIKDbPtE= for quest 504
16:13:15.929 [Expansion Quests] - CreateQuestInstance - Created new quest instance for player with UID b_yc4Onhw-D2uQBVhuw6XJrft-4R07aKo2PLIKDbPtE= for quest 20
16:13:18.812 [Spatial AI] Next valid check in: 1997836ms
16:13:21.335 [Expansion Quests] - CreateQuestInstance - Created new quest instance for player with UID b_yc4Onhw-D2uQBVhuw6XJrft-4R07aKo2PLIKDbPtE= for quest 21
16:14:03.550 [VehicleAttachments] Player Blorpus9000 (uid=3I2KPiMwtNrbRzLe964-q3OrI2Ligr9LBcsFxmVIl3Q=) detached Vodnik Left Door (type=ExpansionVodnikDoorDriver) from vehicle Vodnik(id=E6DEC7592E44CF170C7F3483E992A521 pos=<3720.005371, 401.825592, 6003.116211>)
16:14:23.468 [VehicleEnter] Player Blorpus9000 [uid=3I2KPiMwtNrbRzLe964-q3OrI2Ligr9LBcsFxmVIl3Q=] entered vehicle Vodnik (id=E6DEC7592E44CF170C7F3483E992A521 pos=<3720.005371, 401.825623, 6003.116211>) as driver
16:14:26.183 [VehicleLeave] Player Blorpus9000 [uid=3I2KPiMwtNrbRzLe964-q3OrI2Ligr9LBcsFxmVIl3Q=] left vehicle Vodnik (id=E6DEC7592E44CF170C7F3483E992A521 pos=<3720.005371, 401.825562, 6003.116211>)
16:15:39.625 [ATM] Player "JB9200" (id=b_yc4Onhw-D2uQBVhuw6XJrft-4R07aKo2PLIKDbPtE=) has withdrawn 1000 from his ATM account.
16:15:53.910 [Market] Player "JB9200" (id=b_yc4Onhw-D2uQBVhuw6XJrft-4R07aKo2PLIKDbPtE=) has send a requested to purchase bandagedressing x1 from the trader "Medicals (Judy [#STR_EXPANSION_MARKET_TRADER_MEDICALS])" in market zone "Green Mountain Trading Zone" (pos=<3728.270020, 403.000000, 6003.600098>).
16:15:53.945 [Market] Player "JB9200" (id=b_yc4Onhw-D2uQBVhuw6XJrft-4R07aKo2PLIKDbPtE=) has bought bandagedressing x1 from the trader "Medicals (Judy [#STR_EXPANSION_MARKET_TRADER_MEDICALS])" in market zone "Green Mountain Trading Zone" (pos=<3728.270020, 403.000000, 6003.600098>) for a price of 3.
16:15:54.468 [Market] Player "JB9200" (id=b_yc4Onhw-D2uQBVhuw6XJrft-4R07aKo2PLIKDbPtE=) has send a requested to purchase bandagedressing x1 from the trader "Medicals (Judy [#STR_EXPANSION_MARKET_TRADER_MEDICALS])" in market zone "Green Mountain Trading Zone" (pos=<3728.270020, 403.000000, 6003.600098>).
16:15:54.515 [Market] Player "JB9200" (id=b_yc4Onhw-D2uQBVhuw6XJrft-4R07aKo2PLIKDbPtE=) has bought bandagedressing x1 from the trader "Medicals (Judy [#STR_EXPANSION_MARKET_TRADER_MEDICALS])" in market zone "Green Mountain Trading Zone" (pos=<3728.270020, 403.000000, 6003.600098>) for a price of 3.
16:15:57.039 [Market] Player "JB9200" (id=b_yc4Onhw-D2uQBVhuw6XJrft-4R07aKo2PLIKDbPtE=) has send a requested to purchase tetracyclineantibiotics x1 from the trader "Medicals (Judy [#STR_EXPANSION_MARKET_TRADER_MEDICALS])" in market zone "Green Mountain Trading Zone" (pos=<3728.270020, 403.000000, 6003.600098>).
16:15:57.128 [Market] Player "JB9200" (id=b_yc4Onhw-D2uQBVhuw6XJrft-4R07aKo2PLIKDbPtE=) has bought tetracyclineantibiotics x1 from the trader "Medicals (Judy [#STR_EXPANSION_MARKET_TRADER_MEDICALS])" in market zone "Green Mountain Trading Zone" (pos=<3728.270020, 403.000000, 6003.600098>) for a price of 8.
16:16:30.792 [ATM] Player "JB9200" (id=b_yc4Onhw-D2uQBVhuw6XJrft-4R07aKo2PLIKDbPtE=) has deposited 986 on his ATM account.
16:16:32.480 [VehicleEnter] Player Blorpus9000 [uid=3I2KPiMwtNrbRzLe964-q3OrI2Ligr9LBcsFxmVIl3Q=] entered vehicle Vodnik (id=E6DEC7592E44CF170C7F3483E992A521 pos=<3720.005371, 401.825562, 6003.116211>) as driver
16:16:38.187 [VehicleEngine] Player Blorpus9000 [uid=3I2KPiMwtNrbRzLe964-q3OrI2Ligr9LBcsFxmVIl3Q=] started vehicle Vodnik (id=E6DEC7592E44CF170C7F3483E992A521 pos=<3720.005371, 401.825592, 6003.116211>)
16:16:50.617 [VehicleEnter] Player JB9200 [uid=b_yc4Onhw-D2uQBVhuw6XJrft-4R07aKo2PLIKDbPtE=] entered vehicle Vodnik (id=E6DEC7592E44CF170C7F3483E992A521 pos=<3720.005371, 401.825592, 6003.116211>) as passenger
16:17:04.070 [VehicleLeave] Player JB9200 [uid=b_yc4Onhw-D2uQBVhuw6XJrft-4R07aKo2PLIKDbPtE=] left vehicle Vodnik (id=E6DEC7592E44CF170C7F3483E992A521 pos=<3720.005371, 401.825592, 6003.116211>)
16:17:56.242 [VehicleEnter] Player JB9200 [uid=b_yc4Onhw-D2uQBVhuw6XJrft-4R07aKo2PLIKDbPtE=] entered vehicle Vodnik (id=E6DEC7592E44CF170C7F3483E992A521 pos=<3720.005371, 401.825562, 6003.116211>) as passenger
16:18:45.484 [AI Patrol] Spawning 3 East bots at <4903.675293, 290.931183, 6297.025391>
16:18:46.074 [Safezone] Player "JB9200" (id=b_yc4Onhw-D2uQBVhuw6XJrft-4R07aKo2PLIKDbPtE= pos=<4223.077148, 335.660797, 5566.337891>) Left the safezone
16:18:46.289 [Safezone] Player "Blorpus9000" (id=3I2KPiMwtNrbRzLe964-q3OrI2Ligr9LBcsFxmVIl3Q= pos=<4229.090820, 335.029236, 5561.838867>) Left the safezone
16:19:34.355 [VehicleEngine] Player Blorpus9000 [uid=3I2KPiMwtNrbRzLe964-q3OrI2Ligr9LBcsFxmVIl3Q=] stopped vehicle Vodnik (id=E6DEC7592E44CF170C7F3483E992A521 pos=<4399.184570, 309.473724, 6173.571289>)
16:19:40.468 [VehicleLeave] Player JB9200 [uid=b_yc4Onhw-D2uQBVhuw6XJrft-4R07aKo2PLIKDbPtE=] left vehicle Vodnik (id=E6DEC7592E44CF170C7F3483E992A521 pos=<4399.185059, 309.473724, 6173.571289>)
16:19:43.789 [VehicleLeave] Player Blorpus9000 [uid=3I2KPiMwtNrbRzLe964-q3OrI2Ligr9LBcsFxmVIl3Q=] left vehicle Vodnik (id=E6DEC7592E44CF170C7F3483E992A521 pos=<4399.184570, 309.473694, 6173.571289>)
16:20:12.648 [Chat - Global]("Blorpus9000"(id=3I2KPiMwtNrbRzLe964-q3OrI2Ligr9LBcsFxmVIl3Q=)): w
16:22:35.886 [AI Patrol] Spawning 1 West bots at <4351.330078, 307.067993, 6400.520020>
16:22:36.464 [AI Patrol] Spawning 1 West bots at <4389.029785, 302.802002, 6391.770020>
16:22:36.488 [AI Patrol] Spawning 1 West bots at <4416.669922, 301.976990, 6395.700195>
16:22:50.835 [AI Patrol] Spawning 1 West bots at <4418.520020, 299.600006, 6441.919922>
16:22:56.332 [AI Patrol] Spawning 1 West bots at <4431.819824, 298.901001, 6452.220215>
16:23:00.890 [AI Patrol] Spawning 1 West bots at <4435.540039, 297.747009, 6470.299805>
16:23:11.445 [AI Patrol] Spawning 1 West bots at <4475.160156, 295.220001, 6461.569824>
16:23:16.238 [AI Patrol] Spawning 1 West bots at <4485.009766, 295.220001, 6466.970215>
16:24:56.574 [AI Patrol] Spawning 1 West bots at <4523.009766, 290.427002, 6448.299805>
16:25:11.273 [AI Patrol] Spawning 1 West bots at <4556.299805, 289.274994, 6390.839844>
16:39:56.093 [VehicleEnter] Player Blorpus9000 [uid=3I2KPiMwtNrbRzLe964-q3OrI2Ligr9LBcsFxmVIl3Q=] entered vehicle Vodnik (id=E6DEC7592E44CF170C7F3483E992A521 pos=<4399.184570, 309.473694, 6173.571289>) as driver
16:40:48.000 [VehicleEnter] Player JB9200 [uid=b_yc4Onhw-D2uQBVhuw6XJrft-4R07aKo2PLIKDbPtE=] entered vehicle Vodnik (id=E6DEC7592E44CF170C7F3483E992A521 pos=<4399.184570, 309.473694, 6173.571289>) as passenger
16:40:48.289 [VehicleEngine] Player Blorpus9000 [uid=3I2KPiMwtNrbRzLe964-q3OrI2Ligr9LBcsFxmVIl3Q=] started vehicle Vodnik (id=E6DEC7592E44CF170C7F3483E992A521 pos=<4399.184570, 309.473724, 6173.571289>)
16:41:59.519 [Safezone] Player "JB9200" (id=b_yc4Onhw-D2uQBVhuw6XJrft-4R07aKo2PLIKDbPtE= pos=<4030.731934, 364.173584, 5744.159180>) Entered the safezone
16:41:59.734 [Safezone] Player "Blorpus9000" (id=3I2KPiMwtNrbRzLe964-q3OrI2Ligr9LBcsFxmVIl3Q= pos=<4026.384521, 364.668304, 5746.987793>) Entered the safezone
16:42:24.667 [VehicleEngine] Player Blorpus9000 [uid=3I2KPiMwtNrbRzLe964-q3OrI2Ligr9LBcsFxmVIl3Q=] stopped vehicle Vodnik (id=E6DEC7592E44CF170C7F3483E992A521 pos=<3755.480225, 403.295074, 5994.264648>)
16:42:28.257 [VehicleLeave] Player Blorpus9000 [uid=3I2KPiMwtNrbRzLe964-q3OrI2Ligr9LBcsFxmVIl3Q=] left vehicle Vodnik (id=E6DEC7592E44CF170C7F3483E992A521 pos=<3755.480225, 403.295074, 5994.264648>)
16:42:32.367 [VehicleLeave] Player JB9200 [uid=b_yc4Onhw-D2uQBVhuw6XJrft-4R07aKo2PLIKDbPtE=] left vehicle Vodnik (id=E6DEC7592E44CF170C7F3483E992A521 pos=<3755.480225, 403.295074, 5994.264648>)
16:42:42.210 [VehicleDeleted] ExpansionTractor (id=C1E2E0FFFF499AC142426D94195CE2C9 pos=<5820.070313, 247.048279, 11289.666016>)
16:42:42.210 [Expansion Quests] - CompleteQuest - Player with UID 3I2KPiMwtNrbRzLe964-q3OrI2Ligr9LBcsFxmVIl3Q= has completed quest 200
16:42:54.539 [Expansion Quests] - CompleteQuest - Player with UID b_yc4Onhw-D2uQBVhuw6XJrft-4R07aKo2PLIKDbPtE= has completed quest 504
16:43:10.339 [Party] Player "Blorpus9000" (id=3I2KPiMwtNrbRzLe964-q3OrI2Ligr9LBcsFxmVIl3Q=) left the party "Blorpus" (id=0 ownerUID=3I2KPiMwtNrbRzLe964-q3OrI2Ligr9LBcsFxmVIl3Q= ownerName=Blorpus9000)
16:43:12.269 [Party] Player "JB9200" (id=b_yc4Onhw-D2uQBVhuw6XJrft-4R07aKo2PLIKDbPtE=) left the party "Blorpus" (id=0 ownerUID=3I2KPiMwtNrbRzLe964-q3OrI2Ligr9LBcsFxmVIl3Q= ownerName=Blorpus9000)
