14:47:41.531 [Spatial AI] Spatial AI Date: 10/8/2023 R1
14:47:41.539 [Spatial AI] points Enabled
14:47:41.539 [Spatial AI] Trigger at point: <0.000000, 0.000000, 0.000000> - Radius: 50
14:47:41.539 [Spatial AI] Safe: false - Faction: East - Loadout: EastLoadout.json - counts: 0:4
14:47:41.539 [Spatial AI] Trigger at point: <0.000000, 0.000000, 0.000000> - Radius: 100
14:47:41.539 [Spatial AI] Safe: false - Faction: West - Loadout: WestLoadout.json - counts: 0:5
14:47:41.539 [Spatial AI] Trigger at point: <5807.000000, 320.000000, 7446.000000> - Radius: 30
14:47:41.539 [Spatial AI] Safe: false - Faction: West - Loadout: WestLoadout.json - counts: 2:3
14:47:41.539 [Spatial AI] Trigger at point: <0.000000, 0.000000, 0.000000> - Radius: 150
14:47:41.539 [Spatial AI] Safe: true - Faction: Civilian - Loadout: HumanLoadout.json - counts: 0:0
14:47:41.539 [Spatial AI] Locations Enabled
14:47:41.539 [Spatial AI] Trigger at location: <0.000000, 0.000000, 0.000000> - Radius: 50 - Spawn location: <0.000000, 0.000000, 0.000000>
14:47:41.539 [Spatial AI] Faction: East - Loadout: NBCLoadout.json - counts: 0:4
14:47:41.539 [Spatial AI] Trigger at location: <0.000000, 0.000000, 0.000000> - Radius: 50 - Spawn location: <0.000000, 0.000000, 0.000000>
14:47:41.539 [Spatial AI] Faction: East - Loadout: NBCLoadout.json - counts: 0:4
14:47:42.101 [Spatial AI] Spatial AI Enabled
14:47:42.101 [Spatial AI] Next valid check in: 1831547ms
14:48:58.140 [Safezone] Player "Blorpus9000" (id=3I2KPiMwtNrbRzLe964-q3OrI2Ligr9LBcsFxmVIl3Q= pos=<3701.609619, 402.012421, 5980.666992>) Entered the safezone
14:48:58.140 [Party] Player "Blorpus9000" (id=3I2KPiMwtNrbRzLe964-q3OrI2Ligr9LBcsFxmVIl3Q=) joinded the party "Blorpus" (id=0 ownerUID=3I2KPiMwtNrbRzLe964-q3OrI2Ligr9LBcsFxmVIl3Q= ownerName=Blorpus9000)
14:48:58.160 [Expansion Quests] - InitQuestSystemClient - Loaded existing player quest data for player with UID: 3I2KPiMwtNrbRzLe964-q3OrI2Ligr9LBcsFxmVIl3Q=
14:48:58.160 [Expansion Quests] - InitClientQuests_NormalQuests - Create new quest instance for quest: 8 - Creator UID: 3I2KPiMwtNrbRzLe964-q3OrI2Ligr9LBcsFxmVIl3Q=
14:48:58.160 [Expansion Quests] - InitClientQuests_NormalQuests - Create new quest instance for quest: 9 - Creator UID: 3I2KPiMwtNrbRzLe964-q3OrI2Ligr9LBcsFxmVIl3Q=
14:48:58.160 [Expansion Quests] - InitClientQuests_NormalQuests - Create new quest instance for quest: 11 - Creator UID: 3I2KPiMwtNrbRzLe964-q3OrI2Ligr9LBcsFxmVIl3Q=
14:48:58.160 [Expansion Quests] - InitClientQuests_NormalQuests - Create new quest instance for quest: 100 - Creator UID: 3I2KPiMwtNrbRzLe964-q3OrI2Ligr9LBcsFxmVIl3Q=
14:48:58.160 [Expansion Quests] - InitClientQuests_NormalQuests - Create new quest instance for quest: 101 - Creator UID: 3I2KPiMwtNrbRzLe964-q3OrI2Ligr9LBcsFxmVIl3Q=
14:48:58.160 [Expansion Quests] - InitClientQuests_NormalQuests - Create new quest instance for quest: 103 - Creator UID: 3I2KPiMwtNrbRzLe964-q3OrI2Ligr9LBcsFxmVIl3Q=
14:48:58.164 [Expansion Quests] - InitClientQuests_NormalQuests - Create new quest instance for quest: 104 - Creator UID: 3I2KPiMwtNrbRzLe964-q3OrI2Ligr9LBcsFxmVIl3Q=
14:48:58.164 [Expansion Quests] - InitClientQuests_NormalQuests - Create new quest instance for quest: 105 - Creator UID: 3I2KPiMwtNrbRzLe964-q3OrI2Ligr9LBcsFxmVIl3Q=
14:48:58.164 [Expansion Quests] - InitClientQuests_NormalQuests - Create new quest instance for quest: 106 - Creator UID: 3I2KPiMwtNrbRzLe964-q3OrI2Ligr9LBcsFxmVIl3Q=
14:48:58.164 [Expansion Quests] - InitClientQuests_NormalQuests - Create new quest instance for quest: 107 - Creator UID: 3I2KPiMwtNrbRzLe964-q3OrI2Ligr9LBcsFxmVIl3Q=
14:48:58.164 [Expansion Quests] - InitClientQuests_NormalQuests - Create new quest instance for quest: 108 - Creator UID: 3I2KPiMwtNrbRzLe964-q3OrI2Ligr9LBcsFxmVIl3Q=
14:48:58.164 [Expansion Quests] - InitClientQuests_NormalQuests - Create new quest instance for quest: 109 - Creator UID: 3I2KPiMwtNrbRzLe964-q3OrI2Ligr9LBcsFxmVIl3Q=
14:48:58.164 [Expansion Quests] - InitClientQuests_NormalQuests - Create new quest instance for quest: 110 - Creator UID: 3I2KPiMwtNrbRzLe964-q3OrI2Ligr9LBcsFxmVIl3Q=
14:48:58.164 [Expansion Quests] - InitClientQuests_NormalQuests - Create new quest instance for quest: 111 - Creator UID: 3I2KPiMwtNrbRzLe964-q3OrI2Ligr9LBcsFxmVIl3Q=
14:48:58.164 [Expansion Quests] - InitClientQuests_NormalQuests - Create new quest instance for quest: 112 - Creator UID: 3I2KPiMwtNrbRzLe964-q3OrI2Ligr9LBcsFxmVIl3Q=
14:48:58.164 [Expansion Quests] - InitClientQuests_NormalQuests - Create new quest instance for quest: 113 - Creator UID: 3I2KPiMwtNrbRzLe964-q3OrI2Ligr9LBcsFxmVIl3Q=
14:48:58.164 [Expansion Quests] - InitClientQuests_NormalQuests - Create new quest instance for quest: 114 - Creator UID: 3I2KPiMwtNrbRzLe964-q3OrI2Ligr9LBcsFxmVIl3Q=
14:48:58.164 [Expansion Quests] - InitClientQuests_NormalQuests - Create new quest instance for quest: 115 - Creator UID: 3I2KPiMwtNrbRzLe964-q3OrI2Ligr9LBcsFxmVIl3Q=
14:48:58.167 [Expansion Quests] - InitClientQuests_NormalQuests - Create new quest instance for quest: 116 - Creator UID: 3I2KPiMwtNrbRzLe964-q3OrI2Ligr9LBcsFxmVIl3Q=
14:48:58.167 [Expansion Quests] - InitClientQuests_NormalQuests - Create new quest instance for quest: 117 - Creator UID: 3I2KPiMwtNrbRzLe964-q3OrI2Ligr9LBcsFxmVIl3Q=
14:48:58.167 [Expansion Quests] - InitClientQuests_NormalQuests - Create new quest instance for quest: 118 - Creator UID: 3I2KPiMwtNrbRzLe964-q3OrI2Ligr9LBcsFxmVIl3Q=
14:48:58.167 [Expansion Quests] - InitClientQuests_NormalQuests - Create new quest instance for quest: 119 - Creator UID: 3I2KPiMwtNrbRzLe964-q3OrI2Ligr9LBcsFxmVIl3Q=
14:48:58.167 [Expansion Quests] - InitClientQuests_NormalQuests - Create new quest instance for quest: 120 - Creator UID: 3I2KPiMwtNrbRzLe964-q3OrI2Ligr9LBcsFxmVIl3Q=
14:48:58.167 [Expansion Quests] - InitClientQuests_NormalQuests - Create new quest instance for quest: 121 - Creator UID: 3I2KPiMwtNrbRzLe964-q3OrI2Ligr9LBcsFxmVIl3Q=
14:48:58.167 [Expansion Quests] - InitClientQuests_NormalQuests - Create new quest instance for quest: 122 - Creator UID: 3I2KPiMwtNrbRzLe964-q3OrI2Ligr9LBcsFxmVIl3Q=
14:48:58.167 [Expansion Quests] - InitClientQuests_NormalQuests - Create new quest instance for quest: 123 - Creator UID: 3I2KPiMwtNrbRzLe964-q3OrI2Ligr9LBcsFxmVIl3Q=
14:48:58.167 [Expansion Quests] - InitClientQuests_NormalQuests - Create new quest instance for quest: 124 - Creator UID: 3I2KPiMwtNrbRzLe964-q3OrI2Ligr9LBcsFxmVIl3Q=
14:48:59.593 [AI Patrol] Spawning 3 West bots at <4500.504395, 302.796844, 6009.260254>
14:49:00.093 [AI Patrol] Spawning 3 West bots at <4214.534668, 313.482147, 6465.568359>
14:49:44.519 [Market] Player "Blorpus9000" (id=3I2KPiMwtNrbRzLe964-q3OrI2Ligr9LBcsFxmVIl3Q=) has send a requested to sell scout_chernarus x1 at the trader "Weapons (Naomi [#STR_EXPANSION_MARKET_TRADER_WEAPONS])" in market zone "Green Mountain Trading Zone" (pos=<3728.270020, 403.000000, 6003.600098>).
14:49:44.613 [Market] Player "Blorpus9000" (id=3I2KPiMwtNrbRzLe964-q3OrI2Ligr9LBcsFxmVIl3Q=) has sold scout_chernarus x1 at the trader "Weapons (Naomi [#STR_EXPANSION_MARKET_TRADER_WEAPONS])" in market zone "Green Mountain Trading Zone" (pos=<3728.270020, 403.000000, 6003.600098>) and got 1992.
14:50:32.917 [Market] Player "Blorpus9000" (id=3I2KPiMwtNrbRzLe964-q3OrI2Ligr9LBcsFxmVIl3Q=) has send a requested to purchase honey x1 from the trader "Consumables (Quinn [#STR_EXPANSION_MARKET_TRADER_CONSUMABLES])" in market zone "Green Mountain Trading Zone" (pos=<3728.270020, 403.000000, 6003.600098>).
14:50:32.968 [Market] Player "Blorpus9000" (id=3I2KPiMwtNrbRzLe964-q3OrI2Ligr9LBcsFxmVIl3Q=) has bought honey x1 from the trader "Consumables (Quinn [#STR_EXPANSION_MARKET_TRADER_CONSUMABLES])" in market zone "Green Mountain Trading Zone" (pos=<3728.270020, 403.000000, 6003.600098>) for a price of 13.
14:51:51.343 [Market] Player "Blorpus9000" (id=3I2KPiMwtNrbRzLe964-q3OrI2Ligr9LBcsFxmVIl3Q=) has send a requested to purchase ushanka_black x1 from the trader "Clothing_Accessories (Maria [#STR_EXPANSION_MARKET_TRADER_CLOTHING_ACCESSORIES])" in market zone "Green Mountain Trading Zone" (pos=<3728.270020, 403.000000, 6003.600098>).
14:51:51.382 [Market] Player "Blorpus9000" (id=3I2KPiMwtNrbRzLe964-q3OrI2Ligr9LBcsFxmVIl3Q=) has bought ushanka_black x1 from the trader "Clothing_Accessories (Maria [#STR_EXPANSION_MARKET_TRADER_CLOTHING_ACCESSORIES])" in market zone "Green Mountain Trading Zone" (pos=<3728.270020, 403.000000, 6003.600098>) for a price of 50.
14:51:58.414 [Market] Player "Blorpus9000" (id=3I2KPiMwtNrbRzLe964-q3OrI2Ligr9LBcsFxmVIl3Q=) has send a requested to purchase pressvest_blue x1 from the trader "Clothing_Accessories (Maria [#STR_EXPANSION_MARKET_TRADER_CLOTHING_ACCESSORIES])" in market zone "Green Mountain Trading Zone" (pos=<3728.270020, 403.000000, 6003.600098>).
14:51:58.484 [Market] Player "Blorpus9000" (id=3I2KPiMwtNrbRzLe964-q3OrI2Ligr9LBcsFxmVIl3Q=) has bought pressvest_blue x1 from the trader "Clothing_Accessories (Maria [#STR_EXPANSION_MARKET_TRADER_CLOTHING_ACCESSORIES])" in market zone "Green Mountain Trading Zone" (pos=<3728.270020, 403.000000, 6003.600098>) for a price of 85.
14:52:03.750 [Market] Player "Blorpus9000" (id=3I2KPiMwtNrbRzLe964-q3OrI2Ligr9LBcsFxmVIl3Q=) has send a requested to purchase woolglovesfingerless_green x1 from the trader "Clothing_Accessories (Maria [#STR_EXPANSION_MARKET_TRADER_CLOTHING_ACCESSORIES])" in market zone "Green Mountain Trading Zone" (pos=<3728.270020, 403.000000, 6003.600098>).
14:52:03.792 [Market] Player "Blorpus9000" (id=3I2KPiMwtNrbRzLe964-q3OrI2Ligr9LBcsFxmVIl3Q=) has bought woolglovesfingerless_green x1 from the trader "Clothing_Accessories (Maria [#STR_EXPANSION_MARKET_TRADER_CLOTHING_ACCESSORIES])" in market zone "Green Mountain Trading Zone" (pos=<3728.270020, 403.000000, 6003.600098>) for a price of 35.
14:52:44.074 [VehicleEnter] Player Blorpus9000 [uid=3I2KPiMwtNrbRzLe964-q3OrI2Ligr9LBcsFxmVIl3Q=] entered vehicle Vodnik (id=091FFF29F44325714665AB966732EF06 pos=<3743.762207, 402.961548, 5992.564941>) as driver
14:52:48.023 [VehicleEngine] Player Blorpus9000 [uid=3I2KPiMwtNrbRzLe964-q3OrI2Ligr9LBcsFxmVIl3Q=] started vehicle Vodnik (id=091FFF29F44325714665AB966732EF06 pos=<3743.762207, 402.961548, 5992.564941>)
14:53:02.902 [VehicleEngine] Player Blorpus9000 [uid=3I2KPiMwtNrbRzLe964-q3OrI2Ligr9LBcsFxmVIl3Q=] stopped vehicle Vodnik (id=091FFF29F44325714665AB966732EF06 pos=<3777.942139, 404.238068, 5964.180176>)
14:53:04.539 [MissionAirdrop] An airdrop is heading towards "Myshkinko" (pos=<2036.000000, 0.000000, 7491.000000> type=Random_Myshkinko) with a ExpansionAirdropContainer
14:53:07.128 [VehicleLeave] Player Blorpus9000 [uid=3I2KPiMwtNrbRzLe964-q3OrI2Ligr9LBcsFxmVIl3Q=] left vehicle Vodnik (id=091FFF29F44325714665AB966732EF06 pos=<3777.942383, 404.238007, 5964.180176>)
14:54:01.613 [VehicleDeleted] ExpansionVodnik (id=ECEE909A6544CFD18CEC238845344A03 pos=<567.399841, 501.734314, 13655.599609>)
14:54:11.664 [VehicleDeleted] ExpansionVodnik (id=CAEE7FAF1546CA09F6BD94B7BC08E140 pos=<1159.029785, 151.017517, 6219.546387>)
14:54:45.675 [Safezone] Player "Blorpus9000" (id=3I2KPiMwtNrbRzLe964-q3OrI2Ligr9LBcsFxmVIl3Q= pos=<13081.792969, 114.675751, 13128.197266>) Left the safezone
14:58:25.070 [VehicleEnter] Player Blorpus9000 [uid=3I2KPiMwtNrbRzLe964-q3OrI2Ligr9LBcsFxmVIl3Q=] entered vehicle Ada 4x4 (id=9A9FC900E349F528AB5B3FA0BE1301F9 pos=<13078.680664, 114.888405, 13125.545898>) as driver
14:58:27.101 [VehicleLeave] Player Blorpus9000 [uid=3I2KPiMwtNrbRzLe964-q3OrI2Ligr9LBcsFxmVIl3Q=] left vehicle Ada 4x4 (id=9A9FC900E349F528AB5B3FA0BE1301F9 pos=<13078.680664, 114.888420, 13125.545898>)
14:59:32.363 [VehicleAttachments] Player Blorpus9000 (uid=3I2KPiMwtNrbRzLe964-q3OrI2Ligr9LBcsFxmVIl3Q=) detached Ada 4x4 Wheel (type=HatchbackWheel) from vehicle Ada 4x4(id=9A9FC900E349F528AB5B3FA0BE1301F9 pos=<13078.680664, 114.888412, 13125.545898>)
15:00:08.898 [VehicleEnter] Player Blorpus9000 [uid=3I2KPiMwtNrbRzLe964-q3OrI2Ligr9LBcsFxmVIl3Q=] entered vehicle Ada 4x4 (id=9A9FC900E349F528AB5B3FA0BE1301F9 pos=<13078.685547, 114.888229, 13125.542969>) as driver
15:00:18.753 [VehicleEngine] Player Blorpus9000 [uid=3I2KPiMwtNrbRzLe964-q3OrI2Ligr9LBcsFxmVIl3Q=] started vehicle Ada 4x4 (id=9A9FC900E349F528AB5B3FA0BE1301F9 pos=<13078.685547, 114.888237, 13125.542969>)
15:01:49.664 [VehicleEngine] Player Blorpus9000 [uid=3I2KPiMwtNrbRzLe964-q3OrI2Ligr9LBcsFxmVIl3Q=] stopped vehicle Ada 4x4 (id=9A9FC900E349F528AB5B3FA0BE1301F9 pos=<13661.141602, 28.742416, 13369.417969>)
15:01:53.324 [VehicleLeave] Player Blorpus9000 [uid=3I2KPiMwtNrbRzLe964-q3OrI2Ligr9LBcsFxmVIl3Q=] left vehicle Ada 4x4 (id=9A9FC900E349F528AB5B3FA0BE1301F9 pos=<13661.141602, 28.742428, 13369.417969>)
15:02:28.328 [VehicleEnter] Player Blorpus9000 [uid=3I2KPiMwtNrbRzLe964-q3OrI2Ligr9LBcsFxmVIl3Q=] entered vehicle Merlin (id=33E9572144457C72F5704394B6269116 pos=<13709.252930, 24.017427, 13398.906250>) as pilot
15:02:32.445 [VehicleEngine] Player Blorpus9000 [uid=3I2KPiMwtNrbRzLe964-q3OrI2Ligr9LBcsFxmVIl3Q=] started vehicle Merlin (id=33E9572144457C72F5704394B6269116 pos=<13709.252930, 24.017406, 13398.906250>)
15:05:26.265 [VehicleLeave] Player Blorpus9000 [uid=3I2KPiMwtNrbRzLe964-q3OrI2Ligr9LBcsFxmVIl3Q=] left vehicle Merlin (id=33E9572144457C72F5704394B6269116 pos=<13371.879883, 288.064423, 12698.297852>)
15:05:35.605 [VehicleEnter] Player Blorpus9000 [uid=3I2KPiMwtNrbRzLe964-q3OrI2Ligr9LBcsFxmVIl3Q=] entered vehicle Merlin (id=33E9572144457C72F5704394B6269116 pos=<13324.300781, 210.527740, 12671.525391>) as pilot
15:05:45.878 [VehicleLeave] Player Blorpus9000 [uid=3I2KPiMwtNrbRzLe964-q3OrI2Ligr9LBcsFxmVIl3Q=] left vehicle Merlin (id=33E9572144457C72F5704394B6269116 pos=<13227.394531, 126.558594, 12618.394531>)
15:06:42.765 [VehicleDeleted] ExpansionMerlin_Green (id=33E9572144457C72F5704394B6269116 pos=<13227.418945, 126.573502, 12618.441406>)
15:07:06.757 [VehicleEnter] Player Blorpus9000 [uid=3I2KPiMwtNrbRzLe964-q3OrI2Ligr9LBcsFxmVIl3Q=] entered vehicle Merlin (id=CFBF0FBDD341FEFA870AC9A6F20F52B0 pos=<13010.616211, 134.419418, 12478.270508>) as pilot
15:07:12.515 [VehicleLeave] Player Blorpus9000 [uid=3I2KPiMwtNrbRzLe964-q3OrI2Ligr9LBcsFxmVIl3Q=] left vehicle Merlin (id=CFBF0FBDD341FEFA870AC9A6F20F52B0 pos=<13010.576172, 134.393112, 12478.283203>)
15:08:51.480 [VehicleEnter] Player Blorpus9000 [uid=3I2KPiMwtNrbRzLe964-q3OrI2Ligr9LBcsFxmVIl3Q=] entered vehicle Merlin (id=CFBF0FBDD341FEFA870AC9A6F20F52B0 pos=<13010.573242, 134.344330, 12478.298828>) as pilot
15:08:56.421 [VehicleEngine] Player Blorpus9000 [uid=3I2KPiMwtNrbRzLe964-q3OrI2Ligr9LBcsFxmVIl3Q=] started vehicle Merlin (id=CFBF0FBDD341FEFA870AC9A6F20F52B0 pos=<13010.577148, 134.343765, 12478.298828>)
15:12:41.886 [Safezone] Player "Blorpus9000" (id=3I2KPiMwtNrbRzLe964-q3OrI2Ligr9LBcsFxmVIl3Q= pos=<12298.979492, 286.415070, 12647.933594>) Entered the safezone
15:13:54.347 [VehicleEngine] Player Blorpus9000 [uid=3I2KPiMwtNrbRzLe964-q3OrI2Ligr9LBcsFxmVIl3Q=] stopped vehicle Merlin (id=CFBF0FBDD341FEFA870AC9A6F20F52B0 pos=<12294.780273, 140.523438, 12646.651367>)
15:14:04.070 [VehicleLeave] Player Blorpus9000 [uid=3I2KPiMwtNrbRzLe964-q3OrI2Ligr9LBcsFxmVIl3Q=] left vehicle Merlin (id=CFBF0FBDD341FEFA870AC9A6F20F52B0 pos=<12294.771484, 139.949631, 12646.652344>)
15:14:16.515 [Party] Player "Blorpus9000" (id=3I2KPiMwtNrbRzLe964-q3OrI2Ligr9LBcsFxmVIl3Q=) left the party "Blorpus" (id=0 ownerUID=3I2KPiMwtNrbRzLe964-q3OrI2Ligr9LBcsFxmVIl3Q= ownerName=Blorpus9000)
