11:15:05.304 [Spatial Settings] Minimum Distance too low. setting to 120m
11:15:05.304 [Spatial Settings] Minimum Distance too low. setting to 120m
11:15:05.304 [Spatial AI] points Enabled
11:15:05.304 [Spatial AI] Trigger at location: <0.000000, 0.000000, 0.000000> - Radius: 50
11:15:05.304 [Spatial AI] Safe: false - Faction: East - Loadout: EastLoadout.json - counts: 0:4
11:15:05.304 [Spatial AI] Trigger at location: <0.000000, 0.000000, 0.000000> - Radius: 100
11:15:05.304 [Spatial AI] Safe: false - Faction: West - Loadout: WestLoadout.json - counts: 0:5
11:15:05.308 [Spatial AI] Trigger at location: <5807.000000, 320.000000, 7446.000000> - Radius: 25
11:15:05.308 [Spatial AI] Safe: false - Faction: West - Loadout: WestLoadout.json - counts: 2:3
11:15:05.308 [Spatial AI] Trigger at location: <0.000000, 0.000000, 0.000000> - Radius: 150
11:15:05.308 [Spatial AI] Safe: true - Faction: Civilian - Loadout: HumanLoadout.json - counts: 0:0
11:15:05.308 [Spatial AI] Locations Enabled
11:15:05.308 [Spatial AI] Trigger at location: <0.000000, 0.000000, 0.000000> - Radius: 50 - Spawn location: <0.000000, 0.000000, 0.000000>
11:15:05.308 [Spatial AI] Faction: East - Loadout: NBCLoadout.json - counts: 0:4
11:15:05.308 [Spatial AI] Trigger at location: <0.000000, 0.000000, 0.000000> - Radius: 50 - Spawn location: <0.000000, 0.000000, 0.000000>
11:15:05.308 [Spatial AI] Faction: East - Loadout: NBCLoadout.json - counts: 0:4
11:15:05.308 [Spatial AI] Spatial AI Enabled
11:15:05.308 [Spatial AI] Next valid check in: 2701102ms
11:16:07.906 [Expansion Quests] - InitQuestSystemClient - Loaded existing player quest data for player with UID: 3I2KPiMwtNrbRzLe964-q3OrI2Ligr9LBcsFxmVIl3Q=
11:16:07.906 [Expansion Quests] - InitClientQuests_NormalQuests - Create new quest instance for quest: 9 - Creator UID: 3I2KPiMwtNrbRzLe964-q3OrI2Ligr9LBcsFxmVIl3Q=
11:16:07.906 [Expansion Quests] - InitClientQuests_NormalQuests - Create new quest instance for quest: 11 - Creator UID: 3I2KPiMwtNrbRzLe964-q3OrI2Ligr9LBcsFxmVIl3Q=
11:16:07.906 [Expansion Quests] - InitClientQuests_NormalQuests - Create new quest instance for quest: 14 - Creator UID: 3I2KPiMwtNrbRzLe964-q3OrI2Ligr9LBcsFxmVIl3Q=
11:17:09.343 [Killfeed] Blorpus9000 got killed.
11:17:24.679 [Expansion Quests] - InitQuestSystemClient - Got cached player quest data for player with UID: 3I2KPiMwtNrbRzLe964-q3OrI2Ligr9LBcsFxmVIl3Q=
11:17:30.097 [SpawnSelection] Player "Blorpus9000" (id=3I2KPiMwtNrbRzLe964-q3OrI2Ligr9LBcsFxmVIl3Q=) spawned at <4269.422852, 1.289235, 2245.660889>
