11:52:48.078 [Spatial Settings] Minimum Distance too low. setting to 120m
11:52:48.078 [Spatial Settings] Minimum Distance too low. setting to 120m
11:52:48.078 [Spatial AI] points Enabled
11:52:48.078 [Spatial AI] Trigger at location: <0.000000, 0.000000, 0.000000> - Radius: 50
11:52:48.078 [Spatial AI] Safe: false - Faction: East - Loadout: EastLoadout.json - counts: 0:4
11:52:48.078 [Spatial AI] Trigger at location: <0.000000, 0.000000, 0.000000> - Radius: 100
11:52:48.082 [Spatial AI] Safe: false - Faction: West - Loadout: WestLoadout.json - counts: 0:5
11:52:48.082 [Spatial AI] Trigger at location: <5807.000000, 320.000000, 7446.000000> - Radius: 25
11:52:48.082 [Spatial AI] Safe: false - Faction: West - Loadout: WestLoadout.json - counts: 2:3
11:52:48.082 [Spatial AI] Trigger at location: <0.000000, 0.000000, 0.000000> - Radius: 150
11:52:48.082 [Spatial AI] Safe: true - Faction: Civilian - Loadout: HumanLoadout.json - counts: 0:0
11:52:48.082 [Spatial AI] Locations Enabled
11:52:48.082 [Spatial AI] Trigger at location: <0.000000, 0.000000, 0.000000> - Radius: 50 - Spawn location: <0.000000, 0.000000, 0.000000>
11:52:48.082 [Spatial AI] Faction: East - Loadout: NBCLoadout.json - counts: 0:4
11:52:48.082 [Spatial AI] Trigger at location: <0.000000, 0.000000, 0.000000> - Radius: 50 - Spawn location: <0.000000, 0.000000, 0.000000>
11:52:48.082 [Spatial AI] Faction: East - Loadout: NBCLoadout.json - counts: 0:4
11:52:48.082 [Spatial AI] Spatial AI Enabled
11:52:48.082 [Spatial AI] Next valid check in: 2916822ms
11:53:57.558 [Expansion Quests] - InitQuestSystemClient - Loaded existing player quest data for player with UID: 3I2KPiMwtNrbRzLe964-q3OrI2Ligr9LBcsFxmVIl3Q=
11:53:57.558 [Expansion Quests] - InitClientQuests_NormalQuests - Create new quest instance for quest: 9 - Creator UID: 3I2KPiMwtNrbRzLe964-q3OrI2Ligr9LBcsFxmVIl3Q=
11:53:57.558 [Expansion Quests] - InitClientQuests_NormalQuests - Create new quest instance for quest: 11 - Creator UID: 3I2KPiMwtNrbRzLe964-q3OrI2Ligr9LBcsFxmVIl3Q=
11:53:57.558 [Expansion Quests] - InitClientQuests_NormalQuests - Create new quest instance for quest: 14 - Creator UID: 3I2KPiMwtNrbRzLe964-q3OrI2Ligr9LBcsFxmVIl3Q=
11:54:05.316 [SpawnSelection] Player "Blorpus9000" (id=3I2KPiMwtNrbRzLe964-q3OrI2Ligr9LBcsFxmVIl3Q=) spawned at <14273.200195, 2.400000, 13053.299805>
