18:33:53.132 [Spatial Settings] Minimum Distance too low. setting to 120m
18:33:53.132 [Spatial Settings] Minimum Distance too low. setting to 120m
18:33:53.132 [Spatial AI] points Enabled
18:33:53.132 [Spatial AI] Trigger at location: <0.000000, 0.000000, 0.000000> - Radius: 50
18:33:53.140 [Spatial AI] Safe: false - Faction: East - Loadout: EastLoadout.json - counts: 0:4
18:33:53.140 [Spatial AI] Trigger at location: <0.000000, 0.000000, 0.000000> - Radius: 100
18:33:53.140 [Spatial AI] Safe: false - Faction: West - Loadout: WestLoadout.json - counts: 0:5
18:33:53.140 [Spatial AI] Trigger at location: <5807.000000, 320.000000, 7446.000000> - Radius: 25
18:33:53.140 [Spatial AI] Safe: false - Faction: West - Loadout: WestLoadout.json - counts: 2:3
18:33:53.140 [Spatial AI] Trigger at location: <0.000000, 0.000000, 0.000000> - Radius: 150
18:33:53.140 [Spatial AI] Safe: true - Faction: Civilian - Loadout: HumanLoadout.json - counts: 0:0
18:33:53.140 [Spatial AI] Locations Enabled
18:33:53.140 [Spatial AI] Trigger at location: <0.000000, 0.000000, 0.000000> - Radius: 50 - Spawn location: <0.000000, 0.000000, 0.000000>
18:33:53.140 [Spatial AI] Faction: East - Loadout: NBCLoadout.json - counts: 0:4
18:33:53.140 [Spatial AI] Trigger at location: <0.000000, 0.000000, 0.000000> - Radius: 50 - Spawn location: <0.000000, 0.000000, 0.000000>
18:33:53.140 [Spatial AI] Faction: East - Loadout: NBCLoadout.json - counts: 0:4
18:33:53.140 [Spatial AI] Spatial AI Enabled
18:33:53.140 [Spatial AI] Next valid check in: 2580492ms
18:34:57.492 [Expansion Quests] - InitQuestSystemClient - Loaded existing player quest data for player with UID: 3I2KPiMwtNrbRzLe964-q3OrI2Ligr9LBcsFxmVIl3Q=
18:34:57.492 [Expansion Quests] - InitClientQuests_NormalQuests - Create new quest instance for quest: 9 - Creator UID: 3I2KPiMwtNrbRzLe964-q3OrI2Ligr9LBcsFxmVIl3Q=
18:34:57.492 [Expansion Quests] - InitClientQuests_NormalQuests - Create new quest instance for quest: 11 - Creator UID: 3I2KPiMwtNrbRzLe964-q3OrI2Ligr9LBcsFxmVIl3Q=
18:34:57.492 [Expansion Quests] - InitClientQuests_NormalQuests - Create new quest instance for quest: 14 - Creator UID: 3I2KPiMwtNrbRzLe964-q3OrI2Ligr9LBcsFxmVIl3Q=
18:35:09.523 [SpawnSelection] Player "Blorpus9000" (id=3I2KPiMwtNrbRzLe964-q3OrI2Ligr9LBcsFxmVIl3Q=) spawned at <10490.914063, 1.846902, 1950.148438>
