19:17:50.828 [Spatial AI] Spatial AI Date: 10/8/2023 R1
19:17:50.828 [Spatial AI] points Enabled
19:17:50.828 [Spatial AI] Trigger at point: <0.000000, 0.000000, 0.000000> - Radius: 50
19:17:50.828 [Spatial AI] Safe: false - Faction: East - Loadout: EastLoadout.json - counts: 0:4
19:17:50.828 [Spatial AI] Trigger at point: <0.000000, 0.000000, 0.000000> - Radius: 100
19:17:50.828 [Spatial AI] Safe: false - Faction: West - Loadout: WestLoadout.json - counts: 0:5
19:17:50.828 [Spatial AI] Trigger at point: <5807.000000, 320.000000, 7446.000000> - Radius: 30
19:17:50.828 [Spatial AI] Safe: false - Faction: West - Loadout: WestLoadout.json - counts: 2:3
19:17:50.828 [Spatial AI] Trigger at point: <0.000000, 0.000000, 0.000000> - Radius: 150
19:17:50.828 [Spatial AI] Safe: true - Faction: Civilian - Loadout: HumanLoadout.json - counts: 0:0
19:17:50.828 [Spatial AI] Locations Enabled
19:17:50.835 [Spatial AI] Trigger at location: <0.000000, 0.000000, 0.000000> - Radius: 50 - Spawn location: <0.000000, 0.000000, 0.000000>
19:17:50.835 [Spatial AI] Faction: East - Loadout: NBCLoadout.json - counts: 0:4
19:17:50.835 [Spatial AI] Trigger at location: <0.000000, 0.000000, 0.000000> - Radius: 50 - Spawn location: <0.000000, 0.000000, 0.000000>
19:17:50.835 [Spatial AI] Faction: East - Loadout: NBCLoadout.json - counts: 0:4
19:17:51.359 [Spatial AI] Spatial AI Enabled
19:17:51.359 [Spatial AI] Next valid check in: 2071484ms
19:21:10.781 [Party] Player "Blorpus9000" (id=3I2KPiMwtNrbRzLe964-q3OrI2Ligr9LBcsFxmVIl3Q=) joinded the party "Blorpus" (id=0 ownerUID=3I2KPiMwtNrbRzLe964-q3OrI2Ligr9LBcsFxmVIl3Q= ownerName=Blorpus9000)
19:21:10.796 [Expansion Quests] - InitQuestSystemClient - Loaded existing player quest data for player with UID: 3I2KPiMwtNrbRzLe964-q3OrI2Ligr9LBcsFxmVIl3Q=
19:21:10.796 [Expansion Quests] - InitClientQuests_NormalQuests - Create new quest instance for quest: 8 - Creator UID: 3I2KPiMwtNrbRzLe964-q3OrI2Ligr9LBcsFxmVIl3Q=
19:21:10.796 [Expansion Quests] - InitClientQuests_NormalQuests - Create new quest instance for quest: 11 - Creator UID: 3I2KPiMwtNrbRzLe964-q3OrI2Ligr9LBcsFxmVIl3Q=
19:21:10.796 [Expansion Quests] - InitClientQuests_NormalQuests - Create new quest instance for quest: 100 - Creator UID: 3I2KPiMwtNrbRzLe964-q3OrI2Ligr9LBcsFxmVIl3Q=
19:21:10.796 [Expansion Quests] - InitClientQuests_NormalQuests - Create new quest instance for quest: 101 - Creator UID: 3I2KPiMwtNrbRzLe964-q3OrI2Ligr9LBcsFxmVIl3Q=
19:21:10.796 [Expansion Quests] - InitClientQuests_NormalQuests - Create new quest instance for quest: 103 - Creator UID: 3I2KPiMwtNrbRzLe964-q3OrI2Ligr9LBcsFxmVIl3Q=
19:21:10.796 [Expansion Quests] - InitClientQuests_NormalQuests - Create new quest instance for quest: 104 - Creator UID: 3I2KPiMwtNrbRzLe964-q3OrI2Ligr9LBcsFxmVIl3Q=
19:21:10.796 [Expansion Quests] - InitClientQuests_NormalQuests - Create new quest instance for quest: 105 - Creator UID: 3I2KPiMwtNrbRzLe964-q3OrI2Ligr9LBcsFxmVIl3Q=
19:21:10.796 [Expansion Quests] - InitClientQuests_NormalQuests - Create new quest instance for quest: 106 - Creator UID: 3I2KPiMwtNrbRzLe964-q3OrI2Ligr9LBcsFxmVIl3Q=
19:21:10.796 [Expansion Quests] - InitClientQuests_NormalQuests - Create new quest instance for quest: 107 - Creator UID: 3I2KPiMwtNrbRzLe964-q3OrI2Ligr9LBcsFxmVIl3Q=
19:21:10.796 [Expansion Quests] - InitClientQuests_NormalQuests - Create new quest instance for quest: 108 - Creator UID: 3I2KPiMwtNrbRzLe964-q3OrI2Ligr9LBcsFxmVIl3Q=
19:21:10.796 [Expansion Quests] - InitClientQuests_NormalQuests - Create new quest instance for quest: 109 - Creator UID: 3I2KPiMwtNrbRzLe964-q3OrI2Ligr9LBcsFxmVIl3Q=
19:21:10.796 [Expansion Quests] - InitClientQuests_NormalQuests - Create new quest instance for quest: 110 - Creator UID: 3I2KPiMwtNrbRzLe964-q3OrI2Ligr9LBcsFxmVIl3Q=
19:21:10.796 [Expansion Quests] - InitClientQuests_NormalQuests - Create new quest instance for quest: 111 - Creator UID: 3I2KPiMwtNrbRzLe964-q3OrI2Ligr9LBcsFxmVIl3Q=
19:21:10.796 [Expansion Quests] - InitClientQuests_NormalQuests - Create new quest instance for quest: 112 - Creator UID: 3I2KPiMwtNrbRzLe964-q3OrI2Ligr9LBcsFxmVIl3Q=
19:21:10.796 [Expansion Quests] - InitClientQuests_NormalQuests - Create new quest instance for quest: 113 - Creator UID: 3I2KPiMwtNrbRzLe964-q3OrI2Ligr9LBcsFxmVIl3Q=
19:21:10.796 [Expansion Quests] - InitClientQuests_NormalQuests - Create new quest instance for quest: 114 - Creator UID: 3I2KPiMwtNrbRzLe964-q3OrI2Ligr9LBcsFxmVIl3Q=
19:21:10.796 [Expansion Quests] - InitClientQuests_NormalQuests - Create new quest instance for quest: 115 - Creator UID: 3I2KPiMwtNrbRzLe964-q3OrI2Ligr9LBcsFxmVIl3Q=
19:21:10.796 [Expansion Quests] - InitClientQuests_NormalQuests - Create new quest instance for quest: 116 - Creator UID: 3I2KPiMwtNrbRzLe964-q3OrI2Ligr9LBcsFxmVIl3Q=
19:21:10.796 [Expansion Quests] - InitClientQuests_NormalQuests - Create new quest instance for quest: 117 - Creator UID: 3I2KPiMwtNrbRzLe964-q3OrI2Ligr9LBcsFxmVIl3Q=
19:21:10.804 [Expansion Quests] - InitClientQuests_NormalQuests - Create new quest instance for quest: 118 - Creator UID: 3I2KPiMwtNrbRzLe964-q3OrI2Ligr9LBcsFxmVIl3Q=
19:21:10.804 [Expansion Quests] - InitClientQuests_NormalQuests - Create new quest instance for quest: 119 - Creator UID: 3I2KPiMwtNrbRzLe964-q3OrI2Ligr9LBcsFxmVIl3Q=
19:21:10.804 [Expansion Quests] - InitClientQuests_NormalQuests - Create new quest instance for quest: 120 - Creator UID: 3I2KPiMwtNrbRzLe964-q3OrI2Ligr9LBcsFxmVIl3Q=
19:21:10.804 [Expansion Quests] - InitClientQuests_NormalQuests - Create new quest instance for quest: 121 - Creator UID: 3I2KPiMwtNrbRzLe964-q3OrI2Ligr9LBcsFxmVIl3Q=
19:21:10.804 [Expansion Quests] - InitClientQuests_NormalQuests - Create new quest instance for quest: 122 - Creator UID: 3I2KPiMwtNrbRzLe964-q3OrI2Ligr9LBcsFxmVIl3Q=
19:21:10.804 [Expansion Quests] - InitClientQuests_NormalQuests - Create new quest instance for quest: 123 - Creator UID: 3I2KPiMwtNrbRzLe964-q3OrI2Ligr9LBcsFxmVIl3Q=
19:21:10.804 [Expansion Quests] - InitClientQuests_NormalQuests - Create new quest instance for quest: 124 - Creator UID: 3I2KPiMwtNrbRzLe964-q3OrI2Ligr9LBcsFxmVIl3Q=
19:21:18.773 [SpawnSelection] Player "Blorpus9000" (id=3I2KPiMwtNrbRzLe964-q3OrI2Ligr9LBcsFxmVIl3Q=) spawned at <13383.000000, 2.755160, 6815.890137>
19:22:30.195 [Safezone] Player "Blorpus9000" (id=3I2KPiMwtNrbRzLe964-q3OrI2Ligr9LBcsFxmVIl3Q= pos=<3697.970703, 402.000000, 5965.517090>) Entered the safezone
19:22:30.890 [AI Patrol] Spawning 3 West bots at <4485.635254, 316.214081, 5716.133789>
19:22:31.210 [AI Patrol] Spawning 3 West bots at <4233.518066, 333.016785, 5939.109375>
19:22:45.359 [Party] Player "Blorpus9000" (id=3I2KPiMwtNrbRzLe964-q3OrI2Ligr9LBcsFxmVIl3Q=) left the party "Blorpus" (id=0 ownerUID=3I2KPiMwtNrbRzLe964-q3OrI2Ligr9LBcsFxmVIl3Q= ownerName=Blorpus9000)
19:23:10.835 [MissionAirdrop] An airdrop is heading towards "Novy Sobor" (pos=<7436.000000, 0.000000, 7720.000000> type=Random_Novy Sobor) with a ExpansionAirdropContainer_Military
