16:07:45.371 [Spatial Settings] Minimum Distance too low. setting to 120m
16:07:45.371 [Spatial Settings] Minimum Distance too low. setting to 120m
16:07:45.371 [Spatial AI] points Enabled
16:07:45.371 [Spatial AI] Trigger at location: <0.000000, 0.000000, 0.000000> - Radius: 50
16:07:45.375 [Spatial AI] Safe: false - Faction: East - Loadout: EastLoadout.json - counts: 0:4
16:07:45.375 [Spatial AI] Trigger at location: <0.000000, 0.000000, 0.000000> - Radius: 100
16:07:45.375 [Spatial AI] Safe: false - Faction: West - Loadout: WestLoadout.json - counts: 0:5
16:07:45.375 [Spatial AI] Trigger at location: <5807.000000, 320.000000, 7446.000000> - Radius: 25
16:07:45.375 [Spatial AI] Safe: false - Faction: West - Loadout: WestLoadout.json - counts: 2:3
16:07:45.375 [Spatial AI] Trigger at location: <0.000000, 0.000000, 0.000000> - Radius: 150
16:07:45.375 [Spatial AI] Safe: true - Faction: Civilian - Loadout: HumanLoadout.json - counts: 0:0
16:07:45.375 [Spatial AI] Locations Enabled
16:07:45.375 [Spatial AI] Trigger at location: <0.000000, 0.000000, 0.000000> - Radius: 50 - Spawn location: <0.000000, 0.000000, 0.000000>
16:07:45.375 [Spatial AI] Faction: East - Loadout: NBCLoadout.json - counts: 0:4
16:07:45.375 [Spatial AI] Trigger at location: <0.000000, 0.000000, 0.000000> - Radius: 50 - Spawn location: <0.000000, 0.000000, 0.000000>
16:07:45.375 [Spatial AI] Faction: East - Loadout: NBCLoadout.json - counts: 0:4
16:07:45.378 [Spatial AI] Spatial AI Enabled
16:07:45.378 [Spatial AI] Next valid check in: 2664723ms
16:10:19.304 [Expansion Quests] - InitQuestSystemClient - Loaded existing player quest data for player with UID: 3I2KPiMwtNrbRzLe964-q3OrI2Ligr9LBcsFxmVIl3Q=
16:10:19.304 [Expansion Quests] - InitClientQuests_NormalQuests - Create new quest instance for quest: 9 - Creator UID: 3I2KPiMwtNrbRzLe964-q3OrI2Ligr9LBcsFxmVIl3Q=
16:10:19.304 [Expansion Quests] - InitClientQuests_NormalQuests - Create new quest instance for quest: 11 - Creator UID: 3I2KPiMwtNrbRzLe964-q3OrI2Ligr9LBcsFxmVIl3Q=
16:10:19.304 [Expansion Quests] - InitClientQuests_NormalQuests - Create new quest instance for quest: 14 - Creator UID: 3I2KPiMwtNrbRzLe964-q3OrI2Ligr9LBcsFxmVIl3Q=
16:11:19.687 [Killfeed] Blorpus9000 got killed.
16:11:35.304 [Expansion Quests] - InitQuestSystemClient - Got cached player quest data for player with UID: 3I2KPiMwtNrbRzLe964-q3OrI2Ligr9LBcsFxmVIl3Q=
16:11:39.714 [SpawnSelection] Player "Blorpus9000" (id=3I2KPiMwtNrbRzLe964-q3OrI2Ligr9LBcsFxmVIl3Q=) spawned at <3887.559082, 1.595509, 2207.158936>
