14:25:25.656 [Spatial AI] Spatial AI Date: 10/8/2023 R1
14:25:25.664 [Spatial AI] points Enabled
14:25:25.664 [Spatial AI] Trigger at point: <0.000000, 0.000000, 0.000000> - Radius: 50
14:25:25.664 [Spatial AI] Safe: false - Faction: East - Loadout: EastLoadout.json - counts: 0:4
14:25:25.664 [Spatial AI] Trigger at point: <0.000000, 0.000000, 0.000000> - Radius: 100
14:25:25.664 [Spatial AI] Safe: false - Faction: West - Loadout: WestLoadout.json - counts: 0:5
14:25:25.664 [Spatial AI] Trigger at point: <5807.000000, 320.000000, 7446.000000> - Radius: 30
14:25:25.664 [Spatial AI] Safe: false - Faction: West - Loadout: WestLoadout.json - counts: 2:3
14:25:25.664 [Spatial AI] Trigger at point: <0.000000, 0.000000, 0.000000> - Radius: 150
14:25:25.664 [Spatial AI] Safe: true - Faction: Civilian - Loadout: HumanLoadout.json - counts: 0:0
14:25:25.667 [Spatial AI] Locations Enabled
14:25:25.667 [Spatial AI] Trigger at location: <0.000000, 0.000000, 0.000000> - Radius: 50 - Spawn location: <0.000000, 0.000000, 0.000000>
14:25:25.667 [Spatial AI] Faction: East - Loadout: NBCLoadout.json - counts: 0:4
14:25:25.667 [Spatial AI] Trigger at location: <0.000000, 0.000000, 0.000000> - Radius: 50 - Spawn location: <0.000000, 0.000000, 0.000000>
14:25:25.667 [Spatial AI] Faction: East - Loadout: NBCLoadout.json - counts: 0:4
14:25:26.242 [Spatial AI] Spatial AI Enabled
14:25:26.242 [Spatial AI] Next valid check in: 1835124ms
14:29:13.964 [Spatial AI] Spatial AI Date: 10/8/2023 R1
14:29:13.964 [Spatial AI] points Enabled
14:29:13.964 [Spatial AI] Trigger at point: <0.000000, 0.000000, 0.000000> - Radius: 50
14:29:13.964 [Spatial AI] Safe: false - Faction: East - Loadout: EastLoadout.json - counts: 0:4
14:29:13.964 [Spatial AI] Trigger at point: <0.000000, 0.000000, 0.000000> - Radius: 100
14:29:13.964 [Spatial AI] Safe: false - Faction: West - Loadout: WestLoadout.json - counts: 0:5
14:29:13.964 [Spatial AI] Trigger at point: <5807.000000, 320.000000, 7446.000000> - Radius: 30
14:29:13.964 [Spatial AI] Safe: false - Faction: West - Loadout: WestLoadout.json - counts: 2:3
14:29:13.964 [Spatial AI] Trigger at point: <0.000000, 0.000000, 0.000000> - Radius: 150
14:29:13.968 [Spatial AI] Safe: true - Faction: Civilian - Loadout: HumanLoadout.json - counts: 0:0
14:29:13.968 [Spatial AI] Locations Enabled
14:29:13.968 [Spatial AI] Trigger at location: <0.000000, 0.000000, 0.000000> - Radius: 50 - Spawn location: <0.000000, 0.000000, 0.000000>
14:29:13.968 [Spatial AI] Faction: East - Loadout: NBCLoadout.json - counts: 0:4
14:29:13.968 [Spatial AI] Trigger at location: <0.000000, 0.000000, 0.000000> - Radius: 50 - Spawn location: <0.000000, 0.000000, 0.000000>
14:29:13.968 [Spatial AI] Faction: East - Loadout: NBCLoadout.json - counts: 0:4
