19:14:12.625 [Spatial AI] Spatial AI Date: 10/8/2023 R1
19:14:12.632 [Spatial AI] points Enabled
19:14:12.632 [Spatial AI] Trigger at point: <0.000000, 0.000000, 0.000000> - Radius: 50
19:14:12.632 [Spatial AI] Safe: false - Faction: East - Loadout: EastLoadout.json - counts: 0:4
19:14:12.632 [Spatial AI] Trigger at point: <0.000000, 0.000000, 0.000000> - Radius: 100
19:14:12.632 [Spatial AI] Safe: false - Faction: West - Loadout: WestLoadout.json - counts: 0:5
19:14:12.632 [Spatial AI] Trigger at point: <5807.000000, 320.000000, 7446.000000> - Radius: 30
19:14:12.632 [Spatial AI] Safe: false - Faction: West - Loadout: WestLoadout.json - counts: 2:3
19:14:12.632 [Spatial AI] Trigger at point: <0.000000, 0.000000, 0.000000> - Radius: 150
19:14:12.632 [Spatial AI] Safe: true - Faction: Civilian - Loadout: HumanLoadout.json - counts: 0:0
19:14:12.632 [Spatial AI] Locations Enabled
19:14:12.632 [Spatial AI] Trigger at location: <0.000000, 0.000000, 0.000000> - Radius: 50 - Spawn location: <0.000000, 0.000000, 0.000000>
19:14:12.632 [Spatial AI] Faction: East - Loadout: NBCLoadout.json - counts: 0:4
19:14:12.632 [Spatial AI] Trigger at location: <0.000000, 0.000000, 0.000000> - Radius: 50 - Spawn location: <0.000000, 0.000000, 0.000000>
19:14:12.632 [Spatial AI] Faction: East - Loadout: NBCLoadout.json - counts: 0:4
19:14:13.210 [Spatial AI] Spatial AI Enabled
19:14:13.210 [Spatial AI] Next valid check in: 1934932ms
19:16:09.929 [Safezone] Player "Blorpus9000" (id=3I2KPiMwtNrbRzLe964-q3OrI2Ligr9LBcsFxmVIl3Q= pos=<3703.009766, 402.012451, 5986.500977>) Entered the safezone
19:16:09.929 [Party] Player "Blorpus9000" (id=3I2KPiMwtNrbRzLe964-q3OrI2Ligr9LBcsFxmVIl3Q=) joinded the party "Blorpus" (id=0 ownerUID=3I2KPiMwtNrbRzLe964-q3OrI2Ligr9LBcsFxmVIl3Q= ownerName=Blorpus9000)
19:16:09.953 [Expansion Quests] - InitQuestSystemClient - Loaded existing player quest data for player with UID: 3I2KPiMwtNrbRzLe964-q3OrI2Ligr9LBcsFxmVIl3Q=
19:16:09.953 [Expansion Quests] - InitClientQuests_NormalQuests - Create new quest instance for quest: 9 - Creator UID: 3I2KPiMwtNrbRzLe964-q3OrI2Ligr9LBcsFxmVIl3Q=
19:16:09.953 [Expansion Quests] - InitClientQuests_NormalQuests - Create new quest instance for quest: 11 - Creator UID: 3I2KPiMwtNrbRzLe964-q3OrI2Ligr9LBcsFxmVIl3Q=
19:16:09.953 [Expansion Quests] - InitClientQuests_NormalQuests - Create new quest instance for quest: 14 - Creator UID: 3I2KPiMwtNrbRzLe964-q3OrI2Ligr9LBcsFxmVIl3Q=
19:16:09.960 [Expansion Quests] - CompleteQuest - Player with UID 3I2KPiMwtNrbRzLe964-q3OrI2Ligr9LBcsFxmVIl3Q= has completed quest 14
19:16:09.960 [Expansion Quests] - InitClientQuests_NormalQuests - Create new quest instance for quest: 100 - Creator UID: 3I2KPiMwtNrbRzLe964-q3OrI2Ligr9LBcsFxmVIl3Q=
19:16:09.960 [Expansion Quests] - InitClientQuests_NormalQuests - Create new quest instance for quest: 101 - Creator UID: 3I2KPiMwtNrbRzLe964-q3OrI2Ligr9LBcsFxmVIl3Q=
19:16:09.960 [Expansion Quests] - InitClientQuests_NormalQuests - Create new quest instance for quest: 103 - Creator UID: 3I2KPiMwtNrbRzLe964-q3OrI2Ligr9LBcsFxmVIl3Q=
19:16:09.960 [Expansion Quests] - InitClientQuests_NormalQuests - Create new quest instance for quest: 104 - Creator UID: 3I2KPiMwtNrbRzLe964-q3OrI2Ligr9LBcsFxmVIl3Q=
19:16:09.960 [Expansion Quests] - InitClientQuests_NormalQuests - Create new quest instance for quest: 105 - Creator UID: 3I2KPiMwtNrbRzLe964-q3OrI2Ligr9LBcsFxmVIl3Q=
19:16:09.960 [Expansion Quests] - InitClientQuests_NormalQuests - Create new quest instance for quest: 106 - Creator UID: 3I2KPiMwtNrbRzLe964-q3OrI2Ligr9LBcsFxmVIl3Q=
19:16:09.960 [Expansion Quests] - InitClientQuests_NormalQuests - Create new quest instance for quest: 107 - Creator UID: 3I2KPiMwtNrbRzLe964-q3OrI2Ligr9LBcsFxmVIl3Q=
19:16:09.960 [Expansion Quests] - InitClientQuests_NormalQuests - Create new quest instance for quest: 108 - Creator UID: 3I2KPiMwtNrbRzLe964-q3OrI2Ligr9LBcsFxmVIl3Q=
19:16:09.960 [Expansion Quests] - InitClientQuests_NormalQuests - Create new quest instance for quest: 109 - Creator UID: 3I2KPiMwtNrbRzLe964-q3OrI2Ligr9LBcsFxmVIl3Q=
19:16:09.960 [Expansion Quests] - InitClientQuests_NormalQuests - Create new quest instance for quest: 110 - Creator UID: 3I2KPiMwtNrbRzLe964-q3OrI2Ligr9LBcsFxmVIl3Q=
19:16:09.960 [Expansion Quests] - InitClientQuests_NormalQuests - Create new quest instance for quest: 111 - Creator UID: 3I2KPiMwtNrbRzLe964-q3OrI2Ligr9LBcsFxmVIl3Q=
19:16:09.968 [Expansion Quests] - InitClientQuests_NormalQuests - Create new quest instance for quest: 112 - Creator UID: 3I2KPiMwtNrbRzLe964-q3OrI2Ligr9LBcsFxmVIl3Q=
19:16:09.968 [Expansion Quests] - InitClientQuests_NormalQuests - Create new quest instance for quest: 113 - Creator UID: 3I2KPiMwtNrbRzLe964-q3OrI2Ligr9LBcsFxmVIl3Q=
19:16:09.968 [Expansion Quests] - InitClientQuests_NormalQuests - Create new quest instance for quest: 114 - Creator UID: 3I2KPiMwtNrbRzLe964-q3OrI2Ligr9LBcsFxmVIl3Q=
19:16:09.968 [Expansion Quests] - InitClientQuests_NormalQuests - Create new quest instance for quest: 115 - Creator UID: 3I2KPiMwtNrbRzLe964-q3OrI2Ligr9LBcsFxmVIl3Q=
19:16:09.968 [Expansion Quests] - InitClientQuests_NormalQuests - Create new quest instance for quest: 116 - Creator UID: 3I2KPiMwtNrbRzLe964-q3OrI2Ligr9LBcsFxmVIl3Q=
19:16:09.968 [Expansion Quests] - InitClientQuests_NormalQuests - Create new quest instance for quest: 117 - Creator UID: 3I2KPiMwtNrbRzLe964-q3OrI2Ligr9LBcsFxmVIl3Q=
19:16:09.968 [Expansion Quests] - InitClientQuests_NormalQuests - Create new quest instance for quest: 118 - Creator UID: 3I2KPiMwtNrbRzLe964-q3OrI2Ligr9LBcsFxmVIl3Q=
19:16:09.968 [Expansion Quests] - InitClientQuests_NormalQuests - Create new quest instance for quest: 119 - Creator UID: 3I2KPiMwtNrbRzLe964-q3OrI2Ligr9LBcsFxmVIl3Q=
19:16:09.968 [Expansion Quests] - InitClientQuests_NormalQuests - Create new quest instance for quest: 120 - Creator UID: 3I2KPiMwtNrbRzLe964-q3OrI2Ligr9LBcsFxmVIl3Q=
19:16:09.968 [Expansion Quests] - InitClientQuests_NormalQuests - Create new quest instance for quest: 121 - Creator UID: 3I2KPiMwtNrbRzLe964-q3OrI2Ligr9LBcsFxmVIl3Q=
19:16:09.968 [Expansion Quests] - InitClientQuests_NormalQuests - Create new quest instance for quest: 122 - Creator UID: 3I2KPiMwtNrbRzLe964-q3OrI2Ligr9LBcsFxmVIl3Q=
19:16:09.968 [Expansion Quests] - InitClientQuests_NormalQuests - Create new quest instance for quest: 123 - Creator UID: 3I2KPiMwtNrbRzLe964-q3OrI2Ligr9LBcsFxmVIl3Q=
19:16:09.968 [Expansion Quests] - InitClientQuests_NormalQuests - Create new quest instance for quest: 124 - Creator UID: 3I2KPiMwtNrbRzLe964-q3OrI2Ligr9LBcsFxmVIl3Q=
19:16:14.101 [AI Patrol] Spawning 3 West bots at <4200.191406, 315.792786, 6446.647949>
19:16:14.375 [AI Patrol] Spawning 3 West bots at <4525.734863, 294.499420, 6174.760254>
19:16:42.085 [Party] Player "Blorpus9000" (id=3I2KPiMwtNrbRzLe964-q3OrI2Ligr9LBcsFxmVIl3Q=) left the party "Blorpus" (id=0 ownerUID=3I2KPiMwtNrbRzLe964-q3OrI2Ligr9LBcsFxmVIl3Q= ownerName=Blorpus9000)
